Model_1_goa_dr_2022.dat 1 2022 Cabc 4.6223
Model_1_goa_dr_2022.dat 1 2022 Cofl 4.9419
Model_1_goa_dr_2022.dat 1 2022 CLCI 2.64385
Model_1_goa_dr_2022.dat 1 2022 CUCI 2.64385
Model_1_goa_dr_2022.dat 1 2022 CMedian 2.64385
Model_1_goa_dr_2022.dat 1 2022 CMean 2.64385
Model_1_goa_dr_2022.dat 1 2023 Cabc 4.6223
Model_1_goa_dr_2022.dat 1 2023 Cofl 4.9419
Model_1_goa_dr_2022.dat 1 2023 CLCI 4.78731
Model_1_goa_dr_2022.dat 1 2023 CUCI 4.78731
Model_1_goa_dr_2022.dat 1 2023 CMedian 4.78731
Model_1_goa_dr_2022.dat 1 2023 CMean 4.78731
Model_1_goa_dr_2022.dat 1 2024 Cabc 4.6223
Model_1_goa_dr_2022.dat 1 2024 Cofl 4.9419
Model_1_goa_dr_2022.dat 1 2024 CLCI 4.39123
Model_1_goa_dr_2022.dat 1 2024 CUCI 4.39123
Model_1_goa_dr_2022.dat 1 2024 CMedian 4.39123
Model_1_goa_dr_2022.dat 1 2024 CMean 4.39123
Model_1_goa_dr_2022.dat 1 2025 Cabc 4.6223
Model_1_goa_dr_2022.dat 1 2025 Cofl 4.9419
Model_1_goa_dr_2022.dat 1 2025 CLCI 7.10108
Model_1_goa_dr_2022.dat 1 2025 CUCI 7.10596
Model_1_goa_dr_2022.dat 1 2025 CMedian 7.10247
Model_1_goa_dr_2022.dat 1 2025 CMean 7.10285
Model_1_goa_dr_2022.dat 1 2026 Cabc 4.6223
Model_1_goa_dr_2022.dat 1 2026 Cofl 4.9419
Model_1_goa_dr_2022.dat 1 2026 CLCI 6.41102
Model_1_goa_dr_2022.dat 1 2026 CUCI 6.43013
Model_1_goa_dr_2022.dat 1 2026 CMedian 6.41659
Model_1_goa_dr_2022.dat 1 2026 CMean 6.41807
Model_1_goa_dr_2022.dat 1 2027 Cabc 4.6223
Model_1_goa_dr_2022.dat 1 2027 Cofl 4.9419
Model_1_goa_dr_2022.dat 1 2027 CLCI 5.76474
Model_1_goa_dr_2022.dat 1 2027 CUCI 5.83394
Model_1_goa_dr_2022.dat 1 2027 CMedian 5.78507
Model_1_goa_dr_2022.dat 1 2027 CMean 5.79042
Model_1_goa_dr_2022.dat 1 2028 Cabc 4.6223
Model_1_goa_dr_2022.dat 1 2028 Cofl 4.9419
Model_1_goa_dr_2022.dat 1 2028 CLCI 5.19033
Model_1_goa_dr_2022.dat 1 2028 CUCI 5.40491
Model_1_goa_dr_2022.dat 1 2028 CMedian 5.25471
Model_1_goa_dr_2022.dat 1 2028 CMean 5.27181
Model_1_goa_dr_2022.dat 1 2029 Cabc 4.6223
Model_1_goa_dr_2022.dat 1 2029 Cofl 4.9419
Model_1_goa_dr_2022.dat 1 2029 CLCI 4.70794
Model_1_goa_dr_2022.dat 1 2029 CUCI 5.24332
Model_1_goa_dr_2022.dat 1 2029 CMedian 4.87617
Model_1_goa_dr_2022.dat 1 2029 CMean 4.91421
Model_1_goa_dr_2022.dat 1 2030 Cabc 4.6223
Model_1_goa_dr_2022.dat 1 2030 Cofl 4.9419
Model_1_goa_dr_2022.dat 1 2030 CLCI 4.19303
Model_1_goa_dr_2022.dat 1 2030 CUCI 5.31203
Model_1_goa_dr_2022.dat 1 2030 CMedian 4.66102
Model_1_goa_dr_2022.dat 1 2030 CMean 4.6983
Model_1_goa_dr_2022.dat 1 2031 Cabc 4.6223
Model_1_goa_dr_2022.dat 1 2031 Cofl 4.9419
Model_1_goa_dr_2022.dat 1 2031 CLCI 3.73648
Model_1_goa_dr_2022.dat 1 2031 CUCI 5.45018
Model_1_goa_dr_2022.dat 1 2031 CMedian 4.52261
Model_1_goa_dr_2022.dat 1 2031 CMean 4.53652
Model_1_goa_dr_2022.dat 1 2032 Cabc 4.6223
Model_1_goa_dr_2022.dat 1 2032 Cofl 4.9419
Model_1_goa_dr_2022.dat 1 2032 CLCI 3.43963
Model_1_goa_dr_2022.dat 1 2032 CUCI 5.57831
Model_1_goa_dr_2022.dat 1 2032 CMedian 4.42898
Model_1_goa_dr_2022.dat 1 2032 CMean 4.45183
Model_1_goa_dr_2022.dat 1 2033 Cabc 4.6223
Model_1_goa_dr_2022.dat 1 2033 Cofl 4.9419
Model_1_goa_dr_2022.dat 1 2033 CLCI 3.22483
Model_1_goa_dr_2022.dat 1 2033 CUCI 5.69823
Model_1_goa_dr_2022.dat 1 2033 CMedian 4.37783
Model_1_goa_dr_2022.dat 1 2033 CMean 4.41515
Model_1_goa_dr_2022.dat 1 2034 Cabc 4.6223
Model_1_goa_dr_2022.dat 1 2034 Cofl 4.9419
Model_1_goa_dr_2022.dat 1 2034 CLCI 3.13131
Model_1_goa_dr_2022.dat 1 2034 CUCI 5.76691
Model_1_goa_dr_2022.dat 1 2034 CMedian 4.39043
Model_1_goa_dr_2022.dat 1 2034 CMean 4.40412
Model_1_goa_dr_2022.dat 1 2035 Cabc 4.6223
Model_1_goa_dr_2022.dat 1 2035 Cofl 4.9419
Model_1_goa_dr_2022.dat 1 2035 CLCI 3.06185
Model_1_goa_dr_2022.dat 1 2035 CUCI 5.84549
Model_1_goa_dr_2022.dat 1 2035 CMedian 4.3921
Model_1_goa_dr_2022.dat 1 2035 CMean 4.40925
Model_1_goa_dr_2022.dat 1 2022 SSBF100 65.5649
Model_1_goa_dr_2022.dat 1 2022 SSBFabc 26.2259
Model_1_goa_dr_2022.dat 1 2022 SSBFofl 22.9477
Model_1_goa_dr_2022.dat 1 2022 SSBLCI 45.051
Model_1_goa_dr_2022.dat 1 2022 SSBUCI 45.051
Model_1_goa_dr_2022.dat 1 2022 SSBMedian 45.051
Model_1_goa_dr_2022.dat 1 2022 SSBMean 45.051
Model_1_goa_dr_2022.dat 1 2023 SSBF100 65.5649
Model_1_goa_dr_2022.dat 1 2023 SSBFabc 26.2259
Model_1_goa_dr_2022.dat 1 2023 SSBFofl 22.9477
Model_1_goa_dr_2022.dat 1 2023 SSBLCI 44.4859
Model_1_goa_dr_2022.dat 1 2023 SSBUCI 44.5128
Model_1_goa_dr_2022.dat 1 2023 SSBMedian 44.4929
Model_1_goa_dr_2022.dat 1 2023 SSBMean 44.4953
Model_1_goa_dr_2022.dat 1 2024 SSBF100 65.5649
Model_1_goa_dr_2022.dat 1 2024 SSBFabc 26.2259
Model_1_goa_dr_2022.dat 1 2024 SSBFofl 22.9477
Model_1_goa_dr_2022.dat 1 2024 SSBLCI 42.5488
Model_1_goa_dr_2022.dat 1 2024 SSBUCI 42.6351
Model_1_goa_dr_2022.dat 1 2024 SSBMedian 42.5746
Model_1_goa_dr_2022.dat 1 2024 SSBMean 42.5814
Model_1_goa_dr_2022.dat 1 2025 SSBF100 65.5649
Model_1_goa_dr_2022.dat 1 2025 SSBFabc 26.2259
Model_1_goa_dr_2022.dat 1 2025 SSBFofl 22.9477
Model_1_goa_dr_2022.dat 1 2025 SSBLCI 40.1209
Model_1_goa_dr_2022.dat 1 2025 SSBUCI 40.3514
Model_1_goa_dr_2022.dat 1 2025 SSBMedian 40.1909
Model_1_goa_dr_2022.dat 1 2025 SSBMean 40.2096
Model_1_goa_dr_2022.dat 1 2026 SSBF100 65.5649
Model_1_goa_dr_2022.dat 1 2026 SSBFabc 26.2259
Model_1_goa_dr_2022.dat 1 2026 SSBFofl 22.9477
Model_1_goa_dr_2022.dat 1 2026 SSBLCI 36.4299
Model_1_goa_dr_2022.dat 1 2026 SSBUCI 36.9657
Model_1_goa_dr_2022.dat 1 2026 SSBMedian 36.6006
Model_1_goa_dr_2022.dat 1 2026 SSBMean 36.6393
Model_1_goa_dr_2022.dat 1 2027 SSBF100 65.5649
Model_1_goa_dr_2022.dat 1 2027 SSBFabc 26.2259
Model_1_goa_dr_2022.dat 1 2027 SSBFofl 22.9477
Model_1_goa_dr_2022.dat 1 2027 SSBLCI 32.9857
Model_1_goa_dr_2022.dat 1 2027 SSBUCI 34.1187
Model_1_goa_dr_2022.dat 1 2027 SSBMedian 33.3627
Model_1_goa_dr_2022.dat 1 2027 SSBMean 33.4318
Model_1_goa_dr_2022.dat 1 2028 SSBF100 65.5649
Model_1_goa_dr_2022.dat 1 2028 SSBFabc 26.2259
Model_1_goa_dr_2022.dat 1 2028 SSBFofl 22.9477
Model_1_goa_dr_2022.dat 1 2028 SSBLCI 29.9213
Model_1_goa_dr_2022.dat 1 2028 SSBUCI 32.0613
Model_1_goa_dr_2022.dat 1 2028 SSBMedian 30.6359
Model_1_goa_dr_2022.dat 1 2028 SSBMean 30.7766
Model_1_goa_dr_2022.dat 1 2029 SSBF100 65.5649
Model_1_goa_dr_2022.dat 1 2029 SSBFabc 26.2259
Model_1_goa_dr_2022.dat 1 2029 SSBFofl 22.9477
Model_1_goa_dr_2022.dat 1 2029 SSBLCI 27.3463
Model_1_goa_dr_2022.dat 1 2029 SSBUCI 30.9862
Model_1_goa_dr_2022.dat 1 2029 SSBMedian 28.5676
Model_1_goa_dr_2022.dat 1 2029 SSBMean 28.7935
Model_1_goa_dr_2022.dat 1 2030 SSBF100 65.5649
Model_1_goa_dr_2022.dat 1 2030 SSBFabc 26.2259
Model_1_goa_dr_2022.dat 1 2030 SSBFofl 22.9477
Model_1_goa_dr_2022.dat 1 2030 SSBLCI 25.3182
Model_1_goa_dr_2022.dat 1 2030 SSBUCI 30.6163
Model_1_goa_dr_2022.dat 1 2030 SSBMedian 27.1063
Model_1_goa_dr_2022.dat 1 2030 SSBMean 27.4853
Model_1_goa_dr_2022.dat 1 2031 SSBF100 65.5649
Model_1_goa_dr_2022.dat 1 2031 SSBFabc 26.2259
Model_1_goa_dr_2022.dat 1 2031 SSBFofl 22.9477
Model_1_goa_dr_2022.dat 1 2031 SSBLCI 23.8993
Model_1_goa_dr_2022.dat 1 2031 SSBUCI 30.9076
Model_1_goa_dr_2022.dat 1 2031 SSBMedian 26.2844
Model_1_goa_dr_2022.dat 1 2031 SSBMean 26.7277
Model_1_goa_dr_2022.dat 1 2032 SSBF100 65.5649
Model_1_goa_dr_2022.dat 1 2032 SSBFabc 26.2259
Model_1_goa_dr_2022.dat 1 2032 SSBFofl 22.9477
Model_1_goa_dr_2022.dat 1 2032 SSBLCI 22.8999
Model_1_goa_dr_2022.dat 1 2032 SSBUCI 31.3957
Model_1_goa_dr_2022.dat 1 2032 SSBMedian 25.8024
Model_1_goa_dr_2022.dat 1 2032 SSBMean 26.355
Model_1_goa_dr_2022.dat 1 2033 SSBF100 65.5649
Model_1_goa_dr_2022.dat 1 2033 SSBFabc 26.2259
Model_1_goa_dr_2022.dat 1 2033 SSBFofl 22.9477
Model_1_goa_dr_2022.dat 1 2033 SSBLCI 22.1844
Model_1_goa_dr_2022.dat 1 2033 SSBUCI 31.9307
Model_1_goa_dr_2022.dat 1 2033 SSBMedian 25.6248
Model_1_goa_dr_2022.dat 1 2033 SSBMean 26.2079
Model_1_goa_dr_2022.dat 1 2034 SSBF100 65.5649
Model_1_goa_dr_2022.dat 1 2034 SSBFabc 26.2259
Model_1_goa_dr_2022.dat 1 2034 SSBFofl 22.9477
Model_1_goa_dr_2022.dat 1 2034 SSBLCI 21.8399
Model_1_goa_dr_2022.dat 1 2034 SSBUCI 32.3264
Model_1_goa_dr_2022.dat 1 2034 SSBMedian 25.5939
Model_1_goa_dr_2022.dat 1 2034 SSBMean 26.1813
Model_1_goa_dr_2022.dat 1 2035 SSBF100 65.5649
Model_1_goa_dr_2022.dat 1 2035 SSBFabc 26.2259
Model_1_goa_dr_2022.dat 1 2035 SSBFofl 22.9477
Model_1_goa_dr_2022.dat 1 2035 SSBLCI 21.6261
Model_1_goa_dr_2022.dat 1 2035 SSBUCI 32.602
Model_1_goa_dr_2022.dat 1 2035 SSBMedian 25.6539
Model_1_goa_dr_2022.dat 1 2035 SSBMean 26.2199
Model_1_goa_dr_2022.dat 1 2022 F0 0 
Model_1_goa_dr_2022.dat 1 2022 Fabc 0.0913417
Model_1_goa_dr_2022.dat 1 2022 Fofl 0.112301
Model_1_goa_dr_2022.dat 1 2022  F_LCI 0.0291545
Model_1_goa_dr_2022.dat 1 2022  F_UCI 0.0291545
Model_1_goa_dr_2022.dat 1 2022  F_Median 0.0291545
Model_1_goa_dr_2022.dat 1 2022  F_Mean 0.0291545
Model_1_goa_dr_2022.dat 1 2023 F0 0 
Model_1_goa_dr_2022.dat 1 2023 Fabc 0.0913417
Model_1_goa_dr_2022.dat 1 2023 Fofl 0.112301
Model_1_goa_dr_2022.dat 1 2023  F_LCI 0.0542795
Model_1_goa_dr_2022.dat 1 2023  F_UCI 0.0542809
Model_1_goa_dr_2022.dat 1 2023  F_Median 0.0542805
Model_1_goa_dr_2022.dat 1 2023  F_Mean 0.0542804
Model_1_goa_dr_2022.dat 1 2024 F0 0 
Model_1_goa_dr_2022.dat 1 2024 Fabc 0.0913417
Model_1_goa_dr_2022.dat 1 2024 Fofl 0.112301
Model_1_goa_dr_2022.dat 1 2024  F_LCI 0.0523612
Model_1_goa_dr_2022.dat 1 2024  F_UCI 0.0523688
Model_1_goa_dr_2022.dat 1 2024  F_Median 0.0523667
Model_1_goa_dr_2022.dat 1 2024  F_Mean 0.0523661
Model_1_goa_dr_2022.dat 1 2025 F0 0 
Model_1_goa_dr_2022.dat 1 2025 Fabc 0.0913417
Model_1_goa_dr_2022.dat 1 2025 Fofl 0.112301
Model_1_goa_dr_2022.dat 1 2025  F_LCI 0.0913417
Model_1_goa_dr_2022.dat 1 2025  F_UCI 0.0913417
Model_1_goa_dr_2022.dat 1 2025  F_Median 0.0913417
Model_1_goa_dr_2022.dat 1 2025  F_Mean 0.0913417
Model_1_goa_dr_2022.dat 1 2026 F0 0 
Model_1_goa_dr_2022.dat 1 2026 Fabc 0.0913417
Model_1_goa_dr_2022.dat 1 2026 Fofl 0.112301
Model_1_goa_dr_2022.dat 1 2026  F_LCI 0.0913417
Model_1_goa_dr_2022.dat 1 2026  F_UCI 0.0913417
Model_1_goa_dr_2022.dat 1 2026  F_Median 0.0913417
Model_1_goa_dr_2022.dat 1 2026  F_Mean 0.0913417
Model_1_goa_dr_2022.dat 1 2027 F0 0 
Model_1_goa_dr_2022.dat 1 2027 Fabc 0.0913417
Model_1_goa_dr_2022.dat 1 2027 Fofl 0.112301
Model_1_goa_dr_2022.dat 1 2027  F_LCI 0.0913417
Model_1_goa_dr_2022.dat 1 2027  F_UCI 0.0913417
Model_1_goa_dr_2022.dat 1 2027  F_Median 0.0913417
Model_1_goa_dr_2022.dat 1 2027  F_Mean 0.0913417
Model_1_goa_dr_2022.dat 1 2028 F0 0 
Model_1_goa_dr_2022.dat 1 2028 Fabc 0.0913417
Model_1_goa_dr_2022.dat 1 2028 Fofl 0.112301
Model_1_goa_dr_2022.dat 1 2028  F_LCI 0.0913417
Model_1_goa_dr_2022.dat 1 2028  F_UCI 0.0913417
Model_1_goa_dr_2022.dat 1 2028  F_Median 0.0913417
Model_1_goa_dr_2022.dat 1 2028  F_Mean 0.0913417
Model_1_goa_dr_2022.dat 1 2029 F0 0 
Model_1_goa_dr_2022.dat 1 2029 Fabc 0.0913417
Model_1_goa_dr_2022.dat 1 2029 Fofl 0.112301
Model_1_goa_dr_2022.dat 1 2029  F_LCI 0.0913417
Model_1_goa_dr_2022.dat 1 2029  F_UCI 0.0913417
Model_1_goa_dr_2022.dat 1 2029  F_Median 0.0913417
Model_1_goa_dr_2022.dat 1 2029  F_Mean 0.0913417
Model_1_goa_dr_2022.dat 1 2030 F0 0 
Model_1_goa_dr_2022.dat 1 2030 Fabc 0.0913417
Model_1_goa_dr_2022.dat 1 2030 Fofl 0.112301
Model_1_goa_dr_2022.dat 1 2030  F_LCI 0.0880137
Model_1_goa_dr_2022.dat 1 2030  F_UCI 0.0913417
Model_1_goa_dr_2022.dat 1 2030  F_Median 0.0913417
Model_1_goa_dr_2022.dat 1 2030  F_Mean 0.090814
Model_1_goa_dr_2022.dat 1 2031 F0 0 
Model_1_goa_dr_2022.dat 1 2031 Fabc 0.0913417
Model_1_goa_dr_2022.dat 1 2031 Fofl 0.112301
Model_1_goa_dr_2022.dat 1 2031  F_LCI 0.0828119
Model_1_goa_dr_2022.dat 1 2031  F_UCI 0.0913417
Model_1_goa_dr_2022.dat 1 2031  F_Median 0.0913417
Model_1_goa_dr_2022.dat 1 2031  F_Mean 0.0890278
Model_1_goa_dr_2022.dat 1 2032 F0 0 
Model_1_goa_dr_2022.dat 1 2032 Fabc 0.0913417
Model_1_goa_dr_2022.dat 1 2032 Fofl 0.112301
Model_1_goa_dr_2022.dat 1 2032  F_LCI 0.0791477
Model_1_goa_dr_2022.dat 1 2032  F_UCI 0.0913417
Model_1_goa_dr_2022.dat 1 2032  F_Median 0.0897891
Model_1_goa_dr_2022.dat 1 2032  F_Mean 0.0876866
Model_1_goa_dr_2022.dat 1 2033 F0 0 
Model_1_goa_dr_2022.dat 1 2033 Fabc 0.0913417
Model_1_goa_dr_2022.dat 1 2033 Fofl 0.112301
Model_1_goa_dr_2022.dat 1 2033  F_LCI 0.0765247
Model_1_goa_dr_2022.dat 1 2033  F_UCI 0.0913417
Model_1_goa_dr_2022.dat 1 2033  F_Median 0.0891377
Model_1_goa_dr_2022.dat 1 2033  F_Mean 0.0869458
Model_1_goa_dr_2022.dat 1 2034 F0 0 
Model_1_goa_dr_2022.dat 1 2034 Fabc 0.0913417
Model_1_goa_dr_2022.dat 1 2034 Fofl 0.112301
Model_1_goa_dr_2022.dat 1 2034  F_LCI 0.0752617
Model_1_goa_dr_2022.dat 1 2034  F_UCI 0.0913417
Model_1_goa_dr_2022.dat 1 2034  F_Median 0.0890244
Model_1_goa_dr_2022.dat 1 2034  F_Mean 0.0866003
Model_1_goa_dr_2022.dat 1 2035 F0 0 
Model_1_goa_dr_2022.dat 1 2035 Fabc 0.0913417
Model_1_goa_dr_2022.dat 1 2035 Fofl 0.112301
Model_1_goa_dr_2022.dat 1 2035  F_LCI 0.0744779
Model_1_goa_dr_2022.dat 1 2035  F_UCI 0.0913417
Model_1_goa_dr_2022.dat 1 2035  F_Median 0.0892445
Model_1_goa_dr_2022.dat 1 2035  F_Mean 0.0864654
Model_1_goa_dr_2022.dat 2 2022 Cabc 4.6223
Model_1_goa_dr_2022.dat 2 2022 Cofl 4.9419
Model_1_goa_dr_2022.dat 2 2022 CLCI 2.64385
Model_1_goa_dr_2022.dat 2 2022 CUCI 2.64385
Model_1_goa_dr_2022.dat 2 2022 CMedian 2.64385
Model_1_goa_dr_2022.dat 2 2022 CMean 2.64385
Model_1_goa_dr_2022.dat 2 2023 Cabc 4.6223
Model_1_goa_dr_2022.dat 2 2023 Cofl 4.9419
Model_1_goa_dr_2022.dat 2 2023 CLCI 4.78731
Model_1_goa_dr_2022.dat 2 2023 CUCI 4.78731
Model_1_goa_dr_2022.dat 2 2023 CMedian 4.78731
Model_1_goa_dr_2022.dat 2 2023 CMean 4.78731
Model_1_goa_dr_2022.dat 2 2024 Cabc 4.6223
Model_1_goa_dr_2022.dat 2 2024 Cofl 4.9419
Model_1_goa_dr_2022.dat 2 2024 CLCI 4.39123
Model_1_goa_dr_2022.dat 2 2024 CUCI 4.39123
Model_1_goa_dr_2022.dat 2 2024 CMedian 4.39123
Model_1_goa_dr_2022.dat 2 2024 CMean 4.39123
Model_1_goa_dr_2022.dat 2 2025 Cabc 4.6223
Model_1_goa_dr_2022.dat 2 2025 Cofl 4.9419
Model_1_goa_dr_2022.dat 2 2025 CLCI 7.10108
Model_1_goa_dr_2022.dat 2 2025 CUCI 7.10596
Model_1_goa_dr_2022.dat 2 2025 CMedian 7.10247
Model_1_goa_dr_2022.dat 2 2025 CMean 7.10285
Model_1_goa_dr_2022.dat 2 2026 Cabc 4.6223
Model_1_goa_dr_2022.dat 2 2026 Cofl 4.9419
Model_1_goa_dr_2022.dat 2 2026 CLCI 6.41102
Model_1_goa_dr_2022.dat 2 2026 CUCI 6.43013
Model_1_goa_dr_2022.dat 2 2026 CMedian 6.41659
Model_1_goa_dr_2022.dat 2 2026 CMean 6.41807
Model_1_goa_dr_2022.dat 2 2027 Cabc 4.6223
Model_1_goa_dr_2022.dat 2 2027 Cofl 4.9419
Model_1_goa_dr_2022.dat 2 2027 CLCI 5.76474
Model_1_goa_dr_2022.dat 2 2027 CUCI 5.83394
Model_1_goa_dr_2022.dat 2 2027 CMedian 5.78507
Model_1_goa_dr_2022.dat 2 2027 CMean 5.79042
Model_1_goa_dr_2022.dat 2 2028 Cabc 4.6223
Model_1_goa_dr_2022.dat 2 2028 Cofl 4.9419
Model_1_goa_dr_2022.dat 2 2028 CLCI 5.19033
Model_1_goa_dr_2022.dat 2 2028 CUCI 5.40491
Model_1_goa_dr_2022.dat 2 2028 CMedian 5.25471
Model_1_goa_dr_2022.dat 2 2028 CMean 5.27181
Model_1_goa_dr_2022.dat 2 2029 Cabc 4.6223
Model_1_goa_dr_2022.dat 2 2029 Cofl 4.9419
Model_1_goa_dr_2022.dat 2 2029 CLCI 4.70794
Model_1_goa_dr_2022.dat 2 2029 CUCI 5.24332
Model_1_goa_dr_2022.dat 2 2029 CMedian 4.87617
Model_1_goa_dr_2022.dat 2 2029 CMean 4.91421
Model_1_goa_dr_2022.dat 2 2030 Cabc 4.6223
Model_1_goa_dr_2022.dat 2 2030 Cofl 4.9419
Model_1_goa_dr_2022.dat 2 2030 CLCI 4.19303
Model_1_goa_dr_2022.dat 2 2030 CUCI 5.31203
Model_1_goa_dr_2022.dat 2 2030 CMedian 4.66102
Model_1_goa_dr_2022.dat 2 2030 CMean 4.6983
Model_1_goa_dr_2022.dat 2 2031 Cabc 4.6223
Model_1_goa_dr_2022.dat 2 2031 Cofl 4.9419
Model_1_goa_dr_2022.dat 2 2031 CLCI 3.73648
Model_1_goa_dr_2022.dat 2 2031 CUCI 5.45018
Model_1_goa_dr_2022.dat 2 2031 CMedian 4.52261
Model_1_goa_dr_2022.dat 2 2031 CMean 4.53652
Model_1_goa_dr_2022.dat 2 2032 Cabc 4.6223
Model_1_goa_dr_2022.dat 2 2032 Cofl 4.9419
Model_1_goa_dr_2022.dat 2 2032 CLCI 3.43963
Model_1_goa_dr_2022.dat 2 2032 CUCI 5.57831
Model_1_goa_dr_2022.dat 2 2032 CMedian 4.42898
Model_1_goa_dr_2022.dat 2 2032 CMean 4.45183
Model_1_goa_dr_2022.dat 2 2033 Cabc 4.6223
Model_1_goa_dr_2022.dat 2 2033 Cofl 4.9419
Model_1_goa_dr_2022.dat 2 2033 CLCI 3.22483
Model_1_goa_dr_2022.dat 2 2033 CUCI 5.69823
Model_1_goa_dr_2022.dat 2 2033 CMedian 4.37783
Model_1_goa_dr_2022.dat 2 2033 CMean 4.41515
Model_1_goa_dr_2022.dat 2 2034 Cabc 4.6223
Model_1_goa_dr_2022.dat 2 2034 Cofl 4.9419
Model_1_goa_dr_2022.dat 2 2034 CLCI 3.13131
Model_1_goa_dr_2022.dat 2 2034 CUCI 5.76691
Model_1_goa_dr_2022.dat 2 2034 CMedian 4.39043
Model_1_goa_dr_2022.dat 2 2034 CMean 4.40412
Model_1_goa_dr_2022.dat 2 2035 Cabc 4.6223
Model_1_goa_dr_2022.dat 2 2035 Cofl 4.9419
Model_1_goa_dr_2022.dat 2 2035 CLCI 3.06185
Model_1_goa_dr_2022.dat 2 2035 CUCI 5.84549
Model_1_goa_dr_2022.dat 2 2035 CMedian 4.3921
Model_1_goa_dr_2022.dat 2 2035 CMean 4.40925
Model_1_goa_dr_2022.dat 2 2022 SSBF100 65.5649
Model_1_goa_dr_2022.dat 2 2022 SSBFabc 26.2259
Model_1_goa_dr_2022.dat 2 2022 SSBFofl 22.9477
Model_1_goa_dr_2022.dat 2 2022 SSBLCI 45.051
Model_1_goa_dr_2022.dat 2 2022 SSBUCI 45.051
Model_1_goa_dr_2022.dat 2 2022 SSBMedian 45.051
Model_1_goa_dr_2022.dat 2 2022 SSBMean 45.051
Model_1_goa_dr_2022.dat 2 2023 SSBF100 65.5649
Model_1_goa_dr_2022.dat 2 2023 SSBFabc 26.2259
Model_1_goa_dr_2022.dat 2 2023 SSBFofl 22.9477
Model_1_goa_dr_2022.dat 2 2023 SSBLCI 44.4859
Model_1_goa_dr_2022.dat 2 2023 SSBUCI 44.5128
Model_1_goa_dr_2022.dat 2 2023 SSBMedian 44.4929
Model_1_goa_dr_2022.dat 2 2023 SSBMean 44.4953
Model_1_goa_dr_2022.dat 2 2024 SSBF100 65.5649
Model_1_goa_dr_2022.dat 2 2024 SSBFabc 26.2259
Model_1_goa_dr_2022.dat 2 2024 SSBFofl 22.9477
Model_1_goa_dr_2022.dat 2 2024 SSBLCI 42.5488
Model_1_goa_dr_2022.dat 2 2024 SSBUCI 42.6351
Model_1_goa_dr_2022.dat 2 2024 SSBMedian 42.5746
Model_1_goa_dr_2022.dat 2 2024 SSBMean 42.5814
Model_1_goa_dr_2022.dat 2 2025 SSBF100 65.5649
Model_1_goa_dr_2022.dat 2 2025 SSBFabc 26.2259
Model_1_goa_dr_2022.dat 2 2025 SSBFofl 22.9477
Model_1_goa_dr_2022.dat 2 2025 SSBLCI 40.1209
Model_1_goa_dr_2022.dat 2 2025 SSBUCI 40.3514
Model_1_goa_dr_2022.dat 2 2025 SSBMedian 40.1909
Model_1_goa_dr_2022.dat 2 2025 SSBMean 40.2096
Model_1_goa_dr_2022.dat 2 2026 SSBF100 65.5649
Model_1_goa_dr_2022.dat 2 2026 SSBFabc 26.2259
Model_1_goa_dr_2022.dat 2 2026 SSBFofl 22.9477
Model_1_goa_dr_2022.dat 2 2026 SSBLCI 36.4299
Model_1_goa_dr_2022.dat 2 2026 SSBUCI 36.9657
Model_1_goa_dr_2022.dat 2 2026 SSBMedian 36.6006
Model_1_goa_dr_2022.dat 2 2026 SSBMean 36.6393
Model_1_goa_dr_2022.dat 2 2027 SSBF100 65.5649
Model_1_goa_dr_2022.dat 2 2027 SSBFabc 26.2259
Model_1_goa_dr_2022.dat 2 2027 SSBFofl 22.9477
Model_1_goa_dr_2022.dat 2 2027 SSBLCI 32.9857
Model_1_goa_dr_2022.dat 2 2027 SSBUCI 34.1187
Model_1_goa_dr_2022.dat 2 2027 SSBMedian 33.3627
Model_1_goa_dr_2022.dat 2 2027 SSBMean 33.4318
Model_1_goa_dr_2022.dat 2 2028 SSBF100 65.5649
Model_1_goa_dr_2022.dat 2 2028 SSBFabc 26.2259
Model_1_goa_dr_2022.dat 2 2028 SSBFofl 22.9477
Model_1_goa_dr_2022.dat 2 2028 SSBLCI 29.9213
Model_1_goa_dr_2022.dat 2 2028 SSBUCI 32.0613
Model_1_goa_dr_2022.dat 2 2028 SSBMedian 30.6359
Model_1_goa_dr_2022.dat 2 2028 SSBMean 30.7766
Model_1_goa_dr_2022.dat 2 2029 SSBF100 65.5649
Model_1_goa_dr_2022.dat 2 2029 SSBFabc 26.2259
Model_1_goa_dr_2022.dat 2 2029 SSBFofl 22.9477
Model_1_goa_dr_2022.dat 2 2029 SSBLCI 27.3463
Model_1_goa_dr_2022.dat 2 2029 SSBUCI 30.9862
Model_1_goa_dr_2022.dat 2 2029 SSBMedian 28.5676
Model_1_goa_dr_2022.dat 2 2029 SSBMean 28.7935
Model_1_goa_dr_2022.dat 2 2030 SSBF100 65.5649
Model_1_goa_dr_2022.dat 2 2030 SSBFabc 26.2259
Model_1_goa_dr_2022.dat 2 2030 SSBFofl 22.9477
Model_1_goa_dr_2022.dat 2 2030 SSBLCI 25.3182
Model_1_goa_dr_2022.dat 2 2030 SSBUCI 30.6163
Model_1_goa_dr_2022.dat 2 2030 SSBMedian 27.1063
Model_1_goa_dr_2022.dat 2 2030 SSBMean 27.4853
Model_1_goa_dr_2022.dat 2 2031 SSBF100 65.5649
Model_1_goa_dr_2022.dat 2 2031 SSBFabc 26.2259
Model_1_goa_dr_2022.dat 2 2031 SSBFofl 22.9477
Model_1_goa_dr_2022.dat 2 2031 SSBLCI 23.8993
Model_1_goa_dr_2022.dat 2 2031 SSBUCI 30.9076
Model_1_goa_dr_2022.dat 2 2031 SSBMedian 26.2844
Model_1_goa_dr_2022.dat 2 2031 SSBMean 26.7277
Model_1_goa_dr_2022.dat 2 2032 SSBF100 65.5649
Model_1_goa_dr_2022.dat 2 2032 SSBFabc 26.2259
Model_1_goa_dr_2022.dat 2 2032 SSBFofl 22.9477
Model_1_goa_dr_2022.dat 2 2032 SSBLCI 22.8999
Model_1_goa_dr_2022.dat 2 2032 SSBUCI 31.3957
Model_1_goa_dr_2022.dat 2 2032 SSBMedian 25.8024
Model_1_goa_dr_2022.dat 2 2032 SSBMean 26.355
Model_1_goa_dr_2022.dat 2 2033 SSBF100 65.5649
Model_1_goa_dr_2022.dat 2 2033 SSBFabc 26.2259
Model_1_goa_dr_2022.dat 2 2033 SSBFofl 22.9477
Model_1_goa_dr_2022.dat 2 2033 SSBLCI 22.1844
Model_1_goa_dr_2022.dat 2 2033 SSBUCI 31.9307
Model_1_goa_dr_2022.dat 2 2033 SSBMedian 25.6248
Model_1_goa_dr_2022.dat 2 2033 SSBMean 26.2079
Model_1_goa_dr_2022.dat 2 2034 SSBF100 65.5649
Model_1_goa_dr_2022.dat 2 2034 SSBFabc 26.2259
Model_1_goa_dr_2022.dat 2 2034 SSBFofl 22.9477
Model_1_goa_dr_2022.dat 2 2034 SSBLCI 21.8399
Model_1_goa_dr_2022.dat 2 2034 SSBUCI 32.3264
Model_1_goa_dr_2022.dat 2 2034 SSBMedian 25.5939
Model_1_goa_dr_2022.dat 2 2034 SSBMean 26.1813
Model_1_goa_dr_2022.dat 2 2035 SSBF100 65.5649
Model_1_goa_dr_2022.dat 2 2035 SSBFabc 26.2259
Model_1_goa_dr_2022.dat 2 2035 SSBFofl 22.9477
Model_1_goa_dr_2022.dat 2 2035 SSBLCI 21.6261
Model_1_goa_dr_2022.dat 2 2035 SSBUCI 32.602
Model_1_goa_dr_2022.dat 2 2035 SSBMedian 25.6539
Model_1_goa_dr_2022.dat 2 2035 SSBMean 26.2199
Model_1_goa_dr_2022.dat 2 2022 F0 0 
Model_1_goa_dr_2022.dat 2 2022 Fabc 0.0913417
Model_1_goa_dr_2022.dat 2 2022 Fofl 0.112301
Model_1_goa_dr_2022.dat 2 2022  F_LCI 0.0291545
Model_1_goa_dr_2022.dat 2 2022  F_UCI 0.0291545
Model_1_goa_dr_2022.dat 2 2022  F_Median 0.0291545
Model_1_goa_dr_2022.dat 2 2022  F_Mean 0.0291545
Model_1_goa_dr_2022.dat 2 2023 F0 0 
Model_1_goa_dr_2022.dat 2 2023 Fabc 0.0913417
Model_1_goa_dr_2022.dat 2 2023 Fofl 0.112301
Model_1_goa_dr_2022.dat 2 2023  F_LCI 0.0542795
Model_1_goa_dr_2022.dat 2 2023  F_UCI 0.0542809
Model_1_goa_dr_2022.dat 2 2023  F_Median 0.0542805
Model_1_goa_dr_2022.dat 2 2023  F_Mean 0.0542804
Model_1_goa_dr_2022.dat 2 2024 F0 0 
Model_1_goa_dr_2022.dat 2 2024 Fabc 0.0913417
Model_1_goa_dr_2022.dat 2 2024 Fofl 0.112301
Model_1_goa_dr_2022.dat 2 2024  F_LCI 0.0523612
Model_1_goa_dr_2022.dat 2 2024  F_UCI 0.0523688
Model_1_goa_dr_2022.dat 2 2024  F_Median 0.0523667
Model_1_goa_dr_2022.dat 2 2024  F_Mean 0.0523661
Model_1_goa_dr_2022.dat 2 2025 F0 0 
Model_1_goa_dr_2022.dat 2 2025 Fabc 0.0913417
Model_1_goa_dr_2022.dat 2 2025 Fofl 0.112301
Model_1_goa_dr_2022.dat 2 2025  F_LCI 0.0913417
Model_1_goa_dr_2022.dat 2 2025  F_UCI 0.0913417
Model_1_goa_dr_2022.dat 2 2025  F_Median 0.0913417
Model_1_goa_dr_2022.dat 2 2025  F_Mean 0.0913417
Model_1_goa_dr_2022.dat 2 2026 F0 0 
Model_1_goa_dr_2022.dat 2 2026 Fabc 0.0913417
Model_1_goa_dr_2022.dat 2 2026 Fofl 0.112301
Model_1_goa_dr_2022.dat 2 2026  F_LCI 0.0913417
Model_1_goa_dr_2022.dat 2 2026  F_UCI 0.0913417
Model_1_goa_dr_2022.dat 2 2026  F_Median 0.0913417
Model_1_goa_dr_2022.dat 2 2026  F_Mean 0.0913417
Model_1_goa_dr_2022.dat 2 2027 F0 0 
Model_1_goa_dr_2022.dat 2 2027 Fabc 0.0913417
Model_1_goa_dr_2022.dat 2 2027 Fofl 0.112301
Model_1_goa_dr_2022.dat 2 2027  F_LCI 0.0913417
Model_1_goa_dr_2022.dat 2 2027  F_UCI 0.0913417
Model_1_goa_dr_2022.dat 2 2027  F_Median 0.0913417
Model_1_goa_dr_2022.dat 2 2027  F_Mean 0.0913417
Model_1_goa_dr_2022.dat 2 2028 F0 0 
Model_1_goa_dr_2022.dat 2 2028 Fabc 0.0913417
Model_1_goa_dr_2022.dat 2 2028 Fofl 0.112301
Model_1_goa_dr_2022.dat 2 2028  F_LCI 0.0913417
Model_1_goa_dr_2022.dat 2 2028  F_UCI 0.0913417
Model_1_goa_dr_2022.dat 2 2028  F_Median 0.0913417
Model_1_goa_dr_2022.dat 2 2028  F_Mean 0.0913417
Model_1_goa_dr_2022.dat 2 2029 F0 0 
Model_1_goa_dr_2022.dat 2 2029 Fabc 0.0913417
Model_1_goa_dr_2022.dat 2 2029 Fofl 0.112301
Model_1_goa_dr_2022.dat 2 2029  F_LCI 0.0913417
Model_1_goa_dr_2022.dat 2 2029  F_UCI 0.0913417
Model_1_goa_dr_2022.dat 2 2029  F_Median 0.0913417
Model_1_goa_dr_2022.dat 2 2029  F_Mean 0.0913417
Model_1_goa_dr_2022.dat 2 2030 F0 0 
Model_1_goa_dr_2022.dat 2 2030 Fabc 0.0913417
Model_1_goa_dr_2022.dat 2 2030 Fofl 0.112301
Model_1_goa_dr_2022.dat 2 2030  F_LCI 0.0880137
Model_1_goa_dr_2022.dat 2 2030  F_UCI 0.0913417
Model_1_goa_dr_2022.dat 2 2030  F_Median 0.0913417
Model_1_goa_dr_2022.dat 2 2030  F_Mean 0.090814
Model_1_goa_dr_2022.dat 2 2031 F0 0 
Model_1_goa_dr_2022.dat 2 2031 Fabc 0.0913417
Model_1_goa_dr_2022.dat 2 2031 Fofl 0.112301
Model_1_goa_dr_2022.dat 2 2031  F_LCI 0.0828119
Model_1_goa_dr_2022.dat 2 2031  F_UCI 0.0913417
Model_1_goa_dr_2022.dat 2 2031  F_Median 0.0913417
Model_1_goa_dr_2022.dat 2 2031  F_Mean 0.0890278
Model_1_goa_dr_2022.dat 2 2032 F0 0 
Model_1_goa_dr_2022.dat 2 2032 Fabc 0.0913417
Model_1_goa_dr_2022.dat 2 2032 Fofl 0.112301
Model_1_goa_dr_2022.dat 2 2032  F_LCI 0.0791477
Model_1_goa_dr_2022.dat 2 2032  F_UCI 0.0913417
Model_1_goa_dr_2022.dat 2 2032  F_Median 0.0897891
Model_1_goa_dr_2022.dat 2 2032  F_Mean 0.0876866
Model_1_goa_dr_2022.dat 2 2033 F0 0 
Model_1_goa_dr_2022.dat 2 2033 Fabc 0.0913417
Model_1_goa_dr_2022.dat 2 2033 Fofl 0.112301
Model_1_goa_dr_2022.dat 2 2033  F_LCI 0.0765247
Model_1_goa_dr_2022.dat 2 2033  F_UCI 0.0913417
Model_1_goa_dr_2022.dat 2 2033  F_Median 0.0891377
Model_1_goa_dr_2022.dat 2 2033  F_Mean 0.0869458
Model_1_goa_dr_2022.dat 2 2034 F0 0 
Model_1_goa_dr_2022.dat 2 2034 Fabc 0.0913417
Model_1_goa_dr_2022.dat 2 2034 Fofl 0.112301
Model_1_goa_dr_2022.dat 2 2034  F_LCI 0.0752617
Model_1_goa_dr_2022.dat 2 2034  F_UCI 0.0913417
Model_1_goa_dr_2022.dat 2 2034  F_Median 0.0890244
Model_1_goa_dr_2022.dat 2 2034  F_Mean 0.0866003
Model_1_goa_dr_2022.dat 2 2035 F0 0 
Model_1_goa_dr_2022.dat 2 2035 Fabc 0.0913417
Model_1_goa_dr_2022.dat 2 2035 Fofl 0.112301
Model_1_goa_dr_2022.dat 2 2035  F_LCI 0.0744779
Model_1_goa_dr_2022.dat 2 2035  F_UCI 0.0913417
Model_1_goa_dr_2022.dat 2 2035  F_Median 0.0892445
Model_1_goa_dr_2022.dat 2 2035  F_Mean 0.0864654
Model_1_goa_dr_2022.dat 3 2022 Cabc 4.6223
Model_1_goa_dr_2022.dat 3 2022 Cofl 4.9419
Model_1_goa_dr_2022.dat 3 2022 CLCI 2.64385
Model_1_goa_dr_2022.dat 3 2022 CUCI 2.64385
Model_1_goa_dr_2022.dat 3 2022 CMedian 2.64385
Model_1_goa_dr_2022.dat 3 2022 CMean 2.64385
Model_1_goa_dr_2022.dat 3 2023 Cabc 4.6223
Model_1_goa_dr_2022.dat 3 2023 Cofl 4.9419
Model_1_goa_dr_2022.dat 3 2023 CLCI 4.78731
Model_1_goa_dr_2022.dat 3 2023 CUCI 4.78731
Model_1_goa_dr_2022.dat 3 2023 CMedian 4.78731
Model_1_goa_dr_2022.dat 3 2023 CMean 4.78731
Model_1_goa_dr_2022.dat 3 2024 Cabc 4.6223
Model_1_goa_dr_2022.dat 3 2024 Cofl 4.9419
Model_1_goa_dr_2022.dat 3 2024 CLCI 4.39123
Model_1_goa_dr_2022.dat 3 2024 CUCI 4.39123
Model_1_goa_dr_2022.dat 3 2024 CMedian 4.39123
Model_1_goa_dr_2022.dat 3 2024 CMean 4.39123
Model_1_goa_dr_2022.dat 3 2025 Cabc 4.6223
Model_1_goa_dr_2022.dat 3 2025 Cofl 4.9419
Model_1_goa_dr_2022.dat 3 2025 CLCI 3.6285
Model_1_goa_dr_2022.dat 3 2025 CUCI 3.63094
Model_1_goa_dr_2022.dat 3 2025 CMedian 3.6292
Model_1_goa_dr_2022.dat 3 2025 CMean 3.62939
Model_1_goa_dr_2022.dat 3 2026 Cabc 4.6223
Model_1_goa_dr_2022.dat 3 2026 Cofl 4.9419
Model_1_goa_dr_2022.dat 3 2026 CLCI 3.42244
Model_1_goa_dr_2022.dat 3 2026 CUCI 3.432
Model_1_goa_dr_2022.dat 3 2026 CMedian 3.42522
Model_1_goa_dr_2022.dat 3 2026 CMean 3.42597
Model_1_goa_dr_2022.dat 3 2027 Cabc 4.6223
Model_1_goa_dr_2022.dat 3 2027 Cofl 4.9419
Model_1_goa_dr_2022.dat 3 2027 CLCI 3.21204
Model_1_goa_dr_2022.dat 3 2027 CUCI 3.24674
Model_1_goa_dr_2022.dat 3 2027 CMedian 3.22224
Model_1_goa_dr_2022.dat 3 2027 CMean 3.22492
Model_1_goa_dr_2022.dat 3 2028 Cabc 4.6223
Model_1_goa_dr_2022.dat 3 2028 Cofl 4.9419
Model_1_goa_dr_2022.dat 3 2028 CLCI 3.01346
Model_1_goa_dr_2022.dat 3 2028 CUCI 3.12159
Model_1_goa_dr_2022.dat 3 2028 CMedian 3.04579
Model_1_goa_dr_2022.dat 3 2028 CMean 3.05448
Model_1_goa_dr_2022.dat 3 2029 Cabc 4.6223
Model_1_goa_dr_2022.dat 3 2029 Cofl 4.9419
Model_1_goa_dr_2022.dat 3 2029 CLCI 2.83987
Model_1_goa_dr_2022.dat 3 2029 CUCI 3.1138
Model_1_goa_dr_2022.dat 3 2029 CMedian 2.92562
Model_1_goa_dr_2022.dat 3 2029 CMean 2.94502
Model_1_goa_dr_2022.dat 3 2030 Cabc 4.6223
Model_1_goa_dr_2022.dat 3 2030 Cofl 4.9419
Model_1_goa_dr_2022.dat 3 2030 CLCI 2.70621
Model_1_goa_dr_2022.dat 3 2030 CUCI 3.21106
Model_1_goa_dr_2022.dat 3 2030 CMedian 2.87274
Model_1_goa_dr_2022.dat 3 2030 CMean 2.9055
Model_1_goa_dr_2022.dat 3 2031 Cabc 4.6223
Model_1_goa_dr_2022.dat 3 2031 Cofl 4.9419
Model_1_goa_dr_2022.dat 3 2031 CLCI 2.6203
Model_1_goa_dr_2022.dat 3 2031 CUCI 3.33771
Model_1_goa_dr_2022.dat 3 2031 CMedian 2.86226
Model_1_goa_dr_2022.dat 3 2031 CMean 2.91167
Model_1_goa_dr_2022.dat 3 2032 Cabc 4.6223
Model_1_goa_dr_2022.dat 3 2032 Cofl 4.9419
Model_1_goa_dr_2022.dat 3 2032 CLCI 2.56069
Model_1_goa_dr_2022.dat 3 2032 CUCI 3.4775
Model_1_goa_dr_2022.dat 3 2032 CMedian 2.87875
Model_1_goa_dr_2022.dat 3 2032 CMean 2.93732
Model_1_goa_dr_2022.dat 3 2033 Cabc 4.6223
Model_1_goa_dr_2022.dat 3 2033 Cofl 4.9419
Model_1_goa_dr_2022.dat 3 2033 CLCI 2.51329
Model_1_goa_dr_2022.dat 3 2033 CUCI 3.59143
Model_1_goa_dr_2022.dat 3 2033 CMedian 2.91201
Model_1_goa_dr_2022.dat 3 2033 CMean 2.96796
Model_1_goa_dr_2022.dat 3 2034 Cabc 4.6223
Model_1_goa_dr_2022.dat 3 2034 Cofl 4.9419
Model_1_goa_dr_2022.dat 3 2034 CLCI 2.47918
Model_1_goa_dr_2022.dat 3 2034 CUCI 3.67685
Model_1_goa_dr_2022.dat 3 2034 CMedian 2.94613
Model_1_goa_dr_2022.dat 3 2034 CMean 2.99871
Model_1_goa_dr_2022.dat 3 2035 Cabc 4.6223
Model_1_goa_dr_2022.dat 3 2035 Cofl 4.9419
Model_1_goa_dr_2022.dat 3 2035 CLCI 2.46267
Model_1_goa_dr_2022.dat 3 2035 CUCI 3.74979
Model_1_goa_dr_2022.dat 3 2035 CMedian 2.97973
Model_1_goa_dr_2022.dat 3 2035 CMean 3.03016
Model_1_goa_dr_2022.dat 3 2022 SSBF100 65.5649
Model_1_goa_dr_2022.dat 3 2022 SSBFabc 26.2259
Model_1_goa_dr_2022.dat 3 2022 SSBFofl 22.9477
Model_1_goa_dr_2022.dat 3 2022 SSBLCI 45.051
Model_1_goa_dr_2022.dat 3 2022 SSBUCI 45.051
Model_1_goa_dr_2022.dat 3 2022 SSBMedian 45.051
Model_1_goa_dr_2022.dat 3 2022 SSBMean 45.051
Model_1_goa_dr_2022.dat 3 2023 SSBF100 65.5649
Model_1_goa_dr_2022.dat 3 2023 SSBFabc 26.2259
Model_1_goa_dr_2022.dat 3 2023 SSBFofl 22.9477
Model_1_goa_dr_2022.dat 3 2023 SSBLCI 44.4859
Model_1_goa_dr_2022.dat 3 2023 SSBUCI 44.5128
Model_1_goa_dr_2022.dat 3 2023 SSBMedian 44.4929
Model_1_goa_dr_2022.dat 3 2023 SSBMean 44.4953
Model_1_goa_dr_2022.dat 3 2024 SSBF100 65.5649
Model_1_goa_dr_2022.dat 3 2024 SSBFabc 26.2259
Model_1_goa_dr_2022.dat 3 2024 SSBFofl 22.9477
Model_1_goa_dr_2022.dat 3 2024 SSBLCI 42.5488
Model_1_goa_dr_2022.dat 3 2024 SSBUCI 42.6351
Model_1_goa_dr_2022.dat 3 2024 SSBMedian 42.5746
Model_1_goa_dr_2022.dat 3 2024 SSBMean 42.5814
Model_1_goa_dr_2022.dat 3 2025 SSBF100 65.5649
Model_1_goa_dr_2022.dat 3 2025 SSBFabc 26.2259
Model_1_goa_dr_2022.dat 3 2025 SSBFofl 22.9477
Model_1_goa_dr_2022.dat 3 2025 SSBLCI 40.4179
Model_1_goa_dr_2022.dat 3 2025 SSBUCI 40.6484
Model_1_goa_dr_2022.dat 3 2025 SSBMedian 40.4879
Model_1_goa_dr_2022.dat 3 2025 SSBMean 40.5066
Model_1_goa_dr_2022.dat 3 2026 SSBF100 65.5649
Model_1_goa_dr_2022.dat 3 2026 SSBFabc 26.2259
Model_1_goa_dr_2022.dat 3 2026 SSBFofl 22.9477
Model_1_goa_dr_2022.dat 3 2026 SSBLCI 38.3304
Model_1_goa_dr_2022.dat 3 2026 SSBUCI 38.8665
Model_1_goa_dr_2022.dat 3 2026 SSBMedian 38.5012
Model_1_goa_dr_2022.dat 3 2026 SSBMean 38.5399
Model_1_goa_dr_2022.dat 3 2027 SSBF100 65.5649
Model_1_goa_dr_2022.dat 3 2027 SSBFabc 26.2259
Model_1_goa_dr_2022.dat 3 2027 SSBFofl 22.9477
Model_1_goa_dr_2022.dat 3 2027 SSBLCI 36.2088
Model_1_goa_dr_2022.dat 3 2027 SSBUCI 37.3438
Model_1_goa_dr_2022.dat 3 2027 SSBMedian 36.5864
Model_1_goa_dr_2022.dat 3 2027 SSBMean 36.6556
Model_1_goa_dr_2022.dat 3 2028 SSBF100 65.5649
Model_1_goa_dr_2022.dat 3 2028 SSBFabc 26.2259
Model_1_goa_dr_2022.dat 3 2028 SSBFofl 22.9477
Model_1_goa_dr_2022.dat 3 2028 SSBLCI 34.1994
Model_1_goa_dr_2022.dat 3 2028 SSBUCI 36.3532
Model_1_goa_dr_2022.dat 3 2028 SSBMedian 34.9159
Model_1_goa_dr_2022.dat 3 2028 SSBMean 35.0588
Model_1_goa_dr_2022.dat 3 2029 SSBF100 65.5649
Model_1_goa_dr_2022.dat 3 2029 SSBFabc 26.2259
Model_1_goa_dr_2022.dat 3 2029 SSBFofl 22.9477
Model_1_goa_dr_2022.dat 3 2029 SSBLCI 32.4389
Model_1_goa_dr_2022.dat 3 2029 SSBUCI 36.1445
Model_1_goa_dr_2022.dat 3 2029 SSBMedian 33.6752
Model_1_goa_dr_2022.dat 3 2029 SSBMean 33.9047
Model_1_goa_dr_2022.dat 3 2030 SSBF100 65.5649
Model_1_goa_dr_2022.dat 3 2030 SSBFabc 26.2259
Model_1_goa_dr_2022.dat 3 2030 SSBFofl 22.9477
Model_1_goa_dr_2022.dat 3 2030 SSBLCI 31.0163
Model_1_goa_dr_2022.dat 3 2030 SSBUCI 36.5107
Model_1_goa_dr_2022.dat 3 2030 SSBMedian 32.8695
Model_1_goa_dr_2022.dat 3 2030 SSBMean 33.2514
Model_1_goa_dr_2022.dat 3 2031 SSBF100 65.5649
Model_1_goa_dr_2022.dat 3 2031 SSBFabc 26.2259
Model_1_goa_dr_2022.dat 3 2031 SSBFofl 22.9477
Model_1_goa_dr_2022.dat 3 2031 SSBLCI 29.9711
Model_1_goa_dr_2022.dat 3 2031 SSBUCI 37.3425
Model_1_goa_dr_2022.dat 3 2031 SSBMedian 32.5722
Model_1_goa_dr_2022.dat 3 2031 SSBMean 33.0225
Model_1_goa_dr_2022.dat 3 2032 SSBF100 65.5649
Model_1_goa_dr_2022.dat 3 2032 SSBFabc 26.2259
Model_1_goa_dr_2022.dat 3 2032 SSBFofl 22.9477
Model_1_goa_dr_2022.dat 3 2032 SSBLCI 29.1599
Model_1_goa_dr_2022.dat 3 2032 SSBUCI 38.6238
Model_1_goa_dr_2022.dat 3 2032 SSBMedian 32.5361
Model_1_goa_dr_2022.dat 3 2032 SSBMean 33.0805
Model_1_goa_dr_2022.dat 3 2033 SSBF100 65.5649
Model_1_goa_dr_2022.dat 3 2033 SSBFabc 26.2259
Model_1_goa_dr_2022.dat 3 2033 SSBFofl 22.9477
Model_1_goa_dr_2022.dat 3 2033 SSBLCI 28.5961
Model_1_goa_dr_2022.dat 3 2033 SSBUCI 39.8237
Model_1_goa_dr_2022.dat 3 2033 SSBMedian 32.7973
Model_1_goa_dr_2022.dat 3 2033 SSBMean 33.3039
Model_1_goa_dr_2022.dat 3 2034 SSBF100 65.5649
Model_1_goa_dr_2022.dat 3 2034 SSBFabc 26.2259
Model_1_goa_dr_2022.dat 3 2034 SSBFofl 22.9477
Model_1_goa_dr_2022.dat 3 2034 SSBLCI 28.1836
Model_1_goa_dr_2022.dat 3 2034 SSBUCI 40.7913
Model_1_goa_dr_2022.dat 3 2034 SSBMedian 33.0907
Model_1_goa_dr_2022.dat 3 2034 SSBMean 33.6083
Model_1_goa_dr_2022.dat 3 2035 SSBF100 65.5649
Model_1_goa_dr_2022.dat 3 2035 SSBFabc 26.2259
Model_1_goa_dr_2022.dat 3 2035 SSBFofl 22.9477
Model_1_goa_dr_2022.dat 3 2035 SSBLCI 28.1087
Model_1_goa_dr_2022.dat 3 2035 SSBUCI 41.4316
Model_1_goa_dr_2022.dat 3 2035 SSBMedian 33.5069
Model_1_goa_dr_2022.dat 3 2035 SSBMean 33.9479
Model_1_goa_dr_2022.dat 3 2022 F0 0 
Model_1_goa_dr_2022.dat 3 2022 Fabc 0.0913417
Model_1_goa_dr_2022.dat 3 2022 Fofl 0.112301
Model_1_goa_dr_2022.dat 3 2022  F_LCI 0.0291545
Model_1_goa_dr_2022.dat 3 2022  F_UCI 0.0291545
Model_1_goa_dr_2022.dat 3 2022  F_Median 0.0291545
Model_1_goa_dr_2022.dat 3 2022  F_Mean 0.0291545
Model_1_goa_dr_2022.dat 3 2023 F0 0 
Model_1_goa_dr_2022.dat 3 2023 Fabc 0.0913417
Model_1_goa_dr_2022.dat 3 2023 Fofl 0.112301
Model_1_goa_dr_2022.dat 3 2023  F_LCI 0.0542795
Model_1_goa_dr_2022.dat 3 2023  F_UCI 0.0542809
Model_1_goa_dr_2022.dat 3 2023  F_Median 0.0542805
Model_1_goa_dr_2022.dat 3 2023  F_Mean 0.0542804
Model_1_goa_dr_2022.dat 3 2024 F0 0 
Model_1_goa_dr_2022.dat 3 2024 Fabc 0.0913417
Model_1_goa_dr_2022.dat 3 2024 Fofl 0.112301
Model_1_goa_dr_2022.dat 3 2024  F_LCI 0.0523612
Model_1_goa_dr_2022.dat 3 2024  F_UCI 0.0523688
Model_1_goa_dr_2022.dat 3 2024  F_Median 0.0523667
Model_1_goa_dr_2022.dat 3 2024  F_Mean 0.0523661
Model_1_goa_dr_2022.dat 3 2025 F0 0 
Model_1_goa_dr_2022.dat 3 2025 Fabc 0.0913417
Model_1_goa_dr_2022.dat 3 2025 Fofl 0.112301
Model_1_goa_dr_2022.dat 3 2025  F_LCI 0.0456709
Model_1_goa_dr_2022.dat 3 2025  F_UCI 0.0456709
Model_1_goa_dr_2022.dat 3 2025  F_Median 0.0456709
Model_1_goa_dr_2022.dat 3 2025  F_Mean 0.0456709
Model_1_goa_dr_2022.dat 3 2026 F0 0 
Model_1_goa_dr_2022.dat 3 2026 Fabc 0.0913417
Model_1_goa_dr_2022.dat 3 2026 Fofl 0.112301
Model_1_goa_dr_2022.dat 3 2026  F_LCI 0.0456709
Model_1_goa_dr_2022.dat 3 2026  F_UCI 0.0456709
Model_1_goa_dr_2022.dat 3 2026  F_Median 0.0456709
Model_1_goa_dr_2022.dat 3 2026  F_Mean 0.0456709
Model_1_goa_dr_2022.dat 3 2027 F0 0 
Model_1_goa_dr_2022.dat 3 2027 Fabc 0.0913417
Model_1_goa_dr_2022.dat 3 2027 Fofl 0.112301
Model_1_goa_dr_2022.dat 3 2027  F_LCI 0.0456709
Model_1_goa_dr_2022.dat 3 2027  F_UCI 0.0456709
Model_1_goa_dr_2022.dat 3 2027  F_Median 0.0456709
Model_1_goa_dr_2022.dat 3 2027  F_Mean 0.0456709
Model_1_goa_dr_2022.dat 3 2028 F0 0 
Model_1_goa_dr_2022.dat 3 2028 Fabc 0.0913417
Model_1_goa_dr_2022.dat 3 2028 Fofl 0.112301
Model_1_goa_dr_2022.dat 3 2028  F_LCI 0.0456709
Model_1_goa_dr_2022.dat 3 2028  F_UCI 0.0456709
Model_1_goa_dr_2022.dat 3 2028  F_Median 0.0456709
Model_1_goa_dr_2022.dat 3 2028  F_Mean 0.0456709
Model_1_goa_dr_2022.dat 3 2029 F0 0 
Model_1_goa_dr_2022.dat 3 2029 Fabc 0.0913417
Model_1_goa_dr_2022.dat 3 2029 Fofl 0.112301
Model_1_goa_dr_2022.dat 3 2029  F_LCI 0.0456709
Model_1_goa_dr_2022.dat 3 2029  F_UCI 0.0456709
Model_1_goa_dr_2022.dat 3 2029  F_Median 0.0456709
Model_1_goa_dr_2022.dat 3 2029  F_Mean 0.0456709
Model_1_goa_dr_2022.dat 3 2030 F0 0 
Model_1_goa_dr_2022.dat 3 2030 Fabc 0.0913417
Model_1_goa_dr_2022.dat 3 2030 Fofl 0.112301
Model_1_goa_dr_2022.dat 3 2030  F_LCI 0.0456709
Model_1_goa_dr_2022.dat 3 2030  F_UCI 0.0456709
Model_1_goa_dr_2022.dat 3 2030  F_Median 0.0456709
Model_1_goa_dr_2022.dat 3 2030  F_Mean 0.0456709
Model_1_goa_dr_2022.dat 3 2031 F0 0 
Model_1_goa_dr_2022.dat 3 2031 Fabc 0.0913417
Model_1_goa_dr_2022.dat 3 2031 Fofl 0.112301
Model_1_goa_dr_2022.dat 3 2031  F_LCI 0.0456709
Model_1_goa_dr_2022.dat 3 2031  F_UCI 0.0456709
Model_1_goa_dr_2022.dat 3 2031  F_Median 0.0456709
Model_1_goa_dr_2022.dat 3 2031  F_Mean 0.0456709
Model_1_goa_dr_2022.dat 3 2032 F0 0 
Model_1_goa_dr_2022.dat 3 2032 Fabc 0.0913417
Model_1_goa_dr_2022.dat 3 2032 Fofl 0.112301
Model_1_goa_dr_2022.dat 3 2032  F_LCI 0.0456709
Model_1_goa_dr_2022.dat 3 2032  F_UCI 0.0456709
Model_1_goa_dr_2022.dat 3 2032  F_Median 0.0456709
Model_1_goa_dr_2022.dat 3 2032  F_Mean 0.0456709
Model_1_goa_dr_2022.dat 3 2033 F0 0 
Model_1_goa_dr_2022.dat 3 2033 Fabc 0.0913417
Model_1_goa_dr_2022.dat 3 2033 Fofl 0.112301
Model_1_goa_dr_2022.dat 3 2033  F_LCI 0.0456709
Model_1_goa_dr_2022.dat 3 2033  F_UCI 0.0456709
Model_1_goa_dr_2022.dat 3 2033  F_Median 0.0456709
Model_1_goa_dr_2022.dat 3 2033  F_Mean 0.0456703
Model_1_goa_dr_2022.dat 3 2034 F0 0 
Model_1_goa_dr_2022.dat 3 2034 Fabc 0.0913417
Model_1_goa_dr_2022.dat 3 2034 Fofl 0.112301
Model_1_goa_dr_2022.dat 3 2034  F_LCI 0.0456709
Model_1_goa_dr_2022.dat 3 2034  F_UCI 0.0456709
Model_1_goa_dr_2022.dat 3 2034  F_Median 0.0456709
Model_1_goa_dr_2022.dat 3 2034  F_Mean 0.0456654
Model_1_goa_dr_2022.dat 3 2035 F0 0 
Model_1_goa_dr_2022.dat 3 2035 Fabc 0.0913417
Model_1_goa_dr_2022.dat 3 2035 Fofl 0.112301
Model_1_goa_dr_2022.dat 3 2035  F_LCI 0.0456709
Model_1_goa_dr_2022.dat 3 2035  F_UCI 0.0456709
Model_1_goa_dr_2022.dat 3 2035  F_Median 0.0456709
Model_1_goa_dr_2022.dat 3 2035  F_Mean 0.0456569
Model_1_goa_dr_2022.dat 4 2022 Cabc 4.6223
Model_1_goa_dr_2022.dat 4 2022 Cofl 4.9419
Model_1_goa_dr_2022.dat 4 2022 CLCI 2.64385
Model_1_goa_dr_2022.dat 4 2022 CUCI 2.64385
Model_1_goa_dr_2022.dat 4 2022 CMedian 2.64385
Model_1_goa_dr_2022.dat 4 2022 CMean 2.64385
Model_1_goa_dr_2022.dat 4 2023 Cabc 4.6223
Model_1_goa_dr_2022.dat 4 2023 Cofl 4.9419
Model_1_goa_dr_2022.dat 4 2023 CLCI 4.78731
Model_1_goa_dr_2022.dat 4 2023 CUCI 4.78731
Model_1_goa_dr_2022.dat 4 2023 CMedian 4.78731
Model_1_goa_dr_2022.dat 4 2023 CMean 4.78731
Model_1_goa_dr_2022.dat 4 2024 Cabc 4.6223
Model_1_goa_dr_2022.dat 4 2024 Cofl 4.9419
Model_1_goa_dr_2022.dat 4 2024 CLCI 4.39123
Model_1_goa_dr_2022.dat 4 2024 CUCI 4.39123
Model_1_goa_dr_2022.dat 4 2024 CMedian 4.39123
Model_1_goa_dr_2022.dat 4 2024 CMean 4.39123
Model_1_goa_dr_2022.dat 4 2025 Cabc 4.6223
Model_1_goa_dr_2022.dat 4 2025 Cofl 4.9419
Model_1_goa_dr_2022.dat 4 2025 CLCI 2.4475
Model_1_goa_dr_2022.dat 4 2025 CUCI 2.44913
Model_1_goa_dr_2022.dat 4 2025 CMedian 2.44796
Model_1_goa_dr_2022.dat 4 2025 CMean 2.44809
Model_1_goa_dr_2022.dat 4 2026 Cabc 4.6223
Model_1_goa_dr_2022.dat 4 2026 Cofl 4.9419
Model_1_goa_dr_2022.dat 4 2026 CLCI 2.34215
Model_1_goa_dr_2022.dat 4 2026 CUCI 2.34856
Model_1_goa_dr_2022.dat 4 2026 CMedian 2.34401
Model_1_goa_dr_2022.dat 4 2026 CMean 2.34451
Model_1_goa_dr_2022.dat 4 2027 Cabc 4.6223
Model_1_goa_dr_2022.dat 4 2027 Cofl 4.9419
Model_1_goa_dr_2022.dat 4 2027 CLCI 2.22958
Model_1_goa_dr_2022.dat 4 2027 CUCI 2.25284
Model_1_goa_dr_2022.dat 4 2027 CMedian 2.23641
Model_1_goa_dr_2022.dat 4 2027 CMean 2.23821
Model_1_goa_dr_2022.dat 4 2028 Cabc 4.6223
Model_1_goa_dr_2022.dat 4 2028 Cofl 4.9419
Model_1_goa_dr_2022.dat 4 2028 CLCI 2.12061
Model_1_goa_dr_2022.dat 4 2028 CUCI 2.1932
Model_1_goa_dr_2022.dat 4 2028 CMedian 2.14232
Model_1_goa_dr_2022.dat 4 2028 CMean 2.14814
Model_1_goa_dr_2022.dat 4 2029 Cabc 4.6223
Model_1_goa_dr_2022.dat 4 2029 Cofl 4.9419
Model_1_goa_dr_2022.dat 4 2029 CLCI 2.02436
Model_1_goa_dr_2022.dat 4 2029 CUCI 2.20911
Model_1_goa_dr_2022.dat 4 2029 CMedian 2.08198
Model_1_goa_dr_2022.dat 4 2029 CMean 2.09522
Model_1_goa_dr_2022.dat 4 2030 Cabc 4.6223
Model_1_goa_dr_2022.dat 4 2030 Cofl 4.9419
Model_1_goa_dr_2022.dat 4 2030 CLCI 1.95148
Model_1_goa_dr_2022.dat 4 2030 CUCI 2.2942
Model_1_goa_dr_2022.dat 4 2030 CMedian 2.06434
Model_1_goa_dr_2022.dat 4 2030 CMean 2.0866
Model_1_goa_dr_2022.dat 4 2031 Cabc 4.6223
Model_1_goa_dr_2022.dat 4 2031 Cofl 4.9419
Model_1_goa_dr_2022.dat 4 2031 CLCI 1.90824
Model_1_goa_dr_2022.dat 4 2031 CUCI 2.39989
Model_1_goa_dr_2022.dat 4 2031 CMedian 2.07339
Model_1_goa_dr_2022.dat 4 2031 CMean 2.10712
Model_1_goa_dr_2022.dat 4 2032 Cabc 4.6223
Model_1_goa_dr_2022.dat 4 2032 Cofl 4.9419
Model_1_goa_dr_2022.dat 4 2032 CLCI 1.88053
Model_1_goa_dr_2022.dat 4 2032 CUCI 2.51301
Model_1_goa_dr_2022.dat 4 2032 CMedian 2.10088
Model_1_goa_dr_2022.dat 4 2032 CMean 2.1397
Model_1_goa_dr_2022.dat 4 2033 Cabc 4.6223
Model_1_goa_dr_2022.dat 4 2033 Cofl 4.9419
Model_1_goa_dr_2022.dat 4 2033 CLCI 1.85918
Model_1_goa_dr_2022.dat 4 2033 CUCI 2.61005
Model_1_goa_dr_2022.dat 4 2033 CMedian 2.13759
Model_1_goa_dr_2022.dat 4 2033 CMean 2.17484
Model_1_goa_dr_2022.dat 4 2034 Cabc 4.6223
Model_1_goa_dr_2022.dat 4 2034 Cofl 4.9419
Model_1_goa_dr_2022.dat 4 2034 CLCI 1.84587
Model_1_goa_dr_2022.dat 4 2034 CUCI 2.6863
Model_1_goa_dr_2022.dat 4 2034 CMedian 2.17241
Model_1_goa_dr_2022.dat 4 2034 CMean 2.20937
Model_1_goa_dr_2022.dat 4 2035 Cabc 4.6223
Model_1_goa_dr_2022.dat 4 2035 Cofl 4.9419
Model_1_goa_dr_2022.dat 4 2035 CLCI 1.8472
Model_1_goa_dr_2022.dat 4 2035 CUCI 2.75074
Model_1_goa_dr_2022.dat 4 2035 CMedian 2.2066
Model_1_goa_dr_2022.dat 4 2035 CMean 2.24368
Model_1_goa_dr_2022.dat 4 2022 SSBF100 65.5649
Model_1_goa_dr_2022.dat 4 2022 SSBFabc 26.2259
Model_1_goa_dr_2022.dat 4 2022 SSBFofl 22.9477
Model_1_goa_dr_2022.dat 4 2022 SSBLCI 45.051
Model_1_goa_dr_2022.dat 4 2022 SSBUCI 45.051
Model_1_goa_dr_2022.dat 4 2022 SSBMedian 45.051
Model_1_goa_dr_2022.dat 4 2022 SSBMean 45.051
Model_1_goa_dr_2022.dat 4 2023 SSBF100 65.5649
Model_1_goa_dr_2022.dat 4 2023 SSBFabc 26.2259
Model_1_goa_dr_2022.dat 4 2023 SSBFofl 22.9477
Model_1_goa_dr_2022.dat 4 2023 SSBLCI 44.4859
Model_1_goa_dr_2022.dat 4 2023 SSBUCI 44.5128
Model_1_goa_dr_2022.dat 4 2023 SSBMedian 44.4929
Model_1_goa_dr_2022.dat 4 2023 SSBMean 44.4953
Model_1_goa_dr_2022.dat 4 2024 SSBF100 65.5649
Model_1_goa_dr_2022.dat 4 2024 SSBFabc 26.2259
Model_1_goa_dr_2022.dat 4 2024 SSBFofl 22.9477
Model_1_goa_dr_2022.dat 4 2024 SSBLCI 42.5488
Model_1_goa_dr_2022.dat 4 2024 SSBUCI 42.6351
Model_1_goa_dr_2022.dat 4 2024 SSBMedian 42.5746
Model_1_goa_dr_2022.dat 4 2024 SSBMean 42.5814
Model_1_goa_dr_2022.dat 4 2025 SSBF100 65.5649
Model_1_goa_dr_2022.dat 4 2025 SSBFabc 26.2259
Model_1_goa_dr_2022.dat 4 2025 SSBFofl 22.9477
Model_1_goa_dr_2022.dat 4 2025 SSBLCI 40.5165
Model_1_goa_dr_2022.dat 4 2025 SSBUCI 40.747
Model_1_goa_dr_2022.dat 4 2025 SSBMedian 40.5865
Model_1_goa_dr_2022.dat 4 2025 SSBMean 40.6052
Model_1_goa_dr_2022.dat 4 2026 SSBF100 65.5649
Model_1_goa_dr_2022.dat 4 2026 SSBFabc 26.2259
Model_1_goa_dr_2022.dat 4 2026 SSBFofl 22.9477
Model_1_goa_dr_2022.dat 4 2026 SSBLCI 38.9804
Model_1_goa_dr_2022.dat 4 2026 SSBUCI 39.5165
Model_1_goa_dr_2022.dat 4 2026 SSBMedian 39.1512
Model_1_goa_dr_2022.dat 4 2026 SSBMean 39.1899
Model_1_goa_dr_2022.dat 4 2027 SSBF100 65.5649
Model_1_goa_dr_2022.dat 4 2027 SSBFabc 26.2259
Model_1_goa_dr_2022.dat 4 2027 SSBFofl 22.9477
Model_1_goa_dr_2022.dat 4 2027 SSBLCI 37.3439
Model_1_goa_dr_2022.dat 4 2027 SSBUCI 38.4796
Model_1_goa_dr_2022.dat 4 2027 SSBMedian 37.7218
Model_1_goa_dr_2022.dat 4 2027 SSBMean 37.7909
Model_1_goa_dr_2022.dat 4 2028 SSBF100 65.5649
Model_1_goa_dr_2022.dat 4 2028 SSBFabc 26.2259
Model_1_goa_dr_2022.dat 4 2028 SSBFofl 22.9477
Model_1_goa_dr_2022.dat 4 2028 SSBLCI 35.7505
Model_1_goa_dr_2022.dat 4 2028 SSBUCI 37.9088
Model_1_goa_dr_2022.dat 4 2028 SSBMedian 36.4676
Model_1_goa_dr_2022.dat 4 2028 SSBMean 36.6112
Model_1_goa_dr_2022.dat 4 2029 SSBF100 65.5649
Model_1_goa_dr_2022.dat 4 2029 SSBFabc 26.2259
Model_1_goa_dr_2022.dat 4 2029 SSBFofl 22.9477
Model_1_goa_dr_2022.dat 4 2029 SSBLCI 34.3411
Model_1_goa_dr_2022.dat 4 2029 SSBUCI 38.0635
Model_1_goa_dr_2022.dat 4 2029 SSBMedian 35.5798
Model_1_goa_dr_2022.dat 4 2029 SSBMean 35.8109
Model_1_goa_dr_2022.dat 4 2030 SSBF100 65.5649
Model_1_goa_dr_2022.dat 4 2030 SSBFabc 26.2259
Model_1_goa_dr_2022.dat 4 2030 SSBFofl 22.9477
Model_1_goa_dr_2022.dat 4 2030 SSBLCI 33.2071
Model_1_goa_dr_2022.dat 4 2030 SSBUCI 38.7662
Model_1_goa_dr_2022.dat 4 2030 SSBMedian 35.0758
Model_1_goa_dr_2022.dat 4 2030 SSBMean 35.4615
Model_1_goa_dr_2022.dat 4 2031 SSBF100 65.5649
Model_1_goa_dr_2022.dat 4 2031 SSBFabc 26.2259
Model_1_goa_dr_2022.dat 4 2031 SSBFofl 22.9477
Model_1_goa_dr_2022.dat 4 2031 SSBLCI 32.4111
Model_1_goa_dr_2022.dat 4 2031 SSBUCI 39.9153
Model_1_goa_dr_2022.dat 4 2031 SSBMedian 35.0302
Model_1_goa_dr_2022.dat 4 2031 SSBMean 35.5036
Model_1_goa_dr_2022.dat 4 2032 SSBF100 65.5649
Model_1_goa_dr_2022.dat 4 2032 SSBFabc 26.2259
Model_1_goa_dr_2022.dat 4 2032 SSBFofl 22.9477
Model_1_goa_dr_2022.dat 4 2032 SSBLCI 31.8059
Model_1_goa_dr_2022.dat 4 2032 SSBUCI 41.4706
Model_1_goa_dr_2022.dat 4 2032 SSBMedian 35.2584
Model_1_goa_dr_2022.dat 4 2032 SSBMean 35.8124
Model_1_goa_dr_2022.dat 4 2033 SSBF100 65.5649
Model_1_goa_dr_2022.dat 4 2033 SSBFabc 26.2259
Model_1_goa_dr_2022.dat 4 2033 SSBFofl 22.9477
Model_1_goa_dr_2022.dat 4 2033 SSBLCI 31.4206
Model_1_goa_dr_2022.dat 4 2033 SSBUCI 43.0096
Model_1_goa_dr_2022.dat 4 2033 SSBMedian 35.7213
Model_1_goa_dr_2022.dat 4 2033 SSBMean 36.2735
Model_1_goa_dr_2022.dat 4 2034 SSBF100 65.5649
Model_1_goa_dr_2022.dat 4 2034 SSBFabc 26.2259
Model_1_goa_dr_2022.dat 4 2034 SSBFofl 22.9477
Model_1_goa_dr_2022.dat 4 2034 SSBLCI 31.2133
Model_1_goa_dr_2022.dat 4 2034 SSBUCI 44.3845
Model_1_goa_dr_2022.dat 4 2034 SSBMedian 36.2227
Model_1_goa_dr_2022.dat 4 2034 SSBMean 36.8042
Model_1_goa_dr_2022.dat 4 2035 SSBF100 65.5649
Model_1_goa_dr_2022.dat 4 2035 SSBFabc 26.2259
Model_1_goa_dr_2022.dat 4 2035 SSBFofl 22.9477
Model_1_goa_dr_2022.dat 4 2035 SSBLCI 31.2425
Model_1_goa_dr_2022.dat 4 2035 SSBUCI 45.2609
Model_1_goa_dr_2022.dat 4 2035 SSBMedian 36.84
Model_1_goa_dr_2022.dat 4 2035 SSBMean 37.3588
Model_1_goa_dr_2022.dat 4 2022 F0 0 
Model_1_goa_dr_2022.dat 4 2022 Fabc 0.0913417
Model_1_goa_dr_2022.dat 4 2022 Fofl 0.112301
Model_1_goa_dr_2022.dat 4 2022  F_LCI 0.0291545
Model_1_goa_dr_2022.dat 4 2022  F_UCI 0.0291545
Model_1_goa_dr_2022.dat 4 2022  F_Median 0.0291545
Model_1_goa_dr_2022.dat 4 2022  F_Mean 0.0291545
Model_1_goa_dr_2022.dat 4 2023 F0 0 
Model_1_goa_dr_2022.dat 4 2023 Fabc 0.0913417
Model_1_goa_dr_2022.dat 4 2023 Fofl 0.112301
Model_1_goa_dr_2022.dat 4 2023  F_LCI 0.0542795
Model_1_goa_dr_2022.dat 4 2023  F_UCI 0.0542809
Model_1_goa_dr_2022.dat 4 2023  F_Median 0.0542805
Model_1_goa_dr_2022.dat 4 2023  F_Mean 0.0542804
Model_1_goa_dr_2022.dat 4 2024 F0 0 
Model_1_goa_dr_2022.dat 4 2024 Fabc 0.0913417
Model_1_goa_dr_2022.dat 4 2024 Fofl 0.112301
Model_1_goa_dr_2022.dat 4 2024  F_LCI 0.0523612
Model_1_goa_dr_2022.dat 4 2024  F_UCI 0.0523688
Model_1_goa_dr_2022.dat 4 2024  F_Median 0.0523667
Model_1_goa_dr_2022.dat 4 2024  F_Mean 0.0523661
Model_1_goa_dr_2022.dat 4 2025 F0 0 
Model_1_goa_dr_2022.dat 4 2025 Fabc 0.0913417
Model_1_goa_dr_2022.dat 4 2025 Fofl 0.112301
Model_1_goa_dr_2022.dat 4 2025  F_LCI 0.0305845
Model_1_goa_dr_2022.dat 4 2025  F_UCI 0.0305845
Model_1_goa_dr_2022.dat 4 2025  F_Median 0.0305845
Model_1_goa_dr_2022.dat 4 2025  F_Mean 0.0305845
Model_1_goa_dr_2022.dat 4 2026 F0 0 
Model_1_goa_dr_2022.dat 4 2026 Fabc 0.0913417
Model_1_goa_dr_2022.dat 4 2026 Fofl 0.112301
Model_1_goa_dr_2022.dat 4 2026  F_LCI 0.0305845
Model_1_goa_dr_2022.dat 4 2026  F_UCI 0.0305845
Model_1_goa_dr_2022.dat 4 2026  F_Median 0.0305845
Model_1_goa_dr_2022.dat 4 2026  F_Mean 0.0305845
Model_1_goa_dr_2022.dat 4 2027 F0 0 
Model_1_goa_dr_2022.dat 4 2027 Fabc 0.0913417
Model_1_goa_dr_2022.dat 4 2027 Fofl 0.112301
Model_1_goa_dr_2022.dat 4 2027  F_LCI 0.0305845
Model_1_goa_dr_2022.dat 4 2027  F_UCI 0.0305845
Model_1_goa_dr_2022.dat 4 2027  F_Median 0.0305845
Model_1_goa_dr_2022.dat 4 2027  F_Mean 0.0305845
Model_1_goa_dr_2022.dat 4 2028 F0 0 
Model_1_goa_dr_2022.dat 4 2028 Fabc 0.0913417
Model_1_goa_dr_2022.dat 4 2028 Fofl 0.112301
Model_1_goa_dr_2022.dat 4 2028  F_LCI 0.0305845
Model_1_goa_dr_2022.dat 4 2028  F_UCI 0.0305845
Model_1_goa_dr_2022.dat 4 2028  F_Median 0.0305845
Model_1_goa_dr_2022.dat 4 2028  F_Mean 0.0305845
Model_1_goa_dr_2022.dat 4 2029 F0 0 
Model_1_goa_dr_2022.dat 4 2029 Fabc 0.0913417
Model_1_goa_dr_2022.dat 4 2029 Fofl 0.112301
Model_1_goa_dr_2022.dat 4 2029  F_LCI 0.0305845
Model_1_goa_dr_2022.dat 4 2029  F_UCI 0.0305845
Model_1_goa_dr_2022.dat 4 2029  F_Median 0.0305845
Model_1_goa_dr_2022.dat 4 2029  F_Mean 0.0305845
Model_1_goa_dr_2022.dat 4 2030 F0 0 
Model_1_goa_dr_2022.dat 4 2030 Fabc 0.0913417
Model_1_goa_dr_2022.dat 4 2030 Fofl 0.112301
Model_1_goa_dr_2022.dat 4 2030  F_LCI 0.0305845
Model_1_goa_dr_2022.dat 4 2030  F_UCI 0.0305845
Model_1_goa_dr_2022.dat 4 2030  F_Median 0.0305845
Model_1_goa_dr_2022.dat 4 2030  F_Mean 0.0305845
Model_1_goa_dr_2022.dat 4 2031 F0 0 
Model_1_goa_dr_2022.dat 4 2031 Fabc 0.0913417
Model_1_goa_dr_2022.dat 4 2031 Fofl 0.112301
Model_1_goa_dr_2022.dat 4 2031  F_LCI 0.0305845
Model_1_goa_dr_2022.dat 4 2031  F_UCI 0.0305845
Model_1_goa_dr_2022.dat 4 2031  F_Median 0.0305845
Model_1_goa_dr_2022.dat 4 2031  F_Mean 0.0305845
Model_1_goa_dr_2022.dat 4 2032 F0 0 
Model_1_goa_dr_2022.dat 4 2032 Fabc 0.0913417
Model_1_goa_dr_2022.dat 4 2032 Fofl 0.112301
Model_1_goa_dr_2022.dat 4 2032  F_LCI 0.0305845
Model_1_goa_dr_2022.dat 4 2032  F_UCI 0.0305845
Model_1_goa_dr_2022.dat 4 2032  F_Median 0.0305845
Model_1_goa_dr_2022.dat 4 2032  F_Mean 0.0305845
Model_1_goa_dr_2022.dat 4 2033 F0 0 
Model_1_goa_dr_2022.dat 4 2033 Fabc 0.0913417
Model_1_goa_dr_2022.dat 4 2033 Fofl 0.112301
Model_1_goa_dr_2022.dat 4 2033  F_LCI 0.0305845
Model_1_goa_dr_2022.dat 4 2033  F_UCI 0.0305845
Model_1_goa_dr_2022.dat 4 2033  F_Median 0.0305845
Model_1_goa_dr_2022.dat 4 2033  F_Mean 0.0305845
Model_1_goa_dr_2022.dat 4 2034 F0 0 
Model_1_goa_dr_2022.dat 4 2034 Fabc 0.0913417
Model_1_goa_dr_2022.dat 4 2034 Fofl 0.112301
Model_1_goa_dr_2022.dat 4 2034  F_LCI 0.0305845
Model_1_goa_dr_2022.dat 4 2034  F_UCI 0.0305845
Model_1_goa_dr_2022.dat 4 2034  F_Median 0.0305845
Model_1_goa_dr_2022.dat 4 2034  F_Mean 0.0305845
Model_1_goa_dr_2022.dat 4 2035 F0 0 
Model_1_goa_dr_2022.dat 4 2035 Fabc 0.0913417
Model_1_goa_dr_2022.dat 4 2035 Fofl 0.112301
Model_1_goa_dr_2022.dat 4 2035  F_LCI 0.0305845
Model_1_goa_dr_2022.dat 4 2035  F_UCI 0.0305845
Model_1_goa_dr_2022.dat 4 2035  F_Median 0.0305845
Model_1_goa_dr_2022.dat 4 2035  F_Mean 0.0305845
Model_1_goa_dr_2022.dat 5 2022 Cabc 4.6223
Model_1_goa_dr_2022.dat 5 2022 Cofl 4.9419
Model_1_goa_dr_2022.dat 5 2022 CLCI 2.64385
Model_1_goa_dr_2022.dat 5 2022 CUCI 2.64385
Model_1_goa_dr_2022.dat 5 2022 CMedian 2.64385
Model_1_goa_dr_2022.dat 5 2022 CMean 2.64385
Model_1_goa_dr_2022.dat 5 2023 Cabc 4.6223
Model_1_goa_dr_2022.dat 5 2023 Cofl 4.9419
Model_1_goa_dr_2022.dat 5 2023 CLCI 4.78731
Model_1_goa_dr_2022.dat 5 2023 CUCI 4.78731
Model_1_goa_dr_2022.dat 5 2023 CMedian 4.78731
Model_1_goa_dr_2022.dat 5 2023 CMean 4.78731
Model_1_goa_dr_2022.dat 5 2024 Cabc 4.6223
Model_1_goa_dr_2022.dat 5 2024 Cofl 4.9419
Model_1_goa_dr_2022.dat 5 2024 CLCI 4.39123
Model_1_goa_dr_2022.dat 5 2024 CUCI 4.39123
Model_1_goa_dr_2022.dat 5 2024 CMedian 4.39123
Model_1_goa_dr_2022.dat 5 2024 CMean 4.39123
Model_1_goa_dr_2022.dat 5 2025 Cabc 4.6223
Model_1_goa_dr_2022.dat 5 2025 Cofl 4.9419
Model_1_goa_dr_2022.dat 5 2025 CLCI 0
Model_1_goa_dr_2022.dat 5 2025 CUCI 0
Model_1_goa_dr_2022.dat 5 2025 CMedian 0
Model_1_goa_dr_2022.dat 5 2025 CMean 0
Model_1_goa_dr_2022.dat 5 2026 Cabc 4.6223
Model_1_goa_dr_2022.dat 5 2026 Cofl 4.9419
Model_1_goa_dr_2022.dat 5 2026 CLCI 0
Model_1_goa_dr_2022.dat 5 2026 CUCI 0
Model_1_goa_dr_2022.dat 5 2026 CMedian 0
Model_1_goa_dr_2022.dat 5 2026 CMean 0
Model_1_goa_dr_2022.dat 5 2027 Cabc 4.6223
Model_1_goa_dr_2022.dat 5 2027 Cofl 4.9419
Model_1_goa_dr_2022.dat 5 2027 CLCI 0
Model_1_goa_dr_2022.dat 5 2027 CUCI 0
Model_1_goa_dr_2022.dat 5 2027 CMedian 0
Model_1_goa_dr_2022.dat 5 2027 CMean 0
Model_1_goa_dr_2022.dat 5 2028 Cabc 4.6223
Model_1_goa_dr_2022.dat 5 2028 Cofl 4.9419
Model_1_goa_dr_2022.dat 5 2028 CLCI 0
Model_1_goa_dr_2022.dat 5 2028 CUCI 0
Model_1_goa_dr_2022.dat 5 2028 CMedian 0
Model_1_goa_dr_2022.dat 5 2028 CMean 0
Model_1_goa_dr_2022.dat 5 2029 Cabc 4.6223
Model_1_goa_dr_2022.dat 5 2029 Cofl 4.9419
Model_1_goa_dr_2022.dat 5 2029 CLCI 0
Model_1_goa_dr_2022.dat 5 2029 CUCI 0
Model_1_goa_dr_2022.dat 5 2029 CMedian 0
Model_1_goa_dr_2022.dat 5 2029 CMean 0
Model_1_goa_dr_2022.dat 5 2030 Cabc 4.6223
Model_1_goa_dr_2022.dat 5 2030 Cofl 4.9419
Model_1_goa_dr_2022.dat 5 2030 CLCI 0
Model_1_goa_dr_2022.dat 5 2030 CUCI 0
Model_1_goa_dr_2022.dat 5 2030 CMedian 0
Model_1_goa_dr_2022.dat 5 2030 CMean 0
Model_1_goa_dr_2022.dat 5 2031 Cabc 4.6223
Model_1_goa_dr_2022.dat 5 2031 Cofl 4.9419
Model_1_goa_dr_2022.dat 5 2031 CLCI 0
Model_1_goa_dr_2022.dat 5 2031 CUCI 0
Model_1_goa_dr_2022.dat 5 2031 CMedian 0
Model_1_goa_dr_2022.dat 5 2031 CMean 0
Model_1_goa_dr_2022.dat 5 2032 Cabc 4.6223
Model_1_goa_dr_2022.dat 5 2032 Cofl 4.9419
Model_1_goa_dr_2022.dat 5 2032 CLCI 0
Model_1_goa_dr_2022.dat 5 2032 CUCI 0
Model_1_goa_dr_2022.dat 5 2032 CMedian 0
Model_1_goa_dr_2022.dat 5 2032 CMean 0
Model_1_goa_dr_2022.dat 5 2033 Cabc 4.6223
Model_1_goa_dr_2022.dat 5 2033 Cofl 4.9419
Model_1_goa_dr_2022.dat 5 2033 CLCI 0
Model_1_goa_dr_2022.dat 5 2033 CUCI 0
Model_1_goa_dr_2022.dat 5 2033 CMedian 0
Model_1_goa_dr_2022.dat 5 2033 CMean 0
Model_1_goa_dr_2022.dat 5 2034 Cabc 4.6223
Model_1_goa_dr_2022.dat 5 2034 Cofl 4.9419
Model_1_goa_dr_2022.dat 5 2034 CLCI 0
Model_1_goa_dr_2022.dat 5 2034 CUCI 0
Model_1_goa_dr_2022.dat 5 2034 CMedian 0
Model_1_goa_dr_2022.dat 5 2034 CMean 0
Model_1_goa_dr_2022.dat 5 2035 Cabc 4.6223
Model_1_goa_dr_2022.dat 5 2035 Cofl 4.9419
Model_1_goa_dr_2022.dat 5 2035 CLCI 0
Model_1_goa_dr_2022.dat 5 2035 CUCI 0
Model_1_goa_dr_2022.dat 5 2035 CMedian 0
Model_1_goa_dr_2022.dat 5 2035 CMean 0
Model_1_goa_dr_2022.dat 5 2022 SSBF100 65.5649
Model_1_goa_dr_2022.dat 5 2022 SSBFabc 26.2259
Model_1_goa_dr_2022.dat 5 2022 SSBFofl 22.9477
Model_1_goa_dr_2022.dat 5 2022 SSBLCI 45.051
Model_1_goa_dr_2022.dat 5 2022 SSBUCI 45.051
Model_1_goa_dr_2022.dat 5 2022 SSBMedian 45.051
Model_1_goa_dr_2022.dat 5 2022 SSBMean 45.051
Model_1_goa_dr_2022.dat 5 2023 SSBF100 65.5649
Model_1_goa_dr_2022.dat 5 2023 SSBFabc 26.2259
Model_1_goa_dr_2022.dat 5 2023 SSBFofl 22.9477
Model_1_goa_dr_2022.dat 5 2023 SSBLCI 44.4859
Model_1_goa_dr_2022.dat 5 2023 SSBUCI 44.5128
Model_1_goa_dr_2022.dat 5 2023 SSBMedian 44.4929
Model_1_goa_dr_2022.dat 5 2023 SSBMean 44.4953
Model_1_goa_dr_2022.dat 5 2024 SSBF100 65.5649
Model_1_goa_dr_2022.dat 5 2024 SSBFabc 26.2259
Model_1_goa_dr_2022.dat 5 2024 SSBFofl 22.9477
Model_1_goa_dr_2022.dat 5 2024 SSBLCI 42.5488
Model_1_goa_dr_2022.dat 5 2024 SSBUCI 42.6351
Model_1_goa_dr_2022.dat 5 2024 SSBMedian 42.5746
Model_1_goa_dr_2022.dat 5 2024 SSBMean 42.5814
Model_1_goa_dr_2022.dat 5 2025 SSBF100 65.5649
Model_1_goa_dr_2022.dat 5 2025 SSBFabc 26.2259
Model_1_goa_dr_2022.dat 5 2025 SSBFofl 22.9477
Model_1_goa_dr_2022.dat 5 2025 SSBLCI 40.7171
Model_1_goa_dr_2022.dat 5 2025 SSBUCI 40.9477
Model_1_goa_dr_2022.dat 5 2025 SSBMedian 40.7872
Model_1_goa_dr_2022.dat 5 2025 SSBMean 40.8058
Model_1_goa_dr_2022.dat 5 2026 SSBF100 65.5649
Model_1_goa_dr_2022.dat 5 2026 SSBFabc 26.2259
Model_1_goa_dr_2022.dat 5 2026 SSBFofl 22.9477
Model_1_goa_dr_2022.dat 5 2026 SSBLCI 40.3329
Model_1_goa_dr_2022.dat 5 2026 SSBUCI 40.8693
Model_1_goa_dr_2022.dat 5 2026 SSBMedian 40.5038
Model_1_goa_dr_2022.dat 5 2026 SSBMean 40.5425
Model_1_goa_dr_2022.dat 5 2027 SSBF100 65.5649
Model_1_goa_dr_2022.dat 5 2027 SSBFabc 26.2259
Model_1_goa_dr_2022.dat 5 2027 SSBFofl 22.9477
Model_1_goa_dr_2022.dat 5 2027 SSBLCI 39.7597
Model_1_goa_dr_2022.dat 5 2027 SSBUCI 40.8967
Model_1_goa_dr_2022.dat 5 2027 SSBMedian 40.1379
Model_1_goa_dr_2022.dat 5 2027 SSBMean 40.2071
Model_1_goa_dr_2022.dat 5 2028 SSBF100 65.5649
Model_1_goa_dr_2022.dat 5 2028 SSBFabc 26.2259
Model_1_goa_dr_2022.dat 5 2028 SSBFofl 22.9477
Model_1_goa_dr_2022.dat 5 2028 SSBLCI 39.126
Model_1_goa_dr_2022.dat 5 2028 SSBUCI 41.2937
Model_1_goa_dr_2022.dat 5 2028 SSBMedian 39.8449
Model_1_goa_dr_2022.dat 5 2028 SSBMean 39.9895
Model_1_goa_dr_2022.dat 5 2029 SSBF100 65.5649
Model_1_goa_dr_2022.dat 5 2029 SSBFabc 26.2259
Model_1_goa_dr_2022.dat 5 2029 SSBFofl 22.9477
Model_1_goa_dr_2022.dat 5 2029 SSBLCI 38.5724
Model_1_goa_dr_2022.dat 5 2029 SSBUCI 42.3248
Model_1_goa_dr_2022.dat 5 2029 SSBMedian 39.8167
Model_1_goa_dr_2022.dat 5 2029 SSBMean 40.0511
Model_1_goa_dr_2022.dat 5 2030 SSBF100 65.5649
Model_1_goa_dr_2022.dat 5 2030 SSBFabc 26.2259
Model_1_goa_dr_2022.dat 5 2030 SSBFofl 22.9477
Model_1_goa_dr_2022.dat 5 2030 SSBLCI 38.1916
Model_1_goa_dr_2022.dat 5 2030 SSBUCI 43.8627
Model_1_goa_dr_2022.dat 5 2030 SSBMedian 40.0991
Model_1_goa_dr_2022.dat 5 2030 SSBMean 40.4833
Model_1_goa_dr_2022.dat 5 2031 SSBF100 65.5649
Model_1_goa_dr_2022.dat 5 2031 SSBFabc 26.2259
Model_1_goa_dr_2022.dat 5 2031 SSBFofl 22.9477
Model_1_goa_dr_2022.dat 5 2031 SSBLCI 38.0777
Model_1_goa_dr_2022.dat 5 2031 SSBUCI 45.8356
Model_1_goa_dr_2022.dat 5 2031 SSBMedian 40.7234
Model_1_goa_dr_2022.dat 5 2031 SSBMean 41.2555
Model_1_goa_dr_2022.dat 5 2032 SSBF100 65.5649
Model_1_goa_dr_2022.dat 5 2032 SSBFabc 26.2259
Model_1_goa_dr_2022.dat 5 2032 SSBFofl 22.9477
Model_1_goa_dr_2022.dat 5 2032 SSBLCI 38.1197
Model_1_goa_dr_2022.dat 5 2032 SSBUCI 48.1729
Model_1_goa_dr_2022.dat 5 2032 SSBMedian 41.6895
Model_1_goa_dr_2022.dat 5 2032 SSBMean 42.2663
Model_1_goa_dr_2022.dat 5 2033 SSBF100 65.5649
Model_1_goa_dr_2022.dat 5 2033 SSBFabc 26.2259
Model_1_goa_dr_2022.dat 5 2033 SSBFofl 22.9477
Model_1_goa_dr_2022.dat 5 2033 SSBLCI 38.3013
Model_1_goa_dr_2022.dat 5 2033 SSBUCI 50.6697
Model_1_goa_dr_2022.dat 5 2033 SSBMedian 42.8166
Model_1_goa_dr_2022.dat 5 2033 SSBMean 43.4132
Model_1_goa_dr_2022.dat 5 2034 SSBF100 65.5649
Model_1_goa_dr_2022.dat 5 2034 SSBFabc 26.2259
Model_1_goa_dr_2022.dat 5 2034 SSBFofl 22.9477
Model_1_goa_dr_2022.dat 5 2034 SSBLCI 38.6668
Model_1_goa_dr_2022.dat 5 2034 SSBUCI 52.8273
Model_1_goa_dr_2022.dat 5 2034 SSBMedian 44.0166
Model_1_goa_dr_2022.dat 5 2034 SSBMean 44.6159
Model_1_goa_dr_2022.dat 5 2035 SSBF100 65.5649
Model_1_goa_dr_2022.dat 5 2035 SSBFabc 26.2259
Model_1_goa_dr_2022.dat 5 2035 SSBFofl 22.9477
Model_1_goa_dr_2022.dat 5 2035 SSBLCI 39.102
Model_1_goa_dr_2022.dat 5 2035 SSBUCI 54.6767
Model_1_goa_dr_2022.dat 5 2035 SSBMedian 45.2654
Model_1_goa_dr_2022.dat 5 2035 SSBMean 45.8265
Model_1_goa_dr_2022.dat 5 2022 F0 0 
Model_1_goa_dr_2022.dat 5 2022 Fabc 0.0913417
Model_1_goa_dr_2022.dat 5 2022 Fofl 0.112301
Model_1_goa_dr_2022.dat 5 2022  F_LCI 0.0291545
Model_1_goa_dr_2022.dat 5 2022  F_UCI 0.0291545
Model_1_goa_dr_2022.dat 5 2022  F_Median 0.0291545
Model_1_goa_dr_2022.dat 5 2022  F_Mean 0.0291545
Model_1_goa_dr_2022.dat 5 2023 F0 0 
Model_1_goa_dr_2022.dat 5 2023 Fabc 0.0913417
Model_1_goa_dr_2022.dat 5 2023 Fofl 0.112301
Model_1_goa_dr_2022.dat 5 2023  F_LCI 0.0542795
Model_1_goa_dr_2022.dat 5 2023  F_UCI 0.0542809
Model_1_goa_dr_2022.dat 5 2023  F_Median 0.0542805
Model_1_goa_dr_2022.dat 5 2023  F_Mean 0.0542804
Model_1_goa_dr_2022.dat 5 2024 F0 0 
Model_1_goa_dr_2022.dat 5 2024 Fabc 0.0913417
Model_1_goa_dr_2022.dat 5 2024 Fofl 0.112301
Model_1_goa_dr_2022.dat 5 2024  F_LCI 0.0523612
Model_1_goa_dr_2022.dat 5 2024  F_UCI 0.0523688
Model_1_goa_dr_2022.dat 5 2024  F_Median 0.0523667
Model_1_goa_dr_2022.dat 5 2024  F_Mean 0.0523661
Model_1_goa_dr_2022.dat 5 2025 F0 0 
Model_1_goa_dr_2022.dat 5 2025 Fabc 0.0913417
Model_1_goa_dr_2022.dat 5 2025 Fofl 0.112301
Model_1_goa_dr_2022.dat 5 2025  F_LCI 0
Model_1_goa_dr_2022.dat 5 2025  F_UCI 0
Model_1_goa_dr_2022.dat 5 2025  F_Median 0
Model_1_goa_dr_2022.dat 5 2025  F_Mean 0
Model_1_goa_dr_2022.dat 5 2026 F0 0 
Model_1_goa_dr_2022.dat 5 2026 Fabc 0.0913417
Model_1_goa_dr_2022.dat 5 2026 Fofl 0.112301
Model_1_goa_dr_2022.dat 5 2026  F_LCI 0
Model_1_goa_dr_2022.dat 5 2026  F_UCI 0
Model_1_goa_dr_2022.dat 5 2026  F_Median 0
Model_1_goa_dr_2022.dat 5 2026  F_Mean 0
Model_1_goa_dr_2022.dat 5 2027 F0 0 
Model_1_goa_dr_2022.dat 5 2027 Fabc 0.0913417
Model_1_goa_dr_2022.dat 5 2027 Fofl 0.112301
Model_1_goa_dr_2022.dat 5 2027  F_LCI 0
Model_1_goa_dr_2022.dat 5 2027  F_UCI 0
Model_1_goa_dr_2022.dat 5 2027  F_Median 0
Model_1_goa_dr_2022.dat 5 2027  F_Mean 0
Model_1_goa_dr_2022.dat 5 2028 F0 0 
Model_1_goa_dr_2022.dat 5 2028 Fabc 0.0913417
Model_1_goa_dr_2022.dat 5 2028 Fofl 0.112301
Model_1_goa_dr_2022.dat 5 2028  F_LCI 0
Model_1_goa_dr_2022.dat 5 2028  F_UCI 0
Model_1_goa_dr_2022.dat 5 2028  F_Median 0
Model_1_goa_dr_2022.dat 5 2028  F_Mean 0
Model_1_goa_dr_2022.dat 5 2029 F0 0 
Model_1_goa_dr_2022.dat 5 2029 Fabc 0.0913417
Model_1_goa_dr_2022.dat 5 2029 Fofl 0.112301
Model_1_goa_dr_2022.dat 5 2029  F_LCI 0
Model_1_goa_dr_2022.dat 5 2029  F_UCI 0
Model_1_goa_dr_2022.dat 5 2029  F_Median 0
Model_1_goa_dr_2022.dat 5 2029  F_Mean 0
Model_1_goa_dr_2022.dat 5 2030 F0 0 
Model_1_goa_dr_2022.dat 5 2030 Fabc 0.0913417
Model_1_goa_dr_2022.dat 5 2030 Fofl 0.112301
Model_1_goa_dr_2022.dat 5 2030  F_LCI 0
Model_1_goa_dr_2022.dat 5 2030  F_UCI 0
Model_1_goa_dr_2022.dat 5 2030  F_Median 0
Model_1_goa_dr_2022.dat 5 2030  F_Mean 0
Model_1_goa_dr_2022.dat 5 2031 F0 0 
Model_1_goa_dr_2022.dat 5 2031 Fabc 0.0913417
Model_1_goa_dr_2022.dat 5 2031 Fofl 0.112301
Model_1_goa_dr_2022.dat 5 2031  F_LCI 0
Model_1_goa_dr_2022.dat 5 2031  F_UCI 0
Model_1_goa_dr_2022.dat 5 2031  F_Median 0
Model_1_goa_dr_2022.dat 5 2031  F_Mean 0
Model_1_goa_dr_2022.dat 5 2032 F0 0 
Model_1_goa_dr_2022.dat 5 2032 Fabc 0.0913417
Model_1_goa_dr_2022.dat 5 2032 Fofl 0.112301
Model_1_goa_dr_2022.dat 5 2032  F_LCI 0
Model_1_goa_dr_2022.dat 5 2032  F_UCI 0
Model_1_goa_dr_2022.dat 5 2032  F_Median 0
Model_1_goa_dr_2022.dat 5 2032  F_Mean 0
Model_1_goa_dr_2022.dat 5 2033 F0 0 
Model_1_goa_dr_2022.dat 5 2033 Fabc 0.0913417
Model_1_goa_dr_2022.dat 5 2033 Fofl 0.112301
Model_1_goa_dr_2022.dat 5 2033  F_LCI 0
Model_1_goa_dr_2022.dat 5 2033  F_UCI 0
Model_1_goa_dr_2022.dat 5 2033  F_Median 0
Model_1_goa_dr_2022.dat 5 2033  F_Mean 0
Model_1_goa_dr_2022.dat 5 2034 F0 0 
Model_1_goa_dr_2022.dat 5 2034 Fabc 0.0913417
Model_1_goa_dr_2022.dat 5 2034 Fofl 0.112301
Model_1_goa_dr_2022.dat 5 2034  F_LCI 0
Model_1_goa_dr_2022.dat 5 2034  F_UCI 0
Model_1_goa_dr_2022.dat 5 2034  F_Median 0
Model_1_goa_dr_2022.dat 5 2034  F_Mean 0
Model_1_goa_dr_2022.dat 5 2035 F0 0 
Model_1_goa_dr_2022.dat 5 2035 Fabc 0.0913417
Model_1_goa_dr_2022.dat 5 2035 Fofl 0.112301
Model_1_goa_dr_2022.dat 5 2035  F_LCI 0
Model_1_goa_dr_2022.dat 5 2035  F_UCI 0
Model_1_goa_dr_2022.dat 5 2035  F_Median 0
Model_1_goa_dr_2022.dat 5 2035  F_Mean 0
Model_1_goa_dr_2022.dat 6 2022 Cabc 4.6223
Model_1_goa_dr_2022.dat 6 2022 Cofl 4.9419
Model_1_goa_dr_2022.dat 6 2022 CLCI 2.64385
Model_1_goa_dr_2022.dat 6 2022 CUCI 2.64385
Model_1_goa_dr_2022.dat 6 2022 CMedian 2.64385
Model_1_goa_dr_2022.dat 6 2022 CMean 2.64385
Model_1_goa_dr_2022.dat 6 2023 Cabc 4.6223
Model_1_goa_dr_2022.dat 6 2023 Cofl 4.9419
Model_1_goa_dr_2022.dat 6 2023 CLCI 9.63788
Model_1_goa_dr_2022.dat 6 2023 CUCI 9.63812
Model_1_goa_dr_2022.dat 6 2023 CMedian 9.63794
Model_1_goa_dr_2022.dat 6 2023 CMean 9.63796
Model_1_goa_dr_2022.dat 6 2024 Cabc 4.6223
Model_1_goa_dr_2022.dat 6 2024 Cofl 4.9419
Model_1_goa_dr_2022.dat 6 2024 CLCI 8.66709
Model_1_goa_dr_2022.dat 6 2024 CUCI 8.6684
Model_1_goa_dr_2022.dat 6 2024 CMedian 8.66746
Model_1_goa_dr_2022.dat 6 2024 CMean 8.66757
Model_1_goa_dr_2022.dat 6 2025 Cabc 4.6223
Model_1_goa_dr_2022.dat 6 2025 Cofl 4.9419
Model_1_goa_dr_2022.dat 6 2025 CLCI 7.74552
Model_1_goa_dr_2022.dat 6 2025 CUCI 7.75144
Model_1_goa_dr_2022.dat 6 2025 CMedian 7.7472
Model_1_goa_dr_2022.dat 6 2025 CMean 7.74767
Model_1_goa_dr_2022.dat 6 2026 Cabc 4.6223
Model_1_goa_dr_2022.dat 6 2026 Cofl 4.9419
Model_1_goa_dr_2022.dat 6 2026 CLCI 6.87665
Model_1_goa_dr_2022.dat 6 2026 CUCI 6.90008
Model_1_goa_dr_2022.dat 6 2026 CMedian 6.88348
Model_1_goa_dr_2022.dat 6 2026 CMean 6.8853
Model_1_goa_dr_2022.dat 6 2027 Cabc 4.6223
Model_1_goa_dr_2022.dat 6 2027 Cofl 4.9419
Model_1_goa_dr_2022.dat 6 2027 CLCI 6.08594
Model_1_goa_dr_2022.dat 6 2027 CUCI 6.17086
Model_1_goa_dr_2022.dat 6 2027 CMedian 6.11089
Model_1_goa_dr_2022.dat 6 2027 CMean 6.11746
Model_1_goa_dr_2022.dat 6 2028 Cabc 4.6223
Model_1_goa_dr_2022.dat 6 2028 Cofl 4.9419
Model_1_goa_dr_2022.dat 6 2028 CLCI 5.2632
Model_1_goa_dr_2022.dat 6 2028 CUCI 5.66415
Model_1_goa_dr_2022.dat 6 2028 CMedian 5.47434
Model_1_goa_dr_2022.dat 6 2028 CMean 5.46293
Model_1_goa_dr_2022.dat 6 2029 Cabc 4.6223
Model_1_goa_dr_2022.dat 6 2029 Cofl 4.9419
Model_1_goa_dr_2022.dat 6 2029 CLCI 4.29454
Model_1_goa_dr_2022.dat 6 2029 CUCI 5.49104
Model_1_goa_dr_2022.dat 6 2029 CMedian 4.68551
Model_1_goa_dr_2022.dat 6 2029 CMean 4.76278
Model_1_goa_dr_2022.dat 6 2030 Cabc 4.6223
Model_1_goa_dr_2022.dat 6 2030 Cofl 4.9419
Model_1_goa_dr_2022.dat 6 2030 CLCI 3.70144
Model_1_goa_dr_2022.dat 6 2030 CUCI 5.60189
Model_1_goa_dr_2022.dat 6 2030 CMedian 4.29338
Model_1_goa_dr_2022.dat 6 2030 CMean 4.4247
Model_1_goa_dr_2022.dat 6 2031 Cabc 4.6223
Model_1_goa_dr_2022.dat 6 2031 Cofl 4.9419
Model_1_goa_dr_2022.dat 6 2031 CLCI 3.3707
Model_1_goa_dr_2022.dat 6 2031 CUCI 5.7897
Model_1_goa_dr_2022.dat 6 2031 CMedian 4.14499
Model_1_goa_dr_2022.dat 6 2031 CMean 4.32535
Model_1_goa_dr_2022.dat 6 2032 Cabc 4.6223
Model_1_goa_dr_2022.dat 6 2032 Cofl 4.9419
Model_1_goa_dr_2022.dat 6 2032 CLCI 3.1727
Model_1_goa_dr_2022.dat 6 2032 CUCI 5.95647
Model_1_goa_dr_2022.dat 6 2032 CMedian 4.16907
Model_1_goa_dr_2022.dat 6 2032 CMean 4.33503
Model_1_goa_dr_2022.dat 6 2033 Cabc 4.6223
Model_1_goa_dr_2022.dat 6 2033 Cofl 4.9419
Model_1_goa_dr_2022.dat 6 2033 CLCI 3.03403
Model_1_goa_dr_2022.dat 6 2033 CUCI 6.1243
Model_1_goa_dr_2022.dat 6 2033 CMedian 4.21705
Model_1_goa_dr_2022.dat 6 2033 CMean 4.38327
Model_1_goa_dr_2022.dat 6 2034 Cabc 4.6223
Model_1_goa_dr_2022.dat 6 2034 Cofl 4.9419
Model_1_goa_dr_2022.dat 6 2034 CLCI 3.00938
Model_1_goa_dr_2022.dat 6 2034 CUCI 6.22871
Model_1_goa_dr_2022.dat 6 2034 CMedian 4.29292
Model_1_goa_dr_2022.dat 6 2034 CMean 4.44115
Model_1_goa_dr_2022.dat 6 2035 Cabc 4.6223
Model_1_goa_dr_2022.dat 6 2035 Cofl 4.9419
Model_1_goa_dr_2022.dat 6 2035 CLCI 3.00326
Model_1_goa_dr_2022.dat 6 2035 CUCI 6.33532
Model_1_goa_dr_2022.dat 6 2035 CMedian 4.38112
Model_1_goa_dr_2022.dat 6 2035 CMean 4.50364
Model_1_goa_dr_2022.dat 6 2022 SSBF100 65.5649
Model_1_goa_dr_2022.dat 6 2022 SSBFabc 26.2259
Model_1_goa_dr_2022.dat 6 2022 SSBFofl 22.9477
Model_1_goa_dr_2022.dat 6 2022 SSBLCI 45.051
Model_1_goa_dr_2022.dat 6 2022 SSBUCI 45.051
Model_1_goa_dr_2022.dat 6 2022 SSBMedian 45.051
Model_1_goa_dr_2022.dat 6 2022 SSBMean 45.051
Model_1_goa_dr_2022.dat 6 2023 SSBF100 65.5649
Model_1_goa_dr_2022.dat 6 2023 SSBFabc 26.2259
Model_1_goa_dr_2022.dat 6 2023 SSBFofl 22.9477
Model_1_goa_dr_2022.dat 6 2023 SSBLCI 44.0753
Model_1_goa_dr_2022.dat 6 2023 SSBUCI 44.1022
Model_1_goa_dr_2022.dat 6 2023 SSBMedian 44.0823
Model_1_goa_dr_2022.dat 6 2023 SSBMean 44.0848
Model_1_goa_dr_2022.dat 6 2024 SSBF100 65.5649
Model_1_goa_dr_2022.dat 6 2024 SSBFabc 26.2259
Model_1_goa_dr_2022.dat 6 2024 SSBFofl 22.9477
Model_1_goa_dr_2022.dat 6 2024 SSBLCI 39.9068
Model_1_goa_dr_2022.dat 6 2024 SSBUCI 39.993
Model_1_goa_dr_2022.dat 6 2024 SSBMedian 39.9326
Model_1_goa_dr_2022.dat 6 2024 SSBMean 39.9394
Model_1_goa_dr_2022.dat 6 2025 SSBF100 65.5649
Model_1_goa_dr_2022.dat 6 2025 SSBFabc 26.2259
Model_1_goa_dr_2022.dat 6 2025 SSBFofl 22.9477
Model_1_goa_dr_2022.dat 6 2025 SSBLCI 35.8316
Model_1_goa_dr_2022.dat 6 2025 SSBUCI 36.0618
Model_1_goa_dr_2022.dat 6 2025 SSBMedian 35.9015
Model_1_goa_dr_2022.dat 6 2025 SSBMean 35.9202
Model_1_goa_dr_2022.dat 6 2026 SSBF100 65.5649
Model_1_goa_dr_2022.dat 6 2026 SSBFabc 26.2259
Model_1_goa_dr_2022.dat 6 2026 SSBFofl 22.9477
Model_1_goa_dr_2022.dat 6 2026 SSBLCI 31.9957
Model_1_goa_dr_2022.dat 6 2026 SSBUCI 32.531
Model_1_goa_dr_2022.dat 6 2026 SSBMedian 32.1663
Model_1_goa_dr_2022.dat 6 2026 SSBMean 32.205
Model_1_goa_dr_2022.dat 6 2027 SSBF100 65.5649
Model_1_goa_dr_2022.dat 6 2027 SSBFabc 26.2259
Model_1_goa_dr_2022.dat 6 2027 SSBFofl 22.9477
Model_1_goa_dr_2022.dat 6 2027 SSBLCI 28.5254
Model_1_goa_dr_2022.dat 6 2027 SSBUCI 29.6571
Model_1_goa_dr_2022.dat 6 2027 SSBMedian 28.9021
Model_1_goa_dr_2022.dat 6 2027 SSBMean 28.971
Model_1_goa_dr_2022.dat 6 2028 SSBF100 65.5649
Model_1_goa_dr_2022.dat 6 2028 SSBFabc 26.2259
Model_1_goa_dr_2022.dat 6 2028 SSBFofl 22.9477
Model_1_goa_dr_2022.dat 6 2028 SSBLCI 25.5383
Model_1_goa_dr_2022.dat 6 2028 SSBUCI 27.6589
Model_1_goa_dr_2022.dat 6 2028 SSBMedian 26.2395
Model_1_goa_dr_2022.dat 6 2028 SSBMean 26.3826
Model_1_goa_dr_2022.dat 6 2029 SSBF100 65.5649
Model_1_goa_dr_2022.dat 6 2029 SSBFabc 26.2259
Model_1_goa_dr_2022.dat 6 2029 SSBFofl 22.9477
Model_1_goa_dr_2022.dat 6 2029 SSBLCI 23.1963
Model_1_goa_dr_2022.dat 6 2029 SSBUCI 26.695
Model_1_goa_dr_2022.dat 6 2029 SSBMedian 24.3255
Model_1_goa_dr_2022.dat 6 2029 SSBMean 24.5667
Model_1_goa_dr_2022.dat 6 2030 SSBF100 65.5649
Model_1_goa_dr_2022.dat 6 2030 SSBFabc 26.2259
Model_1_goa_dr_2022.dat 6 2030 SSBFofl 22.9477
Model_1_goa_dr_2022.dat 6 2030 SSBLCI 21.5839
Model_1_goa_dr_2022.dat 6 2030 SSBUCI 26.4478
Model_1_goa_dr_2022.dat 6 2030 SSBMedian 23.1976
Model_1_goa_dr_2022.dat 6 2030 SSBMean 23.5716
Model_1_goa_dr_2022.dat 6 2031 SSBF100 65.5649
Model_1_goa_dr_2022.dat 6 2031 SSBFabc 26.2259
Model_1_goa_dr_2022.dat 6 2031 SSBFofl 22.9477
Model_1_goa_dr_2022.dat 6 2031 SSBLCI 20.5887
Model_1_goa_dr_2022.dat 6 2031 SSBUCI 26.842
Model_1_goa_dr_2022.dat 6 2031 SSBMedian 22.7832
Model_1_goa_dr_2022.dat 6 2031 SSBMean 23.1576
Model_1_goa_dr_2022.dat 6 2032 SSBF100 65.5649
Model_1_goa_dr_2022.dat 6 2032 SSBFabc 26.2259
Model_1_goa_dr_2022.dat 6 2032 SSBFofl 22.9477
Model_1_goa_dr_2022.dat 6 2032 SSBLCI 19.9301
Model_1_goa_dr_2022.dat 6 2032 SSBUCI 27.4216
Model_1_goa_dr_2022.dat 6 2032 SSBMedian 22.6793
Model_1_goa_dr_2022.dat 6 2032 SSBMean 23.0802
Model_1_goa_dr_2022.dat 6 2033 SSBF100 65.5649
Model_1_goa_dr_2022.dat 6 2033 SSBFabc 26.2259
Model_1_goa_dr_2022.dat 6 2033 SSBFofl 22.9477
Model_1_goa_dr_2022.dat 6 2033 SSBLCI 19.5157
Model_1_goa_dr_2022.dat 6 2033 SSBUCI 28.0797
Model_1_goa_dr_2022.dat 6 2033 SSBMedian 22.7926
Model_1_goa_dr_2022.dat 6 2033 SSBMean 23.1682
Model_1_goa_dr_2022.dat 6 2034 SSBF100 65.5649
Model_1_goa_dr_2022.dat 6 2034 SSBFabc 26.2259
Model_1_goa_dr_2022.dat 6 2034 SSBFofl 22.9477
Model_1_goa_dr_2022.dat 6 2034 SSBLCI 19.4024
Model_1_goa_dr_2022.dat 6 2034 SSBUCI 28.391
Model_1_goa_dr_2022.dat 6 2034 SSBMedian 22.9379
Model_1_goa_dr_2022.dat 6 2034 SSBMean 23.3231
Model_1_goa_dr_2022.dat 6 2035 SSBF100 65.5649
Model_1_goa_dr_2022.dat 6 2035 SSBFabc 26.2259
Model_1_goa_dr_2022.dat 6 2035 SSBFofl 22.9477
Model_1_goa_dr_2022.dat 6 2035 SSBLCI 19.3645
Model_1_goa_dr_2022.dat 6 2035 SSBUCI 28.7866
Model_1_goa_dr_2022.dat 6 2035 SSBMedian 23.116
Model_1_goa_dr_2022.dat 6 2035 SSBMean 23.499
Model_1_goa_dr_2022.dat 6 2022 F0 0 
Model_1_goa_dr_2022.dat 6 2022 Fabc 0.0913417
Model_1_goa_dr_2022.dat 6 2022 Fofl 0.112301
Model_1_goa_dr_2022.dat 6 2022  F_LCI 0.0291545
Model_1_goa_dr_2022.dat 6 2022  F_UCI 0.0291545
Model_1_goa_dr_2022.dat 6 2022  F_Median 0.0291545
Model_1_goa_dr_2022.dat 6 2022  F_Mean 0.0291545
Model_1_goa_dr_2022.dat 6 2023 F0 0 
Model_1_goa_dr_2022.dat 6 2023 Fabc 0.0913417
Model_1_goa_dr_2022.dat 6 2023 Fofl 0.112301
Model_1_goa_dr_2022.dat 6 2023  F_LCI 0.112301
Model_1_goa_dr_2022.dat 6 2023  F_UCI 0.112301
Model_1_goa_dr_2022.dat 6 2023  F_Median 0.112301
Model_1_goa_dr_2022.dat 6 2023  F_Mean 0.112301
Model_1_goa_dr_2022.dat 6 2024 F0 0 
Model_1_goa_dr_2022.dat 6 2024 Fabc 0.0913417
Model_1_goa_dr_2022.dat 6 2024 Fofl 0.112301
Model_1_goa_dr_2022.dat 6 2024  F_LCI 0.112301
Model_1_goa_dr_2022.dat 6 2024  F_UCI 0.112301
Model_1_goa_dr_2022.dat 6 2024  F_Median 0.112301
Model_1_goa_dr_2022.dat 6 2024  F_Mean 0.112301
Model_1_goa_dr_2022.dat 6 2025 F0 0 
Model_1_goa_dr_2022.dat 6 2025 Fabc 0.0913417
Model_1_goa_dr_2022.dat 6 2025 Fofl 0.112301
Model_1_goa_dr_2022.dat 6 2025  F_LCI 0.112301
Model_1_goa_dr_2022.dat 6 2025  F_UCI 0.112301
Model_1_goa_dr_2022.dat 6 2025  F_Median 0.112301
Model_1_goa_dr_2022.dat 6 2025  F_Mean 0.112301
Model_1_goa_dr_2022.dat 6 2026 F0 0 
Model_1_goa_dr_2022.dat 6 2026 Fabc 0.0913417
Model_1_goa_dr_2022.dat 6 2026 Fofl 0.112301
Model_1_goa_dr_2022.dat 6 2026  F_LCI 0.112301
Model_1_goa_dr_2022.dat 6 2026  F_UCI 0.112301
Model_1_goa_dr_2022.dat 6 2026  F_Median 0.112301
Model_1_goa_dr_2022.dat 6 2026  F_Mean 0.112301
Model_1_goa_dr_2022.dat 6 2027 F0 0 
Model_1_goa_dr_2022.dat 6 2027 Fabc 0.0913417
Model_1_goa_dr_2022.dat 6 2027 Fofl 0.112301
Model_1_goa_dr_2022.dat 6 2027  F_LCI 0.112301
Model_1_goa_dr_2022.dat 6 2027  F_UCI 0.112301
Model_1_goa_dr_2022.dat 6 2027  F_Median 0.112301
Model_1_goa_dr_2022.dat 6 2027  F_Mean 0.112301
Model_1_goa_dr_2022.dat 6 2028 F0 0 
Model_1_goa_dr_2022.dat 6 2028 Fabc 0.0913417
Model_1_goa_dr_2022.dat 6 2028 Fofl 0.112301
Model_1_goa_dr_2022.dat 6 2028  F_LCI 0.109201
Model_1_goa_dr_2022.dat 6 2028  F_UCI 0.112301
Model_1_goa_dr_2022.dat 6 2028  F_Median 0.112301
Model_1_goa_dr_2022.dat 6 2028  F_Mean 0.111466
Model_1_goa_dr_2022.dat 6 2029 F0 0 
Model_1_goa_dr_2022.dat 6 2029 Fabc 0.0913417
Model_1_goa_dr_2022.dat 6 2029 Fofl 0.112301
Model_1_goa_dr_2022.dat 6 2029  F_LCI 0.0986451
Model_1_goa_dr_2022.dat 6 2029  F_UCI 0.112301
Model_1_goa_dr_2022.dat 6 2029  F_Median 0.103735
Model_1_goa_dr_2022.dat 6 2029  F_Mean 0.10441
Model_1_goa_dr_2022.dat 6 2030 F0 0 
Model_1_goa_dr_2022.dat 6 2030 Fabc 0.0913417
Model_1_goa_dr_2022.dat 6 2030 Fofl 0.112301
Model_1_goa_dr_2022.dat 6 2030  F_LCI 0.0913775
Model_1_goa_dr_2022.dat 6 2030  F_UCI 0.112301
Model_1_goa_dr_2022.dat 6 2030  F_Median 0.0986508
Model_1_goa_dr_2022.dat 6 2030  F_Mean 0.0998695
Model_1_goa_dr_2022.dat 6 2031 F0 0 
Model_1_goa_dr_2022.dat 6 2031 Fabc 0.0913417
Model_1_goa_dr_2022.dat 6 2031 Fofl 0.112301
Model_1_goa_dr_2022.dat 6 2031  F_LCI 0.0868914
Model_1_goa_dr_2022.dat 6 2031  F_UCI 0.112301
Model_1_goa_dr_2022.dat 6 2031  F_Median 0.096783
Model_1_goa_dr_2022.dat 6 2031  F_Mean 0.0978187
Model_1_goa_dr_2022.dat 6 2032 F0 0 
Model_1_goa_dr_2022.dat 6 2032 Fabc 0.0913417
Model_1_goa_dr_2022.dat 6 2032 Fofl 0.112301
Model_1_goa_dr_2022.dat 6 2032  F_LCI 0.0839227
Model_1_goa_dr_2022.dat 6 2032  F_UCI 0.112301
Model_1_goa_dr_2022.dat 6 2032  F_Median 0.0963147
Model_1_goa_dr_2022.dat 6 2032  F_Mean 0.0972276
Model_1_goa_dr_2022.dat 6 2033 F0 0 
Model_1_goa_dr_2022.dat 6 2033 Fabc 0.0913417
Model_1_goa_dr_2022.dat 6 2033 Fofl 0.112301
Model_1_goa_dr_2022.dat 6 2033  F_LCI 0.082055
Model_1_goa_dr_2022.dat 6 2033  F_UCI 0.112301
Model_1_goa_dr_2022.dat 6 2033  F_Median 0.0968254
Model_1_goa_dr_2022.dat 6 2033  F_Mean 0.0973625
Model_1_goa_dr_2022.dat 6 2034 F0 0 
Model_1_goa_dr_2022.dat 6 2034 Fabc 0.0913417
Model_1_goa_dr_2022.dat 6 2034 Fofl 0.112301
Model_1_goa_dr_2022.dat 6 2034  F_LCI 0.0815442
Model_1_goa_dr_2022.dat 6 2034  F_UCI 0.112301
Model_1_goa_dr_2022.dat 6 2034  F_Median 0.0974804
Model_1_goa_dr_2022.dat 6 2034  F_Mean 0.0978001
Model_1_goa_dr_2022.dat 6 2035 F0 0 
Model_1_goa_dr_2022.dat 6 2035 Fabc 0.0913417
Model_1_goa_dr_2022.dat 6 2035 Fofl 0.112301
Model_1_goa_dr_2022.dat 6 2035  F_LCI 0.0813737
Model_1_goa_dr_2022.dat 6 2035  F_UCI 0.112301
Model_1_goa_dr_2022.dat 6 2035  F_Median 0.0982834
Model_1_goa_dr_2022.dat 6 2035  F_Mean 0.0983673
Model_1_goa_dr_2022.dat 7 2022 Cabc 4.6223
Model_1_goa_dr_2022.dat 7 2022 Cofl 4.9419
Model_1_goa_dr_2022.dat 7 2022 CLCI 2.64385
Model_1_goa_dr_2022.dat 7 2022 CUCI 2.64385
Model_1_goa_dr_2022.dat 7 2022 CMedian 2.64385
Model_1_goa_dr_2022.dat 7 2022 CMean 2.64385
Model_1_goa_dr_2022.dat 7 2023 Cabc 4.6223
Model_1_goa_dr_2022.dat 7 2023 Cofl 4.9419
Model_1_goa_dr_2022.dat 7 2023 CLCI 7.91649
Model_1_goa_dr_2022.dat 7 2023 CUCI 7.91669
Model_1_goa_dr_2022.dat 7 2023 CMedian 7.91654
Model_1_goa_dr_2022.dat 7 2023 CMean 7.91656
Model_1_goa_dr_2022.dat 7 2024 Cabc 4.6223
Model_1_goa_dr_2022.dat 7 2024 Cofl 4.9419
Model_1_goa_dr_2022.dat 7 2024 CLCI 7.2612
Model_1_goa_dr_2022.dat 7 2024 CUCI 7.26227
Model_1_goa_dr_2022.dat 7 2024 CMedian 7.2615
Model_1_goa_dr_2022.dat 7 2024 CMean 7.26159
Model_1_goa_dr_2022.dat 7 2025 Cabc 4.6223
Model_1_goa_dr_2022.dat 7 2025 Cofl 4.9419
Model_1_goa_dr_2022.dat 7 2025 CLCI 8.05319
Model_1_goa_dr_2022.dat 7 2025 CUCI 8.05912
Model_1_goa_dr_2022.dat 7 2025 CMedian 8.05488
Model_1_goa_dr_2022.dat 7 2025 CMean 8.05535
Model_1_goa_dr_2022.dat 7 2026 Cabc 4.6223
Model_1_goa_dr_2022.dat 7 2026 Cofl 4.9419
Model_1_goa_dr_2022.dat 7 2026 CLCI 7.1412
Model_1_goa_dr_2022.dat 7 2026 CUCI 7.16462
Model_1_goa_dr_2022.dat 7 2026 CMedian 7.14802
Model_1_goa_dr_2022.dat 7 2026 CMean 7.14984
Model_1_goa_dr_2022.dat 7 2027 Cabc 4.6223
Model_1_goa_dr_2022.dat 7 2027 Cofl 4.9419
Model_1_goa_dr_2022.dat 7 2027 CLCI 6.31158
Model_1_goa_dr_2022.dat 7 2027 CUCI 6.3965
Model_1_goa_dr_2022.dat 7 2027 CMedian 6.33653
Model_1_goa_dr_2022.dat 7 2027 CMean 6.3431
Model_1_goa_dr_2022.dat 7 2028 Cabc 4.6223
Model_1_goa_dr_2022.dat 7 2028 Cofl 4.9419
Model_1_goa_dr_2022.dat 7 2028 CLCI 5.59277
Model_1_goa_dr_2022.dat 7 2028 CUCI 5.85559
Model_1_goa_dr_2022.dat 7 2028 CMedian 5.67167
Model_1_goa_dr_2022.dat 7 2028 CMean 5.69255
Model_1_goa_dr_2022.dat 7 2029 Cabc 4.6223
Model_1_goa_dr_2022.dat 7 2029 Cofl 4.9419
Model_1_goa_dr_2022.dat 7 2029 CLCI 4.55728
Model_1_goa_dr_2022.dat 7 2029 CUCI 5.6552
Model_1_goa_dr_2022.dat 7 2029 CMedian 4.98556
Model_1_goa_dr_2022.dat 7 2029 CMean 5.03787
Model_1_goa_dr_2022.dat 7 2030 Cabc 4.6223
Model_1_goa_dr_2022.dat 7 2030 Cofl 4.9419
Model_1_goa_dr_2022.dat 7 2030 CLCI 3.88879
Model_1_goa_dr_2022.dat 7 2030 CUCI 5.73833
Model_1_goa_dr_2022.dat 7 2030 CMedian 4.51193
Model_1_goa_dr_2022.dat 7 2030 CMean 4.63279
Model_1_goa_dr_2022.dat 7 2031 Cabc 4.6223
Model_1_goa_dr_2022.dat 7 2031 Cofl 4.9419
Model_1_goa_dr_2022.dat 7 2031 CLCI 3.5101
Model_1_goa_dr_2022.dat 7 2031 CUCI 5.9045
Model_1_goa_dr_2022.dat 7 2031 CMedian 4.30867
Model_1_goa_dr_2022.dat 7 2031 CMean 4.48158
Model_1_goa_dr_2022.dat 7 2032 Cabc 4.6223
Model_1_goa_dr_2022.dat 7 2032 Cofl 4.9419
Model_1_goa_dr_2022.dat 7 2032 CLCI 3.27728
Model_1_goa_dr_2022.dat 7 2032 CUCI 6.04854
Model_1_goa_dr_2022.dat 7 2032 CMedian 4.29232
Model_1_goa_dr_2022.dat 7 2032 CMean 4.45325
Model_1_goa_dr_2022.dat 7 2033 Cabc 4.6223
Model_1_goa_dr_2022.dat 7 2033 Cofl 4.9419
Model_1_goa_dr_2022.dat 7 2033 CLCI 3.11665
Model_1_goa_dr_2022.dat 7 2033 CUCI 6.1859
Model_1_goa_dr_2022.dat 7 2033 CMedian 4.31056
Model_1_goa_dr_2022.dat 7 2033 CMean 4.47285
Model_1_goa_dr_2022.dat 7 2034 Cabc 4.6223
Model_1_goa_dr_2022.dat 7 2034 Cofl 4.9419
Model_1_goa_dr_2022.dat 7 2034 CLCI 3.07159
Model_1_goa_dr_2022.dat 7 2034 CUCI 6.27699
Model_1_goa_dr_2022.dat 7 2034 CMedian 4.36324
Model_1_goa_dr_2022.dat 7 2034 CMean 4.50881
Model_1_goa_dr_2022.dat 7 2035 Cabc 4.6223
Model_1_goa_dr_2022.dat 7 2035 Cofl 4.9419
Model_1_goa_dr_2022.dat 7 2035 CLCI 3.0531
Model_1_goa_dr_2022.dat 7 2035 CUCI 6.36933
Model_1_goa_dr_2022.dat 7 2035 CMedian 4.44093
Model_1_goa_dr_2022.dat 7 2035 CMean 4.5546
Model_1_goa_dr_2022.dat 7 2022 SSBF100 65.5649
Model_1_goa_dr_2022.dat 7 2022 SSBFabc 26.2259
Model_1_goa_dr_2022.dat 7 2022 SSBFofl 22.9477
Model_1_goa_dr_2022.dat 7 2022 SSBLCI 45.051
Model_1_goa_dr_2022.dat 7 2022 SSBUCI 45.051
Model_1_goa_dr_2022.dat 7 2022 SSBMedian 45.051
Model_1_goa_dr_2022.dat 7 2022 SSBMean 45.051
Model_1_goa_dr_2022.dat 7 2023 SSBF100 65.5649
Model_1_goa_dr_2022.dat 7 2023 SSBFabc 26.2259
Model_1_goa_dr_2022.dat 7 2023 SSBFofl 22.9477
Model_1_goa_dr_2022.dat 7 2023 SSBLCI 44.2232
Model_1_goa_dr_2022.dat 7 2023 SSBUCI 44.25
Model_1_goa_dr_2022.dat 7 2023 SSBMedian 44.2301
Model_1_goa_dr_2022.dat 7 2023 SSBMean 44.2326
Model_1_goa_dr_2022.dat 7 2024 SSBF100 65.5649
Model_1_goa_dr_2022.dat 7 2024 SSBFabc 26.2259
Model_1_goa_dr_2022.dat 7 2024 SSBFofl 22.9477
Model_1_goa_dr_2022.dat 7 2024 SSBLCI 40.8365
Model_1_goa_dr_2022.dat 7 2024 SSBUCI 40.9228
Model_1_goa_dr_2022.dat 7 2024 SSBMedian 40.8623
Model_1_goa_dr_2022.dat 7 2024 SSBMean 40.8691
Model_1_goa_dr_2022.dat 7 2025 SSBF100 65.5649
Model_1_goa_dr_2022.dat 7 2025 SSBFabc 26.2259
Model_1_goa_dr_2022.dat 7 2025 SSBFofl 22.9477
Model_1_goa_dr_2022.dat 7 2025 SSBLCI 37.2533
Model_1_goa_dr_2022.dat 7 2025 SSBUCI 37.4835
Model_1_goa_dr_2022.dat 7 2025 SSBMedian 37.3232
Model_1_goa_dr_2022.dat 7 2025 SSBMean 37.3418
Model_1_goa_dr_2022.dat 7 2026 SSBF100 65.5649
Model_1_goa_dr_2022.dat 7 2026 SSBFabc 26.2259
Model_1_goa_dr_2022.dat 7 2026 SSBFofl 22.9477
Model_1_goa_dr_2022.dat 7 2026 SSBLCI 33.2262
Model_1_goa_dr_2022.dat 7 2026 SSBUCI 33.7615
Model_1_goa_dr_2022.dat 7 2026 SSBMedian 33.3968
Model_1_goa_dr_2022.dat 7 2026 SSBMean 33.4355
Model_1_goa_dr_2022.dat 7 2027 SSBF100 65.5649
Model_1_goa_dr_2022.dat 7 2027 SSBFabc 26.2259
Model_1_goa_dr_2022.dat 7 2027 SSBFofl 22.9477
Model_1_goa_dr_2022.dat 7 2027 SSBLCI 29.5806
Model_1_goa_dr_2022.dat 7 2027 SSBUCI 30.7124
Model_1_goa_dr_2022.dat 7 2027 SSBMedian 29.9574
Model_1_goa_dr_2022.dat 7 2027 SSBMean 30.0263
Model_1_goa_dr_2022.dat 7 2028 SSBF100 65.5649
Model_1_goa_dr_2022.dat 7 2028 SSBFabc 26.2259
Model_1_goa_dr_2022.dat 7 2028 SSBFofl 22.9477
Model_1_goa_dr_2022.dat 7 2028 SSBLCI 26.4246
Model_1_goa_dr_2022.dat 7 2028 SSBUCI 28.5579
Model_1_goa_dr_2022.dat 7 2028 SSBMedian 27.1383
Model_1_goa_dr_2022.dat 7 2028 SSBMean 27.2781
Model_1_goa_dr_2022.dat 7 2029 SSBF100 65.5649
Model_1_goa_dr_2022.dat 7 2029 SSBFabc 26.2259
Model_1_goa_dr_2022.dat 7 2029 SSBFofl 22.9477
Model_1_goa_dr_2022.dat 7 2029 SSBLCI 23.8826
Model_1_goa_dr_2022.dat 7 2029 SSBUCI 27.4568
Model_1_goa_dr_2022.dat 7 2029 SSBMedian 25.0754
Model_1_goa_dr_2022.dat 7 2029 SSBMean 25.3008
Model_1_goa_dr_2022.dat 7 2030 SSBF100 65.5649
Model_1_goa_dr_2022.dat 7 2030 SSBFabc 26.2259
Model_1_goa_dr_2022.dat 7 2030 SSBFofl 22.9477
Model_1_goa_dr_2022.dat 7 2030 SSBLCI 22.1147
Model_1_goa_dr_2022.dat 7 2030 SSBUCI 27.0911
Model_1_goa_dr_2022.dat 7 2030 SSBMedian 23.7659
Model_1_goa_dr_2022.dat 7 2030 SSBMean 24.1397
Model_1_goa_dr_2022.dat 7 2031 SSBF100 65.5649
Model_1_goa_dr_2022.dat 7 2031 SSBFabc 26.2259
Model_1_goa_dr_2022.dat 7 2031 SSBFofl 22.9477
Model_1_goa_dr_2022.dat 7 2031 SSBLCI 21.002
Model_1_goa_dr_2022.dat 7 2031 SSBUCI 27.3698
Model_1_goa_dr_2022.dat 7 2031 SSBMedian 23.2137
Model_1_goa_dr_2022.dat 7 2031 SSBMean 23.597
Model_1_goa_dr_2022.dat 7 2032 SSBF100 65.5649
Model_1_goa_dr_2022.dat 7 2032 SSBFabc 26.2259
Model_1_goa_dr_2022.dat 7 2032 SSBFofl 22.9477
Model_1_goa_dr_2022.dat 7 2032 SSBLCI 20.2569
Model_1_goa_dr_2022.dat 7 2032 SSBUCI 27.8288
Model_1_goa_dr_2022.dat 7 2032 SSBMedian 23.0051
Model_1_goa_dr_2022.dat 7 2032 SSBMean 23.4194
Model_1_goa_dr_2022.dat 7 2033 SSBF100 65.5649
Model_1_goa_dr_2022.dat 7 2033 SSBFabc 26.2259
Model_1_goa_dr_2022.dat 7 2033 SSBFofl 22.9477
Model_1_goa_dr_2022.dat 7 2033 SSBLCI 19.7689
Model_1_goa_dr_2022.dat 7 2033 SSBUCI 28.3971
Model_1_goa_dr_2022.dat 7 2033 SSBMedian 23.0433
Model_1_goa_dr_2022.dat 7 2033 SSBMean 23.4292
Model_1_goa_dr_2022.dat 7 2034 SSBF100 65.5649
Model_1_goa_dr_2022.dat 7 2034 SSBFabc 26.2259
Model_1_goa_dr_2022.dat 7 2034 SSBFofl 22.9477
Model_1_goa_dr_2022.dat 7 2034 SSBLCI 19.6003
Model_1_goa_dr_2022.dat 7 2034 SSBUCI 28.6803
Model_1_goa_dr_2022.dat 7 2034 SSBMedian 23.123
Model_1_goa_dr_2022.dat 7 2034 SSBMean 23.523
Model_1_goa_dr_2022.dat 7 2035 SSBF100 65.5649
Model_1_goa_dr_2022.dat 7 2035 SSBFabc 26.2259
Model_1_goa_dr_2022.dat 7 2035 SSBFofl 22.9477
Model_1_goa_dr_2022.dat 7 2035 SSBLCI 19.5169
Model_1_goa_dr_2022.dat 7 2035 SSBUCI 28.9664
Model_1_goa_dr_2022.dat 7 2035 SSBMedian 23.2557
Model_1_goa_dr_2022.dat 7 2035 SSBMean 23.6516
Model_1_goa_dr_2022.dat 7 2022 F0 0 
Model_1_goa_dr_2022.dat 7 2022 Fabc 0.0913417
Model_1_goa_dr_2022.dat 7 2022 Fofl 0.112301
Model_1_goa_dr_2022.dat 7 2022  F_LCI 0.0291545
Model_1_goa_dr_2022.dat 7 2022  F_UCI 0.0291545
Model_1_goa_dr_2022.dat 7 2022  F_Median 0.0291545
Model_1_goa_dr_2022.dat 7 2022  F_Mean 0.0291545
Model_1_goa_dr_2022.dat 7 2023 F0 0 
Model_1_goa_dr_2022.dat 7 2023 Fabc 0.0913417
Model_1_goa_dr_2022.dat 7 2023 Fofl 0.112301
Model_1_goa_dr_2022.dat 7 2023  F_LCI 0.0913417
Model_1_goa_dr_2022.dat 7 2023  F_UCI 0.0913417
Model_1_goa_dr_2022.dat 7 2023  F_Median 0.0913417
Model_1_goa_dr_2022.dat 7 2023  F_Mean 0.0913417
Model_1_goa_dr_2022.dat 7 2024 F0 0 
Model_1_goa_dr_2022.dat 7 2024 Fabc 0.0913417
Model_1_goa_dr_2022.dat 7 2024 Fofl 0.112301
Model_1_goa_dr_2022.dat 7 2024  F_LCI 0.0913417
Model_1_goa_dr_2022.dat 7 2024  F_UCI 0.0913417
Model_1_goa_dr_2022.dat 7 2024  F_Median 0.0913417
Model_1_goa_dr_2022.dat 7 2024  F_Mean 0.0913417
Model_1_goa_dr_2022.dat 7 2025 F0 0 
Model_1_goa_dr_2022.dat 7 2025 Fabc 0.0913417
Model_1_goa_dr_2022.dat 7 2025 Fofl 0.112301
Model_1_goa_dr_2022.dat 7 2025  F_LCI 0.112301
Model_1_goa_dr_2022.dat 7 2025  F_UCI 0.112301
Model_1_goa_dr_2022.dat 7 2025  F_Median 0.112301
Model_1_goa_dr_2022.dat 7 2025  F_Mean 0.112301
Model_1_goa_dr_2022.dat 7 2026 F0 0 
Model_1_goa_dr_2022.dat 7 2026 Fabc 0.0913417
Model_1_goa_dr_2022.dat 7 2026 Fofl 0.112301
Model_1_goa_dr_2022.dat 7 2026  F_LCI 0.112301
Model_1_goa_dr_2022.dat 7 2026  F_UCI 0.112301
Model_1_goa_dr_2022.dat 7 2026  F_Median 0.112301
Model_1_goa_dr_2022.dat 7 2026  F_Mean 0.112301
Model_1_goa_dr_2022.dat 7 2027 F0 0 
Model_1_goa_dr_2022.dat 7 2027 Fabc 0.0913417
Model_1_goa_dr_2022.dat 7 2027 Fofl 0.112301
Model_1_goa_dr_2022.dat 7 2027  F_LCI 0.112301
Model_1_goa_dr_2022.dat 7 2027  F_UCI 0.112301
Model_1_goa_dr_2022.dat 7 2027  F_Median 0.112301
Model_1_goa_dr_2022.dat 7 2027  F_Mean 0.112301
Model_1_goa_dr_2022.dat 7 2028 F0 0 
Model_1_goa_dr_2022.dat 7 2028 Fabc 0.0913417
Model_1_goa_dr_2022.dat 7 2028 Fofl 0.112301
Model_1_goa_dr_2022.dat 7 2028  F_LCI 0.112301
Model_1_goa_dr_2022.dat 7 2028  F_UCI 0.112301
Model_1_goa_dr_2022.dat 7 2028  F_Median 0.112301
Model_1_goa_dr_2022.dat 7 2028  F_Mean 0.1123
Model_1_goa_dr_2022.dat 7 2029 F0 0 
Model_1_goa_dr_2022.dat 7 2029 Fabc 0.0913417
Model_1_goa_dr_2022.dat 7 2029 Fofl 0.112301
Model_1_goa_dr_2022.dat 7 2029  F_LCI 0.101739
Model_1_goa_dr_2022.dat 7 2029  F_UCI 0.112301
Model_1_goa_dr_2022.dat 7 2029  F_Median 0.107115
Model_1_goa_dr_2022.dat 7 2029  F_Mean 0.107292
Model_1_goa_dr_2022.dat 7 2030 F0 0 
Model_1_goa_dr_2022.dat 7 2030 Fabc 0.0913417
Model_1_goa_dr_2022.dat 7 2030 Fofl 0.112301
Model_1_goa_dr_2022.dat 7 2030  F_LCI 0.09377
Model_1_goa_dr_2022.dat 7 2030  F_UCI 0.112301
Model_1_goa_dr_2022.dat 7 2030  F_Median 0.101212
Model_1_goa_dr_2022.dat 7 2030  F_Mean 0.102191
Model_1_goa_dr_2022.dat 7 2031 F0 0 
Model_1_goa_dr_2022.dat 7 2031 Fabc 0.0913417
Model_1_goa_dr_2022.dat 7 2031 Fofl 0.112301
Model_1_goa_dr_2022.dat 7 2031  F_LCI 0.0887543
Model_1_goa_dr_2022.dat 7 2031  F_UCI 0.112301
Model_1_goa_dr_2022.dat 7 2031  F_Median 0.0987237
Model_1_goa_dr_2022.dat 7 2031  F_Mean 0.0995786
Model_1_goa_dr_2022.dat 7 2032 F0 0 
Model_1_goa_dr_2022.dat 7 2032 Fabc 0.0913417
Model_1_goa_dr_2022.dat 7 2032 Fofl 0.112301
Model_1_goa_dr_2022.dat 7 2032  F_LCI 0.0853957
Model_1_goa_dr_2022.dat 7 2032  F_UCI 0.112301
Model_1_goa_dr_2022.dat 7 2032  F_Median 0.0977833
Model_1_goa_dr_2022.dat 7 2032  F_Mean 0.0985509
Model_1_goa_dr_2022.dat 7 2033 F0 0 
Model_1_goa_dr_2022.dat 7 2033 Fabc 0.0913417
Model_1_goa_dr_2022.dat 7 2033 Fofl 0.112301
Model_1_goa_dr_2022.dat 7 2033  F_LCI 0.0831961
Model_1_goa_dr_2022.dat 7 2033  F_UCI 0.112301
Model_1_goa_dr_2022.dat 7 2033  F_Median 0.0979554
Model_1_goa_dr_2022.dat 7 2033  F_Mean 0.0983528
Model_1_goa_dr_2022.dat 7 2034 F0 0 
Model_1_goa_dr_2022.dat 7 2034 Fabc 0.0913417
Model_1_goa_dr_2022.dat 7 2034 Fofl 0.112301
Model_1_goa_dr_2022.dat 7 2034  F_LCI 0.0824365
Model_1_goa_dr_2022.dat 7 2034  F_UCI 0.112301
Model_1_goa_dr_2022.dat 7 2034  F_Median 0.0983149
Model_1_goa_dr_2022.dat 7 2034  F_Mean 0.0985356
Model_1_goa_dr_2022.dat 7 2035 F0 0 
Model_1_goa_dr_2022.dat 7 2035 Fabc 0.0913417
Model_1_goa_dr_2022.dat 7 2035 Fofl 0.112301
Model_1_goa_dr_2022.dat 7 2035  F_LCI 0.0820605
Model_1_goa_dr_2022.dat 7 2035  F_UCI 0.112301
Model_1_goa_dr_2022.dat 7 2035  F_Median 0.0989129
Model_1_goa_dr_2022.dat 7 2035  F_Mean 0.0989096
