Alternative 1 Catch
     Model_1_goa_dr_2022.dat 
Equil_Fabc 4.6223 
Year 
2022 2.58497 
2023 3.95497 
2024 2.139 
2025 4.107 
2026 6.91154 
2027 6.22185 
2028 5.64654 
2029 5.23821 
2030 5.00167 
2031 4.8518 
2032 4.72975 
2033 4.64565 
2034 4.59226 
2035 4.56243 

Alternative 1 ABCs
     Model_1_goa_dr_2022.dat 

Year 
2022  NA 
2023  NA 
2024  NA 
2025  NA 
2026 6.91154 
2027 6.22185 
2028 5.64654 
2029 5.23821 
2030 5.00167 
2031 4.8518 
2032 4.72975 
2033 4.64565 
2034 4.59226 
2035 4.56243 

Alternative 1 TACs
     Model_1_goa_dr_2022.dat 

Year 
2022  NA 
2023  NA 
2024  NA 
2025  NA 
2026 6.91154 
2027 6.22185 
2028 5.64654 
2029 5.23821 
2030 5.00167 
2031 4.8518 
2032 4.72975 
2033 4.64565 
2034 4.59226 
2035 4.56243 

Alternative 1 Sp_Biomass
     Model_1_goa_dr_2022.dat 
Equil_Fabc 26.2259 
Year 
2022 45.0557 
2023 44.5914 
2024 43.1854 
2025 41.9359 
2026 39.4352 
2027 35.89 
2028 32.9214 
2029 30.6538 
2030 29.09 
2031 28.0938 
2032 27.4924 
2033 27.1463 
2034 26.9525 
2035 26.8521 

Alternative 1 Fishing Mortality
     Model_1_goa_dr_2022.dat 
Equil_Fabc 0.0913417 
Year 
2022 0.0284964 
2023 0.0446111 
2024 0.0249335 
2025 0.0499811 
2026 0.0913417 
2027 0.0913417 
2028 0.0913417 
2029 0.0913417 
2030 0.0913392 
2031 0.0907803 
2032 0.0895626 
2033 0.088567 
2034 0.0879274 
2035 0.0875389 

Alternative 1 Biomass
     Model_1_goa_dr_2022.dat 

Year 
2022 109.82 
2023 107.219 
2024 103.625 
2025 102.442 
2026 99.7706 
2027 94.8253 
2028 91.1866 
2029 88.6715 
2030 86.9757 
2031 85.8821 
2032 85.1024 
2033 84.6144 
2034 84.2365 
2035 83.9877 

Alternative 1 Implied SPR rate 
     Model_1_goa_dr_2022.dat 
Equil_Fabc 0.4 
Year 
2022 0.688211 
2023 0.582571 
2024 0.71663 
2025 0.553937 
2026 0.4 
2027 0.4 
2028 0.4 
2029 0.4 
2030 0.400007 
2031 0.401566 
2032 0.40506 
2033 0.408007 
2034 0.409956 
2035 0.411161 

  Model_1_goa_dr_2022.dat 
EquilAvgAgeF0  12.9802 
EquilAvgAgeFabc  7.76878 
AvgAgeYr2035 8.43187 
Alternative 2 Catch
     Model_1_goa_dr_2022.dat 
Equil_Fabc 4.6223 
Year 
2022 2.58497 
2023 3.95497 
2024 2.139 
2025 4.107 
2026 6.91154 
2027 6.22185 
2028 5.64654 
2029 5.23821 
2030 5.00167 
2031 4.8518 
2032 4.72975 
2033 4.64565 
2034 4.59226 
2035 4.56243 

Alternative 2 ABCs
     Model_1_goa_dr_2022.dat 

Year 
2022  NA 
2023  NA 
2024  NA 
2025  NA 
2026 6.91154 
2027 6.22185 
2028 5.64654 
2029 5.23821 
2030 5.00167 
2031 4.8518 
2032 4.72975 
2033 4.64565 
2034 4.59226 
2035 4.56243 

Alternative 2 TACs
     Model_1_goa_dr_2022.dat 

Year 
2022  NA 
2023  NA 
2024  NA 
2025  NA 
2026 6.91154 
2027 6.22185 
2028 5.64654 
2029 5.23821 
2030 5.00167 
2031 4.8518 
2032 4.72975 
2033 4.64565 
2034 4.59226 
2035 4.56243 

Alternative 2 Sp_Biomass
     Model_1_goa_dr_2022.dat 
Equil_Fabc 26.2259 
Year 
2022 45.0557 
2023 44.5914 
2024 43.1854 
2025 41.9359 
2026 39.4352 
2027 35.89 
2028 32.9214 
2029 30.6538 
2030 29.09 
2031 28.0938 
2032 27.4924 
2033 27.1463 
2034 26.9525 
2035 26.8521 

Alternative 2 Fishing Mortality
     Model_1_goa_dr_2022.dat 
Equil_Fabc 0.0913417 
Year 
2022 0.0284964 
2023 0.0446111 
2024 0.0249335 
2025 0.0499811 
2026 0.0913417 
2027 0.0913417 
2028 0.0913417 
2029 0.0913417 
2030 0.0913392 
2031 0.0907803 
2032 0.0895626 
2033 0.088567 
2034 0.0879274 
2035 0.0875389 

Alternative 2 Biomass
     Model_1_goa_dr_2022.dat 

Year 
2022 109.82 
2023 107.219 
2024 103.625 
2025 102.442 
2026 99.7706 
2027 94.8253 
2028 91.1866 
2029 88.6715 
2030 86.9757 
2031 85.8821 
2032 85.1024 
2033 84.6144 
2034 84.2365 
2035 83.9877 

Alternative 2 Implied SPR rate 
     Model_1_goa_dr_2022.dat 
Equil_Fabc 0.4 
Year 
2022 0.688211 
2023 0.582571 
2024 0.71663 
2025 0.553937 
2026 0.4 
2027 0.4 
2028 0.4 
2029 0.4 
2030 0.400007 
2031 0.401566 
2032 0.40506 
2033 0.408007 
2034 0.409956 
2035 0.411161 

  Model_1_goa_dr_2022.dat 
EquilAvgAgeF0  12.9802 
EquilAvgAgeFabc  7.76878 
AvgAgeYr2035 8.43187 
Alternative 3 Catch
     Model_1_goa_dr_2022.dat 
Equil_Fabc 4.6223 
Year 
2022 2.58497 
2023 3.95497 
2024 2.139 
2025 4.107 
2026 3.53191 
2027 3.32143 
2028 3.14196 
2029 3.02402 
2030 2.97666 
2031 2.97566 
2032 2.99475 
2033 3.01947 
2034 3.045 
2035 3.07176 

Alternative 3 ABCs
     Model_1_goa_dr_2022.dat 

Year 
2022  NA 
2023  NA 
2024  NA 
2025  NA 
2026 3.53191 
2027 3.32143 
2028 3.14196 
2029 3.02402 
2030 2.97666 
2031 2.97566 
2032 2.99475 
2033 3.01947 
2034 3.045 
2035 3.07176 

Alternative 3 TACs
     Model_1_goa_dr_2022.dat 

Year 
2022  NA 
2023  NA 
2024  NA 
2025  NA 
2026 3.53191 
2027 3.32143 
2028 3.14196 
2029 3.02402 
2030 2.97666 
2031 2.97566 
2032 2.99475 
2033 3.01947 
2034 3.045 
2035 3.07176 

Alternative 3 Sp_Biomass
     Model_1_goa_dr_2022.dat 
Equil_Fabc 26.2259 
Year 
2022 45.0557 
2023 44.5914 
2024 43.1854 
2025 41.9359 
2026 39.7265 
2027 37.7424 
2028 36.0477 
2029 34.8 
2030 34.0591 
2031 33.7494 
2032 33.7333 
2033 33.8892 
2034 34.1324 
2035 34.4168 

Alternative 3 Fishing Mortality
     Model_1_goa_dr_2022.dat 
Equil_Fabc 0.0913417 
Year 
2022 0.0284964 
2023 0.0446111 
2024 0.0249335 
2025 0.0499811 
2026 0.0456709 
2027 0.0456709 
2028 0.0456709 
2029 0.0456709 
2030 0.0456709 
2031 0.0456709 
2032 0.0456709 
2033 0.0456709 
2034 0.0456693 
2035 0.0456645 

Alternative 3 Biomass
     Model_1_goa_dr_2022.dat 

Year 
2022 109.82 
2023 107.219 
2024 103.625 
2025 102.442 
2026 99.7706 
2027 98.165 
2028 97.2276 
2029 96.8805 
2030 96.9528 
2031 97.3513 
2032 97.8443 
2033 98.4313 
2034 98.9714 
2035 99.5192 

Alternative 3 Implied SPR rate 
     Model_1_goa_dr_2022.dat 
Equil_Fabc 0.4 
Year 
2022 0.688211 
2023 0.582571 
2024 0.71663 
2025 0.553937 
2026 0.576699 
2027 0.576699 
2028 0.576699 
2029 0.576699 
2030 0.576699 
2031 0.576699 
2032 0.576699 
2033 0.576699 
2034 0.576708 
2035 0.576735 

  Model_1_goa_dr_2022.dat 
EquilAvgAgeF0  12.9802 
EquilAvgAgeFabc  7.76878 
AvgAgeYr2035 9.59124 
Alternative 4 Catch
     Model_1_goa_dr_2022.dat 
Equil_Fabc 4.6223 
Year 
2022 2.58497 
2023 3.95497 
2024 2.139 
2025 4.107 
2026 2.3824 
2027 2.27303 
2028 2.18004 
2029 2.12437 
2030 2.11321 
2031 2.13136 
2032 2.16177 
2033 2.1949 
2034 2.22759 
2035 2.26022 

Alternative 4 ABCs
     Model_1_goa_dr_2022.dat 

Year 
2022  NA 
2023  NA 
2024  NA 
2025  NA 
2026 2.3824 
2027 2.27303 
2028 2.18004 
2029 2.12437 
2030 2.11321 
2031 2.13136 
2032 2.16177 
2033 2.1949 
2034 2.22759 
2035 2.26022 

Alternative 4 TACs
     Model_1_goa_dr_2022.dat 

Year 
2022  NA 
2023  NA 
2024  NA 
2025  NA 
2026 2.3824 
2027 2.27303 
2028 2.18004 
2029 2.12437 
2030 2.11321 
2031 2.13136 
2032 2.16177 
2033 2.1949 
2034 2.22759 
2035 2.26022 

Alternative 4 Sp_Biomass
     Model_1_goa_dr_2022.dat 
Equil_Fabc 26.2259 
Year 
2022 45.0557 
2023 44.5914 
2024 43.1854 
2025 41.9359 
2026 39.8231 
2027 38.376 
2028 37.1488 
2029 36.3031 
2030 35.9109 
2031 35.9132 
2032 36.1853 
2033 36.6125 
2034 37.1121 
2035 37.6382 

Alternative 4 Fishing Mortality
     Model_1_goa_dr_2022.dat 
Equil_Fabc 0.0913417 
Year 
2022 0.0284964 
2023 0.0446111 
2024 0.0249335 
2025 0.0499811 
2026 0.0305845 
2027 0.0305845 
2028 0.0305845 
2029 0.0305845 
2030 0.0305845 
2031 0.0305845 
2032 0.0305845 
2033 0.0305845 
2034 0.0305845 
2035 0.0305845 

Alternative 4 Biomass
     Model_1_goa_dr_2022.dat 

Year 
2022 109.82 
2023 107.219 
2024 103.625 
2025 102.442 
2026 99.7706 
2027 99.3012 
2028 99.3437 
2029 99.8389 
2030 100.647 
2031 101.707 
2032 102.809 
2033 103.963 
2034 105.033 
2035 106.077 

Alternative 4 Implied SPR rate 
     Model_1_goa_dr_2022.dat 
Equil_Fabc 0.4 
Year 
2022 0.688211 
2023 0.582571 
2024 0.71663 
2025 0.553937 
2026 0.672528 
2027 0.672528 
2028 0.672528 
2029 0.672528 
2030 0.672528 
2031 0.672528 
2032 0.672528 
2033 0.672528 
2034 0.672528 
2035 0.672528 

  Model_1_goa_dr_2022.dat 
EquilAvgAgeF0  12.9802 
EquilAvgAgeFabc  7.76878 
AvgAgeYr2035 10.0405 
Alternative 5 Catch
     Model_1_goa_dr_2022.dat 
Equil_Fabc 4.6223 
Year 
2022 2.58497 
2023 3.95497 
2024 2.139 
2025 4.107 
2026  NA 
2027  NA 
2028  NA 
2029  NA 
2030  NA 
2031  NA 
2032  NA 
2033  NA 
2034  NA 
2035  NA 

Alternative 5 ABCs
     Model_1_goa_dr_2022.dat 

Year 
2022  NA 
2023  NA 
2024  NA 
2025  NA 
2026  NA 
2027  NA 
2028  NA 
2029  NA 
2030  NA 
2031  NA 
2032  NA 
2033  NA 
2034  NA 
2035  NA 

Alternative 5 TACs
     Model_1_goa_dr_2022.dat 

Year 
2022  NA 
2023  NA 
2024  NA 
2025  NA 
2026  NA 
2027  NA 
2028  NA 
2029  NA 
2030  NA 
2031  NA 
2032  NA 
2033  NA 
2034  NA 
2035  NA 

Alternative 5 Sp_Biomass
     Model_1_goa_dr_2022.dat 
Equil_Fabc 26.2259 
Year 
2022 45.0557 
2023 44.5914 
2024 43.1854 
2025 41.9359 
2026 40.0199 
2027 39.6945 
2028 39.4925 
2029 39.5738 
2030 40.028 
2031 40.8236 
2032 41.858 
2033 43.0285 
2034 44.254 
2035 45.4868 

Alternative 5 Fishing Mortality
     Model_1_goa_dr_2022.dat 
Equil_Fabc 0.0913417 
Year 
2022 0.0284964 
2023 0.0446111 
2024 0.0249335 
2025 0.0499811 
2026  NA 
2027  NA 
2028  NA 
2029  NA 
2030  NA 
2031  NA 
2032  NA 
2033  NA 
2034  NA 
2035  NA 

Alternative 5 Biomass
     Model_1_goa_dr_2022.dat 

Year 
2022 109.82 
2023 107.219 
2024 103.625 
2025 102.442 
2026 99.7706 
2027 101.657 
2028 103.829 
2029 106.248 
2030 108.82 
2031 111.539 
2032 114.229 
2033 116.917 
2034 119.474 
2035 121.955 

Alternative 5 Implied SPR rate 
     Model_1_goa_dr_2022.dat 
Equil_Fabc 0.4 
Year 
2022 0.688211 
2023 0.582571 
2024 0.71663 
2025 0.553937 
2026 1 
2027 1 
2028 1 
2029 1 
2030 1 
2031 1 
2032 1 
2033 1 
2034 1 
2035 1 

  Model_1_goa_dr_2022.dat 
EquilAvgAgeF0  12.9802 
EquilAvgAgeFabc  7.76878 
AvgAgeYr2035 11.0317 
Alternative 6 Catch
     Model_1_goa_dr_2022.dat 
Equil_Fabc 4.6223 
Year 
2022 2.58497 
2023 9.64387 
2024 8.6727 
2025 7.75208 
2026 6.88906 
2027 6.12065 
2028 5.46687 
2029 4.76656 
2030 4.42753 
2031 4.32747 
2032 4.33662 
2033 4.38447 
2034 4.44205 
2035 4.50432 

Alternative 6 ABCs
     Model_1_goa_dr_2022.dat 

Year 
2022 9.79664 
2023 9.64387 
2024 8.67271 
2025 7.75208 
2026 6.88906 
2027 6.12065 
2028 5.46687 
2029 4.76656 
2030 4.42753 
2031 4.32747 
2032 4.33662 
2033 4.38447 
2034 4.44205 
2035 4.50432 

Alternative 6 TACs
     Model_1_goa_dr_2022.dat 

Year 
2022  NA 
2023 9.64387 
2024 8.67271 
2025 7.75208 
2026 6.88906 
2027 6.12065 
2028 5.46687 
2029 4.76656 
2030 4.42753 
2031 4.32747 
2032 4.33662 
2033 4.38447 
2034 4.44205 
2035 4.50432 

Alternative 6 Sp_Biomass
     Model_1_goa_dr_2022.dat 
Equil_Fabc 26.2259 
Year 
2022 45.0557 
2023 44.1117 
2024 39.9631 
2025 35.9407 
2026 32.2226 
2027 28.986 
2028 26.3952 
2029 24.5767 
2030 23.5793 
2031 23.1635 
2032 23.0847 
2033 23.1717 
2034 23.3258 
2035 23.5011 

Alternative 6 Fishing Mortality
     Model_1_goa_dr_2022.dat 
Equil_Fabc 0.0913417 
Year 
2022 0.0284964 
2023 0.112301 
2024 0.112301 
2025 0.112301 
2026 0.112301 
2027 0.112301 
2028 0.111493 
2029 0.104451 
2030 0.0999017 
2031 0.097843 
2032 0.0972457 
2033 0.0973759 
2034 0.0978101 
2035 0.0983746 

Alternative 6 Biomass
     Model_1_goa_dr_2022.dat 

Year 
2022 109.82 
2023 107.219 
2024 97.9641 
2025 90.5369 
2026 84.7998 
2027 80.599 
2028 77.7829 
2029 76.1538 
2030 75.6011 
2031 75.7018 
2032 76.0101 
2033 76.4233 
2034 76.7657 
2035 77.0845 

Alternative 6 Implied SPR rate 
     Model_1_goa_dr_2022.dat 
Equil_Fabc 0.4 
Year 
2022 0.688211 
2023 0.35 
2024 0.35 
2025 0.35 
2026 0.35 
2027 0.35 
2028 0.351713 
2029 0.36747 
2030 0.37856 
2031 0.384009 
2032 0.385822 
2033 0.385702 
2034 0.384721 
2035 0.383362 

  Model_1_goa_dr_2022.dat 
EquilAvgAgeF0  12.9802 
EquilAvgAgeFabc  7.76878 
AvgAgeYr2035 7.80301 
Alternative 7 Catch
     Model_1_goa_dr_2022.dat 
Equil_Fabc 4.6223 
Year 
2022 2.58497 
2023 7.92141 
2024 7.2659 
2025 8.05994 
2026 7.15376 
2027 6.34642 
2028 5.69538 
2029 5.04195 
2030 4.6359 
2031 4.48393 
2032 4.45502 
2033 4.47419 
2034 4.50982 
2035 4.55536 

Alternative 7 ABCs
     Model_1_goa_dr_2022.dat 

Year 
2022 9.79664 
2023 9.64387 
2024 8.84548 
2025 8.05995 
2026 7.15376 
2027 6.34642 
2028 5.69538 
2029 5.04195 
2030 4.6359 
2031 4.48393 
2032 4.45502 
2033 4.47419 
2034 4.50982 
2035 4.55536 

Alternative 7 TACs
     Model_1_goa_dr_2022.dat 

Year 
2022  NA 
2023 9.64387 
2024 8.84548 
2025 8.05995 
2026 7.15376 
2027 6.34642 
2028 5.69538 
2029 5.04195 
2030 4.6359 
2031 4.48393 
2032 4.45502 
2033 4.47419 
2034 4.50982 
2035 4.55536 

Alternative 7 Sp_Biomass
     Model_1_goa_dr_2022.dat 
Equil_Fabc 26.2259 
Year 
2022 45.0557 
2023 44.2596 
2024 40.8934 
2025 37.3632 
2026 33.4538 
2027 30.042 
2028 27.2913 
2029 25.3119 
2030 24.1483 
2031 23.6036 
2032 23.4245 
2033 23.4331 
2034 23.526 
2035 23.6539 

Alternative 7 Fishing Mortality
     Model_1_goa_dr_2022.dat 
Equil_Fabc 0.0913417 
Year 
2022 0.0284964 
2023 0.0913417 
2024 0.0913417 
2025 0.112301 
2026 0.112301 
2027 0.112301 
2028 0.1123 
2029 0.107333 
2030 0.102225 
2031 0.0996045 
2032 0.0985704 
2033 0.0983674 
2034 0.0985465 
2035 0.0989176 

Alternative 7 Biomass
     Model_1_goa_dr_2022.dat 

Year 
2022 109.82 
2023 107.219 
2024 99.6777 
2025 93.5736 
2026 87.3932 
2027 82.8038 
2028 79.6509 
2029 77.6951 
2030 76.7835 
2031 76.6078 
2032 76.7042 
2033 76.9543 
2034 77.1708 
2035 77.3931 

Alternative 7 Implied SPR rate 
     Model_1_goa_dr_2022.dat 
Equil_Fabc 0.4 
Year 
2022 0.688211 
2023 0.4 
2024 0.4 
2025 0.35 
2026 0.35 
2027 0.35 
2028 0.350002 
2029 0.360884 
2030 0.372911 
2031 0.379566 
2032 0.382421 
2033 0.383139 
2034 0.382813 
2035 0.381956 

  Model_1_goa_dr_2022.dat 
EquilAvgAgeF0  12.9802 
EquilAvgAgeFabc  7.76878 
AvgAgeYr2035 7.84187 
