Model_1_goa_dr_2022.dat 1 2022 Cabc 4.6223
Model_1_goa_dr_2022.dat 1 2022 Cofl 4.9419
Model_1_goa_dr_2022.dat 1 2022 CLCI 2.58497
Model_1_goa_dr_2022.dat 1 2022 CUCI 2.58497
Model_1_goa_dr_2022.dat 1 2022 CMedian 2.58497
Model_1_goa_dr_2022.dat 1 2022 CMean 2.58497
Model_1_goa_dr_2022.dat 1 2023 Cabc 4.6223
Model_1_goa_dr_2022.dat 1 2023 Cofl 4.9419
Model_1_goa_dr_2022.dat 1 2023 CLCI 3.95497
Model_1_goa_dr_2022.dat 1 2023 CUCI 3.95497
Model_1_goa_dr_2022.dat 1 2023 CMedian 3.95497
Model_1_goa_dr_2022.dat 1 2023 CMean 3.95497
Model_1_goa_dr_2022.dat 1 2024 Cabc 4.6223
Model_1_goa_dr_2022.dat 1 2024 Cofl 4.9419
Model_1_goa_dr_2022.dat 1 2024 CLCI 2.139
Model_1_goa_dr_2022.dat 1 2024 CUCI 2.139
Model_1_goa_dr_2022.dat 1 2024 CMedian 2.139
Model_1_goa_dr_2022.dat 1 2024 CMean 2.139
Model_1_goa_dr_2022.dat 1 2025 Cabc 4.6223
Model_1_goa_dr_2022.dat 1 2025 Cofl 4.9419
Model_1_goa_dr_2022.dat 1 2025 CLCI 4.107
Model_1_goa_dr_2022.dat 1 2025 CUCI 4.107
Model_1_goa_dr_2022.dat 1 2025 CMedian 4.107
Model_1_goa_dr_2022.dat 1 2025 CMean 4.107
Model_1_goa_dr_2022.dat 1 2026 Cabc 4.6223
Model_1_goa_dr_2022.dat 1 2026 Cofl 4.9419
Model_1_goa_dr_2022.dat 1 2026 CLCI 6.90442
Model_1_goa_dr_2022.dat 1 2026 CUCI 6.92373
Model_1_goa_dr_2022.dat 1 2026 CMedian 6.91004
Model_1_goa_dr_2022.dat 1 2026 CMean 6.91154
Model_1_goa_dr_2022.dat 1 2027 Cabc 4.6223
Model_1_goa_dr_2022.dat 1 2027 Cofl 4.9419
Model_1_goa_dr_2022.dat 1 2027 CLCI 6.19609
Model_1_goa_dr_2022.dat 1 2027 CUCI 6.26549
Model_1_goa_dr_2022.dat 1 2027 CMedian 6.21648
Model_1_goa_dr_2022.dat 1 2027 CMean 6.22185
Model_1_goa_dr_2022.dat 1 2028 Cabc 4.6223
Model_1_goa_dr_2022.dat 1 2028 Cofl 4.9419
Model_1_goa_dr_2022.dat 1 2028 CLCI 5.56499
Model_1_goa_dr_2022.dat 1 2028 CUCI 5.77978
Model_1_goa_dr_2022.dat 1 2028 CMedian 5.62941
Model_1_goa_dr_2022.dat 1 2028 CMean 5.64654
Model_1_goa_dr_2022.dat 1 2029 Cabc 4.6223
Model_1_goa_dr_2022.dat 1 2029 Cofl 4.9419
Model_1_goa_dr_2022.dat 1 2029 CLCI 5.03182
Model_1_goa_dr_2022.dat 1 2029 CUCI 5.56755
Model_1_goa_dr_2022.dat 1 2029 CMedian 5.20014
Model_1_goa_dr_2022.dat 1 2029 CMean 5.23821
Model_1_goa_dr_2022.dat 1 2030 Cabc 4.6223
Model_1_goa_dr_2022.dat 1 2030 Cofl 4.9419
Model_1_goa_dr_2022.dat 1 2030 CLCI 4.61811
Model_1_goa_dr_2022.dat 1 2030 CUCI 5.5916
Model_1_goa_dr_2022.dat 1 2030 CMedian 4.94033
Model_1_goa_dr_2022.dat 1 2030 CMean 5.00167
Model_1_goa_dr_2022.dat 1 2031 Cabc 4.6223
Model_1_goa_dr_2022.dat 1 2031 Cofl 4.9419
Model_1_goa_dr_2022.dat 1 2031 CLCI 4.16342
Model_1_goa_dr_2022.dat 1 2031 CUCI 5.69046
Model_1_goa_dr_2022.dat 1 2031 CMedian 4.78445
Model_1_goa_dr_2022.dat 1 2031 CMean 4.8518
Model_1_goa_dr_2022.dat 1 2032 Cabc 4.6223
Model_1_goa_dr_2022.dat 1 2032 Cofl 4.9419
Model_1_goa_dr_2022.dat 1 2032 CLCI 3.76348
Model_1_goa_dr_2022.dat 1 2032 CUCI 5.78502
Model_1_goa_dr_2022.dat 1 2032 CMedian 4.70427
Model_1_goa_dr_2022.dat 1 2032 CMean 4.72975
Model_1_goa_dr_2022.dat 1 2033 Cabc 4.6223
Model_1_goa_dr_2022.dat 1 2033 Cofl 4.9419
Model_1_goa_dr_2022.dat 1 2033 CLCI 3.47637
Model_1_goa_dr_2022.dat 1 2033 CUCI 5.87511
Model_1_goa_dr_2022.dat 1 2033 CMedian 4.65714
Model_1_goa_dr_2022.dat 1 2033 CMean 4.64565
Model_1_goa_dr_2022.dat 1 2034 Cabc 4.6223
Model_1_goa_dr_2022.dat 1 2034 Cofl 4.9419
Model_1_goa_dr_2022.dat 1 2034 CLCI 3.32346
Model_1_goa_dr_2022.dat 1 2034 CUCI 5.91842
Model_1_goa_dr_2022.dat 1 2034 CMedian 4.62334
Model_1_goa_dr_2022.dat 1 2034 CMean 4.59226
Model_1_goa_dr_2022.dat 1 2035 Cabc 4.6223
Model_1_goa_dr_2022.dat 1 2035 Cofl 4.9419
Model_1_goa_dr_2022.dat 1 2035 CLCI 3.21707
Model_1_goa_dr_2022.dat 1 2035 CUCI 5.97492
Model_1_goa_dr_2022.dat 1 2035 CMedian 4.59687
Model_1_goa_dr_2022.dat 1 2035 CMean 4.56243
Model_1_goa_dr_2022.dat 1 2022 SSBF100 65.5649
Model_1_goa_dr_2022.dat 1 2022 SSBFabc 26.2259
Model_1_goa_dr_2022.dat 1 2022 SSBFofl 22.9477
Model_1_goa_dr_2022.dat 1 2022 SSBLCI 45.0557
Model_1_goa_dr_2022.dat 1 2022 SSBUCI 45.0557
Model_1_goa_dr_2022.dat 1 2022 SSBMedian 45.0557
Model_1_goa_dr_2022.dat 1 2022 SSBMean 45.0557
Model_1_goa_dr_2022.dat 1 2023 SSBF100 65.5649
Model_1_goa_dr_2022.dat 1 2023 SSBFabc 26.2259
Model_1_goa_dr_2022.dat 1 2023 SSBFofl 22.9477
Model_1_goa_dr_2022.dat 1 2023 SSBLCI 44.582
Model_1_goa_dr_2022.dat 1 2023 SSBUCI 44.6088
Model_1_goa_dr_2022.dat 1 2023 SSBMedian 44.5889
Model_1_goa_dr_2022.dat 1 2023 SSBMean 44.5914
Model_1_goa_dr_2022.dat 1 2024 SSBF100 65.5649
Model_1_goa_dr_2022.dat 1 2024 SSBFabc 26.2259
Model_1_goa_dr_2022.dat 1 2024 SSBFofl 22.9477
Model_1_goa_dr_2022.dat 1 2024 SSBLCI 43.1528
Model_1_goa_dr_2022.dat 1 2024 SSBUCI 43.2391
Model_1_goa_dr_2022.dat 1 2024 SSBMedian 43.1786
Model_1_goa_dr_2022.dat 1 2024 SSBMean 43.1854
Model_1_goa_dr_2022.dat 1 2025 SSBF100 65.5649
Model_1_goa_dr_2022.dat 1 2025 SSBFabc 26.2259
Model_1_goa_dr_2022.dat 1 2025 SSBFofl 22.9477
Model_1_goa_dr_2022.dat 1 2025 SSBLCI 41.8472
Model_1_goa_dr_2022.dat 1 2025 SSBUCI 42.0778
Model_1_goa_dr_2022.dat 1 2025 SSBMedian 41.9173
Model_1_goa_dr_2022.dat 1 2025 SSBMean 41.9359
Model_1_goa_dr_2022.dat 1 2026 SSBF100 65.5649
Model_1_goa_dr_2022.dat 1 2026 SSBFabc 26.2259
Model_1_goa_dr_2022.dat 1 2026 SSBFofl 22.9477
Model_1_goa_dr_2022.dat 1 2026 SSBLCI 39.2253
Model_1_goa_dr_2022.dat 1 2026 SSBUCI 39.7625
Model_1_goa_dr_2022.dat 1 2026 SSBMedian 39.3965
Model_1_goa_dr_2022.dat 1 2026 SSBMean 39.4352
Model_1_goa_dr_2022.dat 1 2027 SSBF100 65.5649
Model_1_goa_dr_2022.dat 1 2027 SSBFabc 26.2259
Model_1_goa_dr_2022.dat 1 2027 SSBFofl 22.9477
Model_1_goa_dr_2022.dat 1 2027 SSBLCI 35.4434
Model_1_goa_dr_2022.dat 1 2027 SSBUCI 36.5778
Model_1_goa_dr_2022.dat 1 2027 SSBMedian 35.8209
Model_1_goa_dr_2022.dat 1 2027 SSBMean 35.89
Model_1_goa_dr_2022.dat 1 2028 SSBF100 65.5649
Model_1_goa_dr_2022.dat 1 2028 SSBFabc 26.2259
Model_1_goa_dr_2022.dat 1 2028 SSBFofl 22.9477
Model_1_goa_dr_2022.dat 1 2028 SSBLCI 32.0656
Model_1_goa_dr_2022.dat 1 2028 SSBUCI 34.2074
Model_1_goa_dr_2022.dat 1 2028 SSBMedian 32.7804
Model_1_goa_dr_2022.dat 1 2028 SSBMean 32.9214
Model_1_goa_dr_2022.dat 1 2029 SSBF100 65.5649
Model_1_goa_dr_2022.dat 1 2029 SSBFabc 26.2259
Model_1_goa_dr_2022.dat 1 2029 SSBFofl 22.9477
Model_1_goa_dr_2022.dat 1 2029 SSBLCI 29.2059
Model_1_goa_dr_2022.dat 1 2029 SSBUCI 32.8482
Model_1_goa_dr_2022.dat 1 2029 SSBMedian 30.4281
Model_1_goa_dr_2022.dat 1 2029 SSBMean 30.6538
Model_1_goa_dr_2022.dat 1 2030 SSBF100 65.5649
Model_1_goa_dr_2022.dat 1 2030 SSBFabc 26.2259
Model_1_goa_dr_2022.dat 1 2030 SSBFofl 22.9477
Model_1_goa_dr_2022.dat 1 2030 SSBLCI 26.9113
Model_1_goa_dr_2022.dat 1 2030 SSBUCI 32.2249
Model_1_goa_dr_2022.dat 1 2030 SSBMedian 28.7136
Model_1_goa_dr_2022.dat 1 2030 SSBMean 29.09
Model_1_goa_dr_2022.dat 1 2031 SSBF100 65.5649
Model_1_goa_dr_2022.dat 1 2031 SSBFabc 26.2259
Model_1_goa_dr_2022.dat 1 2031 SSBFofl 22.9477
Model_1_goa_dr_2022.dat 1 2031 SSBLCI 25.1981
Model_1_goa_dr_2022.dat 1 2031 SSBUCI 32.2915
Model_1_goa_dr_2022.dat 1 2031 SSBMedian 27.6679
Model_1_goa_dr_2022.dat 1 2031 SSBMean 28.0938
Model_1_goa_dr_2022.dat 1 2032 SSBF100 65.5649
Model_1_goa_dr_2022.dat 1 2032 SSBFabc 26.2259
Model_1_goa_dr_2022.dat 1 2032 SSBFofl 22.9477
Model_1_goa_dr_2022.dat 1 2032 SSBLCI 23.9216
Model_1_goa_dr_2022.dat 1 2032 SSBUCI 32.5858
Model_1_goa_dr_2022.dat 1 2032 SSBMedian 26.9822
Model_1_goa_dr_2022.dat 1 2032 SSBMean 27.4924
Model_1_goa_dr_2022.dat 1 2033 SSBF100 65.5649
Model_1_goa_dr_2022.dat 1 2033 SSBFabc 26.2259
Model_1_goa_dr_2022.dat 1 2033 SSBFofl 22.9477
Model_1_goa_dr_2022.dat 1 2033 SSBLCI 23.0085
Model_1_goa_dr_2022.dat 1 2033 SSBUCI 32.9505
Model_1_goa_dr_2022.dat 1 2033 SSBMedian 26.6104
Model_1_goa_dr_2022.dat 1 2033 SSBMean 27.1463
Model_1_goa_dr_2022.dat 1 2034 SSBF100 65.5649
Model_1_goa_dr_2022.dat 1 2034 SSBFabc 26.2259
Model_1_goa_dr_2022.dat 1 2034 SSBFofl 22.9477
Model_1_goa_dr_2022.dat 1 2034 SSBLCI 22.4963
Model_1_goa_dr_2022.dat 1 2034 SSBUCI 33.1991
Model_1_goa_dr_2022.dat 1 2034 SSBMedian 26.3772
Model_1_goa_dr_2022.dat 1 2034 SSBMean 26.9525
Model_1_goa_dr_2022.dat 1 2035 SSBF100 65.5649
Model_1_goa_dr_2022.dat 1 2035 SSBFabc 26.2259
Model_1_goa_dr_2022.dat 1 2035 SSBFofl 22.9477
Model_1_goa_dr_2022.dat 1 2035 SSBLCI 22.1466
Model_1_goa_dr_2022.dat 1 2035 SSBUCI 33.3489
Model_1_goa_dr_2022.dat 1 2035 SSBMedian 26.2836
Model_1_goa_dr_2022.dat 1 2035 SSBMean 26.8521
Model_1_goa_dr_2022.dat 1 2022 F0 0 
Model_1_goa_dr_2022.dat 1 2022 Fabc 0.0913417
Model_1_goa_dr_2022.dat 1 2022 Fofl 0.112301
Model_1_goa_dr_2022.dat 1 2022  F_LCI 0.0284964
Model_1_goa_dr_2022.dat 1 2022  F_UCI 0.0284964
Model_1_goa_dr_2022.dat 1 2022  F_Median 0.0284964
Model_1_goa_dr_2022.dat 1 2022  F_Mean 0.0284964
Model_1_goa_dr_2022.dat 1 2023 F0 0 
Model_1_goa_dr_2022.dat 1 2023 Fabc 0.0913417
Model_1_goa_dr_2022.dat 1 2023 Fofl 0.112301
Model_1_goa_dr_2022.dat 1 2023  F_LCI 0.0446103
Model_1_goa_dr_2022.dat 1 2023  F_UCI 0.0446115
Model_1_goa_dr_2022.dat 1 2023  F_Median 0.0446112
Model_1_goa_dr_2022.dat 1 2023  F_Mean 0.0446111
Model_1_goa_dr_2022.dat 1 2024 F0 0 
Model_1_goa_dr_2022.dat 1 2024 Fabc 0.0913417
Model_1_goa_dr_2022.dat 1 2024 Fofl 0.112301
Model_1_goa_dr_2022.dat 1 2024  F_LCI 0.0249313
Model_1_goa_dr_2022.dat 1 2024  F_UCI 0.0249348
Model_1_goa_dr_2022.dat 1 2024  F_Median 0.0249338
Model_1_goa_dr_2022.dat 1 2024  F_Mean 0.0249335
Model_1_goa_dr_2022.dat 1 2025 F0 0 
Model_1_goa_dr_2022.dat 1 2025 Fabc 0.0913417
Model_1_goa_dr_2022.dat 1 2025 Fofl 0.112301
Model_1_goa_dr_2022.dat 1 2025  F_LCI 0.0499599
Model_1_goa_dr_2022.dat 1 2025  F_UCI 0.0499931
Model_1_goa_dr_2022.dat 1 2025  F_Median 0.0499837
Model_1_goa_dr_2022.dat 1 2025  F_Mean 0.0499811
Model_1_goa_dr_2022.dat 1 2026 F0 0 
Model_1_goa_dr_2022.dat 1 2026 Fabc 0.0913417
Model_1_goa_dr_2022.dat 1 2026 Fofl 0.112301
Model_1_goa_dr_2022.dat 1 2026  F_LCI 0.0913417
Model_1_goa_dr_2022.dat 1 2026  F_UCI 0.0913417
Model_1_goa_dr_2022.dat 1 2026  F_Median 0.0913417
Model_1_goa_dr_2022.dat 1 2026  F_Mean 0.0913417
Model_1_goa_dr_2022.dat 1 2027 F0 0 
Model_1_goa_dr_2022.dat 1 2027 Fabc 0.0913417
Model_1_goa_dr_2022.dat 1 2027 Fofl 0.112301
Model_1_goa_dr_2022.dat 1 2027  F_LCI 0.0913417
Model_1_goa_dr_2022.dat 1 2027  F_UCI 0.0913417
Model_1_goa_dr_2022.dat 1 2027  F_Median 0.0913417
Model_1_goa_dr_2022.dat 1 2027  F_Mean 0.0913417
Model_1_goa_dr_2022.dat 1 2028 F0 0 
Model_1_goa_dr_2022.dat 1 2028 Fabc 0.0913417
Model_1_goa_dr_2022.dat 1 2028 Fofl 0.112301
Model_1_goa_dr_2022.dat 1 2028  F_LCI 0.0913417
Model_1_goa_dr_2022.dat 1 2028  F_UCI 0.0913417
Model_1_goa_dr_2022.dat 1 2028  F_Median 0.0913417
Model_1_goa_dr_2022.dat 1 2028  F_Mean 0.0913417
Model_1_goa_dr_2022.dat 1 2029 F0 0 
Model_1_goa_dr_2022.dat 1 2029 Fabc 0.0913417
Model_1_goa_dr_2022.dat 1 2029 Fofl 0.112301
Model_1_goa_dr_2022.dat 1 2029  F_LCI 0.0913417
Model_1_goa_dr_2022.dat 1 2029  F_UCI 0.0913417
Model_1_goa_dr_2022.dat 1 2029  F_Median 0.0913417
Model_1_goa_dr_2022.dat 1 2029  F_Mean 0.0913417
Model_1_goa_dr_2022.dat 1 2030 F0 0 
Model_1_goa_dr_2022.dat 1 2030 Fabc 0.0913417
Model_1_goa_dr_2022.dat 1 2030 Fofl 0.112301
Model_1_goa_dr_2022.dat 1 2030  F_LCI 0.0913417
Model_1_goa_dr_2022.dat 1 2030  F_UCI 0.0913417
Model_1_goa_dr_2022.dat 1 2030  F_Median 0.0913417
Model_1_goa_dr_2022.dat 1 2030  F_Mean 0.0913392
Model_1_goa_dr_2022.dat 1 2031 F0 0 
Model_1_goa_dr_2022.dat 1 2031 Fabc 0.0913417
Model_1_goa_dr_2022.dat 1 2031 Fofl 0.112301
Model_1_goa_dr_2022.dat 1 2031  F_LCI 0.0875734
Model_1_goa_dr_2022.dat 1 2031  F_UCI 0.0913417
Model_1_goa_dr_2022.dat 1 2031  F_Median 0.0913417
Model_1_goa_dr_2022.dat 1 2031  F_Mean 0.0907803
Model_1_goa_dr_2022.dat 1 2032 F0 0 
Model_1_goa_dr_2022.dat 1 2032 Fabc 0.0913417
Model_1_goa_dr_2022.dat 1 2032 Fofl 0.112301
Model_1_goa_dr_2022.dat 1 2032  F_LCI 0.0828936
Model_1_goa_dr_2022.dat 1 2032  F_UCI 0.0913417
Model_1_goa_dr_2022.dat 1 2032  F_Median 0.0913417
Model_1_goa_dr_2022.dat 1 2032  F_Mean 0.0895626
Model_1_goa_dr_2022.dat 1 2033 F0 0 
Model_1_goa_dr_2022.dat 1 2033 Fabc 0.0913417
Model_1_goa_dr_2022.dat 1 2033 Fofl 0.112301
Model_1_goa_dr_2022.dat 1 2033  F_LCI 0.079546
Model_1_goa_dr_2022.dat 1 2033  F_UCI 0.0913417
Model_1_goa_dr_2022.dat 1 2033  F_Median 0.0913417
Model_1_goa_dr_2022.dat 1 2033  F_Mean 0.088567
Model_1_goa_dr_2022.dat 1 2034 F0 0 
Model_1_goa_dr_2022.dat 1 2034 Fabc 0.0913417
Model_1_goa_dr_2022.dat 1 2034 Fofl 0.112301
Model_1_goa_dr_2022.dat 1 2034  F_LCI 0.0776682
Model_1_goa_dr_2022.dat 1 2034  F_UCI 0.0913417
Model_1_goa_dr_2022.dat 1 2034  F_Median 0.0913417
Model_1_goa_dr_2022.dat 1 2034  F_Mean 0.0879274
Model_1_goa_dr_2022.dat 1 2035 F0 0 
Model_1_goa_dr_2022.dat 1 2035 Fabc 0.0913417
Model_1_goa_dr_2022.dat 1 2035 Fofl 0.112301
Model_1_goa_dr_2022.dat 1 2035  F_LCI 0.0763861
Model_1_goa_dr_2022.dat 1 2035  F_UCI 0.0913417
Model_1_goa_dr_2022.dat 1 2035  F_Median 0.0913417
Model_1_goa_dr_2022.dat 1 2035  F_Mean 0.0875389
Model_1_goa_dr_2022.dat 2 2022 Cabc 4.6223
Model_1_goa_dr_2022.dat 2 2022 Cofl 4.9419
Model_1_goa_dr_2022.dat 2 2022 CLCI 2.58497
Model_1_goa_dr_2022.dat 2 2022 CUCI 2.58497
Model_1_goa_dr_2022.dat 2 2022 CMedian 2.58497
Model_1_goa_dr_2022.dat 2 2022 CMean 2.58497
Model_1_goa_dr_2022.dat 2 2023 Cabc 4.6223
Model_1_goa_dr_2022.dat 2 2023 Cofl 4.9419
Model_1_goa_dr_2022.dat 2 2023 CLCI 3.95497
Model_1_goa_dr_2022.dat 2 2023 CUCI 3.95497
Model_1_goa_dr_2022.dat 2 2023 CMedian 3.95497
Model_1_goa_dr_2022.dat 2 2023 CMean 3.95497
Model_1_goa_dr_2022.dat 2 2024 Cabc 4.6223
Model_1_goa_dr_2022.dat 2 2024 Cofl 4.9419
Model_1_goa_dr_2022.dat 2 2024 CLCI 2.139
Model_1_goa_dr_2022.dat 2 2024 CUCI 2.139
Model_1_goa_dr_2022.dat 2 2024 CMedian 2.139
Model_1_goa_dr_2022.dat 2 2024 CMean 2.139
Model_1_goa_dr_2022.dat 2 2025 Cabc 4.6223
Model_1_goa_dr_2022.dat 2 2025 Cofl 4.9419
Model_1_goa_dr_2022.dat 2 2025 CLCI 4.107
Model_1_goa_dr_2022.dat 2 2025 CUCI 4.107
Model_1_goa_dr_2022.dat 2 2025 CMedian 4.107
Model_1_goa_dr_2022.dat 2 2025 CMean 4.107
Model_1_goa_dr_2022.dat 2 2026 Cabc 4.6223
Model_1_goa_dr_2022.dat 2 2026 Cofl 4.9419
Model_1_goa_dr_2022.dat 2 2026 CLCI 6.90442
Model_1_goa_dr_2022.dat 2 2026 CUCI 6.92373
Model_1_goa_dr_2022.dat 2 2026 CMedian 6.91004
Model_1_goa_dr_2022.dat 2 2026 CMean 6.91154
Model_1_goa_dr_2022.dat 2 2027 Cabc 4.6223
Model_1_goa_dr_2022.dat 2 2027 Cofl 4.9419
Model_1_goa_dr_2022.dat 2 2027 CLCI 6.19609
Model_1_goa_dr_2022.dat 2 2027 CUCI 6.26549
Model_1_goa_dr_2022.dat 2 2027 CMedian 6.21648
Model_1_goa_dr_2022.dat 2 2027 CMean 6.22185
Model_1_goa_dr_2022.dat 2 2028 Cabc 4.6223
Model_1_goa_dr_2022.dat 2 2028 Cofl 4.9419
Model_1_goa_dr_2022.dat 2 2028 CLCI 5.56499
Model_1_goa_dr_2022.dat 2 2028 CUCI 5.77978
Model_1_goa_dr_2022.dat 2 2028 CMedian 5.62941
Model_1_goa_dr_2022.dat 2 2028 CMean 5.64654
Model_1_goa_dr_2022.dat 2 2029 Cabc 4.6223
Model_1_goa_dr_2022.dat 2 2029 Cofl 4.9419
Model_1_goa_dr_2022.dat 2 2029 CLCI 5.03182
Model_1_goa_dr_2022.dat 2 2029 CUCI 5.56755
Model_1_goa_dr_2022.dat 2 2029 CMedian 5.20014
Model_1_goa_dr_2022.dat 2 2029 CMean 5.23821
Model_1_goa_dr_2022.dat 2 2030 Cabc 4.6223
Model_1_goa_dr_2022.dat 2 2030 Cofl 4.9419
Model_1_goa_dr_2022.dat 2 2030 CLCI 4.61811
Model_1_goa_dr_2022.dat 2 2030 CUCI 5.5916
Model_1_goa_dr_2022.dat 2 2030 CMedian 4.94033
Model_1_goa_dr_2022.dat 2 2030 CMean 5.00167
Model_1_goa_dr_2022.dat 2 2031 Cabc 4.6223
Model_1_goa_dr_2022.dat 2 2031 Cofl 4.9419
Model_1_goa_dr_2022.dat 2 2031 CLCI 4.16342
Model_1_goa_dr_2022.dat 2 2031 CUCI 5.69046
Model_1_goa_dr_2022.dat 2 2031 CMedian 4.78445
Model_1_goa_dr_2022.dat 2 2031 CMean 4.8518
Model_1_goa_dr_2022.dat 2 2032 Cabc 4.6223
Model_1_goa_dr_2022.dat 2 2032 Cofl 4.9419
Model_1_goa_dr_2022.dat 2 2032 CLCI 3.76348
Model_1_goa_dr_2022.dat 2 2032 CUCI 5.78502
Model_1_goa_dr_2022.dat 2 2032 CMedian 4.70427
Model_1_goa_dr_2022.dat 2 2032 CMean 4.72975
Model_1_goa_dr_2022.dat 2 2033 Cabc 4.6223
Model_1_goa_dr_2022.dat 2 2033 Cofl 4.9419
Model_1_goa_dr_2022.dat 2 2033 CLCI 3.47637
Model_1_goa_dr_2022.dat 2 2033 CUCI 5.87511
Model_1_goa_dr_2022.dat 2 2033 CMedian 4.65714
Model_1_goa_dr_2022.dat 2 2033 CMean 4.64565
Model_1_goa_dr_2022.dat 2 2034 Cabc 4.6223
Model_1_goa_dr_2022.dat 2 2034 Cofl 4.9419
Model_1_goa_dr_2022.dat 2 2034 CLCI 3.32346
Model_1_goa_dr_2022.dat 2 2034 CUCI 5.91842
Model_1_goa_dr_2022.dat 2 2034 CMedian 4.62334
Model_1_goa_dr_2022.dat 2 2034 CMean 4.59226
Model_1_goa_dr_2022.dat 2 2035 Cabc 4.6223
Model_1_goa_dr_2022.dat 2 2035 Cofl 4.9419
Model_1_goa_dr_2022.dat 2 2035 CLCI 3.21707
Model_1_goa_dr_2022.dat 2 2035 CUCI 5.97492
Model_1_goa_dr_2022.dat 2 2035 CMedian 4.59687
Model_1_goa_dr_2022.dat 2 2035 CMean 4.56243
Model_1_goa_dr_2022.dat 2 2022 SSBF100 65.5649
Model_1_goa_dr_2022.dat 2 2022 SSBFabc 26.2259
Model_1_goa_dr_2022.dat 2 2022 SSBFofl 22.9477
Model_1_goa_dr_2022.dat 2 2022 SSBLCI 45.0557
Model_1_goa_dr_2022.dat 2 2022 SSBUCI 45.0557
Model_1_goa_dr_2022.dat 2 2022 SSBMedian 45.0557
Model_1_goa_dr_2022.dat 2 2022 SSBMean 45.0557
Model_1_goa_dr_2022.dat 2 2023 SSBF100 65.5649
Model_1_goa_dr_2022.dat 2 2023 SSBFabc 26.2259
Model_1_goa_dr_2022.dat 2 2023 SSBFofl 22.9477
Model_1_goa_dr_2022.dat 2 2023 SSBLCI 44.582
Model_1_goa_dr_2022.dat 2 2023 SSBUCI 44.6088
Model_1_goa_dr_2022.dat 2 2023 SSBMedian 44.5889
Model_1_goa_dr_2022.dat 2 2023 SSBMean 44.5914
Model_1_goa_dr_2022.dat 2 2024 SSBF100 65.5649
Model_1_goa_dr_2022.dat 2 2024 SSBFabc 26.2259
Model_1_goa_dr_2022.dat 2 2024 SSBFofl 22.9477
Model_1_goa_dr_2022.dat 2 2024 SSBLCI 43.1528
Model_1_goa_dr_2022.dat 2 2024 SSBUCI 43.2391
Model_1_goa_dr_2022.dat 2 2024 SSBMedian 43.1786
Model_1_goa_dr_2022.dat 2 2024 SSBMean 43.1854
Model_1_goa_dr_2022.dat 2 2025 SSBF100 65.5649
Model_1_goa_dr_2022.dat 2 2025 SSBFabc 26.2259
Model_1_goa_dr_2022.dat 2 2025 SSBFofl 22.9477
Model_1_goa_dr_2022.dat 2 2025 SSBLCI 41.8472
Model_1_goa_dr_2022.dat 2 2025 SSBUCI 42.0778
Model_1_goa_dr_2022.dat 2 2025 SSBMedian 41.9173
Model_1_goa_dr_2022.dat 2 2025 SSBMean 41.9359
Model_1_goa_dr_2022.dat 2 2026 SSBF100 65.5649
Model_1_goa_dr_2022.dat 2 2026 SSBFabc 26.2259
Model_1_goa_dr_2022.dat 2 2026 SSBFofl 22.9477
Model_1_goa_dr_2022.dat 2 2026 SSBLCI 39.2253
Model_1_goa_dr_2022.dat 2 2026 SSBUCI 39.7625
Model_1_goa_dr_2022.dat 2 2026 SSBMedian 39.3965
Model_1_goa_dr_2022.dat 2 2026 SSBMean 39.4352
Model_1_goa_dr_2022.dat 2 2027 SSBF100 65.5649
Model_1_goa_dr_2022.dat 2 2027 SSBFabc 26.2259
Model_1_goa_dr_2022.dat 2 2027 SSBFofl 22.9477
Model_1_goa_dr_2022.dat 2 2027 SSBLCI 35.4434
Model_1_goa_dr_2022.dat 2 2027 SSBUCI 36.5778
Model_1_goa_dr_2022.dat 2 2027 SSBMedian 35.8209
Model_1_goa_dr_2022.dat 2 2027 SSBMean 35.89
Model_1_goa_dr_2022.dat 2 2028 SSBF100 65.5649
Model_1_goa_dr_2022.dat 2 2028 SSBFabc 26.2259
Model_1_goa_dr_2022.dat 2 2028 SSBFofl 22.9477
Model_1_goa_dr_2022.dat 2 2028 SSBLCI 32.0656
Model_1_goa_dr_2022.dat 2 2028 SSBUCI 34.2074
Model_1_goa_dr_2022.dat 2 2028 SSBMedian 32.7804
Model_1_goa_dr_2022.dat 2 2028 SSBMean 32.9214
Model_1_goa_dr_2022.dat 2 2029 SSBF100 65.5649
Model_1_goa_dr_2022.dat 2 2029 SSBFabc 26.2259
Model_1_goa_dr_2022.dat 2 2029 SSBFofl 22.9477
Model_1_goa_dr_2022.dat 2 2029 SSBLCI 29.2059
Model_1_goa_dr_2022.dat 2 2029 SSBUCI 32.8482
Model_1_goa_dr_2022.dat 2 2029 SSBMedian 30.4281
Model_1_goa_dr_2022.dat 2 2029 SSBMean 30.6538
Model_1_goa_dr_2022.dat 2 2030 SSBF100 65.5649
Model_1_goa_dr_2022.dat 2 2030 SSBFabc 26.2259
Model_1_goa_dr_2022.dat 2 2030 SSBFofl 22.9477
Model_1_goa_dr_2022.dat 2 2030 SSBLCI 26.9113
Model_1_goa_dr_2022.dat 2 2030 SSBUCI 32.2249
Model_1_goa_dr_2022.dat 2 2030 SSBMedian 28.7136
Model_1_goa_dr_2022.dat 2 2030 SSBMean 29.09
Model_1_goa_dr_2022.dat 2 2031 SSBF100 65.5649
Model_1_goa_dr_2022.dat 2 2031 SSBFabc 26.2259
Model_1_goa_dr_2022.dat 2 2031 SSBFofl 22.9477
Model_1_goa_dr_2022.dat 2 2031 SSBLCI 25.1981
Model_1_goa_dr_2022.dat 2 2031 SSBUCI 32.2915
Model_1_goa_dr_2022.dat 2 2031 SSBMedian 27.6679
Model_1_goa_dr_2022.dat 2 2031 SSBMean 28.0938
Model_1_goa_dr_2022.dat 2 2032 SSBF100 65.5649
Model_1_goa_dr_2022.dat 2 2032 SSBFabc 26.2259
Model_1_goa_dr_2022.dat 2 2032 SSBFofl 22.9477
Model_1_goa_dr_2022.dat 2 2032 SSBLCI 23.9216
Model_1_goa_dr_2022.dat 2 2032 SSBUCI 32.5858
Model_1_goa_dr_2022.dat 2 2032 SSBMedian 26.9822
Model_1_goa_dr_2022.dat 2 2032 SSBMean 27.4924
Model_1_goa_dr_2022.dat 2 2033 SSBF100 65.5649
Model_1_goa_dr_2022.dat 2 2033 SSBFabc 26.2259
Model_1_goa_dr_2022.dat 2 2033 SSBFofl 22.9477
Model_1_goa_dr_2022.dat 2 2033 SSBLCI 23.0085
Model_1_goa_dr_2022.dat 2 2033 SSBUCI 32.9505
Model_1_goa_dr_2022.dat 2 2033 SSBMedian 26.6104
Model_1_goa_dr_2022.dat 2 2033 SSBMean 27.1463
Model_1_goa_dr_2022.dat 2 2034 SSBF100 65.5649
Model_1_goa_dr_2022.dat 2 2034 SSBFabc 26.2259
Model_1_goa_dr_2022.dat 2 2034 SSBFofl 22.9477
Model_1_goa_dr_2022.dat 2 2034 SSBLCI 22.4963
Model_1_goa_dr_2022.dat 2 2034 SSBUCI 33.1991
Model_1_goa_dr_2022.dat 2 2034 SSBMedian 26.3772
Model_1_goa_dr_2022.dat 2 2034 SSBMean 26.9525
Model_1_goa_dr_2022.dat 2 2035 SSBF100 65.5649
Model_1_goa_dr_2022.dat 2 2035 SSBFabc 26.2259
Model_1_goa_dr_2022.dat 2 2035 SSBFofl 22.9477
Model_1_goa_dr_2022.dat 2 2035 SSBLCI 22.1466
Model_1_goa_dr_2022.dat 2 2035 SSBUCI 33.3489
Model_1_goa_dr_2022.dat 2 2035 SSBMedian 26.2836
Model_1_goa_dr_2022.dat 2 2035 SSBMean 26.8521
Model_1_goa_dr_2022.dat 2 2022 F0 0 
Model_1_goa_dr_2022.dat 2 2022 Fabc 0.0913417
Model_1_goa_dr_2022.dat 2 2022 Fofl 0.112301
Model_1_goa_dr_2022.dat 2 2022  F_LCI 0.0284964
Model_1_goa_dr_2022.dat 2 2022  F_UCI 0.0284964
Model_1_goa_dr_2022.dat 2 2022  F_Median 0.0284964
Model_1_goa_dr_2022.dat 2 2022  F_Mean 0.0284964
Model_1_goa_dr_2022.dat 2 2023 F0 0 
Model_1_goa_dr_2022.dat 2 2023 Fabc 0.0913417
Model_1_goa_dr_2022.dat 2 2023 Fofl 0.112301
Model_1_goa_dr_2022.dat 2 2023  F_LCI 0.0446103
Model_1_goa_dr_2022.dat 2 2023  F_UCI 0.0446115
Model_1_goa_dr_2022.dat 2 2023  F_Median 0.0446112
Model_1_goa_dr_2022.dat 2 2023  F_Mean 0.0446111
Model_1_goa_dr_2022.dat 2 2024 F0 0 
Model_1_goa_dr_2022.dat 2 2024 Fabc 0.0913417
Model_1_goa_dr_2022.dat 2 2024 Fofl 0.112301
Model_1_goa_dr_2022.dat 2 2024  F_LCI 0.0249313
Model_1_goa_dr_2022.dat 2 2024  F_UCI 0.0249348
Model_1_goa_dr_2022.dat 2 2024  F_Median 0.0249338
Model_1_goa_dr_2022.dat 2 2024  F_Mean 0.0249335
Model_1_goa_dr_2022.dat 2 2025 F0 0 
Model_1_goa_dr_2022.dat 2 2025 Fabc 0.0913417
Model_1_goa_dr_2022.dat 2 2025 Fofl 0.112301
Model_1_goa_dr_2022.dat 2 2025  F_LCI 0.0499599
Model_1_goa_dr_2022.dat 2 2025  F_UCI 0.0499931
Model_1_goa_dr_2022.dat 2 2025  F_Median 0.0499837
Model_1_goa_dr_2022.dat 2 2025  F_Mean 0.0499811
Model_1_goa_dr_2022.dat 2 2026 F0 0 
Model_1_goa_dr_2022.dat 2 2026 Fabc 0.0913417
Model_1_goa_dr_2022.dat 2 2026 Fofl 0.112301
Model_1_goa_dr_2022.dat 2 2026  F_LCI 0.0913417
Model_1_goa_dr_2022.dat 2 2026  F_UCI 0.0913417
Model_1_goa_dr_2022.dat 2 2026  F_Median 0.0913417
Model_1_goa_dr_2022.dat 2 2026  F_Mean 0.0913417
Model_1_goa_dr_2022.dat 2 2027 F0 0 
Model_1_goa_dr_2022.dat 2 2027 Fabc 0.0913417
Model_1_goa_dr_2022.dat 2 2027 Fofl 0.112301
Model_1_goa_dr_2022.dat 2 2027  F_LCI 0.0913417
Model_1_goa_dr_2022.dat 2 2027  F_UCI 0.0913417
Model_1_goa_dr_2022.dat 2 2027  F_Median 0.0913417
Model_1_goa_dr_2022.dat 2 2027  F_Mean 0.0913417
Model_1_goa_dr_2022.dat 2 2028 F0 0 
Model_1_goa_dr_2022.dat 2 2028 Fabc 0.0913417
Model_1_goa_dr_2022.dat 2 2028 Fofl 0.112301
Model_1_goa_dr_2022.dat 2 2028  F_LCI 0.0913417
Model_1_goa_dr_2022.dat 2 2028  F_UCI 0.0913417
Model_1_goa_dr_2022.dat 2 2028  F_Median 0.0913417
Model_1_goa_dr_2022.dat 2 2028  F_Mean 0.0913417
Model_1_goa_dr_2022.dat 2 2029 F0 0 
Model_1_goa_dr_2022.dat 2 2029 Fabc 0.0913417
Model_1_goa_dr_2022.dat 2 2029 Fofl 0.112301
Model_1_goa_dr_2022.dat 2 2029  F_LCI 0.0913417
Model_1_goa_dr_2022.dat 2 2029  F_UCI 0.0913417
Model_1_goa_dr_2022.dat 2 2029  F_Median 0.0913417
Model_1_goa_dr_2022.dat 2 2029  F_Mean 0.0913417
Model_1_goa_dr_2022.dat 2 2030 F0 0 
Model_1_goa_dr_2022.dat 2 2030 Fabc 0.0913417
Model_1_goa_dr_2022.dat 2 2030 Fofl 0.112301
Model_1_goa_dr_2022.dat 2 2030  F_LCI 0.0913417
Model_1_goa_dr_2022.dat 2 2030  F_UCI 0.0913417
Model_1_goa_dr_2022.dat 2 2030  F_Median 0.0913417
Model_1_goa_dr_2022.dat 2 2030  F_Mean 0.0913392
Model_1_goa_dr_2022.dat 2 2031 F0 0 
Model_1_goa_dr_2022.dat 2 2031 Fabc 0.0913417
Model_1_goa_dr_2022.dat 2 2031 Fofl 0.112301
Model_1_goa_dr_2022.dat 2 2031  F_LCI 0.0875734
Model_1_goa_dr_2022.dat 2 2031  F_UCI 0.0913417
Model_1_goa_dr_2022.dat 2 2031  F_Median 0.0913417
Model_1_goa_dr_2022.dat 2 2031  F_Mean 0.0907803
Model_1_goa_dr_2022.dat 2 2032 F0 0 
Model_1_goa_dr_2022.dat 2 2032 Fabc 0.0913417
Model_1_goa_dr_2022.dat 2 2032 Fofl 0.112301
Model_1_goa_dr_2022.dat 2 2032  F_LCI 0.0828936
Model_1_goa_dr_2022.dat 2 2032  F_UCI 0.0913417
Model_1_goa_dr_2022.dat 2 2032  F_Median 0.0913417
Model_1_goa_dr_2022.dat 2 2032  F_Mean 0.0895626
Model_1_goa_dr_2022.dat 2 2033 F0 0 
Model_1_goa_dr_2022.dat 2 2033 Fabc 0.0913417
Model_1_goa_dr_2022.dat 2 2033 Fofl 0.112301
Model_1_goa_dr_2022.dat 2 2033  F_LCI 0.079546
Model_1_goa_dr_2022.dat 2 2033  F_UCI 0.0913417
Model_1_goa_dr_2022.dat 2 2033  F_Median 0.0913417
Model_1_goa_dr_2022.dat 2 2033  F_Mean 0.088567
Model_1_goa_dr_2022.dat 2 2034 F0 0 
Model_1_goa_dr_2022.dat 2 2034 Fabc 0.0913417
Model_1_goa_dr_2022.dat 2 2034 Fofl 0.112301
Model_1_goa_dr_2022.dat 2 2034  F_LCI 0.0776682
Model_1_goa_dr_2022.dat 2 2034  F_UCI 0.0913417
Model_1_goa_dr_2022.dat 2 2034  F_Median 0.0913417
Model_1_goa_dr_2022.dat 2 2034  F_Mean 0.0879274
Model_1_goa_dr_2022.dat 2 2035 F0 0 
Model_1_goa_dr_2022.dat 2 2035 Fabc 0.0913417
Model_1_goa_dr_2022.dat 2 2035 Fofl 0.112301
Model_1_goa_dr_2022.dat 2 2035  F_LCI 0.0763861
Model_1_goa_dr_2022.dat 2 2035  F_UCI 0.0913417
Model_1_goa_dr_2022.dat 2 2035  F_Median 0.0913417
Model_1_goa_dr_2022.dat 2 2035  F_Mean 0.0875389
Model_1_goa_dr_2022.dat 3 2022 Cabc 4.6223
Model_1_goa_dr_2022.dat 3 2022 Cofl 4.9419
Model_1_goa_dr_2022.dat 3 2022 CLCI 2.58497
Model_1_goa_dr_2022.dat 3 2022 CUCI 2.58497
Model_1_goa_dr_2022.dat 3 2022 CMedian 2.58497
Model_1_goa_dr_2022.dat 3 2022 CMean 2.58497
Model_1_goa_dr_2022.dat 3 2023 Cabc 4.6223
Model_1_goa_dr_2022.dat 3 2023 Cofl 4.9419
Model_1_goa_dr_2022.dat 3 2023 CLCI 3.95497
Model_1_goa_dr_2022.dat 3 2023 CUCI 3.95497
Model_1_goa_dr_2022.dat 3 2023 CMedian 3.95497
Model_1_goa_dr_2022.dat 3 2023 CMean 3.95497
Model_1_goa_dr_2022.dat 3 2024 Cabc 4.6223
Model_1_goa_dr_2022.dat 3 2024 Cofl 4.9419
Model_1_goa_dr_2022.dat 3 2024 CLCI 2.139
Model_1_goa_dr_2022.dat 3 2024 CUCI 2.139
Model_1_goa_dr_2022.dat 3 2024 CMedian 2.139
Model_1_goa_dr_2022.dat 3 2024 CMean 2.139
Model_1_goa_dr_2022.dat 3 2025 Cabc 4.6223
Model_1_goa_dr_2022.dat 3 2025 Cofl 4.9419
Model_1_goa_dr_2022.dat 3 2025 CLCI 4.107
Model_1_goa_dr_2022.dat 3 2025 CUCI 4.107
Model_1_goa_dr_2022.dat 3 2025 CMedian 4.107
Model_1_goa_dr_2022.dat 3 2025 CMean 4.107
Model_1_goa_dr_2022.dat 3 2026 Cabc 4.6223
Model_1_goa_dr_2022.dat 3 2026 Cofl 4.9419
Model_1_goa_dr_2022.dat 3 2026 CLCI 3.52835
Model_1_goa_dr_2022.dat 3 2026 CUCI 3.53801
Model_1_goa_dr_2022.dat 3 2026 CMedian 3.53116
Model_1_goa_dr_2022.dat 3 2026 CMean 3.53191
Model_1_goa_dr_2022.dat 3 2027 Cabc 4.6223
Model_1_goa_dr_2022.dat 3 2027 Cofl 4.9419
Model_1_goa_dr_2022.dat 3 2027 CLCI 3.30852
Model_1_goa_dr_2022.dat 3 2027 CUCI 3.34331
Model_1_goa_dr_2022.dat 3 2027 CMedian 3.31874
Model_1_goa_dr_2022.dat 3 2027 CMean 3.32143
Model_1_goa_dr_2022.dat 3 2028 Cabc 4.6223
Model_1_goa_dr_2022.dat 3 2028 Cofl 4.9419
Model_1_goa_dr_2022.dat 3 2028 CLCI 3.1009
Model_1_goa_dr_2022.dat 3 2028 CUCI 3.20911
Model_1_goa_dr_2022.dat 3 2028 CMedian 3.13326
Model_1_goa_dr_2022.dat 3 2028 CMean 3.14196
Model_1_goa_dr_2022.dat 3 2029 Cabc 4.6223
Model_1_goa_dr_2022.dat 3 2029 Cofl 4.9419
Model_1_goa_dr_2022.dat 3 2029 CLCI 2.91883
Model_1_goa_dr_2022.dat 3 2029 CUCI 3.19286
Model_1_goa_dr_2022.dat 3 2029 CMedian 3.0046
Model_1_goa_dr_2022.dat 3 2029 CMean 3.02402
Model_1_goa_dr_2022.dat 3 2030 Cabc 4.6223
Model_1_goa_dr_2022.dat 3 2030 Cofl 4.9419
Model_1_goa_dr_2022.dat 3 2030 CLCI 2.77735
Model_1_goa_dr_2022.dat 3 2030 CUCI 3.28227
Model_1_goa_dr_2022.dat 3 2030 CMedian 2.9439
Model_1_goa_dr_2022.dat 3 2030 CMean 2.97666
Model_1_goa_dr_2022.dat 3 2031 Cabc 4.6223
Model_1_goa_dr_2022.dat 3 2031 Cofl 4.9419
Model_1_goa_dr_2022.dat 3 2031 CLCI 2.68426
Model_1_goa_dr_2022.dat 3 2031 CUCI 3.40175
Model_1_goa_dr_2022.dat 3 2031 CMedian 2.92624
Model_1_goa_dr_2022.dat 3 2031 CMean 2.97566
Model_1_goa_dr_2022.dat 3 2032 Cabc 4.6223
Model_1_goa_dr_2022.dat 3 2032 Cofl 4.9419
Model_1_goa_dr_2022.dat 3 2032 CLCI 2.61809
Model_1_goa_dr_2022.dat 3 2032 CUCI 3.535
Model_1_goa_dr_2022.dat 3 2032 CMedian 2.93615
Model_1_goa_dr_2022.dat 3 2032 CMean 2.99475
Model_1_goa_dr_2022.dat 3 2033 Cabc 4.6223
Model_1_goa_dr_2022.dat 3 2033 Cofl 4.9419
Model_1_goa_dr_2022.dat 3 2033 CLCI 2.56475
Model_1_goa_dr_2022.dat 3 2033 CUCI 3.64294
Model_1_goa_dr_2022.dat 3 2033 CMedian 2.96349
Model_1_goa_dr_2022.dat 3 2033 CMean 3.01947
Model_1_goa_dr_2022.dat 3 2034 Cabc 4.6223
Model_1_goa_dr_2022.dat 3 2034 Cofl 4.9419
Model_1_goa_dr_2022.dat 3 2034 CLCI 2.52527
Model_1_goa_dr_2022.dat 3 2034 CUCI 3.72294
Model_1_goa_dr_2022.dat 3 2034 CMedian 2.99223
Model_1_goa_dr_2022.dat 3 2034 CMean 3.045
Model_1_goa_dr_2022.dat 3 2035 Cabc 4.6223
Model_1_goa_dr_2022.dat 3 2035 Cofl 4.9419
Model_1_goa_dr_2022.dat 3 2035 CLCI 2.50391
Model_1_goa_dr_2022.dat 3 2035 CUCI 3.79107
Model_1_goa_dr_2022.dat 3 2035 CMedian 3.02097
Model_1_goa_dr_2022.dat 3 2035 CMean 3.07176
Model_1_goa_dr_2022.dat 3 2022 SSBF100 65.5649
Model_1_goa_dr_2022.dat 3 2022 SSBFabc 26.2259
Model_1_goa_dr_2022.dat 3 2022 SSBFofl 22.9477
Model_1_goa_dr_2022.dat 3 2022 SSBLCI 45.0557
Model_1_goa_dr_2022.dat 3 2022 SSBUCI 45.0557
Model_1_goa_dr_2022.dat 3 2022 SSBMedian 45.0557
Model_1_goa_dr_2022.dat 3 2022 SSBMean 45.0557
Model_1_goa_dr_2022.dat 3 2023 SSBF100 65.5649
Model_1_goa_dr_2022.dat 3 2023 SSBFabc 26.2259
Model_1_goa_dr_2022.dat 3 2023 SSBFofl 22.9477
Model_1_goa_dr_2022.dat 3 2023 SSBLCI 44.582
Model_1_goa_dr_2022.dat 3 2023 SSBUCI 44.6088
Model_1_goa_dr_2022.dat 3 2023 SSBMedian 44.5889
Model_1_goa_dr_2022.dat 3 2023 SSBMean 44.5914
Model_1_goa_dr_2022.dat 3 2024 SSBF100 65.5649
Model_1_goa_dr_2022.dat 3 2024 SSBFabc 26.2259
Model_1_goa_dr_2022.dat 3 2024 SSBFofl 22.9477
Model_1_goa_dr_2022.dat 3 2024 SSBLCI 43.1528
Model_1_goa_dr_2022.dat 3 2024 SSBUCI 43.2391
Model_1_goa_dr_2022.dat 3 2024 SSBMedian 43.1786
Model_1_goa_dr_2022.dat 3 2024 SSBMean 43.1854
Model_1_goa_dr_2022.dat 3 2025 SSBF100 65.5649
Model_1_goa_dr_2022.dat 3 2025 SSBFabc 26.2259
Model_1_goa_dr_2022.dat 3 2025 SSBFofl 22.9477
Model_1_goa_dr_2022.dat 3 2025 SSBLCI 41.8472
Model_1_goa_dr_2022.dat 3 2025 SSBUCI 42.0778
Model_1_goa_dr_2022.dat 3 2025 SSBMedian 41.9173
Model_1_goa_dr_2022.dat 3 2025 SSBMean 41.9359
Model_1_goa_dr_2022.dat 3 2026 SSBF100 65.5649
Model_1_goa_dr_2022.dat 3 2026 SSBFabc 26.2259
Model_1_goa_dr_2022.dat 3 2026 SSBFofl 22.9477
Model_1_goa_dr_2022.dat 3 2026 SSBLCI 39.5165
Model_1_goa_dr_2022.dat 3 2026 SSBUCI 40.0538
Model_1_goa_dr_2022.dat 3 2026 SSBMedian 39.6877
Model_1_goa_dr_2022.dat 3 2026 SSBMean 39.7265
Model_1_goa_dr_2022.dat 3 2027 SSBF100 65.5649
Model_1_goa_dr_2022.dat 3 2027 SSBFabc 26.2259
Model_1_goa_dr_2022.dat 3 2027 SSBFofl 22.9477
Model_1_goa_dr_2022.dat 3 2027 SSBLCI 37.2953
Model_1_goa_dr_2022.dat 3 2027 SSBUCI 38.4314
Model_1_goa_dr_2022.dat 3 2027 SSBMedian 37.6732
Model_1_goa_dr_2022.dat 3 2027 SSBMean 37.7424
Model_1_goa_dr_2022.dat 3 2028 SSBF100 65.5649
Model_1_goa_dr_2022.dat 3 2028 SSBFabc 26.2259
Model_1_goa_dr_2022.dat 3 2028 SSBFofl 22.9477
Model_1_goa_dr_2022.dat 3 2028 SSBLCI 35.1879
Model_1_goa_dr_2022.dat 3 2028 SSBUCI 37.343
Model_1_goa_dr_2022.dat 3 2028 SSBMedian 35.9046
Model_1_goa_dr_2022.dat 3 2028 SSBMean 36.0477
Model_1_goa_dr_2022.dat 3 2029 SSBF100 65.5649
Model_1_goa_dr_2022.dat 3 2029 SSBFabc 26.2259
Model_1_goa_dr_2022.dat 3 2029 SSBFofl 22.9477
Model_1_goa_dr_2022.dat 3 2029 SSBLCI 33.3339
Model_1_goa_dr_2022.dat 3 2029 SSBUCI 37.0408
Model_1_goa_dr_2022.dat 3 2029 SSBMedian 34.5704
Model_1_goa_dr_2022.dat 3 2029 SSBMean 34.8
Model_1_goa_dr_2022.dat 3 2030 SSBF100 65.5649
Model_1_goa_dr_2022.dat 3 2030 SSBFabc 26.2259
Model_1_goa_dr_2022.dat 3 2030 SSBFofl 22.9477
Model_1_goa_dr_2022.dat 3 2030 SSBLCI 31.8237
Model_1_goa_dr_2022.dat 3 2030 SSBUCI 37.3193
Model_1_goa_dr_2022.dat 3 2030 SSBMedian 33.6771
Model_1_goa_dr_2022.dat 3 2030 SSBMean 34.0591
Model_1_goa_dr_2022.dat 3 2031 SSBF100 65.5649
Model_1_goa_dr_2022.dat 3 2031 SSBFabc 26.2259
Model_1_goa_dr_2022.dat 3 2031 SSBFofl 22.9477
Model_1_goa_dr_2022.dat 3 2031 SSBLCI 30.6976
Model_1_goa_dr_2022.dat 3 2031 SSBUCI 38.0695
Model_1_goa_dr_2022.dat 3 2031 SSBMedian 33.299
Model_1_goa_dr_2022.dat 3 2031 SSBMean 33.7494
Model_1_goa_dr_2022.dat 3 2032 SSBF100 65.5649
Model_1_goa_dr_2022.dat 3 2032 SSBFabc 26.2259
Model_1_goa_dr_2022.dat 3 2032 SSBFofl 22.9477
Model_1_goa_dr_2022.dat 3 2032 SSBLCI 29.8125
Model_1_goa_dr_2022.dat 3 2032 SSBUCI 39.2768
Model_1_goa_dr_2022.dat 3 2032 SSBMedian 33.1889
Model_1_goa_dr_2022.dat 3 2032 SSBMean 33.7333
Model_1_goa_dr_2022.dat 3 2033 SSBF100 65.5649
Model_1_goa_dr_2022.dat 3 2033 SSBFabc 26.2259
Model_1_goa_dr_2022.dat 3 2033 SSBFofl 22.9477
Model_1_goa_dr_2022.dat 3 2033 SSBLCI 29.1811
Model_1_goa_dr_2022.dat 3 2033 SSBUCI 40.4092
Model_1_goa_dr_2022.dat 3 2033 SSBMedian 33.3823
Model_1_goa_dr_2022.dat 3 2033 SSBMean 33.8892
Model_1_goa_dr_2022.dat 3 2034 SSBF100 65.5649
Model_1_goa_dr_2022.dat 3 2034 SSBFabc 26.2259
Model_1_goa_dr_2022.dat 3 2034 SSBFofl 22.9477
Model_1_goa_dr_2022.dat 3 2034 SSBLCI 28.7077
Model_1_goa_dr_2022.dat 3 2034 SSBUCI 41.3159
Model_1_goa_dr_2022.dat 3 2034 SSBMedian 33.615
Model_1_goa_dr_2022.dat 3 2034 SSBMean 34.1324
Model_1_goa_dr_2022.dat 3 2035 SSBF100 65.5649
Model_1_goa_dr_2022.dat 3 2035 SSBFabc 26.2259
Model_1_goa_dr_2022.dat 3 2035 SSBFofl 22.9477
Model_1_goa_dr_2022.dat 3 2035 SSBLCI 28.5778
Model_1_goa_dr_2022.dat 3 2035 SSBUCI 41.9011
Model_1_goa_dr_2022.dat 3 2035 SSBMedian 33.9757
Model_1_goa_dr_2022.dat 3 2035 SSBMean 34.4168
Model_1_goa_dr_2022.dat 3 2022 F0 0 
Model_1_goa_dr_2022.dat 3 2022 Fabc 0.0913417
Model_1_goa_dr_2022.dat 3 2022 Fofl 0.112301
Model_1_goa_dr_2022.dat 3 2022  F_LCI 0.0284964
Model_1_goa_dr_2022.dat 3 2022  F_UCI 0.0284964
Model_1_goa_dr_2022.dat 3 2022  F_Median 0.0284964
Model_1_goa_dr_2022.dat 3 2022  F_Mean 0.0284964
Model_1_goa_dr_2022.dat 3 2023 F0 0 
Model_1_goa_dr_2022.dat 3 2023 Fabc 0.0913417
Model_1_goa_dr_2022.dat 3 2023 Fofl 0.112301
Model_1_goa_dr_2022.dat 3 2023  F_LCI 0.0446103
Model_1_goa_dr_2022.dat 3 2023  F_UCI 0.0446115
Model_1_goa_dr_2022.dat 3 2023  F_Median 0.0446112
Model_1_goa_dr_2022.dat 3 2023  F_Mean 0.0446111
Model_1_goa_dr_2022.dat 3 2024 F0 0 
Model_1_goa_dr_2022.dat 3 2024 Fabc 0.0913417
Model_1_goa_dr_2022.dat 3 2024 Fofl 0.112301
Model_1_goa_dr_2022.dat 3 2024  F_LCI 0.0249313
Model_1_goa_dr_2022.dat 3 2024  F_UCI 0.0249348
Model_1_goa_dr_2022.dat 3 2024  F_Median 0.0249338
Model_1_goa_dr_2022.dat 3 2024  F_Mean 0.0249335
Model_1_goa_dr_2022.dat 3 2025 F0 0 
Model_1_goa_dr_2022.dat 3 2025 Fabc 0.0913417
Model_1_goa_dr_2022.dat 3 2025 Fofl 0.112301
Model_1_goa_dr_2022.dat 3 2025  F_LCI 0.0499599
Model_1_goa_dr_2022.dat 3 2025  F_UCI 0.0499931
Model_1_goa_dr_2022.dat 3 2025  F_Median 0.0499837
Model_1_goa_dr_2022.dat 3 2025  F_Mean 0.0499811
Model_1_goa_dr_2022.dat 3 2026 F0 0 
Model_1_goa_dr_2022.dat 3 2026 Fabc 0.0913417
Model_1_goa_dr_2022.dat 3 2026 Fofl 0.112301
Model_1_goa_dr_2022.dat 3 2026  F_LCI 0.0456709
Model_1_goa_dr_2022.dat 3 2026  F_UCI 0.0456709
Model_1_goa_dr_2022.dat 3 2026  F_Median 0.0456709
Model_1_goa_dr_2022.dat 3 2026  F_Mean 0.0456709
Model_1_goa_dr_2022.dat 3 2027 F0 0 
Model_1_goa_dr_2022.dat 3 2027 Fabc 0.0913417
Model_1_goa_dr_2022.dat 3 2027 Fofl 0.112301
Model_1_goa_dr_2022.dat 3 2027  F_LCI 0.0456709
Model_1_goa_dr_2022.dat 3 2027  F_UCI 0.0456709
Model_1_goa_dr_2022.dat 3 2027  F_Median 0.0456709
Model_1_goa_dr_2022.dat 3 2027  F_Mean 0.0456709
Model_1_goa_dr_2022.dat 3 2028 F0 0 
Model_1_goa_dr_2022.dat 3 2028 Fabc 0.0913417
Model_1_goa_dr_2022.dat 3 2028 Fofl 0.112301
Model_1_goa_dr_2022.dat 3 2028  F_LCI 0.0456709
Model_1_goa_dr_2022.dat 3 2028  F_UCI 0.0456709
Model_1_goa_dr_2022.dat 3 2028  F_Median 0.0456709
Model_1_goa_dr_2022.dat 3 2028  F_Mean 0.0456709
Model_1_goa_dr_2022.dat 3 2029 F0 0 
Model_1_goa_dr_2022.dat 3 2029 Fabc 0.0913417
Model_1_goa_dr_2022.dat 3 2029 Fofl 0.112301
Model_1_goa_dr_2022.dat 3 2029  F_LCI 0.0456709
Model_1_goa_dr_2022.dat 3 2029  F_UCI 0.0456709
Model_1_goa_dr_2022.dat 3 2029  F_Median 0.0456709
Model_1_goa_dr_2022.dat 3 2029  F_Mean 0.0456709
Model_1_goa_dr_2022.dat 3 2030 F0 0 
Model_1_goa_dr_2022.dat 3 2030 Fabc 0.0913417
Model_1_goa_dr_2022.dat 3 2030 Fofl 0.112301
Model_1_goa_dr_2022.dat 3 2030  F_LCI 0.0456709
Model_1_goa_dr_2022.dat 3 2030  F_UCI 0.0456709
Model_1_goa_dr_2022.dat 3 2030  F_Median 0.0456709
Model_1_goa_dr_2022.dat 3 2030  F_Mean 0.0456709
Model_1_goa_dr_2022.dat 3 2031 F0 0 
Model_1_goa_dr_2022.dat 3 2031 Fabc 0.0913417
Model_1_goa_dr_2022.dat 3 2031 Fofl 0.112301
Model_1_goa_dr_2022.dat 3 2031  F_LCI 0.0456709
Model_1_goa_dr_2022.dat 3 2031  F_UCI 0.0456709
Model_1_goa_dr_2022.dat 3 2031  F_Median 0.0456709
Model_1_goa_dr_2022.dat 3 2031  F_Mean 0.0456709
Model_1_goa_dr_2022.dat 3 2032 F0 0 
Model_1_goa_dr_2022.dat 3 2032 Fabc 0.0913417
Model_1_goa_dr_2022.dat 3 2032 Fofl 0.112301
Model_1_goa_dr_2022.dat 3 2032  F_LCI 0.0456709
Model_1_goa_dr_2022.dat 3 2032  F_UCI 0.0456709
Model_1_goa_dr_2022.dat 3 2032  F_Median 0.0456709
Model_1_goa_dr_2022.dat 3 2032  F_Mean 0.0456709
Model_1_goa_dr_2022.dat 3 2033 F0 0 
Model_1_goa_dr_2022.dat 3 2033 Fabc 0.0913417
Model_1_goa_dr_2022.dat 3 2033 Fofl 0.112301
Model_1_goa_dr_2022.dat 3 2033  F_LCI 0.0456709
Model_1_goa_dr_2022.dat 3 2033  F_UCI 0.0456709
Model_1_goa_dr_2022.dat 3 2033  F_Median 0.0456709
Model_1_goa_dr_2022.dat 3 2033  F_Mean 0.0456709
Model_1_goa_dr_2022.dat 3 2034 F0 0 
Model_1_goa_dr_2022.dat 3 2034 Fabc 0.0913417
Model_1_goa_dr_2022.dat 3 2034 Fofl 0.112301
Model_1_goa_dr_2022.dat 3 2034  F_LCI 0.0456709
Model_1_goa_dr_2022.dat 3 2034  F_UCI 0.0456709
Model_1_goa_dr_2022.dat 3 2034  F_Median 0.0456709
Model_1_goa_dr_2022.dat 3 2034  F_Mean 0.0456693
Model_1_goa_dr_2022.dat 3 2035 F0 0 
Model_1_goa_dr_2022.dat 3 2035 Fabc 0.0913417
Model_1_goa_dr_2022.dat 3 2035 Fofl 0.112301
Model_1_goa_dr_2022.dat 3 2035  F_LCI 0.0456709
Model_1_goa_dr_2022.dat 3 2035  F_UCI 0.0456709
Model_1_goa_dr_2022.dat 3 2035  F_Median 0.0456709
Model_1_goa_dr_2022.dat 3 2035  F_Mean 0.0456645
Model_1_goa_dr_2022.dat 4 2022 Cabc 4.6223
Model_1_goa_dr_2022.dat 4 2022 Cofl 4.9419
Model_1_goa_dr_2022.dat 4 2022 CLCI 2.58497
Model_1_goa_dr_2022.dat 4 2022 CUCI 2.58497
Model_1_goa_dr_2022.dat 4 2022 CMedian 2.58497
Model_1_goa_dr_2022.dat 4 2022 CMean 2.58497
Model_1_goa_dr_2022.dat 4 2023 Cabc 4.6223
Model_1_goa_dr_2022.dat 4 2023 Cofl 4.9419
Model_1_goa_dr_2022.dat 4 2023 CLCI 3.95497
Model_1_goa_dr_2022.dat 4 2023 CUCI 3.95497
Model_1_goa_dr_2022.dat 4 2023 CMedian 3.95497
Model_1_goa_dr_2022.dat 4 2023 CMean 3.95497
Model_1_goa_dr_2022.dat 4 2024 Cabc 4.6223
Model_1_goa_dr_2022.dat 4 2024 Cofl 4.9419
Model_1_goa_dr_2022.dat 4 2024 CLCI 2.139
Model_1_goa_dr_2022.dat 4 2024 CUCI 2.139
Model_1_goa_dr_2022.dat 4 2024 CMedian 2.139
Model_1_goa_dr_2022.dat 4 2024 CMean 2.139
Model_1_goa_dr_2022.dat 4 2025 Cabc 4.6223
Model_1_goa_dr_2022.dat 4 2025 Cofl 4.9419
Model_1_goa_dr_2022.dat 4 2025 CLCI 4.107
Model_1_goa_dr_2022.dat 4 2025 CUCI 4.107
Model_1_goa_dr_2022.dat 4 2025 CMedian 4.107
Model_1_goa_dr_2022.dat 4 2025 CMean 4.107
Model_1_goa_dr_2022.dat 4 2026 Cabc 4.6223
Model_1_goa_dr_2022.dat 4 2026 Cofl 4.9419
Model_1_goa_dr_2022.dat 4 2026 CLCI 2.38001
Model_1_goa_dr_2022.dat 4 2026 CUCI 2.38649
Model_1_goa_dr_2022.dat 4 2026 CMedian 2.3819
Model_1_goa_dr_2022.dat 4 2026 CMean 2.3824
Model_1_goa_dr_2022.dat 4 2027 Cabc 4.6223
Model_1_goa_dr_2022.dat 4 2027 Cofl 4.9419
Model_1_goa_dr_2022.dat 4 2027 CLCI 2.26438
Model_1_goa_dr_2022.dat 4 2027 CUCI 2.28769
Model_1_goa_dr_2022.dat 4 2027 CMedian 2.27123
Model_1_goa_dr_2022.dat 4 2027 CMean 2.27303
Model_1_goa_dr_2022.dat 4 2028 Cabc 4.6223
Model_1_goa_dr_2022.dat 4 2028 Cofl 4.9419
Model_1_goa_dr_2022.dat 4 2028 CLCI 2.15249
Model_1_goa_dr_2022.dat 4 2028 CUCI 2.22513
Model_1_goa_dr_2022.dat 4 2028 CMedian 2.17421
Model_1_goa_dr_2022.dat 4 2028 CMean 2.18004
Model_1_goa_dr_2022.dat 4 2029 Cabc 4.6223
Model_1_goa_dr_2022.dat 4 2029 Cofl 4.9419
Model_1_goa_dr_2022.dat 4 2029 CLCI 2.0535
Model_1_goa_dr_2022.dat 4 2029 CUCI 2.23828
Model_1_goa_dr_2022.dat 4 2029 CMedian 2.11114
Model_1_goa_dr_2022.dat 4 2029 CMean 2.12437
Model_1_goa_dr_2022.dat 4 2030 Cabc 4.6223
Model_1_goa_dr_2022.dat 4 2030 Cofl 4.9419
Model_1_goa_dr_2022.dat 4 2030 CLCI 1.97808
Model_1_goa_dr_2022.dat 4 2030 CUCI 2.32083
Model_1_goa_dr_2022.dat 4 2030 CMedian 2.09094
Model_1_goa_dr_2022.dat 4 2030 CMean 2.11321
Model_1_goa_dr_2022.dat 4 2031 Cabc 4.6223
Model_1_goa_dr_2022.dat 4 2031 Cofl 4.9419
Model_1_goa_dr_2022.dat 4 2031 CLCI 1.93248
Model_1_goa_dr_2022.dat 4 2031 CUCI 2.42415
Model_1_goa_dr_2022.dat 4 2031 CMedian 2.09764
Model_1_goa_dr_2022.dat 4 2031 CMean 2.13136
Model_1_goa_dr_2022.dat 4 2032 Cabc 4.6223
Model_1_goa_dr_2022.dat 4 2032 Cofl 4.9419
Model_1_goa_dr_2022.dat 4 2032 CLCI 1.90259
Model_1_goa_dr_2022.dat 4 2032 CUCI 2.53507
Model_1_goa_dr_2022.dat 4 2032 CMedian 2.12295
Model_1_goa_dr_2022.dat 4 2032 CMean 2.16177
Model_1_goa_dr_2022.dat 4 2033 Cabc 4.6223
Model_1_goa_dr_2022.dat 4 2033 Cofl 4.9419
Model_1_goa_dr_2022.dat 4 2033 CLCI 1.87924
Model_1_goa_dr_2022.dat 4 2033 CUCI 2.63011
Model_1_goa_dr_2022.dat 4 2033 CMedian 2.15765
Model_1_goa_dr_2022.dat 4 2033 CMean 2.1949
Model_1_goa_dr_2022.dat 4 2034 Cabc 4.6223
Model_1_goa_dr_2022.dat 4 2034 Cofl 4.9419
Model_1_goa_dr_2022.dat 4 2034 CLCI 1.86409
Model_1_goa_dr_2022.dat 4 2034 CUCI 2.70453
Model_1_goa_dr_2022.dat 4 2034 CMedian 2.19063
Model_1_goa_dr_2022.dat 4 2034 CMean 2.22759
Model_1_goa_dr_2022.dat 4 2035 Cabc 4.6223
Model_1_goa_dr_2022.dat 4 2035 Cofl 4.9419
Model_1_goa_dr_2022.dat 4 2035 CLCI 1.86374
Model_1_goa_dr_2022.dat 4 2035 CUCI 2.76728
Model_1_goa_dr_2022.dat 4 2035 CMedian 2.22315
Model_1_goa_dr_2022.dat 4 2035 CMean 2.26022
Model_1_goa_dr_2022.dat 4 2022 SSBF100 65.5649
Model_1_goa_dr_2022.dat 4 2022 SSBFabc 26.2259
Model_1_goa_dr_2022.dat 4 2022 SSBFofl 22.9477
Model_1_goa_dr_2022.dat 4 2022 SSBLCI 45.0557
Model_1_goa_dr_2022.dat 4 2022 SSBUCI 45.0557
Model_1_goa_dr_2022.dat 4 2022 SSBMedian 45.0557
Model_1_goa_dr_2022.dat 4 2022 SSBMean 45.0557
Model_1_goa_dr_2022.dat 4 2023 SSBF100 65.5649
Model_1_goa_dr_2022.dat 4 2023 SSBFabc 26.2259
Model_1_goa_dr_2022.dat 4 2023 SSBFofl 22.9477
Model_1_goa_dr_2022.dat 4 2023 SSBLCI 44.582
Model_1_goa_dr_2022.dat 4 2023 SSBUCI 44.6088
Model_1_goa_dr_2022.dat 4 2023 SSBMedian 44.5889
Model_1_goa_dr_2022.dat 4 2023 SSBMean 44.5914
Model_1_goa_dr_2022.dat 4 2024 SSBF100 65.5649
Model_1_goa_dr_2022.dat 4 2024 SSBFabc 26.2259
Model_1_goa_dr_2022.dat 4 2024 SSBFofl 22.9477
Model_1_goa_dr_2022.dat 4 2024 SSBLCI 43.1528
Model_1_goa_dr_2022.dat 4 2024 SSBUCI 43.2391
Model_1_goa_dr_2022.dat 4 2024 SSBMedian 43.1786
Model_1_goa_dr_2022.dat 4 2024 SSBMean 43.1854
Model_1_goa_dr_2022.dat 4 2025 SSBF100 65.5649
Model_1_goa_dr_2022.dat 4 2025 SSBFabc 26.2259
Model_1_goa_dr_2022.dat 4 2025 SSBFofl 22.9477
Model_1_goa_dr_2022.dat 4 2025 SSBLCI 41.8472
Model_1_goa_dr_2022.dat 4 2025 SSBUCI 42.0778
Model_1_goa_dr_2022.dat 4 2025 SSBMedian 41.9173
Model_1_goa_dr_2022.dat 4 2025 SSBMean 41.9359
Model_1_goa_dr_2022.dat 4 2026 SSBF100 65.5649
Model_1_goa_dr_2022.dat 4 2026 SSBFabc 26.2259
Model_1_goa_dr_2022.dat 4 2026 SSBFofl 22.9477
Model_1_goa_dr_2022.dat 4 2026 SSBLCI 39.6132
Model_1_goa_dr_2022.dat 4 2026 SSBUCI 40.1505
Model_1_goa_dr_2022.dat 4 2026 SSBMedian 39.7844
Model_1_goa_dr_2022.dat 4 2026 SSBMean 39.8231
Model_1_goa_dr_2022.dat 4 2027 SSBF100 65.5649
Model_1_goa_dr_2022.dat 4 2027 SSBFabc 26.2259
Model_1_goa_dr_2022.dat 4 2027 SSBFofl 22.9477
Model_1_goa_dr_2022.dat 4 2027 SSBLCI 37.9286
Model_1_goa_dr_2022.dat 4 2027 SSBUCI 39.0653
Model_1_goa_dr_2022.dat 4 2027 SSBMedian 38.3067
Model_1_goa_dr_2022.dat 4 2027 SSBMean 38.376
Model_1_goa_dr_2022.dat 4 2028 SSBF100 65.5649
Model_1_goa_dr_2022.dat 4 2028 SSBFabc 26.2259
Model_1_goa_dr_2022.dat 4 2028 SSBFofl 22.9477
Model_1_goa_dr_2022.dat 4 2028 SSBLCI 36.2878
Model_1_goa_dr_2022.dat 4 2028 SSBUCI 38.4472
Model_1_goa_dr_2022.dat 4 2028 SSBMedian 37.0051
Model_1_goa_dr_2022.dat 4 2028 SSBMean 37.1488
Model_1_goa_dr_2022.dat 4 2029 SSBF100 65.5649
Model_1_goa_dr_2022.dat 4 2029 SSBFabc 26.2259
Model_1_goa_dr_2022.dat 4 2029 SSBFofl 22.9477
Model_1_goa_dr_2022.dat 4 2029 SSBLCI 34.8331
Model_1_goa_dr_2022.dat 4 2029 SSBUCI 38.5561
Model_1_goa_dr_2022.dat 4 2029 SSBMedian 36.0719
Model_1_goa_dr_2022.dat 4 2029 SSBMean 36.3031
Model_1_goa_dr_2022.dat 4 2030 SSBF100 65.5649
Model_1_goa_dr_2022.dat 4 2030 SSBFabc 26.2259
Model_1_goa_dr_2022.dat 4 2030 SSBFofl 22.9477
Model_1_goa_dr_2022.dat 4 2030 SSBLCI 33.6563
Model_1_goa_dr_2022.dat 4 2030 SSBUCI 39.2161
Model_1_goa_dr_2022.dat 4 2030 SSBMedian 35.5253
Model_1_goa_dr_2022.dat 4 2030 SSBMean 35.9109
Model_1_goa_dr_2022.dat 4 2031 SSBF100 65.5649
Model_1_goa_dr_2022.dat 4 2031 SSBFabc 26.2259
Model_1_goa_dr_2022.dat 4 2031 SSBFofl 22.9477
Model_1_goa_dr_2022.dat 4 2031 SSBLCI 32.8207
Model_1_goa_dr_2022.dat 4 2031 SSBUCI 40.3255
Model_1_goa_dr_2022.dat 4 2031 SSBMedian 35.4397
Model_1_goa_dr_2022.dat 4 2031 SSBMean 35.9132
Model_1_goa_dr_2022.dat 4 2032 SSBF100 65.5649
Model_1_goa_dr_2022.dat 4 2032 SSBFabc 26.2259
Model_1_goa_dr_2022.dat 4 2032 SSBFofl 22.9477
Model_1_goa_dr_2022.dat 4 2032 SSBLCI 32.1787
Model_1_goa_dr_2022.dat 4 2032 SSBUCI 41.8435
Model_1_goa_dr_2022.dat 4 2032 SSBMedian 35.6313
Model_1_goa_dr_2022.dat 4 2032 SSBMean 36.1853
Model_1_goa_dr_2022.dat 4 2033 SSBF100 65.5649
Model_1_goa_dr_2022.dat 4 2033 SSBFabc 26.2259
Model_1_goa_dr_2022.dat 4 2033 SSBFofl 22.9477
Model_1_goa_dr_2022.dat 4 2033 SSBLCI 31.7596
Model_1_goa_dr_2022.dat 4 2033 SSBUCI 43.3486
Model_1_goa_dr_2022.dat 4 2033 SSBMedian 36.0603
Model_1_goa_dr_2022.dat 4 2033 SSBMean 36.6125
Model_1_goa_dr_2022.dat 4 2034 SSBF100 65.5649
Model_1_goa_dr_2022.dat 4 2034 SSBFabc 26.2259
Model_1_goa_dr_2022.dat 4 2034 SSBFofl 22.9477
Model_1_goa_dr_2022.dat 4 2034 SSBLCI 31.5212
Model_1_goa_dr_2022.dat 4 2034 SSBUCI 44.6923
Model_1_goa_dr_2022.dat 4 2034 SSBMedian 36.5305
Model_1_goa_dr_2022.dat 4 2034 SSBMean 37.1121
Model_1_goa_dr_2022.dat 4 2035 SSBF100 65.5649
Model_1_goa_dr_2022.dat 4 2035 SSBFabc 26.2259
Model_1_goa_dr_2022.dat 4 2035 SSBFofl 22.9477
Model_1_goa_dr_2022.dat 4 2035 SSBLCI 31.5219
Model_1_goa_dr_2022.dat 4 2035 SSBUCI 45.5404
Model_1_goa_dr_2022.dat 4 2035 SSBMedian 37.1196
Model_1_goa_dr_2022.dat 4 2035 SSBMean 37.6382
Model_1_goa_dr_2022.dat 4 2022 F0 0 
Model_1_goa_dr_2022.dat 4 2022 Fabc 0.0913417
Model_1_goa_dr_2022.dat 4 2022 Fofl 0.112301
Model_1_goa_dr_2022.dat 4 2022  F_LCI 0.0284964
Model_1_goa_dr_2022.dat 4 2022  F_UCI 0.0284964
Model_1_goa_dr_2022.dat 4 2022  F_Median 0.0284964
Model_1_goa_dr_2022.dat 4 2022  F_Mean 0.0284964
Model_1_goa_dr_2022.dat 4 2023 F0 0 
Model_1_goa_dr_2022.dat 4 2023 Fabc 0.0913417
Model_1_goa_dr_2022.dat 4 2023 Fofl 0.112301
Model_1_goa_dr_2022.dat 4 2023  F_LCI 0.0446103
Model_1_goa_dr_2022.dat 4 2023  F_UCI 0.0446115
Model_1_goa_dr_2022.dat 4 2023  F_Median 0.0446112
Model_1_goa_dr_2022.dat 4 2023  F_Mean 0.0446111
Model_1_goa_dr_2022.dat 4 2024 F0 0 
Model_1_goa_dr_2022.dat 4 2024 Fabc 0.0913417
Model_1_goa_dr_2022.dat 4 2024 Fofl 0.112301
Model_1_goa_dr_2022.dat 4 2024  F_LCI 0.0249313
Model_1_goa_dr_2022.dat 4 2024  F_UCI 0.0249348
Model_1_goa_dr_2022.dat 4 2024  F_Median 0.0249338
Model_1_goa_dr_2022.dat 4 2024  F_Mean 0.0249335
Model_1_goa_dr_2022.dat 4 2025 F0 0 
Model_1_goa_dr_2022.dat 4 2025 Fabc 0.0913417
Model_1_goa_dr_2022.dat 4 2025 Fofl 0.112301
Model_1_goa_dr_2022.dat 4 2025  F_LCI 0.0499599
Model_1_goa_dr_2022.dat 4 2025  F_UCI 0.0499931
Model_1_goa_dr_2022.dat 4 2025  F_Median 0.0499837
Model_1_goa_dr_2022.dat 4 2025  F_Mean 0.0499811
Model_1_goa_dr_2022.dat 4 2026 F0 0 
Model_1_goa_dr_2022.dat 4 2026 Fabc 0.0913417
Model_1_goa_dr_2022.dat 4 2026 Fofl 0.112301
Model_1_goa_dr_2022.dat 4 2026  F_LCI 0.0305845
Model_1_goa_dr_2022.dat 4 2026  F_UCI 0.0305845
Model_1_goa_dr_2022.dat 4 2026  F_Median 0.0305845
Model_1_goa_dr_2022.dat 4 2026  F_Mean 0.0305845
Model_1_goa_dr_2022.dat 4 2027 F0 0 
Model_1_goa_dr_2022.dat 4 2027 Fabc 0.0913417
Model_1_goa_dr_2022.dat 4 2027 Fofl 0.112301
Model_1_goa_dr_2022.dat 4 2027  F_LCI 0.0305845
Model_1_goa_dr_2022.dat 4 2027  F_UCI 0.0305845
Model_1_goa_dr_2022.dat 4 2027  F_Median 0.0305845
Model_1_goa_dr_2022.dat 4 2027  F_Mean 0.0305845
Model_1_goa_dr_2022.dat 4 2028 F0 0 
Model_1_goa_dr_2022.dat 4 2028 Fabc 0.0913417
Model_1_goa_dr_2022.dat 4 2028 Fofl 0.112301
Model_1_goa_dr_2022.dat 4 2028  F_LCI 0.0305845
Model_1_goa_dr_2022.dat 4 2028  F_UCI 0.0305845
Model_1_goa_dr_2022.dat 4 2028  F_Median 0.0305845
Model_1_goa_dr_2022.dat 4 2028  F_Mean 0.0305845
Model_1_goa_dr_2022.dat 4 2029 F0 0 
Model_1_goa_dr_2022.dat 4 2029 Fabc 0.0913417
Model_1_goa_dr_2022.dat 4 2029 Fofl 0.112301
Model_1_goa_dr_2022.dat 4 2029  F_LCI 0.0305845
Model_1_goa_dr_2022.dat 4 2029  F_UCI 0.0305845
Model_1_goa_dr_2022.dat 4 2029  F_Median 0.0305845
Model_1_goa_dr_2022.dat 4 2029  F_Mean 0.0305845
Model_1_goa_dr_2022.dat 4 2030 F0 0 
Model_1_goa_dr_2022.dat 4 2030 Fabc 0.0913417
Model_1_goa_dr_2022.dat 4 2030 Fofl 0.112301
Model_1_goa_dr_2022.dat 4 2030  F_LCI 0.0305845
Model_1_goa_dr_2022.dat 4 2030  F_UCI 0.0305845
Model_1_goa_dr_2022.dat 4 2030  F_Median 0.0305845
Model_1_goa_dr_2022.dat 4 2030  F_Mean 0.0305845
Model_1_goa_dr_2022.dat 4 2031 F0 0 
Model_1_goa_dr_2022.dat 4 2031 Fabc 0.0913417
Model_1_goa_dr_2022.dat 4 2031 Fofl 0.112301
Model_1_goa_dr_2022.dat 4 2031  F_LCI 0.0305845
Model_1_goa_dr_2022.dat 4 2031  F_UCI 0.0305845
Model_1_goa_dr_2022.dat 4 2031  F_Median 0.0305845
Model_1_goa_dr_2022.dat 4 2031  F_Mean 0.0305845
Model_1_goa_dr_2022.dat 4 2032 F0 0 
Model_1_goa_dr_2022.dat 4 2032 Fabc 0.0913417
Model_1_goa_dr_2022.dat 4 2032 Fofl 0.112301
Model_1_goa_dr_2022.dat 4 2032  F_LCI 0.0305845
Model_1_goa_dr_2022.dat 4 2032  F_UCI 0.0305845
Model_1_goa_dr_2022.dat 4 2032  F_Median 0.0305845
Model_1_goa_dr_2022.dat 4 2032  F_Mean 0.0305845
Model_1_goa_dr_2022.dat 4 2033 F0 0 
Model_1_goa_dr_2022.dat 4 2033 Fabc 0.0913417
Model_1_goa_dr_2022.dat 4 2033 Fofl 0.112301
Model_1_goa_dr_2022.dat 4 2033  F_LCI 0.0305845
Model_1_goa_dr_2022.dat 4 2033  F_UCI 0.0305845
Model_1_goa_dr_2022.dat 4 2033  F_Median 0.0305845
Model_1_goa_dr_2022.dat 4 2033  F_Mean 0.0305845
Model_1_goa_dr_2022.dat 4 2034 F0 0 
Model_1_goa_dr_2022.dat 4 2034 Fabc 0.0913417
Model_1_goa_dr_2022.dat 4 2034 Fofl 0.112301
Model_1_goa_dr_2022.dat 4 2034  F_LCI 0.0305845
Model_1_goa_dr_2022.dat 4 2034  F_UCI 0.0305845
Model_1_goa_dr_2022.dat 4 2034  F_Median 0.0305845
Model_1_goa_dr_2022.dat 4 2034  F_Mean 0.0305845
Model_1_goa_dr_2022.dat 4 2035 F0 0 
Model_1_goa_dr_2022.dat 4 2035 Fabc 0.0913417
Model_1_goa_dr_2022.dat 4 2035 Fofl 0.112301
Model_1_goa_dr_2022.dat 4 2035  F_LCI 0.0305845
Model_1_goa_dr_2022.dat 4 2035  F_UCI 0.0305845
Model_1_goa_dr_2022.dat 4 2035  F_Median 0.0305845
Model_1_goa_dr_2022.dat 4 2035  F_Mean 0.0305845
Model_1_goa_dr_2022.dat 5 2022 Cabc 4.6223
Model_1_goa_dr_2022.dat 5 2022 Cofl 4.9419
Model_1_goa_dr_2022.dat 5 2022 CLCI 2.58497
Model_1_goa_dr_2022.dat 5 2022 CUCI 2.58497
Model_1_goa_dr_2022.dat 5 2022 CMedian 2.58497
Model_1_goa_dr_2022.dat 5 2022 CMean 2.58497
Model_1_goa_dr_2022.dat 5 2023 Cabc 4.6223
Model_1_goa_dr_2022.dat 5 2023 Cofl 4.9419
Model_1_goa_dr_2022.dat 5 2023 CLCI 3.95497
Model_1_goa_dr_2022.dat 5 2023 CUCI 3.95497
Model_1_goa_dr_2022.dat 5 2023 CMedian 3.95497
Model_1_goa_dr_2022.dat 5 2023 CMean 3.95497
Model_1_goa_dr_2022.dat 5 2024 Cabc 4.6223
Model_1_goa_dr_2022.dat 5 2024 Cofl 4.9419
Model_1_goa_dr_2022.dat 5 2024 CLCI 2.139
Model_1_goa_dr_2022.dat 5 2024 CUCI 2.139
Model_1_goa_dr_2022.dat 5 2024 CMedian 2.139
Model_1_goa_dr_2022.dat 5 2024 CMean 2.139
Model_1_goa_dr_2022.dat 5 2025 Cabc 4.6223
Model_1_goa_dr_2022.dat 5 2025 Cofl 4.9419
Model_1_goa_dr_2022.dat 5 2025 CLCI 4.107
Model_1_goa_dr_2022.dat 5 2025 CUCI 4.107
Model_1_goa_dr_2022.dat 5 2025 CMedian 4.107
Model_1_goa_dr_2022.dat 5 2025 CMean 4.107
Model_1_goa_dr_2022.dat 5 2026 Cabc 4.6223
Model_1_goa_dr_2022.dat 5 2026 Cofl 4.9419
Model_1_goa_dr_2022.dat 5 2026 CLCI 0
Model_1_goa_dr_2022.dat 5 2026 CUCI 0
Model_1_goa_dr_2022.dat 5 2026 CMedian 0
Model_1_goa_dr_2022.dat 5 2026 CMean 0
Model_1_goa_dr_2022.dat 5 2027 Cabc 4.6223
Model_1_goa_dr_2022.dat 5 2027 Cofl 4.9419
Model_1_goa_dr_2022.dat 5 2027 CLCI 0
Model_1_goa_dr_2022.dat 5 2027 CUCI 0
Model_1_goa_dr_2022.dat 5 2027 CMedian 0
Model_1_goa_dr_2022.dat 5 2027 CMean 0
Model_1_goa_dr_2022.dat 5 2028 Cabc 4.6223
Model_1_goa_dr_2022.dat 5 2028 Cofl 4.9419
Model_1_goa_dr_2022.dat 5 2028 CLCI 0
Model_1_goa_dr_2022.dat 5 2028 CUCI 0
Model_1_goa_dr_2022.dat 5 2028 CMedian 0
Model_1_goa_dr_2022.dat 5 2028 CMean 0
Model_1_goa_dr_2022.dat 5 2029 Cabc 4.6223
Model_1_goa_dr_2022.dat 5 2029 Cofl 4.9419
Model_1_goa_dr_2022.dat 5 2029 CLCI 0
Model_1_goa_dr_2022.dat 5 2029 CUCI 0
Model_1_goa_dr_2022.dat 5 2029 CMedian 0
Model_1_goa_dr_2022.dat 5 2029 CMean 0
Model_1_goa_dr_2022.dat 5 2030 Cabc 4.6223
Model_1_goa_dr_2022.dat 5 2030 Cofl 4.9419
Model_1_goa_dr_2022.dat 5 2030 CLCI 0
Model_1_goa_dr_2022.dat 5 2030 CUCI 0
Model_1_goa_dr_2022.dat 5 2030 CMedian 0
Model_1_goa_dr_2022.dat 5 2030 CMean 0
Model_1_goa_dr_2022.dat 5 2031 Cabc 4.6223
Model_1_goa_dr_2022.dat 5 2031 Cofl 4.9419
Model_1_goa_dr_2022.dat 5 2031 CLCI 0
Model_1_goa_dr_2022.dat 5 2031 CUCI 0
Model_1_goa_dr_2022.dat 5 2031 CMedian 0
Model_1_goa_dr_2022.dat 5 2031 CMean 0
Model_1_goa_dr_2022.dat 5 2032 Cabc 4.6223
Model_1_goa_dr_2022.dat 5 2032 Cofl 4.9419
Model_1_goa_dr_2022.dat 5 2032 CLCI 0
Model_1_goa_dr_2022.dat 5 2032 CUCI 0
Model_1_goa_dr_2022.dat 5 2032 CMedian 0
Model_1_goa_dr_2022.dat 5 2032 CMean 0
Model_1_goa_dr_2022.dat 5 2033 Cabc 4.6223
Model_1_goa_dr_2022.dat 5 2033 Cofl 4.9419
Model_1_goa_dr_2022.dat 5 2033 CLCI 0
Model_1_goa_dr_2022.dat 5 2033 CUCI 0
Model_1_goa_dr_2022.dat 5 2033 CMedian 0
Model_1_goa_dr_2022.dat 5 2033 CMean 0
Model_1_goa_dr_2022.dat 5 2034 Cabc 4.6223
Model_1_goa_dr_2022.dat 5 2034 Cofl 4.9419
Model_1_goa_dr_2022.dat 5 2034 CLCI 0
Model_1_goa_dr_2022.dat 5 2034 CUCI 0
Model_1_goa_dr_2022.dat 5 2034 CMedian 0
Model_1_goa_dr_2022.dat 5 2034 CMean 0
Model_1_goa_dr_2022.dat 5 2035 Cabc 4.6223
Model_1_goa_dr_2022.dat 5 2035 Cofl 4.9419
Model_1_goa_dr_2022.dat 5 2035 CLCI 0
Model_1_goa_dr_2022.dat 5 2035 CUCI 0
Model_1_goa_dr_2022.dat 5 2035 CMedian 0
Model_1_goa_dr_2022.dat 5 2035 CMean 0
Model_1_goa_dr_2022.dat 5 2022 SSBF100 65.5649
Model_1_goa_dr_2022.dat 5 2022 SSBFabc 26.2259
Model_1_goa_dr_2022.dat 5 2022 SSBFofl 22.9477
Model_1_goa_dr_2022.dat 5 2022 SSBLCI 45.0557
Model_1_goa_dr_2022.dat 5 2022 SSBUCI 45.0557
Model_1_goa_dr_2022.dat 5 2022 SSBMedian 45.0557
Model_1_goa_dr_2022.dat 5 2022 SSBMean 45.0557
Model_1_goa_dr_2022.dat 5 2023 SSBF100 65.5649
Model_1_goa_dr_2022.dat 5 2023 SSBFabc 26.2259
Model_1_goa_dr_2022.dat 5 2023 SSBFofl 22.9477
Model_1_goa_dr_2022.dat 5 2023 SSBLCI 44.582
Model_1_goa_dr_2022.dat 5 2023 SSBUCI 44.6088
Model_1_goa_dr_2022.dat 5 2023 SSBMedian 44.5889
Model_1_goa_dr_2022.dat 5 2023 SSBMean 44.5914
Model_1_goa_dr_2022.dat 5 2024 SSBF100 65.5649
Model_1_goa_dr_2022.dat 5 2024 SSBFabc 26.2259
Model_1_goa_dr_2022.dat 5 2024 SSBFofl 22.9477
Model_1_goa_dr_2022.dat 5 2024 SSBLCI 43.1528
Model_1_goa_dr_2022.dat 5 2024 SSBUCI 43.2391
Model_1_goa_dr_2022.dat 5 2024 SSBMedian 43.1786
Model_1_goa_dr_2022.dat 5 2024 SSBMean 43.1854
Model_1_goa_dr_2022.dat 5 2025 SSBF100 65.5649
Model_1_goa_dr_2022.dat 5 2025 SSBFabc 26.2259
Model_1_goa_dr_2022.dat 5 2025 SSBFofl 22.9477
Model_1_goa_dr_2022.dat 5 2025 SSBLCI 41.8472
Model_1_goa_dr_2022.dat 5 2025 SSBUCI 42.0778
Model_1_goa_dr_2022.dat 5 2025 SSBMedian 41.9173
Model_1_goa_dr_2022.dat 5 2025 SSBMean 41.9359
Model_1_goa_dr_2022.dat 5 2026 SSBF100 65.5649
Model_1_goa_dr_2022.dat 5 2026 SSBFabc 26.2259
Model_1_goa_dr_2022.dat 5 2026 SSBFofl 22.9477
Model_1_goa_dr_2022.dat 5 2026 SSBLCI 39.8099
Model_1_goa_dr_2022.dat 5 2026 SSBUCI 40.3473
Model_1_goa_dr_2022.dat 5 2026 SSBMedian 39.9811
Model_1_goa_dr_2022.dat 5 2026 SSBMean 40.0199
Model_1_goa_dr_2022.dat 5 2027 SSBF100 65.5649
Model_1_goa_dr_2022.dat 5 2027 SSBFabc 26.2259
Model_1_goa_dr_2022.dat 5 2027 SSBFofl 22.9477
Model_1_goa_dr_2022.dat 5 2027 SSBLCI 39.2468
Model_1_goa_dr_2022.dat 5 2027 SSBUCI 40.3846
Model_1_goa_dr_2022.dat 5 2027 SSBMedian 39.6252
Model_1_goa_dr_2022.dat 5 2027 SSBMean 39.6945
Model_1_goa_dr_2022.dat 5 2028 SSBF100 65.5649
Model_1_goa_dr_2022.dat 5 2028 SSBFabc 26.2259
Model_1_goa_dr_2022.dat 5 2028 SSBFofl 22.9477
Model_1_goa_dr_2022.dat 5 2028 SSBLCI 38.6288
Model_1_goa_dr_2022.dat 5 2028 SSBUCI 40.7971
Model_1_goa_dr_2022.dat 5 2028 SSBMedian 39.3479
Model_1_goa_dr_2022.dat 5 2028 SSBMean 39.4925
Model_1_goa_dr_2022.dat 5 2029 SSBF100 65.5649
Model_1_goa_dr_2022.dat 5 2029 SSBFabc 26.2259
Model_1_goa_dr_2022.dat 5 2029 SSBFofl 22.9477
Model_1_goa_dr_2022.dat 5 2029 SSBLCI 38.095
Model_1_goa_dr_2022.dat 5 2029 SSBUCI 41.8476
Model_1_goa_dr_2022.dat 5 2029 SSBMedian 39.3393
Model_1_goa_dr_2022.dat 5 2029 SSBMean 39.5738
Model_1_goa_dr_2022.dat 5 2030 SSBF100 65.5649
Model_1_goa_dr_2022.dat 5 2030 SSBFabc 26.2259
Model_1_goa_dr_2022.dat 5 2030 SSBFofl 22.9477
Model_1_goa_dr_2022.dat 5 2030 SSBLCI 37.7365
Model_1_goa_dr_2022.dat 5 2030 SSBUCI 43.4073
Model_1_goa_dr_2022.dat 5 2030 SSBMedian 39.6439
Model_1_goa_dr_2022.dat 5 2030 SSBMean 40.028
Model_1_goa_dr_2022.dat 5 2031 SSBF100 65.5649
Model_1_goa_dr_2022.dat 5 2031 SSBFabc 26.2259
Model_1_goa_dr_2022.dat 5 2031 SSBFofl 22.9477
Model_1_goa_dr_2022.dat 5 2031 SSBLCI 37.6459
Model_1_goa_dr_2022.dat 5 2031 SSBUCI 45.4033
Model_1_goa_dr_2022.dat 5 2031 SSBMedian 40.2917
Model_1_goa_dr_2022.dat 5 2031 SSBMean 40.8236
Model_1_goa_dr_2022.dat 5 2032 SSBF100 65.5649
Model_1_goa_dr_2022.dat 5 2032 SSBFabc 26.2259
Model_1_goa_dr_2022.dat 5 2032 SSBFofl 22.9477
Model_1_goa_dr_2022.dat 5 2032 SSBLCI 37.7116
Model_1_goa_dr_2022.dat 5 2032 SSBUCI 47.7645
Model_1_goa_dr_2022.dat 5 2032 SSBMedian 41.281
Model_1_goa_dr_2022.dat 5 2032 SSBMean 41.858
Model_1_goa_dr_2022.dat 5 2033 SSBF100 65.5649
Model_1_goa_dr_2022.dat 5 2033 SSBFabc 26.2259
Model_1_goa_dr_2022.dat 5 2033 SSBFofl 22.9477
Model_1_goa_dr_2022.dat 5 2033 SSBLCI 37.9168
Model_1_goa_dr_2022.dat 5 2033 SSBUCI 50.2839
Model_1_goa_dr_2022.dat 5 2033 SSBMedian 42.4322
Model_1_goa_dr_2022.dat 5 2033 SSBMean 43.0285
Model_1_goa_dr_2022.dat 5 2034 SSBF100 65.5649
Model_1_goa_dr_2022.dat 5 2034 SSBFabc 26.2259
Model_1_goa_dr_2022.dat 5 2034 SSBFofl 22.9477
Model_1_goa_dr_2022.dat 5 2034 SSBLCI 38.3051
Model_1_goa_dr_2022.dat 5 2034 SSBUCI 52.4654
Model_1_goa_dr_2022.dat 5 2034 SSBMedian 43.6548
Model_1_goa_dr_2022.dat 5 2034 SSBMean 44.254
Model_1_goa_dr_2022.dat 5 2035 SSBF100 65.5649
Model_1_goa_dr_2022.dat 5 2035 SSBFabc 26.2259
Model_1_goa_dr_2022.dat 5 2035 SSBFofl 22.9477
Model_1_goa_dr_2022.dat 5 2035 SSBLCI 38.7627
Model_1_goa_dr_2022.dat 5 2035 SSBUCI 54.3368
Model_1_goa_dr_2022.dat 5 2035 SSBMedian 44.9261
Model_1_goa_dr_2022.dat 5 2035 SSBMean 45.4868
Model_1_goa_dr_2022.dat 5 2022 F0 0 
Model_1_goa_dr_2022.dat 5 2022 Fabc 0.0913417
Model_1_goa_dr_2022.dat 5 2022 Fofl 0.112301
Model_1_goa_dr_2022.dat 5 2022  F_LCI 0.0284964
Model_1_goa_dr_2022.dat 5 2022  F_UCI 0.0284964
Model_1_goa_dr_2022.dat 5 2022  F_Median 0.0284964
Model_1_goa_dr_2022.dat 5 2022  F_Mean 0.0284964
Model_1_goa_dr_2022.dat 5 2023 F0 0 
Model_1_goa_dr_2022.dat 5 2023 Fabc 0.0913417
Model_1_goa_dr_2022.dat 5 2023 Fofl 0.112301
Model_1_goa_dr_2022.dat 5 2023  F_LCI 0.0446103
Model_1_goa_dr_2022.dat 5 2023  F_UCI 0.0446115
Model_1_goa_dr_2022.dat 5 2023  F_Median 0.0446112
Model_1_goa_dr_2022.dat 5 2023  F_Mean 0.0446111
Model_1_goa_dr_2022.dat 5 2024 F0 0 
Model_1_goa_dr_2022.dat 5 2024 Fabc 0.0913417
Model_1_goa_dr_2022.dat 5 2024 Fofl 0.112301
Model_1_goa_dr_2022.dat 5 2024  F_LCI 0.0249313
Model_1_goa_dr_2022.dat 5 2024  F_UCI 0.0249348
Model_1_goa_dr_2022.dat 5 2024  F_Median 0.0249338
Model_1_goa_dr_2022.dat 5 2024  F_Mean 0.0249335
Model_1_goa_dr_2022.dat 5 2025 F0 0 
Model_1_goa_dr_2022.dat 5 2025 Fabc 0.0913417
Model_1_goa_dr_2022.dat 5 2025 Fofl 0.112301
Model_1_goa_dr_2022.dat 5 2025  F_LCI 0.0499599
Model_1_goa_dr_2022.dat 5 2025  F_UCI 0.0499931
Model_1_goa_dr_2022.dat 5 2025  F_Median 0.0499837
Model_1_goa_dr_2022.dat 5 2025  F_Mean 0.0499811
Model_1_goa_dr_2022.dat 5 2026 F0 0 
Model_1_goa_dr_2022.dat 5 2026 Fabc 0.0913417
Model_1_goa_dr_2022.dat 5 2026 Fofl 0.112301
Model_1_goa_dr_2022.dat 5 2026  F_LCI 0
Model_1_goa_dr_2022.dat 5 2026  F_UCI 0
Model_1_goa_dr_2022.dat 5 2026  F_Median 0
Model_1_goa_dr_2022.dat 5 2026  F_Mean 0
Model_1_goa_dr_2022.dat 5 2027 F0 0 
Model_1_goa_dr_2022.dat 5 2027 Fabc 0.0913417
Model_1_goa_dr_2022.dat 5 2027 Fofl 0.112301
Model_1_goa_dr_2022.dat 5 2027  F_LCI 0
Model_1_goa_dr_2022.dat 5 2027  F_UCI 0
Model_1_goa_dr_2022.dat 5 2027  F_Median 0
Model_1_goa_dr_2022.dat 5 2027  F_Mean 0
Model_1_goa_dr_2022.dat 5 2028 F0 0 
Model_1_goa_dr_2022.dat 5 2028 Fabc 0.0913417
Model_1_goa_dr_2022.dat 5 2028 Fofl 0.112301
Model_1_goa_dr_2022.dat 5 2028  F_LCI 0
Model_1_goa_dr_2022.dat 5 2028  F_UCI 0
Model_1_goa_dr_2022.dat 5 2028  F_Median 0
Model_1_goa_dr_2022.dat 5 2028  F_Mean 0
Model_1_goa_dr_2022.dat 5 2029 F0 0 
Model_1_goa_dr_2022.dat 5 2029 Fabc 0.0913417
Model_1_goa_dr_2022.dat 5 2029 Fofl 0.112301
Model_1_goa_dr_2022.dat 5 2029  F_LCI 0
Model_1_goa_dr_2022.dat 5 2029  F_UCI 0
Model_1_goa_dr_2022.dat 5 2029  F_Median 0
Model_1_goa_dr_2022.dat 5 2029  F_Mean 0
Model_1_goa_dr_2022.dat 5 2030 F0 0 
Model_1_goa_dr_2022.dat 5 2030 Fabc 0.0913417
Model_1_goa_dr_2022.dat 5 2030 Fofl 0.112301
Model_1_goa_dr_2022.dat 5 2030  F_LCI 0
Model_1_goa_dr_2022.dat 5 2030  F_UCI 0
Model_1_goa_dr_2022.dat 5 2030  F_Median 0
Model_1_goa_dr_2022.dat 5 2030  F_Mean 0
Model_1_goa_dr_2022.dat 5 2031 F0 0 
Model_1_goa_dr_2022.dat 5 2031 Fabc 0.0913417
Model_1_goa_dr_2022.dat 5 2031 Fofl 0.112301
Model_1_goa_dr_2022.dat 5 2031  F_LCI 0
Model_1_goa_dr_2022.dat 5 2031  F_UCI 0
Model_1_goa_dr_2022.dat 5 2031  F_Median 0
Model_1_goa_dr_2022.dat 5 2031  F_Mean 0
Model_1_goa_dr_2022.dat 5 2032 F0 0 
Model_1_goa_dr_2022.dat 5 2032 Fabc 0.0913417
Model_1_goa_dr_2022.dat 5 2032 Fofl 0.112301
Model_1_goa_dr_2022.dat 5 2032  F_LCI 0
Model_1_goa_dr_2022.dat 5 2032  F_UCI 0
Model_1_goa_dr_2022.dat 5 2032  F_Median 0
Model_1_goa_dr_2022.dat 5 2032  F_Mean 0
Model_1_goa_dr_2022.dat 5 2033 F0 0 
Model_1_goa_dr_2022.dat 5 2033 Fabc 0.0913417
Model_1_goa_dr_2022.dat 5 2033 Fofl 0.112301
Model_1_goa_dr_2022.dat 5 2033  F_LCI 0
Model_1_goa_dr_2022.dat 5 2033  F_UCI 0
Model_1_goa_dr_2022.dat 5 2033  F_Median 0
Model_1_goa_dr_2022.dat 5 2033  F_Mean 0
Model_1_goa_dr_2022.dat 5 2034 F0 0 
Model_1_goa_dr_2022.dat 5 2034 Fabc 0.0913417
Model_1_goa_dr_2022.dat 5 2034 Fofl 0.112301
Model_1_goa_dr_2022.dat 5 2034  F_LCI 0
Model_1_goa_dr_2022.dat 5 2034  F_UCI 0
Model_1_goa_dr_2022.dat 5 2034  F_Median 0
Model_1_goa_dr_2022.dat 5 2034  F_Mean 0
Model_1_goa_dr_2022.dat 5 2035 F0 0 
Model_1_goa_dr_2022.dat 5 2035 Fabc 0.0913417
Model_1_goa_dr_2022.dat 5 2035 Fofl 0.112301
Model_1_goa_dr_2022.dat 5 2035  F_LCI 0
Model_1_goa_dr_2022.dat 5 2035  F_UCI 0
Model_1_goa_dr_2022.dat 5 2035  F_Median 0
Model_1_goa_dr_2022.dat 5 2035  F_Mean 0
Model_1_goa_dr_2022.dat 6 2022 Cabc 4.6223
Model_1_goa_dr_2022.dat 6 2022 Cofl 4.9419
Model_1_goa_dr_2022.dat 6 2022 CLCI 2.58497
Model_1_goa_dr_2022.dat 6 2022 CUCI 2.58497
Model_1_goa_dr_2022.dat 6 2022 CMedian 2.58497
Model_1_goa_dr_2022.dat 6 2022 CMean 2.58497
Model_1_goa_dr_2022.dat 6 2023 Cabc 4.6223
Model_1_goa_dr_2022.dat 6 2023 Cofl 4.9419
Model_1_goa_dr_2022.dat 6 2023 CLCI 9.64378
Model_1_goa_dr_2022.dat 6 2023 CUCI 9.64403
Model_1_goa_dr_2022.dat 6 2023 CMedian 9.64385
Model_1_goa_dr_2022.dat 6 2023 CMean 9.64387
Model_1_goa_dr_2022.dat 6 2024 Cabc 4.6223
Model_1_goa_dr_2022.dat 6 2024 Cofl 4.9419
Model_1_goa_dr_2022.dat 6 2024 CLCI 8.67222
Model_1_goa_dr_2022.dat 6 2024 CUCI 8.67354
Model_1_goa_dr_2022.dat 6 2024 CMedian 8.67259
Model_1_goa_dr_2022.dat 6 2024 CMean 8.6727
Model_1_goa_dr_2022.dat 6 2025 Cabc 4.6223
Model_1_goa_dr_2022.dat 6 2025 Cofl 4.9419
Model_1_goa_dr_2022.dat 6 2025 CLCI 7.74992
Model_1_goa_dr_2022.dat 6 2025 CUCI 7.75585
Model_1_goa_dr_2022.dat 6 2025 CMedian 7.75161
Model_1_goa_dr_2022.dat 6 2025 CMean 7.75208
Model_1_goa_dr_2022.dat 6 2026 Cabc 4.6223
Model_1_goa_dr_2022.dat 6 2026 Cofl 4.9419
Model_1_goa_dr_2022.dat 6 2026 CLCI 6.88042
Model_1_goa_dr_2022.dat 6 2026 CUCI 6.90384
Model_1_goa_dr_2022.dat 6 2026 CMedian 6.88724
Model_1_goa_dr_2022.dat 6 2026 CMean 6.88906
Model_1_goa_dr_2022.dat 6 2027 Cabc 4.6223
Model_1_goa_dr_2022.dat 6 2027 Cofl 4.9419
Model_1_goa_dr_2022.dat 6 2027 CLCI 6.08913
Model_1_goa_dr_2022.dat 6 2027 CUCI 6.17405
Model_1_goa_dr_2022.dat 6 2027 CMedian 6.11408
Model_1_goa_dr_2022.dat 6 2027 CMean 6.12065
Model_1_goa_dr_2022.dat 6 2028 Cabc 4.6223
Model_1_goa_dr_2022.dat 6 2028 Cofl 4.9419
Model_1_goa_dr_2022.dat 6 2028 CLCI 5.2684
Model_1_goa_dr_2022.dat 6 2028 CUCI 5.66685
Model_1_goa_dr_2022.dat 6 2028 CMedian 5.47883
Model_1_goa_dr_2022.dat 6 2028 CMean 5.46687
Model_1_goa_dr_2022.dat 6 2029 Cabc 4.6223
Model_1_goa_dr_2022.dat 6 2029 Cofl 4.9419
Model_1_goa_dr_2022.dat 6 2029 CLCI 4.2981
Model_1_goa_dr_2022.dat 6 2029 CUCI 5.49332
Model_1_goa_dr_2022.dat 6 2029 CMedian 4.68967
Model_1_goa_dr_2022.dat 6 2029 CMean 4.76656
Model_1_goa_dr_2022.dat 6 2030 Cabc 4.6223
Model_1_goa_dr_2022.dat 6 2030 Cofl 4.9419
Model_1_goa_dr_2022.dat 6 2030 CLCI 3.70398
Model_1_goa_dr_2022.dat 6 2030 CUCI 5.60381
Model_1_goa_dr_2022.dat 6 2030 CMedian 4.29643
Model_1_goa_dr_2022.dat 6 2030 CMean 4.42753
Model_1_goa_dr_2022.dat 6 2031 Cabc 4.6223
Model_1_goa_dr_2022.dat 6 2031 Cofl 4.9419
Model_1_goa_dr_2022.dat 6 2031 CLCI 3.37258
Model_1_goa_dr_2022.dat 6 2031 CUCI 5.79131
Model_1_goa_dr_2022.dat 6 2031 CMedian 4.1472
Model_1_goa_dr_2022.dat 6 2031 CMean 4.32747
Model_1_goa_dr_2022.dat 6 2032 Cabc 4.6223
Model_1_goa_dr_2022.dat 6 2032 Cofl 4.9419
Model_1_goa_dr_2022.dat 6 2032 CLCI 3.17413
Model_1_goa_dr_2022.dat 6 2032 CUCI 5.95754
Model_1_goa_dr_2022.dat 6 2032 CMedian 4.17079
Model_1_goa_dr_2022.dat 6 2032 CMean 4.33662
Model_1_goa_dr_2022.dat 6 2033 Cabc 4.6223
Model_1_goa_dr_2022.dat 6 2033 Cofl 4.9419
Model_1_goa_dr_2022.dat 6 2033 CLCI 3.03508
Model_1_goa_dr_2022.dat 6 2033 CUCI 6.12543
Model_1_goa_dr_2022.dat 6 2033 CMedian 4.21835
Model_1_goa_dr_2022.dat 6 2033 CMean 4.38447
Model_1_goa_dr_2022.dat 6 2034 Cabc 4.6223
Model_1_goa_dr_2022.dat 6 2034 Cofl 4.9419
Model_1_goa_dr_2022.dat 6 2034 CLCI 3.01018
Model_1_goa_dr_2022.dat 6 2034 CUCI 6.22929
Model_1_goa_dr_2022.dat 6 2034 CMedian 4.2938
Model_1_goa_dr_2022.dat 6 2034 CMean 4.44205
Model_1_goa_dr_2022.dat 6 2035 Cabc 4.6223
Model_1_goa_dr_2022.dat 6 2035 Cofl 4.9419
Model_1_goa_dr_2022.dat 6 2035 CLCI 3.00396
Model_1_goa_dr_2022.dat 6 2035 CUCI 6.3358
Model_1_goa_dr_2022.dat 6 2035 CMedian 4.38183
Model_1_goa_dr_2022.dat 6 2035 CMean 4.50432
Model_1_goa_dr_2022.dat 6 2022 SSBF100 65.5649
Model_1_goa_dr_2022.dat 6 2022 SSBFabc 26.2259
Model_1_goa_dr_2022.dat 6 2022 SSBFofl 22.9477
Model_1_goa_dr_2022.dat 6 2022 SSBLCI 45.0557
Model_1_goa_dr_2022.dat 6 2022 SSBUCI 45.0557
Model_1_goa_dr_2022.dat 6 2022 SSBMedian 45.0557
Model_1_goa_dr_2022.dat 6 2022 SSBMean 45.0557
Model_1_goa_dr_2022.dat 6 2023 SSBF100 65.5649
Model_1_goa_dr_2022.dat 6 2023 SSBFabc 26.2259
Model_1_goa_dr_2022.dat 6 2023 SSBFofl 22.9477
Model_1_goa_dr_2022.dat 6 2023 SSBLCI 44.1023
Model_1_goa_dr_2022.dat 6 2023 SSBUCI 44.1291
Model_1_goa_dr_2022.dat 6 2023 SSBMedian 44.1092
Model_1_goa_dr_2022.dat 6 2023 SSBMean 44.1117
Model_1_goa_dr_2022.dat 6 2024 SSBF100 65.5649
Model_1_goa_dr_2022.dat 6 2024 SSBFabc 26.2259
Model_1_goa_dr_2022.dat 6 2024 SSBFofl 22.9477
Model_1_goa_dr_2022.dat 6 2024 SSBLCI 39.9304
Model_1_goa_dr_2022.dat 6 2024 SSBUCI 40.0167
Model_1_goa_dr_2022.dat 6 2024 SSBMedian 39.9562
Model_1_goa_dr_2022.dat 6 2024 SSBMean 39.9631
Model_1_goa_dr_2022.dat 6 2025 SSBF100 65.5649
Model_1_goa_dr_2022.dat 6 2025 SSBFabc 26.2259
Model_1_goa_dr_2022.dat 6 2025 SSBFofl 22.9477
Model_1_goa_dr_2022.dat 6 2025 SSBLCI 35.8521
Model_1_goa_dr_2022.dat 6 2025 SSBUCI 36.0824
Model_1_goa_dr_2022.dat 6 2025 SSBMedian 35.922
Model_1_goa_dr_2022.dat 6 2025 SSBMean 35.9407
Model_1_goa_dr_2022.dat 6 2026 SSBF100 65.5649
Model_1_goa_dr_2022.dat 6 2026 SSBFabc 26.2259
Model_1_goa_dr_2022.dat 6 2026 SSBFofl 22.9477
Model_1_goa_dr_2022.dat 6 2026 SSBLCI 32.0133
Model_1_goa_dr_2022.dat 6 2026 SSBUCI 32.5486
Model_1_goa_dr_2022.dat 6 2026 SSBMedian 32.1839
Model_1_goa_dr_2022.dat 6 2026 SSBMean 32.2226
Model_1_goa_dr_2022.dat 6 2027 SSBF100 65.5649
Model_1_goa_dr_2022.dat 6 2027 SSBFabc 26.2259
Model_1_goa_dr_2022.dat 6 2027 SSBFofl 22.9477
Model_1_goa_dr_2022.dat 6 2027 SSBLCI 28.5404
Model_1_goa_dr_2022.dat 6 2027 SSBUCI 29.6721
Model_1_goa_dr_2022.dat 6 2027 SSBMedian 28.9171
Model_1_goa_dr_2022.dat 6 2027 SSBMean 28.986
Model_1_goa_dr_2022.dat 6 2028 SSBF100 65.5649
Model_1_goa_dr_2022.dat 6 2028 SSBFabc 26.2259
Model_1_goa_dr_2022.dat 6 2028 SSBFofl 22.9477
Model_1_goa_dr_2022.dat 6 2028 SSBLCI 25.5508
Model_1_goa_dr_2022.dat 6 2028 SSBUCI 27.6716
Model_1_goa_dr_2022.dat 6 2028 SSBMedian 26.2522
Model_1_goa_dr_2022.dat 6 2028 SSBMean 26.3952
Model_1_goa_dr_2022.dat 6 2029 SSBF100 65.5649
Model_1_goa_dr_2022.dat 6 2029 SSBFabc 26.2259
Model_1_goa_dr_2022.dat 6 2029 SSBFofl 22.9477
Model_1_goa_dr_2022.dat 6 2029 SSBLCI 23.2057
Model_1_goa_dr_2022.dat 6 2029 SSBUCI 26.7057
Model_1_goa_dr_2022.dat 6 2029 SSBMedian 24.3361
Model_1_goa_dr_2022.dat 6 2029 SSBMean 24.5767
Model_1_goa_dr_2022.dat 6 2030 SSBF100 65.5649
Model_1_goa_dr_2022.dat 6 2030 SSBFabc 26.2259
Model_1_goa_dr_2022.dat 6 2030 SSBFofl 22.9477
Model_1_goa_dr_2022.dat 6 2030 SSBLCI 21.5912
Model_1_goa_dr_2022.dat 6 2030 SSBUCI 26.4569
Model_1_goa_dr_2022.dat 6 2030 SSBMedian 23.2052
Model_1_goa_dr_2022.dat 6 2030 SSBMean 23.5793
Model_1_goa_dr_2022.dat 6 2031 SSBF100 65.5649
Model_1_goa_dr_2022.dat 6 2031 SSBFabc 26.2259
Model_1_goa_dr_2022.dat 6 2031 SSBFofl 22.9477
Model_1_goa_dr_2022.dat 6 2031 SSBLCI 20.5943
Model_1_goa_dr_2022.dat 6 2031 SSBUCI 26.8481
Model_1_goa_dr_2022.dat 6 2031 SSBMedian 22.7887
Model_1_goa_dr_2022.dat 6 2031 SSBMean 23.1635
Model_1_goa_dr_2022.dat 6 2032 SSBF100 65.5649
Model_1_goa_dr_2022.dat 6 2032 SSBFabc 26.2259
Model_1_goa_dr_2022.dat 6 2032 SSBFofl 22.9477
Model_1_goa_dr_2022.dat 6 2032 SSBLCI 19.9344
Model_1_goa_dr_2022.dat 6 2032 SSBUCI 27.4267
Model_1_goa_dr_2022.dat 6 2032 SSBMedian 22.6839
Model_1_goa_dr_2022.dat 6 2032 SSBMean 23.0847
Model_1_goa_dr_2022.dat 6 2033 SSBF100 65.5649
Model_1_goa_dr_2022.dat 6 2033 SSBFabc 26.2259
Model_1_goa_dr_2022.dat 6 2033 SSBFofl 22.9477
Model_1_goa_dr_2022.dat 6 2033 SSBLCI 19.5191
Model_1_goa_dr_2022.dat 6 2033 SSBUCI 28.0835
Model_1_goa_dr_2022.dat 6 2033 SSBMedian 22.7957
Model_1_goa_dr_2022.dat 6 2033 SSBMean 23.1717
Model_1_goa_dr_2022.dat 6 2034 SSBF100 65.5649
Model_1_goa_dr_2022.dat 6 2034 SSBFabc 26.2259
Model_1_goa_dr_2022.dat 6 2034 SSBFofl 22.9477
Model_1_goa_dr_2022.dat 6 2034 SSBLCI 19.4049
Model_1_goa_dr_2022.dat 6 2034 SSBUCI 28.3954
Model_1_goa_dr_2022.dat 6 2034 SSBMedian 22.9404
Model_1_goa_dr_2022.dat 6 2034 SSBMean 23.3258
Model_1_goa_dr_2022.dat 6 2035 SSBF100 65.5649
Model_1_goa_dr_2022.dat 6 2035 SSBFabc 26.2259
Model_1_goa_dr_2022.dat 6 2035 SSBFofl 22.9477
Model_1_goa_dr_2022.dat 6 2035 SSBLCI 19.3665
Model_1_goa_dr_2022.dat 6 2035 SSBUCI 28.7885
Model_1_goa_dr_2022.dat 6 2035 SSBMedian 23.118
Model_1_goa_dr_2022.dat 6 2035 SSBMean 23.5011
Model_1_goa_dr_2022.dat 6 2022 F0 0 
Model_1_goa_dr_2022.dat 6 2022 Fabc 0.0913417
Model_1_goa_dr_2022.dat 6 2022 Fofl 0.112301
Model_1_goa_dr_2022.dat 6 2022  F_LCI 0.0284964
Model_1_goa_dr_2022.dat 6 2022  F_UCI 0.0284964
Model_1_goa_dr_2022.dat 6 2022  F_Median 0.0284964
Model_1_goa_dr_2022.dat 6 2022  F_Mean 0.0284964
Model_1_goa_dr_2022.dat 6 2023 F0 0 
Model_1_goa_dr_2022.dat 6 2023 Fabc 0.0913417
Model_1_goa_dr_2022.dat 6 2023 Fofl 0.112301
Model_1_goa_dr_2022.dat 6 2023  F_LCI 0.112301
Model_1_goa_dr_2022.dat 6 2023  F_UCI 0.112301
Model_1_goa_dr_2022.dat 6 2023  F_Median 0.112301
Model_1_goa_dr_2022.dat 6 2023  F_Mean 0.112301
Model_1_goa_dr_2022.dat 6 2024 F0 0 
Model_1_goa_dr_2022.dat 6 2024 Fabc 0.0913417
Model_1_goa_dr_2022.dat 6 2024 Fofl 0.112301
Model_1_goa_dr_2022.dat 6 2024  F_LCI 0.112301
Model_1_goa_dr_2022.dat 6 2024  F_UCI 0.112301
Model_1_goa_dr_2022.dat 6 2024  F_Median 0.112301
Model_1_goa_dr_2022.dat 6 2024  F_Mean 0.112301
Model_1_goa_dr_2022.dat 6 2025 F0 0 
Model_1_goa_dr_2022.dat 6 2025 Fabc 0.0913417
Model_1_goa_dr_2022.dat 6 2025 Fofl 0.112301
Model_1_goa_dr_2022.dat 6 2025  F_LCI 0.112301
Model_1_goa_dr_2022.dat 6 2025  F_UCI 0.112301
Model_1_goa_dr_2022.dat 6 2025  F_Median 0.112301
Model_1_goa_dr_2022.dat 6 2025  F_Mean 0.112301
Model_1_goa_dr_2022.dat 6 2026 F0 0 
Model_1_goa_dr_2022.dat 6 2026 Fabc 0.0913417
Model_1_goa_dr_2022.dat 6 2026 Fofl 0.112301
Model_1_goa_dr_2022.dat 6 2026  F_LCI 0.112301
Model_1_goa_dr_2022.dat 6 2026  F_UCI 0.112301
Model_1_goa_dr_2022.dat 6 2026  F_Median 0.112301
Model_1_goa_dr_2022.dat 6 2026  F_Mean 0.112301
Model_1_goa_dr_2022.dat 6 2027 F0 0 
Model_1_goa_dr_2022.dat 6 2027 Fabc 0.0913417
Model_1_goa_dr_2022.dat 6 2027 Fofl 0.112301
Model_1_goa_dr_2022.dat 6 2027  F_LCI 0.112301
Model_1_goa_dr_2022.dat 6 2027  F_UCI 0.112301
Model_1_goa_dr_2022.dat 6 2027  F_Median 0.112301
Model_1_goa_dr_2022.dat 6 2027  F_Mean 0.112301
Model_1_goa_dr_2022.dat 6 2028 F0 0 
Model_1_goa_dr_2022.dat 6 2028 Fabc 0.0913417
Model_1_goa_dr_2022.dat 6 2028 Fofl 0.112301
Model_1_goa_dr_2022.dat 6 2028  F_LCI 0.109258
Model_1_goa_dr_2022.dat 6 2028  F_UCI 0.112301
Model_1_goa_dr_2022.dat 6 2028  F_Median 0.112301
Model_1_goa_dr_2022.dat 6 2028  F_Mean 0.111493
Model_1_goa_dr_2022.dat 6 2029 F0 0 
Model_1_goa_dr_2022.dat 6 2029 Fabc 0.0913417
Model_1_goa_dr_2022.dat 6 2029 Fofl 0.112301
Model_1_goa_dr_2022.dat 6 2029  F_LCI 0.0986877
Model_1_goa_dr_2022.dat 6 2029  F_UCI 0.112301
Model_1_goa_dr_2022.dat 6 2029  F_Median 0.103783
Model_1_goa_dr_2022.dat 6 2029  F_Mean 0.104451
Model_1_goa_dr_2022.dat 6 2030 F0 0 
Model_1_goa_dr_2022.dat 6 2030 Fabc 0.0913417
Model_1_goa_dr_2022.dat 6 2030 Fofl 0.112301
Model_1_goa_dr_2022.dat 6 2030  F_LCI 0.0914102
Model_1_goa_dr_2022.dat 6 2030  F_UCI 0.112301
Model_1_goa_dr_2022.dat 6 2030  F_Median 0.0986853
Model_1_goa_dr_2022.dat 6 2030  F_Mean 0.0999017
Model_1_goa_dr_2022.dat 6 2031 F0 0 
Model_1_goa_dr_2022.dat 6 2031 Fabc 0.0913417
Model_1_goa_dr_2022.dat 6 2031 Fofl 0.112301
Model_1_goa_dr_2022.dat 6 2031  F_LCI 0.0869166
Model_1_goa_dr_2022.dat 6 2031  F_UCI 0.112301
Model_1_goa_dr_2022.dat 6 2031  F_Median 0.0968078
Model_1_goa_dr_2022.dat 6 2031  F_Mean 0.097843
Model_1_goa_dr_2022.dat 6 2032 F0 0 
Model_1_goa_dr_2022.dat 6 2032 Fabc 0.0913417
Model_1_goa_dr_2022.dat 6 2032 Fofl 0.112301
Model_1_goa_dr_2022.dat 6 2032  F_LCI 0.0839422
Model_1_goa_dr_2022.dat 6 2032  F_UCI 0.112301
Model_1_goa_dr_2022.dat 6 2032  F_Median 0.0963354
Model_1_goa_dr_2022.dat 6 2032  F_Mean 0.0972457
Model_1_goa_dr_2022.dat 6 2033 F0 0 
Model_1_goa_dr_2022.dat 6 2033 Fabc 0.0913417
Model_1_goa_dr_2022.dat 6 2033 Fofl 0.112301
Model_1_goa_dr_2022.dat 6 2033  F_LCI 0.0820703
Model_1_goa_dr_2022.dat 6 2033  F_UCI 0.112301
Model_1_goa_dr_2022.dat 6 2033  F_Median 0.0968397
Model_1_goa_dr_2022.dat 6 2033  F_Mean 0.0973759
Model_1_goa_dr_2022.dat 6 2034 F0 0 
Model_1_goa_dr_2022.dat 6 2034 Fabc 0.0913417
Model_1_goa_dr_2022.dat 6 2034 Fofl 0.112301
Model_1_goa_dr_2022.dat 6 2034  F_LCI 0.0815555
Model_1_goa_dr_2022.dat 6 2034  F_UCI 0.112301
Model_1_goa_dr_2022.dat 6 2034  F_Median 0.0974918
Model_1_goa_dr_2022.dat 6 2034  F_Mean 0.0978101
Model_1_goa_dr_2022.dat 6 2035 F0 0 
Model_1_goa_dr_2022.dat 6 2035 Fabc 0.0913417
Model_1_goa_dr_2022.dat 6 2035 Fofl 0.112301
Model_1_goa_dr_2022.dat 6 2035  F_LCI 0.0813825
Model_1_goa_dr_2022.dat 6 2035  F_UCI 0.112301
Model_1_goa_dr_2022.dat 6 2035  F_Median 0.098292
Model_1_goa_dr_2022.dat 6 2035  F_Mean 0.0983746
Model_1_goa_dr_2022.dat 7 2022 Cabc 4.6223
Model_1_goa_dr_2022.dat 7 2022 Cofl 4.9419
Model_1_goa_dr_2022.dat 7 2022 CLCI 2.58497
Model_1_goa_dr_2022.dat 7 2022 CUCI 2.58497
Model_1_goa_dr_2022.dat 7 2022 CMedian 2.58497
Model_1_goa_dr_2022.dat 7 2022 CMean 2.58497
Model_1_goa_dr_2022.dat 7 2023 Cabc 4.6223
Model_1_goa_dr_2022.dat 7 2023 Cofl 4.9419
Model_1_goa_dr_2022.dat 7 2023 CLCI 7.92134
Model_1_goa_dr_2022.dat 7 2023 CUCI 7.92155
Model_1_goa_dr_2022.dat 7 2023 CMedian 7.9214
Model_1_goa_dr_2022.dat 7 2023 CMean 7.92141
Model_1_goa_dr_2022.dat 7 2024 Cabc 4.6223
Model_1_goa_dr_2022.dat 7 2024 Cofl 4.9419
Model_1_goa_dr_2022.dat 7 2024 CLCI 7.26551
Model_1_goa_dr_2022.dat 7 2024 CUCI 7.26658
Model_1_goa_dr_2022.dat 7 2024 CMedian 7.26581
Model_1_goa_dr_2022.dat 7 2024 CMean 7.2659
Model_1_goa_dr_2022.dat 7 2025 Cabc 4.6223
Model_1_goa_dr_2022.dat 7 2025 Cofl 4.9419
Model_1_goa_dr_2022.dat 7 2025 CLCI 8.05779
Model_1_goa_dr_2022.dat 7 2025 CUCI 8.06371
Model_1_goa_dr_2022.dat 7 2025 CMedian 8.05948
Model_1_goa_dr_2022.dat 7 2025 CMean 8.05994
Model_1_goa_dr_2022.dat 7 2026 Cabc 4.6223
Model_1_goa_dr_2022.dat 7 2026 Cofl 4.9419
Model_1_goa_dr_2022.dat 7 2026 CLCI 7.14512
Model_1_goa_dr_2022.dat 7 2026 CUCI 7.16854
Model_1_goa_dr_2022.dat 7 2026 CMedian 7.15194
Model_1_goa_dr_2022.dat 7 2026 CMean 7.15376
Model_1_goa_dr_2022.dat 7 2027 Cabc 4.6223
Model_1_goa_dr_2022.dat 7 2027 Cofl 4.9419
Model_1_goa_dr_2022.dat 7 2027 CLCI 6.3149
Model_1_goa_dr_2022.dat 7 2027 CUCI 6.39983
Model_1_goa_dr_2022.dat 7 2027 CMedian 6.33985
Model_1_goa_dr_2022.dat 7 2027 CMean 6.34642
Model_1_goa_dr_2022.dat 7 2028 Cabc 4.6223
Model_1_goa_dr_2022.dat 7 2028 Cofl 4.9419
Model_1_goa_dr_2022.dat 7 2028 CLCI 5.59558
Model_1_goa_dr_2022.dat 7 2028 CUCI 5.8584
Model_1_goa_dr_2022.dat 7 2028 CMedian 5.67448
Model_1_goa_dr_2022.dat 7 2028 CMean 5.69538
Model_1_goa_dr_2022.dat 7 2029 Cabc 4.6223
Model_1_goa_dr_2022.dat 7 2029 Cofl 4.9419
Model_1_goa_dr_2022.dat 7 2029 CLCI 4.56155
Model_1_goa_dr_2022.dat 7 2029 CUCI 5.65757
Model_1_goa_dr_2022.dat 7 2029 CMedian 4.99002
Model_1_goa_dr_2022.dat 7 2029 CMean 5.04195
Model_1_goa_dr_2022.dat 7 2030 Cabc 4.6223
Model_1_goa_dr_2022.dat 7 2030 Cofl 4.9419
Model_1_goa_dr_2022.dat 7 2030 CLCI 3.89182
Model_1_goa_dr_2022.dat 7 2030 CUCI 5.74033
Model_1_goa_dr_2022.dat 7 2030 CMedian 4.51516
Model_1_goa_dr_2022.dat 7 2030 CMean 4.6359
Model_1_goa_dr_2022.dat 7 2031 Cabc 4.6223
Model_1_goa_dr_2022.dat 7 2031 Cofl 4.9419
Model_1_goa_dr_2022.dat 7 2031 CLCI 3.51233
Model_1_goa_dr_2022.dat 7 2031 CUCI 5.90617
Model_1_goa_dr_2022.dat 7 2031 CMedian 4.31106
Model_1_goa_dr_2022.dat 7 2031 CMean 4.48393
Model_1_goa_dr_2022.dat 7 2032 Cabc 4.6223
Model_1_goa_dr_2022.dat 7 2032 Cofl 4.9419
Model_1_goa_dr_2022.dat 7 2032 CLCI 3.27896
Model_1_goa_dr_2022.dat 7 2032 CUCI 6.04995
Model_1_goa_dr_2022.dat 7 2032 CMedian 4.29411
Model_1_goa_dr_2022.dat 7 2032 CMean 4.45502
Model_1_goa_dr_2022.dat 7 2033 Cabc 4.6223
Model_1_goa_dr_2022.dat 7 2033 Cofl 4.9419
Model_1_goa_dr_2022.dat 7 2033 CLCI 3.11788
Model_1_goa_dr_2022.dat 7 2033 CUCI 6.1869
Model_1_goa_dr_2022.dat 7 2033 CMedian 4.31197
Model_1_goa_dr_2022.dat 7 2033 CMean 4.47419
Model_1_goa_dr_2022.dat 7 2034 Cabc 4.6223
Model_1_goa_dr_2022.dat 7 2034 Cofl 4.9419
Model_1_goa_dr_2022.dat 7 2034 CLCI 3.07253
Model_1_goa_dr_2022.dat 7 2034 CUCI 6.2776
Model_1_goa_dr_2022.dat 7 2034 CMedian 4.36427
Model_1_goa_dr_2022.dat 7 2034 CMean 4.50982
Model_1_goa_dr_2022.dat 7 2035 Cabc 4.6223
Model_1_goa_dr_2022.dat 7 2035 Cofl 4.9419
Model_1_goa_dr_2022.dat 7 2035 CLCI 3.05381
Model_1_goa_dr_2022.dat 7 2035 CUCI 6.36982
Model_1_goa_dr_2022.dat 7 2035 CMedian 4.44175
Model_1_goa_dr_2022.dat 7 2035 CMean 4.55536
Model_1_goa_dr_2022.dat 7 2022 SSBF100 65.5649
Model_1_goa_dr_2022.dat 7 2022 SSBFabc 26.2259
Model_1_goa_dr_2022.dat 7 2022 SSBFofl 22.9477
Model_1_goa_dr_2022.dat 7 2022 SSBLCI 45.0557
Model_1_goa_dr_2022.dat 7 2022 SSBUCI 45.0557
Model_1_goa_dr_2022.dat 7 2022 SSBMedian 45.0557
Model_1_goa_dr_2022.dat 7 2022 SSBMean 45.0557
Model_1_goa_dr_2022.dat 7 2023 SSBF100 65.5649
Model_1_goa_dr_2022.dat 7 2023 SSBFabc 26.2259
Model_1_goa_dr_2022.dat 7 2023 SSBFofl 22.9477
Model_1_goa_dr_2022.dat 7 2023 SSBLCI 44.2502
Model_1_goa_dr_2022.dat 7 2023 SSBUCI 44.277
Model_1_goa_dr_2022.dat 7 2023 SSBMedian 44.2571
Model_1_goa_dr_2022.dat 7 2023 SSBMean 44.2596
Model_1_goa_dr_2022.dat 7 2024 SSBF100 65.5649
Model_1_goa_dr_2022.dat 7 2024 SSBFabc 26.2259
Model_1_goa_dr_2022.dat 7 2024 SSBFofl 22.9477
Model_1_goa_dr_2022.dat 7 2024 SSBLCI 40.8608
Model_1_goa_dr_2022.dat 7 2024 SSBUCI 40.947
Model_1_goa_dr_2022.dat 7 2024 SSBMedian 40.8865
Model_1_goa_dr_2022.dat 7 2024 SSBMean 40.8934
Model_1_goa_dr_2022.dat 7 2025 SSBF100 65.5649
Model_1_goa_dr_2022.dat 7 2025 SSBFabc 26.2259
Model_1_goa_dr_2022.dat 7 2025 SSBFofl 22.9477
Model_1_goa_dr_2022.dat 7 2025 SSBLCI 37.2747
Model_1_goa_dr_2022.dat 7 2025 SSBUCI 37.5049
Model_1_goa_dr_2022.dat 7 2025 SSBMedian 37.3445
Model_1_goa_dr_2022.dat 7 2025 SSBMean 37.3632
Model_1_goa_dr_2022.dat 7 2026 SSBF100 65.5649
Model_1_goa_dr_2022.dat 7 2026 SSBFabc 26.2259
Model_1_goa_dr_2022.dat 7 2026 SSBFofl 22.9477
Model_1_goa_dr_2022.dat 7 2026 SSBLCI 33.2446
Model_1_goa_dr_2022.dat 7 2026 SSBUCI 33.7799
Model_1_goa_dr_2022.dat 7 2026 SSBMedian 33.4151
Model_1_goa_dr_2022.dat 7 2026 SSBMean 33.4538
Model_1_goa_dr_2022.dat 7 2027 SSBF100 65.5649
Model_1_goa_dr_2022.dat 7 2027 SSBFabc 26.2259
Model_1_goa_dr_2022.dat 7 2027 SSBFofl 22.9477
Model_1_goa_dr_2022.dat 7 2027 SSBLCI 29.5963
Model_1_goa_dr_2022.dat 7 2027 SSBUCI 30.728
Model_1_goa_dr_2022.dat 7 2027 SSBMedian 29.973
Model_1_goa_dr_2022.dat 7 2027 SSBMean 30.042
Model_1_goa_dr_2022.dat 7 2028 SSBF100 65.5649
Model_1_goa_dr_2022.dat 7 2028 SSBFabc 26.2259
Model_1_goa_dr_2022.dat 7 2028 SSBFofl 22.9477
Model_1_goa_dr_2022.dat 7 2028 SSBLCI 26.4378
Model_1_goa_dr_2022.dat 7 2028 SSBUCI 28.5711
Model_1_goa_dr_2022.dat 7 2028 SSBMedian 27.1516
Model_1_goa_dr_2022.dat 7 2028 SSBMean 27.2913
Model_1_goa_dr_2022.dat 7 2029 SSBF100 65.5649
Model_1_goa_dr_2022.dat 7 2029 SSBFabc 26.2259
Model_1_goa_dr_2022.dat 7 2029 SSBFofl 22.9477
Model_1_goa_dr_2022.dat 7 2029 SSBLCI 23.8936
Model_1_goa_dr_2022.dat 7 2029 SSBUCI 27.468
Model_1_goa_dr_2022.dat 7 2029 SSBMedian 25.0864
Model_1_goa_dr_2022.dat 7 2029 SSBMean 25.3119
Model_1_goa_dr_2022.dat 7 2030 SSBF100 65.5649
Model_1_goa_dr_2022.dat 7 2030 SSBFabc 26.2259
Model_1_goa_dr_2022.dat 7 2030 SSBFofl 22.9477
Model_1_goa_dr_2022.dat 7 2030 SSBLCI 22.1232
Model_1_goa_dr_2022.dat 7 2030 SSBUCI 27.1005
Model_1_goa_dr_2022.dat 7 2030 SSBMedian 23.7742
Model_1_goa_dr_2022.dat 7 2030 SSBMean 24.1483
Model_1_goa_dr_2022.dat 7 2031 SSBF100 65.5649
Model_1_goa_dr_2022.dat 7 2031 SSBFabc 26.2259
Model_1_goa_dr_2022.dat 7 2031 SSBFofl 22.9477
Model_1_goa_dr_2022.dat 7 2031 SSBLCI 21.0085
Model_1_goa_dr_2022.dat 7 2031 SSBUCI 27.3777
Model_1_goa_dr_2022.dat 7 2031 SSBMedian 23.2201
Model_1_goa_dr_2022.dat 7 2031 SSBMean 23.6036
Model_1_goa_dr_2022.dat 7 2032 SSBF100 65.5649
Model_1_goa_dr_2022.dat 7 2032 SSBFabc 26.2259
Model_1_goa_dr_2022.dat 7 2032 SSBFofl 22.9477
Model_1_goa_dr_2022.dat 7 2032 SSBLCI 20.2619
Model_1_goa_dr_2022.dat 7 2032 SSBUCI 27.8355
Model_1_goa_dr_2022.dat 7 2032 SSBMedian 23.0098
Model_1_goa_dr_2022.dat 7 2032 SSBMean 23.4245
Model_1_goa_dr_2022.dat 7 2033 SSBF100 65.5649
Model_1_goa_dr_2022.dat 7 2033 SSBFabc 26.2259
Model_1_goa_dr_2022.dat 7 2033 SSBFofl 22.9477
Model_1_goa_dr_2022.dat 7 2033 SSBLCI 19.7728
Model_1_goa_dr_2022.dat 7 2033 SSBUCI 28.402
Model_1_goa_dr_2022.dat 7 2033 SSBMedian 23.0469
Model_1_goa_dr_2022.dat 7 2033 SSBMean 23.4331
Model_1_goa_dr_2022.dat 7 2034 SSBF100 65.5649
Model_1_goa_dr_2022.dat 7 2034 SSBFabc 26.2259
Model_1_goa_dr_2022.dat 7 2034 SSBFofl 22.9477
Model_1_goa_dr_2022.dat 7 2034 SSBLCI 19.6032
Model_1_goa_dr_2022.dat 7 2034 SSBUCI 28.685
Model_1_goa_dr_2022.dat 7 2034 SSBMedian 23.1256
Model_1_goa_dr_2022.dat 7 2034 SSBMean 23.526
Model_1_goa_dr_2022.dat 7 2035 SSBF100 65.5649
Model_1_goa_dr_2022.dat 7 2035 SSBFabc 26.2259
Model_1_goa_dr_2022.dat 7 2035 SSBFofl 22.9477
Model_1_goa_dr_2022.dat 7 2035 SSBLCI 19.5192
Model_1_goa_dr_2022.dat 7 2035 SSBUCI 28.9703
Model_1_goa_dr_2022.dat 7 2035 SSBMedian 23.2576
Model_1_goa_dr_2022.dat 7 2035 SSBMean 23.6539
Model_1_goa_dr_2022.dat 7 2022 F0 0 
Model_1_goa_dr_2022.dat 7 2022 Fabc 0.0913417
Model_1_goa_dr_2022.dat 7 2022 Fofl 0.112301
Model_1_goa_dr_2022.dat 7 2022  F_LCI 0.0284964
Model_1_goa_dr_2022.dat 7 2022  F_UCI 0.0284964
Model_1_goa_dr_2022.dat 7 2022  F_Median 0.0284964
Model_1_goa_dr_2022.dat 7 2022  F_Mean 0.0284964
Model_1_goa_dr_2022.dat 7 2023 F0 0 
Model_1_goa_dr_2022.dat 7 2023 Fabc 0.0913417
Model_1_goa_dr_2022.dat 7 2023 Fofl 0.112301
Model_1_goa_dr_2022.dat 7 2023  F_LCI 0.0913417
Model_1_goa_dr_2022.dat 7 2023  F_UCI 0.0913417
Model_1_goa_dr_2022.dat 7 2023  F_Median 0.0913417
Model_1_goa_dr_2022.dat 7 2023  F_Mean 0.0913417
Model_1_goa_dr_2022.dat 7 2024 F0 0 
Model_1_goa_dr_2022.dat 7 2024 Fabc 0.0913417
Model_1_goa_dr_2022.dat 7 2024 Fofl 0.112301
Model_1_goa_dr_2022.dat 7 2024  F_LCI 0.0913417
Model_1_goa_dr_2022.dat 7 2024  F_UCI 0.0913417
Model_1_goa_dr_2022.dat 7 2024  F_Median 0.0913417
Model_1_goa_dr_2022.dat 7 2024  F_Mean 0.0913417
Model_1_goa_dr_2022.dat 7 2025 F0 0 
Model_1_goa_dr_2022.dat 7 2025 Fabc 0.0913417
Model_1_goa_dr_2022.dat 7 2025 Fofl 0.112301
Model_1_goa_dr_2022.dat 7 2025  F_LCI 0.112301
Model_1_goa_dr_2022.dat 7 2025  F_UCI 0.112301
Model_1_goa_dr_2022.dat 7 2025  F_Median 0.112301
Model_1_goa_dr_2022.dat 7 2025  F_Mean 0.112301
Model_1_goa_dr_2022.dat 7 2026 F0 0 
Model_1_goa_dr_2022.dat 7 2026 Fabc 0.0913417
Model_1_goa_dr_2022.dat 7 2026 Fofl 0.112301
Model_1_goa_dr_2022.dat 7 2026  F_LCI 0.112301
Model_1_goa_dr_2022.dat 7 2026  F_UCI 0.112301
Model_1_goa_dr_2022.dat 7 2026  F_Median 0.112301
Model_1_goa_dr_2022.dat 7 2026  F_Mean 0.112301
Model_1_goa_dr_2022.dat 7 2027 F0 0 
Model_1_goa_dr_2022.dat 7 2027 Fabc 0.0913417
Model_1_goa_dr_2022.dat 7 2027 Fofl 0.112301
Model_1_goa_dr_2022.dat 7 2027  F_LCI 0.112301
Model_1_goa_dr_2022.dat 7 2027  F_UCI 0.112301
Model_1_goa_dr_2022.dat 7 2027  F_Median 0.112301
Model_1_goa_dr_2022.dat 7 2027  F_Mean 0.112301
Model_1_goa_dr_2022.dat 7 2028 F0 0 
Model_1_goa_dr_2022.dat 7 2028 Fabc 0.0913417
Model_1_goa_dr_2022.dat 7 2028 Fofl 0.112301
Model_1_goa_dr_2022.dat 7 2028  F_LCI 0.112301
Model_1_goa_dr_2022.dat 7 2028  F_UCI 0.112301
Model_1_goa_dr_2022.dat 7 2028  F_Median 0.112301
Model_1_goa_dr_2022.dat 7 2028  F_Mean 0.1123
Model_1_goa_dr_2022.dat 7 2029 F0 0 
Model_1_goa_dr_2022.dat 7 2029 Fabc 0.0913417
Model_1_goa_dr_2022.dat 7 2029 Fofl 0.112301
Model_1_goa_dr_2022.dat 7 2029  F_LCI 0.101788
Model_1_goa_dr_2022.dat 7 2029  F_UCI 0.112301
Model_1_goa_dr_2022.dat 7 2029  F_Median 0.107165
Model_1_goa_dr_2022.dat 7 2029  F_Mean 0.107333
Model_1_goa_dr_2022.dat 7 2030 F0 0 
Model_1_goa_dr_2022.dat 7 2030 Fabc 0.0913417
Model_1_goa_dr_2022.dat 7 2030 Fofl 0.112301
Model_1_goa_dr_2022.dat 7 2030  F_LCI 0.093808
Model_1_goa_dr_2022.dat 7 2030  F_UCI 0.112301
Model_1_goa_dr_2022.dat 7 2030  F_Median 0.10125
Model_1_goa_dr_2022.dat 7 2030  F_Mean 0.102225
Model_1_goa_dr_2022.dat 7 2031 F0 0 
Model_1_goa_dr_2022.dat 7 2031 Fabc 0.0913417
Model_1_goa_dr_2022.dat 7 2031 Fofl 0.112301
Model_1_goa_dr_2022.dat 7 2031  F_LCI 0.0887836
Model_1_goa_dr_2022.dat 7 2031  F_UCI 0.112301
Model_1_goa_dr_2022.dat 7 2031  F_Median 0.0987526
Model_1_goa_dr_2022.dat 7 2031  F_Mean 0.0996045
Model_1_goa_dr_2022.dat 7 2032 F0 0 
Model_1_goa_dr_2022.dat 7 2032 Fabc 0.0913417
Model_1_goa_dr_2022.dat 7 2032 Fofl 0.112301
Model_1_goa_dr_2022.dat 7 2032  F_LCI 0.0854184
Model_1_goa_dr_2022.dat 7 2032  F_UCI 0.112301
Model_1_goa_dr_2022.dat 7 2032  F_Median 0.0978045
Model_1_goa_dr_2022.dat 7 2032  F_Mean 0.0985704
Model_1_goa_dr_2022.dat 7 2033 F0 0 
Model_1_goa_dr_2022.dat 7 2033 Fabc 0.0913417
Model_1_goa_dr_2022.dat 7 2033 Fofl 0.112301
Model_1_goa_dr_2022.dat 7 2033  F_LCI 0.0832139
Model_1_goa_dr_2022.dat 7 2033  F_UCI 0.112301
Model_1_goa_dr_2022.dat 7 2033  F_Median 0.0979719
Model_1_goa_dr_2022.dat 7 2033  F_Mean 0.0983674
Model_1_goa_dr_2022.dat 7 2034 F0 0 
Model_1_goa_dr_2022.dat 7 2034 Fabc 0.0913417
Model_1_goa_dr_2022.dat 7 2034 Fofl 0.112301
Model_1_goa_dr_2022.dat 7 2034  F_LCI 0.0824496
Model_1_goa_dr_2022.dat 7 2034  F_UCI 0.112301
Model_1_goa_dr_2022.dat 7 2034  F_Median 0.0983264
Model_1_goa_dr_2022.dat 7 2034  F_Mean 0.0985465
Model_1_goa_dr_2022.dat 7 2035 F0 0 
Model_1_goa_dr_2022.dat 7 2035 Fabc 0.0913417
Model_1_goa_dr_2022.dat 7 2035 Fofl 0.112301
Model_1_goa_dr_2022.dat 7 2035  F_LCI 0.0820709
Model_1_goa_dr_2022.dat 7 2035  F_UCI 0.112301
Model_1_goa_dr_2022.dat 7 2035  F_Median 0.0989215
Model_1_goa_dr_2022.dat 7 2035  F_Mean 0.0989176
