Alternative 1 Catch
     Model_1_goa_dr_2022.dat 
Equil_Fabc 4.61738 
Year 
2020 2.55641 
2021 4.78223 
2022 4.38644 
2023 7.09492 
2024 6.41085 
2025 5.78394 
2026 5.266 
2027 4.9089 
2028 4.6933 
2029 4.5317 
2030 4.44707 
2031 4.41038 
2032 4.39932 
2033 4.40441 

Alternative 1 ABCs
     Model_1_goa_dr_2022.dat 

Year 
2020  NA 
2021  NA 
2022  NA 
2023 7.09492 
2024 6.41085 
2025 5.78394 
2026 5.266 
2027 4.9089 
2028 4.6933 
2029 4.5317 
2030 4.44707 
2031 4.41038 
2032 4.39932 
2033 4.40441 

Alternative 1 TACs
     Model_1_goa_dr_2022.dat 

Year 
2020  NA 
2021  NA 
2022  NA 
2023 7.09492 
2024 6.41085 
2025 5.78394 
2026 5.266 
2027 4.9089 
2028 4.6933 
2029 4.5317 
2030 4.44707 
2031 4.41038 
2032 4.39932 
2033 4.40441 

Alternative 1 Sp_Biomass
     Model_1_goa_dr_2022.dat 
Equil_Fabc 26.1983 
Year 
2020 44.9747 
2021 44.4507 
2022 42.5374 
2023 40.1672 
2024 36.6003 
2025 33.3961 
2026 30.7439 
2027 28.763 
2028 27.4561 
2029 26.6993 
2030 26.3268 
2031 26.1797 
2032 26.153 
2033 26.1914 

Alternative 1 Fishing Mortality
     Model_1_goa_dr_2022.dat 
Equil_Fabc 0.091336 
Year 
2020 0.0282297 
2021 0.054277 
2022 0.0523629 
2023 0.091336 
2024 0.091336 
2025 0.091336 
2026 0.091336 
2027 0.091336 
2028 0.0908088 
2029 0.0890232 
2030 0.087682 
2031 0.0869411 
2032 0.0865955 
2033 0.0864604 

Alternative 1 Biomass
     Model_1_goa_dr_2022.dat 

Year 
2020 109.619 
2021 107.047 
2022 102.631 
2023 99.253 
2024 93.7615 
2025 89.5903 
2026 86.6411 
2027 84.7351 
2028 83.5727 
2029 82.9677 
2030 82.6652 
2031 82.5937 
2032 82.5638 
2033 82.6024 

Alternative 1 Implied SPR rate 
     Model_1_goa_dr_2022.dat 
Equil_Fabc 0.4 
Year 
2020 0.690255 
2021 0.532884 
2022 0.542067 
2023 0.4 
2024 0.4 
2025 0.4 
2026 0.4 
2027 0.4 
2028 0.401462 
2029 0.406566 
2030 0.410554 
2031 0.412843 
2032 0.413959 
2033 0.414418 

  Model_1_goa_dr_2022.dat 
EquilAvgAgeF0  12.9802 
EquilAvgAgeFabc  7.76884 
AvgAgeYr2033 8.30389 
Alternative 2 Catch
     Model_1_goa_dr_2022.dat 
Equil_Fabc 4.61738 
Year 
2020 2.55641 
2021 4.78223 
2022 4.38644 
2023 7.09492 
2024 6.41085 
2025 5.78394 
2026 5.266 
2027 4.9089 
2028 4.6933 
2029 4.5317 
2030 4.44707 
2031 4.41038 
2032 4.39932 
2033 4.40441 

Alternative 2 ABCs
     Model_1_goa_dr_2022.dat 

Year 
2020  NA 
2021  NA 
2022  NA 
2023 7.09492 
2024 6.41085 
2025 5.78394 
2026 5.266 
2027 4.9089 
2028 4.6933 
2029 4.5317 
2030 4.44707 
2031 4.41038 
2032 4.39932 
2033 4.40441 

Alternative 2 TACs
     Model_1_goa_dr_2022.dat 

Year 
2020  NA 
2021  NA 
2022  NA 
2023 7.09492 
2024 6.41085 
2025 5.78394 
2026 5.266 
2027 4.9089 
2028 4.6933 
2029 4.5317 
2030 4.44707 
2031 4.41038 
2032 4.39932 
2033 4.40441 

Alternative 2 Sp_Biomass
     Model_1_goa_dr_2022.dat 
Equil_Fabc 26.1983 
Year 
2020 44.9747 
2021 44.4507 
2022 42.5374 
2023 40.1672 
2024 36.6003 
2025 33.3961 
2026 30.7439 
2027 28.763 
2028 27.4561 
2029 26.6993 
2030 26.3268 
2031 26.1797 
2032 26.153 
2033 26.1914 

Alternative 2 Fishing Mortality
     Model_1_goa_dr_2022.dat 
Equil_Fabc 0.091336 
Year 
2020 0.0282297 
2021 0.054277 
2022 0.0523629 
2023 0.091336 
2024 0.091336 
2025 0.091336 
2026 0.091336 
2027 0.091336 
2028 0.0908088 
2029 0.0890232 
2030 0.087682 
2031 0.0869411 
2032 0.0865955 
2033 0.0864604 

Alternative 2 Biomass
     Model_1_goa_dr_2022.dat 

Year 
2020 109.619 
2021 107.047 
2022 102.631 
2023 99.253 
2024 93.7615 
2025 89.5903 
2026 86.6411 
2027 84.7351 
2028 83.5727 
2029 82.9677 
2030 82.6652 
2031 82.5937 
2032 82.5638 
2033 82.6024 

Alternative 2 Implied SPR rate 
     Model_1_goa_dr_2022.dat 
Equil_Fabc 0.4 
Year 
2020 0.690255 
2021 0.532884 
2022 0.542067 
2023 0.4 
2024 0.4 
2025 0.4 
2026 0.4 
2027 0.4 
2028 0.401462 
2029 0.406566 
2030 0.410554 
2031 0.412843 
2032 0.413959 
2033 0.414418 

  Model_1_goa_dr_2022.dat 
EquilAvgAgeF0  12.9802 
EquilAvgAgeFabc  7.76884 
AvgAgeYr2033 8.30389 
Alternative 3 Catch
     Model_1_goa_dr_2022.dat 
Equil_Fabc 4.61738 
Year 
2020 2.55641 
2021 4.78223 
2022 4.38644 
2023 3.62533 
2024 3.4221 
2025 3.22129 
2026 3.05108 
2027 2.94179 
2028 2.90234 
2029 2.90851 
2030 2.93411 
2031 2.9647 
2032 2.99541 
2033 3.02681 

Alternative 3 ABCs
     Model_1_goa_dr_2022.dat 

Year 
2020  NA 
2021  NA 
2022  NA 
2023 3.62533 
2024 3.4221 
2025 3.22129 
2026 3.05108 
2027 2.94179 
2028 2.90234 
2029 2.90851 
2030 2.93411 
2031 2.9647 
2032 2.99541 
2033 3.02681 

Alternative 3 TACs
     Model_1_goa_dr_2022.dat 

Year 
2020  NA 
2021  NA 
2022  NA 
2023 3.62533 
2024 3.4221 
2025 3.22129 
2026 3.05108 
2027 2.94179 
2028 2.90234 
2029 2.90851 
2030 2.93411 
2031 2.9647 
2032 2.99541 
2033 3.02681 

Alternative 3 Sp_Biomass
     Model_1_goa_dr_2022.dat 
Equil_Fabc 26.1983 
Year 
2020 44.9747 
2021 44.4507 
2022 42.5374 
2023 40.4639 
2024 38.4988 
2025 36.6163 
2026 35.0212 
2027 33.8685 
2028 33.2158 
2029 32.9872 
2030 33.045 
2031 33.268 
2032 33.5719 
2033 33.911 

Alternative 3 Fishing Mortality
     Model_1_goa_dr_2022.dat 
Equil_Fabc 0.091336 
Year 
2020 0.0282297 
2021 0.054277 
2022 0.0523629 
2023 0.045668 
2024 0.045668 
2025 0.045668 
2026 0.045668 
2027 0.045668 
2028 0.045668 
2029 0.045668 
2030 0.045668 
2031 0.0456674 
2032 0.0456625 
2033 0.0456541 

Alternative 3 Biomass
     Model_1_goa_dr_2022.dat 

Year 
2020 109.619 
2021 107.047 
2022 102.631 
2023 99.253 
2024 97.1974 
2025 95.8197 
2026 95.0954 
2027 94.9459 
2028 95.1995 
2029 95.7636 
2030 96.4076 
2031 97.1313 
2032 97.7952 
2033 98.455 

Alternative 3 Implied SPR rate 
     Model_1_goa_dr_2022.dat 
Equil_Fabc 0.4 
Year 
2020 0.690255 
2021 0.532884 
2022 0.542067 
2023 0.576703 
2024 0.576703 
2025 0.576703 
2026 0.576703 
2027 0.576703 
2028 0.576703 
2029 0.576703 
2030 0.576703 
2031 0.576707 
2032 0.576734 
2033 0.576781 

  Model_1_goa_dr_2022.dat 
EquilAvgAgeF0  12.9802 
EquilAvgAgeFabc  7.76884 
AvgAgeYr2033 9.51041 
Alternative 4 Catch
     Model_1_goa_dr_2022.dat 
Equil_Fabc 4.61738 
Year 
2020 2.55641 
2021 4.78223 
2022 4.38644 
2023 2.42864 
2024 2.32633 
2025 2.2213 
2026 2.13233 
2027 2.08017 
2028 2.07191 
2029 2.09252 
2030 2.12507 
2031 2.16014 
2032 2.19461 
2033 2.22884 

Alternative 4 ABCs
     Model_1_goa_dr_2022.dat 

Year 
2020  NA 
2021  NA 
2022  NA 
2023 2.42864 
2024 2.32633 
2025 2.2213 
2026 2.13233 
2027 2.08017 
2028 2.07191 
2029 2.09252 
2030 2.12507 
2031 2.16014 
2032 2.19461 
2033 2.22884 

Alternative 4 TACs
     Model_1_goa_dr_2022.dat 

Year 
2020  NA 
2021  NA 
2022  NA 
2023 2.42864 
2024 2.32633 
2025 2.2213 
2026 2.13233 
2027 2.08017 
2028 2.07191 
2029 2.09252 
2030 2.12507 
2031 2.16014 
2032 2.19461 
2033 2.22884 

Alternative 4 Sp_Biomass
     Model_1_goa_dr_2022.dat 
Equil_Fabc 26.1983 
Year 
2020 44.9747 
2021 44.4507 
2022 42.5374 
2023 40.5637 
2024 39.1572 
2025 37.7665 
2026 36.5942 
2027 35.8001 
2028 35.4557 
2029 35.5018 
2030 35.8142 
2031 36.2784 
2032 36.812 
2033 37.3693 

Alternative 4 Fishing Mortality
     Model_1_goa_dr_2022.dat 
Equil_Fabc 0.091336 
Year 
2020 0.0282297 
2021 0.054277 
2022 0.0523629 
2023 0.0303705 
2024 0.0303705 
2025 0.0303705 
2026 0.0303705 
2027 0.0303705 
2028 0.0303705 
2029 0.0303705 
2030 0.0303705 
2031 0.0303705 
2032 0.0303705 
2033 0.0303705 

Alternative 4 Biomass
     Model_1_goa_dr_2022.dat 

Year 
2020 109.619 
2021 107.047 
2022 102.631 
2023 99.253 
2024 98.3828 
2025 98.0329 
2026 98.187 
2027 98.7858 
2028 99.6895 
2029 100.838 
2030 102.021 
2031 103.25 
2032 104.389 
2033 105.496 

Alternative 4 Implied SPR rate 
     Model_1_goa_dr_2022.dat 
Equil_Fabc 0.4 
Year 
2020 0.690255 
2021 0.532884 
2022 0.542067 
2023 0.674095 
2024 0.674095 
2025 0.674095 
2026 0.674095 
2027 0.674095 
2028 0.674095 
2029 0.674095 
2030 0.674095 
2031 0.674095 
2032 0.674095 
2033 0.674095 

  Model_1_goa_dr_2022.dat 
EquilAvgAgeF0  12.9802 
EquilAvgAgeFabc  7.76884 
AvgAgeYr2033 10.0011 
Alternative 5 Catch
     Model_1_goa_dr_2022.dat 
Equil_Fabc 4.61738 
Year 
2020 2.55641 
2021 4.78223 
2022 4.38644 
2023  NA 
2024  NA 
2025  NA 
2026  NA 
2027  NA 
2028  NA 
2029  NA 
2030  NA 
2031  NA 
2032  NA 
2033  NA 

Alternative 5 ABCs
     Model_1_goa_dr_2022.dat 

Year 
2020  NA 
2021  NA 
2022  NA 
2023  NA 
2024  NA 
2025  NA 
2026  NA 
2027  NA 
2028  NA 
2029  NA 
2030  NA 
2031  NA 
2032  NA 
2033  NA 

Alternative 5 TACs
     Model_1_goa_dr_2022.dat 

Year 
2020  NA 
2021  NA 
2022  NA 
2023  NA 
2024  NA 
2025  NA 
2026  NA 
2027  NA 
2028  NA 
2029  NA 
2030  NA 
2031  NA 
2032  NA 
2033  NA 

Alternative 5 Sp_Biomass
     Model_1_goa_dr_2022.dat 
Equil_Fabc 26.1983 
Year 
2020 44.9747 
2021 44.4507 
2022 42.5374 
2023 40.7628 
2024 40.4991 
2025 40.1638 
2026 39.9463 
2027 40.0078 
2028 40.4395 
2029 41.2109 
2030 42.2205 
2031 43.366 
2032 44.5672 
2033 45.7764 

Alternative 5 Fishing Mortality
     Model_1_goa_dr_2022.dat 
Equil_Fabc 0.091336 
Year 
2020 0.0282297 
2021 0.054277 
2022 0.0523629 
2023  NA 
2024  NA 
2025  NA 
2026  NA 
2027  NA 
2028  NA 
2029  NA 
2030  NA 
2031  NA 
2032  NA 
2033  NA 

Alternative 5 Biomass
     Model_1_goa_dr_2022.dat 

Year 
2020 109.619 
2021 107.047 
2022 102.631 
2023 99.253 
2024 100.789 
2025 102.626 
2026 104.747 
2027 107.112 
2028 109.63 
2029 112.295 
2030 114.931 
2031 117.568 
2032 120.075 
2033 122.508 

Alternative 5 Implied SPR rate 
     Model_1_goa_dr_2022.dat 
Equil_Fabc 0.4 
Year 
2020 0.690255 
2021 0.532884 
2022 0.542067 
2023 1 
2024 1 
2025 1 
2026 1 
2027 1 
2028 1 
2029 1 
2030 1 
2031 1 
2032 1 
2033 1 

  Model_1_goa_dr_2022.dat 
EquilAvgAgeF0  12.9802 
EquilAvgAgeFabc  7.76884 
AvgAgeYr2033 11.0754 
Alternative 6 Catch
     Model_1_goa_dr_2022.dat 
Equil_Fabc 4.61738 
Year 
2020 2.55641 
2021 9.62769 
2022 8.65805 
2023 7.73899 
2024 6.87754 
2025 6.11063 
2026 5.45697 
2027 4.75772 
2028 4.42004 
2029 4.32077 
2030 4.33037 
2031 4.37849 
2032 4.43626 
2033 4.49865 

Alternative 6 ABCs
     Model_1_goa_dr_2022.dat 

Year 
2020 9.77804 
2021 9.62769 
2022 8.65805 
2023 7.73899 
2024 6.87754 
2025 6.11063 
2026 5.45697 
2027 4.75772 
2028 4.42004 
2029 4.32077 
2030 4.33037 
2031 4.37849 
2032 4.43626 
2033 4.49865 

Alternative 6 TACs
     Model_1_goa_dr_2022.dat 

Year 
2020  NA 
2021 9.62769 
2022 8.65805 
2023 7.73899 
2024 6.87754 
2025 6.11063 
2026 5.45697 
2027 4.75772 
2028 4.42004 
2029 4.32077 
2030 4.33037 
2031 4.37849 
2032 4.43626 
2033 4.49865 

Alternative 6 Sp_Biomass
     Model_1_goa_dr_2022.dat 
Equil_Fabc 26.1983 
Year 
2020 44.9747 
2021 44.0406 
2022 39.8982 
2023 35.8824 
2024 32.1709 
2025 28.9403 
2026 26.3548 
2027 24.5409 
2028 23.5468 
2029 23.1331 
2030 23.0556 
2031 23.1434 
2032 23.298 
2033 23.4736 

Alternative 6 Fishing Mortality
     Model_1_goa_dr_2022.dat 
Equil_Fabc 0.091336 
Year 
2020 0.0282297 
2021 0.112293 
2022 0.112293 
2023 0.112293 
2024 0.112293 
2025 0.112293 
2026 0.111459 
2027 0.104403 
2028 0.0998635 
2029 0.0978126 
2030 0.0972211 
2031 0.0973556 
2032 0.0977929 
2033 0.0983597 

Alternative 6 Biomass
     Model_1_goa_dr_2022.dat 

Year 
2020 109.619 
2021 107.047 
2022 97.8102 
2023 90.3979 
2024 84.6732 
2025 80.4824 
2026 77.674 
2027 76.0516 
2028 75.504 
2029 75.6078 
2030 75.9182 
2031 76.3327 
2032 76.6761 
2033 76.9957 

Alternative 6 Implied SPR rate 
     Model_1_goa_dr_2022.dat 
Equil_Fabc 0.4 
Year 
2020 0.690255 
2021 0.35 
2022 0.35 
2023 0.35 
2024 0.35 
2025 0.35 
2026 0.351771 
2027 0.367563 
2028 0.378638 
2029 0.384069 
2030 0.385868 
2031 0.385738 
2032 0.384748 
2033 0.383383 

  Model_1_goa_dr_2022.dat 
EquilAvgAgeF0  12.9802 
EquilAvgAgeFabc  7.76884 
AvgAgeYr2033 7.80267 
Alternative 7 Catch
     Model_1_goa_dr_2022.dat 
Equil_Fabc 4.61738 
Year 
2020 2.55641 
2021 7.90817 
2022 7.25366 
2023 8.04631 
2024 7.14177 
2025 6.336 
2026 5.6863 
2027 5.03251 
2028 4.6279 
2029 4.47683 
2030 4.44847 
2031 4.46798 
2032 4.50385 
2033 4.54956 

Alternative 7 ABCs
     Model_1_goa_dr_2022.dat 

Year 
2020 9.77804 
2021 9.62769 
2022 8.83052 
2023 8.04631 
2024 7.14177 
2025 6.336 
2026 5.6863 
2027 5.03251 
2028 4.6279 
2029 4.47683 
2030 4.44847 
2031 4.46798 
2032 4.50385 
2033 4.54956 

Alternative 7 TACs
     Model_1_goa_dr_2022.dat 

Year 
2020  NA 
2021 9.62769 
2022 8.83052 
2023 8.04631 
2024 7.14177 
2025 6.336 
2026 5.6863 
2027 5.03251 
2028 4.6279 
2029 4.47683 
2030 4.44847 
2031 4.46798 
2032 4.50385 
2033 4.54956 

Alternative 7 Sp_Biomass
     Model_1_goa_dr_2022.dat 
Equil_Fabc 26.1983 
Year 
2020 44.9747 
2021 44.1883 
2022 40.8269 
2023 37.3025 
2024 33.4 
2025 29.9945 
2026 27.2493 
2027 25.2742 
2028 24.1143 
2029 23.572 
2030 23.3945 
2031 23.4041 
2032 23.4976 
2033 23.626 

Alternative 7 Fishing Mortality
     Model_1_goa_dr_2022.dat 
Equil_Fabc 0.091336 
Year 
2020 0.0282297 
2021 0.0913359 
2022 0.0913359 
2023 0.112293 
2024 0.112293 
2025 0.112293 
2026 0.112292 
2027 0.107286 
2028 0.102185 
2029 0.0995725 
2030 0.0985445 
2031 0.0983459 
2032 0.0985283 
2033 0.0989021 

Alternative 7 Biomass
     Model_1_goa_dr_2022.dat 

Year 
2020 109.619 
2021 107.047 
2022 99.5208 
2023 93.4294 
2024 87.2621 
2025 82.6835 
2026 79.5388 
2027 77.5891 
2028 76.6833 
2029 76.5114 
2030 76.6104 
2031 76.8622 
2032 77.0801 
2033 77.3034 

Alternative 7 Implied SPR rate 
     Model_1_goa_dr_2022.dat 
Equil_Fabc 0.4 
Year 
2020 0.690255 
2021 0.4 
2022 0.4 
2023 0.35 
2024 0.35 
2025 0.35 
2026 0.350003 
2027 0.360974 
2028 0.37299 
2029 0.379629 
2030 0.38247 
2031 0.383177 
2032 0.382843 
2033 0.381979 

  Model_1_goa_dr_2022.dat 
EquilAvgAgeF0  12.9802 
EquilAvgAgeFabc  7.76884 
AvgAgeYr2033 7.84149 
