Model_1_goa_dr_2022.dat 1 2020 Cabc 4.61738
Model_1_goa_dr_2022.dat 1 2020 Cofl 4.93664
Model_1_goa_dr_2022.dat 1 2020 CLCI 2.55641
Model_1_goa_dr_2022.dat 1 2020 CUCI 2.55641
Model_1_goa_dr_2022.dat 1 2020 CMedian 2.55641
Model_1_goa_dr_2022.dat 1 2020 CMean 2.55641
Model_1_goa_dr_2022.dat 1 2021 Cabc 4.61738
Model_1_goa_dr_2022.dat 1 2021 Cofl 4.93664
Model_1_goa_dr_2022.dat 1 2021 CLCI 4.78223
Model_1_goa_dr_2022.dat 1 2021 CUCI 4.78223
Model_1_goa_dr_2022.dat 1 2021 CMedian 4.78223
Model_1_goa_dr_2022.dat 1 2021 CMean 4.78223
Model_1_goa_dr_2022.dat 1 2022 Cabc 4.61738
Model_1_goa_dr_2022.dat 1 2022 Cofl 4.93664
Model_1_goa_dr_2022.dat 1 2022 CLCI 4.38644
Model_1_goa_dr_2022.dat 1 2022 CUCI 4.38644
Model_1_goa_dr_2022.dat 1 2022 CMedian 4.38644
Model_1_goa_dr_2022.dat 1 2022 CMean 4.38644
Model_1_goa_dr_2022.dat 1 2023 Cabc 4.61738
Model_1_goa_dr_2022.dat 1 2023 Cofl 4.93664
Model_1_goa_dr_2022.dat 1 2023 CLCI 7.09314
Model_1_goa_dr_2022.dat 1 2023 CUCI 7.09802
Model_1_goa_dr_2022.dat 1 2023 CMedian 7.09453
Model_1_goa_dr_2022.dat 1 2023 CMean 7.09492
Model_1_goa_dr_2022.dat 1 2024 Cabc 4.61738
Model_1_goa_dr_2022.dat 1 2024 Cofl 4.93664
Model_1_goa_dr_2022.dat 1 2024 CLCI 6.4038
Model_1_goa_dr_2022.dat 1 2024 CUCI 6.42289
Model_1_goa_dr_2022.dat 1 2024 CMedian 6.40936
Model_1_goa_dr_2022.dat 1 2024 CMean 6.41085
Model_1_goa_dr_2022.dat 1 2025 Cabc 4.61738
Model_1_goa_dr_2022.dat 1 2025 Cofl 4.93664
Model_1_goa_dr_2022.dat 1 2025 CLCI 5.75828
Model_1_goa_dr_2022.dat 1 2025 CUCI 5.82741
Model_1_goa_dr_2022.dat 1 2025 CMedian 5.7786
Model_1_goa_dr_2022.dat 1 2025 CMean 5.78394
Model_1_goa_dr_2022.dat 1 2026 Cabc 4.61738
Model_1_goa_dr_2022.dat 1 2026 Cofl 4.93664
Model_1_goa_dr_2022.dat 1 2026 CLCI 5.1846
Model_1_goa_dr_2022.dat 1 2026 CUCI 5.39895
Model_1_goa_dr_2022.dat 1 2026 CMedian 5.24892
Model_1_goa_dr_2022.dat 1 2026 CMean 5.266
Model_1_goa_dr_2022.dat 1 2027 Cabc 4.61738
Model_1_goa_dr_2022.dat 1 2027 Cofl 4.93664
Model_1_goa_dr_2022.dat 1 2027 CLCI 4.70284
Model_1_goa_dr_2022.dat 1 2027 CUCI 5.23758
Model_1_goa_dr_2022.dat 1 2027 CMedian 4.87092
Model_1_goa_dr_2022.dat 1 2027 CMean 4.9089
Model_1_goa_dr_2022.dat 1 2028 Cabc 4.61738
Model_1_goa_dr_2022.dat 1 2028 Cofl 4.93664
Model_1_goa_dr_2022.dat 1 2028 CLCI 4.18873
Model_1_goa_dr_2022.dat 1 2028 CUCI 5.30616
Model_1_goa_dr_2022.dat 1 2028 CMedian 4.65608
Model_1_goa_dr_2022.dat 1 2028 CMean 4.6933
Model_1_goa_dr_2022.dat 1 2029 Cabc 4.61738
Model_1_goa_dr_2022.dat 1 2029 Cofl 4.93664
Model_1_goa_dr_2022.dat 1 2029 CLCI 3.73276
Model_1_goa_dr_2022.dat 1 2029 CUCI 5.44418
Model_1_goa_dr_2022.dat 1 2029 CMedian 4.5179
Model_1_goa_dr_2022.dat 1 2029 CMean 4.5317
Model_1_goa_dr_2022.dat 1 2030 Cabc 4.61738
Model_1_goa_dr_2022.dat 1 2030 Cofl 4.93664
Model_1_goa_dr_2022.dat 1 2030 CLCI 3.43626
Model_1_goa_dr_2022.dat 1 2030 CUCI 5.57164
Model_1_goa_dr_2022.dat 1 2030 CMedian 4.42434
Model_1_goa_dr_2022.dat 1 2030 CMean 4.44707
Model_1_goa_dr_2022.dat 1 2031 Cabc 4.61738
Model_1_goa_dr_2022.dat 1 2031 Cofl 4.93664
Model_1_goa_dr_2022.dat 1 2031 CLCI 3.22174
Model_1_goa_dr_2022.dat 1 2031 CUCI 5.69165
Model_1_goa_dr_2022.dat 1 2031 CMedian 4.37327
Model_1_goa_dr_2022.dat 1 2031 CMean 4.41038
Model_1_goa_dr_2022.dat 1 2032 Cabc 4.61738
Model_1_goa_dr_2022.dat 1 2032 Cofl 4.93664
Model_1_goa_dr_2022.dat 1 2032 CLCI 3.12826
Model_1_goa_dr_2022.dat 1 2032 CUCI 5.76006
Model_1_goa_dr_2022.dat 1 2032 CMedian 4.38571
Model_1_goa_dr_2022.dat 1 2032 CMean 4.39932
Model_1_goa_dr_2022.dat 1 2033 Cabc 4.61738
Model_1_goa_dr_2022.dat 1 2033 Cofl 4.93664
Model_1_goa_dr_2022.dat 1 2033 CLCI 3.05897
Model_1_goa_dr_2022.dat 1 2033 CUCI 5.83873
Model_1_goa_dr_2022.dat 1 2033 CMedian 4.38733
Model_1_goa_dr_2022.dat 1 2033 CMean 4.40441
Model_1_goa_dr_2022.dat 1 2020 SSBF100 65.4957
Model_1_goa_dr_2022.dat 1 2020 SSBFabc 26.1983
Model_1_goa_dr_2022.dat 1 2020 SSBFofl 22.9235
Model_1_goa_dr_2022.dat 1 2020 SSBLCI 44.9747
Model_1_goa_dr_2022.dat 1 2020 SSBUCI 44.9747
Model_1_goa_dr_2022.dat 1 2020 SSBMedian 44.9747
Model_1_goa_dr_2022.dat 1 2020 SSBMean 44.9747
Model_1_goa_dr_2022.dat 1 2021 SSBF100 65.4957
Model_1_goa_dr_2022.dat 1 2021 SSBFabc 26.1983
Model_1_goa_dr_2022.dat 1 2021 SSBFofl 22.9235
Model_1_goa_dr_2022.dat 1 2021 SSBLCI 44.4413
Model_1_goa_dr_2022.dat 1 2021 SSBUCI 44.4681
Model_1_goa_dr_2022.dat 1 2021 SSBMedian 44.4482
Model_1_goa_dr_2022.dat 1 2021 SSBMean 44.4507
Model_1_goa_dr_2022.dat 1 2022 SSBF100 65.4957
Model_1_goa_dr_2022.dat 1 2022 SSBFabc 26.1983
Model_1_goa_dr_2022.dat 1 2022 SSBFofl 22.9235
Model_1_goa_dr_2022.dat 1 2022 SSBLCI 42.5048
Model_1_goa_dr_2022.dat 1 2022 SSBUCI 42.591
Model_1_goa_dr_2022.dat 1 2022 SSBMedian 42.5306
Model_1_goa_dr_2022.dat 1 2022 SSBMean 42.5374
Model_1_goa_dr_2022.dat 1 2023 SSBF100 65.4957
Model_1_goa_dr_2022.dat 1 2023 SSBFabc 26.1983
Model_1_goa_dr_2022.dat 1 2023 SSBFofl 22.9235
Model_1_goa_dr_2022.dat 1 2023 SSBLCI 40.0786
Model_1_goa_dr_2022.dat 1 2023 SSBUCI 40.3088
Model_1_goa_dr_2022.dat 1 2023 SSBMedian 40.1486
Model_1_goa_dr_2022.dat 1 2023 SSBMean 40.1672
Model_1_goa_dr_2022.dat 1 2024 SSBF100 65.4957
Model_1_goa_dr_2022.dat 1 2024 SSBFabc 26.1983
Model_1_goa_dr_2022.dat 1 2024 SSBFofl 22.9235
Model_1_goa_dr_2022.dat 1 2024 SSBLCI 36.3911
Model_1_goa_dr_2022.dat 1 2024 SSBUCI 36.9262
Model_1_goa_dr_2022.dat 1 2024 SSBMedian 36.5616
Model_1_goa_dr_2022.dat 1 2024 SSBMean 36.6003
Model_1_goa_dr_2022.dat 1 2025 SSBF100 65.4957
Model_1_goa_dr_2022.dat 1 2025 SSBFabc 26.1983
Model_1_goa_dr_2022.dat 1 2025 SSBFofl 22.9235
Model_1_goa_dr_2022.dat 1 2025 SSBLCI 32.9506
Model_1_goa_dr_2022.dat 1 2025 SSBUCI 34.082
Model_1_goa_dr_2022.dat 1 2025 SSBMedian 33.3272
Model_1_goa_dr_2022.dat 1 2025 SSBMean 33.3961
Model_1_goa_dr_2022.dat 1 2026 SSBF100 65.4957
Model_1_goa_dr_2022.dat 1 2026 SSBFabc 26.1983
Model_1_goa_dr_2022.dat 1 2026 SSBFofl 22.9235
Model_1_goa_dr_2022.dat 1 2026 SSBLCI 29.8897
Model_1_goa_dr_2022.dat 1 2026 SSBUCI 32.0264
Model_1_goa_dr_2022.dat 1 2026 SSBMedian 30.6033
Model_1_goa_dr_2022.dat 1 2026 SSBMean 30.7439
Model_1_goa_dr_2022.dat 1 2027 SSBF100 65.4957
Model_1_goa_dr_2022.dat 1 2027 SSBFabc 26.1983
Model_1_goa_dr_2022.dat 1 2027 SSBFofl 22.9235
Model_1_goa_dr_2022.dat 1 2027 SSBLCI 27.3177
Model_1_goa_dr_2022.dat 1 2027 SSBUCI 30.952
Model_1_goa_dr_2022.dat 1 2027 SSBMedian 28.5375
Model_1_goa_dr_2022.dat 1 2027 SSBMean 28.763
Model_1_goa_dr_2022.dat 1 2028 SSBF100 65.4957
Model_1_goa_dr_2022.dat 1 2028 SSBFabc 26.1983
Model_1_goa_dr_2022.dat 1 2028 SSBFofl 22.9235
Model_1_goa_dr_2022.dat 1 2028 SSBLCI 25.2921
Model_1_goa_dr_2022.dat 1 2028 SSBUCI 30.5824
Model_1_goa_dr_2022.dat 1 2028 SSBMedian 27.0778
Model_1_goa_dr_2022.dat 1 2028 SSBMean 27.4561
Model_1_goa_dr_2022.dat 1 2029 SSBF100 65.4957
Model_1_goa_dr_2022.dat 1 2029 SSBFabc 26.1983
Model_1_goa_dr_2022.dat 1 2029 SSBFofl 22.9235
Model_1_goa_dr_2022.dat 1 2029 SSBLCI 23.8751
Model_1_goa_dr_2022.dat 1 2029 SSBUCI 30.8729
Model_1_goa_dr_2022.dat 1 2029 SSBMedian 26.257
Model_1_goa_dr_2022.dat 1 2029 SSBMean 26.6993
Model_1_goa_dr_2022.dat 1 2030 SSBF100 65.4957
Model_1_goa_dr_2022.dat 1 2030 SSBFabc 26.1983
Model_1_goa_dr_2022.dat 1 2030 SSBFofl 22.9235
Model_1_goa_dr_2022.dat 1 2030 SSBLCI 22.8764
Model_1_goa_dr_2022.dat 1 2030 SSBUCI 31.3596
Model_1_goa_dr_2022.dat 1 2030 SSBMedian 25.7753
Model_1_goa_dr_2022.dat 1 2030 SSBMean 26.3268
Model_1_goa_dr_2022.dat 1 2031 SSBF100 65.4957
Model_1_goa_dr_2022.dat 1 2031 SSBFabc 26.1983
Model_1_goa_dr_2022.dat 1 2031 SSBFofl 22.9235
Model_1_goa_dr_2022.dat 1 2031 SSBLCI 22.162
Model_1_goa_dr_2022.dat 1 2031 SSBUCI 31.8941
Model_1_goa_dr_2022.dat 1 2031 SSBMedian 25.5977
Model_1_goa_dr_2022.dat 1 2031 SSBMean 26.1797
Model_1_goa_dr_2022.dat 1 2032 SSBF100 65.4957
Model_1_goa_dr_2022.dat 1 2032 SSBFabc 26.1983
Model_1_goa_dr_2022.dat 1 2032 SSBFofl 22.9235
Model_1_goa_dr_2022.dat 1 2032 SSBLCI 21.818
Model_1_goa_dr_2022.dat 1 2032 SSBUCI 32.2879
Model_1_goa_dr_2022.dat 1 2032 SSBMedian 25.5663
Model_1_goa_dr_2022.dat 1 2032 SSBMean 26.153
Model_1_goa_dr_2022.dat 1 2033 SSBF100 65.4957
Model_1_goa_dr_2022.dat 1 2033 SSBFabc 26.1983
Model_1_goa_dr_2022.dat 1 2033 SSBFofl 22.9235
Model_1_goa_dr_2022.dat 1 2033 SSBLCI 21.6042
Model_1_goa_dr_2022.dat 1 2033 SSBUCI 32.5639
Model_1_goa_dr_2022.dat 1 2033 SSBMedian 25.6266
Model_1_goa_dr_2022.dat 1 2033 SSBMean 26.1914
Model_1_goa_dr_2022.dat 1 2020 F0 0 
Model_1_goa_dr_2022.dat 1 2020 Fabc 0.091336
Model_1_goa_dr_2022.dat 1 2020 Fofl 0.112293
Model_1_goa_dr_2022.dat 1 2020  F_LCI 0.0282297
Model_1_goa_dr_2022.dat 1 2020  F_UCI 0.0282297
Model_1_goa_dr_2022.dat 1 2020  F_Median 0.0282297
Model_1_goa_dr_2022.dat 1 2020  F_Mean 0.0282297
Model_1_goa_dr_2022.dat 1 2021 F0 0 
Model_1_goa_dr_2022.dat 1 2021 Fabc 0.091336
Model_1_goa_dr_2022.dat 1 2021 Fofl 0.112293
Model_1_goa_dr_2022.dat 1 2021  F_LCI 0.0542761
Model_1_goa_dr_2022.dat 1 2021  F_UCI 0.0542775
Model_1_goa_dr_2022.dat 1 2021  F_Median 0.0542771
Model_1_goa_dr_2022.dat 1 2021  F_Mean 0.054277
Model_1_goa_dr_2022.dat 1 2022 F0 0 
Model_1_goa_dr_2022.dat 1 2022 Fabc 0.091336
Model_1_goa_dr_2022.dat 1 2022 Fofl 0.112293
Model_1_goa_dr_2022.dat 1 2022  F_LCI 0.052358
Model_1_goa_dr_2022.dat 1 2022  F_UCI 0.0523656
Model_1_goa_dr_2022.dat 1 2022  F_Median 0.0523635
Model_1_goa_dr_2022.dat 1 2022  F_Mean 0.0523629
Model_1_goa_dr_2022.dat 1 2023 F0 0 
Model_1_goa_dr_2022.dat 1 2023 Fabc 0.091336
Model_1_goa_dr_2022.dat 1 2023 Fofl 0.112293
Model_1_goa_dr_2022.dat 1 2023  F_LCI 0.091336
Model_1_goa_dr_2022.dat 1 2023  F_UCI 0.091336
Model_1_goa_dr_2022.dat 1 2023  F_Median 0.091336
Model_1_goa_dr_2022.dat 1 2023  F_Mean 0.091336
Model_1_goa_dr_2022.dat 1 2024 F0 0 
Model_1_goa_dr_2022.dat 1 2024 Fabc 0.091336
Model_1_goa_dr_2022.dat 1 2024 Fofl 0.112293
Model_1_goa_dr_2022.dat 1 2024  F_LCI 0.091336
Model_1_goa_dr_2022.dat 1 2024  F_UCI 0.091336
Model_1_goa_dr_2022.dat 1 2024  F_Median 0.091336
Model_1_goa_dr_2022.dat 1 2024  F_Mean 0.091336
Model_1_goa_dr_2022.dat 1 2025 F0 0 
Model_1_goa_dr_2022.dat 1 2025 Fabc 0.091336
Model_1_goa_dr_2022.dat 1 2025 Fofl 0.112293
Model_1_goa_dr_2022.dat 1 2025  F_LCI 0.091336
Model_1_goa_dr_2022.dat 1 2025  F_UCI 0.091336
Model_1_goa_dr_2022.dat 1 2025  F_Median 0.091336
Model_1_goa_dr_2022.dat 1 2025  F_Mean 0.091336
Model_1_goa_dr_2022.dat 1 2026 F0 0 
Model_1_goa_dr_2022.dat 1 2026 Fabc 0.091336
Model_1_goa_dr_2022.dat 1 2026 Fofl 0.112293
Model_1_goa_dr_2022.dat 1 2026  F_LCI 0.091336
Model_1_goa_dr_2022.dat 1 2026  F_UCI 0.091336
Model_1_goa_dr_2022.dat 1 2026  F_Median 0.091336
Model_1_goa_dr_2022.dat 1 2026  F_Mean 0.091336
Model_1_goa_dr_2022.dat 1 2027 F0 0 
Model_1_goa_dr_2022.dat 1 2027 Fabc 0.091336
Model_1_goa_dr_2022.dat 1 2027 Fofl 0.112293
Model_1_goa_dr_2022.dat 1 2027  F_LCI 0.091336
Model_1_goa_dr_2022.dat 1 2027  F_UCI 0.091336
Model_1_goa_dr_2022.dat 1 2027  F_Median 0.091336
Model_1_goa_dr_2022.dat 1 2027  F_Mean 0.091336
Model_1_goa_dr_2022.dat 1 2028 F0 0 
Model_1_goa_dr_2022.dat 1 2028 Fabc 0.091336
Model_1_goa_dr_2022.dat 1 2028 Fofl 0.112293
Model_1_goa_dr_2022.dat 1 2028  F_LCI 0.0880104
Model_1_goa_dr_2022.dat 1 2028  F_UCI 0.091336
Model_1_goa_dr_2022.dat 1 2028  F_Median 0.091336
Model_1_goa_dr_2022.dat 1 2028  F_Mean 0.0908088
Model_1_goa_dr_2022.dat 1 2029 F0 0 
Model_1_goa_dr_2022.dat 1 2029 Fabc 0.091336
Model_1_goa_dr_2022.dat 1 2029 Fofl 0.112293
Model_1_goa_dr_2022.dat 1 2029  F_LCI 0.0828101
Model_1_goa_dr_2022.dat 1 2029  F_UCI 0.091336
Model_1_goa_dr_2022.dat 1 2029  F_Median 0.091336
Model_1_goa_dr_2022.dat 1 2029  F_Mean 0.0890232
Model_1_goa_dr_2022.dat 1 2030 F0 0 
Model_1_goa_dr_2022.dat 1 2030 Fabc 0.091336
Model_1_goa_dr_2022.dat 1 2030 Fofl 0.112293
Model_1_goa_dr_2022.dat 1 2030  F_LCI 0.0791453
Model_1_goa_dr_2022.dat 1 2030  F_UCI 0.091336
Model_1_goa_dr_2022.dat 1 2030  F_Median 0.0897838
Model_1_goa_dr_2022.dat 1 2030  F_Mean 0.087682
Model_1_goa_dr_2022.dat 1 2031 F0 0 
Model_1_goa_dr_2022.dat 1 2031 Fabc 0.091336
Model_1_goa_dr_2022.dat 1 2031 Fofl 0.112293
Model_1_goa_dr_2022.dat 1 2031  F_LCI 0.0765236
Model_1_goa_dr_2022.dat 1 2031  F_UCI 0.091336
Model_1_goa_dr_2022.dat 1 2031  F_Median 0.0891319
Model_1_goa_dr_2022.dat 1 2031  F_Mean 0.0869411
Model_1_goa_dr_2022.dat 1 2032 F0 0 
Model_1_goa_dr_2022.dat 1 2032 Fabc 0.091336
Model_1_goa_dr_2022.dat 1 2032 Fofl 0.112293
Model_1_goa_dr_2022.dat 1 2032  F_LCI 0.0752612
Model_1_goa_dr_2022.dat 1 2032  F_UCI 0.091336
Model_1_goa_dr_2022.dat 1 2032  F_Median 0.0890167
Model_1_goa_dr_2022.dat 1 2032  F_Mean 0.0865955
Model_1_goa_dr_2022.dat 1 2033 F0 0 
Model_1_goa_dr_2022.dat 1 2033 Fabc 0.091336
Model_1_goa_dr_2022.dat 1 2033 Fofl 0.112293
Model_1_goa_dr_2022.dat 1 2033  F_LCI 0.0744763
Model_1_goa_dr_2022.dat 1 2033  F_UCI 0.091336
Model_1_goa_dr_2022.dat 1 2033  F_Median 0.0892379
Model_1_goa_dr_2022.dat 1 2033  F_Mean 0.0864604
Model_1_goa_dr_2022.dat 2 2020 Cabc 4.61738
Model_1_goa_dr_2022.dat 2 2020 Cofl 4.93664
Model_1_goa_dr_2022.dat 2 2020 CLCI 2.55641
Model_1_goa_dr_2022.dat 2 2020 CUCI 2.55641
Model_1_goa_dr_2022.dat 2 2020 CMedian 2.55641
Model_1_goa_dr_2022.dat 2 2020 CMean 2.55641
Model_1_goa_dr_2022.dat 2 2021 Cabc 4.61738
Model_1_goa_dr_2022.dat 2 2021 Cofl 4.93664
Model_1_goa_dr_2022.dat 2 2021 CLCI 4.78223
Model_1_goa_dr_2022.dat 2 2021 CUCI 4.78223
Model_1_goa_dr_2022.dat 2 2021 CMedian 4.78223
Model_1_goa_dr_2022.dat 2 2021 CMean 4.78223
Model_1_goa_dr_2022.dat 2 2022 Cabc 4.61738
Model_1_goa_dr_2022.dat 2 2022 Cofl 4.93664
Model_1_goa_dr_2022.dat 2 2022 CLCI 4.38644
Model_1_goa_dr_2022.dat 2 2022 CUCI 4.38644
Model_1_goa_dr_2022.dat 2 2022 CMedian 4.38644
Model_1_goa_dr_2022.dat 2 2022 CMean 4.38644
Model_1_goa_dr_2022.dat 2 2023 Cabc 4.61738
Model_1_goa_dr_2022.dat 2 2023 Cofl 4.93664
Model_1_goa_dr_2022.dat 2 2023 CLCI 7.09314
Model_1_goa_dr_2022.dat 2 2023 CUCI 7.09802
Model_1_goa_dr_2022.dat 2 2023 CMedian 7.09453
Model_1_goa_dr_2022.dat 2 2023 CMean 7.09492
Model_1_goa_dr_2022.dat 2 2024 Cabc 4.61738
Model_1_goa_dr_2022.dat 2 2024 Cofl 4.93664
Model_1_goa_dr_2022.dat 2 2024 CLCI 6.4038
Model_1_goa_dr_2022.dat 2 2024 CUCI 6.42289
Model_1_goa_dr_2022.dat 2 2024 CMedian 6.40936
Model_1_goa_dr_2022.dat 2 2024 CMean 6.41085
Model_1_goa_dr_2022.dat 2 2025 Cabc 4.61738
Model_1_goa_dr_2022.dat 2 2025 Cofl 4.93664
Model_1_goa_dr_2022.dat 2 2025 CLCI 5.75828
Model_1_goa_dr_2022.dat 2 2025 CUCI 5.82741
Model_1_goa_dr_2022.dat 2 2025 CMedian 5.7786
Model_1_goa_dr_2022.dat 2 2025 CMean 5.78394
Model_1_goa_dr_2022.dat 2 2026 Cabc 4.61738
Model_1_goa_dr_2022.dat 2 2026 Cofl 4.93664
Model_1_goa_dr_2022.dat 2 2026 CLCI 5.1846
Model_1_goa_dr_2022.dat 2 2026 CUCI 5.39895
Model_1_goa_dr_2022.dat 2 2026 CMedian 5.24892
Model_1_goa_dr_2022.dat 2 2026 CMean 5.266
Model_1_goa_dr_2022.dat 2 2027 Cabc 4.61738
Model_1_goa_dr_2022.dat 2 2027 Cofl 4.93664
Model_1_goa_dr_2022.dat 2 2027 CLCI 4.70284
Model_1_goa_dr_2022.dat 2 2027 CUCI 5.23758
Model_1_goa_dr_2022.dat 2 2027 CMedian 4.87092
Model_1_goa_dr_2022.dat 2 2027 CMean 4.9089
Model_1_goa_dr_2022.dat 2 2028 Cabc 4.61738
Model_1_goa_dr_2022.dat 2 2028 Cofl 4.93664
Model_1_goa_dr_2022.dat 2 2028 CLCI 4.18873
Model_1_goa_dr_2022.dat 2 2028 CUCI 5.30616
Model_1_goa_dr_2022.dat 2 2028 CMedian 4.65608
Model_1_goa_dr_2022.dat 2 2028 CMean 4.6933
Model_1_goa_dr_2022.dat 2 2029 Cabc 4.61738
Model_1_goa_dr_2022.dat 2 2029 Cofl 4.93664
Model_1_goa_dr_2022.dat 2 2029 CLCI 3.73276
Model_1_goa_dr_2022.dat 2 2029 CUCI 5.44418
Model_1_goa_dr_2022.dat 2 2029 CMedian 4.5179
Model_1_goa_dr_2022.dat 2 2029 CMean 4.5317
Model_1_goa_dr_2022.dat 2 2030 Cabc 4.61738
Model_1_goa_dr_2022.dat 2 2030 Cofl 4.93664
Model_1_goa_dr_2022.dat 2 2030 CLCI 3.43626
Model_1_goa_dr_2022.dat 2 2030 CUCI 5.57164
Model_1_goa_dr_2022.dat 2 2030 CMedian 4.42434
Model_1_goa_dr_2022.dat 2 2030 CMean 4.44707
Model_1_goa_dr_2022.dat 2 2031 Cabc 4.61738
Model_1_goa_dr_2022.dat 2 2031 Cofl 4.93664
Model_1_goa_dr_2022.dat 2 2031 CLCI 3.22174
Model_1_goa_dr_2022.dat 2 2031 CUCI 5.69165
Model_1_goa_dr_2022.dat 2 2031 CMedian 4.37327
Model_1_goa_dr_2022.dat 2 2031 CMean 4.41038
Model_1_goa_dr_2022.dat 2 2032 Cabc 4.61738
Model_1_goa_dr_2022.dat 2 2032 Cofl 4.93664
Model_1_goa_dr_2022.dat 2 2032 CLCI 3.12826
Model_1_goa_dr_2022.dat 2 2032 CUCI 5.76006
Model_1_goa_dr_2022.dat 2 2032 CMedian 4.38571
Model_1_goa_dr_2022.dat 2 2032 CMean 4.39932
Model_1_goa_dr_2022.dat 2 2033 Cabc 4.61738
Model_1_goa_dr_2022.dat 2 2033 Cofl 4.93664
Model_1_goa_dr_2022.dat 2 2033 CLCI 3.05897
Model_1_goa_dr_2022.dat 2 2033 CUCI 5.83873
Model_1_goa_dr_2022.dat 2 2033 CMedian 4.38733
Model_1_goa_dr_2022.dat 2 2033 CMean 4.40441
Model_1_goa_dr_2022.dat 2 2020 SSBF100 65.4957
Model_1_goa_dr_2022.dat 2 2020 SSBFabc 26.1983
Model_1_goa_dr_2022.dat 2 2020 SSBFofl 22.9235
Model_1_goa_dr_2022.dat 2 2020 SSBLCI 44.9747
Model_1_goa_dr_2022.dat 2 2020 SSBUCI 44.9747
Model_1_goa_dr_2022.dat 2 2020 SSBMedian 44.9747
Model_1_goa_dr_2022.dat 2 2020 SSBMean 44.9747
Model_1_goa_dr_2022.dat 2 2021 SSBF100 65.4957
Model_1_goa_dr_2022.dat 2 2021 SSBFabc 26.1983
Model_1_goa_dr_2022.dat 2 2021 SSBFofl 22.9235
Model_1_goa_dr_2022.dat 2 2021 SSBLCI 44.4413
Model_1_goa_dr_2022.dat 2 2021 SSBUCI 44.4681
Model_1_goa_dr_2022.dat 2 2021 SSBMedian 44.4482
Model_1_goa_dr_2022.dat 2 2021 SSBMean 44.4507
Model_1_goa_dr_2022.dat 2 2022 SSBF100 65.4957
Model_1_goa_dr_2022.dat 2 2022 SSBFabc 26.1983
Model_1_goa_dr_2022.dat 2 2022 SSBFofl 22.9235
Model_1_goa_dr_2022.dat 2 2022 SSBLCI 42.5048
Model_1_goa_dr_2022.dat 2 2022 SSBUCI 42.591
Model_1_goa_dr_2022.dat 2 2022 SSBMedian 42.5306
Model_1_goa_dr_2022.dat 2 2022 SSBMean 42.5374
Model_1_goa_dr_2022.dat 2 2023 SSBF100 65.4957
Model_1_goa_dr_2022.dat 2 2023 SSBFabc 26.1983
Model_1_goa_dr_2022.dat 2 2023 SSBFofl 22.9235
Model_1_goa_dr_2022.dat 2 2023 SSBLCI 40.0786
Model_1_goa_dr_2022.dat 2 2023 SSBUCI 40.3088
Model_1_goa_dr_2022.dat 2 2023 SSBMedian 40.1486
Model_1_goa_dr_2022.dat 2 2023 SSBMean 40.1672
Model_1_goa_dr_2022.dat 2 2024 SSBF100 65.4957
Model_1_goa_dr_2022.dat 2 2024 SSBFabc 26.1983
Model_1_goa_dr_2022.dat 2 2024 SSBFofl 22.9235
Model_1_goa_dr_2022.dat 2 2024 SSBLCI 36.3911
Model_1_goa_dr_2022.dat 2 2024 SSBUCI 36.9262
Model_1_goa_dr_2022.dat 2 2024 SSBMedian 36.5616
Model_1_goa_dr_2022.dat 2 2024 SSBMean 36.6003
Model_1_goa_dr_2022.dat 2 2025 SSBF100 65.4957
Model_1_goa_dr_2022.dat 2 2025 SSBFabc 26.1983
Model_1_goa_dr_2022.dat 2 2025 SSBFofl 22.9235
Model_1_goa_dr_2022.dat 2 2025 SSBLCI 32.9506
Model_1_goa_dr_2022.dat 2 2025 SSBUCI 34.082
Model_1_goa_dr_2022.dat 2 2025 SSBMedian 33.3272
Model_1_goa_dr_2022.dat 2 2025 SSBMean 33.3961
Model_1_goa_dr_2022.dat 2 2026 SSBF100 65.4957
Model_1_goa_dr_2022.dat 2 2026 SSBFabc 26.1983
Model_1_goa_dr_2022.dat 2 2026 SSBFofl 22.9235
Model_1_goa_dr_2022.dat 2 2026 SSBLCI 29.8897
Model_1_goa_dr_2022.dat 2 2026 SSBUCI 32.0264
Model_1_goa_dr_2022.dat 2 2026 SSBMedian 30.6033
Model_1_goa_dr_2022.dat 2 2026 SSBMean 30.7439
Model_1_goa_dr_2022.dat 2 2027 SSBF100 65.4957
Model_1_goa_dr_2022.dat 2 2027 SSBFabc 26.1983
Model_1_goa_dr_2022.dat 2 2027 SSBFofl 22.9235
Model_1_goa_dr_2022.dat 2 2027 SSBLCI 27.3177
Model_1_goa_dr_2022.dat 2 2027 SSBUCI 30.952
Model_1_goa_dr_2022.dat 2 2027 SSBMedian 28.5375
Model_1_goa_dr_2022.dat 2 2027 SSBMean 28.763
Model_1_goa_dr_2022.dat 2 2028 SSBF100 65.4957
Model_1_goa_dr_2022.dat 2 2028 SSBFabc 26.1983
Model_1_goa_dr_2022.dat 2 2028 SSBFofl 22.9235
Model_1_goa_dr_2022.dat 2 2028 SSBLCI 25.2921
Model_1_goa_dr_2022.dat 2 2028 SSBUCI 30.5824
Model_1_goa_dr_2022.dat 2 2028 SSBMedian 27.0778
Model_1_goa_dr_2022.dat 2 2028 SSBMean 27.4561
Model_1_goa_dr_2022.dat 2 2029 SSBF100 65.4957
Model_1_goa_dr_2022.dat 2 2029 SSBFabc 26.1983
Model_1_goa_dr_2022.dat 2 2029 SSBFofl 22.9235
Model_1_goa_dr_2022.dat 2 2029 SSBLCI 23.8751
Model_1_goa_dr_2022.dat 2 2029 SSBUCI 30.8729
Model_1_goa_dr_2022.dat 2 2029 SSBMedian 26.257
Model_1_goa_dr_2022.dat 2 2029 SSBMean 26.6993
Model_1_goa_dr_2022.dat 2 2030 SSBF100 65.4957
Model_1_goa_dr_2022.dat 2 2030 SSBFabc 26.1983
Model_1_goa_dr_2022.dat 2 2030 SSBFofl 22.9235
Model_1_goa_dr_2022.dat 2 2030 SSBLCI 22.8764
Model_1_goa_dr_2022.dat 2 2030 SSBUCI 31.3596
Model_1_goa_dr_2022.dat 2 2030 SSBMedian 25.7753
Model_1_goa_dr_2022.dat 2 2030 SSBMean 26.3268
Model_1_goa_dr_2022.dat 2 2031 SSBF100 65.4957
Model_1_goa_dr_2022.dat 2 2031 SSBFabc 26.1983
Model_1_goa_dr_2022.dat 2 2031 SSBFofl 22.9235
Model_1_goa_dr_2022.dat 2 2031 SSBLCI 22.162
Model_1_goa_dr_2022.dat 2 2031 SSBUCI 31.8941
Model_1_goa_dr_2022.dat 2 2031 SSBMedian 25.5977
Model_1_goa_dr_2022.dat 2 2031 SSBMean 26.1797
Model_1_goa_dr_2022.dat 2 2032 SSBF100 65.4957
Model_1_goa_dr_2022.dat 2 2032 SSBFabc 26.1983
Model_1_goa_dr_2022.dat 2 2032 SSBFofl 22.9235
Model_1_goa_dr_2022.dat 2 2032 SSBLCI 21.818
Model_1_goa_dr_2022.dat 2 2032 SSBUCI 32.2879
Model_1_goa_dr_2022.dat 2 2032 SSBMedian 25.5663
Model_1_goa_dr_2022.dat 2 2032 SSBMean 26.153
Model_1_goa_dr_2022.dat 2 2033 SSBF100 65.4957
Model_1_goa_dr_2022.dat 2 2033 SSBFabc 26.1983
Model_1_goa_dr_2022.dat 2 2033 SSBFofl 22.9235
Model_1_goa_dr_2022.dat 2 2033 SSBLCI 21.6042
Model_1_goa_dr_2022.dat 2 2033 SSBUCI 32.5639
Model_1_goa_dr_2022.dat 2 2033 SSBMedian 25.6266
Model_1_goa_dr_2022.dat 2 2033 SSBMean 26.1914
Model_1_goa_dr_2022.dat 2 2020 F0 0 
Model_1_goa_dr_2022.dat 2 2020 Fabc 0.091336
Model_1_goa_dr_2022.dat 2 2020 Fofl 0.112293
Model_1_goa_dr_2022.dat 2 2020  F_LCI 0.0282297
Model_1_goa_dr_2022.dat 2 2020  F_UCI 0.0282297
Model_1_goa_dr_2022.dat 2 2020  F_Median 0.0282297
Model_1_goa_dr_2022.dat 2 2020  F_Mean 0.0282297
Model_1_goa_dr_2022.dat 2 2021 F0 0 
Model_1_goa_dr_2022.dat 2 2021 Fabc 0.091336
Model_1_goa_dr_2022.dat 2 2021 Fofl 0.112293
Model_1_goa_dr_2022.dat 2 2021  F_LCI 0.0542761
Model_1_goa_dr_2022.dat 2 2021  F_UCI 0.0542775
Model_1_goa_dr_2022.dat 2 2021  F_Median 0.0542771
Model_1_goa_dr_2022.dat 2 2021  F_Mean 0.054277
Model_1_goa_dr_2022.dat 2 2022 F0 0 
Model_1_goa_dr_2022.dat 2 2022 Fabc 0.091336
Model_1_goa_dr_2022.dat 2 2022 Fofl 0.112293
Model_1_goa_dr_2022.dat 2 2022  F_LCI 0.052358
Model_1_goa_dr_2022.dat 2 2022  F_UCI 0.0523656
Model_1_goa_dr_2022.dat 2 2022  F_Median 0.0523635
Model_1_goa_dr_2022.dat 2 2022  F_Mean 0.0523629
Model_1_goa_dr_2022.dat 2 2023 F0 0 
Model_1_goa_dr_2022.dat 2 2023 Fabc 0.091336
Model_1_goa_dr_2022.dat 2 2023 Fofl 0.112293
Model_1_goa_dr_2022.dat 2 2023  F_LCI 0.091336
Model_1_goa_dr_2022.dat 2 2023  F_UCI 0.091336
Model_1_goa_dr_2022.dat 2 2023  F_Median 0.091336
Model_1_goa_dr_2022.dat 2 2023  F_Mean 0.091336
Model_1_goa_dr_2022.dat 2 2024 F0 0 
Model_1_goa_dr_2022.dat 2 2024 Fabc 0.091336
Model_1_goa_dr_2022.dat 2 2024 Fofl 0.112293
Model_1_goa_dr_2022.dat 2 2024  F_LCI 0.091336
Model_1_goa_dr_2022.dat 2 2024  F_UCI 0.091336
Model_1_goa_dr_2022.dat 2 2024  F_Median 0.091336
Model_1_goa_dr_2022.dat 2 2024  F_Mean 0.091336
Model_1_goa_dr_2022.dat 2 2025 F0 0 
Model_1_goa_dr_2022.dat 2 2025 Fabc 0.091336
Model_1_goa_dr_2022.dat 2 2025 Fofl 0.112293
Model_1_goa_dr_2022.dat 2 2025  F_LCI 0.091336
Model_1_goa_dr_2022.dat 2 2025  F_UCI 0.091336
Model_1_goa_dr_2022.dat 2 2025  F_Median 0.091336
Model_1_goa_dr_2022.dat 2 2025  F_Mean 0.091336
Model_1_goa_dr_2022.dat 2 2026 F0 0 
Model_1_goa_dr_2022.dat 2 2026 Fabc 0.091336
Model_1_goa_dr_2022.dat 2 2026 Fofl 0.112293
Model_1_goa_dr_2022.dat 2 2026  F_LCI 0.091336
Model_1_goa_dr_2022.dat 2 2026  F_UCI 0.091336
Model_1_goa_dr_2022.dat 2 2026  F_Median 0.091336
Model_1_goa_dr_2022.dat 2 2026  F_Mean 0.091336
Model_1_goa_dr_2022.dat 2 2027 F0 0 
Model_1_goa_dr_2022.dat 2 2027 Fabc 0.091336
Model_1_goa_dr_2022.dat 2 2027 Fofl 0.112293
Model_1_goa_dr_2022.dat 2 2027  F_LCI 0.091336
Model_1_goa_dr_2022.dat 2 2027  F_UCI 0.091336
Model_1_goa_dr_2022.dat 2 2027  F_Median 0.091336
Model_1_goa_dr_2022.dat 2 2027  F_Mean 0.091336
Model_1_goa_dr_2022.dat 2 2028 F0 0 
Model_1_goa_dr_2022.dat 2 2028 Fabc 0.091336
Model_1_goa_dr_2022.dat 2 2028 Fofl 0.112293
Model_1_goa_dr_2022.dat 2 2028  F_LCI 0.0880104
Model_1_goa_dr_2022.dat 2 2028  F_UCI 0.091336
Model_1_goa_dr_2022.dat 2 2028  F_Median 0.091336
Model_1_goa_dr_2022.dat 2 2028  F_Mean 0.0908088
Model_1_goa_dr_2022.dat 2 2029 F0 0 
Model_1_goa_dr_2022.dat 2 2029 Fabc 0.091336
Model_1_goa_dr_2022.dat 2 2029 Fofl 0.112293
Model_1_goa_dr_2022.dat 2 2029  F_LCI 0.0828101
Model_1_goa_dr_2022.dat 2 2029  F_UCI 0.091336
Model_1_goa_dr_2022.dat 2 2029  F_Median 0.091336
Model_1_goa_dr_2022.dat 2 2029  F_Mean 0.0890232
Model_1_goa_dr_2022.dat 2 2030 F0 0 
Model_1_goa_dr_2022.dat 2 2030 Fabc 0.091336
Model_1_goa_dr_2022.dat 2 2030 Fofl 0.112293
Model_1_goa_dr_2022.dat 2 2030  F_LCI 0.0791453
Model_1_goa_dr_2022.dat 2 2030  F_UCI 0.091336
Model_1_goa_dr_2022.dat 2 2030  F_Median 0.0897838
Model_1_goa_dr_2022.dat 2 2030  F_Mean 0.087682
Model_1_goa_dr_2022.dat 2 2031 F0 0 
Model_1_goa_dr_2022.dat 2 2031 Fabc 0.091336
Model_1_goa_dr_2022.dat 2 2031 Fofl 0.112293
Model_1_goa_dr_2022.dat 2 2031  F_LCI 0.0765236
Model_1_goa_dr_2022.dat 2 2031  F_UCI 0.091336
Model_1_goa_dr_2022.dat 2 2031  F_Median 0.0891319
Model_1_goa_dr_2022.dat 2 2031  F_Mean 0.0869411
Model_1_goa_dr_2022.dat 2 2032 F0 0 
Model_1_goa_dr_2022.dat 2 2032 Fabc 0.091336
Model_1_goa_dr_2022.dat 2 2032 Fofl 0.112293
Model_1_goa_dr_2022.dat 2 2032  F_LCI 0.0752612
Model_1_goa_dr_2022.dat 2 2032  F_UCI 0.091336
Model_1_goa_dr_2022.dat 2 2032  F_Median 0.0890167
Model_1_goa_dr_2022.dat 2 2032  F_Mean 0.0865955
Model_1_goa_dr_2022.dat 2 2033 F0 0 
Model_1_goa_dr_2022.dat 2 2033 Fabc 0.091336
Model_1_goa_dr_2022.dat 2 2033 Fofl 0.112293
Model_1_goa_dr_2022.dat 2 2033  F_LCI 0.0744763
Model_1_goa_dr_2022.dat 2 2033  F_UCI 0.091336
Model_1_goa_dr_2022.dat 2 2033  F_Median 0.0892379
Model_1_goa_dr_2022.dat 2 2033  F_Mean 0.0864604
Model_1_goa_dr_2022.dat 3 2020 Cabc 4.61738
Model_1_goa_dr_2022.dat 3 2020 Cofl 4.93664
Model_1_goa_dr_2022.dat 3 2020 CLCI 2.55641
Model_1_goa_dr_2022.dat 3 2020 CUCI 2.55641
Model_1_goa_dr_2022.dat 3 2020 CMedian 2.55641
Model_1_goa_dr_2022.dat 3 2020 CMean 2.55641
Model_1_goa_dr_2022.dat 3 2021 Cabc 4.61738
Model_1_goa_dr_2022.dat 3 2021 Cofl 4.93664
Model_1_goa_dr_2022.dat 3 2021 CLCI 4.78223
Model_1_goa_dr_2022.dat 3 2021 CUCI 4.78223
Model_1_goa_dr_2022.dat 3 2021 CMedian 4.78223
Model_1_goa_dr_2022.dat 3 2021 CMean 4.78223
Model_1_goa_dr_2022.dat 3 2022 Cabc 4.61738
Model_1_goa_dr_2022.dat 3 2022 Cofl 4.93664
Model_1_goa_dr_2022.dat 3 2022 CLCI 4.38644
Model_1_goa_dr_2022.dat 3 2022 CUCI 4.38644
Model_1_goa_dr_2022.dat 3 2022 CMedian 4.38644
Model_1_goa_dr_2022.dat 3 2022 CMean 4.38644
Model_1_goa_dr_2022.dat 3 2023 Cabc 4.61738
Model_1_goa_dr_2022.dat 3 2023 Cofl 4.93664
Model_1_goa_dr_2022.dat 3 2023 CLCI 3.62444
Model_1_goa_dr_2022.dat 3 2023 CUCI 3.62688
Model_1_goa_dr_2022.dat 3 2023 CMedian 3.62514
Model_1_goa_dr_2022.dat 3 2023 CMean 3.62533
Model_1_goa_dr_2022.dat 3 2024 Cabc 4.61738
Model_1_goa_dr_2022.dat 3 2024 Cofl 4.93664
Model_1_goa_dr_2022.dat 3 2024 CLCI 3.41857
Model_1_goa_dr_2022.dat 3 2024 CUCI 3.42813
Model_1_goa_dr_2022.dat 3 2024 CMedian 3.42135
Model_1_goa_dr_2022.dat 3 2024 CMean 3.4221
Model_1_goa_dr_2022.dat 3 2025 Cabc 4.61738
Model_1_goa_dr_2022.dat 3 2025 Cofl 4.93664
Model_1_goa_dr_2022.dat 3 2025 CLCI 3.20842
Model_1_goa_dr_2022.dat 3 2025 CUCI 3.24308
Model_1_goa_dr_2022.dat 3 2025 CMedian 3.21861
Model_1_goa_dr_2022.dat 3 2025 CMean 3.22129
Model_1_goa_dr_2022.dat 3 2026 Cabc 4.61738
Model_1_goa_dr_2022.dat 3 2026 Cofl 4.93664
Model_1_goa_dr_2022.dat 3 2026 CLCI 3.0101
Model_1_goa_dr_2022.dat 3 2026 CUCI 3.11811
Model_1_goa_dr_2022.dat 3 2026 CMedian 3.0424
Model_1_goa_dr_2022.dat 3 2026 CMean 3.05108
Model_1_goa_dr_2022.dat 3 2027 Cabc 4.61738
Model_1_goa_dr_2022.dat 3 2027 Cofl 4.93664
Model_1_goa_dr_2022.dat 3 2027 CLCI 2.83675
Model_1_goa_dr_2022.dat 3 2027 CUCI 3.11035
Model_1_goa_dr_2022.dat 3 2027 CMedian 2.92241
Model_1_goa_dr_2022.dat 3 2027 CMean 2.94179
Model_1_goa_dr_2022.dat 3 2028 Cabc 4.61738
Model_1_goa_dr_2022.dat 3 2028 Cofl 4.93664
Model_1_goa_dr_2022.dat 3 2028 CLCI 2.70329
Model_1_goa_dr_2022.dat 3 2028 CUCI 3.20749
Model_1_goa_dr_2022.dat 3 2028 CMedian 2.86964
Model_1_goa_dr_2022.dat 3 2028 CMean 2.90234
Model_1_goa_dr_2022.dat 3 2029 Cabc 4.61738
Model_1_goa_dr_2022.dat 3 2029 Cofl 4.93664
Model_1_goa_dr_2022.dat 3 2029 CLCI 2.61752
Model_1_goa_dr_2022.dat 3 2029 CUCI 3.3339
Model_1_goa_dr_2022.dat 3 2029 CMedian 2.85919
Model_1_goa_dr_2022.dat 3 2029 CMean 2.90851
Model_1_goa_dr_2022.dat 3 2030 Cabc 4.61738
Model_1_goa_dr_2022.dat 3 2030 Cofl 4.93664
Model_1_goa_dr_2022.dat 3 2030 CLCI 2.55799
Model_1_goa_dr_2022.dat 3 2030 CUCI 3.4735
Model_1_goa_dr_2022.dat 3 2030 CMedian 2.87564
Model_1_goa_dr_2022.dat 3 2030 CMean 2.93411
Model_1_goa_dr_2022.dat 3 2031 Cabc 4.61738
Model_1_goa_dr_2022.dat 3 2031 Cofl 4.93664
Model_1_goa_dr_2022.dat 3 2031 CLCI 2.51068
Model_1_goa_dr_2022.dat 3 2031 CUCI 3.58725
Model_1_goa_dr_2022.dat 3 2031 CMedian 2.90884
Model_1_goa_dr_2022.dat 3 2031 CMean 2.9647
Model_1_goa_dr_2022.dat 3 2032 Cabc 4.61738
Model_1_goa_dr_2022.dat 3 2032 Cofl 4.93664
Model_1_goa_dr_2022.dat 3 2032 CLCI 2.47664
Model_1_goa_dr_2022.dat 3 2032 CUCI 3.67243
Model_1_goa_dr_2022.dat 3 2032 CMedian 2.94293
Model_1_goa_dr_2022.dat 3 2032 CMean 2.99541
Model_1_goa_dr_2022.dat 3 2033 Cabc 4.61738
Model_1_goa_dr_2022.dat 3 2033 Cofl 4.93664
Model_1_goa_dr_2022.dat 3 2033 CLCI 2.46009
Model_1_goa_dr_2022.dat 3 2033 CUCI 3.74534
Model_1_goa_dr_2022.dat 3 2033 CMedian 2.97649
Model_1_goa_dr_2022.dat 3 2033 CMean 3.02681
Model_1_goa_dr_2022.dat 3 2020 SSBF100 65.4957
Model_1_goa_dr_2022.dat 3 2020 SSBFabc 26.1983
Model_1_goa_dr_2022.dat 3 2020 SSBFofl 22.9235
Model_1_goa_dr_2022.dat 3 2020 SSBLCI 44.9747
Model_1_goa_dr_2022.dat 3 2020 SSBUCI 44.9747
Model_1_goa_dr_2022.dat 3 2020 SSBMedian 44.9747
Model_1_goa_dr_2022.dat 3 2020 SSBMean 44.9747
Model_1_goa_dr_2022.dat 3 2021 SSBF100 65.4957
Model_1_goa_dr_2022.dat 3 2021 SSBFabc 26.1983
Model_1_goa_dr_2022.dat 3 2021 SSBFofl 22.9235
Model_1_goa_dr_2022.dat 3 2021 SSBLCI 44.4413
Model_1_goa_dr_2022.dat 3 2021 SSBUCI 44.4681
Model_1_goa_dr_2022.dat 3 2021 SSBMedian 44.4482
Model_1_goa_dr_2022.dat 3 2021 SSBMean 44.4507
Model_1_goa_dr_2022.dat 3 2022 SSBF100 65.4957
Model_1_goa_dr_2022.dat 3 2022 SSBFabc 26.1983
Model_1_goa_dr_2022.dat 3 2022 SSBFofl 22.9235
Model_1_goa_dr_2022.dat 3 2022 SSBLCI 42.5048
Model_1_goa_dr_2022.dat 3 2022 SSBUCI 42.591
Model_1_goa_dr_2022.dat 3 2022 SSBMedian 42.5306
Model_1_goa_dr_2022.dat 3 2022 SSBMean 42.5374
Model_1_goa_dr_2022.dat 3 2023 SSBF100 65.4957
Model_1_goa_dr_2022.dat 3 2023 SSBFabc 26.1983
Model_1_goa_dr_2022.dat 3 2023 SSBFofl 22.9235
Model_1_goa_dr_2022.dat 3 2023 SSBLCI 40.3753
Model_1_goa_dr_2022.dat 3 2023 SSBUCI 40.6055
Model_1_goa_dr_2022.dat 3 2023 SSBMedian 40.4452
Model_1_goa_dr_2022.dat 3 2023 SSBMean 40.4639
Model_1_goa_dr_2022.dat 3 2024 SSBF100 65.4957
Model_1_goa_dr_2022.dat 3 2024 SSBFabc 26.1983
Model_1_goa_dr_2022.dat 3 2024 SSBFofl 22.9235
Model_1_goa_dr_2022.dat 3 2024 SSBLCI 38.2896
Model_1_goa_dr_2022.dat 3 2024 SSBUCI 38.8249
Model_1_goa_dr_2022.dat 3 2024 SSBMedian 38.4601
Model_1_goa_dr_2022.dat 3 2024 SSBMean 38.4988
Model_1_goa_dr_2022.dat 3 2025 SSBF100 65.4957
Model_1_goa_dr_2022.dat 3 2025 SSBFabc 26.1983
Model_1_goa_dr_2022.dat 3 2025 SSBFofl 22.9235
Model_1_goa_dr_2022.dat 3 2025 SSBLCI 36.1701
Model_1_goa_dr_2022.dat 3 2025 SSBUCI 37.3035
Model_1_goa_dr_2022.dat 3 2025 SSBMedian 36.5473
Model_1_goa_dr_2022.dat 3 2025 SSBMean 36.6163
Model_1_goa_dr_2022.dat 3 2026 SSBF100 65.4957
Model_1_goa_dr_2022.dat 3 2026 SSBFabc 26.1983
Model_1_goa_dr_2022.dat 3 2026 SSBFofl 22.9235
Model_1_goa_dr_2022.dat 3 2026 SSBLCI 34.163
Model_1_goa_dr_2022.dat 3 2026 SSBUCI 36.3134
Model_1_goa_dr_2022.dat 3 2026 SSBMedian 34.8786
Model_1_goa_dr_2022.dat 3 2026 SSBMean 35.0212
Model_1_goa_dr_2022.dat 3 2027 SSBF100 65.4957
Model_1_goa_dr_2022.dat 3 2027 SSBFabc 26.1983
Model_1_goa_dr_2022.dat 3 2027 SSBFofl 22.9235
Model_1_goa_dr_2022.dat 3 2027 SSBLCI 32.4046
Model_1_goa_dr_2022.dat 3 2027 SSBUCI 36.1045
Model_1_goa_dr_2022.dat 3 2027 SSBMedian 33.6393
Model_1_goa_dr_2022.dat 3 2027 SSBMean 33.8685
Model_1_goa_dr_2022.dat 3 2028 SSBF100 65.4957
Model_1_goa_dr_2022.dat 3 2028 SSBFabc 26.1983
Model_1_goa_dr_2022.dat 3 2028 SSBFofl 22.9235
Model_1_goa_dr_2022.dat 3 2028 SSBLCI 30.9838
Model_1_goa_dr_2022.dat 3 2028 SSBUCI 36.47
Model_1_goa_dr_2022.dat 3 2028 SSBMedian 32.8346
Model_1_goa_dr_2022.dat 3 2028 SSBMean 33.2158
Model_1_goa_dr_2022.dat 3 2029 SSBF100 65.4957
Model_1_goa_dr_2022.dat 3 2029 SSBFabc 26.1983
Model_1_goa_dr_2022.dat 3 2029 SSBFofl 22.9235
Model_1_goa_dr_2022.dat 3 2029 SSBLCI 29.9398
Model_1_goa_dr_2022.dat 3 2029 SSBUCI 37.3007
Model_1_goa_dr_2022.dat 3 2029 SSBMedian 32.5378
Model_1_goa_dr_2022.dat 3 2029 SSBMean 32.9872
Model_1_goa_dr_2022.dat 3 2030 SSBF100 65.4957
Model_1_goa_dr_2022.dat 3 2030 SSBFabc 26.1983
Model_1_goa_dr_2022.dat 3 2030 SSBFofl 22.9235
Model_1_goa_dr_2022.dat 3 2030 SSBLCI 29.1301
Model_1_goa_dr_2022.dat 3 2030 SSBUCI 38.5802
Model_1_goa_dr_2022.dat 3 2030 SSBMedian 32.5018
Model_1_goa_dr_2022.dat 3 2030 SSBMean 33.045
Model_1_goa_dr_2022.dat 3 2031 SSBF100 65.4957
Model_1_goa_dr_2022.dat 3 2031 SSBFabc 26.1983
Model_1_goa_dr_2022.dat 3 2031 SSBFofl 22.9235
Model_1_goa_dr_2022.dat 3 2031 SSBLCI 28.567
Model_1_goa_dr_2022.dat 3 2031 SSBUCI 39.7783
Model_1_goa_dr_2022.dat 3 2031 SSBMedian 32.762
Model_1_goa_dr_2022.dat 3 2031 SSBMean 33.268
Model_1_goa_dr_2022.dat 3 2032 SSBF100 65.4957
Model_1_goa_dr_2022.dat 3 2032 SSBFabc 26.1983
Model_1_goa_dr_2022.dat 3 2032 SSBFofl 22.9235
Model_1_goa_dr_2022.dat 3 2032 SSBLCI 28.155
Model_1_goa_dr_2022.dat 3 2032 SSBUCI 40.7447
Model_1_goa_dr_2022.dat 3 2032 SSBMedian 33.0552
Model_1_goa_dr_2022.dat 3 2032 SSBMean 33.5719
Model_1_goa_dr_2022.dat 3 2033 SSBF100 65.4957
Model_1_goa_dr_2022.dat 3 2033 SSBFabc 26.1983
Model_1_goa_dr_2022.dat 3 2033 SSBFofl 22.9235
Model_1_goa_dr_2022.dat 3 2033 SSBLCI 28.0804
Model_1_goa_dr_2022.dat 3 2033 SSBUCI 41.3835
Model_1_goa_dr_2022.dat 3 2033 SSBMedian 33.4706
Model_1_goa_dr_2022.dat 3 2033 SSBMean 33.911
Model_1_goa_dr_2022.dat 3 2020 F0 0 
Model_1_goa_dr_2022.dat 3 2020 Fabc 0.091336
Model_1_goa_dr_2022.dat 3 2020 Fofl 0.112293
Model_1_goa_dr_2022.dat 3 2020  F_LCI 0.0282297
Model_1_goa_dr_2022.dat 3 2020  F_UCI 0.0282297
Model_1_goa_dr_2022.dat 3 2020  F_Median 0.0282297
Model_1_goa_dr_2022.dat 3 2020  F_Mean 0.0282297
Model_1_goa_dr_2022.dat 3 2021 F0 0 
Model_1_goa_dr_2022.dat 3 2021 Fabc 0.091336
Model_1_goa_dr_2022.dat 3 2021 Fofl 0.112293
Model_1_goa_dr_2022.dat 3 2021  F_LCI 0.0542761
Model_1_goa_dr_2022.dat 3 2021  F_UCI 0.0542775
Model_1_goa_dr_2022.dat 3 2021  F_Median 0.0542771
Model_1_goa_dr_2022.dat 3 2021  F_Mean 0.054277
Model_1_goa_dr_2022.dat 3 2022 F0 0 
Model_1_goa_dr_2022.dat 3 2022 Fabc 0.091336
Model_1_goa_dr_2022.dat 3 2022 Fofl 0.112293
Model_1_goa_dr_2022.dat 3 2022  F_LCI 0.052358
Model_1_goa_dr_2022.dat 3 2022  F_UCI 0.0523656
Model_1_goa_dr_2022.dat 3 2022  F_Median 0.0523635
Model_1_goa_dr_2022.dat 3 2022  F_Mean 0.0523629
Model_1_goa_dr_2022.dat 3 2023 F0 0 
Model_1_goa_dr_2022.dat 3 2023 Fabc 0.091336
Model_1_goa_dr_2022.dat 3 2023 Fofl 0.112293
Model_1_goa_dr_2022.dat 3 2023  F_LCI 0.045668
Model_1_goa_dr_2022.dat 3 2023  F_UCI 0.045668
Model_1_goa_dr_2022.dat 3 2023  F_Median 0.045668
Model_1_goa_dr_2022.dat 3 2023  F_Mean 0.045668
Model_1_goa_dr_2022.dat 3 2024 F0 0 
Model_1_goa_dr_2022.dat 3 2024 Fabc 0.091336
Model_1_goa_dr_2022.dat 3 2024 Fofl 0.112293
Model_1_goa_dr_2022.dat 3 2024  F_LCI 0.045668
Model_1_goa_dr_2022.dat 3 2024  F_UCI 0.045668
Model_1_goa_dr_2022.dat 3 2024  F_Median 0.045668
Model_1_goa_dr_2022.dat 3 2024  F_Mean 0.045668
Model_1_goa_dr_2022.dat 3 2025 F0 0 
Model_1_goa_dr_2022.dat 3 2025 Fabc 0.091336
Model_1_goa_dr_2022.dat 3 2025 Fofl 0.112293
Model_1_goa_dr_2022.dat 3 2025  F_LCI 0.045668
Model_1_goa_dr_2022.dat 3 2025  F_UCI 0.045668
Model_1_goa_dr_2022.dat 3 2025  F_Median 0.045668
Model_1_goa_dr_2022.dat 3 2025  F_Mean 0.045668
Model_1_goa_dr_2022.dat 3 2026 F0 0 
Model_1_goa_dr_2022.dat 3 2026 Fabc 0.091336
Model_1_goa_dr_2022.dat 3 2026 Fofl 0.112293
Model_1_goa_dr_2022.dat 3 2026  F_LCI 0.045668
Model_1_goa_dr_2022.dat 3 2026  F_UCI 0.045668
Model_1_goa_dr_2022.dat 3 2026  F_Median 0.045668
Model_1_goa_dr_2022.dat 3 2026  F_Mean 0.045668
Model_1_goa_dr_2022.dat 3 2027 F0 0 
Model_1_goa_dr_2022.dat 3 2027 Fabc 0.091336
Model_1_goa_dr_2022.dat 3 2027 Fofl 0.112293
Model_1_goa_dr_2022.dat 3 2027  F_LCI 0.045668
Model_1_goa_dr_2022.dat 3 2027  F_UCI 0.045668
Model_1_goa_dr_2022.dat 3 2027  F_Median 0.045668
Model_1_goa_dr_2022.dat 3 2027  F_Mean 0.045668
Model_1_goa_dr_2022.dat 3 2028 F0 0 
Model_1_goa_dr_2022.dat 3 2028 Fabc 0.091336
Model_1_goa_dr_2022.dat 3 2028 Fofl 0.112293
Model_1_goa_dr_2022.dat 3 2028  F_LCI 0.045668
Model_1_goa_dr_2022.dat 3 2028  F_UCI 0.045668
Model_1_goa_dr_2022.dat 3 2028  F_Median 0.045668
Model_1_goa_dr_2022.dat 3 2028  F_Mean 0.045668
Model_1_goa_dr_2022.dat 3 2029 F0 0 
Model_1_goa_dr_2022.dat 3 2029 Fabc 0.091336
Model_1_goa_dr_2022.dat 3 2029 Fofl 0.112293
Model_1_goa_dr_2022.dat 3 2029  F_LCI 0.045668
Model_1_goa_dr_2022.dat 3 2029  F_UCI 0.045668
Model_1_goa_dr_2022.dat 3 2029  F_Median 0.045668
Model_1_goa_dr_2022.dat 3 2029  F_Mean 0.045668
Model_1_goa_dr_2022.dat 3 2030 F0 0 
Model_1_goa_dr_2022.dat 3 2030 Fabc 0.091336
Model_1_goa_dr_2022.dat 3 2030 Fofl 0.112293
Model_1_goa_dr_2022.dat 3 2030  F_LCI 0.045668
Model_1_goa_dr_2022.dat 3 2030  F_UCI 0.045668
Model_1_goa_dr_2022.dat 3 2030  F_Median 0.045668
Model_1_goa_dr_2022.dat 3 2030  F_Mean 0.045668
Model_1_goa_dr_2022.dat 3 2031 F0 0 
Model_1_goa_dr_2022.dat 3 2031 Fabc 0.091336
Model_1_goa_dr_2022.dat 3 2031 Fofl 0.112293
Model_1_goa_dr_2022.dat 3 2031  F_LCI 0.045668
Model_1_goa_dr_2022.dat 3 2031  F_UCI 0.045668
Model_1_goa_dr_2022.dat 3 2031  F_Median 0.045668
Model_1_goa_dr_2022.dat 3 2031  F_Mean 0.0456674
Model_1_goa_dr_2022.dat 3 2032 F0 0 
Model_1_goa_dr_2022.dat 3 2032 Fabc 0.091336
Model_1_goa_dr_2022.dat 3 2032 Fofl 0.112293
Model_1_goa_dr_2022.dat 3 2032  F_LCI 0.045668
Model_1_goa_dr_2022.dat 3 2032  F_UCI 0.045668
Model_1_goa_dr_2022.dat 3 2032  F_Median 0.045668
Model_1_goa_dr_2022.dat 3 2032  F_Mean 0.0456625
Model_1_goa_dr_2022.dat 3 2033 F0 0 
Model_1_goa_dr_2022.dat 3 2033 Fabc 0.091336
Model_1_goa_dr_2022.dat 3 2033 Fofl 0.112293
Model_1_goa_dr_2022.dat 3 2033  F_LCI 0.045668
Model_1_goa_dr_2022.dat 3 2033  F_UCI 0.045668
Model_1_goa_dr_2022.dat 3 2033  F_Median 0.045668
Model_1_goa_dr_2022.dat 3 2033  F_Mean 0.0456541
Model_1_goa_dr_2022.dat 4 2020 Cabc 4.61738
Model_1_goa_dr_2022.dat 4 2020 Cofl 4.93664
Model_1_goa_dr_2022.dat 4 2020 CLCI 2.55641
Model_1_goa_dr_2022.dat 4 2020 CUCI 2.55641
Model_1_goa_dr_2022.dat 4 2020 CMedian 2.55641
Model_1_goa_dr_2022.dat 4 2020 CMean 2.55641
Model_1_goa_dr_2022.dat 4 2021 Cabc 4.61738
Model_1_goa_dr_2022.dat 4 2021 Cofl 4.93664
Model_1_goa_dr_2022.dat 4 2021 CLCI 4.78223
Model_1_goa_dr_2022.dat 4 2021 CUCI 4.78223
Model_1_goa_dr_2022.dat 4 2021 CMedian 4.78223
Model_1_goa_dr_2022.dat 4 2021 CMean 4.78223
Model_1_goa_dr_2022.dat 4 2022 Cabc 4.61738
Model_1_goa_dr_2022.dat 4 2022 Cofl 4.93664
Model_1_goa_dr_2022.dat 4 2022 CLCI 4.38644
Model_1_goa_dr_2022.dat 4 2022 CUCI 4.38644
Model_1_goa_dr_2022.dat 4 2022 CMedian 4.38644
Model_1_goa_dr_2022.dat 4 2022 CMean 4.38644
Model_1_goa_dr_2022.dat 4 2023 Cabc 4.61738
Model_1_goa_dr_2022.dat 4 2023 Cofl 4.93664
Model_1_goa_dr_2022.dat 4 2023 CLCI 2.42805
Model_1_goa_dr_2022.dat 4 2023 CUCI 2.42967
Model_1_goa_dr_2022.dat 4 2023 CMedian 2.42851
Model_1_goa_dr_2022.dat 4 2023 CMean 2.42864
Model_1_goa_dr_2022.dat 4 2024 Cabc 4.61738
Model_1_goa_dr_2022.dat 4 2024 Cofl 4.93664
Model_1_goa_dr_2022.dat 4 2024 CLCI 2.32399
Model_1_goa_dr_2022.dat 4 2024 CUCI 2.33034
Model_1_goa_dr_2022.dat 4 2024 CMedian 2.32584
Model_1_goa_dr_2022.dat 4 2024 CMean 2.32633
Model_1_goa_dr_2022.dat 4 2025 Cabc 4.61738
Model_1_goa_dr_2022.dat 4 2025 Cofl 4.93664
Model_1_goa_dr_2022.dat 4 2025 CLCI 2.21274
Model_1_goa_dr_2022.dat 4 2025 CUCI 2.23581
Model_1_goa_dr_2022.dat 4 2025 CMedian 2.21952
Model_1_goa_dr_2022.dat 4 2025 CMean 2.2213
Model_1_goa_dr_2022.dat 4 2026 Cabc 4.61738
Model_1_goa_dr_2022.dat 4 2026 Cofl 4.93664
Model_1_goa_dr_2022.dat 4 2026 CLCI 2.10501
Model_1_goa_dr_2022.dat 4 2026 CUCI 2.17703
Model_1_goa_dr_2022.dat 4 2026 CMedian 2.12655
Model_1_goa_dr_2022.dat 4 2026 CMean 2.13233
Model_1_goa_dr_2022.dat 4 2027 Cabc 4.61738
Model_1_goa_dr_2022.dat 4 2027 Cofl 4.93664
Model_1_goa_dr_2022.dat 4 2027 CLCI 2.00987
Model_1_goa_dr_2022.dat 4 2027 CUCI 2.19314
Model_1_goa_dr_2022.dat 4 2027 CMedian 2.06705
Model_1_goa_dr_2022.dat 4 2027 CMean 2.08017
Model_1_goa_dr_2022.dat 4 2028 Cabc 4.61738
Model_1_goa_dr_2022.dat 4 2028 Cofl 4.93664
Model_1_goa_dr_2022.dat 4 2028 CLCI 1.93787
Model_1_goa_dr_2022.dat 4 2028 CUCI 2.27784
Model_1_goa_dr_2022.dat 4 2028 CMedian 2.04984
Model_1_goa_dr_2022.dat 4 2028 CMean 2.07191
Model_1_goa_dr_2022.dat 4 2029 Cabc 4.61738
Model_1_goa_dr_2022.dat 4 2029 Cofl 4.93664
Model_1_goa_dr_2022.dat 4 2029 CLCI 1.89523
Model_1_goa_dr_2022.dat 4 2029 CUCI 2.38293
Model_1_goa_dr_2022.dat 4 2029 CMedian 2.05907
Model_1_goa_dr_2022.dat 4 2029 CMean 2.09252
Model_1_goa_dr_2022.dat 4 2030 Cabc 4.61738
Model_1_goa_dr_2022.dat 4 2030 Cofl 4.93664
Model_1_goa_dr_2022.dat 4 2030 CLCI 1.86796
Model_1_goa_dr_2022.dat 4 2030 CUCI 2.49536
Model_1_goa_dr_2022.dat 4 2030 CMedian 2.08657
Model_1_goa_dr_2022.dat 4 2030 CMean 2.12507
Model_1_goa_dr_2022.dat 4 2031 Cabc 4.61738
Model_1_goa_dr_2022.dat 4 2031 Cofl 4.93664
Model_1_goa_dr_2022.dat 4 2031 CLCI 1.84699
Model_1_goa_dr_2022.dat 4 2031 CUCI 2.59194
Model_1_goa_dr_2022.dat 4 2031 CMedian 2.1232
Model_1_goa_dr_2022.dat 4 2031 CMean 2.16014
Model_1_goa_dr_2022.dat 4 2032 Cabc 4.61738
Model_1_goa_dr_2022.dat 4 2032 Cofl 4.93664
Model_1_goa_dr_2022.dat 4 2032 CLCI 1.83394
Model_1_goa_dr_2022.dat 4 2032 CUCI 2.66779
Model_1_goa_dr_2022.dat 4 2032 CMedian 2.15789
Model_1_goa_dr_2022.dat 4 2032 CMean 2.19461
Model_1_goa_dr_2022.dat 4 2033 Cabc 4.61738
Model_1_goa_dr_2022.dat 4 2033 Cofl 4.93664
Model_1_goa_dr_2022.dat 4 2033 CLCI 1.83542
Model_1_goa_dr_2022.dat 4 2033 CUCI 2.73209
Model_1_goa_dr_2022.dat 4 2033 CMedian 2.1921
Model_1_goa_dr_2022.dat 4 2033 CMean 2.22884
Model_1_goa_dr_2022.dat 4 2020 SSBF100 65.4957
Model_1_goa_dr_2022.dat 4 2020 SSBFabc 26.1983
Model_1_goa_dr_2022.dat 4 2020 SSBFofl 22.9235
Model_1_goa_dr_2022.dat 4 2020 SSBLCI 44.9747
Model_1_goa_dr_2022.dat 4 2020 SSBUCI 44.9747
Model_1_goa_dr_2022.dat 4 2020 SSBMedian 44.9747
Model_1_goa_dr_2022.dat 4 2020 SSBMean 44.9747
Model_1_goa_dr_2022.dat 4 2021 SSBF100 65.4957
Model_1_goa_dr_2022.dat 4 2021 SSBFabc 26.1983
Model_1_goa_dr_2022.dat 4 2021 SSBFofl 22.9235
Model_1_goa_dr_2022.dat 4 2021 SSBLCI 44.4413
Model_1_goa_dr_2022.dat 4 2021 SSBUCI 44.4681
Model_1_goa_dr_2022.dat 4 2021 SSBMedian 44.4482
Model_1_goa_dr_2022.dat 4 2021 SSBMean 44.4507
Model_1_goa_dr_2022.dat 4 2022 SSBF100 65.4957
Model_1_goa_dr_2022.dat 4 2022 SSBFabc 26.1983
Model_1_goa_dr_2022.dat 4 2022 SSBFofl 22.9235
Model_1_goa_dr_2022.dat 4 2022 SSBLCI 42.5048
Model_1_goa_dr_2022.dat 4 2022 SSBUCI 42.591
Model_1_goa_dr_2022.dat 4 2022 SSBMedian 42.5306
Model_1_goa_dr_2022.dat 4 2022 SSBMean 42.5374
Model_1_goa_dr_2022.dat 4 2023 SSBF100 65.4957
Model_1_goa_dr_2022.dat 4 2023 SSBFabc 26.1983
Model_1_goa_dr_2022.dat 4 2023 SSBFofl 22.9235
Model_1_goa_dr_2022.dat 4 2023 SSBLCI 40.4752
Model_1_goa_dr_2022.dat 4 2023 SSBUCI 40.7054
Model_1_goa_dr_2022.dat 4 2023 SSBMedian 40.5451
Model_1_goa_dr_2022.dat 4 2023 SSBMean 40.5637
Model_1_goa_dr_2022.dat 4 2024 SSBF100 65.4957
Model_1_goa_dr_2022.dat 4 2024 SSBFabc 26.1983
Model_1_goa_dr_2022.dat 4 2024 SSBFofl 22.9235
Model_1_goa_dr_2022.dat 4 2024 SSBLCI 38.948
Model_1_goa_dr_2022.dat 4 2024 SSBUCI 39.4834
Model_1_goa_dr_2022.dat 4 2024 SSBMedian 39.1186
Model_1_goa_dr_2022.dat 4 2024 SSBMean 39.1572
Model_1_goa_dr_2022.dat 4 2025 SSBF100 65.4957
Model_1_goa_dr_2022.dat 4 2025 SSBFabc 26.1983
Model_1_goa_dr_2022.dat 4 2025 SSBFofl 22.9235
Model_1_goa_dr_2022.dat 4 2025 SSBLCI 37.3202
Model_1_goa_dr_2022.dat 4 2025 SSBUCI 38.4542
Model_1_goa_dr_2022.dat 4 2025 SSBMedian 37.6975
Model_1_goa_dr_2022.dat 4 2025 SSBMean 37.7665
Model_1_goa_dr_2022.dat 4 2026 SSBF100 65.4957
Model_1_goa_dr_2022.dat 4 2026 SSBFabc 26.1983
Model_1_goa_dr_2022.dat 4 2026 SSBFofl 22.9235
Model_1_goa_dr_2022.dat 4 2026 SSBLCI 35.7346
Model_1_goa_dr_2022.dat 4 2026 SSBUCI 37.8897
Model_1_goa_dr_2022.dat 4 2026 SSBMedian 36.4508
Model_1_goa_dr_2022.dat 4 2026 SSBMean 36.5942
Model_1_goa_dr_2022.dat 4 2027 SSBF100 65.4957
Model_1_goa_dr_2022.dat 4 2027 SSBFabc 26.1983
Model_1_goa_dr_2022.dat 4 2027 SSBFofl 22.9235
Model_1_goa_dr_2022.dat 4 2027 SSBLCI 34.3323
Model_1_goa_dr_2022.dat 4 2027 SSBUCI 38.0495
Model_1_goa_dr_2022.dat 4 2027 SSBMedian 35.5693
Model_1_goa_dr_2022.dat 4 2027 SSBMean 35.8001
Model_1_goa_dr_2022.dat 4 2028 SSBF100 65.4957
Model_1_goa_dr_2022.dat 4 2028 SSBFabc 26.1983
Model_1_goa_dr_2022.dat 4 2028 SSBFofl 22.9235
Model_1_goa_dr_2022.dat 4 2028 SSBLCI 33.2041
Model_1_goa_dr_2022.dat 4 2028 SSBUCI 38.7558
Model_1_goa_dr_2022.dat 4 2028 SSBMedian 35.0707
Model_1_goa_dr_2022.dat 4 2028 SSBMean 35.4557
Model_1_goa_dr_2022.dat 4 2029 SSBF100 65.4957
Model_1_goa_dr_2022.dat 4 2029 SSBFabc 26.1983
Model_1_goa_dr_2022.dat 4 2029 SSBFofl 22.9235
Model_1_goa_dr_2022.dat 4 2029 SSBLCI 32.4132
Model_1_goa_dr_2022.dat 4 2029 SSBUCI 39.9083
Model_1_goa_dr_2022.dat 4 2029 SSBMedian 35.0289
Model_1_goa_dr_2022.dat 4 2029 SSBMean 35.5018
Model_1_goa_dr_2022.dat 4 2030 SSBF100 65.4957
Model_1_goa_dr_2022.dat 4 2030 SSBFabc 26.1983
Model_1_goa_dr_2022.dat 4 2030 SSBFofl 22.9235
Model_1_goa_dr_2022.dat 4 2030 SSBLCI 31.8121
Model_1_goa_dr_2022.dat 4 2030 SSBUCI 41.4657
Model_1_goa_dr_2022.dat 4 2030 SSBMedian 35.2617
Model_1_goa_dr_2022.dat 4 2030 SSBMean 35.8142
Model_1_goa_dr_2022.dat 4 2031 SSBF100 65.4957
Model_1_goa_dr_2022.dat 4 2031 SSBFabc 26.1983
Model_1_goa_dr_2022.dat 4 2031 SSBFofl 22.9235
Model_1_goa_dr_2022.dat 4 2031 SSBLCI 31.4312
Model_1_goa_dr_2022.dat 4 2031 SSBUCI 43.0057
Model_1_goa_dr_2022.dat 4 2031 SSBMedian 35.7255
Model_1_goa_dr_2022.dat 4 2031 SSBMean 36.2784
Model_1_goa_dr_2022.dat 4 2032 SSBF100 65.4957
Model_1_goa_dr_2022.dat 4 2032 SSBFabc 26.1983
Model_1_goa_dr_2022.dat 4 2032 SSBFofl 22.9235
Model_1_goa_dr_2022.dat 4 2032 SSBLCI 31.2267
Model_1_goa_dr_2022.dat 4 2032 SSBUCI 44.3848
Model_1_goa_dr_2022.dat 4 2032 SSBMedian 36.2305
Model_1_goa_dr_2022.dat 4 2032 SSBMean 36.812
Model_1_goa_dr_2022.dat 4 2033 SSBF100 65.4957
Model_1_goa_dr_2022.dat 4 2033 SSBFabc 26.1983
Model_1_goa_dr_2022.dat 4 2033 SSBFofl 22.9235
Model_1_goa_dr_2022.dat 4 2033 SSBLCI 31.2576
Model_1_goa_dr_2022.dat 4 2033 SSBUCI 45.267
Model_1_goa_dr_2022.dat 4 2033 SSBMedian 36.8529
Model_1_goa_dr_2022.dat 4 2033 SSBMean 37.3693
Model_1_goa_dr_2022.dat 4 2020 F0 0 
Model_1_goa_dr_2022.dat 4 2020 Fabc 0.091336
Model_1_goa_dr_2022.dat 4 2020 Fofl 0.112293
Model_1_goa_dr_2022.dat 4 2020  F_LCI 0.0282297
Model_1_goa_dr_2022.dat 4 2020  F_UCI 0.0282297
Model_1_goa_dr_2022.dat 4 2020  F_Median 0.0282297
Model_1_goa_dr_2022.dat 4 2020  F_Mean 0.0282297
Model_1_goa_dr_2022.dat 4 2021 F0 0 
Model_1_goa_dr_2022.dat 4 2021 Fabc 0.091336
Model_1_goa_dr_2022.dat 4 2021 Fofl 0.112293
Model_1_goa_dr_2022.dat 4 2021  F_LCI 0.0542761
Model_1_goa_dr_2022.dat 4 2021  F_UCI 0.0542775
Model_1_goa_dr_2022.dat 4 2021  F_Median 0.0542771
Model_1_goa_dr_2022.dat 4 2021  F_Mean 0.054277
Model_1_goa_dr_2022.dat 4 2022 F0 0 
Model_1_goa_dr_2022.dat 4 2022 Fabc 0.091336
Model_1_goa_dr_2022.dat 4 2022 Fofl 0.112293
Model_1_goa_dr_2022.dat 4 2022  F_LCI 0.052358
Model_1_goa_dr_2022.dat 4 2022  F_UCI 0.0523656
Model_1_goa_dr_2022.dat 4 2022  F_Median 0.0523635
Model_1_goa_dr_2022.dat 4 2022  F_Mean 0.0523629
Model_1_goa_dr_2022.dat 4 2023 F0 0 
Model_1_goa_dr_2022.dat 4 2023 Fabc 0.091336
Model_1_goa_dr_2022.dat 4 2023 Fofl 0.112293
Model_1_goa_dr_2022.dat 4 2023  F_LCI 0.0303705
Model_1_goa_dr_2022.dat 4 2023  F_UCI 0.0303705
Model_1_goa_dr_2022.dat 4 2023  F_Median 0.0303705
Model_1_goa_dr_2022.dat 4 2023  F_Mean 0.0303705
Model_1_goa_dr_2022.dat 4 2024 F0 0 
Model_1_goa_dr_2022.dat 4 2024 Fabc 0.091336
Model_1_goa_dr_2022.dat 4 2024 Fofl 0.112293
Model_1_goa_dr_2022.dat 4 2024  F_LCI 0.0303705
Model_1_goa_dr_2022.dat 4 2024  F_UCI 0.0303705
Model_1_goa_dr_2022.dat 4 2024  F_Median 0.0303705
Model_1_goa_dr_2022.dat 4 2024  F_Mean 0.0303705
Model_1_goa_dr_2022.dat 4 2025 F0 0 
Model_1_goa_dr_2022.dat 4 2025 Fabc 0.091336
Model_1_goa_dr_2022.dat 4 2025 Fofl 0.112293
Model_1_goa_dr_2022.dat 4 2025  F_LCI 0.0303705
Model_1_goa_dr_2022.dat 4 2025  F_UCI 0.0303705
Model_1_goa_dr_2022.dat 4 2025  F_Median 0.0303705
Model_1_goa_dr_2022.dat 4 2025  F_Mean 0.0303705
Model_1_goa_dr_2022.dat 4 2026 F0 0 
Model_1_goa_dr_2022.dat 4 2026 Fabc 0.091336
Model_1_goa_dr_2022.dat 4 2026 Fofl 0.112293
Model_1_goa_dr_2022.dat 4 2026  F_LCI 0.0303705
Model_1_goa_dr_2022.dat 4 2026  F_UCI 0.0303705
Model_1_goa_dr_2022.dat 4 2026  F_Median 0.0303705
Model_1_goa_dr_2022.dat 4 2026  F_Mean 0.0303705
Model_1_goa_dr_2022.dat 4 2027 F0 0 
Model_1_goa_dr_2022.dat 4 2027 Fabc 0.091336
Model_1_goa_dr_2022.dat 4 2027 Fofl 0.112293
Model_1_goa_dr_2022.dat 4 2027  F_LCI 0.0303705
Model_1_goa_dr_2022.dat 4 2027  F_UCI 0.0303705
Model_1_goa_dr_2022.dat 4 2027  F_Median 0.0303705
Model_1_goa_dr_2022.dat 4 2027  F_Mean 0.0303705
Model_1_goa_dr_2022.dat 4 2028 F0 0 
Model_1_goa_dr_2022.dat 4 2028 Fabc 0.091336
Model_1_goa_dr_2022.dat 4 2028 Fofl 0.112293
Model_1_goa_dr_2022.dat 4 2028  F_LCI 0.0303705
Model_1_goa_dr_2022.dat 4 2028  F_UCI 0.0303705
Model_1_goa_dr_2022.dat 4 2028  F_Median 0.0303705
Model_1_goa_dr_2022.dat 4 2028  F_Mean 0.0303705
Model_1_goa_dr_2022.dat 4 2029 F0 0 
Model_1_goa_dr_2022.dat 4 2029 Fabc 0.091336
Model_1_goa_dr_2022.dat 4 2029 Fofl 0.112293
Model_1_goa_dr_2022.dat 4 2029  F_LCI 0.0303705
Model_1_goa_dr_2022.dat 4 2029  F_UCI 0.0303705
Model_1_goa_dr_2022.dat 4 2029  F_Median 0.0303705
Model_1_goa_dr_2022.dat 4 2029  F_Mean 0.0303705
Model_1_goa_dr_2022.dat 4 2030 F0 0 
Model_1_goa_dr_2022.dat 4 2030 Fabc 0.091336
Model_1_goa_dr_2022.dat 4 2030 Fofl 0.112293
Model_1_goa_dr_2022.dat 4 2030  F_LCI 0.0303705
Model_1_goa_dr_2022.dat 4 2030  F_UCI 0.0303705
Model_1_goa_dr_2022.dat 4 2030  F_Median 0.0303705
Model_1_goa_dr_2022.dat 4 2030  F_Mean 0.0303705
Model_1_goa_dr_2022.dat 4 2031 F0 0 
Model_1_goa_dr_2022.dat 4 2031 Fabc 0.091336
Model_1_goa_dr_2022.dat 4 2031 Fofl 0.112293
Model_1_goa_dr_2022.dat 4 2031  F_LCI 0.0303705
Model_1_goa_dr_2022.dat 4 2031  F_UCI 0.0303705
Model_1_goa_dr_2022.dat 4 2031  F_Median 0.0303705
Model_1_goa_dr_2022.dat 4 2031  F_Mean 0.0303705
Model_1_goa_dr_2022.dat 4 2032 F0 0 
Model_1_goa_dr_2022.dat 4 2032 Fabc 0.091336
Model_1_goa_dr_2022.dat 4 2032 Fofl 0.112293
Model_1_goa_dr_2022.dat 4 2032  F_LCI 0.0303705
Model_1_goa_dr_2022.dat 4 2032  F_UCI 0.0303705
Model_1_goa_dr_2022.dat 4 2032  F_Median 0.0303705
Model_1_goa_dr_2022.dat 4 2032  F_Mean 0.0303705
Model_1_goa_dr_2022.dat 4 2033 F0 0 
Model_1_goa_dr_2022.dat 4 2033 Fabc 0.091336
Model_1_goa_dr_2022.dat 4 2033 Fofl 0.112293
Model_1_goa_dr_2022.dat 4 2033  F_LCI 0.0303705
Model_1_goa_dr_2022.dat 4 2033  F_UCI 0.0303705
Model_1_goa_dr_2022.dat 4 2033  F_Median 0.0303705
Model_1_goa_dr_2022.dat 4 2033  F_Mean 0.0303705
Model_1_goa_dr_2022.dat 5 2020 Cabc 4.61738
Model_1_goa_dr_2022.dat 5 2020 Cofl 4.93664
Model_1_goa_dr_2022.dat 5 2020 CLCI 2.55641
Model_1_goa_dr_2022.dat 5 2020 CUCI 2.55641
Model_1_goa_dr_2022.dat 5 2020 CMedian 2.55641
Model_1_goa_dr_2022.dat 5 2020 CMean 2.55641
Model_1_goa_dr_2022.dat 5 2021 Cabc 4.61738
Model_1_goa_dr_2022.dat 5 2021 Cofl 4.93664
Model_1_goa_dr_2022.dat 5 2021 CLCI 4.78223
Model_1_goa_dr_2022.dat 5 2021 CUCI 4.78223
Model_1_goa_dr_2022.dat 5 2021 CMedian 4.78223
Model_1_goa_dr_2022.dat 5 2021 CMean 4.78223
Model_1_goa_dr_2022.dat 5 2022 Cabc 4.61738
Model_1_goa_dr_2022.dat 5 2022 Cofl 4.93664
Model_1_goa_dr_2022.dat 5 2022 CLCI 4.38644
Model_1_goa_dr_2022.dat 5 2022 CUCI 4.38644
Model_1_goa_dr_2022.dat 5 2022 CMedian 4.38644
Model_1_goa_dr_2022.dat 5 2022 CMean 4.38644
Model_1_goa_dr_2022.dat 5 2023 Cabc 4.61738
Model_1_goa_dr_2022.dat 5 2023 Cofl 4.93664
Model_1_goa_dr_2022.dat 5 2023 CLCI 0
Model_1_goa_dr_2022.dat 5 2023 CUCI 0
Model_1_goa_dr_2022.dat 5 2023 CMedian 0
Model_1_goa_dr_2022.dat 5 2023 CMean 0
Model_1_goa_dr_2022.dat 5 2024 Cabc 4.61738
Model_1_goa_dr_2022.dat 5 2024 Cofl 4.93664
Model_1_goa_dr_2022.dat 5 2024 CLCI 0
Model_1_goa_dr_2022.dat 5 2024 CUCI 0
Model_1_goa_dr_2022.dat 5 2024 CMedian 0
Model_1_goa_dr_2022.dat 5 2024 CMean 0
Model_1_goa_dr_2022.dat 5 2025 Cabc 4.61738
Model_1_goa_dr_2022.dat 5 2025 Cofl 4.93664
Model_1_goa_dr_2022.dat 5 2025 CLCI 0
Model_1_goa_dr_2022.dat 5 2025 CUCI 0
Model_1_goa_dr_2022.dat 5 2025 CMedian 0
Model_1_goa_dr_2022.dat 5 2025 CMean 0
Model_1_goa_dr_2022.dat 5 2026 Cabc 4.61738
Model_1_goa_dr_2022.dat 5 2026 Cofl 4.93664
Model_1_goa_dr_2022.dat 5 2026 CLCI 0
Model_1_goa_dr_2022.dat 5 2026 CUCI 0
Model_1_goa_dr_2022.dat 5 2026 CMedian 0
Model_1_goa_dr_2022.dat 5 2026 CMean 0
Model_1_goa_dr_2022.dat 5 2027 Cabc 4.61738
Model_1_goa_dr_2022.dat 5 2027 Cofl 4.93664
Model_1_goa_dr_2022.dat 5 2027 CLCI 0
Model_1_goa_dr_2022.dat 5 2027 CUCI 0
Model_1_goa_dr_2022.dat 5 2027 CMedian 0
Model_1_goa_dr_2022.dat 5 2027 CMean 0
Model_1_goa_dr_2022.dat 5 2028 Cabc 4.61738
Model_1_goa_dr_2022.dat 5 2028 Cofl 4.93664
Model_1_goa_dr_2022.dat 5 2028 CLCI 0
Model_1_goa_dr_2022.dat 5 2028 CUCI 0
Model_1_goa_dr_2022.dat 5 2028 CMedian 0
Model_1_goa_dr_2022.dat 5 2028 CMean 0
Model_1_goa_dr_2022.dat 5 2029 Cabc 4.61738
Model_1_goa_dr_2022.dat 5 2029 Cofl 4.93664
Model_1_goa_dr_2022.dat 5 2029 CLCI 0
Model_1_goa_dr_2022.dat 5 2029 CUCI 0
Model_1_goa_dr_2022.dat 5 2029 CMedian 0
Model_1_goa_dr_2022.dat 5 2029 CMean 0
Model_1_goa_dr_2022.dat 5 2030 Cabc 4.61738
Model_1_goa_dr_2022.dat 5 2030 Cofl 4.93664
Model_1_goa_dr_2022.dat 5 2030 CLCI 0
Model_1_goa_dr_2022.dat 5 2030 CUCI 0
Model_1_goa_dr_2022.dat 5 2030 CMedian 0
Model_1_goa_dr_2022.dat 5 2030 CMean 0
Model_1_goa_dr_2022.dat 5 2031 Cabc 4.61738
Model_1_goa_dr_2022.dat 5 2031 Cofl 4.93664
Model_1_goa_dr_2022.dat 5 2031 CLCI 0
Model_1_goa_dr_2022.dat 5 2031 CUCI 0
Model_1_goa_dr_2022.dat 5 2031 CMedian 0
Model_1_goa_dr_2022.dat 5 2031 CMean 0
Model_1_goa_dr_2022.dat 5 2032 Cabc 4.61738
Model_1_goa_dr_2022.dat 5 2032 Cofl 4.93664
Model_1_goa_dr_2022.dat 5 2032 CLCI 0
Model_1_goa_dr_2022.dat 5 2032 CUCI 0
Model_1_goa_dr_2022.dat 5 2032 CMedian 0
Model_1_goa_dr_2022.dat 5 2032 CMean 0
Model_1_goa_dr_2022.dat 5 2033 Cabc 4.61738
Model_1_goa_dr_2022.dat 5 2033 Cofl 4.93664
Model_1_goa_dr_2022.dat 5 2033 CLCI 0
Model_1_goa_dr_2022.dat 5 2033 CUCI 0
Model_1_goa_dr_2022.dat 5 2033 CMedian 0
Model_1_goa_dr_2022.dat 5 2033 CMean 0
Model_1_goa_dr_2022.dat 5 2020 SSBF100 65.4957
Model_1_goa_dr_2022.dat 5 2020 SSBFabc 26.1983
Model_1_goa_dr_2022.dat 5 2020 SSBFofl 22.9235
Model_1_goa_dr_2022.dat 5 2020 SSBLCI 44.9747
Model_1_goa_dr_2022.dat 5 2020 SSBUCI 44.9747
Model_1_goa_dr_2022.dat 5 2020 SSBMedian 44.9747
Model_1_goa_dr_2022.dat 5 2020 SSBMean 44.9747
Model_1_goa_dr_2022.dat 5 2021 SSBF100 65.4957
Model_1_goa_dr_2022.dat 5 2021 SSBFabc 26.1983
Model_1_goa_dr_2022.dat 5 2021 SSBFofl 22.9235
Model_1_goa_dr_2022.dat 5 2021 SSBLCI 44.4413
Model_1_goa_dr_2022.dat 5 2021 SSBUCI 44.4681
Model_1_goa_dr_2022.dat 5 2021 SSBMedian 44.4482
Model_1_goa_dr_2022.dat 5 2021 SSBMean 44.4507
Model_1_goa_dr_2022.dat 5 2022 SSBF100 65.4957
Model_1_goa_dr_2022.dat 5 2022 SSBFabc 26.1983
Model_1_goa_dr_2022.dat 5 2022 SSBFofl 22.9235
Model_1_goa_dr_2022.dat 5 2022 SSBLCI 42.5048
Model_1_goa_dr_2022.dat 5 2022 SSBUCI 42.591
Model_1_goa_dr_2022.dat 5 2022 SSBMedian 42.5306
Model_1_goa_dr_2022.dat 5 2022 SSBMean 42.5374
Model_1_goa_dr_2022.dat 5 2023 SSBF100 65.4957
Model_1_goa_dr_2022.dat 5 2023 SSBFabc 26.1983
Model_1_goa_dr_2022.dat 5 2023 SSBFofl 22.9235
Model_1_goa_dr_2022.dat 5 2023 SSBLCI 40.6742
Model_1_goa_dr_2022.dat 5 2023 SSBUCI 40.9044
Model_1_goa_dr_2022.dat 5 2023 SSBMedian 40.7441
Model_1_goa_dr_2022.dat 5 2023 SSBMean 40.7628
Model_1_goa_dr_2022.dat 5 2024 SSBF100 65.4957
Model_1_goa_dr_2022.dat 5 2024 SSBFabc 26.1983
Model_1_goa_dr_2022.dat 5 2024 SSBFofl 22.9235
Model_1_goa_dr_2022.dat 5 2024 SSBLCI 40.2898
Model_1_goa_dr_2022.dat 5 2024 SSBUCI 40.8254
Model_1_goa_dr_2022.dat 5 2024 SSBMedian 40.4605
Model_1_goa_dr_2022.dat 5 2024 SSBMean 40.4991
Model_1_goa_dr_2022.dat 5 2025 SSBF100 65.4957
Model_1_goa_dr_2022.dat 5 2025 SSBFabc 26.1983
Model_1_goa_dr_2022.dat 5 2025 SSBFofl 22.9235
Model_1_goa_dr_2022.dat 5 2025 SSBLCI 39.717
Model_1_goa_dr_2022.dat 5 2025 SSBUCI 40.8523
Model_1_goa_dr_2022.dat 5 2025 SSBMedian 40.0947
Model_1_goa_dr_2022.dat 5 2025 SSBMean 40.1638
Model_1_goa_dr_2022.dat 5 2026 SSBF100 65.4957
Model_1_goa_dr_2022.dat 5 2026 SSBFabc 26.1983
Model_1_goa_dr_2022.dat 5 2026 SSBFofl 22.9235
Model_1_goa_dr_2022.dat 5 2026 SSBLCI 39.084
Model_1_goa_dr_2022.dat 5 2026 SSBUCI 41.2483
Model_1_goa_dr_2022.dat 5 2026 SSBMedian 39.802
Model_1_goa_dr_2022.dat 5 2026 SSBMean 39.9463
Model_1_goa_dr_2022.dat 5 2027 SSBF100 65.4957
Model_1_goa_dr_2022.dat 5 2027 SSBFabc 26.1983
Model_1_goa_dr_2022.dat 5 2027 SSBFofl 22.9235
Model_1_goa_dr_2022.dat 5 2027 SSBLCI 38.5312
Model_1_goa_dr_2022.dat 5 2027 SSBUCI 42.2783
Model_1_goa_dr_2022.dat 5 2027 SSBMedian 39.7738
Model_1_goa_dr_2022.dat 5 2027 SSBMean 40.0078
Model_1_goa_dr_2022.dat 5 2028 SSBF100 65.4957
Model_1_goa_dr_2022.dat 5 2028 SSBFabc 26.1983
Model_1_goa_dr_2022.dat 5 2028 SSBFofl 22.9235
Model_1_goa_dr_2022.dat 5 2028 SSBLCI 38.1512
Model_1_goa_dr_2022.dat 5 2028 SSBUCI 43.814
Model_1_goa_dr_2022.dat 5 2028 SSBMedian 40.0562
Model_1_goa_dr_2022.dat 5 2028 SSBMean 40.4395
Model_1_goa_dr_2022.dat 5 2029 SSBF100 65.4957
Model_1_goa_dr_2022.dat 5 2029 SSBFabc 26.1983
Model_1_goa_dr_2022.dat 5 2029 SSBFofl 22.9235
Model_1_goa_dr_2022.dat 5 2029 SSBLCI 38.0376
Model_1_goa_dr_2022.dat 5 2029 SSBUCI 45.7844
Model_1_goa_dr_2022.dat 5 2029 SSBMedian 40.6795
Model_1_goa_dr_2022.dat 5 2029 SSBMean 41.2109
Model_1_goa_dr_2022.dat 5 2030 SSBF100 65.4957
Model_1_goa_dr_2022.dat 5 2030 SSBFabc 26.1983
Model_1_goa_dr_2022.dat 5 2030 SSBFofl 22.9235
Model_1_goa_dr_2022.dat 5 2030 SSBLCI 38.0797
Model_1_goa_dr_2022.dat 5 2030 SSBUCI 48.1175
Model_1_goa_dr_2022.dat 5 2030 SSBMedian 41.6445
Model_1_goa_dr_2022.dat 5 2030 SSBMean 42.2205
Model_1_goa_dr_2022.dat 5 2031 SSBF100 65.4957
Model_1_goa_dr_2022.dat 5 2031 SSBFabc 26.1983
Model_1_goa_dr_2022.dat 5 2031 SSBFofl 22.9235
Model_1_goa_dr_2022.dat 5 2031 SSBLCI 38.2617
Model_1_goa_dr_2022.dat 5 2031 SSBUCI 50.6113
Model_1_goa_dr_2022.dat 5 2031 SSBMedian 42.77
Model_1_goa_dr_2022.dat 5 2031 SSBMean 43.366
Model_1_goa_dr_2022.dat 5 2032 SSBF100 65.4957
Model_1_goa_dr_2022.dat 5 2032 SSBFabc 26.1983
Model_1_goa_dr_2022.dat 5 2032 SSBFofl 22.9235
Model_1_goa_dr_2022.dat 5 2032 SSBLCI 38.6266
Model_1_goa_dr_2022.dat 5 2032 SSBUCI 52.7665
Model_1_goa_dr_2022.dat 5 2032 SSBMedian 43.9691
Model_1_goa_dr_2022.dat 5 2032 SSBMean 44.5672
Model_1_goa_dr_2022.dat 5 2033 SSBF100 65.4957
Model_1_goa_dr_2022.dat 5 2033 SSBFabc 26.1983
Model_1_goa_dr_2022.dat 5 2033 SSBFofl 22.9235
Model_1_goa_dr_2022.dat 5 2033 SSBLCI 39.0617
Model_1_goa_dr_2022.dat 5 2033 SSBUCI 54.612
Model_1_goa_dr_2022.dat 5 2033 SSBMedian 45.2162
Model_1_goa_dr_2022.dat 5 2033 SSBMean 45.7764
Model_1_goa_dr_2022.dat 5 2020 F0 0 
Model_1_goa_dr_2022.dat 5 2020 Fabc 0.091336
Model_1_goa_dr_2022.dat 5 2020 Fofl 0.112293
Model_1_goa_dr_2022.dat 5 2020  F_LCI 0.0282297
Model_1_goa_dr_2022.dat 5 2020  F_UCI 0.0282297
Model_1_goa_dr_2022.dat 5 2020  F_Median 0.0282297
Model_1_goa_dr_2022.dat 5 2020  F_Mean 0.0282297
Model_1_goa_dr_2022.dat 5 2021 F0 0 
Model_1_goa_dr_2022.dat 5 2021 Fabc 0.091336
Model_1_goa_dr_2022.dat 5 2021 Fofl 0.112293
Model_1_goa_dr_2022.dat 5 2021  F_LCI 0.0542761
Model_1_goa_dr_2022.dat 5 2021  F_UCI 0.0542775
Model_1_goa_dr_2022.dat 5 2021  F_Median 0.0542771
Model_1_goa_dr_2022.dat 5 2021  F_Mean 0.054277
Model_1_goa_dr_2022.dat 5 2022 F0 0 
Model_1_goa_dr_2022.dat 5 2022 Fabc 0.091336
Model_1_goa_dr_2022.dat 5 2022 Fofl 0.112293
Model_1_goa_dr_2022.dat 5 2022  F_LCI 0.052358
Model_1_goa_dr_2022.dat 5 2022  F_UCI 0.0523656
Model_1_goa_dr_2022.dat 5 2022  F_Median 0.0523635
Model_1_goa_dr_2022.dat 5 2022  F_Mean 0.0523629
Model_1_goa_dr_2022.dat 5 2023 F0 0 
Model_1_goa_dr_2022.dat 5 2023 Fabc 0.091336
Model_1_goa_dr_2022.dat 5 2023 Fofl 0.112293
Model_1_goa_dr_2022.dat 5 2023  F_LCI 0
Model_1_goa_dr_2022.dat 5 2023  F_UCI 0
Model_1_goa_dr_2022.dat 5 2023  F_Median 0
Model_1_goa_dr_2022.dat 5 2023  F_Mean 0
Model_1_goa_dr_2022.dat 5 2024 F0 0 
Model_1_goa_dr_2022.dat 5 2024 Fabc 0.091336
Model_1_goa_dr_2022.dat 5 2024 Fofl 0.112293
Model_1_goa_dr_2022.dat 5 2024  F_LCI 0
Model_1_goa_dr_2022.dat 5 2024  F_UCI 0
Model_1_goa_dr_2022.dat 5 2024  F_Median 0
Model_1_goa_dr_2022.dat 5 2024  F_Mean 0
Model_1_goa_dr_2022.dat 5 2025 F0 0 
Model_1_goa_dr_2022.dat 5 2025 Fabc 0.091336
Model_1_goa_dr_2022.dat 5 2025 Fofl 0.112293
Model_1_goa_dr_2022.dat 5 2025  F_LCI 0
Model_1_goa_dr_2022.dat 5 2025  F_UCI 0
Model_1_goa_dr_2022.dat 5 2025  F_Median 0
Model_1_goa_dr_2022.dat 5 2025  F_Mean 0
Model_1_goa_dr_2022.dat 5 2026 F0 0 
Model_1_goa_dr_2022.dat 5 2026 Fabc 0.091336
Model_1_goa_dr_2022.dat 5 2026 Fofl 0.112293
Model_1_goa_dr_2022.dat 5 2026  F_LCI 0
Model_1_goa_dr_2022.dat 5 2026  F_UCI 0
Model_1_goa_dr_2022.dat 5 2026  F_Median 0
Model_1_goa_dr_2022.dat 5 2026  F_Mean 0
Model_1_goa_dr_2022.dat 5 2027 F0 0 
Model_1_goa_dr_2022.dat 5 2027 Fabc 0.091336
Model_1_goa_dr_2022.dat 5 2027 Fofl 0.112293
Model_1_goa_dr_2022.dat 5 2027  F_LCI 0
Model_1_goa_dr_2022.dat 5 2027  F_UCI 0
Model_1_goa_dr_2022.dat 5 2027  F_Median 0
Model_1_goa_dr_2022.dat 5 2027  F_Mean 0
Model_1_goa_dr_2022.dat 5 2028 F0 0 
Model_1_goa_dr_2022.dat 5 2028 Fabc 0.091336
Model_1_goa_dr_2022.dat 5 2028 Fofl 0.112293
Model_1_goa_dr_2022.dat 5 2028  F_LCI 0
Model_1_goa_dr_2022.dat 5 2028  F_UCI 0
Model_1_goa_dr_2022.dat 5 2028  F_Median 0
Model_1_goa_dr_2022.dat 5 2028  F_Mean 0
Model_1_goa_dr_2022.dat 5 2029 F0 0 
Model_1_goa_dr_2022.dat 5 2029 Fabc 0.091336
Model_1_goa_dr_2022.dat 5 2029 Fofl 0.112293
Model_1_goa_dr_2022.dat 5 2029  F_LCI 0
Model_1_goa_dr_2022.dat 5 2029  F_UCI 0
Model_1_goa_dr_2022.dat 5 2029  F_Median 0
Model_1_goa_dr_2022.dat 5 2029  F_Mean 0
Model_1_goa_dr_2022.dat 5 2030 F0 0 
Model_1_goa_dr_2022.dat 5 2030 Fabc 0.091336
Model_1_goa_dr_2022.dat 5 2030 Fofl 0.112293
Model_1_goa_dr_2022.dat 5 2030  F_LCI 0
Model_1_goa_dr_2022.dat 5 2030  F_UCI 0
Model_1_goa_dr_2022.dat 5 2030  F_Median 0
Model_1_goa_dr_2022.dat 5 2030  F_Mean 0
Model_1_goa_dr_2022.dat 5 2031 F0 0 
Model_1_goa_dr_2022.dat 5 2031 Fabc 0.091336
Model_1_goa_dr_2022.dat 5 2031 Fofl 0.112293
Model_1_goa_dr_2022.dat 5 2031  F_LCI 0
Model_1_goa_dr_2022.dat 5 2031  F_UCI 0
Model_1_goa_dr_2022.dat 5 2031  F_Median 0
Model_1_goa_dr_2022.dat 5 2031  F_Mean 0
Model_1_goa_dr_2022.dat 5 2032 F0 0 
Model_1_goa_dr_2022.dat 5 2032 Fabc 0.091336
Model_1_goa_dr_2022.dat 5 2032 Fofl 0.112293
Model_1_goa_dr_2022.dat 5 2032  F_LCI 0
Model_1_goa_dr_2022.dat 5 2032  F_UCI 0
Model_1_goa_dr_2022.dat 5 2032  F_Median 0
Model_1_goa_dr_2022.dat 5 2032  F_Mean 0
Model_1_goa_dr_2022.dat 5 2033 F0 0 
Model_1_goa_dr_2022.dat 5 2033 Fabc 0.091336
Model_1_goa_dr_2022.dat 5 2033 Fofl 0.112293
Model_1_goa_dr_2022.dat 5 2033  F_LCI 0
Model_1_goa_dr_2022.dat 5 2033  F_UCI 0
Model_1_goa_dr_2022.dat 5 2033  F_Median 0
Model_1_goa_dr_2022.dat 5 2033  F_Mean 0
Model_1_goa_dr_2022.dat 6 2020 Cabc 4.61738
Model_1_goa_dr_2022.dat 6 2020 Cofl 4.93664
Model_1_goa_dr_2022.dat 6 2020 CLCI 2.55641
Model_1_goa_dr_2022.dat 6 2020 CUCI 2.55641
Model_1_goa_dr_2022.dat 6 2020 CMedian 2.55641
Model_1_goa_dr_2022.dat 6 2020 CMean 2.55641
Model_1_goa_dr_2022.dat 6 2021 Cabc 4.61738
Model_1_goa_dr_2022.dat 6 2021 Cofl 4.93664
Model_1_goa_dr_2022.dat 6 2021 CLCI 9.6276
Model_1_goa_dr_2022.dat 6 2021 CUCI 9.62785
Model_1_goa_dr_2022.dat 6 2021 CMedian 9.62767
Model_1_goa_dr_2022.dat 6 2021 CMean 9.62769
Model_1_goa_dr_2022.dat 6 2022 Cabc 4.61738
Model_1_goa_dr_2022.dat 6 2022 Cofl 4.93664
Model_1_goa_dr_2022.dat 6 2022 CLCI 8.65757
Model_1_goa_dr_2022.dat 6 2022 CUCI 8.65888
Model_1_goa_dr_2022.dat 6 2022 CMedian 8.65794
Model_1_goa_dr_2022.dat 6 2022 CMean 8.65805
Model_1_goa_dr_2022.dat 6 2023 Cabc 4.61738
Model_1_goa_dr_2022.dat 6 2023 Cofl 4.93664
Model_1_goa_dr_2022.dat 6 2023 CLCI 7.73684
Model_1_goa_dr_2022.dat 6 2023 CUCI 7.74276
Model_1_goa_dr_2022.dat 6 2023 CMedian 7.73853
Model_1_goa_dr_2022.dat 6 2023 CMean 7.73899
Model_1_goa_dr_2022.dat 6 2024 Cabc 4.61738
Model_1_goa_dr_2022.dat 6 2024 Cofl 4.93664
Model_1_goa_dr_2022.dat 6 2024 CLCI 6.86891
Model_1_goa_dr_2022.dat 6 2024 CUCI 6.8923
Model_1_goa_dr_2022.dat 6 2024 CMedian 6.87572
Model_1_goa_dr_2022.dat 6 2024 CMean 6.87754
Model_1_goa_dr_2022.dat 6 2025 Cabc 4.61738
Model_1_goa_dr_2022.dat 6 2025 Cofl 4.93664
Model_1_goa_dr_2022.dat 6 2025 CLCI 6.07914
Model_1_goa_dr_2022.dat 6 2025 CUCI 6.16396
Model_1_goa_dr_2022.dat 6 2025 CMedian 6.10407
Model_1_goa_dr_2022.dat 6 2025 CMean 6.11063
Model_1_goa_dr_2022.dat 6 2026 Cabc 4.61738
Model_1_goa_dr_2022.dat 6 2026 Cofl 4.93664
Model_1_goa_dr_2022.dat 6 2026 CLCI 5.25749
Model_1_goa_dr_2022.dat 6 2026 CUCI 5.65794
Model_1_goa_dr_2022.dat 6 2026 CMedian 5.46838
Model_1_goa_dr_2022.dat 6 2026 CMean 5.45697
Model_1_goa_dr_2022.dat 6 2027 Cabc 4.61738
Model_1_goa_dr_2022.dat 6 2027 Cofl 4.93664
Model_1_goa_dr_2022.dat 6 2027 CLCI 4.29003
Model_1_goa_dr_2022.dat 6 2027 CUCI 5.4851
Model_1_goa_dr_2022.dat 6 2027 CMedian 4.68059
Model_1_goa_dr_2022.dat 6 2027 CMean 4.75772
Model_1_goa_dr_2022.dat 6 2028 Cabc 4.61738
Model_1_goa_dr_2022.dat 6 2028 Cofl 4.93664
Model_1_goa_dr_2022.dat 6 2028 CLCI 3.69772
Model_1_goa_dr_2022.dat 6 2028 CUCI 5.59573
Model_1_goa_dr_2022.dat 6 2028 CMedian 4.28894
Model_1_goa_dr_2022.dat 6 2028 CMean 4.42004
Model_1_goa_dr_2022.dat 6 2029 Cabc 4.61738
Model_1_goa_dr_2022.dat 6 2029 Cofl 4.93664
Model_1_goa_dr_2022.dat 6 2029 CLCI 3.36742
Model_1_goa_dr_2022.dat 6 2029 CUCI 5.78319
Model_1_goa_dr_2022.dat 6 2029 CMedian 4.14074
Model_1_goa_dr_2022.dat 6 2029 CMean 4.32077
Model_1_goa_dr_2022.dat 6 2030 Cabc 4.61738
Model_1_goa_dr_2022.dat 6 2030 Cofl 4.93664
Model_1_goa_dr_2022.dat 6 2030 CLCI 3.16964
Model_1_goa_dr_2022.dat 6 2030 CUCI 5.94987
Model_1_goa_dr_2022.dat 6 2030 CMedian 4.16467
Model_1_goa_dr_2022.dat 6 2030 CMean 4.33037
Model_1_goa_dr_2022.dat 6 2031 Cabc 4.61738
Model_1_goa_dr_2022.dat 6 2031 Cofl 4.93664
Model_1_goa_dr_2022.dat 6 2031 CLCI 3.03113
Model_1_goa_dr_2022.dat 6 2031 CUCI 6.11704
Model_1_goa_dr_2022.dat 6 2031 CMedian 4.21255
Model_1_goa_dr_2022.dat 6 2031 CMean 4.37849
Model_1_goa_dr_2022.dat 6 2032 Cabc 4.61738
Model_1_goa_dr_2022.dat 6 2032 Cofl 4.93664
Model_1_goa_dr_2022.dat 6 2032 CLCI 3.00642
Model_1_goa_dr_2022.dat 6 2032 CUCI 6.22132
Model_1_goa_dr_2022.dat 6 2032 CMedian 4.28834
Model_1_goa_dr_2022.dat 6 2032 CMean 4.43626
Model_1_goa_dr_2022.dat 6 2033 Cabc 4.61738
Model_1_goa_dr_2022.dat 6 2033 Cofl 4.93664
Model_1_goa_dr_2022.dat 6 2033 CLCI 3.00039
Model_1_goa_dr_2022.dat 6 2033 CUCI 6.32795
Model_1_goa_dr_2022.dat 6 2033 CMedian 4.37621
Model_1_goa_dr_2022.dat 6 2033 CMean 4.49865
Model_1_goa_dr_2022.dat 6 2020 SSBF100 65.4957
Model_1_goa_dr_2022.dat 6 2020 SSBFabc 26.1983
Model_1_goa_dr_2022.dat 6 2020 SSBFofl 22.9235
Model_1_goa_dr_2022.dat 6 2020 SSBLCI 44.9747
Model_1_goa_dr_2022.dat 6 2020 SSBUCI 44.9747
Model_1_goa_dr_2022.dat 6 2020 SSBMedian 44.9747
Model_1_goa_dr_2022.dat 6 2020 SSBMean 44.9747
Model_1_goa_dr_2022.dat 6 2021 SSBF100 65.4957
Model_1_goa_dr_2022.dat 6 2021 SSBFabc 26.1983
Model_1_goa_dr_2022.dat 6 2021 SSBFofl 22.9235
Model_1_goa_dr_2022.dat 6 2021 SSBLCI 44.0312
Model_1_goa_dr_2022.dat 6 2021 SSBUCI 44.0579
Model_1_goa_dr_2022.dat 6 2021 SSBMedian 44.0381
Model_1_goa_dr_2022.dat 6 2021 SSBMean 44.0406
Model_1_goa_dr_2022.dat 6 2022 SSBF100 65.4957
Model_1_goa_dr_2022.dat 6 2022 SSBFabc 26.1983
Model_1_goa_dr_2022.dat 6 2022 SSBFofl 22.9235
Model_1_goa_dr_2022.dat 6 2022 SSBLCI 39.8656
Model_1_goa_dr_2022.dat 6 2022 SSBUCI 39.9517
Model_1_goa_dr_2022.dat 6 2022 SSBMedian 39.8914
Model_1_goa_dr_2022.dat 6 2022 SSBMean 39.8982
Model_1_goa_dr_2022.dat 6 2023 SSBF100 65.4957
Model_1_goa_dr_2022.dat 6 2023 SSBFabc 26.1983
Model_1_goa_dr_2022.dat 6 2023 SSBFofl 22.9235
Model_1_goa_dr_2022.dat 6 2023 SSBLCI 35.794
Model_1_goa_dr_2022.dat 6 2023 SSBUCI 36.0239
Model_1_goa_dr_2022.dat 6 2023 SSBMedian 35.8638
Model_1_goa_dr_2022.dat 6 2023 SSBMean 35.8824
Model_1_goa_dr_2022.dat 6 2024 SSBF100 65.4957
Model_1_goa_dr_2022.dat 6 2024 SSBFabc 26.1983
Model_1_goa_dr_2022.dat 6 2024 SSBFofl 22.9235
Model_1_goa_dr_2022.dat 6 2024 SSBLCI 31.9619
Model_1_goa_dr_2022.dat 6 2024 SSBUCI 32.4964
Model_1_goa_dr_2022.dat 6 2024 SSBMedian 32.1322
Model_1_goa_dr_2022.dat 6 2024 SSBMean 32.1709
Model_1_goa_dr_2022.dat 6 2025 SSBF100 65.4957
Model_1_goa_dr_2022.dat 6 2025 SSBFabc 26.1983
Model_1_goa_dr_2022.dat 6 2025 SSBFofl 22.9235
Model_1_goa_dr_2022.dat 6 2025 SSBLCI 28.4953
Model_1_goa_dr_2022.dat 6 2025 SSBUCI 29.6253
Model_1_goa_dr_2022.dat 6 2025 SSBMedian 28.8715
Model_1_goa_dr_2022.dat 6 2025 SSBMean 28.9403
Model_1_goa_dr_2022.dat 6 2026 SSBF100 65.4957
Model_1_goa_dr_2022.dat 6 2026 SSBFabc 26.1983
Model_1_goa_dr_2022.dat 6 2026 SSBFofl 22.9235
Model_1_goa_dr_2022.dat 6 2026 SSBLCI 25.5117
Model_1_goa_dr_2022.dat 6 2026 SSBUCI 27.629
Model_1_goa_dr_2022.dat 6 2026 SSBMedian 26.2119
Model_1_goa_dr_2022.dat 6 2026 SSBMean 26.3548
Model_1_goa_dr_2022.dat 6 2027 SSBF100 65.4957
Model_1_goa_dr_2022.dat 6 2027 SSBFabc 26.1983
Model_1_goa_dr_2022.dat 6 2027 SSBFofl 22.9235
Model_1_goa_dr_2022.dat 6 2027 SSBLCI 23.1724
Model_1_goa_dr_2022.dat 6 2027 SSBUCI 26.666
Model_1_goa_dr_2022.dat 6 2027 SSBMedian 24.3002
Model_1_goa_dr_2022.dat 6 2027 SSBMean 24.5409
Model_1_goa_dr_2022.dat 6 2028 SSBF100 65.4957
Model_1_goa_dr_2022.dat 6 2028 SSBFabc 26.1983
Model_1_goa_dr_2022.dat 6 2028 SSBFofl 22.9235
Model_1_goa_dr_2022.dat 6 2028 SSBLCI 21.562
Model_1_goa_dr_2022.dat 6 2028 SSBUCI 26.4189
Model_1_goa_dr_2022.dat 6 2028 SSBMedian 23.1735
Model_1_goa_dr_2022.dat 6 2028 SSBMean 23.5468
Model_1_goa_dr_2022.dat 6 2029 SSBF100 65.4957
Model_1_goa_dr_2022.dat 6 2029 SSBFabc 26.1983
Model_1_goa_dr_2022.dat 6 2029 SSBFofl 22.9235
Model_1_goa_dr_2022.dat 6 2029 SSBLCI 20.568
Model_1_goa_dr_2022.dat 6 2029 SSBUCI 26.8115
Model_1_goa_dr_2022.dat 6 2029 SSBMedian 22.7593
Model_1_goa_dr_2022.dat 6 2029 SSBMean 23.1331
Model_1_goa_dr_2022.dat 6 2030 SSBF100 65.4957
Model_1_goa_dr_2022.dat 6 2030 SSBFabc 26.1983
Model_1_goa_dr_2022.dat 6 2030 SSBFofl 22.9235
Model_1_goa_dr_2022.dat 6 2030 SSBLCI 19.9102
Model_1_goa_dr_2022.dat 6 2030 SSBUCI 27.3907
Model_1_goa_dr_2022.dat 6 2030 SSBMedian 22.6555
Model_1_goa_dr_2022.dat 6 2030 SSBMean 23.0556
Model_1_goa_dr_2022.dat 6 2031 SSBF100 65.4957
Model_1_goa_dr_2022.dat 6 2031 SSBFabc 26.1983
Model_1_goa_dr_2022.dat 6 2031 SSBFofl 22.9235
Model_1_goa_dr_2022.dat 6 2031 SSBLCI 19.4963
Model_1_goa_dr_2022.dat 6 2031 SSBUCI 28.0465
Model_1_goa_dr_2022.dat 6 2031 SSBMedian 22.7688
Model_1_goa_dr_2022.dat 6 2031 SSBMean 23.1434
Model_1_goa_dr_2022.dat 6 2032 SSBF100 65.4957
Model_1_goa_dr_2022.dat 6 2032 SSBFabc 26.1983
Model_1_goa_dr_2022.dat 6 2032 SSBFofl 22.9235
Model_1_goa_dr_2022.dat 6 2032 SSBLCI 19.3829
Model_1_goa_dr_2022.dat 6 2032 SSBUCI 28.3578
Model_1_goa_dr_2022.dat 6 2032 SSBMedian 22.9131
Model_1_goa_dr_2022.dat 6 2032 SSBMean 23.298
Model_1_goa_dr_2022.dat 6 2033 SSBF100 65.4957
Model_1_goa_dr_2022.dat 6 2033 SSBFabc 26.1983
Model_1_goa_dr_2022.dat 6 2033 SSBFofl 22.9235
Model_1_goa_dr_2022.dat 6 2033 SSBLCI 19.345
Model_1_goa_dr_2022.dat 6 2033 SSBUCI 28.7532
Model_1_goa_dr_2022.dat 6 2033 SSBMedian 23.0914
Model_1_goa_dr_2022.dat 6 2033 SSBMean 23.4736
Model_1_goa_dr_2022.dat 6 2020 F0 0 
Model_1_goa_dr_2022.dat 6 2020 Fabc 0.091336
Model_1_goa_dr_2022.dat 6 2020 Fofl 0.112293
Model_1_goa_dr_2022.dat 6 2020  F_LCI 0.0282297
Model_1_goa_dr_2022.dat 6 2020  F_UCI 0.0282297
Model_1_goa_dr_2022.dat 6 2020  F_Median 0.0282297
Model_1_goa_dr_2022.dat 6 2020  F_Mean 0.0282297
Model_1_goa_dr_2022.dat 6 2021 F0 0 
Model_1_goa_dr_2022.dat 6 2021 Fabc 0.091336
Model_1_goa_dr_2022.dat 6 2021 Fofl 0.112293
Model_1_goa_dr_2022.dat 6 2021  F_LCI 0.112293
Model_1_goa_dr_2022.dat 6 2021  F_UCI 0.112293
Model_1_goa_dr_2022.dat 6 2021  F_Median 0.112293
Model_1_goa_dr_2022.dat 6 2021  F_Mean 0.112293
Model_1_goa_dr_2022.dat 6 2022 F0 0 
Model_1_goa_dr_2022.dat 6 2022 Fabc 0.091336
Model_1_goa_dr_2022.dat 6 2022 Fofl 0.112293
Model_1_goa_dr_2022.dat 6 2022  F_LCI 0.112293
Model_1_goa_dr_2022.dat 6 2022  F_UCI 0.112293
Model_1_goa_dr_2022.dat 6 2022  F_Median 0.112293
Model_1_goa_dr_2022.dat 6 2022  F_Mean 0.112293
Model_1_goa_dr_2022.dat 6 2023 F0 0 
Model_1_goa_dr_2022.dat 6 2023 Fabc 0.091336
Model_1_goa_dr_2022.dat 6 2023 Fofl 0.112293
Model_1_goa_dr_2022.dat 6 2023  F_LCI 0.112293
Model_1_goa_dr_2022.dat 6 2023  F_UCI 0.112293
Model_1_goa_dr_2022.dat 6 2023  F_Median 0.112293
Model_1_goa_dr_2022.dat 6 2023  F_Mean 0.112293
Model_1_goa_dr_2022.dat 6 2024 F0 0 
Model_1_goa_dr_2022.dat 6 2024 Fabc 0.091336
Model_1_goa_dr_2022.dat 6 2024 Fofl 0.112293
Model_1_goa_dr_2022.dat 6 2024  F_LCI 0.112293
Model_1_goa_dr_2022.dat 6 2024  F_UCI 0.112293
Model_1_goa_dr_2022.dat 6 2024  F_Median 0.112293
Model_1_goa_dr_2022.dat 6 2024  F_Mean 0.112293
Model_1_goa_dr_2022.dat 6 2025 F0 0 
Model_1_goa_dr_2022.dat 6 2025 Fabc 0.091336
Model_1_goa_dr_2022.dat 6 2025 Fofl 0.112293
Model_1_goa_dr_2022.dat 6 2025  F_LCI 0.112293
Model_1_goa_dr_2022.dat 6 2025  F_UCI 0.112293
Model_1_goa_dr_2022.dat 6 2025  F_Median 0.112293
Model_1_goa_dr_2022.dat 6 2025  F_Mean 0.112293
Model_1_goa_dr_2022.dat 6 2026 F0 0 
Model_1_goa_dr_2022.dat 6 2026 Fabc 0.091336
Model_1_goa_dr_2022.dat 6 2026 Fofl 0.112293
Model_1_goa_dr_2022.dat 6 2026  F_LCI 0.109195
Model_1_goa_dr_2022.dat 6 2026  F_UCI 0.112293
Model_1_goa_dr_2022.dat 6 2026  F_Median 0.112293
Model_1_goa_dr_2022.dat 6 2026  F_Mean 0.111459
Model_1_goa_dr_2022.dat 6 2027 F0 0 
Model_1_goa_dr_2022.dat 6 2027 Fabc 0.091336
Model_1_goa_dr_2022.dat 6 2027 Fofl 0.112293
Model_1_goa_dr_2022.dat 6 2027  F_LCI 0.0986408
Model_1_goa_dr_2022.dat 6 2027  F_UCI 0.112293
Model_1_goa_dr_2022.dat 6 2027  F_Median 0.103729
Model_1_goa_dr_2022.dat 6 2027  F_Mean 0.104403
Model_1_goa_dr_2022.dat 6 2028 F0 0 
Model_1_goa_dr_2022.dat 6 2028 Fabc 0.091336
Model_1_goa_dr_2022.dat 6 2028 Fofl 0.112293
Model_1_goa_dr_2022.dat 6 2028  F_LCI 0.0913747
Model_1_goa_dr_2022.dat 6 2028  F_UCI 0.112293
Model_1_goa_dr_2022.dat 6 2028  F_Median 0.0986459
Model_1_goa_dr_2022.dat 6 2028  F_Mean 0.0998635
Model_1_goa_dr_2022.dat 6 2029 F0 0 
Model_1_goa_dr_2022.dat 6 2029 Fabc 0.091336
Model_1_goa_dr_2022.dat 6 2029 Fofl 0.112293
Model_1_goa_dr_2022.dat 6 2029  F_LCI 0.0868901
Model_1_goa_dr_2022.dat 6 2029  F_UCI 0.112293
Model_1_goa_dr_2022.dat 6 2029  F_Median 0.0967768
Model_1_goa_dr_2022.dat 6 2029  F_Mean 0.0978126
Model_1_goa_dr_2022.dat 6 2030 F0 0 
Model_1_goa_dr_2022.dat 6 2030 Fabc 0.091336
Model_1_goa_dr_2022.dat 6 2030 Fofl 0.112293
Model_1_goa_dr_2022.dat 6 2030  F_LCI 0.0839222
Model_1_goa_dr_2022.dat 6 2030  F_UCI 0.112293
Model_1_goa_dr_2022.dat 6 2030  F_Median 0.0963083
Model_1_goa_dr_2022.dat 6 2030  F_Mean 0.0972211
Model_1_goa_dr_2022.dat 6 2031 F0 0 
Model_1_goa_dr_2022.dat 6 2031 Fabc 0.091336
Model_1_goa_dr_2022.dat 6 2031 Fofl 0.112293
Model_1_goa_dr_2022.dat 6 2031  F_LCI 0.0820547
Model_1_goa_dr_2022.dat 6 2031  F_UCI 0.112293
Model_1_goa_dr_2022.dat 6 2031  F_Median 0.0968198
Model_1_goa_dr_2022.dat 6 2031  F_Mean 0.0973556
Model_1_goa_dr_2022.dat 6 2032 F0 0 
Model_1_goa_dr_2022.dat 6 2032 Fabc 0.091336
Model_1_goa_dr_2022.dat 6 2032 Fofl 0.112293
Model_1_goa_dr_2022.dat 6 2032  F_LCI 0.0815428
Model_1_goa_dr_2022.dat 6 2032  F_UCI 0.112293
Model_1_goa_dr_2022.dat 6 2032  F_Median 0.0974708
Model_1_goa_dr_2022.dat 6 2032  F_Mean 0.0977929
Model_1_goa_dr_2022.dat 6 2033 F0 0 
Model_1_goa_dr_2022.dat 6 2033 Fabc 0.091336
Model_1_goa_dr_2022.dat 6 2033 Fofl 0.112293
Model_1_goa_dr_2022.dat 6 2033  F_LCI 0.081372
Model_1_goa_dr_2022.dat 6 2033  F_UCI 0.112293
Model_1_goa_dr_2022.dat 6 2033  F_Median 0.098275
Model_1_goa_dr_2022.dat 6 2033  F_Mean 0.0983597
Model_1_goa_dr_2022.dat 7 2020 Cabc 4.61738
Model_1_goa_dr_2022.dat 7 2020 Cofl 4.93664
Model_1_goa_dr_2022.dat 7 2020 CLCI 2.55641
Model_1_goa_dr_2022.dat 7 2020 CUCI 2.55641
Model_1_goa_dr_2022.dat 7 2020 CMedian 2.55641
Model_1_goa_dr_2022.dat 7 2020 CMean 2.55641
Model_1_goa_dr_2022.dat 7 2021 Cabc 4.61738
Model_1_goa_dr_2022.dat 7 2021 Cofl 4.93664
Model_1_goa_dr_2022.dat 7 2021 CLCI 7.9081
Model_1_goa_dr_2022.dat 7 2021 CUCI 7.9083
Model_1_goa_dr_2022.dat 7 2021 CMedian 7.90815
Model_1_goa_dr_2022.dat 7 2021 CMean 7.90817
Model_1_goa_dr_2022.dat 7 2022 Cabc 4.61738
Model_1_goa_dr_2022.dat 7 2022 Cofl 4.93664
Model_1_goa_dr_2022.dat 7 2022 CLCI 7.25327
Model_1_goa_dr_2022.dat 7 2022 CUCI 7.25434
Model_1_goa_dr_2022.dat 7 2022 CMedian 7.25357
Model_1_goa_dr_2022.dat 7 2022 CMean 7.25366
Model_1_goa_dr_2022.dat 7 2023 Cabc 4.61738
Model_1_goa_dr_2022.dat 7 2023 Cofl 4.93664
Model_1_goa_dr_2022.dat 7 2023 CLCI 8.04416
Model_1_goa_dr_2022.dat 7 2023 CUCI 8.05007
Model_1_goa_dr_2022.dat 7 2023 CMedian 8.04584
Model_1_goa_dr_2022.dat 7 2023 CMean 8.04631
Model_1_goa_dr_2022.dat 7 2024 Cabc 4.61738
Model_1_goa_dr_2022.dat 7 2024 Cofl 4.93664
Model_1_goa_dr_2022.dat 7 2024 CLCI 7.13314
Model_1_goa_dr_2022.dat 7 2024 CUCI 7.15653
Model_1_goa_dr_2022.dat 7 2024 CMedian 7.13995
Model_1_goa_dr_2022.dat 7 2024 CMean 7.14177
Model_1_goa_dr_2022.dat 7 2025 Cabc 4.61738
Model_1_goa_dr_2022.dat 7 2025 Cofl 4.93664
Model_1_goa_dr_2022.dat 7 2025 CLCI 6.30451
Model_1_goa_dr_2022.dat 7 2025 CUCI 6.38934
Model_1_goa_dr_2022.dat 7 2025 CMedian 6.32944
Model_1_goa_dr_2022.dat 7 2025 CMean 6.336
Model_1_goa_dr_2022.dat 7 2026 Cabc 4.61738
Model_1_goa_dr_2022.dat 7 2026 Cofl 4.93664
Model_1_goa_dr_2022.dat 7 2026 CLCI 5.58662
Model_1_goa_dr_2022.dat 7 2026 CUCI 5.84916
Model_1_goa_dr_2022.dat 7 2026 CMedian 5.66545
Model_1_goa_dr_2022.dat 7 2026 CMean 5.6863
Model_1_goa_dr_2022.dat 7 2027 Cabc 4.61738
Model_1_goa_dr_2022.dat 7 2027 Cofl 4.93664
Model_1_goa_dr_2022.dat 7 2027 CLCI 4.55248
Model_1_goa_dr_2022.dat 7 2027 CUCI 5.64904
Model_1_goa_dr_2022.dat 7 2027 CMedian 4.9803
Model_1_goa_dr_2022.dat 7 2027 CMean 5.03251
Model_1_goa_dr_2022.dat 7 2028 Cabc 4.61738
Model_1_goa_dr_2022.dat 7 2028 Cofl 4.93664
Model_1_goa_dr_2022.dat 7 2028 CLCI 3.88486
Model_1_goa_dr_2022.dat 7 2028 CUCI 5.73201
Model_1_goa_dr_2022.dat 7 2028 CMedian 4.50725
Model_1_goa_dr_2022.dat 7 2028 CMean 4.6279
Model_1_goa_dr_2022.dat 7 2029 Cabc 4.61738
Model_1_goa_dr_2022.dat 7 2029 Cofl 4.93664
Model_1_goa_dr_2022.dat 7 2029 CLCI 3.50667
Model_1_goa_dr_2022.dat 7 2029 CUCI 5.89786
Model_1_goa_dr_2022.dat 7 2029 CMedian 4.30417
Model_1_goa_dr_2022.dat 7 2029 CMean 4.47683
Model_1_goa_dr_2022.dat 7 2030 Cabc 4.61738
Model_1_goa_dr_2022.dat 7 2030 Cofl 4.93664
Model_1_goa_dr_2022.dat 7 2030 CLCI 3.2741
Model_1_goa_dr_2022.dat 7 2030 CUCI 6.04161
Model_1_goa_dr_2022.dat 7 2030 CMedian 4.28779
Model_1_goa_dr_2022.dat 7 2030 CMean 4.44847
Model_1_goa_dr_2022.dat 7 2031 Cabc 4.61738
Model_1_goa_dr_2022.dat 7 2031 Cofl 4.93664
Model_1_goa_dr_2022.dat 7 2031 CLCI 3.11365
Model_1_goa_dr_2022.dat 7 2031 CUCI 6.17879
Model_1_goa_dr_2022.dat 7 2031 CMedian 4.306
Model_1_goa_dr_2022.dat 7 2031 CMean 4.46798
Model_1_goa_dr_2022.dat 7 2032 Cabc 4.61738
Model_1_goa_dr_2022.dat 7 2032 Cofl 4.93664
Model_1_goa_dr_2022.dat 7 2032 CLCI 3.06856
Model_1_goa_dr_2022.dat 7 2032 CUCI 6.2696
Model_1_goa_dr_2022.dat 7 2032 CMedian 4.35858
Model_1_goa_dr_2022.dat 7 2032 CMean 4.50385
Model_1_goa_dr_2022.dat 7 2033 Cabc 4.61738
Model_1_goa_dr_2022.dat 7 2033 Cofl 4.93664
Model_1_goa_dr_2022.dat 7 2033 CLCI 3.05018
Model_1_goa_dr_2022.dat 7 2033 CUCI 6.36192
Model_1_goa_dr_2022.dat 7 2033 CMedian 4.43585
Model_1_goa_dr_2022.dat 7 2033 CMean 4.54956
Model_1_goa_dr_2022.dat 7 2020 SSBF100 65.4957
Model_1_goa_dr_2022.dat 7 2020 SSBFabc 26.1983
Model_1_goa_dr_2022.dat 7 2020 SSBFofl 22.9235
Model_1_goa_dr_2022.dat 7 2020 SSBLCI 44.9747
Model_1_goa_dr_2022.dat 7 2020 SSBUCI 44.9747
Model_1_goa_dr_2022.dat 7 2020 SSBMedian 44.9747
Model_1_goa_dr_2022.dat 7 2020 SSBMean 44.9747
Model_1_goa_dr_2022.dat 7 2021 SSBF100 65.4957
Model_1_goa_dr_2022.dat 7 2021 SSBFabc 26.1983
Model_1_goa_dr_2022.dat 7 2021 SSBFofl 22.9235
Model_1_goa_dr_2022.dat 7 2021 SSBLCI 44.1789
Model_1_goa_dr_2022.dat 7 2021 SSBUCI 44.2057
Model_1_goa_dr_2022.dat 7 2021 SSBMedian 44.1858
Model_1_goa_dr_2022.dat 7 2021 SSBMean 44.1883
Model_1_goa_dr_2022.dat 7 2022 SSBF100 65.4957
Model_1_goa_dr_2022.dat 7 2022 SSBFabc 26.1983
Model_1_goa_dr_2022.dat 7 2022 SSBFofl 22.9235
Model_1_goa_dr_2022.dat 7 2022 SSBLCI 40.7944
Model_1_goa_dr_2022.dat 7 2022 SSBUCI 40.8805
Model_1_goa_dr_2022.dat 7 2022 SSBMedian 40.8201
Model_1_goa_dr_2022.dat 7 2022 SSBMean 40.8269
Model_1_goa_dr_2022.dat 7 2023 SSBF100 65.4957
Model_1_goa_dr_2022.dat 7 2023 SSBFabc 26.1983
Model_1_goa_dr_2022.dat 7 2023 SSBFofl 22.9235
Model_1_goa_dr_2022.dat 7 2023 SSBLCI 37.2141
Model_1_goa_dr_2022.dat 7 2023 SSBUCI 37.444
Model_1_goa_dr_2022.dat 7 2023 SSBMedian 37.2839
Model_1_goa_dr_2022.dat 7 2023 SSBMean 37.3025
Model_1_goa_dr_2022.dat 7 2024 SSBF100 65.4957
Model_1_goa_dr_2022.dat 7 2024 SSBFabc 26.1983
Model_1_goa_dr_2022.dat 7 2024 SSBFofl 22.9235
Model_1_goa_dr_2022.dat 7 2024 SSBLCI 33.191
Model_1_goa_dr_2022.dat 7 2024 SSBUCI 33.7256
Model_1_goa_dr_2022.dat 7 2024 SSBMedian 33.3614
Model_1_goa_dr_2022.dat 7 2024 SSBMean 33.4
Model_1_goa_dr_2022.dat 7 2025 SSBF100 65.4957
Model_1_goa_dr_2022.dat 7 2025 SSBFabc 26.1983
Model_1_goa_dr_2022.dat 7 2025 SSBFofl 22.9235
Model_1_goa_dr_2022.dat 7 2025 SSBLCI 29.5494
Model_1_goa_dr_2022.dat 7 2025 SSBUCI 30.6795
Model_1_goa_dr_2022.dat 7 2025 SSBMedian 29.9256
Model_1_goa_dr_2022.dat 7 2025 SSBMean 29.9945
Model_1_goa_dr_2022.dat 7 2026 SSBF100 65.4957
Model_1_goa_dr_2022.dat 7 2026 SSBFabc 26.1983
Model_1_goa_dr_2022.dat 7 2026 SSBFofl 22.9235
Model_1_goa_dr_2022.dat 7 2026 SSBLCI 26.397
Model_1_goa_dr_2022.dat 7 2026 SSBUCI 28.5269
Model_1_goa_dr_2022.dat 7 2026 SSBMedian 27.1097
Model_1_goa_dr_2022.dat 7 2026 SSBMean 27.2493
Model_1_goa_dr_2022.dat 7 2027 SSBF100 65.4957
Model_1_goa_dr_2022.dat 7 2027 SSBFabc 26.1983
Model_1_goa_dr_2022.dat 7 2027 SSBFofl 22.9235
Model_1_goa_dr_2022.dat 7 2027 SSBLCI 23.858
Model_1_goa_dr_2022.dat 7 2027 SSBUCI 27.4269
Model_1_goa_dr_2022.dat 7 2027 SSBMedian 25.0493
Model_1_goa_dr_2022.dat 7 2027 SSBMean 25.2742
Model_1_goa_dr_2022.dat 7 2028 SSBF100 65.4957
Model_1_goa_dr_2022.dat 7 2028 SSBFabc 26.1983
Model_1_goa_dr_2022.dat 7 2028 SSBFofl 22.9235
Model_1_goa_dr_2022.dat 7 2028 SSBLCI 22.0923
Model_1_goa_dr_2022.dat 7 2028 SSBUCI 27.0614
Model_1_goa_dr_2022.dat 7 2028 SSBMedian 23.7412
Model_1_goa_dr_2022.dat 7 2028 SSBMean 24.1143
Model_1_goa_dr_2022.dat 7 2029 SSBF100 65.4957
Model_1_goa_dr_2022.dat 7 2029 SSBFabc 26.1983
Model_1_goa_dr_2022.dat 7 2029 SSBFofl 22.9235
Model_1_goa_dr_2022.dat 7 2029 SSBLCI 20.9808
Model_1_goa_dr_2022.dat 7 2029 SSBUCI 27.3393
Model_1_goa_dr_2022.dat 7 2029 SSBMedian 23.1894
Model_1_goa_dr_2022.dat 7 2029 SSBMean 23.572
Model_1_goa_dr_2022.dat 7 2030 SSBF100 65.4957
Model_1_goa_dr_2022.dat 7 2030 SSBFabc 26.1983
Model_1_goa_dr_2022.dat 7 2030 SSBFofl 22.9235
Model_1_goa_dr_2022.dat 7 2030 SSBLCI 20.2367
Model_1_goa_dr_2022.dat 7 2030 SSBUCI 27.7967
Model_1_goa_dr_2022.dat 7 2030 SSBMedian 22.9809
Model_1_goa_dr_2022.dat 7 2030 SSBMean 23.3945
Model_1_goa_dr_2022.dat 7 2031 SSBF100 65.4957
Model_1_goa_dr_2022.dat 7 2031 SSBFabc 26.1983
Model_1_goa_dr_2022.dat 7 2031 SSBFofl 22.9235
Model_1_goa_dr_2022.dat 7 2031 SSBLCI 19.7492
Model_1_goa_dr_2022.dat 7 2031 SSBUCI 28.3643
Model_1_goa_dr_2022.dat 7 2031 SSBMedian 23.019
Model_1_goa_dr_2022.dat 7 2031 SSBMean 23.4041
Model_1_goa_dr_2022.dat 7 2032 SSBF100 65.4957
Model_1_goa_dr_2022.dat 7 2032 SSBFabc 26.1983
Model_1_goa_dr_2022.dat 7 2032 SSBFofl 22.9235
Model_1_goa_dr_2022.dat 7 2032 SSBLCI 19.5806
Model_1_goa_dr_2022.dat 7 2032 SSBUCI 28.6457
Model_1_goa_dr_2022.dat 7 2032 SSBMedian 23.0986
Model_1_goa_dr_2022.dat 7 2032 SSBMean 23.4976
Model_1_goa_dr_2022.dat 7 2033 SSBF100 65.4957
Model_1_goa_dr_2022.dat 7 2033 SSBFabc 26.1983
Model_1_goa_dr_2022.dat 7 2033 SSBFofl 22.9235
Model_1_goa_dr_2022.dat 7 2033 SSBLCI 19.4975
Model_1_goa_dr_2022.dat 7 2033 SSBUCI 28.9325
Model_1_goa_dr_2022.dat 7 2033 SSBMedian 23.2298
Model_1_goa_dr_2022.dat 7 2033 SSBMean 23.626
Model_1_goa_dr_2022.dat 7 2020 F0 0 
Model_1_goa_dr_2022.dat 7 2020 Fabc 0.091336
Model_1_goa_dr_2022.dat 7 2020 Fofl 0.112293
Model_1_goa_dr_2022.dat 7 2020  F_LCI 0.0282297
Model_1_goa_dr_2022.dat 7 2020  F_UCI 0.0282297
Model_1_goa_dr_2022.dat 7 2020  F_Median 0.0282297
Model_1_goa_dr_2022.dat 7 2020  F_Mean 0.0282297
Model_1_goa_dr_2022.dat 7 2021 F0 0 
Model_1_goa_dr_2022.dat 7 2021 Fabc 0.091336
Model_1_goa_dr_2022.dat 7 2021 Fofl 0.112293
Model_1_goa_dr_2022.dat 7 2021  F_LCI 0.0913359
Model_1_goa_dr_2022.dat 7 2021  F_UCI 0.0913359
Model_1_goa_dr_2022.dat 7 2021  F_Median 0.0913359
Model_1_goa_dr_2022.dat 7 2021  F_Mean 0.0913359
Model_1_goa_dr_2022.dat 7 2022 F0 0 
Model_1_goa_dr_2022.dat 7 2022 Fabc 0.091336
Model_1_goa_dr_2022.dat 7 2022 Fofl 0.112293
Model_1_goa_dr_2022.dat 7 2022  F_LCI 0.0913359
Model_1_goa_dr_2022.dat 7 2022  F_UCI 0.0913359
Model_1_goa_dr_2022.dat 7 2022  F_Median 0.0913359
Model_1_goa_dr_2022.dat 7 2022  F_Mean 0.0913359
Model_1_goa_dr_2022.dat 7 2023 F0 0 
Model_1_goa_dr_2022.dat 7 2023 Fabc 0.091336
Model_1_goa_dr_2022.dat 7 2023 Fofl 0.112293
Model_1_goa_dr_2022.dat 7 2023  F_LCI 0.112293
Model_1_goa_dr_2022.dat 7 2023  F_UCI 0.112293
Model_1_goa_dr_2022.dat 7 2023  F_Median 0.112293
Model_1_goa_dr_2022.dat 7 2023  F_Mean 0.112293
Model_1_goa_dr_2022.dat 7 2024 F0 0 
Model_1_goa_dr_2022.dat 7 2024 Fabc 0.091336
Model_1_goa_dr_2022.dat 7 2024 Fofl 0.112293
Model_1_goa_dr_2022.dat 7 2024  F_LCI 0.112293
Model_1_goa_dr_2022.dat 7 2024  F_UCI 0.112293
Model_1_goa_dr_2022.dat 7 2024  F_Median 0.112293
Model_1_goa_dr_2022.dat 7 2024  F_Mean 0.112293
Model_1_goa_dr_2022.dat 7 2025 F0 0 
Model_1_goa_dr_2022.dat 7 2025 Fabc 0.091336
Model_1_goa_dr_2022.dat 7 2025 Fofl 0.112293
Model_1_goa_dr_2022.dat 7 2025  F_LCI 0.112293
Model_1_goa_dr_2022.dat 7 2025  F_UCI 0.112293
Model_1_goa_dr_2022.dat 7 2025  F_Median 0.112293
Model_1_goa_dr_2022.dat 7 2025  F_Mean 0.112293
Model_1_goa_dr_2022.dat 7 2026 F0 0 
Model_1_goa_dr_2022.dat 7 2026 Fabc 0.091336
Model_1_goa_dr_2022.dat 7 2026 Fofl 0.112293
Model_1_goa_dr_2022.dat 7 2026  F_LCI 0.112293
Model_1_goa_dr_2022.dat 7 2026  F_UCI 0.112293
Model_1_goa_dr_2022.dat 7 2026  F_Median 0.112293
Model_1_goa_dr_2022.dat 7 2026  F_Mean 0.112292
Model_1_goa_dr_2022.dat 7 2027 F0 0 
Model_1_goa_dr_2022.dat 7 2027 Fabc 0.091336
Model_1_goa_dr_2022.dat 7 2027 Fofl 0.112293
Model_1_goa_dr_2022.dat 7 2027  F_LCI 0.101734
Model_1_goa_dr_2022.dat 7 2027  F_UCI 0.112293
Model_1_goa_dr_2022.dat 7 2027  F_Median 0.107109
Model_1_goa_dr_2022.dat 7 2027  F_Mean 0.107286
Model_1_goa_dr_2022.dat 7 2028 F0 0 
Model_1_goa_dr_2022.dat 7 2028 Fabc 0.091336
Model_1_goa_dr_2022.dat 7 2028 Fofl 0.112293
Model_1_goa_dr_2022.dat 7 2028  F_LCI 0.0937675
Model_1_goa_dr_2022.dat 7 2028  F_UCI 0.112293
Model_1_goa_dr_2022.dat 7 2028  F_Median 0.101207
Model_1_goa_dr_2022.dat 7 2028  F_Mean 0.102185
Model_1_goa_dr_2022.dat 7 2029 F0 0 
Model_1_goa_dr_2022.dat 7 2029 Fabc 0.091336
Model_1_goa_dr_2022.dat 7 2029 Fofl 0.112293
Model_1_goa_dr_2022.dat 7 2029  F_LCI 0.0887525
Model_1_goa_dr_2022.dat 7 2029  F_UCI 0.112293
Model_1_goa_dr_2022.dat 7 2029  F_Median 0.0987173
Model_1_goa_dr_2022.dat 7 2029  F_Mean 0.0995725
Model_1_goa_dr_2022.dat 7 2030 F0 0 
Model_1_goa_dr_2022.dat 7 2030 Fabc 0.091336
Model_1_goa_dr_2022.dat 7 2030 Fofl 0.112293
Model_1_goa_dr_2022.dat 7 2030  F_LCI 0.0853951
Model_1_goa_dr_2022.dat 7 2030  F_UCI 0.112293
Model_1_goa_dr_2022.dat 7 2030  F_Median 0.0977767
Model_1_goa_dr_2022.dat 7 2030  F_Mean 0.0985445
Model_1_goa_dr_2022.dat 7 2031 F0 0 
Model_1_goa_dr_2022.dat 7 2031 Fabc 0.091336
Model_1_goa_dr_2022.dat 7 2031 Fofl 0.112293
Model_1_goa_dr_2022.dat 7 2031  F_LCI 0.0831957
Model_1_goa_dr_2022.dat 7 2031  F_UCI 0.112293
Model_1_goa_dr_2022.dat 7 2031  F_Median 0.0979488
Model_1_goa_dr_2022.dat 7 2031  F_Mean 0.0983459
Model_1_goa_dr_2022.dat 7 2032 F0 0 
Model_1_goa_dr_2022.dat 7 2032 Fabc 0.091336
Model_1_goa_dr_2022.dat 7 2032 Fofl 0.112293
Model_1_goa_dr_2022.dat 7 2032  F_LCI 0.0824351
Model_1_goa_dr_2022.dat 7 2032  F_UCI 0.112293
Model_1_goa_dr_2022.dat 7 2032  F_Median 0.0983076
Model_1_goa_dr_2022.dat 7 2032  F_Mean 0.0985283
Model_1_goa_dr_2022.dat 7 2033 F0 0 
Model_1_goa_dr_2022.dat 7 2033 Fabc 0.091336
Model_1_goa_dr_2022.dat 7 2033 Fofl 0.112293
Model_1_goa_dr_2022.dat 7 2033  F_LCI 0.0820598
Model_1_goa_dr_2022.dat 7 2033  F_UCI 0.112293
Model_1_goa_dr_2022.dat 7 2033  F_Median 0.0988999
Model_1_goa_dr_2022.dat 7 2033  F_Mean 0.0989021
