
SB0 SB40 SB35 MeanRec HarMeanRec Bnow
65.4957 26.1983 22.9235 0.00848471 0.00572564 45.7061 
CV Recruit
0.694177 
Alternative 1 Alternative  Stock: Model_1_goa_dr_2022.dat
Catch Model_1_goa_dr_2022.dat
Year C0 Cabc Cofl LowCI_Catch Median_Catch Mean_Catch UpperCI_Catch Stdev_Catch 
2020  0 4.61738 4.93664 2.55641 2.55641 2.55641 2.55641 2.66454e-15 
2021  0 4.61738 4.93664 4.78223 4.78223 4.78223 4.78223 6.24449e-11 
2022  0 4.61738 4.93664 4.38644 4.38644 4.38644 4.38644 2.81452e-10 
2023  0 4.61738 4.93664 7.09314 7.09453 7.09492 7.09802 0.00170705 
2024  0 4.61738 4.93664 6.4038 6.40936 6.41085 6.42289 0.00671953 
2025  0 4.61738 4.93664 5.75828 5.7786 5.78394 5.82741 0.0241361 
2026  0 4.61738 4.93664 5.1846 5.24892 5.266 5.39895 0.0753886 
2027  0 4.61738 4.93664 4.70284 4.87092 4.9089 5.23758 0.184685 
2028  0 4.61738 4.93664 4.18873 4.65608 4.6933 5.30616 0.358844 
2029  0 4.61738 4.93664 3.73276 4.5179 4.5317 5.44418 0.559831 
2030  0 4.61738 4.93664 3.43626 4.42434 4.44707 5.57164 0.694018 
2031  0 4.61738 4.93664 3.22174 4.37327 4.41038 5.69165 0.773734 
2032  0 4.61738 4.93664 3.12826 4.38571 4.39932 5.76006 0.821789 
2033  0 4.61738 4.93664 3.05897 4.38733 4.40441 5.83873 0.853339 

Spawning_Biomass Model_1_goa_dr_2022.dat
Year SSB100 SSBabc SSBofl LowCI_SSB Median_SSB Mean_SSB UpperCI_SSB Stdev_SSB 
2020 65.4957 26.1983 22.9235 44.9747 44.9747 44.9747 44.9747 6.32383e-13 
2021 65.4957 26.1983 22.9235 44.4413 44.4482 44.4507 44.4681 0.0096883 
2022 65.4957 26.1983 22.9235 42.5048 42.5306 42.5374 42.591 0.0306692 
2023 65.4957 26.1983 22.9235 40.0786 40.1486 40.1672 40.3088 0.0805706 
2024 65.4957 26.1983 22.9235 36.3911 36.5616 36.6003 36.9262 0.186584 
2025 65.4957 26.1983 22.9235 32.9506 33.3272 33.3961 34.082 0.389991 
2026 65.4957 26.1983 22.9235 29.8897 30.6033 30.7439 32.0264 0.732948 
2027 65.4957 26.1983 22.9235 27.3177 28.5375 28.763 30.952 1.22373 
2028 65.4957 26.1983 22.9235 25.2921 27.0778 27.4561 30.5824 1.79818 
2029 65.4957 26.1983 22.9235 23.8751 26.257 26.6993 30.8729 2.34019 
2030 65.4957 26.1983 22.9235 22.8764 25.7753 26.3268 31.3596 2.76464 
2031 65.4957 26.1983 22.9235 22.162 25.5977 26.1797 31.8941 3.06804 
2032 65.4957 26.1983 22.9235 21.818 25.5663 26.153 32.2879 3.28093 
2033 65.4957 26.1983 22.9235 21.6042 25.6266 26.1914 32.5639 3.43685 

Fishing_mortalityModel_1_goa_dr_2022.dat
Year F0 Fabc Fofl LowCI_F Median_F Mean_F UpperCI_F Stdev_F 
2020  0 0.091336 0.112293 0.0282297 0.0282297 0.0282297 0.0282297 2.498e-16 
2021  0 0.091336 0.112293 0.0542761 0.0542771 0.054277 0.0542775 5.05158e-07 
2022  0 0.091336 0.112293 0.052358 0.0523635 0.0523629 0.0523656 2.69482e-06 
2023  0 0.091336 0.112293 0.091336 0.091336 0.091336 0.091336 2.08167e-16 
2024  0 0.091336 0.112293 0.091336 0.091336 0.091336 0.091336 2.08167e-16 
2025  0 0.091336 0.112293 0.091336 0.091336 0.091336 0.091336 2.08167e-16 
2026  0 0.091336 0.112293 0.091336 0.091336 0.091336 0.091336 2.08167e-16 
2027  0 0.091336 0.112293 0.091336 0.091336 0.091336 0.091336 2.08167e-16 
2028  0 0.091336 0.112293 0.0880104 0.091336 0.0908088 0.091336 0.0011545 
2029  0 0.091336 0.112293 0.0828101 0.091336 0.0890232 0.091336 0.00310348 
2030  0 0.091336 0.112293 0.0791453 0.0897838 0.087682 0.091336 0.00438562 
2031  0 0.091336 0.112293 0.0765236 0.0891319 0.0869411 0.091336 0.00519003 
2032  0 0.091336 0.112293 0.0752612 0.0890167 0.0865955 0.091336 0.00568876 
2033  0 0.091336 0.112293 0.0744763 0.0892379 0.0864604 0.091336 0.00595018 

Total_BiomassModel_1_goa_dr_2022.dat
Year B100 Babc Bofl LowCI_Biom Median_Biom Mean_Biom UpperCI_Biom Stdev_Biom 
2020 324.772 82.5635 75.7733 109.619 109.619 109.619 109.619 1.69109e-12 
2021 324.772 82.5635 75.7733 105.787 106.713 107.047 109.38 1.29971 
2022 324.772 82.5635 75.7733 99.8935 102.098 102.631 106.667 2.42424 
2023 324.772 82.5635 75.7733 94.7998 98.4428 99.253 106.08 3.69821 
2024 324.772 82.5635 75.7733 87.7074 92.8842 93.7615 102.528 4.98529 
2025 324.772 82.5635 75.7733 81.4889 88.5055 89.5903 100.796 6.2653 
2026 324.772 82.5635 75.7733 76.7643 85.3716 86.6411 99.9557 7.49694 
2027 324.772 82.5635 75.7733 72.8238 83.6372 84.7351 100.574 8.6601 
2028 324.772 82.5635 75.7733 70.1958 82.3352 83.5727 101.51 9.61958 
2029 324.772 82.5635 75.7733 68.7136 81.654 82.9677 101.577 10.4193 
2030 324.772 82.5635 75.7733 67.5036 81.262 82.6652 102.175 11.0415 
2031 324.772 82.5635 75.7733 67.1933 81.261 82.5937 102.096 11.4061 
2032 324.772 82.5635 75.7733 66.9956 81.1335 82.5638 102.067 11.659 
2033 324.772 82.5635 75.7733 66.4613 81.1377 82.6024 101.824 11.8255 
Alternative 2 Alternative  Stock: Model_1_goa_dr_2022.dat
Catch Model_1_goa_dr_2022.dat
Year C0 Cabc Cofl LowCI_Catch Median_Catch Mean_Catch UpperCI_Catch Stdev_Catch 
2020  0 4.61738 4.93664 2.55641 2.55641 2.55641 2.55641 2.66454e-15 
2021  0 4.61738 4.93664 4.78223 4.78223 4.78223 4.78223 6.24449e-11 
2022  0 4.61738 4.93664 4.38644 4.38644 4.38644 4.38644 2.81452e-10 
2023  0 4.61738 4.93664 7.09314 7.09453 7.09492 7.09802 0.00170705 
2024  0 4.61738 4.93664 6.4038 6.40936 6.41085 6.42289 0.00671953 
2025  0 4.61738 4.93664 5.75828 5.7786 5.78394 5.82741 0.0241361 
2026  0 4.61738 4.93664 5.1846 5.24892 5.266 5.39895 0.0753886 
2027  0 4.61738 4.93664 4.70284 4.87092 4.9089 5.23758 0.184685 
2028  0 4.61738 4.93664 4.18873 4.65608 4.6933 5.30616 0.358844 
2029  0 4.61738 4.93664 3.73276 4.5179 4.5317 5.44418 0.559831 
2030  0 4.61738 4.93664 3.43626 4.42434 4.44707 5.57164 0.694018 
2031  0 4.61738 4.93664 3.22174 4.37327 4.41038 5.69165 0.773734 
2032  0 4.61738 4.93664 3.12826 4.38571 4.39932 5.76006 0.821789 
2033  0 4.61738 4.93664 3.05897 4.38733 4.40441 5.83873 0.853339 

Spawning_Biomass Model_1_goa_dr_2022.dat
Year SSB100 SSBabc SSBofl LowCI_SSB Median_SSB Mean_SSB UpperCI_SSB Stdev_SSB 
2020 65.4957 26.1983 22.9235 44.9747 44.9747 44.9747 44.9747 6.32383e-13 
2021 65.4957 26.1983 22.9235 44.4413 44.4482 44.4507 44.4681 0.0096883 
2022 65.4957 26.1983 22.9235 42.5048 42.5306 42.5374 42.591 0.0306692 
2023 65.4957 26.1983 22.9235 40.0786 40.1486 40.1672 40.3088 0.0805706 
2024 65.4957 26.1983 22.9235 36.3911 36.5616 36.6003 36.9262 0.186584 
2025 65.4957 26.1983 22.9235 32.9506 33.3272 33.3961 34.082 0.389991 
2026 65.4957 26.1983 22.9235 29.8897 30.6033 30.7439 32.0264 0.732948 
2027 65.4957 26.1983 22.9235 27.3177 28.5375 28.763 30.952 1.22373 
2028 65.4957 26.1983 22.9235 25.2921 27.0778 27.4561 30.5824 1.79818 
2029 65.4957 26.1983 22.9235 23.8751 26.257 26.6993 30.8729 2.34019 
2030 65.4957 26.1983 22.9235 22.8764 25.7753 26.3268 31.3596 2.76464 
2031 65.4957 26.1983 22.9235 22.162 25.5977 26.1797 31.8941 3.06804 
2032 65.4957 26.1983 22.9235 21.818 25.5663 26.153 32.2879 3.28093 
2033 65.4957 26.1983 22.9235 21.6042 25.6266 26.1914 32.5639 3.43685 

Fishing_mortalityModel_1_goa_dr_2022.dat
Year F0 Fabc Fofl LowCI_F Median_F Mean_F UpperCI_F Stdev_F 
2020  0 0.091336 0.112293 0.0282297 0.0282297 0.0282297 0.0282297 2.498e-16 
2021  0 0.091336 0.112293 0.0542761 0.0542771 0.054277 0.0542775 5.05158e-07 
2022  0 0.091336 0.112293 0.052358 0.0523635 0.0523629 0.0523656 2.69482e-06 
2023  0 0.091336 0.112293 0.091336 0.091336 0.091336 0.091336 2.08167e-16 
2024  0 0.091336 0.112293 0.091336 0.091336 0.091336 0.091336 2.08167e-16 
2025  0 0.091336 0.112293 0.091336 0.091336 0.091336 0.091336 2.08167e-16 
2026  0 0.091336 0.112293 0.091336 0.091336 0.091336 0.091336 2.08167e-16 
2027  0 0.091336 0.112293 0.091336 0.091336 0.091336 0.091336 2.08167e-16 
2028  0 0.091336 0.112293 0.0880104 0.091336 0.0908088 0.091336 0.0011545 
2029  0 0.091336 0.112293 0.0828101 0.091336 0.0890232 0.091336 0.00310348 
2030  0 0.091336 0.112293 0.0791453 0.0897838 0.087682 0.091336 0.00438562 
2031  0 0.091336 0.112293 0.0765236 0.0891319 0.0869411 0.091336 0.00519003 
2032  0 0.091336 0.112293 0.0752612 0.0890167 0.0865955 0.091336 0.00568876 
2033  0 0.091336 0.112293 0.0744763 0.0892379 0.0864604 0.091336 0.00595018 

Total_BiomassModel_1_goa_dr_2022.dat
Year B100 Babc Bofl LowCI_Biom Median_Biom Mean_Biom UpperCI_Biom Stdev_Biom 
2020 324.772 82.5635 75.7733 109.619 109.619 109.619 109.619 1.69109e-12 
2021 324.772 82.5635 75.7733 105.787 106.713 107.047 109.38 1.29971 
2022 324.772 82.5635 75.7733 99.8935 102.098 102.631 106.667 2.42424 
2023 324.772 82.5635 75.7733 94.7998 98.4428 99.253 106.08 3.69821 
2024 324.772 82.5635 75.7733 87.7074 92.8842 93.7615 102.528 4.98529 
2025 324.772 82.5635 75.7733 81.4889 88.5055 89.5903 100.796 6.2653 
2026 324.772 82.5635 75.7733 76.7643 85.3716 86.6411 99.9557 7.49694 
2027 324.772 82.5635 75.7733 72.8238 83.6372 84.7351 100.574 8.6601 
2028 324.772 82.5635 75.7733 70.1958 82.3352 83.5727 101.51 9.61958 
2029 324.772 82.5635 75.7733 68.7136 81.654 82.9677 101.577 10.4193 
2030 324.772 82.5635 75.7733 67.5036 81.262 82.6652 102.175 11.0415 
2031 324.772 82.5635 75.7733 67.1933 81.261 82.5937 102.096 11.4061 
2032 324.772 82.5635 75.7733 66.9956 81.1335 82.5638 102.067 11.659 
2033 324.772 82.5635 75.7733 66.4613 81.1377 82.6024 101.824 11.8255 
Alternative 3 Alternative  Stock: Model_1_goa_dr_2022.dat
Catch Model_1_goa_dr_2022.dat
Year C0 Cabc Cofl LowCI_Catch Median_Catch Mean_Catch UpperCI_Catch Stdev_Catch 
2020  0 4.61738 4.93664 2.55641 2.55641 2.55641 2.55641 2.66454e-15 
2021  0 4.61738 4.93664 4.78223 4.78223 4.78223 4.78223 6.24449e-11 
2022  0 4.61738 4.93664 4.38644 4.38644 4.38644 4.38644 2.81452e-10 
2023  0 4.61738 4.93664 3.62444 3.62514 3.62533 3.62688 0.000853884 
2024  0 4.61738 4.93664 3.41857 3.42135 3.4221 3.42813 0.00336295 
2025  0 4.61738 4.93664 3.20842 3.21861 3.22129 3.24308 0.012101 
2026  0 4.61738 4.93664 3.0101 3.0424 3.05108 3.11811 0.0379985 
2027  0 4.61738 4.93664 2.83675 2.92241 2.94179 3.11035 0.0942365 
2028  0 4.61738 4.93664 2.70329 2.86964 2.90234 3.20749 0.171669 
2029  0 4.61738 4.93664 2.61752 2.85919 2.90851 3.3339 0.244568 
2030  0 4.61738 4.93664 2.55799 2.87564 2.93411 3.4735 0.301124 
2031  0 4.61738 4.93664 2.51068 2.90884 2.9647 3.58725 0.342324 
2032  0 4.61738 4.93664 2.47664 2.94293 2.99541 3.67243 0.374068 
2033  0 4.61738 4.93664 2.46009 2.97649 3.02681 3.74534 0.400791 

Spawning_Biomass Model_1_goa_dr_2022.dat
Year SSB100 SSBabc SSBofl LowCI_SSB Median_SSB Mean_SSB UpperCI_SSB Stdev_SSB 
2020 65.4957 26.1983 22.9235 44.9747 44.9747 44.9747 44.9747 6.32383e-13 
2021 65.4957 26.1983 22.9235 44.4413 44.4482 44.4507 44.4681 0.0096883 
2022 65.4957 26.1983 22.9235 42.5048 42.5306 42.5374 42.591 0.0306692 
2023 65.4957 26.1983 22.9235 40.3753 40.4452 40.4639 40.6055 0.0805752 
2024 65.4957 26.1983 22.9235 38.2896 38.4601 38.4988 38.8249 0.186665 
2025 65.4957 26.1983 22.9235 36.1701 36.5473 36.6163 37.3035 0.390586 
2026 65.4957 26.1983 22.9235 34.163 34.8786 35.0212 36.3134 0.73635 
2027 65.4957 26.1983 22.9235 32.4046 33.6393 33.8685 36.1045 1.23881 
2028 65.4957 26.1983 22.9235 30.9838 32.8346 33.2158 36.47 1.8494 
2029 65.4957 26.1983 22.9235 29.9398 32.5378 32.9872 37.3007 2.47605 
2030 65.4957 26.1983 22.9235 29.1301 32.5018 33.045 38.5802 3.04101 
2031 65.4957 26.1983 22.9235 28.567 32.762 33.268 39.7783 3.51198 
2032 65.4957 26.1983 22.9235 28.155 33.0552 33.5719 40.7447 3.89445 
2033 65.4957 26.1983 22.9235 28.0804 33.4706 33.911 41.3835 4.20715 

Fishing_mortalityModel_1_goa_dr_2022.dat
Year F0 Fabc Fofl LowCI_F Median_F Mean_F UpperCI_F Stdev_F 
2020  0 0.091336 0.112293 0.0282297 0.0282297 0.0282297 0.0282297 2.498e-16 
2021  0 0.091336 0.112293 0.0542761 0.0542771 0.054277 0.0542775 5.05158e-07 
2022  0 0.091336 0.112293 0.052358 0.0523635 0.0523629 0.0523656 2.69482e-06 
2023  0 0.091336 0.112293 0.045668 0.045668 0.045668 0.045668 1.04083e-16 
2024  0 0.091336 0.112293 0.045668 0.045668 0.045668 0.045668 1.04083e-16 
2025  0 0.091336 0.112293 0.045668 0.045668 0.045668 0.045668 1.04083e-16 
2026  0 0.091336 0.112293 0.045668 0.045668 0.045668 0.045668 1.04083e-16 
2027  0 0.091336 0.112293 0.045668 0.045668 0.045668 0.045668 1.04083e-16 
2028  0 0.091336 0.112293 0.045668 0.045668 0.045668 0.045668 1.04083e-16 
2029  0 0.091336 0.112293 0.045668 0.045668 0.045668 0.045668 1.04083e-16 
2030  0 0.091336 0.112293 0.045668 0.045668 0.045668 0.045668 1.04083e-16 
2031  0 0.091336 0.112293 0.045668 0.045668 0.0456674 0.045668 1.86076e-05 
2032  0 0.091336 0.112293 0.045668 0.045668 0.0456625 0.045668 8.26848e-05 
2033  0 0.091336 0.112293 0.045668 0.045668 0.0456541 0.045668 0.000155877 

Total_BiomassModel_1_goa_dr_2022.dat
Year B100 Babc Bofl LowCI_Biom Median_Biom Mean_Biom UpperCI_Biom Stdev_Biom 
2020 324.772 82.5635 75.7733 109.619 109.619 109.619 109.619 1.69109e-12 
2021 324.772 82.5635 75.7733 105.787 106.713 107.047 109.38 1.29971 
2022 324.772 82.5635 75.7733 99.8935 102.098 102.631 106.667 2.42424 
2023 324.772 82.5635 75.7733 94.7998 98.4428 99.253 106.08 3.69821 
2024 324.772 82.5635 75.7733 91.1421 96.3202 97.1974 105.964 4.98618 
2025 324.772 82.5635 75.7733 87.7144 94.7347 95.8197 107.025 6.2694 
2026 324.772 82.5635 75.7733 85.2096 93.8177 95.0954 108.469 7.51127 
2027 324.772 82.5635 75.7733 83.0059 93.8442 94.9459 110.962 8.70347 
2028 324.772 82.5635 75.7733 81.6481 93.8972 95.1995 113.224 9.7282 
2029 324.772 82.5635 75.7733 81.0944 94.3922 95.7636 114.708 10.6624 
2030 324.772 82.5635 75.7733 80.6963 94.9654 96.4076 116.419 11.5034 
2031 324.772 82.5635 75.7733 80.7898 95.7919 97.1313 117.763 12.1204 
2032 324.772 82.5635 75.7733 80.745 96.4429 97.7952 118.7 12.624 
2033 324.772 82.5635 75.7733 80.6989 97.0679 98.455 119.155 13.0194 
Alternative 4 Alternative  Stock: Model_1_goa_dr_2022.dat
Catch Model_1_goa_dr_2022.dat
Year C0 Cabc Cofl LowCI_Catch Median_Catch Mean_Catch UpperCI_Catch Stdev_Catch 
2020  0 4.61738 4.93664 2.55641 2.55641 2.55641 2.55641 2.66454e-15 
2021  0 4.61738 4.93664 4.78223 4.78223 4.78223 4.78223 6.24449e-11 
2022  0 4.61738 4.93664 4.38644 4.38644 4.38644 4.38644 2.81452e-10 
2023  0 4.61738 4.93664 2.42805 2.42851 2.42864 2.42967 0.000567938 
2024  0 4.61738 4.93664 2.32399 2.32584 2.32633 2.33034 0.00223718 
2025  0 4.61738 4.93664 2.21274 2.21952 2.2213 2.23581 0.00805488 
2026  0 4.61738 4.93664 2.10501 2.12655 2.13233 2.17703 0.0253383 
2027  0 4.61738 4.93664 2.00987 2.06705 2.08017 2.19314 0.0630988 
2028  0 4.61738 4.93664 1.93787 2.04984 2.07191 2.27784 0.115717 
2029  0 4.61738 4.93664 1.89523 2.05907 2.09252 2.38293 0.166165 
2030  0 4.61738 4.93664 1.86796 2.08657 2.12507 2.49536 0.206262 
2031  0 4.61738 4.93664 1.84699 2.1232 2.16014 2.59194 0.236286 
2032  0 4.61738 4.93664 1.83394 2.15789 2.19461 2.66779 0.259701 
2033  0 4.61738 4.93664 1.83542 2.1921 2.22884 2.73209 0.279429 

Spawning_Biomass Model_1_goa_dr_2022.dat
Year SSB100 SSBabc SSBofl LowCI_SSB Median_SSB Mean_SSB UpperCI_SSB Stdev_SSB 
2020 65.4957 26.1983 22.9235 44.9747 44.9747 44.9747 44.9747 6.32383e-13 
2021 65.4957 26.1983 22.9235 44.4413 44.4482 44.4507 44.4681 0.0096883 
2022 65.4957 26.1983 22.9235 42.5048 42.5306 42.5374 42.591 0.0306692 
2023 65.4957 26.1983 22.9235 40.4752 40.5451 40.5637 40.7054 0.0805767 
2024 65.4957 26.1983 22.9235 38.948 39.1186 39.1572 39.4834 0.186693 
2025 65.4957 26.1983 22.9235 37.3202 37.6975 37.7665 38.4542 0.390786 
2026 65.4957 26.1983 22.9235 35.7346 36.4508 36.5942 37.8897 0.737494 
2027 65.4957 26.1983 22.9235 34.3323 35.5693 35.8001 38.0495 1.24392 
2028 65.4957 26.1983 22.9235 33.2041 35.0707 35.4557 38.7558 1.86618 
2029 65.4957 26.1983 22.9235 32.4132 35.0289 35.5018 39.9083 2.5163 
2030 65.4957 26.1983 22.9235 31.8121 35.2617 35.8142 41.4657 3.11584 
2031 65.4957 26.1983 22.9235 31.4312 35.7255 36.2784 43.0057 3.62822 
2032 65.4957 26.1983 22.9235 31.2267 36.2305 36.812 44.3848 4.05438 
2033 65.4957 26.1983 22.9235 31.2576 36.8529 37.3693 45.267 4.41027 

Fishing_mortalityModel_1_goa_dr_2022.dat
Year F0 Fabc Fofl LowCI_F Median_F Mean_F UpperCI_F Stdev_F 
2020  0 0.091336 0.112293 0.0282297 0.0282297 0.0282297 0.0282297 2.498e-16 
2021  0 0.091336 0.112293 0.0542761 0.0542771 0.054277 0.0542775 5.05158e-07 
2022  0 0.091336 0.112293 0.052358 0.0523635 0.0523629 0.0523656 2.69482e-06 
2023  0 0.091336 0.112293 0.0303705 0.0303705 0.0303705 0.0303705 7.28584e-17 
2024  0 0.091336 0.112293 0.0303705 0.0303705 0.0303705 0.0303705 7.28584e-17 
2025  0 0.091336 0.112293 0.0303705 0.0303705 0.0303705 0.0303705 7.28584e-17 
2026  0 0.091336 0.112293 0.0303705 0.0303705 0.0303705 0.0303705 7.28584e-17 
2027  0 0.091336 0.112293 0.0303705 0.0303705 0.0303705 0.0303705 7.28584e-17 
2028  0 0.091336 0.112293 0.0303705 0.0303705 0.0303705 0.0303705 7.28584e-17 
2029  0 0.091336 0.112293 0.0303705 0.0303705 0.0303705 0.0303705 7.28584e-17 
2030  0 0.091336 0.112293 0.0303705 0.0303705 0.0303705 0.0303705 7.28584e-17 
2031  0 0.091336 0.112293 0.0303705 0.0303705 0.0303705 0.0303705 7.28584e-17 
2032  0 0.091336 0.112293 0.0303705 0.0303705 0.0303705 0.0303705 7.28584e-17 
2033  0 0.091336 0.112293 0.0303705 0.0303705 0.0303705 0.0303705 7.28584e-17 

Total_BiomassModel_1_goa_dr_2022.dat
Year B100 Babc Bofl LowCI_Biom Median_Biom Mean_Biom UpperCI_Biom Stdev_Biom 
2020 324.772 82.5635 75.7733 109.619 109.619 109.619 109.619 1.69109e-12 
2021 324.772 82.5635 75.7733 105.787 106.713 107.047 109.38 1.29971 
2022 324.772 82.5635 75.7733 99.8935 102.098 102.631 106.667 2.42424 
2023 324.772 82.5635 75.7733 94.7998 98.4428 99.253 106.08 3.69821 
2024 324.772 82.5635 75.7733 92.3271 97.5057 98.3828 107.15 4.98648 
2025 324.772 82.5635 75.7733 89.9263 96.9483 98.0329 109.238 6.27077 
2026 324.772 82.5635 75.7733 88.2981 96.9065 98.187 111.58 7.51608 
2027 324.772 82.5635 75.7733 86.8361 97.6839 98.7858 114.89 8.71816 
2028 324.772 82.5635 75.7733 86.0785 98.3568 99.6895 117.741 9.76553 
2029 324.772 82.5635 75.7733 86.0896 99.4165 100.838 119.938 10.7391 
2030 324.772 82.5635 75.7733 86.255 100.592 102.021 122.544 11.6331 
2031 324.772 82.5635 75.7733 86.6006 101.826 103.25 124.427 12.3114 
2032 324.772 82.5635 75.7733 86.9851 103.09 104.389 125.69 12.8793 
2033 324.772 82.5635 75.7733 87.3391 104.145 105.496 126.743 13.3395 
Alternative 5 Alternative  Stock: Model_1_goa_dr_2022.dat
Catch Model_1_goa_dr_2022.dat
Year C0 Cabc Cofl LowCI_Catch Median_Catch Mean_Catch UpperCI_Catch Stdev_Catch 
2020  0 4.61738 4.93664 2.55641 2.55641 2.55641 2.55641 2.66454e-15 
2021  0 4.61738 4.93664 4.78223 4.78223 4.78223 4.78223 6.24449e-11 
2022  0 4.61738 4.93664 4.38644 4.38644 4.38644 4.38644 2.81452e-10 
2023  0 4.61738 4.93664 0 0 0 0 0 
2024  0 4.61738 4.93664 0 0 0 0 0 
2025  0 4.61738 4.93664 0 0 0 0 0 
2026  0 4.61738 4.93664 0 0 0 0 0 
2027  0 4.61738 4.93664 0 0 0 0 0 
2028  0 4.61738 4.93664 0 0 0 0 0 
2029  0 4.61738 4.93664 0 0 0 0 0 
2030  0 4.61738 4.93664 0 0 0 0 0 
2031  0 4.61738 4.93664 0 0 0 0 0 
2032  0 4.61738 4.93664 0 0 0 0 0 
2033  0 4.61738 4.93664 0 0 0 0 0 

Spawning_Biomass Model_1_goa_dr_2022.dat
Year SSB100 SSBabc SSBofl LowCI_SSB Median_SSB Mean_SSB UpperCI_SSB Stdev_SSB 
2020 65.4957 26.1983 22.9235 44.9747 44.9747 44.9747 44.9747 6.32383e-13 
2021 65.4957 26.1983 22.9235 44.4413 44.4482 44.4507 44.4681 0.0096883 
2022 65.4957 26.1983 22.9235 42.5048 42.5306 42.5374 42.591 0.0306692 
2023 65.4957 26.1983 22.9235 40.6742 40.7441 40.7628 40.9044 0.0805798 
2024 65.4957 26.1983 22.9235 40.2898 40.4605 40.4991 40.8254 0.186747 
2025 65.4957 26.1983 22.9235 39.717 40.0947 40.1638 40.8523 0.391183 
2026 65.4957 26.1983 22.9235 39.084 39.802 39.9463 41.2483 0.739774 
2027 65.4957 26.1983 22.9235 38.5312 39.7738 40.0078 42.2783 1.25415 
2028 65.4957 26.1983 22.9235 38.1512 40.0562 40.4395 43.814 1.90019 
2029 65.4957 26.1983 22.9235 38.0376 40.6795 41.2109 45.7844 2.59918 
2030 65.4957 26.1983 22.9235 38.0797 41.6445 42.2205 48.1175 3.27278 
2031 65.4957 26.1983 22.9235 38.2617 42.77 43.366 50.6113 3.87677 
2032 65.4957 26.1983 22.9235 38.6266 43.9691 44.5672 52.7665 4.40294 
2033 65.4957 26.1983 22.9235 39.0617 45.2162 45.7764 54.612 4.86075 

Fishing_mortalityModel_1_goa_dr_2022.dat
Year F0 Fabc Fofl LowCI_F Median_F Mean_F UpperCI_F Stdev_F 
2020  0 0.091336 0.112293 0.0282297 0.0282297 0.0282297 0.0282297 2.498e-16 
2021  0 0.091336 0.112293 0.0542761 0.0542771 0.054277 0.0542775 5.05158e-07 
2022  0 0.091336 0.112293 0.052358 0.0523635 0.0523629 0.0523656 2.69482e-06 
2023  0 0.091336 0.112293 0 0 0 0 0 
2024  0 0.091336 0.112293 0 0 0 0 0 
2025  0 0.091336 0.112293 0 0 0 0 0 
2026  0 0.091336 0.112293 0 0 0 0 0 
2027  0 0.091336 0.112293 0 0 0 0 0 
2028  0 0.091336 0.112293 0 0 0 0 0 
2029  0 0.091336 0.112293 0 0 0 0 0 
2030  0 0.091336 0.112293 0 0 0 0 0 
2031  0 0.091336 0.112293 0 0 0 0 0 
2032  0 0.091336 0.112293 0 0 0 0 0 
2033  0 0.091336 0.112293 0 0 0 0 0 

Total_BiomassModel_1_goa_dr_2022.dat
Year B100 Babc Bofl LowCI_Biom Median_Biom Mean_Biom UpperCI_Biom Stdev_Biom 
2020 324.772 82.5635 75.7733 109.619 109.619 109.619 109.619 1.69109e-12 
2021 324.772 82.5635 75.7733 105.787 106.713 107.047 109.38 1.29971 
2022 324.772 82.5635 75.7733 99.8935 102.098 102.631 106.667 2.42424 
2023 324.772 82.5635 75.7733 94.7998 98.4428 99.253 106.08 3.69821 
2024 324.772 82.5635 75.7733 94.7326 99.912 100.789 109.557 4.98708 
2025 324.772 82.5635 75.7733 94.5171 101.543 102.626 113.831 6.2735 
2026 324.772 82.5635 75.7733 94.852 103.461 104.747 118.179 7.52567 
2027 324.772 82.5635 75.7733 95.1429 106 107.112 123.375 8.74754 
2028 324.772 82.5635 75.7733 95.8991 108.236 109.63 127.733 9.8411 
2029 324.772 82.5635 75.7733 97.3923 110.876 112.295 131.752 10.8973 
2030 324.772 82.5635 75.7733 98.7316 113.491 114.931 135.965 11.9065 
2031 324.772 82.5635 75.7733 100.398 116.067 117.568 139.201 12.7231 
2032 324.772 82.5635 75.7733 101.89 118.746 120.075 142.112 13.4421 
2033 324.772 82.5635 75.7733 103.249 121.153 122.508 145.046 14.0596 
Alternative 6 Alternative  Stock: Model_1_goa_dr_2022.dat
Catch Model_1_goa_dr_2022.dat
Year C0 Cabc Cofl LowCI_Catch Median_Catch Mean_Catch UpperCI_Catch Stdev_Catch 
2020  0 4.61738 4.93664 2.55641 2.55641 2.55641 2.55641 2.66454e-15 
2021  0 4.61738 4.93664 9.6276 9.62767 9.62769 9.62785 8.97225e-05 
2022  0 4.61738 4.93664 8.65757 8.65794 8.65805 8.65888 0.0004677 
2023  0 4.61738 4.93664 7.73684 7.73853 7.73899 7.74276 0.00207205 
2024  0 4.61738 4.93664 6.86891 6.87572 6.87754 6.8923 0.00823422 
2025  0 4.61738 4.93664 6.07914 6.10407 6.11063 6.16396 0.0296138 
2026  0 4.61738 4.93664 5.25749 5.46838 5.45697 5.65794 0.130117 
2027  0 4.61738 4.93664 4.29003 4.68059 4.75772 5.4851 0.381995 
2028  0 4.61738 4.93664 3.69772 4.28894 4.42004 5.59573 0.600811 
2029  0 4.61738 4.93664 3.36742 4.14074 4.32077 5.78319 0.780334 
2030  0 4.61738 4.93664 3.16964 4.16467 4.33037 5.94987 0.899796 
2031  0 4.61738 4.93664 3.03113 4.21255 4.37849 6.11704 0.96852 
2032  0 4.61738 4.93664 3.00642 4.28834 4.43626 6.22132 1.00672 
2033  0 4.61738 4.93664 3.00039 4.37621 4.49865 6.32795 1.03355 

Spawning_Biomass Model_1_goa_dr_2022.dat
Year SSB100 SSBabc SSBofl LowCI_SSB Median_SSB Mean_SSB UpperCI_SSB Stdev_SSB 
2020 65.4957 26.1983 22.9235 44.9747 44.9747 44.9747 44.9747 6.32383e-13 
2021 65.4957 26.1983 22.9235 44.0312 44.0381 44.0406 44.0579 0.00968466 
2022 65.4957 26.1983 22.9235 39.8656 39.8914 39.8982 39.9517 0.0306301 
2023 65.4957 26.1983 22.9235 35.794 35.8638 35.8824 36.0239 0.0804404 
2024 65.4957 26.1983 22.9235 31.9619 32.1322 32.1709 32.4964 0.186422 
2025 65.4957 26.1983 22.9235 28.4953 28.8715 28.9403 29.6253 0.389583 
2026 65.4957 26.1983 22.9235 25.5117 26.2119 26.3548 27.629 0.728165 
2027 65.4957 26.1983 22.9235 23.1724 24.3002 24.5409 26.666 1.18657 
2028 65.4957 26.1983 22.9235 21.562 23.1735 23.5468 26.4189 1.67169 
2029 65.4957 26.1983 22.9235 20.568 22.7593 23.1331 26.8115 2.11235 
2030 65.4957 26.1983 22.9235 19.9102 22.6555 23.0556 27.3907 2.45034 
2031 65.4957 26.1983 22.9235 19.4963 22.7688 23.1434 28.0465 2.68274 
2032 65.4957 26.1983 22.9235 19.3829 22.9131 23.298 28.3578 2.84128 
2033 65.4957 26.1983 22.9235 19.345 23.0914 23.4736 28.7532 2.95863 

Fishing_mortalityModel_1_goa_dr_2022.dat
Year F0 Fabc Fofl LowCI_F Median_F Mean_F UpperCI_F Stdev_F 
2020  0 0.091336 0.112293 0.0282297 0.0282297 0.0282297 0.0282297 2.498e-16 
2021  0 0.091336 0.112293 0.112293 0.112293 0.112293 0.112293 2.15442e-12 
2022  0 0.091336 0.112293 0.112293 0.112293 0.112293 0.112293 1.26896e-11 
2023  0 0.091336 0.112293 0.112293 0.112293 0.112293 0.112293 2.16493e-15 
2024  0 0.091336 0.112293 0.112293 0.112293 0.112293 0.112293 2.16493e-15 
2025  0 0.091336 0.112293 0.112293 0.112293 0.112293 0.112293 2.16493e-15 
2026  0 0.091336 0.112293 0.109195 0.112293 0.111459 0.112293 0.00109546 
2027  0 0.091336 0.112293 0.0986408 0.103729 0.104403 0.112293 0.00418476 
2028  0 0.091336 0.112293 0.0913747 0.0986459 0.0998635 0.112293 0.00616291 
2029  0 0.091336 0.112293 0.0868901 0.0967768 0.0978126 0.112293 0.007762 
2030  0 0.091336 0.112293 0.0839222 0.0963083 0.0972211 0.112293 0.00888195 
2031  0 0.091336 0.112293 0.0820547 0.0968198 0.0973556 0.112293 0.00955006 
2032  0 0.091336 0.112293 0.0815428 0.0974708 0.0977929 0.112293 0.00988194 
2033  0 0.091336 0.112293 0.081372 0.098275 0.0983597 0.112293 0.0100471 

Total_BiomassModel_1_goa_dr_2022.dat
Year B100 Babc Bofl LowCI_Biom Median_Biom Mean_Biom UpperCI_Biom Stdev_Biom 
2020 324.772 82.5635 75.7733 109.619 109.619 109.619 109.619 1.69109e-12 
2021 324.772 82.5635 75.7733 105.787 106.713 107.047 109.38 1.29971 
2022 324.772 82.5635 75.7733 95.0724 97.2772 97.8102 101.846 2.42414 
2023 324.772 82.5635 75.7733 85.9454 89.588 90.3979 97.224 3.69761 
2024 324.772 82.5635 75.7733 78.6203 83.7956 84.6732 93.4388 4.98427 
2025 324.772 82.5635 75.7733 72.3834 79.4008 80.4824 91.6888 6.26282 
2026 324.772 82.5635 75.7733 67.8017 76.4133 77.674 90.9591 7.48982 
2027 324.772 82.5635 75.7733 64.2664 74.9261 76.0516 91.7996 8.60922 
2028 324.772 82.5635 75.7733 62.4182 74.341 75.504 93.0433 9.41409 
2029 324.772 82.5635 75.7733 61.8052 74.4206 75.6078 93.7317 10.0468 
2030 324.772 82.5635 75.7733 61.4531 74.6311 75.9182 94.5578 10.5485 
2031 324.772 82.5635 75.7733 61.4823 74.9634 76.3327 95.4075 10.8264 
2032 324.772 82.5635 75.7733 61.7277 75.4311 76.6761 95.1479 11.0199 
2033 324.772 82.5635 75.7733 61.5881 75.5498 76.9957 95.7309 11.1446 
Alternative 7 Alternative  Stock: Model_1_goa_dr_2022.dat
Catch Model_1_goa_dr_2022.dat
Year C0 Cabc Cofl LowCI_Catch Median_Catch Mean_Catch UpperCI_Catch Stdev_Catch 
2020  0 4.61738 4.93664 2.55641 2.55641 2.55641 2.55641 2.66454e-15 
2021  0 4.61738 4.93664 7.9081 7.90815 7.90817 7.9083 7.29781e-05 
2022  0 4.61738 4.93664 7.25327 7.25357 7.25366 7.25434 0.000380426 
2023  0 4.61738 4.93664 8.04416 8.04584 8.04631 8.05007 0.00207217 
2024  0 4.61738 4.93664 7.13314 7.13995 7.14177 7.15653 0.00823466 
2025  0 4.61738 4.93664 6.30451 6.32944 6.336 6.38934 0.0296153 
2026  0 4.61738 4.93664 5.58662 5.66545 5.6863 5.84916 0.0924143 
2027  0 4.61738 4.93664 4.55248 4.9803 5.03251 5.64904 0.362083 
2028  0 4.61738 4.93664 3.88486 4.50725 4.6279 5.73201 0.598439 
2029  0 4.61738 4.93664 3.50667 4.30417 4.47683 5.89786 0.780426 
2030  0 4.61738 4.93664 3.2741 4.28779 4.44847 6.04161 0.90035 
2031  0 4.61738 4.93664 3.11365 4.306 4.46798 6.17879 0.968712 
2032  0 4.61738 4.93664 3.06856 4.35858 4.50385 6.2696 1.00634 
2033  0 4.61738 4.93664 3.05018 4.43585 4.54956 6.36192 1.03303 

Spawning_Biomass Model_1_goa_dr_2022.dat
Year SSB100 SSBabc SSBofl LowCI_SSB Median_SSB Mean_SSB UpperCI_SSB Stdev_SSB 
2020 65.4957 26.1983 22.9235 44.9747 44.9747 44.9747 44.9747 6.32383e-13 
2021 65.4957 26.1983 22.9235 44.1789 44.1858 44.1883 44.2057 0.00968468 
2022 65.4957 26.1983 22.9235 40.7944 40.8201 40.8269 40.8805 0.0306307 
2023 65.4957 26.1983 22.9235 37.2141 37.2839 37.3025 37.444 0.0804444 
2024 65.4957 26.1983 22.9235 33.191 33.3614 33.4 33.7256 0.186431 
2025 65.4957 26.1983 22.9235 29.5494 29.9256 29.9945 30.6795 0.389601 
2026 65.4957 26.1983 22.9235 26.397 27.1097 27.2493 28.5269 0.731257 
2027 65.4957 26.1983 22.9235 23.858 25.0493 25.2742 27.4269 1.20492 
2028 65.4957 26.1983 22.9235 22.0923 23.7412 24.1143 27.0614 1.69835 
2029 65.4957 26.1983 22.9235 20.9808 23.1894 23.572 27.3393 2.13892 
2030 65.4957 26.1983 22.9235 20.2367 22.9809 23.3945 27.7967 2.47464 
2031 65.4957 26.1983 22.9235 19.7492 23.019 23.4041 28.3643 2.70407 
2032 65.4957 26.1983 22.9235 19.5806 23.0986 23.4976 28.6457 2.85971 
2033 65.4957 26.1983 22.9235 19.4975 23.2298 23.626 28.9325 2.97449 

Fishing_mortalityModel_1_goa_dr_2022.dat
Year F0 Fabc Fofl LowCI_F Median_F Mean_F UpperCI_F Stdev_F 
2020  0 0.091336 0.112293 0.0282297 0.0282297 0.0282297 0.0282297 2.498e-16 
2021  0 0.091336 0.112293 0.0913359 0.0913359 0.0913359 0.0913359 6.33932e-13 
2022  0 0.091336 0.112293 0.0913359 0.0913359 0.0913359 0.0913359 3.66552e-12 
2023  0 0.091336 0.112293 0.112293 0.112293 0.112293 0.112293 2.16493e-15 
2024  0 0.091336 0.112293 0.112293 0.112293 0.112293 0.112293 2.16493e-15 
2025  0 0.091336 0.112293 0.112293 0.112293 0.112293 0.112293 2.16493e-15 
2026  0 0.091336 0.112293 0.112293 0.112293 0.112292 0.112293 2.6166e-05 
2027  0 0.091336 0.112293 0.101734 0.107109 0.107286 0.112293 0.00359482 
2028  0 0.091336 0.112293 0.0937675 0.101207 0.102185 0.112293 0.00583847 
2029  0 0.091336 0.112293 0.0887525 0.0987173 0.0995725 0.112293 0.00747618 
2030  0 0.091336 0.112293 0.0853951 0.0977767 0.0985445 0.112293 0.0086302 
2031  0 0.091336 0.112293 0.0831957 0.0979488 0.0983459 0.112293 0.00933326 
2032  0 0.091336 0.112293 0.0824351 0.0983076 0.0985283 0.112293 0.00969644 
2033  0 0.091336 0.112293 0.0820598 0.0988999 0.0989021 0.112293 0.00989187 

Total_BiomassModel_1_goa_dr_2022.dat
Year B100 Babc Bofl LowCI_Biom Median_Biom Mean_Biom UpperCI_Biom Stdev_Biom 
2020 324.772 82.5635 75.7733 109.619 109.619 109.619 109.619 1.69109e-12 
2021 324.772 82.5635 75.7733 105.787 106.713 107.047 109.38 1.29971 
2022 324.772 82.5635 75.7733 96.783 98.9878 99.5208 103.557 2.42416 
2023 324.772 82.5635 75.7733 88.9767 92.6194 93.4294 100.256 3.69774 
2024 324.772 82.5635 75.7733 81.2091 86.3846 87.2621 96.0278 4.98442 
2025 324.772 82.5635 75.7733 74.5843 81.6017 82.6835 93.8898 6.26299 
2026 324.772 82.5635 75.7733 69.6663 78.2777 79.5388 92.8246 7.48999 
2027 324.772 82.5635 75.7733 65.695 76.4782 77.5891 93.3756 8.63993 
2028 324.772 82.5635 75.7733 63.5356 75.5189 76.6833 94.2767 9.45833 
2029 324.772 82.5635 75.7733 62.6851 75.3212 76.5114 94.6855 10.0871 
2030 324.772 82.5635 75.7733 62.1116 75.3014 76.6104 95.3955 10.5826 
2031 324.772 82.5635 75.7733 61.9773 75.5645 76.8622 95.9509 10.8548 
2032 324.772 82.5635 75.7733 62.1171 75.8015 77.0801 95.5108 11.0437 
2033 324.772 82.5635 75.7733 61.8894 75.8238 77.3034 96.1699 11.1647 
