Alternative 1 Catch
     Model_1_goa_dr_2020.dat 
Equil_Fabc 4.36227 
Year 
2020 2.1975 
2021 2.99749 
2022 4.72457 
2023 4.33675 
2024 6.24904 
2025 5.6366 
2026 5.12206 
2027 4.76193 
2028 4.55549 
2029 4.39767 
2030 4.29901 
2031 4.24572 
2032 4.22013 
2033 4.21613 

Alternative 1 ABCs
     Model_1_goa_dr_2020.dat 

Year 
2020  NA 
2021  NA 
2022  NA 
2023  NA 
2024 6.24904 
2025 5.6366 
2026 5.12206 
2027 4.76193 
2028 4.55549 
2029 4.39767 
2030 4.29901 
2031 4.24572 
2032 4.22013 
2033 4.21613 

Alternative 1 TACs
     Model_1_goa_dr_2020.dat 

Year 
2020  NA 
2021  NA 
2022  NA 
2023  NA 
2024 6.24904 
2025 5.6366 
2026 5.12206 
2027 4.76193 
2028 4.55549 
2029 4.39767 
2030 4.29901 
2031 4.24572 
2032 4.22013 
2033 4.21613 

Alternative 1 Sp_Biomass
     Model_1_goa_dr_2020.dat 
Equil_Fabc 24.3421 
Year 
2020 37.5942 
2021 38.5419 
2022 38.3714 
2023 36.853 
2024 34.8017 
2025 31.8759 
2026 29.3661 
2027 27.4458 
2028 26.1488 
2029 25.365 
2030 24.9439 
2031 24.7445 
2032 24.6722 
2033 24.6753 

Alternative 1 Fishing Mortality
     Model_1_goa_dr_2020.dat 
Equil_Fabc 0.0929257 
Year 
2020 0.0290868 
2021 0.0382227 
2022 0.061192 
2023 0.0593253 
2024 0.0929257 
2025 0.0929257 
2026 0.0929257 
2027 0.0929257 
2028 0.0926861 
2029 0.0910559 
2030 0.0895374 
2031 0.0885985 
2032 0.0880738 
2033 0.0878187 

Alternative 1 Biomass
     Model_1_goa_dr_2020.dat 

Year 
2020 99.2454 
2021 97.7665 
2022 95.6821 
2023 92.3103 
2024 89.7456 
2025 85.7279 
2026 82.8397 
2027 80.9523 
2028 79.7684 
2029 79.1204 
2030 78.7268 
2031 78.5787 
2032 78.4777 
2033 78.452 

Alternative 1 Implied SPR rate 
     Model_1_goa_dr_2020.dat 
Equil_Fabc 0.4 
Year 
2020 0.686622 
2021 0.62387 
2022 0.506035 
2023 0.513983 
2024 0.4 
2025 0.4 
2026 0.4 
2027 0.4 
2028 0.400648 
2029 0.405186 
2030 0.409588 
2031 0.412424 
2032 0.414068 
2033 0.4149 

  Model_1_goa_dr_2020.dat 
EquilAvgAgeF0  12.2212 
EquilAvgAgeFabc  7.64257 
AvgAgeYr2033 8.11566 
Alternative 2 Catch
     Model_1_goa_dr_2020.dat 
Equil_Fabc 4.36227 
Year 
2020 2.1975 
2021 2.99749 
2022 4.72457 
2023 4.33675 
2024 6.24904 
2025 5.6366 
2026 5.12206 
2027 4.76193 
2028 4.55549 
2029 4.39767 
2030 4.29901 
2031 4.24572 
2032 4.22013 
2033 4.21613 

Alternative 2 ABCs
     Model_1_goa_dr_2020.dat 

Year 
2020  NA 
2021  NA 
2022  NA 
2023  NA 
2024 6.24904 
2025 5.6366 
2026 5.12206 
2027 4.76193 
2028 4.55549 
2029 4.39767 
2030 4.29901 
2031 4.24572 
2032 4.22013 
2033 4.21613 

Alternative 2 TACs
     Model_1_goa_dr_2020.dat 

Year 
2020  NA 
2021  NA 
2022  NA 
2023  NA 
2024 6.24904 
2025 5.6366 
2026 5.12206 
2027 4.76193 
2028 4.55549 
2029 4.39767 
2030 4.29901 
2031 4.24572 
2032 4.22013 
2033 4.21613 

Alternative 2 Sp_Biomass
     Model_1_goa_dr_2020.dat 
Equil_Fabc 24.3421 
Year 
2020 37.5942 
2021 38.5419 
2022 38.3714 
2023 36.853 
2024 34.8017 
2025 31.8759 
2026 29.3661 
2027 27.4458 
2028 26.1488 
2029 25.365 
2030 24.9439 
2031 24.7445 
2032 24.6722 
2033 24.6753 

Alternative 2 Fishing Mortality
     Model_1_goa_dr_2020.dat 
Equil_Fabc 0.0929257 
Year 
2020 0.0290868 
2021 0.0382227 
2022 0.061192 
2023 0.0593253 
2024 0.0929257 
2025 0.0929257 
2026 0.0929257 
2027 0.0929257 
2028 0.0926861 
2029 0.0910559 
2030 0.0895374 
2031 0.0885985 
2032 0.0880738 
2033 0.0878187 

Alternative 2 Biomass
     Model_1_goa_dr_2020.dat 

Year 
2020 99.2454 
2021 97.7665 
2022 95.6821 
2023 92.3103 
2024 89.7456 
2025 85.7279 
2026 82.8397 
2027 80.9523 
2028 79.7684 
2029 79.1204 
2030 78.7268 
2031 78.5787 
2032 78.4777 
2033 78.452 

Alternative 2 Implied SPR rate 
     Model_1_goa_dr_2020.dat 
Equil_Fabc 0.4 
Year 
2020 0.686622 
2021 0.62387 
2022 0.506035 
2023 0.513983 
2024 0.4 
2025 0.4 
2026 0.4 
2027 0.4 
2028 0.400648 
2029 0.405186 
2030 0.409588 
2031 0.412424 
2032 0.414068 
2033 0.4149 

  Model_1_goa_dr_2020.dat 
EquilAvgAgeF0  12.2212 
EquilAvgAgeFabc  7.64257 
AvgAgeYr2033 8.11566 
Alternative 3 Catch
     Model_1_goa_dr_2020.dat 
Equil_Fabc 4.36227 
Year 
2020 2.1975 
2021 2.99749 
2022 4.72457 
2023 4.33675 
2024 3.1945 
2025 3.01215 
2026 2.85483 
2027 2.75438 
2028 2.72182 
2029 2.7328 
2030 2.76081 
2031 2.79182 
2032 2.82269 
2033 2.8552 

Alternative 3 ABCs
     Model_1_goa_dr_2020.dat 

Year 
2020  NA 
2021  NA 
2022  NA 
2023  NA 
2024 3.1945 
2025 3.01215 
2026 2.85483 
2027 2.75438 
2028 2.72182 
2029 2.7328 
2030 2.76081 
2031 2.79182 
2032 2.82269 
2033 2.8552 

Alternative 3 TACs
     Model_1_goa_dr_2020.dat 

Year 
2020  NA 
2021  NA 
2022  NA 
2023  NA 
2024 3.1945 
2025 3.01215 
2026 2.85483 
2027 2.75438 
2028 2.72182 
2029 2.7328 
2030 2.76081 
2031 2.79182 
2032 2.82269 
2033 2.8552 

Alternative 3 Sp_Biomass
     Model_1_goa_dr_2020.dat 
Equil_Fabc 24.3421 
Year 
2020 37.5942 
2021 38.5419 
2022 38.3714 
2023 36.853 
2024 35.0626 
2025 33.5453 
2026 32.1924 
2027 31.1999 
2028 30.6506 
2029 30.4847 
2030 30.576 
2031 30.8153 
2032 31.1296 
2033 31.4785 

Alternative 3 Fishing Mortality
     Model_1_goa_dr_2020.dat 
Equil_Fabc 0.0929257 
Year 
2020 0.0290868 
2021 0.0382227 
2022 0.061192 
2023 0.0593253 
2024 0.0464629 
2025 0.0464629 
2026 0.0464629 
2027 0.0464629 
2028 0.0464629 
2029 0.0464629 
2030 0.0464628 
2031 0.0464536 
2032 0.0464324 
2033 0.0464089 

Alternative 3 Biomass
     Model_1_goa_dr_2020.dat 

Year 
2020 99.2454 
2021 97.7665 
2022 95.6821 
2023 92.3103 
2024 89.7456 
2025 88.7527 
2026 88.3163 
2027 88.3974 
2028 88.8205 
2029 89.5244 
2030 90.2473 
2031 91.0367 
2032 91.7452 
2033 92.4338 

Alternative 3 Implied SPR rate 
     Model_1_goa_dr_2020.dat 
Equil_Fabc 0.4 
Year 
2020 0.686622 
2021 0.62387 
2022 0.506035 
2023 0.513983 
2024 0.576018 
2025 0.576018 
2026 0.576018 
2027 0.576018 
2028 0.576018 
2029 0.576018 
2030 0.576018 
2031 0.576068 
2032 0.576185 
2033 0.576315 

  Model_1_goa_dr_2020.dat 
EquilAvgAgeF0  12.2212 
EquilAvgAgeFabc  7.64257 
AvgAgeYr2033 9.14721 
Alternative 4 Catch
     Model_1_goa_dr_2020.dat 
Equil_Fabc 4.36227 
Year 
2020 2.1975 
2021 2.99749 
2022 4.72457 
2023 4.33675 
2024 2.78368 
2025 2.64012 
2026 2.51615 
2027 2.43966 
2028 2.4208 
2029 2.43896 
2030 2.47133 
2031 2.50617 
2032 2.54082 
2033 2.57647 

Alternative 4 ABCs
     Model_1_goa_dr_2020.dat 

Year 
2020  NA 
2021  NA 
2022  NA 
2023  NA 
2024 2.78368 
2025 2.64012 
2026 2.51615 
2027 2.43966 
2028 2.4208 
2029 2.43896 
2030 2.47133 
2031 2.50617 
2032 2.54082 
2033 2.57647 

Alternative 4 TACs
     Model_1_goa_dr_2020.dat 

Year 
2020  NA 
2021  NA 
2022  NA 
2023  NA 
2024 2.78368 
2025 2.64012 
2026 2.51615 
2027 2.43966 
2028 2.4208 
2029 2.43896 
2030 2.47133 
2031 2.50617 
2032 2.54082 
2033 2.57647 

Alternative 4 Sp_Biomass
     Model_1_goa_dr_2020.dat 
Equil_Fabc 24.3421 
Year 
2020 37.5942 
2021 38.5419 
2022 38.3714 
2023 36.853 
2024 35.097 
2025 33.7709 
2026 32.5841 
2027 31.7333 
2028 31.3057 
2029 31.2479 
2030 31.4386 
2031 31.7711 
2032 32.173 
2033 32.604 

Alternative 4 Fishing Mortality
     Model_1_goa_dr_2020.dat 
Equil_Fabc 0.0929257 
Year 
2020 0.0290868 
2021 0.0382227 
2022 0.061192 
2023 0.0593253 
2024 0.0403697 
2025 0.0403697 
2026 0.0403697 
2027 0.0403697 
2028 0.0403697 
2029 0.0403697 
2030 0.0403697 
2031 0.0403697 
2032 0.0403697 
2033 0.0403697 

Alternative 4 Biomass
     Model_1_goa_dr_2020.dat 

Year 
2020 99.2454 
2021 97.7665 
2022 95.6821 
2023 92.3103 
2024 89.7456 
2025 89.1596 
2026 89.0718 
2027 89.4499 
2028 90.1302 
2029 91.064 
2030 91.9975 
2031 92.9824 
2032 93.8728 
2033 94.73 

Alternative 4 Implied SPR rate 
     Model_1_goa_dr_2020.dat 
Equil_Fabc 0.4 
Year 
2020 0.686622 
2021 0.62387 
2022 0.506035 
2023 0.513983 
2024 0.610686 
2025 0.610686 
2026 0.610686 
2027 0.610686 
2028 0.610686 
2029 0.610686 
2030 0.610686 
2031 0.610686 
2032 0.610686 
2033 0.610686 

  Model_1_goa_dr_2020.dat 
EquilAvgAgeF0  12.2212 
EquilAvgAgeFabc  7.64257 
AvgAgeYr2033 9.30542 
Alternative 5 Catch
     Model_1_goa_dr_2020.dat 
Equil_Fabc 4.36227 
Year 
2020 2.1975 
2021 2.99749 
2022 4.72457 
2023 4.33675 
2024  NA 
2025  NA 
2026  NA 
2027  NA 
2028  NA 
2029  NA 
2030  NA 
2031  NA 
2032  NA 
2033  NA 

Alternative 5 ABCs
     Model_1_goa_dr_2020.dat 

Year 
2020  NA 
2021  NA 
2022  NA 
2023  NA 
2024  NA 
2025  NA 
2026  NA 
2027  NA 
2028  NA 
2029  NA 
2030  NA 
2031  NA 
2032  NA 
2033  NA 

Alternative 5 TACs
     Model_1_goa_dr_2020.dat 

Year 
2020  NA 
2021  NA 
2022  NA 
2023  NA 
2024  NA 
2025  NA 
2026  NA 
2027  NA 
2028  NA 
2029  NA 
2030  NA 
2031  NA 
2032  NA 
2033  NA 

Alternative 5 Sp_Biomass
     Model_1_goa_dr_2020.dat 
Equil_Fabc 24.3421 
Year 
2020 37.5942 
2021 38.5419 
2022 38.3714 
2023 36.853 
2024 35.3256 
2025 35.306 
2026 35.3117 
2027 35.5322 
2028 36.0754 
2029 36.9226 
2030 37.9801 
2031 39.156 
2032 40.3804 
2033 41.6105 

Alternative 5 Fishing Mortality
     Model_1_goa_dr_2020.dat 
Equil_Fabc 0.0929257 
Year 
2020 0.0290868 
2021 0.0382227 
2022 0.061192 
2023 0.0593253 
2024  NA 
2025  NA 
2026  NA 
2027  NA 
2028  NA 
2029  NA 
2030  NA 
2031  NA 
2032  NA 
2033  NA 

Alternative 5 Biomass
     Model_1_goa_dr_2020.dat 

Year 
2020 99.2454 
2021 97.7665 
2022 95.6821 
2023 92.3103 
2024 89.7456 
2025 91.9175 
2026 94.3097 
2027 96.9114 
2028 99.6178 
2029 102.448 
2030 105.192 
2031 107.922 
2032 110.499 
2033 112.984 

Alternative 5 Implied SPR rate 
     Model_1_goa_dr_2020.dat 
Equil_Fabc 0.4 
Year 
2020 0.686622 
2021 0.62387 
2022 0.506035 
2023 0.513983 
2024 1 
2025 1 
2026 1 
2027 1 
2028 1 
2029 1 
2030 1 
2031 1 
2032 1 
2033 1 

  Model_1_goa_dr_2020.dat 
EquilAvgAgeF0  12.2212 
EquilAvgAgeFabc  7.64257 
AvgAgeYr2033 10.4508 
Alternative 6 Catch
     Model_1_goa_dr_2020.dat 
Equil_Fabc 4.36227 
Year 
2020 2.1975 
2021 8.6638 
2022 8.03848 
2023 7.24434 
2024 6.44715 
2025 5.73086 
2026 5.07917 
2027 4.42622 
2028 4.12889 
2029 4.05147 
2030 4.07172 
2031 4.12384 
2032 4.1846 
2033 4.25144 

Alternative 6 ABCs
     Model_1_goa_dr_2020.dat 

Year 
2020 8.32034 
2021 8.66381 
2022 8.03849 
2023 7.24434 
2024 6.44715 
2025 5.73086 
2026 5.07917 
2027 4.42622 
2028 4.12889 
2029 4.05147 
2030 4.07172 
2031 4.12384 
2032 4.1846 
2033 4.25144 

Alternative 6 TACs
     Model_1_goa_dr_2020.dat 

Year 
2020  NA 
2021 8.66381 
2022 8.03849 
2023 7.24434 
2024 6.44715 
2025 5.73086 
2026 5.07917 
2027 4.42622 
2028 4.12889 
2029 4.05147 
2030 4.07172 
2031 4.12384 
2032 4.1846 
2033 4.25144 

Alternative 6 Sp_Biomass
     Model_1_goa_dr_2020.dat 
Equil_Fabc 24.3421 
Year 
2020 37.5942 
2021 38.0893 
2022 35.5075 
2023 32.5004 
2024 29.4077 
2025 26.5799 
2026 24.2648 
2027 22.6438 
2028 21.7718 
2029 21.4287 
2030 21.3881 
2031 21.4946 
2032 21.6617 
2033 21.8493 

Alternative 6 Fishing Mortality
     Model_1_goa_dr_2020.dat 
Equil_Fabc 0.0929257 
Year 
2020 0.0290868 
2021 0.114372 
2022 0.114372 
2023 0.114372 
2024 0.114372 
2025 0.114372 
2026 0.112685 
2027 0.105404 
2028 0.100937 
2029 0.0989124 
2030 0.0983571 
2031 0.0985283 
2032 0.0990174 
2033 0.0996423 

Alternative 6 Biomass
     Model_1_goa_dr_2020.dat 

Year 
2020 99.2454 
2021 97.7665 
2022 90.0147 
2023 83.5593 
2024 78.4844 
2025 74.7905 
2026 72.3482 
2027 71.0468 
2028 70.723 
2029 70.9902 
2030 71.3905 
2031 71.8774 
2032 72.2706 
2033 72.6234 

Alternative 6 Implied SPR rate 
     Model_1_goa_dr_2020.dat 
Equil_Fabc 0.4 
Year 
2020 0.686622 
2021 0.35 
2022 0.35 
2023 0.35 
2024 0.35 
2025 0.35 
2026 0.353519 
2027 0.369648 
2028 0.38049 
2029 0.385861 
2030 0.387624 
2031 0.387463 
2032 0.386397 
2033 0.384932 

  Model_1_goa_dr_2020.dat 
EquilAvgAgeF0  12.2212 
EquilAvgAgeFabc  7.64257 
AvgAgeYr2033 7.60549 
Alternative 7 Catch
     Model_1_goa_dr_2020.dat 
Equil_Fabc 4.36227 
Year 
2020 2.1975 
2021 7.10792 
2022 6.72628 
2023 7.53284 
2024 6.69598 
2025 5.94326 
2026 5.32674 
2027 4.67593 
2028 4.31627 
2029 4.1925 
2030 4.17786 
2031 4.20408 
2032 4.24563 
2033 4.29772 

Alternative 7 ABCs
     Model_1_goa_dr_2020.dat 

Year 
2020 8.32034 
2021 8.66381 
2022 8.19638 
2023 7.53285 
2024 6.69598 
2025 5.94326 
2026 5.32674 
2027 4.67593 
2028 4.31627 
2029 4.1925 
2030 4.17786 
2031 4.20408 
2032 4.24563 
2033 4.29772 

Alternative 7 TACs
     Model_1_goa_dr_2020.dat 

Year 
2020  NA 
2021 8.66381 
2022 8.19638 
2023 7.53285 
2024 6.69598 
2025 5.94326 
2026 5.32674 
2027 4.67593 
2028 4.31627 
2029 4.1925 
2030 4.17786 
2031 4.20408 
2032 4.24563 
2033 4.29772 

Alternative 7 Sp_Biomass
     Model_1_goa_dr_2020.dat 
Equil_Fabc 24.3421 
Year 
2020 37.5942 
2021 38.2162 
2022 36.3283 
2023 33.789 
2024 30.5341 
2025 27.5509 
2026 25.0878 
2027 23.3067 
2028 22.285 
2029 21.8261 
2030 21.6954 
2031 21.7315 
2032 21.8438 
2033 21.9889 

Alternative 7 Fishing Mortality
     Model_1_goa_dr_2020.dat 
Equil_Fabc 0.0929257 
Year 
2020 0.0290868 
2021 0.0929257 
2022 0.0929257 
2023 0.114372 
2024 0.114372 
2025 0.114372 
2026 0.114288 
2027 0.108237 
2028 0.10318 
2029 0.100617 
2030 0.0996239 
2031 0.0994683 
2032 0.0997208 
2033 0.100165 

Alternative 7 Biomass
     Model_1_goa_dr_2020.dat 

Year 
2020 99.2454 
2021 97.7665 
2022 91.5705 
2023 86.363 
2024 80.8818 
2025 76.8295 
2026 74.0751 
2027 72.4376 
2028 71.7895 
2029 71.8085 
2030 72.0181 
2031 72.3587 
2032 72.6395 
2033 72.9055 

Alternative 7 Implied SPR rate 
     Model_1_goa_dr_2020.dat 
Equil_Fabc 0.4 
Year 
2020 0.686622 
2021 0.4 
2022 0.4 
2023 0.35 
2024 0.35 
2025 0.35 
2026 0.350172 
2027 0.363237 
2028 0.375085 
2029 0.381602 
2030 0.384393 
2031 0.385044 
2032 0.384585 
2033 0.383588 

  Model_1_goa_dr_2020.dat 
EquilAvgAgeF0  12.2212 
EquilAvgAgeFabc  7.64257 
AvgAgeYr2033 7.63844 
