Model_1_goa_dr_2020.dat 1 2020 Cabc 4.36227
Model_1_goa_dr_2020.dat 1 2020 Cofl 4.66772
Model_1_goa_dr_2020.dat 1 2020 CLCI 2.1975
Model_1_goa_dr_2020.dat 1 2020 CUCI 2.1975
Model_1_goa_dr_2020.dat 1 2020 CMedian 2.1975
Model_1_goa_dr_2020.dat 1 2020 CMean 2.1975
Model_1_goa_dr_2020.dat 1 2021 Cabc 4.36227
Model_1_goa_dr_2020.dat 1 2021 Cofl 4.66772
Model_1_goa_dr_2020.dat 1 2021 CLCI 2.99749
Model_1_goa_dr_2020.dat 1 2021 CUCI 2.99749
Model_1_goa_dr_2020.dat 1 2021 CMedian 2.99749
Model_1_goa_dr_2020.dat 1 2021 CMean 2.99749
Model_1_goa_dr_2020.dat 1 2022 Cabc 4.36227
Model_1_goa_dr_2020.dat 1 2022 Cofl 4.66772
Model_1_goa_dr_2020.dat 1 2022 CLCI 4.72457
Model_1_goa_dr_2020.dat 1 2022 CUCI 4.72457
Model_1_goa_dr_2020.dat 1 2022 CMedian 4.72457
Model_1_goa_dr_2020.dat 1 2022 CMean 4.72457
Model_1_goa_dr_2020.dat 1 2023 Cabc 4.36227
Model_1_goa_dr_2020.dat 1 2023 Cofl 4.66772
Model_1_goa_dr_2020.dat 1 2023 CLCI 4.33675
Model_1_goa_dr_2020.dat 1 2023 CUCI 4.33675
Model_1_goa_dr_2020.dat 1 2023 CMedian 4.33675
Model_1_goa_dr_2020.dat 1 2023 CMean 4.33675
Model_1_goa_dr_2020.dat 1 2024 Cabc 4.36227
Model_1_goa_dr_2020.dat 1 2024 Cofl 4.66772
Model_1_goa_dr_2020.dat 1 2024 CLCI 6.24189
Model_1_goa_dr_2020.dat 1 2024 CUCI 6.26202
Model_1_goa_dr_2020.dat 1 2024 CMedian 6.24728
Model_1_goa_dr_2020.dat 1 2024 CMean 6.24904
Model_1_goa_dr_2020.dat 1 2025 Cabc 4.36227
Model_1_goa_dr_2020.dat 1 2025 Cofl 4.66772
Model_1_goa_dr_2020.dat 1 2025 CLCI 5.61047
Model_1_goa_dr_2020.dat 1 2025 CUCI 5.68414
Model_1_goa_dr_2020.dat 1 2025 CMedian 5.63047
Model_1_goa_dr_2020.dat 1 2025 CMean 5.6366
Model_1_goa_dr_2020.dat 1 2026 Cabc 4.36227
Model_1_goa_dr_2020.dat 1 2026 Cofl 4.66772
Model_1_goa_dr_2020.dat 1 2026 CLCI 5.03771
Model_1_goa_dr_2020.dat 1 2026 CUCI 5.27125
Model_1_goa_dr_2020.dat 1 2026 CMedian 5.10303
Model_1_goa_dr_2020.dat 1 2026 CMean 5.12206
Model_1_goa_dr_2020.dat 1 2027 Cabc 4.36227
Model_1_goa_dr_2020.dat 1 2027 Cofl 4.66772
Model_1_goa_dr_2020.dat 1 2027 CLCI 4.54676
Model_1_goa_dr_2020.dat 1 2027 CUCI 5.12386
Model_1_goa_dr_2020.dat 1 2027 CMedian 4.71265
Model_1_goa_dr_2020.dat 1 2027 CMean 4.76193
Model_1_goa_dr_2020.dat 1 2028 Cabc 4.36227
Model_1_goa_dr_2020.dat 1 2028 Cofl 4.66772
Model_1_goa_dr_2020.dat 1 2028 CLCI 4.09015
Model_1_goa_dr_2020.dat 1 2028 CUCI 5.22985
Model_1_goa_dr_2020.dat 1 2028 CMedian 4.47756
Model_1_goa_dr_2020.dat 1 2028 CMean 4.55549
Model_1_goa_dr_2020.dat 1 2029 Cabc 4.36227
Model_1_goa_dr_2020.dat 1 2029 Cofl 4.66772
Model_1_goa_dr_2020.dat 1 2029 CLCI 3.58006
Model_1_goa_dr_2020.dat 1 2029 CUCI 5.40559
Model_1_goa_dr_2020.dat 1 2029 CMedian 4.35315
Model_1_goa_dr_2020.dat 1 2029 CMean 4.39767
Model_1_goa_dr_2020.dat 1 2030 Cabc 4.36227
Model_1_goa_dr_2020.dat 1 2030 Cofl 4.66772
Model_1_goa_dr_2020.dat 1 2030 CLCI 3.22963
Model_1_goa_dr_2020.dat 1 2030 CUCI 5.54068
Model_1_goa_dr_2020.dat 1 2030 CMedian 4.2739
Model_1_goa_dr_2020.dat 1 2030 CMean 4.29901
Model_1_goa_dr_2020.dat 1 2031 Cabc 4.36227
Model_1_goa_dr_2020.dat 1 2031 Cofl 4.66772
Model_1_goa_dr_2020.dat 1 2031 CLCI 3.00387
Model_1_goa_dr_2020.dat 1 2031 CUCI 5.63989
Model_1_goa_dr_2020.dat 1 2031 CMedian 4.23176
Model_1_goa_dr_2020.dat 1 2031 CMean 4.24572
Model_1_goa_dr_2020.dat 1 2032 Cabc 4.36227
Model_1_goa_dr_2020.dat 1 2032 Cofl 4.66772
Model_1_goa_dr_2020.dat 1 2032 CLCI 2.87383
Model_1_goa_dr_2020.dat 1 2032 CUCI 5.70606
Model_1_goa_dr_2020.dat 1 2032 CMedian 4.19428
Model_1_goa_dr_2020.dat 1 2032 CMean 4.22013
Model_1_goa_dr_2020.dat 1 2033 Cabc 4.36227
Model_1_goa_dr_2020.dat 1 2033 Cofl 4.66772
Model_1_goa_dr_2020.dat 1 2033 CLCI 2.81691
Model_1_goa_dr_2020.dat 1 2033 CUCI 5.75108
Model_1_goa_dr_2020.dat 1 2033 CMedian 4.21968
Model_1_goa_dr_2020.dat 1 2033 CMean 4.21613
Model_1_goa_dr_2020.dat 1 2020 SSBF100 60.8552
Model_1_goa_dr_2020.dat 1 2020 SSBFabc 24.3421
Model_1_goa_dr_2020.dat 1 2020 SSBFofl 21.2993
Model_1_goa_dr_2020.dat 1 2020 SSBLCI 37.5942
Model_1_goa_dr_2020.dat 1 2020 SSBUCI 37.5942
Model_1_goa_dr_2020.dat 1 2020 SSBMedian 37.5942
Model_1_goa_dr_2020.dat 1 2020 SSBMean 37.5942
Model_1_goa_dr_2020.dat 1 2021 SSBF100 60.8552
Model_1_goa_dr_2020.dat 1 2021 SSBFabc 24.3421
Model_1_goa_dr_2020.dat 1 2021 SSBFofl 21.2993
Model_1_goa_dr_2020.dat 1 2021 SSBLCI 38.5323
Model_1_goa_dr_2020.dat 1 2021 SSBUCI 38.5616
Model_1_goa_dr_2020.dat 1 2021 SSBMedian 38.539
Model_1_goa_dr_2020.dat 1 2021 SSBMean 38.5419
Model_1_goa_dr_2020.dat 1 2022 SSBF100 60.8552
Model_1_goa_dr_2020.dat 1 2022 SSBFabc 24.3421
Model_1_goa_dr_2020.dat 1 2022 SSBFofl 21.2993
Model_1_goa_dr_2020.dat 1 2022 SSBLCI 38.3376
Model_1_goa_dr_2020.dat 1 2022 SSBUCI 38.4318
Model_1_goa_dr_2020.dat 1 2022 SSBMedian 38.363
Model_1_goa_dr_2020.dat 1 2022 SSBMean 38.3714
Model_1_goa_dr_2020.dat 1 2023 SSBF100 60.8552
Model_1_goa_dr_2020.dat 1 2023 SSBFabc 24.3421
Model_1_goa_dr_2020.dat 1 2023 SSBFofl 21.2993
Model_1_goa_dr_2020.dat 1 2023 SSBLCI 36.7601
Model_1_goa_dr_2020.dat 1 2023 SSBUCI 37.0093
Model_1_goa_dr_2020.dat 1 2023 SSBMedian 36.8311
Model_1_goa_dr_2020.dat 1 2023 SSBMean 36.853
Model_1_goa_dr_2020.dat 1 2024 SSBF100 60.8552
Model_1_goa_dr_2020.dat 1 2024 SSBFabc 24.3421
Model_1_goa_dr_2020.dat 1 2024 SSBFofl 21.2993
Model_1_goa_dr_2020.dat 1 2024 SSBLCI 34.5822
Model_1_goa_dr_2020.dat 1 2024 SSBUCI 35.1569
Model_1_goa_dr_2020.dat 1 2024 SSBMedian 34.7525
Model_1_goa_dr_2020.dat 1 2024 SSBMean 34.8017
Model_1_goa_dr_2020.dat 1 2025 SSBF100 60.8552
Model_1_goa_dr_2020.dat 1 2025 SSBFabc 24.3421
Model_1_goa_dr_2020.dat 1 2025 SSBFofl 21.2993
Model_1_goa_dr_2020.dat 1 2025 SSBLCI 31.4093
Model_1_goa_dr_2020.dat 1 2025 SSBUCI 32.645
Model_1_goa_dr_2020.dat 1 2025 SSBMedian 31.769
Model_1_goa_dr_2020.dat 1 2025 SSBMean 31.8759
Model_1_goa_dr_2020.dat 1 2026 SSBF100 60.8552
Model_1_goa_dr_2020.dat 1 2026 SSBFabc 24.3421
Model_1_goa_dr_2020.dat 1 2026 SSBFofl 21.2993
Model_1_goa_dr_2020.dat 1 2026 SSBLCI 28.4733
Model_1_goa_dr_2020.dat 1 2026 SSBUCI 30.7893
Model_1_goa_dr_2020.dat 1 2026 SSBMedian 29.1768
Model_1_goa_dr_2020.dat 1 2026 SSBMean 29.3661
Model_1_goa_dr_2020.dat 1 2027 SSBF100 60.8552
Model_1_goa_dr_2020.dat 1 2027 SSBFabc 24.3421
Model_1_goa_dr_2020.dat 1 2027 SSBFofl 21.2993
Model_1_goa_dr_2020.dat 1 2027 SSBLCI 25.9373
Model_1_goa_dr_2020.dat 1 2027 SSBUCI 29.8649
Model_1_goa_dr_2020.dat 1 2027 SSBMedian 27.1423
Model_1_goa_dr_2020.dat 1 2027 SSBMean 27.4458
Model_1_goa_dr_2020.dat 1 2028 SSBF100 60.8552
Model_1_goa_dr_2020.dat 1 2028 SSBFabc 24.3421
Model_1_goa_dr_2020.dat 1 2028 SSBFofl 21.2993
Model_1_goa_dr_2020.dat 1 2028 SSBLCI 23.8677
Model_1_goa_dr_2020.dat 1 2028 SSBUCI 29.6539
Model_1_goa_dr_2020.dat 1 2028 SSBMedian 25.6897
Model_1_goa_dr_2020.dat 1 2028 SSBMean 26.1488
Model_1_goa_dr_2020.dat 1 2029 SSBF100 60.8552
Model_1_goa_dr_2020.dat 1 2029 SSBFabc 24.3421
Model_1_goa_dr_2020.dat 1 2029 SSBFofl 21.2993
Model_1_goa_dr_2020.dat 1 2029 SSBLCI 22.2961
Model_1_goa_dr_2020.dat 1 2029 SSBUCI 30.0039
Model_1_goa_dr_2020.dat 1 2029 SSBMedian 24.8255
Model_1_goa_dr_2020.dat 1 2029 SSBMean 25.365
Model_1_goa_dr_2020.dat 1 2030 SSBF100 60.8552
Model_1_goa_dr_2020.dat 1 2030 SSBFabc 24.3421
Model_1_goa_dr_2020.dat 1 2030 SSBFofl 21.2993
Model_1_goa_dr_2020.dat 1 2030 SSBLCI 21.1678
Model_1_goa_dr_2020.dat 1 2030 SSBUCI 30.5555
Model_1_goa_dr_2020.dat 1 2030 SSBMedian 24.3
Model_1_goa_dr_2020.dat 1 2030 SSBMean 24.9439
Model_1_goa_dr_2020.dat 1 2031 SSBF100 60.8552
Model_1_goa_dr_2020.dat 1 2031 SSBFabc 24.3421
Model_1_goa_dr_2020.dat 1 2031 SSBFofl 21.2993
Model_1_goa_dr_2020.dat 1 2031 SSBLCI 20.4822
Model_1_goa_dr_2020.dat 1 2031 SSBUCI 31.1694
Model_1_goa_dr_2020.dat 1 2031 SSBMedian 24.1139
Model_1_goa_dr_2020.dat 1 2031 SSBMean 24.7445
Model_1_goa_dr_2020.dat 1 2032 SSBF100 60.8552
Model_1_goa_dr_2020.dat 1 2032 SSBFabc 24.3421
Model_1_goa_dr_2020.dat 1 2032 SSBFofl 21.2993
Model_1_goa_dr_2020.dat 1 2032 SSBLCI 20.0741
Model_1_goa_dr_2020.dat 1 2032 SSBUCI 31.3859
Model_1_goa_dr_2020.dat 1 2032 SSBMedian 23.9561
Model_1_goa_dr_2020.dat 1 2032 SSBMean 24.6722
Model_1_goa_dr_2020.dat 1 2033 SSBF100 60.8552
Model_1_goa_dr_2020.dat 1 2033 SSBFabc 24.3421
Model_1_goa_dr_2020.dat 1 2033 SSBFofl 21.2993
Model_1_goa_dr_2020.dat 1 2033 SSBLCI 19.7846
Model_1_goa_dr_2020.dat 1 2033 SSBUCI 31.4649
Model_1_goa_dr_2020.dat 1 2033 SSBMedian 23.993
Model_1_goa_dr_2020.dat 1 2033 SSBMean 24.6753
Model_1_goa_dr_2020.dat 1 2020 F0 0 
Model_1_goa_dr_2020.dat 1 2020 Fabc 0.0929257
Model_1_goa_dr_2020.dat 1 2020 Fofl 0.114372
Model_1_goa_dr_2020.dat 1 2020  F_LCI 0.0290868
Model_1_goa_dr_2020.dat 1 2020  F_UCI 0.0290868
Model_1_goa_dr_2020.dat 1 2020  F_Median 0.0290868
Model_1_goa_dr_2020.dat 1 2020  F_Mean 0.0290868
Model_1_goa_dr_2020.dat 1 2021 F0 0 
Model_1_goa_dr_2020.dat 1 2021 Fabc 0.0929257
Model_1_goa_dr_2020.dat 1 2021 Fofl 0.114372
Model_1_goa_dr_2020.dat 1 2021  F_LCI 0.038222
Model_1_goa_dr_2020.dat 1 2021  F_UCI 0.038223
Model_1_goa_dr_2020.dat 1 2021  F_Median 0.0382228
Model_1_goa_dr_2020.dat 1 2021  F_Mean 0.0382227
Model_1_goa_dr_2020.dat 1 2022 F0 0 
Model_1_goa_dr_2020.dat 1 2022 Fabc 0.0929257
Model_1_goa_dr_2020.dat 1 2022 Fofl 0.114372
Model_1_goa_dr_2020.dat 1 2022  F_LCI 0.0611857
Model_1_goa_dr_2020.dat 1 2022  F_UCI 0.0611953
Model_1_goa_dr_2020.dat 1 2022  F_Median 0.0611928
Model_1_goa_dr_2020.dat 1 2022  F_Mean 0.061192
Model_1_goa_dr_2020.dat 1 2023 F0 0 
Model_1_goa_dr_2020.dat 1 2023 Fabc 0.0929257
Model_1_goa_dr_2020.dat 1 2023 Fofl 0.114372
Model_1_goa_dr_2020.dat 1 2023  F_LCI 0.0592954
Model_1_goa_dr_2020.dat 1 2023  F_UCI 0.0593409
Model_1_goa_dr_2020.dat 1 2023  F_Median 0.0593292
Model_1_goa_dr_2020.dat 1 2023  F_Mean 0.0593253
Model_1_goa_dr_2020.dat 1 2024 F0 0 
Model_1_goa_dr_2020.dat 1 2024 Fabc 0.0929257
Model_1_goa_dr_2020.dat 1 2024 Fofl 0.114372
Model_1_goa_dr_2020.dat 1 2024  F_LCI 0.0929257
Model_1_goa_dr_2020.dat 1 2024  F_UCI 0.0929257
Model_1_goa_dr_2020.dat 1 2024  F_Median 0.0929257
Model_1_goa_dr_2020.dat 1 2024  F_Mean 0.0929257
Model_1_goa_dr_2020.dat 1 2025 F0 0 
Model_1_goa_dr_2020.dat 1 2025 Fabc 0.0929257
Model_1_goa_dr_2020.dat 1 2025 Fofl 0.114372
Model_1_goa_dr_2020.dat 1 2025  F_LCI 0.0929257
Model_1_goa_dr_2020.dat 1 2025  F_UCI 0.0929257
Model_1_goa_dr_2020.dat 1 2025  F_Median 0.0929257
Model_1_goa_dr_2020.dat 1 2025  F_Mean 0.0929257
Model_1_goa_dr_2020.dat 1 2026 F0 0 
Model_1_goa_dr_2020.dat 1 2026 Fabc 0.0929257
Model_1_goa_dr_2020.dat 1 2026 Fofl 0.114372
Model_1_goa_dr_2020.dat 1 2026  F_LCI 0.0929257
Model_1_goa_dr_2020.dat 1 2026  F_UCI 0.0929257
Model_1_goa_dr_2020.dat 1 2026  F_Median 0.0929257
Model_1_goa_dr_2020.dat 1 2026  F_Mean 0.0929257
Model_1_goa_dr_2020.dat 1 2027 F0 0 
Model_1_goa_dr_2020.dat 1 2027 Fabc 0.0929257
Model_1_goa_dr_2020.dat 1 2027 Fofl 0.114372
Model_1_goa_dr_2020.dat 1 2027  F_LCI 0.0929257
Model_1_goa_dr_2020.dat 1 2027  F_UCI 0.0929257
Model_1_goa_dr_2020.dat 1 2027  F_Median 0.0929257
Model_1_goa_dr_2020.dat 1 2027  F_Mean 0.0929257
Model_1_goa_dr_2020.dat 1 2028 F0 0 
Model_1_goa_dr_2020.dat 1 2028 Fabc 0.0929257
Model_1_goa_dr_2020.dat 1 2028 Fofl 0.114372
Model_1_goa_dr_2020.dat 1 2028  F_LCI 0.0910193
Model_1_goa_dr_2020.dat 1 2028  F_UCI 0.0929257
Model_1_goa_dr_2020.dat 1 2028  F_Median 0.0929257
Model_1_goa_dr_2020.dat 1 2028  F_Mean 0.0926861
Model_1_goa_dr_2020.dat 1 2029 F0 0 
Model_1_goa_dr_2020.dat 1 2029 Fabc 0.0929257
Model_1_goa_dr_2020.dat 1 2029 Fofl 0.114372
Model_1_goa_dr_2020.dat 1 2029  F_LCI 0.084704
Model_1_goa_dr_2020.dat 1 2029  F_UCI 0.0929257
Model_1_goa_dr_2020.dat 1 2029  F_Median 0.0929257
Model_1_goa_dr_2020.dat 1 2029  F_Mean 0.0910559
Model_1_goa_dr_2020.dat 1 2030 F0 0 
Model_1_goa_dr_2020.dat 1 2030 Fabc 0.0929257
Model_1_goa_dr_2020.dat 1 2030 Fofl 0.114372
Model_1_goa_dr_2020.dat 1 2030  F_LCI 0.0801703
Model_1_goa_dr_2020.dat 1 2030  F_UCI 0.0929257
Model_1_goa_dr_2020.dat 1 2030  F_Median 0.0927565
Model_1_goa_dr_2020.dat 1 2030  F_Mean 0.0895374
Model_1_goa_dr_2020.dat 1 2031 F0 0 
Model_1_goa_dr_2020.dat 1 2031 Fabc 0.0929257
Model_1_goa_dr_2020.dat 1 2031 Fofl 0.114372
Model_1_goa_dr_2020.dat 1 2031  F_LCI 0.0774153
Model_1_goa_dr_2020.dat 1 2031  F_UCI 0.0929257
Model_1_goa_dr_2020.dat 1 2031  F_Median 0.0920087
Model_1_goa_dr_2020.dat 1 2031  F_Mean 0.0885985
Model_1_goa_dr_2020.dat 1 2032 F0 0 
Model_1_goa_dr_2020.dat 1 2032 Fabc 0.0929257
Model_1_goa_dr_2020.dat 1 2032 Fofl 0.114372
Model_1_goa_dr_2020.dat 1 2032  F_LCI 0.0757753
Model_1_goa_dr_2020.dat 1 2032  F_UCI 0.0929257
Model_1_goa_dr_2020.dat 1 2032  F_Median 0.0913749
Model_1_goa_dr_2020.dat 1 2032  F_Mean 0.0880738
Model_1_goa_dr_2020.dat 1 2033 F0 0 
Model_1_goa_dr_2020.dat 1 2033 Fabc 0.0929257
Model_1_goa_dr_2020.dat 1 2033 Fofl 0.114372
Model_1_goa_dr_2020.dat 1 2033  F_LCI 0.0746119
Model_1_goa_dr_2020.dat 1 2033  F_UCI 0.0929257
Model_1_goa_dr_2020.dat 1 2033  F_Median 0.0915229
Model_1_goa_dr_2020.dat 1 2033  F_Mean 0.0878187
Model_1_goa_dr_2020.dat 2 2020 Cabc 4.36227
Model_1_goa_dr_2020.dat 2 2020 Cofl 4.66772
Model_1_goa_dr_2020.dat 2 2020 CLCI 2.1975
Model_1_goa_dr_2020.dat 2 2020 CUCI 2.1975
Model_1_goa_dr_2020.dat 2 2020 CMedian 2.1975
Model_1_goa_dr_2020.dat 2 2020 CMean 2.1975
Model_1_goa_dr_2020.dat 2 2021 Cabc 4.36227
Model_1_goa_dr_2020.dat 2 2021 Cofl 4.66772
Model_1_goa_dr_2020.dat 2 2021 CLCI 2.99749
Model_1_goa_dr_2020.dat 2 2021 CUCI 2.99749
Model_1_goa_dr_2020.dat 2 2021 CMedian 2.99749
Model_1_goa_dr_2020.dat 2 2021 CMean 2.99749
Model_1_goa_dr_2020.dat 2 2022 Cabc 4.36227
Model_1_goa_dr_2020.dat 2 2022 Cofl 4.66772
Model_1_goa_dr_2020.dat 2 2022 CLCI 4.72457
Model_1_goa_dr_2020.dat 2 2022 CUCI 4.72457
Model_1_goa_dr_2020.dat 2 2022 CMedian 4.72457
Model_1_goa_dr_2020.dat 2 2022 CMean 4.72457
Model_1_goa_dr_2020.dat 2 2023 Cabc 4.36227
Model_1_goa_dr_2020.dat 2 2023 Cofl 4.66772
Model_1_goa_dr_2020.dat 2 2023 CLCI 4.33675
Model_1_goa_dr_2020.dat 2 2023 CUCI 4.33675
Model_1_goa_dr_2020.dat 2 2023 CMedian 4.33675
Model_1_goa_dr_2020.dat 2 2023 CMean 4.33675
Model_1_goa_dr_2020.dat 2 2024 Cabc 4.36227
Model_1_goa_dr_2020.dat 2 2024 Cofl 4.66772
Model_1_goa_dr_2020.dat 2 2024 CLCI 6.24189
Model_1_goa_dr_2020.dat 2 2024 CUCI 6.26202
Model_1_goa_dr_2020.dat 2 2024 CMedian 6.24728
Model_1_goa_dr_2020.dat 2 2024 CMean 6.24904
Model_1_goa_dr_2020.dat 2 2025 Cabc 4.36227
Model_1_goa_dr_2020.dat 2 2025 Cofl 4.66772
Model_1_goa_dr_2020.dat 2 2025 CLCI 5.61047
Model_1_goa_dr_2020.dat 2 2025 CUCI 5.68414
Model_1_goa_dr_2020.dat 2 2025 CMedian 5.63047
Model_1_goa_dr_2020.dat 2 2025 CMean 5.6366
Model_1_goa_dr_2020.dat 2 2026 Cabc 4.36227
Model_1_goa_dr_2020.dat 2 2026 Cofl 4.66772
Model_1_goa_dr_2020.dat 2 2026 CLCI 5.03771
Model_1_goa_dr_2020.dat 2 2026 CUCI 5.27125
Model_1_goa_dr_2020.dat 2 2026 CMedian 5.10303
Model_1_goa_dr_2020.dat 2 2026 CMean 5.12206
Model_1_goa_dr_2020.dat 2 2027 Cabc 4.36227
Model_1_goa_dr_2020.dat 2 2027 Cofl 4.66772
Model_1_goa_dr_2020.dat 2 2027 CLCI 4.54676
Model_1_goa_dr_2020.dat 2 2027 CUCI 5.12386
Model_1_goa_dr_2020.dat 2 2027 CMedian 4.71265
Model_1_goa_dr_2020.dat 2 2027 CMean 4.76193
Model_1_goa_dr_2020.dat 2 2028 Cabc 4.36227
Model_1_goa_dr_2020.dat 2 2028 Cofl 4.66772
Model_1_goa_dr_2020.dat 2 2028 CLCI 4.09015
Model_1_goa_dr_2020.dat 2 2028 CUCI 5.22985
Model_1_goa_dr_2020.dat 2 2028 CMedian 4.47756
Model_1_goa_dr_2020.dat 2 2028 CMean 4.55549
Model_1_goa_dr_2020.dat 2 2029 Cabc 4.36227
Model_1_goa_dr_2020.dat 2 2029 Cofl 4.66772
Model_1_goa_dr_2020.dat 2 2029 CLCI 3.58006
Model_1_goa_dr_2020.dat 2 2029 CUCI 5.40559
Model_1_goa_dr_2020.dat 2 2029 CMedian 4.35315
Model_1_goa_dr_2020.dat 2 2029 CMean 4.39767
Model_1_goa_dr_2020.dat 2 2030 Cabc 4.36227
Model_1_goa_dr_2020.dat 2 2030 Cofl 4.66772
Model_1_goa_dr_2020.dat 2 2030 CLCI 3.22963
Model_1_goa_dr_2020.dat 2 2030 CUCI 5.54068
Model_1_goa_dr_2020.dat 2 2030 CMedian 4.2739
Model_1_goa_dr_2020.dat 2 2030 CMean 4.29901
Model_1_goa_dr_2020.dat 2 2031 Cabc 4.36227
Model_1_goa_dr_2020.dat 2 2031 Cofl 4.66772
Model_1_goa_dr_2020.dat 2 2031 CLCI 3.00387
Model_1_goa_dr_2020.dat 2 2031 CUCI 5.63989
Model_1_goa_dr_2020.dat 2 2031 CMedian 4.23176
Model_1_goa_dr_2020.dat 2 2031 CMean 4.24572
Model_1_goa_dr_2020.dat 2 2032 Cabc 4.36227
Model_1_goa_dr_2020.dat 2 2032 Cofl 4.66772
Model_1_goa_dr_2020.dat 2 2032 CLCI 2.87383
Model_1_goa_dr_2020.dat 2 2032 CUCI 5.70606
Model_1_goa_dr_2020.dat 2 2032 CMedian 4.19428
Model_1_goa_dr_2020.dat 2 2032 CMean 4.22013
Model_1_goa_dr_2020.dat 2 2033 Cabc 4.36227
Model_1_goa_dr_2020.dat 2 2033 Cofl 4.66772
Model_1_goa_dr_2020.dat 2 2033 CLCI 2.81691
Model_1_goa_dr_2020.dat 2 2033 CUCI 5.75108
Model_1_goa_dr_2020.dat 2 2033 CMedian 4.21968
Model_1_goa_dr_2020.dat 2 2033 CMean 4.21613
Model_1_goa_dr_2020.dat 2 2020 SSBF100 60.8552
Model_1_goa_dr_2020.dat 2 2020 SSBFabc 24.3421
Model_1_goa_dr_2020.dat 2 2020 SSBFofl 21.2993
Model_1_goa_dr_2020.dat 2 2020 SSBLCI 37.5942
Model_1_goa_dr_2020.dat 2 2020 SSBUCI 37.5942
Model_1_goa_dr_2020.dat 2 2020 SSBMedian 37.5942
Model_1_goa_dr_2020.dat 2 2020 SSBMean 37.5942
Model_1_goa_dr_2020.dat 2 2021 SSBF100 60.8552
Model_1_goa_dr_2020.dat 2 2021 SSBFabc 24.3421
Model_1_goa_dr_2020.dat 2 2021 SSBFofl 21.2993
Model_1_goa_dr_2020.dat 2 2021 SSBLCI 38.5323
Model_1_goa_dr_2020.dat 2 2021 SSBUCI 38.5616
Model_1_goa_dr_2020.dat 2 2021 SSBMedian 38.539
Model_1_goa_dr_2020.dat 2 2021 SSBMean 38.5419
Model_1_goa_dr_2020.dat 2 2022 SSBF100 60.8552
Model_1_goa_dr_2020.dat 2 2022 SSBFabc 24.3421
Model_1_goa_dr_2020.dat 2 2022 SSBFofl 21.2993
Model_1_goa_dr_2020.dat 2 2022 SSBLCI 38.3376
Model_1_goa_dr_2020.dat 2 2022 SSBUCI 38.4318
Model_1_goa_dr_2020.dat 2 2022 SSBMedian 38.363
Model_1_goa_dr_2020.dat 2 2022 SSBMean 38.3714
Model_1_goa_dr_2020.dat 2 2023 SSBF100 60.8552
Model_1_goa_dr_2020.dat 2 2023 SSBFabc 24.3421
Model_1_goa_dr_2020.dat 2 2023 SSBFofl 21.2993
Model_1_goa_dr_2020.dat 2 2023 SSBLCI 36.7601
Model_1_goa_dr_2020.dat 2 2023 SSBUCI 37.0093
Model_1_goa_dr_2020.dat 2 2023 SSBMedian 36.8311
Model_1_goa_dr_2020.dat 2 2023 SSBMean 36.853
Model_1_goa_dr_2020.dat 2 2024 SSBF100 60.8552
Model_1_goa_dr_2020.dat 2 2024 SSBFabc 24.3421
Model_1_goa_dr_2020.dat 2 2024 SSBFofl 21.2993
Model_1_goa_dr_2020.dat 2 2024 SSBLCI 34.5822
Model_1_goa_dr_2020.dat 2 2024 SSBUCI 35.1569
Model_1_goa_dr_2020.dat 2 2024 SSBMedian 34.7525
Model_1_goa_dr_2020.dat 2 2024 SSBMean 34.8017
Model_1_goa_dr_2020.dat 2 2025 SSBF100 60.8552
Model_1_goa_dr_2020.dat 2 2025 SSBFabc 24.3421
Model_1_goa_dr_2020.dat 2 2025 SSBFofl 21.2993
Model_1_goa_dr_2020.dat 2 2025 SSBLCI 31.4093
Model_1_goa_dr_2020.dat 2 2025 SSBUCI 32.645
Model_1_goa_dr_2020.dat 2 2025 SSBMedian 31.769
Model_1_goa_dr_2020.dat 2 2025 SSBMean 31.8759
Model_1_goa_dr_2020.dat 2 2026 SSBF100 60.8552
Model_1_goa_dr_2020.dat 2 2026 SSBFabc 24.3421
Model_1_goa_dr_2020.dat 2 2026 SSBFofl 21.2993
Model_1_goa_dr_2020.dat 2 2026 SSBLCI 28.4733
Model_1_goa_dr_2020.dat 2 2026 SSBUCI 30.7893
Model_1_goa_dr_2020.dat 2 2026 SSBMedian 29.1768
Model_1_goa_dr_2020.dat 2 2026 SSBMean 29.3661
Model_1_goa_dr_2020.dat 2 2027 SSBF100 60.8552
Model_1_goa_dr_2020.dat 2 2027 SSBFabc 24.3421
Model_1_goa_dr_2020.dat 2 2027 SSBFofl 21.2993
Model_1_goa_dr_2020.dat 2 2027 SSBLCI 25.9373
Model_1_goa_dr_2020.dat 2 2027 SSBUCI 29.8649
Model_1_goa_dr_2020.dat 2 2027 SSBMedian 27.1423
Model_1_goa_dr_2020.dat 2 2027 SSBMean 27.4458
Model_1_goa_dr_2020.dat 2 2028 SSBF100 60.8552
Model_1_goa_dr_2020.dat 2 2028 SSBFabc 24.3421
Model_1_goa_dr_2020.dat 2 2028 SSBFofl 21.2993
Model_1_goa_dr_2020.dat 2 2028 SSBLCI 23.8677
Model_1_goa_dr_2020.dat 2 2028 SSBUCI 29.6539
Model_1_goa_dr_2020.dat 2 2028 SSBMedian 25.6897
Model_1_goa_dr_2020.dat 2 2028 SSBMean 26.1488
Model_1_goa_dr_2020.dat 2 2029 SSBF100 60.8552
Model_1_goa_dr_2020.dat 2 2029 SSBFabc 24.3421
Model_1_goa_dr_2020.dat 2 2029 SSBFofl 21.2993
Model_1_goa_dr_2020.dat 2 2029 SSBLCI 22.2961
Model_1_goa_dr_2020.dat 2 2029 SSBUCI 30.0039
Model_1_goa_dr_2020.dat 2 2029 SSBMedian 24.8255
Model_1_goa_dr_2020.dat 2 2029 SSBMean 25.365
Model_1_goa_dr_2020.dat 2 2030 SSBF100 60.8552
Model_1_goa_dr_2020.dat 2 2030 SSBFabc 24.3421
Model_1_goa_dr_2020.dat 2 2030 SSBFofl 21.2993
Model_1_goa_dr_2020.dat 2 2030 SSBLCI 21.1678
Model_1_goa_dr_2020.dat 2 2030 SSBUCI 30.5555
Model_1_goa_dr_2020.dat 2 2030 SSBMedian 24.3
Model_1_goa_dr_2020.dat 2 2030 SSBMean 24.9439
Model_1_goa_dr_2020.dat 2 2031 SSBF100 60.8552
Model_1_goa_dr_2020.dat 2 2031 SSBFabc 24.3421
Model_1_goa_dr_2020.dat 2 2031 SSBFofl 21.2993
Model_1_goa_dr_2020.dat 2 2031 SSBLCI 20.4822
Model_1_goa_dr_2020.dat 2 2031 SSBUCI 31.1694
Model_1_goa_dr_2020.dat 2 2031 SSBMedian 24.1139
Model_1_goa_dr_2020.dat 2 2031 SSBMean 24.7445
Model_1_goa_dr_2020.dat 2 2032 SSBF100 60.8552
Model_1_goa_dr_2020.dat 2 2032 SSBFabc 24.3421
Model_1_goa_dr_2020.dat 2 2032 SSBFofl 21.2993
Model_1_goa_dr_2020.dat 2 2032 SSBLCI 20.0741
Model_1_goa_dr_2020.dat 2 2032 SSBUCI 31.3859
Model_1_goa_dr_2020.dat 2 2032 SSBMedian 23.9561
Model_1_goa_dr_2020.dat 2 2032 SSBMean 24.6722
Model_1_goa_dr_2020.dat 2 2033 SSBF100 60.8552
Model_1_goa_dr_2020.dat 2 2033 SSBFabc 24.3421
Model_1_goa_dr_2020.dat 2 2033 SSBFofl 21.2993
Model_1_goa_dr_2020.dat 2 2033 SSBLCI 19.7846
Model_1_goa_dr_2020.dat 2 2033 SSBUCI 31.4649
Model_1_goa_dr_2020.dat 2 2033 SSBMedian 23.993
Model_1_goa_dr_2020.dat 2 2033 SSBMean 24.6753
Model_1_goa_dr_2020.dat 2 2020 F0 0 
Model_1_goa_dr_2020.dat 2 2020 Fabc 0.0929257
Model_1_goa_dr_2020.dat 2 2020 Fofl 0.114372
Model_1_goa_dr_2020.dat 2 2020  F_LCI 0.0290868
Model_1_goa_dr_2020.dat 2 2020  F_UCI 0.0290868
Model_1_goa_dr_2020.dat 2 2020  F_Median 0.0290868
Model_1_goa_dr_2020.dat 2 2020  F_Mean 0.0290868
Model_1_goa_dr_2020.dat 2 2021 F0 0 
Model_1_goa_dr_2020.dat 2 2021 Fabc 0.0929257
Model_1_goa_dr_2020.dat 2 2021 Fofl 0.114372
Model_1_goa_dr_2020.dat 2 2021  F_LCI 0.038222
Model_1_goa_dr_2020.dat 2 2021  F_UCI 0.038223
Model_1_goa_dr_2020.dat 2 2021  F_Median 0.0382228
Model_1_goa_dr_2020.dat 2 2021  F_Mean 0.0382227
Model_1_goa_dr_2020.dat 2 2022 F0 0 
Model_1_goa_dr_2020.dat 2 2022 Fabc 0.0929257
Model_1_goa_dr_2020.dat 2 2022 Fofl 0.114372
Model_1_goa_dr_2020.dat 2 2022  F_LCI 0.0611857
Model_1_goa_dr_2020.dat 2 2022  F_UCI 0.0611953
Model_1_goa_dr_2020.dat 2 2022  F_Median 0.0611928
Model_1_goa_dr_2020.dat 2 2022  F_Mean 0.061192
Model_1_goa_dr_2020.dat 2 2023 F0 0 
Model_1_goa_dr_2020.dat 2 2023 Fabc 0.0929257
Model_1_goa_dr_2020.dat 2 2023 Fofl 0.114372
Model_1_goa_dr_2020.dat 2 2023  F_LCI 0.0592954
Model_1_goa_dr_2020.dat 2 2023  F_UCI 0.0593409
Model_1_goa_dr_2020.dat 2 2023  F_Median 0.0593292
Model_1_goa_dr_2020.dat 2 2023  F_Mean 0.0593253
Model_1_goa_dr_2020.dat 2 2024 F0 0 
Model_1_goa_dr_2020.dat 2 2024 Fabc 0.0929257
Model_1_goa_dr_2020.dat 2 2024 Fofl 0.114372
Model_1_goa_dr_2020.dat 2 2024  F_LCI 0.0929257
Model_1_goa_dr_2020.dat 2 2024  F_UCI 0.0929257
Model_1_goa_dr_2020.dat 2 2024  F_Median 0.0929257
Model_1_goa_dr_2020.dat 2 2024  F_Mean 0.0929257
Model_1_goa_dr_2020.dat 2 2025 F0 0 
Model_1_goa_dr_2020.dat 2 2025 Fabc 0.0929257
Model_1_goa_dr_2020.dat 2 2025 Fofl 0.114372
Model_1_goa_dr_2020.dat 2 2025  F_LCI 0.0929257
Model_1_goa_dr_2020.dat 2 2025  F_UCI 0.0929257
Model_1_goa_dr_2020.dat 2 2025  F_Median 0.0929257
Model_1_goa_dr_2020.dat 2 2025  F_Mean 0.0929257
Model_1_goa_dr_2020.dat 2 2026 F0 0 
Model_1_goa_dr_2020.dat 2 2026 Fabc 0.0929257
Model_1_goa_dr_2020.dat 2 2026 Fofl 0.114372
Model_1_goa_dr_2020.dat 2 2026  F_LCI 0.0929257
Model_1_goa_dr_2020.dat 2 2026  F_UCI 0.0929257
Model_1_goa_dr_2020.dat 2 2026  F_Median 0.0929257
Model_1_goa_dr_2020.dat 2 2026  F_Mean 0.0929257
Model_1_goa_dr_2020.dat 2 2027 F0 0 
Model_1_goa_dr_2020.dat 2 2027 Fabc 0.0929257
Model_1_goa_dr_2020.dat 2 2027 Fofl 0.114372
Model_1_goa_dr_2020.dat 2 2027  F_LCI 0.0929257
Model_1_goa_dr_2020.dat 2 2027  F_UCI 0.0929257
Model_1_goa_dr_2020.dat 2 2027  F_Median 0.0929257
Model_1_goa_dr_2020.dat 2 2027  F_Mean 0.0929257
Model_1_goa_dr_2020.dat 2 2028 F0 0 
Model_1_goa_dr_2020.dat 2 2028 Fabc 0.0929257
Model_1_goa_dr_2020.dat 2 2028 Fofl 0.114372
Model_1_goa_dr_2020.dat 2 2028  F_LCI 0.0910193
Model_1_goa_dr_2020.dat 2 2028  F_UCI 0.0929257
Model_1_goa_dr_2020.dat 2 2028  F_Median 0.0929257
Model_1_goa_dr_2020.dat 2 2028  F_Mean 0.0926861
Model_1_goa_dr_2020.dat 2 2029 F0 0 
Model_1_goa_dr_2020.dat 2 2029 Fabc 0.0929257
Model_1_goa_dr_2020.dat 2 2029 Fofl 0.114372
Model_1_goa_dr_2020.dat 2 2029  F_LCI 0.084704
Model_1_goa_dr_2020.dat 2 2029  F_UCI 0.0929257
Model_1_goa_dr_2020.dat 2 2029  F_Median 0.0929257
Model_1_goa_dr_2020.dat 2 2029  F_Mean 0.0910559
Model_1_goa_dr_2020.dat 2 2030 F0 0 
Model_1_goa_dr_2020.dat 2 2030 Fabc 0.0929257
Model_1_goa_dr_2020.dat 2 2030 Fofl 0.114372
Model_1_goa_dr_2020.dat 2 2030  F_LCI 0.0801703
Model_1_goa_dr_2020.dat 2 2030  F_UCI 0.0929257
Model_1_goa_dr_2020.dat 2 2030  F_Median 0.0927565
Model_1_goa_dr_2020.dat 2 2030  F_Mean 0.0895374
Model_1_goa_dr_2020.dat 2 2031 F0 0 
Model_1_goa_dr_2020.dat 2 2031 Fabc 0.0929257
Model_1_goa_dr_2020.dat 2 2031 Fofl 0.114372
Model_1_goa_dr_2020.dat 2 2031  F_LCI 0.0774153
Model_1_goa_dr_2020.dat 2 2031  F_UCI 0.0929257
Model_1_goa_dr_2020.dat 2 2031  F_Median 0.0920087
Model_1_goa_dr_2020.dat 2 2031  F_Mean 0.0885985
Model_1_goa_dr_2020.dat 2 2032 F0 0 
Model_1_goa_dr_2020.dat 2 2032 Fabc 0.0929257
Model_1_goa_dr_2020.dat 2 2032 Fofl 0.114372
Model_1_goa_dr_2020.dat 2 2032  F_LCI 0.0757753
Model_1_goa_dr_2020.dat 2 2032  F_UCI 0.0929257
Model_1_goa_dr_2020.dat 2 2032  F_Median 0.0913749
Model_1_goa_dr_2020.dat 2 2032  F_Mean 0.0880738
Model_1_goa_dr_2020.dat 2 2033 F0 0 
Model_1_goa_dr_2020.dat 2 2033 Fabc 0.0929257
Model_1_goa_dr_2020.dat 2 2033 Fofl 0.114372
Model_1_goa_dr_2020.dat 2 2033  F_LCI 0.0746119
Model_1_goa_dr_2020.dat 2 2033  F_UCI 0.0929257
Model_1_goa_dr_2020.dat 2 2033  F_Median 0.0915229
Model_1_goa_dr_2020.dat 2 2033  F_Mean 0.0878187
Model_1_goa_dr_2020.dat 3 2020 Cabc 4.36227
Model_1_goa_dr_2020.dat 3 2020 Cofl 4.66772
Model_1_goa_dr_2020.dat 3 2020 CLCI 2.1975
Model_1_goa_dr_2020.dat 3 2020 CUCI 2.1975
Model_1_goa_dr_2020.dat 3 2020 CMedian 2.1975
Model_1_goa_dr_2020.dat 3 2020 CMean 2.1975
Model_1_goa_dr_2020.dat 3 2021 Cabc 4.36227
Model_1_goa_dr_2020.dat 3 2021 Cofl 4.66772
Model_1_goa_dr_2020.dat 3 2021 CLCI 2.99749
Model_1_goa_dr_2020.dat 3 2021 CUCI 2.99749
Model_1_goa_dr_2020.dat 3 2021 CMedian 2.99749
Model_1_goa_dr_2020.dat 3 2021 CMean 2.99749
Model_1_goa_dr_2020.dat 3 2022 Cabc 4.36227
Model_1_goa_dr_2020.dat 3 2022 Cofl 4.66772
Model_1_goa_dr_2020.dat 3 2022 CLCI 4.72457
Model_1_goa_dr_2020.dat 3 2022 CUCI 4.72457
Model_1_goa_dr_2020.dat 3 2022 CMedian 4.72457
Model_1_goa_dr_2020.dat 3 2022 CMean 4.72457
Model_1_goa_dr_2020.dat 3 2023 Cabc 4.36227
Model_1_goa_dr_2020.dat 3 2023 Cofl 4.66772
Model_1_goa_dr_2020.dat 3 2023 CLCI 4.33675
Model_1_goa_dr_2020.dat 3 2023 CUCI 4.33675
Model_1_goa_dr_2020.dat 3 2023 CMedian 4.33675
Model_1_goa_dr_2020.dat 3 2023 CMean 4.33675
Model_1_goa_dr_2020.dat 3 2024 Cabc 4.36227
Model_1_goa_dr_2020.dat 3 2024 Cofl 4.66772
Model_1_goa_dr_2020.dat 3 2024 CLCI 3.19092
Model_1_goa_dr_2020.dat 3 2024 CUCI 3.20099
Model_1_goa_dr_2020.dat 3 2024 CMedian 3.19362
Model_1_goa_dr_2020.dat 3 2024 CMean 3.1945
Model_1_goa_dr_2020.dat 3 2025 Cabc 4.36227
Model_1_goa_dr_2020.dat 3 2025 Cofl 4.66772
Model_1_goa_dr_2020.dat 3 2025 CLCI 2.99905
Model_1_goa_dr_2020.dat 3 2025 CUCI 3.03597
Model_1_goa_dr_2020.dat 3 2025 CMedian 3.00907
Model_1_goa_dr_2020.dat 3 2025 CMean 3.01215
Model_1_goa_dr_2020.dat 3 2026 Cabc 4.36227
Model_1_goa_dr_2020.dat 3 2026 Cofl 4.66772
Model_1_goa_dr_2020.dat 3 2026 CLCI 2.81235
Model_1_goa_dr_2020.dat 3 2026 CUCI 2.93008
Model_1_goa_dr_2020.dat 3 2026 CMedian 2.84522
Model_1_goa_dr_2020.dat 3 2026 CMean 2.85483
Model_1_goa_dr_2020.dat 3 2027 Cabc 4.36227
Model_1_goa_dr_2020.dat 3 2027 Cofl 4.66772
Model_1_goa_dr_2020.dat 3 2027 CLCI 2.64474
Model_1_goa_dr_2020.dat 3 2027 CUCI 2.93991
Model_1_goa_dr_2020.dat 3 2027 CMedian 2.72911
Model_1_goa_dr_2020.dat 3 2027 CMean 2.75438
Model_1_goa_dr_2020.dat 3 2028 Cabc 4.36227
Model_1_goa_dr_2020.dat 3 2028 Cofl 4.66772
Model_1_goa_dr_2020.dat 3 2028 CLCI 2.51248
Model_1_goa_dr_2020.dat 3 2028 CUCI 3.06848
Model_1_goa_dr_2020.dat 3 2028 CMedian 2.67571
Model_1_goa_dr_2020.dat 3 2028 CMean 2.72182
Model_1_goa_dr_2020.dat 3 2029 Cabc 4.36227
Model_1_goa_dr_2020.dat 3 2029 Cofl 4.66772
Model_1_goa_dr_2020.dat 3 2029 CLCI 2.42074
Model_1_goa_dr_2020.dat 3 2029 CUCI 3.22712
Model_1_goa_dr_2020.dat 3 2029 CMedian 2.66606
Model_1_goa_dr_2020.dat 3 2029 CMean 2.7328
Model_1_goa_dr_2020.dat 3 2030 Cabc 4.36227
Model_1_goa_dr_2020.dat 3 2030 Cofl 4.66772
Model_1_goa_dr_2020.dat 3 2030 CLCI 2.35384
Model_1_goa_dr_2020.dat 3 2030 CUCI 3.35483
Model_1_goa_dr_2020.dat 3 2030 CMedian 2.69172
Model_1_goa_dr_2020.dat 3 2030 CMean 2.76081
Model_1_goa_dr_2020.dat 3 2031 Cabc 4.36227
Model_1_goa_dr_2020.dat 3 2031 Cofl 4.66772
Model_1_goa_dr_2020.dat 3 2031 CLCI 2.30097
Model_1_goa_dr_2020.dat 3 2031 CUCI 3.47457
Model_1_goa_dr_2020.dat 3 2031 CMedian 2.72364
Model_1_goa_dr_2020.dat 3 2031 CMean 2.79182
Model_1_goa_dr_2020.dat 3 2032 Cabc 4.36227
Model_1_goa_dr_2020.dat 3 2032 Cofl 4.66772
Model_1_goa_dr_2020.dat 3 2032 CLCI 2.26741
Model_1_goa_dr_2020.dat 3 2032 CUCI 3.57936
Model_1_goa_dr_2020.dat 3 2032 CMedian 2.7638
Model_1_goa_dr_2020.dat 3 2032 CMean 2.82269
Model_1_goa_dr_2020.dat 3 2033 Cabc 4.36227
Model_1_goa_dr_2020.dat 3 2033 Cofl 4.66772
Model_1_goa_dr_2020.dat 3 2033 CLCI 2.25443
Model_1_goa_dr_2020.dat 3 2033 CUCI 3.65646
Model_1_goa_dr_2020.dat 3 2033 CMedian 2.78641
Model_1_goa_dr_2020.dat 3 2033 CMean 2.8552
Model_1_goa_dr_2020.dat 3 2020 SSBF100 60.8552
Model_1_goa_dr_2020.dat 3 2020 SSBFabc 24.3421
Model_1_goa_dr_2020.dat 3 2020 SSBFofl 21.2993
Model_1_goa_dr_2020.dat 3 2020 SSBLCI 37.5942
Model_1_goa_dr_2020.dat 3 2020 SSBUCI 37.5942
Model_1_goa_dr_2020.dat 3 2020 SSBMedian 37.5942
Model_1_goa_dr_2020.dat 3 2020 SSBMean 37.5942
Model_1_goa_dr_2020.dat 3 2021 SSBF100 60.8552
Model_1_goa_dr_2020.dat 3 2021 SSBFabc 24.3421
Model_1_goa_dr_2020.dat 3 2021 SSBFofl 21.2993
Model_1_goa_dr_2020.dat 3 2021 SSBLCI 38.5323
Model_1_goa_dr_2020.dat 3 2021 SSBUCI 38.5616
Model_1_goa_dr_2020.dat 3 2021 SSBMedian 38.539
Model_1_goa_dr_2020.dat 3 2021 SSBMean 38.5419
Model_1_goa_dr_2020.dat 3 2022 SSBF100 60.8552
Model_1_goa_dr_2020.dat 3 2022 SSBFabc 24.3421
Model_1_goa_dr_2020.dat 3 2022 SSBFofl 21.2993
Model_1_goa_dr_2020.dat 3 2022 SSBLCI 38.3376
Model_1_goa_dr_2020.dat 3 2022 SSBUCI 38.4318
Model_1_goa_dr_2020.dat 3 2022 SSBMedian 38.363
Model_1_goa_dr_2020.dat 3 2022 SSBMean 38.3714
Model_1_goa_dr_2020.dat 3 2023 SSBF100 60.8552
Model_1_goa_dr_2020.dat 3 2023 SSBFabc 24.3421
Model_1_goa_dr_2020.dat 3 2023 SSBFofl 21.2993
Model_1_goa_dr_2020.dat 3 2023 SSBLCI 36.7601
Model_1_goa_dr_2020.dat 3 2023 SSBUCI 37.0093
Model_1_goa_dr_2020.dat 3 2023 SSBMedian 36.8311
Model_1_goa_dr_2020.dat 3 2023 SSBMean 36.853
Model_1_goa_dr_2020.dat 3 2024 SSBF100 60.8552
Model_1_goa_dr_2020.dat 3 2024 SSBFabc 24.3421
Model_1_goa_dr_2020.dat 3 2024 SSBFofl 21.2993
Model_1_goa_dr_2020.dat 3 2024 SSBLCI 34.8431
Model_1_goa_dr_2020.dat 3 2024 SSBUCI 35.4179
Model_1_goa_dr_2020.dat 3 2024 SSBMedian 35.0134
Model_1_goa_dr_2020.dat 3 2024 SSBMean 35.0626
Model_1_goa_dr_2020.dat 3 2025 SSBF100 60.8552
Model_1_goa_dr_2020.dat 3 2025 SSBFabc 24.3421
Model_1_goa_dr_2020.dat 3 2025 SSBFofl 21.2993
Model_1_goa_dr_2020.dat 3 2025 SSBLCI 33.0782
Model_1_goa_dr_2020.dat 3 2025 SSBUCI 34.3147
Model_1_goa_dr_2020.dat 3 2025 SSBMedian 33.4383
Model_1_goa_dr_2020.dat 3 2025 SSBMean 33.5453
Model_1_goa_dr_2020.dat 3 2026 SSBF100 60.8552
Model_1_goa_dr_2020.dat 3 2026 SSBFabc 24.3421
Model_1_goa_dr_2020.dat 3 2026 SSBFofl 21.2993
Model_1_goa_dr_2020.dat 3 2026 SSBLCI 31.2957
Model_1_goa_dr_2020.dat 3 2026 SSBUCI 33.6214
Model_1_goa_dr_2020.dat 3 2026 SSBMedian 32.0023
Model_1_goa_dr_2020.dat 3 2026 SSBMean 32.1924
Model_1_goa_dr_2020.dat 3 2027 SSBF100 60.8552
Model_1_goa_dr_2020.dat 3 2027 SSBFabc 24.3421
Model_1_goa_dr_2020.dat 3 2027 SSBFofl 21.2993
Model_1_goa_dr_2020.dat 3 2027 SSBLCI 29.6741
Model_1_goa_dr_2020.dat 3 2027 SSBUCI 33.6522
Model_1_goa_dr_2020.dat 3 2027 SSBMedian 30.8855
Model_1_goa_dr_2020.dat 3 2027 SSBMean 31.1999
Model_1_goa_dr_2020.dat 3 2028 SSBF100 60.8552
Model_1_goa_dr_2020.dat 3 2028 SSBFabc 24.3421
Model_1_goa_dr_2020.dat 3 2028 SSBFofl 21.2993
Model_1_goa_dr_2020.dat 3 2028 SSBLCI 28.3089
Model_1_goa_dr_2020.dat 3 2028 SSBUCI 34.224
Model_1_goa_dr_2020.dat 3 2028 SSBMedian 30.1746
Model_1_goa_dr_2020.dat 3 2028 SSBMean 30.6506
Model_1_goa_dr_2020.dat 3 2029 SSBF100 60.8552
Model_1_goa_dr_2020.dat 3 2029 SSBFabc 24.3421
Model_1_goa_dr_2020.dat 3 2029 SSBFofl 21.2993
Model_1_goa_dr_2020.dat 3 2029 SSBLCI 27.2638
Model_1_goa_dr_2020.dat 3 2029 SSBUCI 35.3331
Model_1_goa_dr_2020.dat 3 2029 SSBMedian 29.9284
Model_1_goa_dr_2020.dat 3 2029 SSBMean 30.4847
Model_1_goa_dr_2020.dat 3 2030 SSBF100 60.8552
Model_1_goa_dr_2020.dat 3 2030 SSBFabc 24.3421
Model_1_goa_dr_2020.dat 3 2030 SSBFofl 21.2993
Model_1_goa_dr_2020.dat 3 2030 SSBLCI 26.3736
Model_1_goa_dr_2020.dat 3 2030 SSBUCI 36.5375
Model_1_goa_dr_2020.dat 3 2030 SSBMedian 29.9183
Model_1_goa_dr_2020.dat 3 2030 SSBMean 30.576
Model_1_goa_dr_2020.dat 3 2031 SSBF100 60.8552
Model_1_goa_dr_2020.dat 3 2031 SSBFabc 24.3421
Model_1_goa_dr_2020.dat 3 2031 SSBFofl 21.2993
Model_1_goa_dr_2020.dat 3 2031 SSBLCI 25.8558
Model_1_goa_dr_2020.dat 3 2031 SSBUCI 37.9511
Model_1_goa_dr_2020.dat 3 2031 SSBMedian 30.124
Model_1_goa_dr_2020.dat 3 2031 SSBMean 30.8153
Model_1_goa_dr_2020.dat 3 2032 SSBF100 60.8552
Model_1_goa_dr_2020.dat 3 2032 SSBFabc 24.3421
Model_1_goa_dr_2020.dat 3 2032 SSBFofl 21.2993
Model_1_goa_dr_2020.dat 3 2032 SSBLCI 25.5435
Model_1_goa_dr_2020.dat 3 2032 SSBUCI 38.8336
Model_1_goa_dr_2020.dat 3 2032 SSBMedian 30.4181
Model_1_goa_dr_2020.dat 3 2032 SSBMean 31.1296
Model_1_goa_dr_2020.dat 3 2033 SSBF100 60.8552
Model_1_goa_dr_2020.dat 3 2033 SSBFabc 24.3421
Model_1_goa_dr_2020.dat 3 2033 SSBFofl 21.2993
Model_1_goa_dr_2020.dat 3 2033 SSBLCI 25.3909
Model_1_goa_dr_2020.dat 3 2033 SSBUCI 39.743
Model_1_goa_dr_2020.dat 3 2033 SSBMedian 30.7895
Model_1_goa_dr_2020.dat 3 2033 SSBMean 31.4785
Model_1_goa_dr_2020.dat 3 2020 F0 0 
Model_1_goa_dr_2020.dat 3 2020 Fabc 0.0929257
Model_1_goa_dr_2020.dat 3 2020 Fofl 0.114372
Model_1_goa_dr_2020.dat 3 2020  F_LCI 0.0290868
Model_1_goa_dr_2020.dat 3 2020  F_UCI 0.0290868
Model_1_goa_dr_2020.dat 3 2020  F_Median 0.0290868
Model_1_goa_dr_2020.dat 3 2020  F_Mean 0.0290868
Model_1_goa_dr_2020.dat 3 2021 F0 0 
Model_1_goa_dr_2020.dat 3 2021 Fabc 0.0929257
Model_1_goa_dr_2020.dat 3 2021 Fofl 0.114372
Model_1_goa_dr_2020.dat 3 2021  F_LCI 0.038222
Model_1_goa_dr_2020.dat 3 2021  F_UCI 0.038223
Model_1_goa_dr_2020.dat 3 2021  F_Median 0.0382228
Model_1_goa_dr_2020.dat 3 2021  F_Mean 0.0382227
Model_1_goa_dr_2020.dat 3 2022 F0 0 
Model_1_goa_dr_2020.dat 3 2022 Fabc 0.0929257
Model_1_goa_dr_2020.dat 3 2022 Fofl 0.114372
Model_1_goa_dr_2020.dat 3 2022  F_LCI 0.0611857
Model_1_goa_dr_2020.dat 3 2022  F_UCI 0.0611953
Model_1_goa_dr_2020.dat 3 2022  F_Median 0.0611928
Model_1_goa_dr_2020.dat 3 2022  F_Mean 0.061192
Model_1_goa_dr_2020.dat 3 2023 F0 0 
Model_1_goa_dr_2020.dat 3 2023 Fabc 0.0929257
Model_1_goa_dr_2020.dat 3 2023 Fofl 0.114372
Model_1_goa_dr_2020.dat 3 2023  F_LCI 0.0592954
Model_1_goa_dr_2020.dat 3 2023  F_UCI 0.0593409
Model_1_goa_dr_2020.dat 3 2023  F_Median 0.0593292
Model_1_goa_dr_2020.dat 3 2023  F_Mean 0.0593253
Model_1_goa_dr_2020.dat 3 2024 F0 0 
Model_1_goa_dr_2020.dat 3 2024 Fabc 0.0929257
Model_1_goa_dr_2020.dat 3 2024 Fofl 0.114372
Model_1_goa_dr_2020.dat 3 2024  F_LCI 0.0464629
Model_1_goa_dr_2020.dat 3 2024  F_UCI 0.0464629
Model_1_goa_dr_2020.dat 3 2024  F_Median 0.0464629
Model_1_goa_dr_2020.dat 3 2024  F_Mean 0.0464629
Model_1_goa_dr_2020.dat 3 2025 F0 0 
Model_1_goa_dr_2020.dat 3 2025 Fabc 0.0929257
Model_1_goa_dr_2020.dat 3 2025 Fofl 0.114372
Model_1_goa_dr_2020.dat 3 2025  F_LCI 0.0464629
Model_1_goa_dr_2020.dat 3 2025  F_UCI 0.0464629
Model_1_goa_dr_2020.dat 3 2025  F_Median 0.0464629
Model_1_goa_dr_2020.dat 3 2025  F_Mean 0.0464629
Model_1_goa_dr_2020.dat 3 2026 F0 0 
Model_1_goa_dr_2020.dat 3 2026 Fabc 0.0929257
Model_1_goa_dr_2020.dat 3 2026 Fofl 0.114372
Model_1_goa_dr_2020.dat 3 2026  F_LCI 0.0464629
Model_1_goa_dr_2020.dat 3 2026  F_UCI 0.0464629
Model_1_goa_dr_2020.dat 3 2026  F_Median 0.0464629
Model_1_goa_dr_2020.dat 3 2026  F_Mean 0.0464629
Model_1_goa_dr_2020.dat 3 2027 F0 0 
Model_1_goa_dr_2020.dat 3 2027 Fabc 0.0929257
Model_1_goa_dr_2020.dat 3 2027 Fofl 0.114372
Model_1_goa_dr_2020.dat 3 2027  F_LCI 0.0464629
Model_1_goa_dr_2020.dat 3 2027  F_UCI 0.0464629
Model_1_goa_dr_2020.dat 3 2027  F_Median 0.0464629
Model_1_goa_dr_2020.dat 3 2027  F_Mean 0.0464629
Model_1_goa_dr_2020.dat 3 2028 F0 0 
Model_1_goa_dr_2020.dat 3 2028 Fabc 0.0929257
Model_1_goa_dr_2020.dat 3 2028 Fofl 0.114372
Model_1_goa_dr_2020.dat 3 2028  F_LCI 0.0464629
Model_1_goa_dr_2020.dat 3 2028  F_UCI 0.0464629
Model_1_goa_dr_2020.dat 3 2028  F_Median 0.0464629
Model_1_goa_dr_2020.dat 3 2028  F_Mean 0.0464629
Model_1_goa_dr_2020.dat 3 2029 F0 0 
Model_1_goa_dr_2020.dat 3 2029 Fabc 0.0929257
Model_1_goa_dr_2020.dat 3 2029 Fofl 0.114372
Model_1_goa_dr_2020.dat 3 2029  F_LCI 0.0464629
Model_1_goa_dr_2020.dat 3 2029  F_UCI 0.0464629
Model_1_goa_dr_2020.dat 3 2029  F_Median 0.0464629
Model_1_goa_dr_2020.dat 3 2029  F_Mean 0.0464629
Model_1_goa_dr_2020.dat 3 2030 F0 0 
Model_1_goa_dr_2020.dat 3 2030 Fabc 0.0929257
Model_1_goa_dr_2020.dat 3 2030 Fofl 0.114372
Model_1_goa_dr_2020.dat 3 2030  F_LCI 0.0464629
Model_1_goa_dr_2020.dat 3 2030  F_UCI 0.0464629
Model_1_goa_dr_2020.dat 3 2030  F_Median 0.0464629
Model_1_goa_dr_2020.dat 3 2030  F_Mean 0.0464628
Model_1_goa_dr_2020.dat 3 2031 F0 0 
Model_1_goa_dr_2020.dat 3 2031 Fabc 0.0929257
Model_1_goa_dr_2020.dat 3 2031 Fofl 0.114372
Model_1_goa_dr_2020.dat 3 2031  F_LCI 0.0464629
Model_1_goa_dr_2020.dat 3 2031  F_UCI 0.0464629
Model_1_goa_dr_2020.dat 3 2031  F_Median 0.0464629
Model_1_goa_dr_2020.dat 3 2031  F_Mean 0.0464536
Model_1_goa_dr_2020.dat 3 2032 F0 0 
Model_1_goa_dr_2020.dat 3 2032 Fabc 0.0929257
Model_1_goa_dr_2020.dat 3 2032 Fofl 0.114372
Model_1_goa_dr_2020.dat 3 2032  F_LCI 0.0464629
Model_1_goa_dr_2020.dat 3 2032  F_UCI 0.0464629
Model_1_goa_dr_2020.dat 3 2032  F_Median 0.0464629
Model_1_goa_dr_2020.dat 3 2032  F_Mean 0.0464324
Model_1_goa_dr_2020.dat 3 2033 F0 0 
Model_1_goa_dr_2020.dat 3 2033 Fabc 0.0929257
Model_1_goa_dr_2020.dat 3 2033 Fofl 0.114372
Model_1_goa_dr_2020.dat 3 2033  F_LCI 0.0464629
Model_1_goa_dr_2020.dat 3 2033  F_UCI 0.0464629
Model_1_goa_dr_2020.dat 3 2033  F_Median 0.0464629
Model_1_goa_dr_2020.dat 3 2033  F_Mean 0.0464089
Model_1_goa_dr_2020.dat 4 2020 Cabc 4.36227
Model_1_goa_dr_2020.dat 4 2020 Cofl 4.66772
Model_1_goa_dr_2020.dat 4 2020 CLCI 2.1975
Model_1_goa_dr_2020.dat 4 2020 CUCI 2.1975
Model_1_goa_dr_2020.dat 4 2020 CMedian 2.1975
Model_1_goa_dr_2020.dat 4 2020 CMean 2.1975
Model_1_goa_dr_2020.dat 4 2021 Cabc 4.36227
Model_1_goa_dr_2020.dat 4 2021 Cofl 4.66772
Model_1_goa_dr_2020.dat 4 2021 CLCI 2.99749
Model_1_goa_dr_2020.dat 4 2021 CUCI 2.99749
Model_1_goa_dr_2020.dat 4 2021 CMedian 2.99749
Model_1_goa_dr_2020.dat 4 2021 CMean 2.99749
Model_1_goa_dr_2020.dat 4 2022 Cabc 4.36227
Model_1_goa_dr_2020.dat 4 2022 Cofl 4.66772
Model_1_goa_dr_2020.dat 4 2022 CLCI 4.72457
Model_1_goa_dr_2020.dat 4 2022 CUCI 4.72457
Model_1_goa_dr_2020.dat 4 2022 CMedian 4.72457
Model_1_goa_dr_2020.dat 4 2022 CMean 4.72457
Model_1_goa_dr_2020.dat 4 2023 Cabc 4.36227
Model_1_goa_dr_2020.dat 4 2023 Cofl 4.66772
Model_1_goa_dr_2020.dat 4 2023 CLCI 4.33675
Model_1_goa_dr_2020.dat 4 2023 CUCI 4.33675
Model_1_goa_dr_2020.dat 4 2023 CMedian 4.33675
Model_1_goa_dr_2020.dat 4 2023 CMean 4.33675
Model_1_goa_dr_2020.dat 4 2024 Cabc 4.36227
Model_1_goa_dr_2020.dat 4 2024 Cofl 4.66772
Model_1_goa_dr_2020.dat 4 2024 CLCI 2.78058
Model_1_goa_dr_2020.dat 4 2024 CUCI 2.78933
Model_1_goa_dr_2020.dat 4 2024 CMedian 2.78292
Model_1_goa_dr_2020.dat 4 2024 CMean 2.78368
Model_1_goa_dr_2020.dat 4 2025 Cabc 4.36227
Model_1_goa_dr_2020.dat 4 2025 Cofl 4.66772
Model_1_goa_dr_2020.dat 4 2025 CLCI 2.62874
Model_1_goa_dr_2020.dat 4 2025 CUCI 2.66082
Model_1_goa_dr_2020.dat 4 2025 CMedian 2.63744
Model_1_goa_dr_2020.dat 4 2025 CMean 2.64012
Model_1_goa_dr_2020.dat 4 2026 Cabc 4.36227
Model_1_goa_dr_2020.dat 4 2026 Cofl 4.66772
Model_1_goa_dr_2020.dat 4 2026 CLCI 2.4792
Model_1_goa_dr_2020.dat 4 2026 CUCI 2.5816
Model_1_goa_dr_2020.dat 4 2026 CMedian 2.50778
Model_1_goa_dr_2020.dat 4 2026 CMean 2.51615
Model_1_goa_dr_2020.dat 4 2027 Cabc 4.36227
Model_1_goa_dr_2020.dat 4 2027 Cofl 4.66772
Model_1_goa_dr_2020.dat 4 2027 CLCI 2.34416
Model_1_goa_dr_2020.dat 4 2027 CUCI 2.60139
Model_1_goa_dr_2020.dat 4 2027 CMedian 2.41768
Model_1_goa_dr_2020.dat 4 2027 CMean 2.43966
Model_1_goa_dr_2020.dat 4 2028 Cabc 4.36227
Model_1_goa_dr_2020.dat 4 2028 Cofl 4.66772
Model_1_goa_dr_2020.dat 4 2028 CLCI 2.23802
Model_1_goa_dr_2020.dat 4 2028 CUCI 2.72306
Model_1_goa_dr_2020.dat 4 2028 CMedian 2.38062
Model_1_goa_dr_2020.dat 4 2028 CMean 2.4208
Model_1_goa_dr_2020.dat 4 2029 Cabc 4.36227
Model_1_goa_dr_2020.dat 4 2029 Cofl 4.66772
Model_1_goa_dr_2020.dat 4 2029 CLCI 2.16568
Model_1_goa_dr_2020.dat 4 2029 CUCI 2.87345
Model_1_goa_dr_2020.dat 4 2029 CMedian 2.38058
Model_1_goa_dr_2020.dat 4 2029 CMean 2.43896
Model_1_goa_dr_2020.dat 4 2030 Cabc 4.36227
Model_1_goa_dr_2020.dat 4 2030 Cofl 4.66772
Model_1_goa_dr_2020.dat 4 2030 CLCI 2.11411
Model_1_goa_dr_2020.dat 4 2030 CUCI 2.99144
Model_1_goa_dr_2020.dat 4 2030 CMedian 2.4092
Model_1_goa_dr_2020.dat 4 2030 CMean 2.47133
Model_1_goa_dr_2020.dat 4 2031 Cabc 4.36227
Model_1_goa_dr_2020.dat 4 2031 Cofl 4.66772
Model_1_goa_dr_2020.dat 4 2031 CLCI 2.07365
Model_1_goa_dr_2020.dat 4 2031 CUCI 3.10226
Model_1_goa_dr_2020.dat 4 2031 CMedian 2.44718
Model_1_goa_dr_2020.dat 4 2031 CMean 2.50617
Model_1_goa_dr_2020.dat 4 2032 Cabc 4.36227
Model_1_goa_dr_2020.dat 4 2032 Cofl 4.66772
Model_1_goa_dr_2020.dat 4 2032 CLCI 2.04866
Model_1_goa_dr_2020.dat 4 2032 CUCI 3.22275
Model_1_goa_dr_2020.dat 4 2032 CMedian 2.48886
Model_1_goa_dr_2020.dat 4 2032 CMean 2.54082
Model_1_goa_dr_2020.dat 4 2033 Cabc 4.36227
Model_1_goa_dr_2020.dat 4 2033 Cofl 4.66772
Model_1_goa_dr_2020.dat 4 2033 CLCI 2.03969
Model_1_goa_dr_2020.dat 4 2033 CUCI 3.28043
Model_1_goa_dr_2020.dat 4 2033 CMedian 2.51387
Model_1_goa_dr_2020.dat 4 2033 CMean 2.57647
Model_1_goa_dr_2020.dat 4 2020 SSBF100 60.8552
Model_1_goa_dr_2020.dat 4 2020 SSBFabc 24.3421
Model_1_goa_dr_2020.dat 4 2020 SSBFofl 21.2993
Model_1_goa_dr_2020.dat 4 2020 SSBLCI 37.5942
Model_1_goa_dr_2020.dat 4 2020 SSBUCI 37.5942
Model_1_goa_dr_2020.dat 4 2020 SSBMedian 37.5942
Model_1_goa_dr_2020.dat 4 2020 SSBMean 37.5942
Model_1_goa_dr_2020.dat 4 2021 SSBF100 60.8552
Model_1_goa_dr_2020.dat 4 2021 SSBFabc 24.3421
Model_1_goa_dr_2020.dat 4 2021 SSBFofl 21.2993
Model_1_goa_dr_2020.dat 4 2021 SSBLCI 38.5323
Model_1_goa_dr_2020.dat 4 2021 SSBUCI 38.5616
Model_1_goa_dr_2020.dat 4 2021 SSBMedian 38.539
Model_1_goa_dr_2020.dat 4 2021 SSBMean 38.5419
Model_1_goa_dr_2020.dat 4 2022 SSBF100 60.8552
Model_1_goa_dr_2020.dat 4 2022 SSBFabc 24.3421
Model_1_goa_dr_2020.dat 4 2022 SSBFofl 21.2993
Model_1_goa_dr_2020.dat 4 2022 SSBLCI 38.3376
Model_1_goa_dr_2020.dat 4 2022 SSBUCI 38.4318
Model_1_goa_dr_2020.dat 4 2022 SSBMedian 38.363
Model_1_goa_dr_2020.dat 4 2022 SSBMean 38.3714
Model_1_goa_dr_2020.dat 4 2023 SSBF100 60.8552
Model_1_goa_dr_2020.dat 4 2023 SSBFabc 24.3421
Model_1_goa_dr_2020.dat 4 2023 SSBFofl 21.2993
Model_1_goa_dr_2020.dat 4 2023 SSBLCI 36.7601
Model_1_goa_dr_2020.dat 4 2023 SSBUCI 37.0093
Model_1_goa_dr_2020.dat 4 2023 SSBMedian 36.8311
Model_1_goa_dr_2020.dat 4 2023 SSBMean 36.853
Model_1_goa_dr_2020.dat 4 2024 SSBF100 60.8552
Model_1_goa_dr_2020.dat 4 2024 SSBFabc 24.3421
Model_1_goa_dr_2020.dat 4 2024 SSBFofl 21.2993
Model_1_goa_dr_2020.dat 4 2024 SSBLCI 34.8775
Model_1_goa_dr_2020.dat 4 2024 SSBUCI 35.4522
Model_1_goa_dr_2020.dat 4 2024 SSBMedian 35.0478
Model_1_goa_dr_2020.dat 4 2024 SSBMean 35.097
Model_1_goa_dr_2020.dat 4 2025 SSBF100 60.8552
Model_1_goa_dr_2020.dat 4 2025 SSBFabc 24.3421
Model_1_goa_dr_2020.dat 4 2025 SSBFofl 21.2993
Model_1_goa_dr_2020.dat 4 2025 SSBLCI 33.3037
Model_1_goa_dr_2020.dat 4 2025 SSBUCI 34.5403
Model_1_goa_dr_2020.dat 4 2025 SSBMedian 33.6639
Model_1_goa_dr_2020.dat 4 2025 SSBMean 33.7709
Model_1_goa_dr_2020.dat 4 2026 SSBF100 60.8552
Model_1_goa_dr_2020.dat 4 2026 SSBFabc 24.3421
Model_1_goa_dr_2020.dat 4 2026 SSBFofl 21.2993
Model_1_goa_dr_2020.dat 4 2026 SSBLCI 31.687
Model_1_goa_dr_2020.dat 4 2026 SSBUCI 34.0139
Model_1_goa_dr_2020.dat 4 2026 SSBMedian 32.3939
Model_1_goa_dr_2020.dat 4 2026 SSBMean 32.5841
Model_1_goa_dr_2020.dat 4 2027 SSBF100 60.8552
Model_1_goa_dr_2020.dat 4 2027 SSBFabc 24.3421
Model_1_goa_dr_2020.dat 4 2027 SSBFofl 21.2993
Model_1_goa_dr_2020.dat 4 2027 SSBLCI 30.2052
Model_1_goa_dr_2020.dat 4 2027 SSBUCI 34.1893
Model_1_goa_dr_2020.dat 4 2027 SSBMedian 31.4175
Model_1_goa_dr_2020.dat 4 2027 SSBMean 31.7333
Model_1_goa_dr_2020.dat 4 2028 SSBF100 60.8552
Model_1_goa_dr_2020.dat 4 2028 SSBFabc 24.3421
Model_1_goa_dr_2020.dat 4 2028 SSBFofl 21.2993
Model_1_goa_dr_2020.dat 4 2028 SSBLCI 28.9567
Model_1_goa_dr_2020.dat 4 2028 SSBUCI 34.8881
Model_1_goa_dr_2020.dat 4 2028 SSBMedian 30.824
Model_1_goa_dr_2020.dat 4 2028 SSBMean 31.3057
Model_1_goa_dr_2020.dat 4 2029 SSBF100 60.8552
Model_1_goa_dr_2020.dat 4 2029 SSBFabc 24.3421
Model_1_goa_dr_2020.dat 4 2029 SSBFofl 21.2993
Model_1_goa_dr_2020.dat 4 2029 SSBLCI 28.0123
Model_1_goa_dr_2020.dat 4 2029 SSBUCI 36.123
Model_1_goa_dr_2020.dat 4 2029 SSBMedian 30.6878
Model_1_goa_dr_2020.dat 4 2029 SSBMean 31.2479
Model_1_goa_dr_2020.dat 4 2030 SSBF100 60.8552
Model_1_goa_dr_2020.dat 4 2030 SSBFabc 24.3421
Model_1_goa_dr_2020.dat 4 2030 SSBFofl 21.2993
Model_1_goa_dr_2020.dat 4 2030 SSBLCI 27.2001
Model_1_goa_dr_2020.dat 4 2030 SSBUCI 37.4385
Model_1_goa_dr_2020.dat 4 2030 SSBMedian 30.7672
Model_1_goa_dr_2020.dat 4 2030 SSBMean 31.4386
Model_1_goa_dr_2020.dat 4 2031 SSBF100 60.8552
Model_1_goa_dr_2020.dat 4 2031 SSBFabc 24.3421
Model_1_goa_dr_2020.dat 4 2031 SSBFofl 21.2993
Model_1_goa_dr_2020.dat 4 2031 SSBLCI 26.7429
Model_1_goa_dr_2020.dat 4 2031 SSBUCI 39.0022
Model_1_goa_dr_2020.dat 4 2031 SSBMedian 31.0557
Model_1_goa_dr_2020.dat 4 2031 SSBMean 31.7711
Model_1_goa_dr_2020.dat 4 2032 SSBF100 60.8552
Model_1_goa_dr_2020.dat 4 2032 SSBFabc 24.3421
Model_1_goa_dr_2020.dat 4 2032 SSBFofl 21.2993
Model_1_goa_dr_2020.dat 4 2032 SSBLCI 26.5222
Model_1_goa_dr_2020.dat 4 2032 SSBUCI 39.9906
Model_1_goa_dr_2020.dat 4 2032 SSBMedian 31.4402
Model_1_goa_dr_2020.dat 4 2032 SSBMean 32.173
Model_1_goa_dr_2020.dat 4 2033 SSBF100 60.8552
Model_1_goa_dr_2020.dat 4 2033 SSBFabc 24.3421
Model_1_goa_dr_2020.dat 4 2033 SSBFofl 21.2993
Model_1_goa_dr_2020.dat 4 2033 SSBLCI 26.4061
Model_1_goa_dr_2020.dat 4 2033 SSBUCI 41.0488
Model_1_goa_dr_2020.dat 4 2033 SSBMedian 31.8745
Model_1_goa_dr_2020.dat 4 2033 SSBMean 32.604
Model_1_goa_dr_2020.dat 4 2020 F0 0 
Model_1_goa_dr_2020.dat 4 2020 Fabc 0.0929257
Model_1_goa_dr_2020.dat 4 2020 Fofl 0.114372
Model_1_goa_dr_2020.dat 4 2020  F_LCI 0.0290868
Model_1_goa_dr_2020.dat 4 2020  F_UCI 0.0290868
Model_1_goa_dr_2020.dat 4 2020  F_Median 0.0290868
Model_1_goa_dr_2020.dat 4 2020  F_Mean 0.0290868
Model_1_goa_dr_2020.dat 4 2021 F0 0 
Model_1_goa_dr_2020.dat 4 2021 Fabc 0.0929257
Model_1_goa_dr_2020.dat 4 2021 Fofl 0.114372
Model_1_goa_dr_2020.dat 4 2021  F_LCI 0.038222
Model_1_goa_dr_2020.dat 4 2021  F_UCI 0.038223
Model_1_goa_dr_2020.dat 4 2021  F_Median 0.0382228
Model_1_goa_dr_2020.dat 4 2021  F_Mean 0.0382227
Model_1_goa_dr_2020.dat 4 2022 F0 0 
Model_1_goa_dr_2020.dat 4 2022 Fabc 0.0929257
Model_1_goa_dr_2020.dat 4 2022 Fofl 0.114372
Model_1_goa_dr_2020.dat 4 2022  F_LCI 0.0611857
Model_1_goa_dr_2020.dat 4 2022  F_UCI 0.0611953
Model_1_goa_dr_2020.dat 4 2022  F_Median 0.0611928
Model_1_goa_dr_2020.dat 4 2022  F_Mean 0.061192
Model_1_goa_dr_2020.dat 4 2023 F0 0 
Model_1_goa_dr_2020.dat 4 2023 Fabc 0.0929257
Model_1_goa_dr_2020.dat 4 2023 Fofl 0.114372
Model_1_goa_dr_2020.dat 4 2023  F_LCI 0.0592954
Model_1_goa_dr_2020.dat 4 2023  F_UCI 0.0593409
Model_1_goa_dr_2020.dat 4 2023  F_Median 0.0593292
Model_1_goa_dr_2020.dat 4 2023  F_Mean 0.0593253
Model_1_goa_dr_2020.dat 4 2024 F0 0 
Model_1_goa_dr_2020.dat 4 2024 Fabc 0.0929257
Model_1_goa_dr_2020.dat 4 2024 Fofl 0.114372
Model_1_goa_dr_2020.dat 4 2024  F_LCI 0.0403697
Model_1_goa_dr_2020.dat 4 2024  F_UCI 0.0403697
Model_1_goa_dr_2020.dat 4 2024  F_Median 0.0403697
Model_1_goa_dr_2020.dat 4 2024  F_Mean 0.0403697
Model_1_goa_dr_2020.dat 4 2025 F0 0 
Model_1_goa_dr_2020.dat 4 2025 Fabc 0.0929257
Model_1_goa_dr_2020.dat 4 2025 Fofl 0.114372
Model_1_goa_dr_2020.dat 4 2025  F_LCI 0.0403697
Model_1_goa_dr_2020.dat 4 2025  F_UCI 0.0403697
Model_1_goa_dr_2020.dat 4 2025  F_Median 0.0403697
Model_1_goa_dr_2020.dat 4 2025  F_Mean 0.0403697
Model_1_goa_dr_2020.dat 4 2026 F0 0 
Model_1_goa_dr_2020.dat 4 2026 Fabc 0.0929257
Model_1_goa_dr_2020.dat 4 2026 Fofl 0.114372
Model_1_goa_dr_2020.dat 4 2026  F_LCI 0.0403697
Model_1_goa_dr_2020.dat 4 2026  F_UCI 0.0403697
Model_1_goa_dr_2020.dat 4 2026  F_Median 0.0403697
Model_1_goa_dr_2020.dat 4 2026  F_Mean 0.0403697
Model_1_goa_dr_2020.dat 4 2027 F0 0 
Model_1_goa_dr_2020.dat 4 2027 Fabc 0.0929257
Model_1_goa_dr_2020.dat 4 2027 Fofl 0.114372
Model_1_goa_dr_2020.dat 4 2027  F_LCI 0.0403697
Model_1_goa_dr_2020.dat 4 2027  F_UCI 0.0403697
Model_1_goa_dr_2020.dat 4 2027  F_Median 0.0403697
Model_1_goa_dr_2020.dat 4 2027  F_Mean 0.0403697
Model_1_goa_dr_2020.dat 4 2028 F0 0 
Model_1_goa_dr_2020.dat 4 2028 Fabc 0.0929257
Model_1_goa_dr_2020.dat 4 2028 Fofl 0.114372
Model_1_goa_dr_2020.dat 4 2028  F_LCI 0.0403697
Model_1_goa_dr_2020.dat 4 2028  F_UCI 0.0403697
Model_1_goa_dr_2020.dat 4 2028  F_Median 0.0403697
Model_1_goa_dr_2020.dat 4 2028  F_Mean 0.0403697
Model_1_goa_dr_2020.dat 4 2029 F0 0 
Model_1_goa_dr_2020.dat 4 2029 Fabc 0.0929257
Model_1_goa_dr_2020.dat 4 2029 Fofl 0.114372
Model_1_goa_dr_2020.dat 4 2029  F_LCI 0.0403697
Model_1_goa_dr_2020.dat 4 2029  F_UCI 0.0403697
Model_1_goa_dr_2020.dat 4 2029  F_Median 0.0403697
Model_1_goa_dr_2020.dat 4 2029  F_Mean 0.0403697
Model_1_goa_dr_2020.dat 4 2030 F0 0 
Model_1_goa_dr_2020.dat 4 2030 Fabc 0.0929257
Model_1_goa_dr_2020.dat 4 2030 Fofl 0.114372
Model_1_goa_dr_2020.dat 4 2030  F_LCI 0.0403697
Model_1_goa_dr_2020.dat 4 2030  F_UCI 0.0403697
Model_1_goa_dr_2020.dat 4 2030  F_Median 0.0403697
Model_1_goa_dr_2020.dat 4 2030  F_Mean 0.0403697
Model_1_goa_dr_2020.dat 4 2031 F0 0 
Model_1_goa_dr_2020.dat 4 2031 Fabc 0.0929257
Model_1_goa_dr_2020.dat 4 2031 Fofl 0.114372
Model_1_goa_dr_2020.dat 4 2031  F_LCI 0.0403697
Model_1_goa_dr_2020.dat 4 2031  F_UCI 0.0403697
Model_1_goa_dr_2020.dat 4 2031  F_Median 0.0403697
Model_1_goa_dr_2020.dat 4 2031  F_Mean 0.0403697
Model_1_goa_dr_2020.dat 4 2032 F0 0 
Model_1_goa_dr_2020.dat 4 2032 Fabc 0.0929257
Model_1_goa_dr_2020.dat 4 2032 Fofl 0.114372
Model_1_goa_dr_2020.dat 4 2032  F_LCI 0.0403697
Model_1_goa_dr_2020.dat 4 2032  F_UCI 0.0403697
Model_1_goa_dr_2020.dat 4 2032  F_Median 0.0403697
Model_1_goa_dr_2020.dat 4 2032  F_Mean 0.0403697
Model_1_goa_dr_2020.dat 4 2033 F0 0 
Model_1_goa_dr_2020.dat 4 2033 Fabc 0.0929257
Model_1_goa_dr_2020.dat 4 2033 Fofl 0.114372
Model_1_goa_dr_2020.dat 4 2033  F_LCI 0.0403697
Model_1_goa_dr_2020.dat 4 2033  F_UCI 0.0403697
Model_1_goa_dr_2020.dat 4 2033  F_Median 0.0403697
Model_1_goa_dr_2020.dat 4 2033  F_Mean 0.0403697
Model_1_goa_dr_2020.dat 5 2020 Cabc 4.36227
Model_1_goa_dr_2020.dat 5 2020 Cofl 4.66772
Model_1_goa_dr_2020.dat 5 2020 CLCI 2.1975
Model_1_goa_dr_2020.dat 5 2020 CUCI 2.1975
Model_1_goa_dr_2020.dat 5 2020 CMedian 2.1975
Model_1_goa_dr_2020.dat 5 2020 CMean 2.1975
Model_1_goa_dr_2020.dat 5 2021 Cabc 4.36227
Model_1_goa_dr_2020.dat 5 2021 Cofl 4.66772
Model_1_goa_dr_2020.dat 5 2021 CLCI 2.99749
Model_1_goa_dr_2020.dat 5 2021 CUCI 2.99749
Model_1_goa_dr_2020.dat 5 2021 CMedian 2.99749
Model_1_goa_dr_2020.dat 5 2021 CMean 2.99749
Model_1_goa_dr_2020.dat 5 2022 Cabc 4.36227
Model_1_goa_dr_2020.dat 5 2022 Cofl 4.66772
Model_1_goa_dr_2020.dat 5 2022 CLCI 4.72457
Model_1_goa_dr_2020.dat 5 2022 CUCI 4.72457
Model_1_goa_dr_2020.dat 5 2022 CMedian 4.72457
Model_1_goa_dr_2020.dat 5 2022 CMean 4.72457
Model_1_goa_dr_2020.dat 5 2023 Cabc 4.36227
Model_1_goa_dr_2020.dat 5 2023 Cofl 4.66772
Model_1_goa_dr_2020.dat 5 2023 CLCI 4.33675
Model_1_goa_dr_2020.dat 5 2023 CUCI 4.33675
Model_1_goa_dr_2020.dat 5 2023 CMedian 4.33675
Model_1_goa_dr_2020.dat 5 2023 CMean 4.33675
Model_1_goa_dr_2020.dat 5 2024 Cabc 4.36227
Model_1_goa_dr_2020.dat 5 2024 Cofl 4.66772
Model_1_goa_dr_2020.dat 5 2024 CLCI 0
Model_1_goa_dr_2020.dat 5 2024 CUCI 0
Model_1_goa_dr_2020.dat 5 2024 CMedian 0
Model_1_goa_dr_2020.dat 5 2024 CMean 0
Model_1_goa_dr_2020.dat 5 2025 Cabc 4.36227
Model_1_goa_dr_2020.dat 5 2025 Cofl 4.66772
Model_1_goa_dr_2020.dat 5 2025 CLCI 0
Model_1_goa_dr_2020.dat 5 2025 CUCI 0
Model_1_goa_dr_2020.dat 5 2025 CMedian 0
Model_1_goa_dr_2020.dat 5 2025 CMean 0
Model_1_goa_dr_2020.dat 5 2026 Cabc 4.36227
Model_1_goa_dr_2020.dat 5 2026 Cofl 4.66772
Model_1_goa_dr_2020.dat 5 2026 CLCI 0
Model_1_goa_dr_2020.dat 5 2026 CUCI 0
Model_1_goa_dr_2020.dat 5 2026 CMedian 0
Model_1_goa_dr_2020.dat 5 2026 CMean 0
Model_1_goa_dr_2020.dat 5 2027 Cabc 4.36227
Model_1_goa_dr_2020.dat 5 2027 Cofl 4.66772
Model_1_goa_dr_2020.dat 5 2027 CLCI 0
Model_1_goa_dr_2020.dat 5 2027 CUCI 0
Model_1_goa_dr_2020.dat 5 2027 CMedian 0
Model_1_goa_dr_2020.dat 5 2027 CMean 0
Model_1_goa_dr_2020.dat 5 2028 Cabc 4.36227
Model_1_goa_dr_2020.dat 5 2028 Cofl 4.66772
Model_1_goa_dr_2020.dat 5 2028 CLCI 0
Model_1_goa_dr_2020.dat 5 2028 CUCI 0
Model_1_goa_dr_2020.dat 5 2028 CMedian 0
Model_1_goa_dr_2020.dat 5 2028 CMean 0
Model_1_goa_dr_2020.dat 5 2029 Cabc 4.36227
Model_1_goa_dr_2020.dat 5 2029 Cofl 4.66772
Model_1_goa_dr_2020.dat 5 2029 CLCI 0
Model_1_goa_dr_2020.dat 5 2029 CUCI 0
Model_1_goa_dr_2020.dat 5 2029 CMedian 0
Model_1_goa_dr_2020.dat 5 2029 CMean 0
Model_1_goa_dr_2020.dat 5 2030 Cabc 4.36227
Model_1_goa_dr_2020.dat 5 2030 Cofl 4.66772
Model_1_goa_dr_2020.dat 5 2030 CLCI 0
Model_1_goa_dr_2020.dat 5 2030 CUCI 0
Model_1_goa_dr_2020.dat 5 2030 CMedian 0
Model_1_goa_dr_2020.dat 5 2030 CMean 0
Model_1_goa_dr_2020.dat 5 2031 Cabc 4.36227
Model_1_goa_dr_2020.dat 5 2031 Cofl 4.66772
Model_1_goa_dr_2020.dat 5 2031 CLCI 0
Model_1_goa_dr_2020.dat 5 2031 CUCI 0
Model_1_goa_dr_2020.dat 5 2031 CMedian 0
Model_1_goa_dr_2020.dat 5 2031 CMean 0
Model_1_goa_dr_2020.dat 5 2032 Cabc 4.36227
Model_1_goa_dr_2020.dat 5 2032 Cofl 4.66772
Model_1_goa_dr_2020.dat 5 2032 CLCI 0
Model_1_goa_dr_2020.dat 5 2032 CUCI 0
Model_1_goa_dr_2020.dat 5 2032 CMedian 0
Model_1_goa_dr_2020.dat 5 2032 CMean 0
Model_1_goa_dr_2020.dat 5 2033 Cabc 4.36227
Model_1_goa_dr_2020.dat 5 2033 Cofl 4.66772
Model_1_goa_dr_2020.dat 5 2033 CLCI 0
Model_1_goa_dr_2020.dat 5 2033 CUCI 0
Model_1_goa_dr_2020.dat 5 2033 CMedian 0
Model_1_goa_dr_2020.dat 5 2033 CMean 0
Model_1_goa_dr_2020.dat 5 2020 SSBF100 60.8552
Model_1_goa_dr_2020.dat 5 2020 SSBFabc 24.3421
Model_1_goa_dr_2020.dat 5 2020 SSBFofl 21.2993
Model_1_goa_dr_2020.dat 5 2020 SSBLCI 37.5942
Model_1_goa_dr_2020.dat 5 2020 SSBUCI 37.5942
Model_1_goa_dr_2020.dat 5 2020 SSBMedian 37.5942
Model_1_goa_dr_2020.dat 5 2020 SSBMean 37.5942
Model_1_goa_dr_2020.dat 5 2021 SSBF100 60.8552
Model_1_goa_dr_2020.dat 5 2021 SSBFabc 24.3421
Model_1_goa_dr_2020.dat 5 2021 SSBFofl 21.2993
Model_1_goa_dr_2020.dat 5 2021 SSBLCI 38.5323
Model_1_goa_dr_2020.dat 5 2021 SSBUCI 38.5616
Model_1_goa_dr_2020.dat 5 2021 SSBMedian 38.539
Model_1_goa_dr_2020.dat 5 2021 SSBMean 38.5419
Model_1_goa_dr_2020.dat 5 2022 SSBF100 60.8552
Model_1_goa_dr_2020.dat 5 2022 SSBFabc 24.3421
Model_1_goa_dr_2020.dat 5 2022 SSBFofl 21.2993
Model_1_goa_dr_2020.dat 5 2022 SSBLCI 38.3376
Model_1_goa_dr_2020.dat 5 2022 SSBUCI 38.4318
Model_1_goa_dr_2020.dat 5 2022 SSBMedian 38.363
Model_1_goa_dr_2020.dat 5 2022 SSBMean 38.3714
Model_1_goa_dr_2020.dat 5 2023 SSBF100 60.8552
Model_1_goa_dr_2020.dat 5 2023 SSBFabc 24.3421
Model_1_goa_dr_2020.dat 5 2023 SSBFofl 21.2993
Model_1_goa_dr_2020.dat 5 2023 SSBLCI 36.7601
Model_1_goa_dr_2020.dat 5 2023 SSBUCI 37.0093
Model_1_goa_dr_2020.dat 5 2023 SSBMedian 36.8311
Model_1_goa_dr_2020.dat 5 2023 SSBMean 36.853
Model_1_goa_dr_2020.dat 5 2024 SSBF100 60.8552
Model_1_goa_dr_2020.dat 5 2024 SSBFabc 24.3421
Model_1_goa_dr_2020.dat 5 2024 SSBFofl 21.2993
Model_1_goa_dr_2020.dat 5 2024 SSBLCI 35.106
Model_1_goa_dr_2020.dat 5 2024 SSBUCI 35.6809
Model_1_goa_dr_2020.dat 5 2024 SSBMedian 35.2763
Model_1_goa_dr_2020.dat 5 2024 SSBMean 35.3256
Model_1_goa_dr_2020.dat 5 2025 SSBF100 60.8552
Model_1_goa_dr_2020.dat 5 2025 SSBFabc 24.3421
Model_1_goa_dr_2020.dat 5 2025 SSBFofl 21.2993
Model_1_goa_dr_2020.dat 5 2025 SSBLCI 34.8384
Model_1_goa_dr_2020.dat 5 2025 SSBUCI 36.0757
Model_1_goa_dr_2020.dat 5 2025 SSBMedian 35.199
Model_1_goa_dr_2020.dat 5 2025 SSBMean 35.306
Model_1_goa_dr_2020.dat 5 2026 SSBF100 60.8552
Model_1_goa_dr_2020.dat 5 2026 SSBFabc 24.3421
Model_1_goa_dr_2020.dat 5 2026 SSBFofl 21.2993
Model_1_goa_dr_2020.dat 5 2026 SSBLCI 34.4112
Model_1_goa_dr_2020.dat 5 2026 SSBUCI 36.7466
Model_1_goa_dr_2020.dat 5 2026 SSBMedian 35.1207
Model_1_goa_dr_2020.dat 5 2026 SSBMean 35.3117
Model_1_goa_dr_2020.dat 5 2027 SSBF100 60.8552
Model_1_goa_dr_2020.dat 5 2027 SSBFabc 24.3421
Model_1_goa_dr_2020.dat 5 2027 SSBFofl 21.2993
Model_1_goa_dr_2020.dat 5 2027 SSBLCI 33.9889
Model_1_goa_dr_2020.dat 5 2027 SSBUCI 38.0126
Model_1_goa_dr_2020.dat 5 2027 SSBMedian 35.2111
Model_1_goa_dr_2020.dat 5 2027 SSBMean 35.5322
Model_1_goa_dr_2020.dat 5 2028 SSBF100 60.8552
Model_1_goa_dr_2020.dat 5 2028 SSBFabc 24.3421
Model_1_goa_dr_2020.dat 5 2028 SSBFofl 21.2993
Model_1_goa_dr_2020.dat 5 2028 SSBLCI 33.6824
Model_1_goa_dr_2020.dat 5 2028 SSBUCI 39.7402
Model_1_goa_dr_2020.dat 5 2028 SSBMedian 35.5723
Model_1_goa_dr_2020.dat 5 2028 SSBMean 36.0754
Model_1_goa_dr_2020.dat 5 2029 SSBF100 60.8552
Model_1_goa_dr_2020.dat 5 2029 SSBFabc 24.3421
Model_1_goa_dr_2020.dat 5 2029 SSBFofl 21.2993
Model_1_goa_dr_2020.dat 5 2029 SSBLCI 33.5591
Model_1_goa_dr_2020.dat 5 2029 SSBUCI 41.9879
Model_1_goa_dr_2020.dat 5 2029 SSBMedian 36.3294
Model_1_goa_dr_2020.dat 5 2029 SSBMean 36.9226
Model_1_goa_dr_2020.dat 5 2030 SSBF100 60.8552
Model_1_goa_dr_2020.dat 5 2030 SSBFabc 24.3421
Model_1_goa_dr_2020.dat 5 2030 SSBFofl 21.2993
Model_1_goa_dr_2020.dat 5 2030 SSBLCI 33.4946
Model_1_goa_dr_2020.dat 5 2030 SSBUCI 44.247
Model_1_goa_dr_2020.dat 5 2030 SSBMedian 37.2897
Model_1_goa_dr_2020.dat 5 2030 SSBMean 37.9801
Model_1_goa_dr_2020.dat 5 2031 SSBF100 60.8552
Model_1_goa_dr_2020.dat 5 2031 SSBFabc 24.3421
Model_1_goa_dr_2020.dat 5 2031 SSBFofl 21.2993
Model_1_goa_dr_2020.dat 5 2031 SSBLCI 33.6627
Model_1_goa_dr_2020.dat 5 2031 SSBUCI 47.0489
Model_1_goa_dr_2020.dat 5 2031 SSBMedian 38.3269
Model_1_goa_dr_2020.dat 5 2031 SSBMean 39.156
Model_1_goa_dr_2020.dat 5 2032 SSBF100 60.8552
Model_1_goa_dr_2020.dat 5 2032 SSBFabc 24.3421
Model_1_goa_dr_2020.dat 5 2032 SSBFofl 21.2993
Model_1_goa_dr_2020.dat 5 2032 SSBLCI 34.1021
Model_1_goa_dr_2020.dat 5 2032 SSBUCI 49.0644
Model_1_goa_dr_2020.dat 5 2032 SSBMedian 39.5776
Model_1_goa_dr_2020.dat 5 2032 SSBMean 40.3804
Model_1_goa_dr_2020.dat 5 2033 SSBF100 60.8552
Model_1_goa_dr_2020.dat 5 2033 SSBFabc 24.3421
Model_1_goa_dr_2020.dat 5 2033 SSBFofl 21.2993
Model_1_goa_dr_2020.dat 5 2033 SSBLCI 34.6234
Model_1_goa_dr_2020.dat 5 2033 SSBUCI 51.0661
Model_1_goa_dr_2020.dat 5 2033 SSBMedian 40.7626
Model_1_goa_dr_2020.dat 5 2033 SSBMean 41.6105
Model_1_goa_dr_2020.dat 5 2020 F0 0 
Model_1_goa_dr_2020.dat 5 2020 Fabc 0.0929257
Model_1_goa_dr_2020.dat 5 2020 Fofl 0.114372
Model_1_goa_dr_2020.dat 5 2020  F_LCI 0.0290868
Model_1_goa_dr_2020.dat 5 2020  F_UCI 0.0290868
Model_1_goa_dr_2020.dat 5 2020  F_Median 0.0290868
Model_1_goa_dr_2020.dat 5 2020  F_Mean 0.0290868
Model_1_goa_dr_2020.dat 5 2021 F0 0 
Model_1_goa_dr_2020.dat 5 2021 Fabc 0.0929257
Model_1_goa_dr_2020.dat 5 2021 Fofl 0.114372
Model_1_goa_dr_2020.dat 5 2021  F_LCI 0.038222
Model_1_goa_dr_2020.dat 5 2021  F_UCI 0.038223
Model_1_goa_dr_2020.dat 5 2021  F_Median 0.0382228
Model_1_goa_dr_2020.dat 5 2021  F_Mean 0.0382227
Model_1_goa_dr_2020.dat 5 2022 F0 0 
Model_1_goa_dr_2020.dat 5 2022 Fabc 0.0929257
Model_1_goa_dr_2020.dat 5 2022 Fofl 0.114372
Model_1_goa_dr_2020.dat 5 2022  F_LCI 0.0611857
Model_1_goa_dr_2020.dat 5 2022  F_UCI 0.0611953
Model_1_goa_dr_2020.dat 5 2022  F_Median 0.0611928
Model_1_goa_dr_2020.dat 5 2022  F_Mean 0.061192
Model_1_goa_dr_2020.dat 5 2023 F0 0 
Model_1_goa_dr_2020.dat 5 2023 Fabc 0.0929257
Model_1_goa_dr_2020.dat 5 2023 Fofl 0.114372
Model_1_goa_dr_2020.dat 5 2023  F_LCI 0.0592954
Model_1_goa_dr_2020.dat 5 2023  F_UCI 0.0593409
Model_1_goa_dr_2020.dat 5 2023  F_Median 0.0593292
Model_1_goa_dr_2020.dat 5 2023  F_Mean 0.0593253
Model_1_goa_dr_2020.dat 5 2024 F0 0 
Model_1_goa_dr_2020.dat 5 2024 Fabc 0.0929257
Model_1_goa_dr_2020.dat 5 2024 Fofl 0.114372
Model_1_goa_dr_2020.dat 5 2024  F_LCI 0
Model_1_goa_dr_2020.dat 5 2024  F_UCI 0
Model_1_goa_dr_2020.dat 5 2024  F_Median 0
Model_1_goa_dr_2020.dat 5 2024  F_Mean 0
Model_1_goa_dr_2020.dat 5 2025 F0 0 
Model_1_goa_dr_2020.dat 5 2025 Fabc 0.0929257
Model_1_goa_dr_2020.dat 5 2025 Fofl 0.114372
Model_1_goa_dr_2020.dat 5 2025  F_LCI 0
Model_1_goa_dr_2020.dat 5 2025  F_UCI 0
Model_1_goa_dr_2020.dat 5 2025  F_Median 0
Model_1_goa_dr_2020.dat 5 2025  F_Mean 0
Model_1_goa_dr_2020.dat 5 2026 F0 0 
Model_1_goa_dr_2020.dat 5 2026 Fabc 0.0929257
Model_1_goa_dr_2020.dat 5 2026 Fofl 0.114372
Model_1_goa_dr_2020.dat 5 2026  F_LCI 0
Model_1_goa_dr_2020.dat 5 2026  F_UCI 0
Model_1_goa_dr_2020.dat 5 2026  F_Median 0
Model_1_goa_dr_2020.dat 5 2026  F_Mean 0
Model_1_goa_dr_2020.dat 5 2027 F0 0 
Model_1_goa_dr_2020.dat 5 2027 Fabc 0.0929257
Model_1_goa_dr_2020.dat 5 2027 Fofl 0.114372
Model_1_goa_dr_2020.dat 5 2027  F_LCI 0
Model_1_goa_dr_2020.dat 5 2027  F_UCI 0
Model_1_goa_dr_2020.dat 5 2027  F_Median 0
Model_1_goa_dr_2020.dat 5 2027  F_Mean 0
Model_1_goa_dr_2020.dat 5 2028 F0 0 
Model_1_goa_dr_2020.dat 5 2028 Fabc 0.0929257
Model_1_goa_dr_2020.dat 5 2028 Fofl 0.114372
Model_1_goa_dr_2020.dat 5 2028  F_LCI 0
Model_1_goa_dr_2020.dat 5 2028  F_UCI 0
Model_1_goa_dr_2020.dat 5 2028  F_Median 0
Model_1_goa_dr_2020.dat 5 2028  F_Mean 0
Model_1_goa_dr_2020.dat 5 2029 F0 0 
Model_1_goa_dr_2020.dat 5 2029 Fabc 0.0929257
Model_1_goa_dr_2020.dat 5 2029 Fofl 0.114372
Model_1_goa_dr_2020.dat 5 2029  F_LCI 0
Model_1_goa_dr_2020.dat 5 2029  F_UCI 0
Model_1_goa_dr_2020.dat 5 2029  F_Median 0
Model_1_goa_dr_2020.dat 5 2029  F_Mean 0
Model_1_goa_dr_2020.dat 5 2030 F0 0 
Model_1_goa_dr_2020.dat 5 2030 Fabc 0.0929257
Model_1_goa_dr_2020.dat 5 2030 Fofl 0.114372
Model_1_goa_dr_2020.dat 5 2030  F_LCI 0
Model_1_goa_dr_2020.dat 5 2030  F_UCI 0
Model_1_goa_dr_2020.dat 5 2030  F_Median 0
Model_1_goa_dr_2020.dat 5 2030  F_Mean 0
Model_1_goa_dr_2020.dat 5 2031 F0 0 
Model_1_goa_dr_2020.dat 5 2031 Fabc 0.0929257
Model_1_goa_dr_2020.dat 5 2031 Fofl 0.114372
Model_1_goa_dr_2020.dat 5 2031  F_LCI 0
Model_1_goa_dr_2020.dat 5 2031  F_UCI 0
Model_1_goa_dr_2020.dat 5 2031  F_Median 0
Model_1_goa_dr_2020.dat 5 2031  F_Mean 0
Model_1_goa_dr_2020.dat 5 2032 F0 0 
Model_1_goa_dr_2020.dat 5 2032 Fabc 0.0929257
Model_1_goa_dr_2020.dat 5 2032 Fofl 0.114372
Model_1_goa_dr_2020.dat 5 2032  F_LCI 0
Model_1_goa_dr_2020.dat 5 2032  F_UCI 0
Model_1_goa_dr_2020.dat 5 2032  F_Median 0
Model_1_goa_dr_2020.dat 5 2032  F_Mean 0
Model_1_goa_dr_2020.dat 5 2033 F0 0 
Model_1_goa_dr_2020.dat 5 2033 Fabc 0.0929257
Model_1_goa_dr_2020.dat 5 2033 Fofl 0.114372
Model_1_goa_dr_2020.dat 5 2033  F_LCI 0
Model_1_goa_dr_2020.dat 5 2033  F_UCI 0
Model_1_goa_dr_2020.dat 5 2033  F_Median 0
Model_1_goa_dr_2020.dat 5 2033  F_Mean 0
Model_1_goa_dr_2020.dat 6 2020 Cabc 4.36227
Model_1_goa_dr_2020.dat 6 2020 Cofl 4.66772
Model_1_goa_dr_2020.dat 6 2020 CLCI 2.1975
Model_1_goa_dr_2020.dat 6 2020 CUCI 2.1975
Model_1_goa_dr_2020.dat 6 2020 CMedian 2.1975
Model_1_goa_dr_2020.dat 6 2020 CMean 2.1975
Model_1_goa_dr_2020.dat 6 2021 Cabc 4.36227
Model_1_goa_dr_2020.dat 6 2021 Cofl 4.66772
Model_1_goa_dr_2020.dat 6 2021 CLCI 8.66372
Model_1_goa_dr_2020.dat 6 2021 CUCI 8.66397
Model_1_goa_dr_2020.dat 6 2021 CMedian 8.66378
Model_1_goa_dr_2020.dat 6 2021 CMean 8.6638
Model_1_goa_dr_2020.dat 6 2022 Cabc 4.36227
Model_1_goa_dr_2020.dat 6 2022 Cofl 4.66772
Model_1_goa_dr_2020.dat 6 2022 CLCI 8.03803
Model_1_goa_dr_2020.dat 6 2022 CUCI 8.03934
Model_1_goa_dr_2020.dat 6 2022 CMedian 8.03837
Model_1_goa_dr_2020.dat 6 2022 CMean 8.03848
Model_1_goa_dr_2020.dat 6 2023 Cabc 4.36227
Model_1_goa_dr_2020.dat 6 2023 Cofl 4.66772
Model_1_goa_dr_2020.dat 6 2023 CLCI 7.24222
Model_1_goa_dr_2020.dat 6 2023 CUCI 7.24824
Model_1_goa_dr_2020.dat 6 2023 CMedian 7.24382
Model_1_goa_dr_2020.dat 6 2023 CMean 7.24434
Model_1_goa_dr_2020.dat 6 2024 Cabc 4.36227
Model_1_goa_dr_2020.dat 6 2024 Cofl 4.66772
Model_1_goa_dr_2020.dat 6 2024 CLCI 6.4385
Model_1_goa_dr_2020.dat 6 2024 CUCI 6.46285
Model_1_goa_dr_2020.dat 6 2024 CMedian 6.44502
Model_1_goa_dr_2020.dat 6 2024 CMean 6.44715
Model_1_goa_dr_2020.dat 6 2025 Cabc 4.36227
Model_1_goa_dr_2020.dat 6 2025 Cofl 4.66772
Model_1_goa_dr_2020.dat 6 2025 CLCI 5.69887
Model_1_goa_dr_2020.dat 6 2025 CUCI 5.78911
Model_1_goa_dr_2020.dat 6 2025 CMedian 5.72337
Model_1_goa_dr_2020.dat 6 2025 CMean 5.73086
Model_1_goa_dr_2020.dat 6 2026 Cabc 4.36227
Model_1_goa_dr_2020.dat 6 2026 Cofl 4.66772
Model_1_goa_dr_2020.dat 6 2026 CLCI 4.85113
Model_1_goa_dr_2020.dat 6 2026 CUCI 5.33277
Model_1_goa_dr_2020.dat 6 2026 CMedian 5.07002
Model_1_goa_dr_2020.dat 6 2026 CMean 5.07917
Model_1_goa_dr_2020.dat 6 2027 Cabc 4.36227
Model_1_goa_dr_2020.dat 6 2027 Cofl 4.66772
Model_1_goa_dr_2020.dat 6 2027 CLCI 3.94737
Model_1_goa_dr_2020.dat 6 2027 CUCI 5.20298
Model_1_goa_dr_2020.dat 6 2027 CMedian 4.31759
Model_1_goa_dr_2020.dat 6 2027 CMean 4.42622
Model_1_goa_dr_2020.dat 6 2028 Cabc 4.36227
Model_1_goa_dr_2020.dat 6 2028 Cofl 4.66772
Model_1_goa_dr_2020.dat 6 2028 CLCI 3.37732
Model_1_goa_dr_2020.dat 6 2028 CUCI 5.38211
Model_1_goa_dr_2020.dat 6 2028 CMedian 3.96558
Model_1_goa_dr_2020.dat 6 2028 CMean 4.12889
Model_1_goa_dr_2020.dat 6 2029 Cabc 4.36227
Model_1_goa_dr_2020.dat 6 2029 Cofl 4.66772
Model_1_goa_dr_2020.dat 6 2029 CLCI 3.05175
Model_1_goa_dr_2020.dat 6 2029 CUCI 5.66163
Model_1_goa_dr_2020.dat 6 2029 CMedian 3.82936
Model_1_goa_dr_2020.dat 6 2029 CMean 4.05147
Model_1_goa_dr_2020.dat 6 2030 Cabc 4.36227
Model_1_goa_dr_2020.dat 6 2030 Cofl 4.66772
Model_1_goa_dr_2020.dat 6 2030 CLCI 2.83765
Model_1_goa_dr_2020.dat 6 2030 CUCI 5.82987
Model_1_goa_dr_2020.dat 6 2030 CMedian 3.85425
Model_1_goa_dr_2020.dat 6 2030 CMean 4.07172
Model_1_goa_dr_2020.dat 6 2031 Cabc 4.36227
Model_1_goa_dr_2020.dat 6 2031 Cofl 4.66772
Model_1_goa_dr_2020.dat 6 2031 CLCI 2.71962
Model_1_goa_dr_2020.dat 6 2031 CUCI 6.01954
Model_1_goa_dr_2020.dat 6 2031 CMedian 3.95394
Model_1_goa_dr_2020.dat 6 2031 CMean 4.12384
Model_1_goa_dr_2020.dat 6 2032 Cabc 4.36227
Model_1_goa_dr_2020.dat 6 2032 Cofl 4.66772
Model_1_goa_dr_2020.dat 6 2032 CLCI 2.66098
Model_1_goa_dr_2020.dat 6 2032 CUCI 6.07734
Model_1_goa_dr_2020.dat 6 2032 CMedian 4.01907
Model_1_goa_dr_2020.dat 6 2032 CMean 4.1846
Model_1_goa_dr_2020.dat 6 2033 Cabc 4.36227
Model_1_goa_dr_2020.dat 6 2033 Cofl 4.66772
Model_1_goa_dr_2020.dat 6 2033 CLCI 2.67933
Model_1_goa_dr_2020.dat 6 2033 CUCI 6.12494
Model_1_goa_dr_2020.dat 6 2033 CMedian 4.09322
Model_1_goa_dr_2020.dat 6 2033 CMean 4.25144
Model_1_goa_dr_2020.dat 6 2020 SSBF100 60.8552
Model_1_goa_dr_2020.dat 6 2020 SSBFabc 24.3421
Model_1_goa_dr_2020.dat 6 2020 SSBFofl 21.2993
Model_1_goa_dr_2020.dat 6 2020 SSBLCI 37.5942
Model_1_goa_dr_2020.dat 6 2020 SSBUCI 37.5942
Model_1_goa_dr_2020.dat 6 2020 SSBMedian 37.5942
Model_1_goa_dr_2020.dat 6 2020 SSBMean 37.5942
Model_1_goa_dr_2020.dat 6 2021 SSBF100 60.8552
Model_1_goa_dr_2020.dat 6 2021 SSBFabc 24.3421
Model_1_goa_dr_2020.dat 6 2021 SSBFofl 21.2993
Model_1_goa_dr_2020.dat 6 2021 SSBLCI 38.0797
Model_1_goa_dr_2020.dat 6 2021 SSBUCI 38.109
Model_1_goa_dr_2020.dat 6 2021 SSBMedian 38.0864
Model_1_goa_dr_2020.dat 6 2021 SSBMean 38.0893
Model_1_goa_dr_2020.dat 6 2022 SSBF100 60.8552
Model_1_goa_dr_2020.dat 6 2022 SSBFabc 24.3421
Model_1_goa_dr_2020.dat 6 2022 SSBFofl 21.2993
Model_1_goa_dr_2020.dat 6 2022 SSBLCI 35.4738
Model_1_goa_dr_2020.dat 6 2022 SSBUCI 35.5678
Model_1_goa_dr_2020.dat 6 2022 SSBMedian 35.4991
Model_1_goa_dr_2020.dat 6 2022 SSBMean 35.5075
Model_1_goa_dr_2020.dat 6 2023 SSBF100 60.8552
Model_1_goa_dr_2020.dat 6 2023 SSBFabc 24.3421
Model_1_goa_dr_2020.dat 6 2023 SSBFofl 21.2993
Model_1_goa_dr_2020.dat 6 2023 SSBLCI 32.4078
Model_1_goa_dr_2020.dat 6 2023 SSBUCI 32.6563
Model_1_goa_dr_2020.dat 6 2023 SSBMedian 32.4787
Model_1_goa_dr_2020.dat 6 2023 SSBMean 32.5004
Model_1_goa_dr_2020.dat 6 2024 SSBF100 60.8552
Model_1_goa_dr_2020.dat 6 2024 SSBFabc 24.3421
Model_1_goa_dr_2020.dat 6 2024 SSBFofl 21.2993
Model_1_goa_dr_2020.dat 6 2024 SSBLCI 29.189
Model_1_goa_dr_2020.dat 6 2024 SSBUCI 29.7614
Model_1_goa_dr_2020.dat 6 2024 SSBMedian 29.3586
Model_1_goa_dr_2020.dat 6 2024 SSBMean 29.4077
Model_1_goa_dr_2020.dat 6 2025 SSBF100 60.8552
Model_1_goa_dr_2020.dat 6 2025 SSBFabc 24.3421
Model_1_goa_dr_2020.dat 6 2025 SSBFofl 21.2993
Model_1_goa_dr_2020.dat 6 2025 SSBLCI 26.1142
Model_1_goa_dr_2020.dat 6 2025 SSBUCI 27.3483
Model_1_goa_dr_2020.dat 6 2025 SSBMedian 26.4731
Model_1_goa_dr_2020.dat 6 2025 SSBMean 26.5799
Model_1_goa_dr_2020.dat 6 2026 SSBF100 60.8552
Model_1_goa_dr_2020.dat 6 2026 SSBFabc 24.3421
Model_1_goa_dr_2020.dat 6 2026 SSBFofl 21.2993
Model_1_goa_dr_2020.dat 6 2026 SSBLCI 23.3857
Model_1_goa_dr_2020.dat 6 2026 SSBUCI 25.6777
Model_1_goa_dr_2020.dat 6 2026 SSBMedian 24.0747
Model_1_goa_dr_2020.dat 6 2026 SSBMean 24.2648
Model_1_goa_dr_2020.dat 6 2027 SSBF100 60.8552
Model_1_goa_dr_2020.dat 6 2027 SSBFabc 24.3421
Model_1_goa_dr_2020.dat 6 2027 SSBFofl 21.2993
Model_1_goa_dr_2020.dat 6 2027 SSBLCI 21.2233
Model_1_goa_dr_2020.dat 6 2027 SSBUCI 24.9743
Model_1_goa_dr_2020.dat 6 2027 SSBMedian 22.333
Model_1_goa_dr_2020.dat 6 2027 SSBMean 22.6438
Model_1_goa_dr_2020.dat 6 2028 SSBF100 60.8552
Model_1_goa_dr_2020.dat 6 2028 SSBFabc 24.3421
Model_1_goa_dr_2020.dat 6 2028 SSBFofl 21.2993
Model_1_goa_dr_2020.dat 6 2028 SSBLCI 19.6934
Model_1_goa_dr_2020.dat 6 2028 SSBUCI 24.9963
Model_1_goa_dr_2020.dat 6 2028 SSBMedian 21.3393
Model_1_goa_dr_2020.dat 6 2028 SSBMean 21.7718
Model_1_goa_dr_2020.dat 6 2029 SSBF100 60.8552
Model_1_goa_dr_2020.dat 6 2029 SSBFabc 24.3421
Model_1_goa_dr_2020.dat 6 2029 SSBFofl 21.2993
Model_1_goa_dr_2020.dat 6 2029 SSBLCI 18.6698
Model_1_goa_dr_2020.dat 6 2029 SSBUCI 25.5598
Model_1_goa_dr_2020.dat 6 2029 SSBMedian 20.9289
Model_1_goa_dr_2020.dat 6 2029 SSBMean 21.4287
Model_1_goa_dr_2020.dat 6 2030 SSBF100 60.8552
Model_1_goa_dr_2020.dat 6 2030 SSBFabc 24.3421
Model_1_goa_dr_2020.dat 6 2030 SSBFofl 21.2993
Model_1_goa_dr_2020.dat 6 2030 SSBLCI 17.9998
Model_1_goa_dr_2020.dat 6 2030 SSBUCI 26.2962
Model_1_goa_dr_2020.dat 6 2030 SSBMedian 20.8866
Model_1_goa_dr_2020.dat 6 2030 SSBMean 21.3881
Model_1_goa_dr_2020.dat 6 2031 SSBF100 60.8552
Model_1_goa_dr_2020.dat 6 2031 SSBFabc 24.3421
Model_1_goa_dr_2020.dat 6 2031 SSBFofl 21.2993
Model_1_goa_dr_2020.dat 6 2031 SSBLCI 17.6644
Model_1_goa_dr_2020.dat 6 2031 SSBUCI 26.8756
Model_1_goa_dr_2020.dat 6 2031 SSBMedian 21.0206
Model_1_goa_dr_2020.dat 6 2031 SSBMean 21.4946
Model_1_goa_dr_2020.dat 6 2032 SSBF100 60.8552
Model_1_goa_dr_2020.dat 6 2032 SSBFabc 24.3421
Model_1_goa_dr_2020.dat 6 2032 SSBFofl 21.2993
Model_1_goa_dr_2020.dat 6 2032 SSBLCI 17.5608
Model_1_goa_dr_2020.dat 6 2032 SSBUCI 27.2823
Model_1_goa_dr_2020.dat 6 2032 SSBMedian 21.2013
Model_1_goa_dr_2020.dat 6 2032 SSBMean 21.6617
Model_1_goa_dr_2020.dat 6 2033 SSBF100 60.8552
Model_1_goa_dr_2020.dat 6 2033 SSBFabc 24.3421
Model_1_goa_dr_2020.dat 6 2033 SSBFofl 21.2993
Model_1_goa_dr_2020.dat 6 2033 SSBLCI 17.5144
Model_1_goa_dr_2020.dat 6 2033 SSBUCI 27.6937
Model_1_goa_dr_2020.dat 6 2033 SSBMedian 21.3904
Model_1_goa_dr_2020.dat 6 2033 SSBMean 21.8493
Model_1_goa_dr_2020.dat 6 2020 F0 0 
Model_1_goa_dr_2020.dat 6 2020 Fabc 0.0929257
Model_1_goa_dr_2020.dat 6 2020 Fofl 0.114372
Model_1_goa_dr_2020.dat 6 2020  F_LCI 0.0290868
Model_1_goa_dr_2020.dat 6 2020  F_UCI 0.0290868
Model_1_goa_dr_2020.dat 6 2020  F_Median 0.0290868
Model_1_goa_dr_2020.dat 6 2020  F_Mean 0.0290868
Model_1_goa_dr_2020.dat 6 2021 F0 0 
Model_1_goa_dr_2020.dat 6 2021 Fabc 0.0929257
Model_1_goa_dr_2020.dat 6 2021 Fofl 0.114372
Model_1_goa_dr_2020.dat 6 2021  F_LCI 0.114372
Model_1_goa_dr_2020.dat 6 2021  F_UCI 0.114372
Model_1_goa_dr_2020.dat 6 2021  F_Median 0.114372
Model_1_goa_dr_2020.dat 6 2021  F_Mean 0.114372
Model_1_goa_dr_2020.dat 6 2022 F0 0 
Model_1_goa_dr_2020.dat 6 2022 Fabc 0.0929257
Model_1_goa_dr_2020.dat 6 2022 Fofl 0.114372
Model_1_goa_dr_2020.dat 6 2022  F_LCI 0.114372
Model_1_goa_dr_2020.dat 6 2022  F_UCI 0.114372
Model_1_goa_dr_2020.dat 6 2022  F_Median 0.114372
Model_1_goa_dr_2020.dat 6 2022  F_Mean 0.114372
Model_1_goa_dr_2020.dat 6 2023 F0 0 
Model_1_goa_dr_2020.dat 6 2023 Fabc 0.0929257
Model_1_goa_dr_2020.dat 6 2023 Fofl 0.114372
Model_1_goa_dr_2020.dat 6 2023  F_LCI 0.114372
Model_1_goa_dr_2020.dat 6 2023  F_UCI 0.114372
Model_1_goa_dr_2020.dat 6 2023  F_Median 0.114372
Model_1_goa_dr_2020.dat 6 2023  F_Mean 0.114372
Model_1_goa_dr_2020.dat 6 2024 F0 0 
Model_1_goa_dr_2020.dat 6 2024 Fabc 0.0929257
Model_1_goa_dr_2020.dat 6 2024 Fofl 0.114372
Model_1_goa_dr_2020.dat 6 2024  F_LCI 0.114372
Model_1_goa_dr_2020.dat 6 2024  F_UCI 0.114372
Model_1_goa_dr_2020.dat 6 2024  F_Median 0.114372
Model_1_goa_dr_2020.dat 6 2024  F_Mean 0.114372
Model_1_goa_dr_2020.dat 6 2025 F0 0 
Model_1_goa_dr_2020.dat 6 2025 Fabc 0.0929257
Model_1_goa_dr_2020.dat 6 2025 Fofl 0.114372
Model_1_goa_dr_2020.dat 6 2025  F_LCI 0.114372
Model_1_goa_dr_2020.dat 6 2025  F_UCI 0.114372
Model_1_goa_dr_2020.dat 6 2025  F_Median 0.114372
Model_1_goa_dr_2020.dat 6 2025  F_Mean 0.114372
Model_1_goa_dr_2020.dat 6 2026 F0 0 
Model_1_goa_dr_2020.dat 6 2026 Fabc 0.0929257
Model_1_goa_dr_2020.dat 6 2026 Fofl 0.114372
Model_1_goa_dr_2020.dat 6 2026  F_LCI 0.109642
Model_1_goa_dr_2020.dat 6 2026  F_UCI 0.114372
Model_1_goa_dr_2020.dat 6 2026  F_Median 0.11305
Model_1_goa_dr_2020.dat 6 2026  F_Mean 0.112685
Model_1_goa_dr_2020.dat 6 2027 F0 0 
Model_1_goa_dr_2020.dat 6 2027 Fabc 0.0929257
Model_1_goa_dr_2020.dat 6 2027 Fofl 0.114372
Model_1_goa_dr_2020.dat 6 2027  F_LCI 0.0989474
Model_1_goa_dr_2020.dat 6 2027  F_UCI 0.114372
Model_1_goa_dr_2020.dat 6 2027  F_Median 0.104435
Model_1_goa_dr_2020.dat 6 2027  F_Mean 0.105404
Model_1_goa_dr_2020.dat 6 2028 F0 0 
Model_1_goa_dr_2020.dat 6 2028 Fabc 0.0929257
Model_1_goa_dr_2020.dat 6 2028 Fofl 0.114372
Model_1_goa_dr_2020.dat 6 2028  F_LCI 0.0913804
Model_1_goa_dr_2020.dat 6 2028  F_UCI 0.114372
Model_1_goa_dr_2020.dat 6 2028  F_Median 0.0995208
Model_1_goa_dr_2020.dat 6 2028  F_Mean 0.100937
Model_1_goa_dr_2020.dat 6 2029 F0 0 
Model_1_goa_dr_2020.dat 6 2029 Fabc 0.0929257
Model_1_goa_dr_2020.dat 6 2029 Fofl 0.114372
Model_1_goa_dr_2020.dat 6 2029  F_LCI 0.0863182
Model_1_goa_dr_2020.dat 6 2029  F_UCI 0.114372
Model_1_goa_dr_2020.dat 6 2029  F_Median 0.0974911
Model_1_goa_dr_2020.dat 6 2029  F_Mean 0.0989124
Model_1_goa_dr_2020.dat 6 2030 F0 0 
Model_1_goa_dr_2020.dat 6 2030 Fabc 0.0929257
Model_1_goa_dr_2020.dat 6 2030 Fofl 0.114372
Model_1_goa_dr_2020.dat 6 2030  F_LCI 0.0830041
Model_1_goa_dr_2020.dat 6 2030  F_UCI 0.114372
Model_1_goa_dr_2020.dat 6 2030  F_Median 0.0972818
Model_1_goa_dr_2020.dat 6 2030  F_Mean 0.0983571
Model_1_goa_dr_2020.dat 6 2031 F0 0 
Model_1_goa_dr_2020.dat 6 2031 Fabc 0.0929257
Model_1_goa_dr_2020.dat 6 2031 Fofl 0.114372
Model_1_goa_dr_2020.dat 6 2031  F_LCI 0.0813453
Model_1_goa_dr_2020.dat 6 2031  F_UCI 0.114372
Model_1_goa_dr_2020.dat 6 2031  F_Median 0.0979449
Model_1_goa_dr_2020.dat 6 2031  F_Mean 0.0985283
Model_1_goa_dr_2020.dat 6 2032 F0 0 
Model_1_goa_dr_2020.dat 6 2032 Fabc 0.0929257
Model_1_goa_dr_2020.dat 6 2032 Fofl 0.114372
Model_1_goa_dr_2020.dat 6 2032  F_LCI 0.0808333
Model_1_goa_dr_2020.dat 6 2032  F_UCI 0.114372
Model_1_goa_dr_2020.dat 6 2032  F_Median 0.0988386
Model_1_goa_dr_2020.dat 6 2032  F_Mean 0.0990174
Model_1_goa_dr_2020.dat 6 2033 F0 0 
Model_1_goa_dr_2020.dat 6 2033 Fabc 0.0929257
Model_1_goa_dr_2020.dat 6 2033 Fofl 0.114372
Model_1_goa_dr_2020.dat 6 2033  F_LCI 0.0806035
Model_1_goa_dr_2020.dat 6 2033  F_UCI 0.114372
Model_1_goa_dr_2020.dat 6 2033  F_Median 0.0997736
Model_1_goa_dr_2020.dat 6 2033  F_Mean 0.0996423
Model_1_goa_dr_2020.dat 7 2020 Cabc 4.36227
Model_1_goa_dr_2020.dat 7 2020 Cofl 4.66772
Model_1_goa_dr_2020.dat 7 2020 CLCI 2.1975
Model_1_goa_dr_2020.dat 7 2020 CUCI 2.1975
Model_1_goa_dr_2020.dat 7 2020 CMedian 2.1975
Model_1_goa_dr_2020.dat 7 2020 CMean 2.1975
Model_1_goa_dr_2020.dat 7 2021 Cabc 4.36227
Model_1_goa_dr_2020.dat 7 2021 Cofl 4.66772
Model_1_goa_dr_2020.dat 7 2021 CLCI 7.10786
Model_1_goa_dr_2020.dat 7 2021 CUCI 7.10806
Model_1_goa_dr_2020.dat 7 2021 CMedian 7.1079
Model_1_goa_dr_2020.dat 7 2021 CMean 7.10792
Model_1_goa_dr_2020.dat 7 2022 Cabc 4.36227
Model_1_goa_dr_2020.dat 7 2022 Cofl 4.66772
Model_1_goa_dr_2020.dat 7 2022 CLCI 6.72591
Model_1_goa_dr_2020.dat 7 2022 CUCI 6.72698
Model_1_goa_dr_2020.dat 7 2022 CMedian 6.72619
Model_1_goa_dr_2020.dat 7 2022 CMean 6.72628
Model_1_goa_dr_2020.dat 7 2023 Cabc 4.36227
Model_1_goa_dr_2020.dat 7 2023 Cofl 4.66772
Model_1_goa_dr_2020.dat 7 2023 CLCI 7.53073
Model_1_goa_dr_2020.dat 7 2023 CUCI 7.53674
Model_1_goa_dr_2020.dat 7 2023 CMedian 7.53232
Model_1_goa_dr_2020.dat 7 2023 CMean 7.53284
Model_1_goa_dr_2020.dat 7 2024 Cabc 4.36227
Model_1_goa_dr_2020.dat 7 2024 Cofl 4.66772
Model_1_goa_dr_2020.dat 7 2024 CLCI 6.68732
Model_1_goa_dr_2020.dat 7 2024 CUCI 6.71168
Model_1_goa_dr_2020.dat 7 2024 CMedian 6.69384
Model_1_goa_dr_2020.dat 7 2024 CMean 6.69598
Model_1_goa_dr_2020.dat 7 2025 Cabc 4.36227
Model_1_goa_dr_2020.dat 7 2025 Cofl 4.66772
Model_1_goa_dr_2020.dat 7 2025 CLCI 5.91128
Model_1_goa_dr_2020.dat 7 2025 CUCI 6.00152
Model_1_goa_dr_2020.dat 7 2025 CMedian 5.93578
Model_1_goa_dr_2020.dat 7 2025 CMean 5.94326
Model_1_goa_dr_2020.dat 7 2026 Cabc 4.36227
Model_1_goa_dr_2020.dat 7 2026 Cofl 4.66772
Model_1_goa_dr_2020.dat 7 2026 CLCI 5.19887
Model_1_goa_dr_2020.dat 7 2026 CUCI 5.51295
Model_1_goa_dr_2020.dat 7 2026 CMedian 5.30707
Model_1_goa_dr_2020.dat 7 2026 CMean 5.32674
Model_1_goa_dr_2020.dat 7 2027 Cabc 4.36227
Model_1_goa_dr_2020.dat 7 2027 Cofl 4.66772
Model_1_goa_dr_2020.dat 7 2027 CLCI 4.1845
Model_1_goa_dr_2020.dat 7 2027 CUCI 5.35942
Model_1_goa_dr_2020.dat 7 2027 CMedian 4.58473
Model_1_goa_dr_2020.dat 7 2027 CMean 4.67593
Model_1_goa_dr_2020.dat 7 2028 Cabc 4.36227
Model_1_goa_dr_2020.dat 7 2028 Cofl 4.66772
Model_1_goa_dr_2020.dat 7 2028 CLCI 3.54547
Model_1_goa_dr_2020.dat 7 2028 CUCI 5.51026
Model_1_goa_dr_2020.dat 7 2028 CMedian 4.16058
Model_1_goa_dr_2020.dat 7 2028 CMean 4.31627
Model_1_goa_dr_2020.dat 7 2029 Cabc 4.36227
Model_1_goa_dr_2020.dat 7 2029 Cofl 4.66772
Model_1_goa_dr_2020.dat 7 2029 CLCI 3.17576
Model_1_goa_dr_2020.dat 7 2029 CUCI 5.76924
Model_1_goa_dr_2020.dat 7 2029 CMedian 3.97864
Model_1_goa_dr_2020.dat 7 2029 CMean 4.1925
Model_1_goa_dr_2020.dat 7 2030 Cabc 4.36227
Model_1_goa_dr_2020.dat 7 2030 Cofl 4.66772
Model_1_goa_dr_2020.dat 7 2030 CLCI 2.93094
Model_1_goa_dr_2020.dat 7 2030 CUCI 5.92016
Model_1_goa_dr_2020.dat 7 2030 CMedian 3.96487
Model_1_goa_dr_2020.dat 7 2030 CMean 4.17786
Model_1_goa_dr_2020.dat 7 2031 Cabc 4.36227
Model_1_goa_dr_2020.dat 7 2031 Cofl 4.66772
Model_1_goa_dr_2020.dat 7 2031 CLCI 2.79164
Model_1_goa_dr_2020.dat 7 2031 CUCI 6.0951
Model_1_goa_dr_2020.dat 7 2031 CMedian 4.04087
Model_1_goa_dr_2020.dat 7 2031 CMean 4.20408
Model_1_goa_dr_2020.dat 7 2032 Cabc 4.36227
Model_1_goa_dr_2020.dat 7 2032 Cofl 4.66772
Model_1_goa_dr_2020.dat 7 2032 CLCI 2.71596
Model_1_goa_dr_2020.dat 7 2032 CUCI 6.12566
Model_1_goa_dr_2020.dat 7 2032 CMedian 4.08149
Model_1_goa_dr_2020.dat 7 2032 CMean 4.24563
Model_1_goa_dr_2020.dat 7 2033 Cabc 4.36227
Model_1_goa_dr_2020.dat 7 2033 Cofl 4.66772
Model_1_goa_dr_2020.dat 7 2033 CLCI 2.72095
Model_1_goa_dr_2020.dat 7 2033 CUCI 6.17047
Model_1_goa_dr_2020.dat 7 2033 CMedian 4.14231
Model_1_goa_dr_2020.dat 7 2033 CMean 4.29772
Model_1_goa_dr_2020.dat 7 2020 SSBF100 60.8552
Model_1_goa_dr_2020.dat 7 2020 SSBFabc 24.3421
Model_1_goa_dr_2020.dat 7 2020 SSBFofl 21.2993
Model_1_goa_dr_2020.dat 7 2020 SSBLCI 37.5942
Model_1_goa_dr_2020.dat 7 2020 SSBUCI 37.5942
Model_1_goa_dr_2020.dat 7 2020 SSBMedian 37.5942
Model_1_goa_dr_2020.dat 7 2020 SSBMean 37.5942
Model_1_goa_dr_2020.dat 7 2021 SSBF100 60.8552
Model_1_goa_dr_2020.dat 7 2021 SSBFabc 24.3421
Model_1_goa_dr_2020.dat 7 2021 SSBFofl 21.2993
Model_1_goa_dr_2020.dat 7 2021 SSBLCI 38.2066
Model_1_goa_dr_2020.dat 7 2021 SSBUCI 38.2359
Model_1_goa_dr_2020.dat 7 2021 SSBMedian 38.2133
Model_1_goa_dr_2020.dat 7 2021 SSBMean 38.2162
Model_1_goa_dr_2020.dat 7 2022 SSBF100 60.8552
Model_1_goa_dr_2020.dat 7 2022 SSBFabc 24.3421
Model_1_goa_dr_2020.dat 7 2022 SSBFofl 21.2993
Model_1_goa_dr_2020.dat 7 2022 SSBLCI 36.2945
Model_1_goa_dr_2020.dat 7 2022 SSBUCI 36.3886
Model_1_goa_dr_2020.dat 7 2022 SSBMedian 36.3198
Model_1_goa_dr_2020.dat 7 2022 SSBMean 36.3283
Model_1_goa_dr_2020.dat 7 2023 SSBF100 60.8552
Model_1_goa_dr_2020.dat 7 2023 SSBFabc 24.3421
Model_1_goa_dr_2020.dat 7 2023 SSBFofl 21.2993
Model_1_goa_dr_2020.dat 7 2023 SSBLCI 33.6963
Model_1_goa_dr_2020.dat 7 2023 SSBUCI 33.9448
Model_1_goa_dr_2020.dat 7 2023 SSBMedian 33.7672
Model_1_goa_dr_2020.dat 7 2023 SSBMean 33.789
Model_1_goa_dr_2020.dat 7 2024 SSBF100 60.8552
Model_1_goa_dr_2020.dat 7 2024 SSBFabc 24.3421
Model_1_goa_dr_2020.dat 7 2024 SSBFofl 21.2993
Model_1_goa_dr_2020.dat 7 2024 SSBLCI 30.3153
Model_1_goa_dr_2020.dat 7 2024 SSBUCI 30.8877
Model_1_goa_dr_2020.dat 7 2024 SSBMedian 30.4849
Model_1_goa_dr_2020.dat 7 2024 SSBMean 30.5341
Model_1_goa_dr_2020.dat 7 2025 SSBF100 60.8552
Model_1_goa_dr_2020.dat 7 2025 SSBFabc 24.3421
Model_1_goa_dr_2020.dat 7 2025 SSBFofl 21.2993
Model_1_goa_dr_2020.dat 7 2025 SSBLCI 27.0852
Model_1_goa_dr_2020.dat 7 2025 SSBUCI 28.3194
Model_1_goa_dr_2020.dat 7 2025 SSBMedian 27.4441
Model_1_goa_dr_2020.dat 7 2025 SSBMean 27.5509
Model_1_goa_dr_2020.dat 7 2026 SSBF100 60.8552
Model_1_goa_dr_2020.dat 7 2026 SSBFabc 24.3421
Model_1_goa_dr_2020.dat 7 2026 SSBFofl 21.2993
Model_1_goa_dr_2020.dat 7 2026 SSBLCI 24.1998
Model_1_goa_dr_2020.dat 7 2026 SSBUCI 26.5067
Model_1_goa_dr_2020.dat 7 2026 SSBMedian 24.8987
Model_1_goa_dr_2020.dat 7 2026 SSBMean 25.0878
Model_1_goa_dr_2020.dat 7 2027 SSBF100 60.8552
Model_1_goa_dr_2020.dat 7 2027 SSBFabc 24.3421
Model_1_goa_dr_2020.dat 7 2027 SSBFofl 21.2993
Model_1_goa_dr_2020.dat 7 2027 SSBLCI 21.8398
Model_1_goa_dr_2020.dat 7 2027 SSBUCI 25.6773
Model_1_goa_dr_2020.dat 7 2027 SSBMedian 23.0016
Model_1_goa_dr_2020.dat 7 2027 SSBMean 23.3067
Model_1_goa_dr_2020.dat 7 2028 SSBF100 60.8552
Model_1_goa_dr_2020.dat 7 2028 SSBFabc 24.3421
Model_1_goa_dr_2020.dat 7 2028 SSBFofl 21.2993
Model_1_goa_dr_2020.dat 7 2028 SSBLCI 20.1682
Model_1_goa_dr_2020.dat 7 2028 SSBUCI 25.5893
Model_1_goa_dr_2020.dat 7 2028 SSBMedian 21.8531
Model_1_goa_dr_2020.dat 7 2028 SSBMean 22.285
Model_1_goa_dr_2020.dat 7 2029 SSBF100 60.8552
Model_1_goa_dr_2020.dat 7 2029 SSBFabc 24.3421
Model_1_goa_dr_2020.dat 7 2029 SSBFofl 21.2993
Model_1_goa_dr_2020.dat 7 2029 SSBLCI 19.0377
Model_1_goa_dr_2020.dat 7 2029 SSBUCI 26.0489
Model_1_goa_dr_2020.dat 7 2029 SSBMedian 21.3151
Model_1_goa_dr_2020.dat 7 2029 SSBMean 21.8261
Model_1_goa_dr_2020.dat 7 2030 SSBF100 60.8552
Model_1_goa_dr_2020.dat 7 2030 SSBFabc 24.3421
Model_1_goa_dr_2020.dat 7 2030 SSBFofl 21.2993
Model_1_goa_dr_2020.dat 7 2030 SSBLCI 18.2886
Model_1_goa_dr_2020.dat 7 2030 SSBUCI 26.7149
Model_1_goa_dr_2020.dat 7 2030 SSBMedian 21.1728
Model_1_goa_dr_2020.dat 7 2030 SSBMean 21.6954
Model_1_goa_dr_2020.dat 7 2031 SSBF100 60.8552
Model_1_goa_dr_2020.dat 7 2031 SSBFabc 24.3421
Model_1_goa_dr_2020.dat 7 2031 SSBFofl 21.2993
Model_1_goa_dr_2020.dat 7 2031 SSBLCI 17.8862
Model_1_goa_dr_2020.dat 7 2031 SSBUCI 27.2071
Model_1_goa_dr_2020.dat 7 2031 SSBMedian 21.2384
Model_1_goa_dr_2020.dat 7 2031 SSBMean 21.7315
Model_1_goa_dr_2020.dat 7 2032 SSBF100 60.8552
Model_1_goa_dr_2020.dat 7 2032 SSBFabc 24.3421
Model_1_goa_dr_2020.dat 7 2032 SSBFofl 21.2993
Model_1_goa_dr_2020.dat 7 2032 SSBLCI 17.7346
Model_1_goa_dr_2020.dat 7 2032 SSBUCI 27.5639
Model_1_goa_dr_2020.dat 7 2032 SSBMedian 21.3656
Model_1_goa_dr_2020.dat 7 2032 SSBMean 21.8438
Model_1_goa_dr_2020.dat 7 2033 SSBF100 60.8552
Model_1_goa_dr_2020.dat 7 2033 SSBFabc 24.3421
Model_1_goa_dr_2020.dat 7 2033 SSBFofl 21.2993
Model_1_goa_dr_2020.dat 7 2033 SSBLCI 17.6519
Model_1_goa_dr_2020.dat 7 2033 SSBUCI 27.9314
Model_1_goa_dr_2020.dat 7 2033 SSBMedian 21.5136
Model_1_goa_dr_2020.dat 7 2033 SSBMean 21.9889
Model_1_goa_dr_2020.dat 7 2020 F0 0 
Model_1_goa_dr_2020.dat 7 2020 Fabc 0.0929257
Model_1_goa_dr_2020.dat 7 2020 Fofl 0.114372
Model_1_goa_dr_2020.dat 7 2020  F_LCI 0.0290868
Model_1_goa_dr_2020.dat 7 2020  F_UCI 0.0290868
Model_1_goa_dr_2020.dat 7 2020  F_Median 0.0290868
Model_1_goa_dr_2020.dat 7 2020  F_Mean 0.0290868
Model_1_goa_dr_2020.dat 7 2021 F0 0 
Model_1_goa_dr_2020.dat 7 2021 Fabc 0.0929257
Model_1_goa_dr_2020.dat 7 2021 Fofl 0.114372
Model_1_goa_dr_2020.dat 7 2021  F_LCI 0.0929257
Model_1_goa_dr_2020.dat 7 2021  F_UCI 0.0929257
Model_1_goa_dr_2020.dat 7 2021  F_Median 0.0929257
Model_1_goa_dr_2020.dat 7 2021  F_Mean 0.0929257
Model_1_goa_dr_2020.dat 7 2022 F0 0 
Model_1_goa_dr_2020.dat 7 2022 Fabc 0.0929257
Model_1_goa_dr_2020.dat 7 2022 Fofl 0.114372
Model_1_goa_dr_2020.dat 7 2022  F_LCI 0.0929257
Model_1_goa_dr_2020.dat 7 2022  F_UCI 0.0929257
Model_1_goa_dr_2020.dat 7 2022  F_Median 0.0929257
Model_1_goa_dr_2020.dat 7 2022  F_Mean 0.0929257
Model_1_goa_dr_2020.dat 7 2023 F0 0 
Model_1_goa_dr_2020.dat 7 2023 Fabc 0.0929257
Model_1_goa_dr_2020.dat 7 2023 Fofl 0.114372
Model_1_goa_dr_2020.dat 7 2023  F_LCI 0.114372
Model_1_goa_dr_2020.dat 7 2023  F_UCI 0.114372
Model_1_goa_dr_2020.dat 7 2023  F_Median 0.114372
Model_1_goa_dr_2020.dat 7 2023  F_Mean 0.114372
Model_1_goa_dr_2020.dat 7 2024 F0 0 
Model_1_goa_dr_2020.dat 7 2024 Fabc 0.0929257
Model_1_goa_dr_2020.dat 7 2024 Fofl 0.114372
Model_1_goa_dr_2020.dat 7 2024  F_LCI 0.114372
Model_1_goa_dr_2020.dat 7 2024  F_UCI 0.114372
Model_1_goa_dr_2020.dat 7 2024  F_Median 0.114372
Model_1_goa_dr_2020.dat 7 2024  F_Mean 0.114372
Model_1_goa_dr_2020.dat 7 2025 F0 0 
Model_1_goa_dr_2020.dat 7 2025 Fabc 0.0929257
Model_1_goa_dr_2020.dat 7 2025 Fofl 0.114372
Model_1_goa_dr_2020.dat 7 2025  F_LCI 0.114372
Model_1_goa_dr_2020.dat 7 2025  F_UCI 0.114372
Model_1_goa_dr_2020.dat 7 2025  F_Median 0.114372
Model_1_goa_dr_2020.dat 7 2025  F_Mean 0.114372
Model_1_goa_dr_2020.dat 7 2026 F0 0 
Model_1_goa_dr_2020.dat 7 2026 Fabc 0.0929257
Model_1_goa_dr_2020.dat 7 2026 Fofl 0.114372
Model_1_goa_dr_2020.dat 7 2026  F_LCI 0.113669
Model_1_goa_dr_2020.dat 7 2026  F_UCI 0.114372
Model_1_goa_dr_2020.dat 7 2026  F_Median 0.114372
Model_1_goa_dr_2020.dat 7 2026  F_Mean 0.114288
Model_1_goa_dr_2020.dat 7 2027 F0 0 
Model_1_goa_dr_2020.dat 7 2027 Fabc 0.0929257
Model_1_goa_dr_2020.dat 7 2027 Fofl 0.114372
Model_1_goa_dr_2020.dat 7 2027  F_LCI 0.101996
Model_1_goa_dr_2020.dat 7 2027  F_UCI 0.114372
Model_1_goa_dr_2020.dat 7 2027  F_Median 0.107742
Model_1_goa_dr_2020.dat 7 2027  F_Mean 0.108237
Model_1_goa_dr_2020.dat 7 2028 F0 0 
Model_1_goa_dr_2020.dat 7 2028 Fabc 0.0929257
Model_1_goa_dr_2020.dat 7 2028 Fofl 0.114372
Model_1_goa_dr_2020.dat 7 2028  F_LCI 0.0937291
Model_1_goa_dr_2020.dat 7 2028  F_UCI 0.114372
Model_1_goa_dr_2020.dat 7 2028  F_Median 0.102062
Model_1_goa_dr_2020.dat 7 2028  F_Mean 0.10318
Model_1_goa_dr_2020.dat 7 2029 F0 0 
Model_1_goa_dr_2020.dat 7 2029 Fabc 0.0929257
Model_1_goa_dr_2020.dat 7 2029 Fofl 0.114372
Model_1_goa_dr_2020.dat 7 2029  F_LCI 0.0881374
Model_1_goa_dr_2020.dat 7 2029  F_UCI 0.114372
Model_1_goa_dr_2020.dat 7 2029  F_Median 0.0994014
Model_1_goa_dr_2020.dat 7 2029  F_Mean 0.100617
Model_1_goa_dr_2020.dat 7 2030 F0 0 
Model_1_goa_dr_2020.dat 7 2030 Fabc 0.0929257
Model_1_goa_dr_2020.dat 7 2030 Fofl 0.114372
Model_1_goa_dr_2020.dat 7 2030  F_LCI 0.0844326
Model_1_goa_dr_2020.dat 7 2030  F_UCI 0.114372
Model_1_goa_dr_2020.dat 7 2030  F_Median 0.0986973
Model_1_goa_dr_2020.dat 7 2030  F_Mean 0.0996239
Model_1_goa_dr_2020.dat 7 2031 F0 0 
Model_1_goa_dr_2020.dat 7 2031 Fabc 0.0929257
Model_1_goa_dr_2020.dat 7 2031 Fofl 0.114372
Model_1_goa_dr_2020.dat 7 2031  F_LCI 0.0824425
Model_1_goa_dr_2020.dat 7 2031  F_UCI 0.114372
Model_1_goa_dr_2020.dat 7 2031  F_Median 0.099022
Model_1_goa_dr_2020.dat 7 2031  F_Mean 0.0994683
Model_1_goa_dr_2020.dat 7 2032 F0 0 
Model_1_goa_dr_2020.dat 7 2032 Fabc 0.0929257
Model_1_goa_dr_2020.dat 7 2032 Fofl 0.114372
Model_1_goa_dr_2020.dat 7 2032  F_LCI 0.0816925
Model_1_goa_dr_2020.dat 7 2032  F_UCI 0.114372
Model_1_goa_dr_2020.dat 7 2032  F_Median 0.099651
Model_1_goa_dr_2020.dat 7 2032  F_Mean 0.0997208
Model_1_goa_dr_2020.dat 7 2033 F0 0 
Model_1_goa_dr_2020.dat 7 2033 Fabc 0.0929257
Model_1_goa_dr_2020.dat 7 2033 Fofl 0.114372
Model_1_goa_dr_2020.dat 7 2033  F_LCI 0.0812835
Model_1_goa_dr_2020.dat 7 2033  F_UCI 0.114372
Model_1_goa_dr_2020.dat 7 2033  F_Median 0.100383
Model_1_goa_dr_2020.dat 7 2033  F_Mean 0.100165
