Model_1_goa_dr_2022.dat 1 2022 Cabc 4.6223
Model_1_goa_dr_2022.dat 1 2022 Cofl 4.9419
Model_1_goa_dr_2022.dat 1 2022 CLCI 2.64385
Model_1_goa_dr_2022.dat 1 2022 CUCI 2.64385
Model_1_goa_dr_2022.dat 1 2022 CMedian 2.64385
Model_1_goa_dr_2022.dat 1 2022 CMean 2.64385
Model_1_goa_dr_2022.dat 1 2023 Cabc 4.6223
Model_1_goa_dr_2022.dat 1 2023 Cofl 4.9419
Model_1_goa_dr_2022.dat 1 2023 CLCI 7.91649
Model_1_goa_dr_2022.dat 1 2023 CUCI 7.91669
Model_1_goa_dr_2022.dat 1 2023 CMedian 7.91654
Model_1_goa_dr_2022.dat 1 2023 CMean 7.91656
Model_1_goa_dr_2022.dat 1 2024 Cabc 4.6223
Model_1_goa_dr_2022.dat 1 2024 Cofl 4.9419
Model_1_goa_dr_2022.dat 1 2024 CLCI 7.2612
Model_1_goa_dr_2022.dat 1 2024 CUCI 7.26227
Model_1_goa_dr_2022.dat 1 2024 CMedian 7.26151
Model_1_goa_dr_2022.dat 1 2024 CMean 7.26159
Model_1_goa_dr_2022.dat 1 2025 Cabc 4.6223
Model_1_goa_dr_2022.dat 1 2025 Cofl 4.9419
Model_1_goa_dr_2022.dat 1 2025 CLCI 6.61534
Model_1_goa_dr_2022.dat 1 2025 CUCI 6.62016
Model_1_goa_dr_2022.dat 1 2025 CMedian 6.61671
Model_1_goa_dr_2022.dat 1 2025 CMean 6.61709
Model_1_goa_dr_2022.dat 1 2026 Cabc 4.6223
Model_1_goa_dr_2022.dat 1 2026 Cofl 4.9419
Model_1_goa_dr_2022.dat 1 2026 CLCI 5.98474
Model_1_goa_dr_2022.dat 1 2026 CUCI 6.0038
Model_1_goa_dr_2022.dat 1 2026 CMedian 5.99029
Model_1_goa_dr_2022.dat 1 2026 CMean 5.99177
Model_1_goa_dr_2022.dat 1 2027 Cabc 4.6223
Model_1_goa_dr_2022.dat 1 2027 Cofl 4.9419
Model_1_goa_dr_2022.dat 1 2027 CLCI 5.39356
Model_1_goa_dr_2022.dat 1 2027 CUCI 5.46271
Model_1_goa_dr_2022.dat 1 2027 CMedian 5.41387
Model_1_goa_dr_2022.dat 1 2027 CMean 5.41922
Model_1_goa_dr_2022.dat 1 2028 Cabc 4.6223
Model_1_goa_dr_2022.dat 1 2028 Cofl 4.9419
Model_1_goa_dr_2022.dat 1 2028 CLCI 4.86881
Model_1_goa_dr_2022.dat 1 2028 CUCI 5.08334
Model_1_goa_dr_2022.dat 1 2028 CMedian 4.93319
Model_1_goa_dr_2022.dat 1 2028 CMean 4.95028
Model_1_goa_dr_2022.dat 1 2029 Cabc 4.6223
Model_1_goa_dr_2022.dat 1 2029 Cofl 4.9419
Model_1_goa_dr_2022.dat 1 2029 CLCI 4.35217
Model_1_goa_dr_2022.dat 1 2029 CUCI 4.96579
Model_1_goa_dr_2022.dat 1 2029 CMedian 4.5987
Model_1_goa_dr_2022.dat 1 2029 CMean 4.62573
Model_1_goa_dr_2022.dat 1 2030 Cabc 4.6223
Model_1_goa_dr_2022.dat 1 2030 Cofl 4.9419
Model_1_goa_dr_2022.dat 1 2030 CLCI 3.75875
Model_1_goa_dr_2022.dat 1 2030 CUCI 5.0731
Model_1_goa_dr_2022.dat 1 2030 CMedian 4.34162
Model_1_goa_dr_2022.dat 1 2030 CMean 4.36475
Model_1_goa_dr_2022.dat 1 2031 Cabc 4.6223
Model_1_goa_dr_2022.dat 1 2031 Cofl 4.9419
Model_1_goa_dr_2022.dat 1 2031 CLCI 3.40981
Model_1_goa_dr_2022.dat 1 2031 CUCI 5.24498
Model_1_goa_dr_2022.dat 1 2031 CMedian 4.1526
Model_1_goa_dr_2022.dat 1 2031 CMean 4.24181
Model_1_goa_dr_2022.dat 1 2032 Cabc 4.6223
Model_1_goa_dr_2022.dat 1 2032 Cofl 4.9419
Model_1_goa_dr_2022.dat 1 2032 CLCI 3.18746
Model_1_goa_dr_2022.dat 1 2032 CUCI 5.40218
Model_1_goa_dr_2022.dat 1 2032 CMedian 4.12382
Model_1_goa_dr_2022.dat 1 2032 CMean 4.21075
Model_1_goa_dr_2022.dat 1 2033 Cabc 4.6223
Model_1_goa_dr_2022.dat 1 2033 Cofl 4.9419
Model_1_goa_dr_2022.dat 1 2033 CLCI 3.03182
Model_1_goa_dr_2022.dat 1 2033 CUCI 5.54746
Model_1_goa_dr_2022.dat 1 2033 CMedian 4.13854
Model_1_goa_dr_2022.dat 1 2033 CMean 4.22055
Model_1_goa_dr_2022.dat 1 2034 Cabc 4.6223
Model_1_goa_dr_2022.dat 1 2034 Cofl 4.9419
Model_1_goa_dr_2022.dat 1 2034 CLCI 2.97849
Model_1_goa_dr_2022.dat 1 2034 CUCI 5.6379
Model_1_goa_dr_2022.dat 1 2034 CMedian 4.20237
Model_1_goa_dr_2022.dat 1 2034 CMean 4.24851
Model_1_goa_dr_2022.dat 1 2035 Cabc 4.6223
Model_1_goa_dr_2022.dat 1 2035 Cofl 4.9419
Model_1_goa_dr_2022.dat 1 2035 CLCI 2.9409
Model_1_goa_dr_2022.dat 1 2035 CUCI 5.73525
Model_1_goa_dr_2022.dat 1 2035 CMedian 4.24086
Model_1_goa_dr_2022.dat 1 2035 CMean 4.28556
Model_1_goa_dr_2022.dat 1 2022 SSBF100 65.5649
Model_1_goa_dr_2022.dat 1 2022 SSBFabc 26.2259
Model_1_goa_dr_2022.dat 1 2022 SSBFofl 22.9477
Model_1_goa_dr_2022.dat 1 2022 SSBLCI 45.051
Model_1_goa_dr_2022.dat 1 2022 SSBUCI 45.051
Model_1_goa_dr_2022.dat 1 2022 SSBMedian 45.051
Model_1_goa_dr_2022.dat 1 2022 SSBMean 45.051
Model_1_goa_dr_2022.dat 1 2023 SSBF100 65.5649
Model_1_goa_dr_2022.dat 1 2023 SSBFabc 26.2259
Model_1_goa_dr_2022.dat 1 2023 SSBFofl 22.9477
Model_1_goa_dr_2022.dat 1 2023 SSBLCI 44.2232
Model_1_goa_dr_2022.dat 1 2023 SSBUCI 44.25
Model_1_goa_dr_2022.dat 1 2023 SSBMedian 44.2301
Model_1_goa_dr_2022.dat 1 2023 SSBMean 44.2326
Model_1_goa_dr_2022.dat 1 2024 SSBF100 65.5649
Model_1_goa_dr_2022.dat 1 2024 SSBFabc 26.2259
Model_1_goa_dr_2022.dat 1 2024 SSBFofl 22.9477
Model_1_goa_dr_2022.dat 1 2024 SSBLCI 40.8365
Model_1_goa_dr_2022.dat 1 2024 SSBUCI 40.9228
Model_1_goa_dr_2022.dat 1 2024 SSBMedian 40.8623
Model_1_goa_dr_2022.dat 1 2024 SSBMean 40.8691
Model_1_goa_dr_2022.dat 1 2025 SSBF100 65.5649
Model_1_goa_dr_2022.dat 1 2025 SSBFabc 26.2259
Model_1_goa_dr_2022.dat 1 2025 SSBFofl 22.9477
Model_1_goa_dr_2022.dat 1 2025 SSBLCI 37.3794
Model_1_goa_dr_2022.dat 1 2025 SSBUCI 37.6096
Model_1_goa_dr_2022.dat 1 2025 SSBMedian 37.4493
Model_1_goa_dr_2022.dat 1 2025 SSBMean 37.4679
Model_1_goa_dr_2022.dat 1 2026 SSBF100 65.5649
Model_1_goa_dr_2022.dat 1 2026 SSBFabc 26.2259
Model_1_goa_dr_2022.dat 1 2026 SSBFofl 22.9477
Model_1_goa_dr_2022.dat 1 2026 SSBLCI 34.0078
Model_1_goa_dr_2022.dat 1 2026 SSBUCI 34.5432
Model_1_goa_dr_2022.dat 1 2026 SSBMedian 34.1784
Model_1_goa_dr_2022.dat 1 2026 SSBMean 34.2171
Model_1_goa_dr_2022.dat 1 2027 SSBF100 65.5649
Model_1_goa_dr_2022.dat 1 2027 SSBFabc 26.2259
Model_1_goa_dr_2022.dat 1 2027 SSBFofl 22.9477
Model_1_goa_dr_2022.dat 1 2027 SSBLCI 30.8652
Model_1_goa_dr_2022.dat 1 2027 SSBUCI 31.9978
Model_1_goa_dr_2022.dat 1 2027 SSBMedian 31.2422
Model_1_goa_dr_2022.dat 1 2027 SSBMean 31.3112
Model_1_goa_dr_2022.dat 1 2028 SSBF100 65.5649
Model_1_goa_dr_2022.dat 1 2028 SSBFabc 26.2259
Model_1_goa_dr_2022.dat 1 2028 SSBFofl 22.9477
Model_1_goa_dr_2022.dat 1 2028 SSBLCI 28.0774
Model_1_goa_dr_2022.dat 1 2028 SSBUCI 30.2168
Model_1_goa_dr_2022.dat 1 2028 SSBMedian 28.7919
Model_1_goa_dr_2022.dat 1 2028 SSBMean 28.9326
Model_1_goa_dr_2022.dat 1 2029 SSBF100 65.5649
Model_1_goa_dr_2022.dat 1 2029 SSBFabc 26.2259
Model_1_goa_dr_2022.dat 1 2029 SSBFofl 22.9477
Model_1_goa_dr_2022.dat 1 2029 SSBLCI 25.758
Model_1_goa_dr_2022.dat 1 2029 SSBUCI 29.3903
Model_1_goa_dr_2022.dat 1 2029 SSBMedian 26.9721
Model_1_goa_dr_2022.dat 1 2029 SSBMean 27.1991
Model_1_goa_dr_2022.dat 1 2030 SSBF100 65.5649
Model_1_goa_dr_2022.dat 1 2030 SSBFabc 26.2259
Model_1_goa_dr_2022.dat 1 2030 SSBFofl 22.9477
Model_1_goa_dr_2022.dat 1 2030 SSBLCI 23.9949
Model_1_goa_dr_2022.dat 1 2030 SSBUCI 29.2404
Model_1_goa_dr_2022.dat 1 2030 SSBMedian 25.7378
Model_1_goa_dr_2022.dat 1 2030 SSBMean 26.1229
Model_1_goa_dr_2022.dat 1 2031 SSBF100 65.5649
Model_1_goa_dr_2022.dat 1 2031 SSBFabc 26.2259
Model_1_goa_dr_2022.dat 1 2031 SSBFofl 22.9477
Model_1_goa_dr_2022.dat 1 2031 SSBLCI 22.8525
Model_1_goa_dr_2022.dat 1 2031 SSBUCI 29.7248
Model_1_goa_dr_2022.dat 1 2031 SSBMedian 25.1533
Model_1_goa_dr_2022.dat 1 2031 SSBMean 25.6008
Model_1_goa_dr_2022.dat 1 2032 SSBF100 65.5649
Model_1_goa_dr_2022.dat 1 2032 SSBFabc 26.2259
Model_1_goa_dr_2022.dat 1 2032 SSBFofl 22.9477
Model_1_goa_dr_2022.dat 1 2032 SSBLCI 22.0627
Model_1_goa_dr_2022.dat 1 2032 SSBUCI 30.3805
Model_1_goa_dr_2022.dat 1 2032 SSBMedian 24.9164
Model_1_goa_dr_2022.dat 1 2032 SSBMean 25.433
Model_1_goa_dr_2022.dat 1 2033 SSBF100 65.5649
Model_1_goa_dr_2022.dat 1 2033 SSBFabc 26.2259
Model_1_goa_dr_2022.dat 1 2033 SSBFofl 22.9477
Model_1_goa_dr_2022.dat 1 2033 SSBLCI 21.518
Model_1_goa_dr_2022.dat 1 2033 SSBUCI 31.0612
Model_1_goa_dr_2022.dat 1 2033 SSBMedian 24.9263
Model_1_goa_dr_2022.dat 1 2033 SSBMean 25.4563
Model_1_goa_dr_2022.dat 1 2034 SSBF100 65.5649
Model_1_goa_dr_2022.dat 1 2034 SSBFabc 26.2259
Model_1_goa_dr_2022.dat 1 2034 SSBFofl 22.9477
Model_1_goa_dr_2022.dat 1 2034 SSBLCI 21.3049
Model_1_goa_dr_2022.dat 1 2034 SSBUCI 31.5825
Model_1_goa_dr_2022.dat 1 2034 SSBMedian 25.0281
Model_1_goa_dr_2022.dat 1 2034 SSBMean 25.5701
Model_1_goa_dr_2022.dat 1 2035 SSBF100 65.5649
Model_1_goa_dr_2022.dat 1 2035 SSBFabc 26.2259
Model_1_goa_dr_2022.dat 1 2035 SSBFofl 22.9477
Model_1_goa_dr_2022.dat 1 2035 SSBLCI 21.2084
Model_1_goa_dr_2022.dat 1 2035 SSBUCI 31.966
Model_1_goa_dr_2022.dat 1 2035 SSBMedian 25.1446
Model_1_goa_dr_2022.dat 1 2035 SSBMean 25.7235
Model_1_goa_dr_2022.dat 1 2022 F0 0 
Model_1_goa_dr_2022.dat 1 2022 Fabc 0.0913417
Model_1_goa_dr_2022.dat 1 2022 Fofl 0.112301
Model_1_goa_dr_2022.dat 1 2022  F_LCI 0.0291545
Model_1_goa_dr_2022.dat 1 2022  F_UCI 0.0291545
Model_1_goa_dr_2022.dat 1 2022  F_Median 0.0291545
Model_1_goa_dr_2022.dat 1 2022  F_Mean 0.0291545
Model_1_goa_dr_2022.dat 1 2023 F0 0 
Model_1_goa_dr_2022.dat 1 2023 Fabc 0.0913417
Model_1_goa_dr_2022.dat 1 2023 Fofl 0.112301
Model_1_goa_dr_2022.dat 1 2023  F_LCI 0.0913417
Model_1_goa_dr_2022.dat 1 2023  F_UCI 0.0913417
Model_1_goa_dr_2022.dat 1 2023  F_Median 0.0913417
Model_1_goa_dr_2022.dat 1 2023  F_Mean 0.0913417
Model_1_goa_dr_2022.dat 1 2024 F0 0 
Model_1_goa_dr_2022.dat 1 2024 Fabc 0.0913417
Model_1_goa_dr_2022.dat 1 2024 Fofl 0.112301
Model_1_goa_dr_2022.dat 1 2024  F_LCI 0.0913417
Model_1_goa_dr_2022.dat 1 2024  F_UCI 0.0913417
Model_1_goa_dr_2022.dat 1 2024  F_Median 0.0913417
Model_1_goa_dr_2022.dat 1 2024  F_Mean 0.0913417
Model_1_goa_dr_2022.dat 1 2025 F0 0 
Model_1_goa_dr_2022.dat 1 2025 Fabc 0.0913417
Model_1_goa_dr_2022.dat 1 2025 Fofl 0.112301
Model_1_goa_dr_2022.dat 1 2025  F_LCI 0.0913417
Model_1_goa_dr_2022.dat 1 2025  F_UCI 0.0913417
Model_1_goa_dr_2022.dat 1 2025  F_Median 0.0913417
Model_1_goa_dr_2022.dat 1 2025  F_Mean 0.0913417
Model_1_goa_dr_2022.dat 1 2026 F0 0 
Model_1_goa_dr_2022.dat 1 2026 Fabc 0.0913417
Model_1_goa_dr_2022.dat 1 2026 Fofl 0.112301
Model_1_goa_dr_2022.dat 1 2026  F_LCI 0.0913417
Model_1_goa_dr_2022.dat 1 2026  F_UCI 0.0913417
Model_1_goa_dr_2022.dat 1 2026  F_Median 0.0913417
Model_1_goa_dr_2022.dat 1 2026  F_Mean 0.0913417
Model_1_goa_dr_2022.dat 1 2027 F0 0 
Model_1_goa_dr_2022.dat 1 2027 Fabc 0.0913417
Model_1_goa_dr_2022.dat 1 2027 Fofl 0.112301
Model_1_goa_dr_2022.dat 1 2027  F_LCI 0.0913417
Model_1_goa_dr_2022.dat 1 2027  F_UCI 0.0913417
Model_1_goa_dr_2022.dat 1 2027  F_Median 0.0913417
Model_1_goa_dr_2022.dat 1 2027  F_Mean 0.0913417
Model_1_goa_dr_2022.dat 1 2028 F0 0 
Model_1_goa_dr_2022.dat 1 2028 Fabc 0.0913417
Model_1_goa_dr_2022.dat 1 2028 Fofl 0.112301
Model_1_goa_dr_2022.dat 1 2028  F_LCI 0.0913417
Model_1_goa_dr_2022.dat 1 2028  F_UCI 0.0913417
Model_1_goa_dr_2022.dat 1 2028  F_Median 0.0913417
Model_1_goa_dr_2022.dat 1 2028  F_Mean 0.0913417
Model_1_goa_dr_2022.dat 1 2029 F0 0 
Model_1_goa_dr_2022.dat 1 2029 Fabc 0.0913417
Model_1_goa_dr_2022.dat 1 2029 Fofl 0.112301
Model_1_goa_dr_2022.dat 1 2029  F_LCI 0.0896261
Model_1_goa_dr_2022.dat 1 2029  F_UCI 0.0913417
Model_1_goa_dr_2022.dat 1 2029  F_Median 0.0913417
Model_1_goa_dr_2022.dat 1 2029  F_Mean 0.0911053
Model_1_goa_dr_2022.dat 1 2030 F0 0 
Model_1_goa_dr_2022.dat 1 2030 Fabc 0.0913417
Model_1_goa_dr_2022.dat 1 2030 Fofl 0.112301
Model_1_goa_dr_2022.dat 1 2030  F_LCI 0.0831622
Model_1_goa_dr_2022.dat 1 2030  F_UCI 0.0913417
Model_1_goa_dr_2022.dat 1 2030  F_Median 0.0895521
Model_1_goa_dr_2022.dat 1 2030  F_Mean 0.0886428
Model_1_goa_dr_2022.dat 1 2031 F0 0 
Model_1_goa_dr_2022.dat 1 2031 Fabc 0.0913417
Model_1_goa_dr_2022.dat 1 2031 Fofl 0.112301
Model_1_goa_dr_2022.dat 1 2031  F_LCI 0.0789738
Model_1_goa_dr_2022.dat 1 2031  F_UCI 0.0913417
Model_1_goa_dr_2022.dat 1 2031  F_Median 0.0874092
Model_1_goa_dr_2022.dat 1 2031  F_Mean 0.0866953
Model_1_goa_dr_2022.dat 1 2032 F0 0 
Model_1_goa_dr_2022.dat 1 2032 Fabc 0.0913417
Model_1_goa_dr_2022.dat 1 2032 Fofl 0.112301
Model_1_goa_dr_2022.dat 1 2032  F_LCI 0.0760784
Model_1_goa_dr_2022.dat 1 2032  F_UCI 0.0913417
Model_1_goa_dr_2022.dat 1 2032  F_Median 0.0865407
Model_1_goa_dr_2022.dat 1 2032  F_Mean 0.0857171
Model_1_goa_dr_2022.dat 1 2033 F0 0 
Model_1_goa_dr_2022.dat 1 2033 Fabc 0.0913417
Model_1_goa_dr_2022.dat 1 2033 Fofl 0.112301
Model_1_goa_dr_2022.dat 1 2033  F_LCI 0.0740815
Model_1_goa_dr_2022.dat 1 2033  F_UCI 0.0913417
Model_1_goa_dr_2022.dat 1 2033  F_Median 0.086577
Model_1_goa_dr_2022.dat 1 2033  F_Mean 0.085358
Model_1_goa_dr_2022.dat 1 2034 F0 0 
Model_1_goa_dr_2022.dat 1 2034 Fabc 0.0913417
Model_1_goa_dr_2022.dat 1 2034 Fofl 0.112301
Model_1_goa_dr_2022.dat 1 2034  F_LCI 0.0733003
Model_1_goa_dr_2022.dat 1 2034  F_UCI 0.0913417
Model_1_goa_dr_2022.dat 1 2034  F_Median 0.0869501
Model_1_goa_dr_2022.dat 1 2034  F_Mean 0.0853603
Model_1_goa_dr_2022.dat 1 2035 F0 0 
Model_1_goa_dr_2022.dat 1 2035 Fabc 0.0913417
Model_1_goa_dr_2022.dat 1 2035 Fofl 0.112301
Model_1_goa_dr_2022.dat 1 2035  F_LCI 0.0729464
Model_1_goa_dr_2022.dat 1 2035  F_UCI 0.0913417
Model_1_goa_dr_2022.dat 1 2035  F_Median 0.0873774
Model_1_goa_dr_2022.dat 1 2035  F_Mean 0.0855164
Model_1_goa_dr_2022.dat 2 2022 Cabc 4.6223
Model_1_goa_dr_2022.dat 2 2022 Cofl 4.9419
Model_1_goa_dr_2022.dat 2 2022 CLCI 2.64385
Model_1_goa_dr_2022.dat 2 2022 CUCI 2.64385
Model_1_goa_dr_2022.dat 2 2022 CMedian 2.64385
Model_1_goa_dr_2022.dat 2 2022 CMean 2.64385
Model_1_goa_dr_2022.dat 2 2023 Cabc 4.6223
Model_1_goa_dr_2022.dat 2 2023 Cofl 4.9419
Model_1_goa_dr_2022.dat 2 2023 CLCI 7.91649
Model_1_goa_dr_2022.dat 2 2023 CUCI 7.91669
Model_1_goa_dr_2022.dat 2 2023 CMedian 7.91654
Model_1_goa_dr_2022.dat 2 2023 CMean 7.91656
Model_1_goa_dr_2022.dat 2 2024 Cabc 4.6223
Model_1_goa_dr_2022.dat 2 2024 Cofl 4.9419
Model_1_goa_dr_2022.dat 2 2024 CLCI 7.2612
Model_1_goa_dr_2022.dat 2 2024 CUCI 7.26227
Model_1_goa_dr_2022.dat 2 2024 CMedian 7.26151
Model_1_goa_dr_2022.dat 2 2024 CMean 7.26159
Model_1_goa_dr_2022.dat 2 2025 Cabc 4.6223
Model_1_goa_dr_2022.dat 2 2025 Cofl 4.9419
Model_1_goa_dr_2022.dat 2 2025 CLCI 6.61534
Model_1_goa_dr_2022.dat 2 2025 CUCI 6.62016
Model_1_goa_dr_2022.dat 2 2025 CMedian 6.61671
Model_1_goa_dr_2022.dat 2 2025 CMean 6.61709
Model_1_goa_dr_2022.dat 2 2026 Cabc 4.6223
Model_1_goa_dr_2022.dat 2 2026 Cofl 4.9419
Model_1_goa_dr_2022.dat 2 2026 CLCI 5.98474
Model_1_goa_dr_2022.dat 2 2026 CUCI 6.0038
Model_1_goa_dr_2022.dat 2 2026 CMedian 5.99029
Model_1_goa_dr_2022.dat 2 2026 CMean 5.99177
Model_1_goa_dr_2022.dat 2 2027 Cabc 4.6223
Model_1_goa_dr_2022.dat 2 2027 Cofl 4.9419
Model_1_goa_dr_2022.dat 2 2027 CLCI 5.39356
Model_1_goa_dr_2022.dat 2 2027 CUCI 5.46271
Model_1_goa_dr_2022.dat 2 2027 CMedian 5.41387
Model_1_goa_dr_2022.dat 2 2027 CMean 5.41922
Model_1_goa_dr_2022.dat 2 2028 Cabc 4.6223
Model_1_goa_dr_2022.dat 2 2028 Cofl 4.9419
Model_1_goa_dr_2022.dat 2 2028 CLCI 4.86881
Model_1_goa_dr_2022.dat 2 2028 CUCI 5.08334
Model_1_goa_dr_2022.dat 2 2028 CMedian 4.93319
Model_1_goa_dr_2022.dat 2 2028 CMean 4.95028
Model_1_goa_dr_2022.dat 2 2029 Cabc 4.6223
Model_1_goa_dr_2022.dat 2 2029 Cofl 4.9419
Model_1_goa_dr_2022.dat 2 2029 CLCI 4.35217
Model_1_goa_dr_2022.dat 2 2029 CUCI 4.96579
Model_1_goa_dr_2022.dat 2 2029 CMedian 4.5987
Model_1_goa_dr_2022.dat 2 2029 CMean 4.62573
Model_1_goa_dr_2022.dat 2 2030 Cabc 4.6223
Model_1_goa_dr_2022.dat 2 2030 Cofl 4.9419
Model_1_goa_dr_2022.dat 2 2030 CLCI 3.75875
Model_1_goa_dr_2022.dat 2 2030 CUCI 5.0731
Model_1_goa_dr_2022.dat 2 2030 CMedian 4.34162
Model_1_goa_dr_2022.dat 2 2030 CMean 4.36475
Model_1_goa_dr_2022.dat 2 2031 Cabc 4.6223
Model_1_goa_dr_2022.dat 2 2031 Cofl 4.9419
Model_1_goa_dr_2022.dat 2 2031 CLCI 3.40981
Model_1_goa_dr_2022.dat 2 2031 CUCI 5.24498
Model_1_goa_dr_2022.dat 2 2031 CMedian 4.1526
Model_1_goa_dr_2022.dat 2 2031 CMean 4.24181
Model_1_goa_dr_2022.dat 2 2032 Cabc 4.6223
Model_1_goa_dr_2022.dat 2 2032 Cofl 4.9419
Model_1_goa_dr_2022.dat 2 2032 CLCI 3.18746
Model_1_goa_dr_2022.dat 2 2032 CUCI 5.40218
Model_1_goa_dr_2022.dat 2 2032 CMedian 4.12382
Model_1_goa_dr_2022.dat 2 2032 CMean 4.21075
Model_1_goa_dr_2022.dat 2 2033 Cabc 4.6223
Model_1_goa_dr_2022.dat 2 2033 Cofl 4.9419
Model_1_goa_dr_2022.dat 2 2033 CLCI 3.03182
Model_1_goa_dr_2022.dat 2 2033 CUCI 5.54746
Model_1_goa_dr_2022.dat 2 2033 CMedian 4.13854
Model_1_goa_dr_2022.dat 2 2033 CMean 4.22055
Model_1_goa_dr_2022.dat 2 2034 Cabc 4.6223
Model_1_goa_dr_2022.dat 2 2034 Cofl 4.9419
Model_1_goa_dr_2022.dat 2 2034 CLCI 2.97849
Model_1_goa_dr_2022.dat 2 2034 CUCI 5.6379
Model_1_goa_dr_2022.dat 2 2034 CMedian 4.20237
Model_1_goa_dr_2022.dat 2 2034 CMean 4.24851
Model_1_goa_dr_2022.dat 2 2035 Cabc 4.6223
Model_1_goa_dr_2022.dat 2 2035 Cofl 4.9419
Model_1_goa_dr_2022.dat 2 2035 CLCI 2.9409
Model_1_goa_dr_2022.dat 2 2035 CUCI 5.73525
Model_1_goa_dr_2022.dat 2 2035 CMedian 4.24086
Model_1_goa_dr_2022.dat 2 2035 CMean 4.28556
Model_1_goa_dr_2022.dat 2 2022 SSBF100 65.5649
Model_1_goa_dr_2022.dat 2 2022 SSBFabc 26.2259
Model_1_goa_dr_2022.dat 2 2022 SSBFofl 22.9477
Model_1_goa_dr_2022.dat 2 2022 SSBLCI 45.051
Model_1_goa_dr_2022.dat 2 2022 SSBUCI 45.051
Model_1_goa_dr_2022.dat 2 2022 SSBMedian 45.051
Model_1_goa_dr_2022.dat 2 2022 SSBMean 45.051
Model_1_goa_dr_2022.dat 2 2023 SSBF100 65.5649
Model_1_goa_dr_2022.dat 2 2023 SSBFabc 26.2259
Model_1_goa_dr_2022.dat 2 2023 SSBFofl 22.9477
Model_1_goa_dr_2022.dat 2 2023 SSBLCI 44.2232
Model_1_goa_dr_2022.dat 2 2023 SSBUCI 44.25
Model_1_goa_dr_2022.dat 2 2023 SSBMedian 44.2301
Model_1_goa_dr_2022.dat 2 2023 SSBMean 44.2326
Model_1_goa_dr_2022.dat 2 2024 SSBF100 65.5649
Model_1_goa_dr_2022.dat 2 2024 SSBFabc 26.2259
Model_1_goa_dr_2022.dat 2 2024 SSBFofl 22.9477
Model_1_goa_dr_2022.dat 2 2024 SSBLCI 40.8365
Model_1_goa_dr_2022.dat 2 2024 SSBUCI 40.9228
Model_1_goa_dr_2022.dat 2 2024 SSBMedian 40.8623
Model_1_goa_dr_2022.dat 2 2024 SSBMean 40.8691
Model_1_goa_dr_2022.dat 2 2025 SSBF100 65.5649
Model_1_goa_dr_2022.dat 2 2025 SSBFabc 26.2259
Model_1_goa_dr_2022.dat 2 2025 SSBFofl 22.9477
Model_1_goa_dr_2022.dat 2 2025 SSBLCI 37.3794
Model_1_goa_dr_2022.dat 2 2025 SSBUCI 37.6096
Model_1_goa_dr_2022.dat 2 2025 SSBMedian 37.4493
Model_1_goa_dr_2022.dat 2 2025 SSBMean 37.4679
Model_1_goa_dr_2022.dat 2 2026 SSBF100 65.5649
Model_1_goa_dr_2022.dat 2 2026 SSBFabc 26.2259
Model_1_goa_dr_2022.dat 2 2026 SSBFofl 22.9477
Model_1_goa_dr_2022.dat 2 2026 SSBLCI 34.0078
Model_1_goa_dr_2022.dat 2 2026 SSBUCI 34.5432
Model_1_goa_dr_2022.dat 2 2026 SSBMedian 34.1784
Model_1_goa_dr_2022.dat 2 2026 SSBMean 34.2171
Model_1_goa_dr_2022.dat 2 2027 SSBF100 65.5649
Model_1_goa_dr_2022.dat 2 2027 SSBFabc 26.2259
Model_1_goa_dr_2022.dat 2 2027 SSBFofl 22.9477
Model_1_goa_dr_2022.dat 2 2027 SSBLCI 30.8652
Model_1_goa_dr_2022.dat 2 2027 SSBUCI 31.9978
Model_1_goa_dr_2022.dat 2 2027 SSBMedian 31.2422
Model_1_goa_dr_2022.dat 2 2027 SSBMean 31.3112
Model_1_goa_dr_2022.dat 2 2028 SSBF100 65.5649
Model_1_goa_dr_2022.dat 2 2028 SSBFabc 26.2259
Model_1_goa_dr_2022.dat 2 2028 SSBFofl 22.9477
Model_1_goa_dr_2022.dat 2 2028 SSBLCI 28.0774
Model_1_goa_dr_2022.dat 2 2028 SSBUCI 30.2168
Model_1_goa_dr_2022.dat 2 2028 SSBMedian 28.7919
Model_1_goa_dr_2022.dat 2 2028 SSBMean 28.9326
Model_1_goa_dr_2022.dat 2 2029 SSBF100 65.5649
Model_1_goa_dr_2022.dat 2 2029 SSBFabc 26.2259
Model_1_goa_dr_2022.dat 2 2029 SSBFofl 22.9477
Model_1_goa_dr_2022.dat 2 2029 SSBLCI 25.758
Model_1_goa_dr_2022.dat 2 2029 SSBUCI 29.3903
Model_1_goa_dr_2022.dat 2 2029 SSBMedian 26.9721
Model_1_goa_dr_2022.dat 2 2029 SSBMean 27.1991
Model_1_goa_dr_2022.dat 2 2030 SSBF100 65.5649
Model_1_goa_dr_2022.dat 2 2030 SSBFabc 26.2259
Model_1_goa_dr_2022.dat 2 2030 SSBFofl 22.9477
Model_1_goa_dr_2022.dat 2 2030 SSBLCI 23.9949
Model_1_goa_dr_2022.dat 2 2030 SSBUCI 29.2404
Model_1_goa_dr_2022.dat 2 2030 SSBMedian 25.7378
Model_1_goa_dr_2022.dat 2 2030 SSBMean 26.1229
Model_1_goa_dr_2022.dat 2 2031 SSBF100 65.5649
Model_1_goa_dr_2022.dat 2 2031 SSBFabc 26.2259
Model_1_goa_dr_2022.dat 2 2031 SSBFofl 22.9477
Model_1_goa_dr_2022.dat 2 2031 SSBLCI 22.8525
Model_1_goa_dr_2022.dat 2 2031 SSBUCI 29.7248
Model_1_goa_dr_2022.dat 2 2031 SSBMedian 25.1533
Model_1_goa_dr_2022.dat 2 2031 SSBMean 25.6008
Model_1_goa_dr_2022.dat 2 2032 SSBF100 65.5649
Model_1_goa_dr_2022.dat 2 2032 SSBFabc 26.2259
Model_1_goa_dr_2022.dat 2 2032 SSBFofl 22.9477
Model_1_goa_dr_2022.dat 2 2032 SSBLCI 22.0627
Model_1_goa_dr_2022.dat 2 2032 SSBUCI 30.3805
Model_1_goa_dr_2022.dat 2 2032 SSBMedian 24.9164
Model_1_goa_dr_2022.dat 2 2032 SSBMean 25.433
Model_1_goa_dr_2022.dat 2 2033 SSBF100 65.5649
Model_1_goa_dr_2022.dat 2 2033 SSBFabc 26.2259
Model_1_goa_dr_2022.dat 2 2033 SSBFofl 22.9477
Model_1_goa_dr_2022.dat 2 2033 SSBLCI 21.518
Model_1_goa_dr_2022.dat 2 2033 SSBUCI 31.0612
Model_1_goa_dr_2022.dat 2 2033 SSBMedian 24.9263
Model_1_goa_dr_2022.dat 2 2033 SSBMean 25.4563
Model_1_goa_dr_2022.dat 2 2034 SSBF100 65.5649
Model_1_goa_dr_2022.dat 2 2034 SSBFabc 26.2259
Model_1_goa_dr_2022.dat 2 2034 SSBFofl 22.9477
Model_1_goa_dr_2022.dat 2 2034 SSBLCI 21.3049
Model_1_goa_dr_2022.dat 2 2034 SSBUCI 31.5825
Model_1_goa_dr_2022.dat 2 2034 SSBMedian 25.0281
Model_1_goa_dr_2022.dat 2 2034 SSBMean 25.5701
Model_1_goa_dr_2022.dat 2 2035 SSBF100 65.5649
Model_1_goa_dr_2022.dat 2 2035 SSBFabc 26.2259
Model_1_goa_dr_2022.dat 2 2035 SSBFofl 22.9477
Model_1_goa_dr_2022.dat 2 2035 SSBLCI 21.2084
Model_1_goa_dr_2022.dat 2 2035 SSBUCI 31.966
Model_1_goa_dr_2022.dat 2 2035 SSBMedian 25.1446
Model_1_goa_dr_2022.dat 2 2035 SSBMean 25.7235
Model_1_goa_dr_2022.dat 2 2022 F0 0 
Model_1_goa_dr_2022.dat 2 2022 Fabc 0.0913417
Model_1_goa_dr_2022.dat 2 2022 Fofl 0.112301
Model_1_goa_dr_2022.dat 2 2022  F_LCI 0.0291545
Model_1_goa_dr_2022.dat 2 2022  F_UCI 0.0291545
Model_1_goa_dr_2022.dat 2 2022  F_Median 0.0291545
Model_1_goa_dr_2022.dat 2 2022  F_Mean 0.0291545
Model_1_goa_dr_2022.dat 2 2023 F0 0 
Model_1_goa_dr_2022.dat 2 2023 Fabc 0.0913417
Model_1_goa_dr_2022.dat 2 2023 Fofl 0.112301
Model_1_goa_dr_2022.dat 2 2023  F_LCI 0.0913417
Model_1_goa_dr_2022.dat 2 2023  F_UCI 0.0913417
Model_1_goa_dr_2022.dat 2 2023  F_Median 0.0913417
Model_1_goa_dr_2022.dat 2 2023  F_Mean 0.0913417
Model_1_goa_dr_2022.dat 2 2024 F0 0 
Model_1_goa_dr_2022.dat 2 2024 Fabc 0.0913417
Model_1_goa_dr_2022.dat 2 2024 Fofl 0.112301
Model_1_goa_dr_2022.dat 2 2024  F_LCI 0.0913417
Model_1_goa_dr_2022.dat 2 2024  F_UCI 0.0913417
Model_1_goa_dr_2022.dat 2 2024  F_Median 0.0913417
Model_1_goa_dr_2022.dat 2 2024  F_Mean 0.0913417
Model_1_goa_dr_2022.dat 2 2025 F0 0 
Model_1_goa_dr_2022.dat 2 2025 Fabc 0.0913417
Model_1_goa_dr_2022.dat 2 2025 Fofl 0.112301
Model_1_goa_dr_2022.dat 2 2025  F_LCI 0.0913417
Model_1_goa_dr_2022.dat 2 2025  F_UCI 0.0913417
Model_1_goa_dr_2022.dat 2 2025  F_Median 0.0913417
Model_1_goa_dr_2022.dat 2 2025  F_Mean 0.0913417
Model_1_goa_dr_2022.dat 2 2026 F0 0 
Model_1_goa_dr_2022.dat 2 2026 Fabc 0.0913417
Model_1_goa_dr_2022.dat 2 2026 Fofl 0.112301
Model_1_goa_dr_2022.dat 2 2026  F_LCI 0.0913417
Model_1_goa_dr_2022.dat 2 2026  F_UCI 0.0913417
Model_1_goa_dr_2022.dat 2 2026  F_Median 0.0913417
Model_1_goa_dr_2022.dat 2 2026  F_Mean 0.0913417
Model_1_goa_dr_2022.dat 2 2027 F0 0 
Model_1_goa_dr_2022.dat 2 2027 Fabc 0.0913417
Model_1_goa_dr_2022.dat 2 2027 Fofl 0.112301
Model_1_goa_dr_2022.dat 2 2027  F_LCI 0.0913417
Model_1_goa_dr_2022.dat 2 2027  F_UCI 0.0913417
Model_1_goa_dr_2022.dat 2 2027  F_Median 0.0913417
Model_1_goa_dr_2022.dat 2 2027  F_Mean 0.0913417
Model_1_goa_dr_2022.dat 2 2028 F0 0 
Model_1_goa_dr_2022.dat 2 2028 Fabc 0.0913417
Model_1_goa_dr_2022.dat 2 2028 Fofl 0.112301
Model_1_goa_dr_2022.dat 2 2028  F_LCI 0.0913417
Model_1_goa_dr_2022.dat 2 2028  F_UCI 0.0913417
Model_1_goa_dr_2022.dat 2 2028  F_Median 0.0913417
Model_1_goa_dr_2022.dat 2 2028  F_Mean 0.0913417
Model_1_goa_dr_2022.dat 2 2029 F0 0 
Model_1_goa_dr_2022.dat 2 2029 Fabc 0.0913417
Model_1_goa_dr_2022.dat 2 2029 Fofl 0.112301
Model_1_goa_dr_2022.dat 2 2029  F_LCI 0.0896261
Model_1_goa_dr_2022.dat 2 2029  F_UCI 0.0913417
Model_1_goa_dr_2022.dat 2 2029  F_Median 0.0913417
Model_1_goa_dr_2022.dat 2 2029  F_Mean 0.0911053
Model_1_goa_dr_2022.dat 2 2030 F0 0 
Model_1_goa_dr_2022.dat 2 2030 Fabc 0.0913417
Model_1_goa_dr_2022.dat 2 2030 Fofl 0.112301
Model_1_goa_dr_2022.dat 2 2030  F_LCI 0.0831622
Model_1_goa_dr_2022.dat 2 2030  F_UCI 0.0913417
Model_1_goa_dr_2022.dat 2 2030  F_Median 0.0895521
Model_1_goa_dr_2022.dat 2 2030  F_Mean 0.0886428
Model_1_goa_dr_2022.dat 2 2031 F0 0 
Model_1_goa_dr_2022.dat 2 2031 Fabc 0.0913417
Model_1_goa_dr_2022.dat 2 2031 Fofl 0.112301
Model_1_goa_dr_2022.dat 2 2031  F_LCI 0.0789738
Model_1_goa_dr_2022.dat 2 2031  F_UCI 0.0913417
Model_1_goa_dr_2022.dat 2 2031  F_Median 0.0874092
Model_1_goa_dr_2022.dat 2 2031  F_Mean 0.0866953
Model_1_goa_dr_2022.dat 2 2032 F0 0 
Model_1_goa_dr_2022.dat 2 2032 Fabc 0.0913417
Model_1_goa_dr_2022.dat 2 2032 Fofl 0.112301
Model_1_goa_dr_2022.dat 2 2032  F_LCI 0.0760784
Model_1_goa_dr_2022.dat 2 2032  F_UCI 0.0913417
Model_1_goa_dr_2022.dat 2 2032  F_Median 0.0865407
Model_1_goa_dr_2022.dat 2 2032  F_Mean 0.0857171
Model_1_goa_dr_2022.dat 2 2033 F0 0 
Model_1_goa_dr_2022.dat 2 2033 Fabc 0.0913417
Model_1_goa_dr_2022.dat 2 2033 Fofl 0.112301
Model_1_goa_dr_2022.dat 2 2033  F_LCI 0.0740815
Model_1_goa_dr_2022.dat 2 2033  F_UCI 0.0913417
Model_1_goa_dr_2022.dat 2 2033  F_Median 0.086577
Model_1_goa_dr_2022.dat 2 2033  F_Mean 0.085358
Model_1_goa_dr_2022.dat 2 2034 F0 0 
Model_1_goa_dr_2022.dat 2 2034 Fabc 0.0913417
Model_1_goa_dr_2022.dat 2 2034 Fofl 0.112301
Model_1_goa_dr_2022.dat 2 2034  F_LCI 0.0733003
Model_1_goa_dr_2022.dat 2 2034  F_UCI 0.0913417
Model_1_goa_dr_2022.dat 2 2034  F_Median 0.0869501
Model_1_goa_dr_2022.dat 2 2034  F_Mean 0.0853603
Model_1_goa_dr_2022.dat 2 2035 F0 0 
Model_1_goa_dr_2022.dat 2 2035 Fabc 0.0913417
Model_1_goa_dr_2022.dat 2 2035 Fofl 0.112301
Model_1_goa_dr_2022.dat 2 2035  F_LCI 0.0729464
Model_1_goa_dr_2022.dat 2 2035  F_UCI 0.0913417
Model_1_goa_dr_2022.dat 2 2035  F_Median 0.0873774
Model_1_goa_dr_2022.dat 2 2035  F_Mean 0.0855164
Model_1_goa_dr_2022.dat 3 2022 Cabc 4.6223
Model_1_goa_dr_2022.dat 3 2022 Cofl 4.9419
Model_1_goa_dr_2022.dat 3 2022 CLCI 2.64385
Model_1_goa_dr_2022.dat 3 2022 CUCI 2.64385
Model_1_goa_dr_2022.dat 3 2022 CMedian 2.64385
Model_1_goa_dr_2022.dat 3 2022 CMean 2.64385
Model_1_goa_dr_2022.dat 3 2023 Cabc 4.6223
Model_1_goa_dr_2022.dat 3 2023 Cofl 4.9419
Model_1_goa_dr_2022.dat 3 2023 CLCI 4.04438
Model_1_goa_dr_2022.dat 3 2023 CUCI 4.04448
Model_1_goa_dr_2022.dat 3 2023 CMedian 4.04441
Model_1_goa_dr_2022.dat 3 2023 CMean 4.04441
Model_1_goa_dr_2022.dat 3 2024 Cabc 4.6223
Model_1_goa_dr_2022.dat 3 2024 Cofl 4.9419
Model_1_goa_dr_2022.dat 3 2024 CLCI 3.87313
Model_1_goa_dr_2022.dat 3 2024 CUCI 3.87366
Model_1_goa_dr_2022.dat 3 2024 CMedian 3.87328
Model_1_goa_dr_2022.dat 3 2024 CMean 3.87332
Model_1_goa_dr_2022.dat 3 2025 Cabc 4.6223
Model_1_goa_dr_2022.dat 3 2025 Cofl 4.9419
Model_1_goa_dr_2022.dat 3 2025 CLCI 3.6806
Model_1_goa_dr_2022.dat 3 2025 CUCI 3.68301
Model_1_goa_dr_2022.dat 3 2025 CMedian 3.68129
Model_1_goa_dr_2022.dat 3 2025 CMean 3.68148
Model_1_goa_dr_2022.dat 3 2026 Cabc 4.6223
Model_1_goa_dr_2022.dat 3 2026 Cofl 4.9419
Model_1_goa_dr_2022.dat 3 2026 CLCI 3.47024
Model_1_goa_dr_2022.dat 3 2026 CUCI 3.47978
Model_1_goa_dr_2022.dat 3 2026 CMedian 3.47302
Model_1_goa_dr_2022.dat 3 2026 CMean 3.47376
Model_1_goa_dr_2022.dat 3 2027 Cabc 4.6223
Model_1_goa_dr_2022.dat 3 2027 Cofl 4.9419
Model_1_goa_dr_2022.dat 3 2027 CLCI 3.25558
Model_1_goa_dr_2022.dat 3 2027 CUCI 3.29025
Model_1_goa_dr_2022.dat 3 2027 CMedian 3.26577
Model_1_goa_dr_2022.dat 3 2027 CMean 3.26845
Model_1_goa_dr_2022.dat 3 2028 Cabc 4.6223
Model_1_goa_dr_2022.dat 3 2028 Cofl 4.9419
Model_1_goa_dr_2022.dat 3 2028 CLCI 3.05292
Model_1_goa_dr_2022.dat 3 2028 CUCI 3.16102
Model_1_goa_dr_2022.dat 3 2028 CMedian 3.08524
Model_1_goa_dr_2022.dat 3 2028 CMean 3.09393
Model_1_goa_dr_2022.dat 3 2029 Cabc 4.6223
Model_1_goa_dr_2022.dat 3 2029 Cofl 4.9419
Model_1_goa_dr_2022.dat 3 2029 CLCI 2.87549
Model_1_goa_dr_2022.dat 3 2029 CUCI 3.14941
Model_1_goa_dr_2022.dat 3 2029 CMedian 2.96125
Model_1_goa_dr_2022.dat 3 2029 CMean 2.98064
Model_1_goa_dr_2022.dat 3 2030 Cabc 4.6223
Model_1_goa_dr_2022.dat 3 2030 Cofl 4.9419
Model_1_goa_dr_2022.dat 3 2030 CLCI 2.7383
Model_1_goa_dr_2022.dat 3 2030 CUCI 3.24314
Model_1_goa_dr_2022.dat 3 2030 CMedian 2.90483
Model_1_goa_dr_2022.dat 3 2030 CMean 2.93759
Model_1_goa_dr_2022.dat 3 2031 Cabc 4.6223
Model_1_goa_dr_2022.dat 3 2031 Cofl 4.9419
Model_1_goa_dr_2022.dat 3 2031 CLCI 2.64915
Model_1_goa_dr_2022.dat 3 2031 CUCI 3.36655
Model_1_goa_dr_2022.dat 3 2031 CMedian 2.89111
Model_1_goa_dr_2022.dat 3 2031 CMean 2.94052
Model_1_goa_dr_2022.dat 3 2032 Cabc 4.6223
Model_1_goa_dr_2022.dat 3 2032 Cofl 4.9419
Model_1_goa_dr_2022.dat 3 2032 CLCI 2.58658
Model_1_goa_dr_2022.dat 3 2032 CUCI 3.50339
Model_1_goa_dr_2022.dat 3 2032 CMedian 2.90465
Model_1_goa_dr_2022.dat 3 2032 CMean 2.96321
Model_1_goa_dr_2022.dat 3 2033 Cabc 4.6223
Model_1_goa_dr_2022.dat 3 2033 Cofl 4.9419
Model_1_goa_dr_2022.dat 3 2033 CLCI 2.5365
Model_1_goa_dr_2022.dat 3 2033 CUCI 3.61464
Model_1_goa_dr_2022.dat 3 2033 CMedian 2.93522
Model_1_goa_dr_2022.dat 3 2033 CMean 2.99119
Model_1_goa_dr_2022.dat 3 2034 Cabc 4.6223
Model_1_goa_dr_2022.dat 3 2034 Cofl 4.9419
Model_1_goa_dr_2022.dat 3 2034 CLCI 2.49996
Model_1_goa_dr_2022.dat 3 2034 CUCI 3.69763
Model_1_goa_dr_2022.dat 3 2034 CMedian 2.96692
Model_1_goa_dr_2022.dat 3 2034 CMean 3.0196
Model_1_goa_dr_2022.dat 3 2035 Cabc 4.6223
Model_1_goa_dr_2022.dat 3 2035 Cofl 4.9419
Model_1_goa_dr_2022.dat 3 2035 CLCI 2.48126
Model_1_goa_dr_2022.dat 3 2035 CUCI 3.76838
Model_1_goa_dr_2022.dat 3 2035 CMedian 2.99832
Model_1_goa_dr_2022.dat 3 2035 CMean 3.04894
Model_1_goa_dr_2022.dat 3 2022 SSBF100 65.5649
Model_1_goa_dr_2022.dat 3 2022 SSBFabc 26.2259
Model_1_goa_dr_2022.dat 3 2022 SSBFofl 22.9477
Model_1_goa_dr_2022.dat 3 2022 SSBLCI 45.051
Model_1_goa_dr_2022.dat 3 2022 SSBUCI 45.051
Model_1_goa_dr_2022.dat 3 2022 SSBMedian 45.051
Model_1_goa_dr_2022.dat 3 2022 SSBMean 45.051
Model_1_goa_dr_2022.dat 3 2023 SSBF100 65.5649
Model_1_goa_dr_2022.dat 3 2023 SSBFabc 26.2259
Model_1_goa_dr_2022.dat 3 2023 SSBFofl 22.9477
Model_1_goa_dr_2022.dat 3 2023 SSBLCI 44.5472
Model_1_goa_dr_2022.dat 3 2023 SSBUCI 44.574
Model_1_goa_dr_2022.dat 3 2023 SSBMedian 44.5541
Model_1_goa_dr_2022.dat 3 2023 SSBMean 44.5566
Model_1_goa_dr_2022.dat 3 2024 SSBF100 65.5649
Model_1_goa_dr_2022.dat 3 2024 SSBFabc 26.2259
Model_1_goa_dr_2022.dat 3 2024 SSBFofl 22.9477
Model_1_goa_dr_2022.dat 3 2024 SSBLCI 42.9408
Model_1_goa_dr_2022.dat 3 2024 SSBUCI 43.027
Model_1_goa_dr_2022.dat 3 2024 SSBMedian 42.9666
Model_1_goa_dr_2022.dat 3 2024 SSBMean 42.9734
Model_1_goa_dr_2022.dat 3 2025 SSBF100 65.5649
Model_1_goa_dr_2022.dat 3 2025 SSBFabc 26.2259
Model_1_goa_dr_2022.dat 3 2025 SSBFofl 22.9477
Model_1_goa_dr_2022.dat 3 2025 SSBLCI 40.9977
Model_1_goa_dr_2022.dat 3 2025 SSBUCI 41.228
Model_1_goa_dr_2022.dat 3 2025 SSBMedian 41.0676
Model_1_goa_dr_2022.dat 3 2025 SSBMean 41.0863
Model_1_goa_dr_2022.dat 3 2026 SSBF100 65.5649
Model_1_goa_dr_2022.dat 3 2026 SSBFabc 26.2259
Model_1_goa_dr_2022.dat 3 2026 SSBFofl 22.9477
Model_1_goa_dr_2022.dat 3 2026 SSBLCI 38.866
Model_1_goa_dr_2022.dat 3 2026 SSBUCI 39.4017
Model_1_goa_dr_2022.dat 3 2026 SSBMedian 39.0367
Model_1_goa_dr_2022.dat 3 2026 SSBMean 39.0754
Model_1_goa_dr_2022.dat 3 2027 SSBF100 65.5649
Model_1_goa_dr_2022.dat 3 2027 SSBFabc 26.2259
Model_1_goa_dr_2022.dat 3 2027 SSBFofl 22.9477
Model_1_goa_dr_2022.dat 3 2027 SSBLCI 36.6992
Model_1_goa_dr_2022.dat 3 2027 SSBUCI 37.8339
Model_1_goa_dr_2022.dat 3 2027 SSBMedian 37.0768
Model_1_goa_dr_2022.dat 3 2027 SSBMean 37.1459
Model_1_goa_dr_2022.dat 3 2028 SSBF100 65.5649
Model_1_goa_dr_2022.dat 3 2028 SSBFabc 26.2259
Model_1_goa_dr_2022.dat 3 2028 SSBFofl 22.9477
Model_1_goa_dr_2022.dat 3 2028 SSBLCI 34.6455
Model_1_goa_dr_2022.dat 3 2028 SSBUCI 36.799
Model_1_goa_dr_2022.dat 3 2028 SSBMedian 35.362
Model_1_goa_dr_2022.dat 3 2028 SSBMean 35.5048
Model_1_goa_dr_2022.dat 3 2029 SSBF100 65.5649
Model_1_goa_dr_2022.dat 3 2029 SSBFabc 26.2259
Model_1_goa_dr_2022.dat 3 2029 SSBFofl 22.9477
Model_1_goa_dr_2022.dat 3 2029 SSBLCI 32.8426
Model_1_goa_dr_2022.dat 3 2029 SSBUCI 36.5481
Model_1_goa_dr_2022.dat 3 2029 SSBMedian 34.0789
Model_1_goa_dr_2022.dat 3 2029 SSBMean 34.3085
Model_1_goa_dr_2022.dat 3 2030 SSBF100 65.5649
Model_1_goa_dr_2022.dat 3 2030 SSBFabc 26.2259
Model_1_goa_dr_2022.dat 3 2030 SSBFofl 22.9477
Model_1_goa_dr_2022.dat 3 2030 SSBLCI 31.3805
Model_1_goa_dr_2022.dat 3 2030 SSBUCI 36.8748
Model_1_goa_dr_2022.dat 3 2030 SSBMedian 33.2338
Model_1_goa_dr_2022.dat 3 2030 SSBMean 33.6156
Model_1_goa_dr_2022.dat 3 2031 SSBF100 65.5649
Model_1_goa_dr_2022.dat 3 2031 SSBFabc 26.2259
Model_1_goa_dr_2022.dat 3 2031 SSBFofl 22.9477
Model_1_goa_dr_2022.dat 3 2031 SSBLCI 30.2988
Model_1_goa_dr_2022.dat 3 2031 SSBUCI 37.6702
Model_1_goa_dr_2022.dat 3 2031 SSBMedian 32.8999
Model_1_goa_dr_2022.dat 3 2031 SSBMean 33.3503
Model_1_goa_dr_2022.dat 3 2032 SSBF100 65.5649
Model_1_goa_dr_2022.dat 3 2032 SSBFabc 26.2259
Model_1_goa_dr_2022.dat 3 2032 SSBFofl 22.9477
Model_1_goa_dr_2022.dat 3 2032 SSBLCI 29.4542
Model_1_goa_dr_2022.dat 3 2032 SSBUCI 38.9181
Model_1_goa_dr_2022.dat 3 2032 SSBMedian 32.8304
Model_1_goa_dr_2022.dat 3 2032 SSBMean 33.3748
Model_1_goa_dr_2022.dat 3 2033 SSBF100 65.5649
Model_1_goa_dr_2022.dat 3 2033 SSBFabc 26.2259
Model_1_goa_dr_2022.dat 3 2033 SSBFofl 22.9477
Model_1_goa_dr_2022.dat 3 2033 SSBLCI 28.86
Model_1_goa_dr_2022.dat 3 2033 SSBUCI 40.0876
Model_1_goa_dr_2022.dat 3 2033 SSBMedian 33.0611
Model_1_goa_dr_2022.dat 3 2033 SSBMean 33.5678
Model_1_goa_dr_2022.dat 3 2034 SSBF100 65.5649
Model_1_goa_dr_2022.dat 3 2034 SSBFabc 26.2259
Model_1_goa_dr_2022.dat 3 2034 SSBFofl 22.9477
Model_1_goa_dr_2022.dat 3 2034 SSBLCI 28.42
Model_1_goa_dr_2022.dat 3 2034 SSBUCI 41.0276
Model_1_goa_dr_2022.dat 3 2034 SSBMedian 33.327
Model_1_goa_dr_2022.dat 3 2034 SSBMean 33.8445
Model_1_goa_dr_2022.dat 3 2035 SSBF100 65.5649
Model_1_goa_dr_2022.dat 3 2035 SSBFabc 26.2259
Model_1_goa_dr_2022.dat 3 2035 SSBFofl 22.9477
Model_1_goa_dr_2022.dat 3 2035 SSBLCI 28.3201
Model_1_goa_dr_2022.dat 3 2035 SSBUCI 41.643
Model_1_goa_dr_2022.dat 3 2035 SSBMedian 33.7183
Model_1_goa_dr_2022.dat 3 2035 SSBMean 34.1593
Model_1_goa_dr_2022.dat 3 2022 F0 0 
Model_1_goa_dr_2022.dat 3 2022 Fabc 0.0913417
Model_1_goa_dr_2022.dat 3 2022 Fofl 0.112301
Model_1_goa_dr_2022.dat 3 2022  F_LCI 0.0291545
Model_1_goa_dr_2022.dat 3 2022  F_UCI 0.0291545
Model_1_goa_dr_2022.dat 3 2022  F_Median 0.0291545
Model_1_goa_dr_2022.dat 3 2022  F_Mean 0.0291545
Model_1_goa_dr_2022.dat 3 2023 F0 0 
Model_1_goa_dr_2022.dat 3 2023 Fabc 0.0913417
Model_1_goa_dr_2022.dat 3 2023 Fofl 0.112301
Model_1_goa_dr_2022.dat 3 2023  F_LCI 0.0456709
Model_1_goa_dr_2022.dat 3 2023  F_UCI 0.0456709
Model_1_goa_dr_2022.dat 3 2023  F_Median 0.0456709
Model_1_goa_dr_2022.dat 3 2023  F_Mean 0.0456709
Model_1_goa_dr_2022.dat 3 2024 F0 0 
Model_1_goa_dr_2022.dat 3 2024 Fabc 0.0913417
Model_1_goa_dr_2022.dat 3 2024 Fofl 0.112301
Model_1_goa_dr_2022.dat 3 2024  F_LCI 0.0456709
Model_1_goa_dr_2022.dat 3 2024  F_UCI 0.0456709
Model_1_goa_dr_2022.dat 3 2024  F_Median 0.0456709
Model_1_goa_dr_2022.dat 3 2024  F_Mean 0.0456709
Model_1_goa_dr_2022.dat 3 2025 F0 0 
Model_1_goa_dr_2022.dat 3 2025 Fabc 0.0913417
Model_1_goa_dr_2022.dat 3 2025 Fofl 0.112301
Model_1_goa_dr_2022.dat 3 2025  F_LCI 0.0456709
Model_1_goa_dr_2022.dat 3 2025  F_UCI 0.0456709
Model_1_goa_dr_2022.dat 3 2025  F_Median 0.0456709
Model_1_goa_dr_2022.dat 3 2025  F_Mean 0.0456709
Model_1_goa_dr_2022.dat 3 2026 F0 0 
Model_1_goa_dr_2022.dat 3 2026 Fabc 0.0913417
Model_1_goa_dr_2022.dat 3 2026 Fofl 0.112301
Model_1_goa_dr_2022.dat 3 2026  F_LCI 0.0456709
Model_1_goa_dr_2022.dat 3 2026  F_UCI 0.0456709
Model_1_goa_dr_2022.dat 3 2026  F_Median 0.0456709
Model_1_goa_dr_2022.dat 3 2026  F_Mean 0.0456709
Model_1_goa_dr_2022.dat 3 2027 F0 0 
Model_1_goa_dr_2022.dat 3 2027 Fabc 0.0913417
Model_1_goa_dr_2022.dat 3 2027 Fofl 0.112301
Model_1_goa_dr_2022.dat 3 2027  F_LCI 0.0456709
Model_1_goa_dr_2022.dat 3 2027  F_UCI 0.0456709
Model_1_goa_dr_2022.dat 3 2027  F_Median 0.0456709
Model_1_goa_dr_2022.dat 3 2027  F_Mean 0.0456709
Model_1_goa_dr_2022.dat 3 2028 F0 0 
Model_1_goa_dr_2022.dat 3 2028 Fabc 0.0913417
Model_1_goa_dr_2022.dat 3 2028 Fofl 0.112301
Model_1_goa_dr_2022.dat 3 2028  F_LCI 0.0456709
Model_1_goa_dr_2022.dat 3 2028  F_UCI 0.0456709
Model_1_goa_dr_2022.dat 3 2028  F_Median 0.0456709
Model_1_goa_dr_2022.dat 3 2028  F_Mean 0.0456709
Model_1_goa_dr_2022.dat 3 2029 F0 0 
Model_1_goa_dr_2022.dat 3 2029 Fabc 0.0913417
Model_1_goa_dr_2022.dat 3 2029 Fofl 0.112301
Model_1_goa_dr_2022.dat 3 2029  F_LCI 0.0456709
Model_1_goa_dr_2022.dat 3 2029  F_UCI 0.0456709
Model_1_goa_dr_2022.dat 3 2029  F_Median 0.0456709
Model_1_goa_dr_2022.dat 3 2029  F_Mean 0.0456709
Model_1_goa_dr_2022.dat 3 2030 F0 0 
Model_1_goa_dr_2022.dat 3 2030 Fabc 0.0913417
Model_1_goa_dr_2022.dat 3 2030 Fofl 0.112301
Model_1_goa_dr_2022.dat 3 2030  F_LCI 0.0456709
Model_1_goa_dr_2022.dat 3 2030  F_UCI 0.0456709
Model_1_goa_dr_2022.dat 3 2030  F_Median 0.0456709
Model_1_goa_dr_2022.dat 3 2030  F_Mean 0.0456709
Model_1_goa_dr_2022.dat 3 2031 F0 0 
Model_1_goa_dr_2022.dat 3 2031 Fabc 0.0913417
Model_1_goa_dr_2022.dat 3 2031 Fofl 0.112301
Model_1_goa_dr_2022.dat 3 2031  F_LCI 0.0456709
Model_1_goa_dr_2022.dat 3 2031  F_UCI 0.0456709
Model_1_goa_dr_2022.dat 3 2031  F_Median 0.0456709
Model_1_goa_dr_2022.dat 3 2031  F_Mean 0.0456709
Model_1_goa_dr_2022.dat 3 2032 F0 0 
Model_1_goa_dr_2022.dat 3 2032 Fabc 0.0913417
Model_1_goa_dr_2022.dat 3 2032 Fofl 0.112301
Model_1_goa_dr_2022.dat 3 2032  F_LCI 0.0456709
Model_1_goa_dr_2022.dat 3 2032  F_UCI 0.0456709
Model_1_goa_dr_2022.dat 3 2032  F_Median 0.0456709
Model_1_goa_dr_2022.dat 3 2032  F_Mean 0.0456709
Model_1_goa_dr_2022.dat 3 2033 F0 0 
Model_1_goa_dr_2022.dat 3 2033 Fabc 0.0913417
Model_1_goa_dr_2022.dat 3 2033 Fofl 0.112301
Model_1_goa_dr_2022.dat 3 2033  F_LCI 0.0456709
Model_1_goa_dr_2022.dat 3 2033  F_UCI 0.0456709
Model_1_goa_dr_2022.dat 3 2033  F_Median 0.0456709
Model_1_goa_dr_2022.dat 3 2033  F_Mean 0.0456707
Model_1_goa_dr_2022.dat 3 2034 F0 0 
Model_1_goa_dr_2022.dat 3 2034 Fabc 0.0913417
Model_1_goa_dr_2022.dat 3 2034 Fofl 0.112301
Model_1_goa_dr_2022.dat 3 2034  F_LCI 0.0456709
Model_1_goa_dr_2022.dat 3 2034  F_UCI 0.0456709
Model_1_goa_dr_2022.dat 3 2034  F_Median 0.0456709
Model_1_goa_dr_2022.dat 3 2034  F_Mean 0.0456676
Model_1_goa_dr_2022.dat 3 2035 F0 0 
Model_1_goa_dr_2022.dat 3 2035 Fabc 0.0913417
Model_1_goa_dr_2022.dat 3 2035 Fofl 0.112301
Model_1_goa_dr_2022.dat 3 2035  F_LCI 0.0456709
Model_1_goa_dr_2022.dat 3 2035  F_UCI 0.0456709
Model_1_goa_dr_2022.dat 3 2035  F_Median 0.0456709
Model_1_goa_dr_2022.dat 3 2035  F_Mean 0.0456608
Model_1_goa_dr_2022.dat 4 2022 Cabc 4.6223
Model_1_goa_dr_2022.dat 4 2022 Cofl 4.9419
Model_1_goa_dr_2022.dat 4 2022 CLCI 2.64385
Model_1_goa_dr_2022.dat 4 2022 CUCI 2.64385
Model_1_goa_dr_2022.dat 4 2022 CMedian 2.64385
Model_1_goa_dr_2022.dat 4 2022 CMean 2.64385
Model_1_goa_dr_2022.dat 4 2023 Cabc 4.6223
Model_1_goa_dr_2022.dat 4 2023 Cofl 4.9419
Model_1_goa_dr_2022.dat 4 2023 CLCI 2.72784
Model_1_goa_dr_2022.dat 4 2023 CUCI 2.72791
Model_1_goa_dr_2022.dat 4 2023 CMedian 2.72786
Model_1_goa_dr_2022.dat 4 2023 CMean 2.72786
Model_1_goa_dr_2022.dat 4 2024 Cabc 4.6223
Model_1_goa_dr_2022.dat 4 2024 Cofl 4.9419
Model_1_goa_dr_2022.dat 4 2024 CLCI 2.64988
Model_1_goa_dr_2022.dat 4 2024 CUCI 2.65023
Model_1_goa_dr_2022.dat 4 2024 CMedian 2.64998
Model_1_goa_dr_2022.dat 4 2024 CMean 2.65001
Model_1_goa_dr_2022.dat 4 2025 Cabc 4.6223
Model_1_goa_dr_2022.dat 4 2025 Cofl 4.9419
Model_1_goa_dr_2022.dat 4 2025 CLCI 2.55362
Model_1_goa_dr_2022.dat 4 2025 CUCI 2.55523
Model_1_goa_dr_2022.dat 4 2025 CMedian 2.55408
Model_1_goa_dr_2022.dat 4 2025 CMean 2.5542
Model_1_goa_dr_2022.dat 4 2026 Cabc 4.6223
Model_1_goa_dr_2022.dat 4 2026 Cofl 4.9419
Model_1_goa_dr_2022.dat 4 2026 CLCI 2.441
Model_1_goa_dr_2022.dat 4 2026 CUCI 2.44739
Model_1_goa_dr_2022.dat 4 2026 CMedian 2.44286
Model_1_goa_dr_2022.dat 4 2026 CMean 2.44336
Model_1_goa_dr_2022.dat 4 2027 Cabc 4.6223
Model_1_goa_dr_2022.dat 4 2027 Cofl 4.9419
Model_1_goa_dr_2022.dat 4 2027 CLCI 2.32098
Model_1_goa_dr_2022.dat 4 2027 CUCI 2.34422
Model_1_goa_dr_2022.dat 4 2027 CMedian 2.32781
Model_1_goa_dr_2022.dat 4 2027 CMean 2.32961
Model_1_goa_dr_2022.dat 4 2028 Cabc 4.6223
Model_1_goa_dr_2022.dat 4 2028 Cofl 4.9419
Model_1_goa_dr_2022.dat 4 2028 CLCI 2.2047
Model_1_goa_dr_2022.dat 4 2028 CUCI 2.27728
Model_1_goa_dr_2022.dat 4 2028 CMedian 2.22641
Model_1_goa_dr_2022.dat 4 2028 CMean 2.23223
Model_1_goa_dr_2022.dat 4 2029 Cabc 4.6223
Model_1_goa_dr_2022.dat 4 2029 Cofl 4.9419
Model_1_goa_dr_2022.dat 4 2029 CLCI 2.10145
Model_1_goa_dr_2022.dat 4 2029 CUCI 2.28619
Model_1_goa_dr_2022.dat 4 2029 CMedian 2.15907
Model_1_goa_dr_2022.dat 4 2029 CMean 2.17231
Model_1_goa_dr_2022.dat 4 2030 Cabc 4.6223
Model_1_goa_dr_2022.dat 4 2030 Cofl 4.9419
Model_1_goa_dr_2022.dat 4 2030 CLCI 2.02198
Model_1_goa_dr_2022.dat 4 2030 CUCI 2.36471
Model_1_goa_dr_2022.dat 4 2030 CMedian 2.13484
Model_1_goa_dr_2022.dat 4 2030 CMean 2.1571
Model_1_goa_dr_2022.dat 4 2031 Cabc 4.6223
Model_1_goa_dr_2022.dat 4 2031 Cofl 4.9419
Model_1_goa_dr_2022.dat 4 2031 CLCI 1.97259
Model_1_goa_dr_2022.dat 4 2031 CUCI 2.46425
Model_1_goa_dr_2022.dat 4 2031 CMedian 2.13774
Model_1_goa_dr_2022.dat 4 2031 CMean 2.17147
Model_1_goa_dr_2022.dat 4 2032 Cabc 4.6223
Model_1_goa_dr_2022.dat 4 2032 Cofl 4.9419
Model_1_goa_dr_2022.dat 4 2032 CLCI 1.93916
Model_1_goa_dr_2022.dat 4 2032 CUCI 2.57164
Model_1_goa_dr_2022.dat 4 2032 CMedian 2.15952
Model_1_goa_dr_2022.dat 4 2032 CMean 2.19834
Model_1_goa_dr_2022.dat 4 2033 Cabc 4.6223
Model_1_goa_dr_2022.dat 4 2033 Cofl 4.9419
Model_1_goa_dr_2022.dat 4 2033 CLCI 1.91254
Model_1_goa_dr_2022.dat 4 2033 CUCI 2.66341
Model_1_goa_dr_2022.dat 4 2033 CMedian 2.19095
Model_1_goa_dr_2022.dat 4 2033 CMean 2.2282
Model_1_goa_dr_2022.dat 4 2034 Cabc 4.6223
Model_1_goa_dr_2022.dat 4 2034 Cofl 4.9419
Model_1_goa_dr_2022.dat 4 2034 CLCI 1.89438
Model_1_goa_dr_2022.dat 4 2034 CUCI 2.73481
Model_1_goa_dr_2022.dat 4 2034 CMedian 2.22091
Model_1_goa_dr_2022.dat 4 2034 CMean 2.25788
Model_1_goa_dr_2022.dat 4 2035 Cabc 4.6223
Model_1_goa_dr_2022.dat 4 2035 Cofl 4.9419
Model_1_goa_dr_2022.dat 4 2035 CLCI 1.89126
Model_1_goa_dr_2022.dat 4 2035 CUCI 2.7948
Model_1_goa_dr_2022.dat 4 2035 CMedian 2.25066
Model_1_goa_dr_2022.dat 4 2035 CMean 2.28773
Model_1_goa_dr_2022.dat 4 2022 SSBF100 65.5649
Model_1_goa_dr_2022.dat 4 2022 SSBFabc 26.2259
Model_1_goa_dr_2022.dat 4 2022 SSBFofl 22.9477
Model_1_goa_dr_2022.dat 4 2022 SSBLCI 45.051
Model_1_goa_dr_2022.dat 4 2022 SSBUCI 45.051
Model_1_goa_dr_2022.dat 4 2022 SSBMedian 45.051
Model_1_goa_dr_2022.dat 4 2022 SSBMean 45.051
Model_1_goa_dr_2022.dat 4 2023 SSBF100 65.5649
Model_1_goa_dr_2022.dat 4 2023 SSBFabc 26.2259
Model_1_goa_dr_2022.dat 4 2023 SSBFofl 22.9477
Model_1_goa_dr_2022.dat 4 2023 SSBLCI 44.6548
Model_1_goa_dr_2022.dat 4 2023 SSBUCI 44.6816
Model_1_goa_dr_2022.dat 4 2023 SSBMedian 44.6617
Model_1_goa_dr_2022.dat 4 2023 SSBMean 44.6642
Model_1_goa_dr_2022.dat 4 2024 SSBF100 65.5649
Model_1_goa_dr_2022.dat 4 2024 SSBFabc 26.2259
Model_1_goa_dr_2022.dat 4 2024 SSBFofl 22.9477
Model_1_goa_dr_2022.dat 4 2024 SSBLCI 43.6602
Model_1_goa_dr_2022.dat 4 2024 SSBUCI 43.7464
Model_1_goa_dr_2022.dat 4 2024 SSBMedian 43.686
Model_1_goa_dr_2022.dat 4 2024 SSBMean 43.6928
Model_1_goa_dr_2022.dat 4 2025 SSBF100 65.5649
Model_1_goa_dr_2022.dat 4 2025 SSBFabc 26.2259
Model_1_goa_dr_2022.dat 4 2025 SSBFofl 22.9477
Model_1_goa_dr_2022.dat 4 2025 SSBLCI 42.2714
Model_1_goa_dr_2022.dat 4 2025 SSBUCI 42.5017
Model_1_goa_dr_2022.dat 4 2025 SSBMedian 42.3413
Model_1_goa_dr_2022.dat 4 2025 SSBMean 42.36
Model_1_goa_dr_2022.dat 4 2026 SSBF100 65.5649
Model_1_goa_dr_2022.dat 4 2026 SSBFabc 26.2259
Model_1_goa_dr_2022.dat 4 2026 SSBFofl 22.9477
Model_1_goa_dr_2022.dat 4 2026 SSBLCI 40.6261
Model_1_goa_dr_2022.dat 4 2026 SSBUCI 41.1619
Model_1_goa_dr_2022.dat 4 2026 SSBMedian 40.7968
Model_1_goa_dr_2022.dat 4 2026 SSBMean 40.8355
Model_1_goa_dr_2022.dat 4 2027 SSBF100 65.5649
Model_1_goa_dr_2022.dat 4 2027 SSBFabc 26.2259
Model_1_goa_dr_2022.dat 4 2027 SSBFofl 22.9477
Model_1_goa_dr_2022.dat 4 2027 SSBLCI 38.8738
Model_1_goa_dr_2022.dat 4 2027 SSBUCI 40.0092
Model_1_goa_dr_2022.dat 4 2027 SSBMedian 39.2515
Model_1_goa_dr_2022.dat 4 2027 SSBMean 39.3207
Model_1_goa_dr_2022.dat 4 2028 SSBF100 65.5649
Model_1_goa_dr_2022.dat 4 2028 SSBFabc 26.2259
Model_1_goa_dr_2022.dat 4 2028 SSBFofl 22.9477
Model_1_goa_dr_2022.dat 4 2028 SSBLCI 37.1634
Model_1_goa_dr_2022.dat 4 2028 SSBUCI 39.3215
Model_1_goa_dr_2022.dat 4 2028 SSBMedian 37.8805
Model_1_goa_dr_2022.dat 4 2028 SSBMean 38.024
Model_1_goa_dr_2022.dat 4 2029 SSBF100 65.5649
Model_1_goa_dr_2022.dat 4 2029 SSBFabc 26.2259
Model_1_goa_dr_2022.dat 4 2029 SSBFofl 22.9477
Model_1_goa_dr_2022.dat 4 2029 SSBLCI 35.6395
Model_1_goa_dr_2022.dat 4 2029 SSBUCI 39.3618
Model_1_goa_dr_2022.dat 4 2029 SSBMedian 36.8781
Model_1_goa_dr_2022.dat 4 2029 SSBMean 37.1093
Model_1_goa_dr_2022.dat 4 2030 SSBF100 65.5649
Model_1_goa_dr_2022.dat 4 2030 SSBFabc 26.2259
Model_1_goa_dr_2022.dat 4 2030 SSBFofl 22.9477
Model_1_goa_dr_2022.dat 4 2030 SSBLCI 34.3962
Model_1_goa_dr_2022.dat 4 2030 SSBUCI 39.9553
Model_1_goa_dr_2022.dat 4 2030 SSBMedian 36.2649
Model_1_goa_dr_2022.dat 4 2030 SSBMean 36.6506
Model_1_goa_dr_2022.dat 4 2031 SSBF100 65.5649
Model_1_goa_dr_2022.dat 4 2031 SSBFabc 26.2259
Model_1_goa_dr_2022.dat 4 2031 SSBFofl 22.9477
Model_1_goa_dr_2022.dat 4 2031 SSBLCI 33.4974
Model_1_goa_dr_2022.dat 4 2031 SSBUCI 41.0017
Model_1_goa_dr_2022.dat 4 2031 SSBMedian 36.1164
Model_1_goa_dr_2022.dat 4 2031 SSBMean 36.5898
Model_1_goa_dr_2022.dat 4 2032 SSBF100 65.5649
Model_1_goa_dr_2022.dat 4 2032 SSBFabc 26.2259
Model_1_goa_dr_2022.dat 4 2032 SSBFofl 22.9477
Model_1_goa_dr_2022.dat 4 2032 SSBLCI 32.7962
Model_1_goa_dr_2022.dat 4 2032 SSBUCI 42.4609
Model_1_goa_dr_2022.dat 4 2032 SSBMedian 36.2487
Model_1_goa_dr_2022.dat 4 2032 SSBMean 36.8027
Model_1_goa_dr_2022.dat 4 2033 SSBF100 65.5649
Model_1_goa_dr_2022.dat 4 2033 SSBFabc 26.2259
Model_1_goa_dr_2022.dat 4 2033 SSBFofl 22.9477
Model_1_goa_dr_2022.dat 4 2033 SSBLCI 32.322
Model_1_goa_dr_2022.dat 4 2033 SSBUCI 43.911
Model_1_goa_dr_2022.dat 4 2033 SSBMedian 36.6227
Model_1_goa_dr_2022.dat 4 2033 SSBMean 37.1749
Model_1_goa_dr_2022.dat 4 2034 SSBF100 65.5649
Model_1_goa_dr_2022.dat 4 2034 SSBFabc 26.2259
Model_1_goa_dr_2022.dat 4 2034 SSBFofl 22.9477
Model_1_goa_dr_2022.dat 4 2034 SSBLCI 32.0329
Model_1_goa_dr_2022.dat 4 2034 SSBUCI 45.2041
Model_1_goa_dr_2022.dat 4 2034 SSBMedian 37.0422
Model_1_goa_dr_2022.dat 4 2034 SSBMean 37.6238
Model_1_goa_dr_2022.dat 4 2035 SSBF100 65.5649
Model_1_goa_dr_2022.dat 4 2035 SSBFabc 26.2259
Model_1_goa_dr_2022.dat 4 2035 SSBFofl 22.9477
Model_1_goa_dr_2022.dat 4 2035 SSBLCI 31.9868
Model_1_goa_dr_2022.dat 4 2035 SSBUCI 46.0054
Model_1_goa_dr_2022.dat 4 2035 SSBMedian 37.5845
Model_1_goa_dr_2022.dat 4 2035 SSBMean 38.1031
Model_1_goa_dr_2022.dat 4 2022 F0 0 
Model_1_goa_dr_2022.dat 4 2022 Fabc 0.0913417
Model_1_goa_dr_2022.dat 4 2022 Fofl 0.112301
Model_1_goa_dr_2022.dat 4 2022  F_LCI 0.0291545
Model_1_goa_dr_2022.dat 4 2022  F_UCI 0.0291545
Model_1_goa_dr_2022.dat 4 2022  F_Median 0.0291545
Model_1_goa_dr_2022.dat 4 2022  F_Mean 0.0291545
Model_1_goa_dr_2022.dat 4 2023 F0 0 
Model_1_goa_dr_2022.dat 4 2023 Fabc 0.0913417
Model_1_goa_dr_2022.dat 4 2023 Fofl 0.112301
Model_1_goa_dr_2022.dat 4 2023  F_LCI 0.0305845
Model_1_goa_dr_2022.dat 4 2023  F_UCI 0.0305845
Model_1_goa_dr_2022.dat 4 2023  F_Median 0.0305845
Model_1_goa_dr_2022.dat 4 2023  F_Mean 0.0305845
Model_1_goa_dr_2022.dat 4 2024 F0 0 
Model_1_goa_dr_2022.dat 4 2024 Fabc 0.0913417
Model_1_goa_dr_2022.dat 4 2024 Fofl 0.112301
Model_1_goa_dr_2022.dat 4 2024  F_LCI 0.0305845
Model_1_goa_dr_2022.dat 4 2024  F_UCI 0.0305845
Model_1_goa_dr_2022.dat 4 2024  F_Median 0.0305845
Model_1_goa_dr_2022.dat 4 2024  F_Mean 0.0305845
Model_1_goa_dr_2022.dat 4 2025 F0 0 
Model_1_goa_dr_2022.dat 4 2025 Fabc 0.0913417
Model_1_goa_dr_2022.dat 4 2025 Fofl 0.112301
Model_1_goa_dr_2022.dat 4 2025  F_LCI 0.0305845
Model_1_goa_dr_2022.dat 4 2025  F_UCI 0.0305845
Model_1_goa_dr_2022.dat 4 2025  F_Median 0.0305845
Model_1_goa_dr_2022.dat 4 2025  F_Mean 0.0305845
Model_1_goa_dr_2022.dat 4 2026 F0 0 
Model_1_goa_dr_2022.dat 4 2026 Fabc 0.0913417
Model_1_goa_dr_2022.dat 4 2026 Fofl 0.112301
Model_1_goa_dr_2022.dat 4 2026  F_LCI 0.0305845
Model_1_goa_dr_2022.dat 4 2026  F_UCI 0.0305845
Model_1_goa_dr_2022.dat 4 2026  F_Median 0.0305845
Model_1_goa_dr_2022.dat 4 2026  F_Mean 0.0305845
Model_1_goa_dr_2022.dat 4 2027 F0 0 
Model_1_goa_dr_2022.dat 4 2027 Fabc 0.0913417
Model_1_goa_dr_2022.dat 4 2027 Fofl 0.112301
Model_1_goa_dr_2022.dat 4 2027  F_LCI 0.0305845
Model_1_goa_dr_2022.dat 4 2027  F_UCI 0.0305845
Model_1_goa_dr_2022.dat 4 2027  F_Median 0.0305845
Model_1_goa_dr_2022.dat 4 2027  F_Mean 0.0305845
Model_1_goa_dr_2022.dat 4 2028 F0 0 
Model_1_goa_dr_2022.dat 4 2028 Fabc 0.0913417
Model_1_goa_dr_2022.dat 4 2028 Fofl 0.112301
Model_1_goa_dr_2022.dat 4 2028  F_LCI 0.0305845
Model_1_goa_dr_2022.dat 4 2028  F_UCI 0.0305845
Model_1_goa_dr_2022.dat 4 2028  F_Median 0.0305845
Model_1_goa_dr_2022.dat 4 2028  F_Mean 0.0305845
Model_1_goa_dr_2022.dat 4 2029 F0 0 
Model_1_goa_dr_2022.dat 4 2029 Fabc 0.0913417
Model_1_goa_dr_2022.dat 4 2029 Fofl 0.112301
Model_1_goa_dr_2022.dat 4 2029  F_LCI 0.0305845
Model_1_goa_dr_2022.dat 4 2029  F_UCI 0.0305845
Model_1_goa_dr_2022.dat 4 2029  F_Median 0.0305845
Model_1_goa_dr_2022.dat 4 2029  F_Mean 0.0305845
Model_1_goa_dr_2022.dat 4 2030 F0 0 
Model_1_goa_dr_2022.dat 4 2030 Fabc 0.0913417
Model_1_goa_dr_2022.dat 4 2030 Fofl 0.112301
Model_1_goa_dr_2022.dat 4 2030  F_LCI 0.0305845
Model_1_goa_dr_2022.dat 4 2030  F_UCI 0.0305845
Model_1_goa_dr_2022.dat 4 2030  F_Median 0.0305845
Model_1_goa_dr_2022.dat 4 2030  F_Mean 0.0305845
Model_1_goa_dr_2022.dat 4 2031 F0 0 
Model_1_goa_dr_2022.dat 4 2031 Fabc 0.0913417
Model_1_goa_dr_2022.dat 4 2031 Fofl 0.112301
Model_1_goa_dr_2022.dat 4 2031  F_LCI 0.0305845
Model_1_goa_dr_2022.dat 4 2031  F_UCI 0.0305845
Model_1_goa_dr_2022.dat 4 2031  F_Median 0.0305845
Model_1_goa_dr_2022.dat 4 2031  F_Mean 0.0305845
Model_1_goa_dr_2022.dat 4 2032 F0 0 
Model_1_goa_dr_2022.dat 4 2032 Fabc 0.0913417
Model_1_goa_dr_2022.dat 4 2032 Fofl 0.112301
Model_1_goa_dr_2022.dat 4 2032  F_LCI 0.0305845
Model_1_goa_dr_2022.dat 4 2032  F_UCI 0.0305845
Model_1_goa_dr_2022.dat 4 2032  F_Median 0.0305845
Model_1_goa_dr_2022.dat 4 2032  F_Mean 0.0305845
Model_1_goa_dr_2022.dat 4 2033 F0 0 
Model_1_goa_dr_2022.dat 4 2033 Fabc 0.0913417
Model_1_goa_dr_2022.dat 4 2033 Fofl 0.112301
Model_1_goa_dr_2022.dat 4 2033  F_LCI 0.0305845
Model_1_goa_dr_2022.dat 4 2033  F_UCI 0.0305845
Model_1_goa_dr_2022.dat 4 2033  F_Median 0.0305845
Model_1_goa_dr_2022.dat 4 2033  F_Mean 0.0305845
Model_1_goa_dr_2022.dat 4 2034 F0 0 
Model_1_goa_dr_2022.dat 4 2034 Fabc 0.0913417
Model_1_goa_dr_2022.dat 4 2034 Fofl 0.112301
Model_1_goa_dr_2022.dat 4 2034  F_LCI 0.0305845
Model_1_goa_dr_2022.dat 4 2034  F_UCI 0.0305845
Model_1_goa_dr_2022.dat 4 2034  F_Median 0.0305845
Model_1_goa_dr_2022.dat 4 2034  F_Mean 0.0305845
Model_1_goa_dr_2022.dat 4 2035 F0 0 
Model_1_goa_dr_2022.dat 4 2035 Fabc 0.0913417
Model_1_goa_dr_2022.dat 4 2035 Fofl 0.112301
Model_1_goa_dr_2022.dat 4 2035  F_LCI 0.0305845
Model_1_goa_dr_2022.dat 4 2035  F_UCI 0.0305845
Model_1_goa_dr_2022.dat 4 2035  F_Median 0.0305845
Model_1_goa_dr_2022.dat 4 2035  F_Mean 0.0305845
Model_1_goa_dr_2022.dat 5 2022 Cabc 4.6223
Model_1_goa_dr_2022.dat 5 2022 Cofl 4.9419
Model_1_goa_dr_2022.dat 5 2022 CLCI 2.64385
Model_1_goa_dr_2022.dat 5 2022 CUCI 2.64385
Model_1_goa_dr_2022.dat 5 2022 CMedian 2.64385
Model_1_goa_dr_2022.dat 5 2022 CMean 2.64385
Model_1_goa_dr_2022.dat 5 2023 Cabc 4.6223
Model_1_goa_dr_2022.dat 5 2023 Cofl 4.9419
Model_1_goa_dr_2022.dat 5 2023 CLCI 0
Model_1_goa_dr_2022.dat 5 2023 CUCI 0
Model_1_goa_dr_2022.dat 5 2023 CMedian 0
Model_1_goa_dr_2022.dat 5 2023 CMean 0
Model_1_goa_dr_2022.dat 5 2024 Cabc 4.6223
Model_1_goa_dr_2022.dat 5 2024 Cofl 4.9419
Model_1_goa_dr_2022.dat 5 2024 CLCI 0
Model_1_goa_dr_2022.dat 5 2024 CUCI 0
Model_1_goa_dr_2022.dat 5 2024 CMedian 0
Model_1_goa_dr_2022.dat 5 2024 CMean 0
Model_1_goa_dr_2022.dat 5 2025 Cabc 4.6223
Model_1_goa_dr_2022.dat 5 2025 Cofl 4.9419
Model_1_goa_dr_2022.dat 5 2025 CLCI 0
Model_1_goa_dr_2022.dat 5 2025 CUCI 0
Model_1_goa_dr_2022.dat 5 2025 CMedian 0
Model_1_goa_dr_2022.dat 5 2025 CMean 0
Model_1_goa_dr_2022.dat 5 2026 Cabc 4.6223
Model_1_goa_dr_2022.dat 5 2026 Cofl 4.9419
Model_1_goa_dr_2022.dat 5 2026 CLCI 0
Model_1_goa_dr_2022.dat 5 2026 CUCI 0
Model_1_goa_dr_2022.dat 5 2026 CMedian 0
Model_1_goa_dr_2022.dat 5 2026 CMean 0
Model_1_goa_dr_2022.dat 5 2027 Cabc 4.6223
Model_1_goa_dr_2022.dat 5 2027 Cofl 4.9419
Model_1_goa_dr_2022.dat 5 2027 CLCI 0
Model_1_goa_dr_2022.dat 5 2027 CUCI 0
Model_1_goa_dr_2022.dat 5 2027 CMedian 0
Model_1_goa_dr_2022.dat 5 2027 CMean 0
Model_1_goa_dr_2022.dat 5 2028 Cabc 4.6223
Model_1_goa_dr_2022.dat 5 2028 Cofl 4.9419
Model_1_goa_dr_2022.dat 5 2028 CLCI 0
Model_1_goa_dr_2022.dat 5 2028 CUCI 0
Model_1_goa_dr_2022.dat 5 2028 CMedian 0
Model_1_goa_dr_2022.dat 5 2028 CMean 0
Model_1_goa_dr_2022.dat 5 2029 Cabc 4.6223
Model_1_goa_dr_2022.dat 5 2029 Cofl 4.9419
Model_1_goa_dr_2022.dat 5 2029 CLCI 0
Model_1_goa_dr_2022.dat 5 2029 CUCI 0
Model_1_goa_dr_2022.dat 5 2029 CMedian 0
Model_1_goa_dr_2022.dat 5 2029 CMean 0
Model_1_goa_dr_2022.dat 5 2030 Cabc 4.6223
Model_1_goa_dr_2022.dat 5 2030 Cofl 4.9419
Model_1_goa_dr_2022.dat 5 2030 CLCI 0
Model_1_goa_dr_2022.dat 5 2030 CUCI 0
Model_1_goa_dr_2022.dat 5 2030 CMedian 0
Model_1_goa_dr_2022.dat 5 2030 CMean 0
Model_1_goa_dr_2022.dat 5 2031 Cabc 4.6223
Model_1_goa_dr_2022.dat 5 2031 Cofl 4.9419
Model_1_goa_dr_2022.dat 5 2031 CLCI 0
Model_1_goa_dr_2022.dat 5 2031 CUCI 0
Model_1_goa_dr_2022.dat 5 2031 CMedian 0
Model_1_goa_dr_2022.dat 5 2031 CMean 0
Model_1_goa_dr_2022.dat 5 2032 Cabc 4.6223
Model_1_goa_dr_2022.dat 5 2032 Cofl 4.9419
Model_1_goa_dr_2022.dat 5 2032 CLCI 0
Model_1_goa_dr_2022.dat 5 2032 CUCI 0
Model_1_goa_dr_2022.dat 5 2032 CMedian 0
Model_1_goa_dr_2022.dat 5 2032 CMean 0
Model_1_goa_dr_2022.dat 5 2033 Cabc 4.6223
Model_1_goa_dr_2022.dat 5 2033 Cofl 4.9419
Model_1_goa_dr_2022.dat 5 2033 CLCI 0
Model_1_goa_dr_2022.dat 5 2033 CUCI 0
Model_1_goa_dr_2022.dat 5 2033 CMedian 0
Model_1_goa_dr_2022.dat 5 2033 CMean 0
Model_1_goa_dr_2022.dat 5 2034 Cabc 4.6223
Model_1_goa_dr_2022.dat 5 2034 Cofl 4.9419
Model_1_goa_dr_2022.dat 5 2034 CLCI 0
Model_1_goa_dr_2022.dat 5 2034 CUCI 0
Model_1_goa_dr_2022.dat 5 2034 CMedian 0
Model_1_goa_dr_2022.dat 5 2034 CMean 0
Model_1_goa_dr_2022.dat 5 2035 Cabc 4.6223
Model_1_goa_dr_2022.dat 5 2035 Cofl 4.9419
Model_1_goa_dr_2022.dat 5 2035 CLCI 0
Model_1_goa_dr_2022.dat 5 2035 CUCI 0
Model_1_goa_dr_2022.dat 5 2035 CMedian 0
Model_1_goa_dr_2022.dat 5 2035 CMean 0
Model_1_goa_dr_2022.dat 5 2022 SSBF100 65.5649
Model_1_goa_dr_2022.dat 5 2022 SSBFabc 26.2259
Model_1_goa_dr_2022.dat 5 2022 SSBFofl 22.9477
Model_1_goa_dr_2022.dat 5 2022 SSBLCI 45.051
Model_1_goa_dr_2022.dat 5 2022 SSBUCI 45.051
Model_1_goa_dr_2022.dat 5 2022 SSBMedian 45.051
Model_1_goa_dr_2022.dat 5 2022 SSBMean 45.051
Model_1_goa_dr_2022.dat 5 2023 SSBF100 65.5649
Model_1_goa_dr_2022.dat 5 2023 SSBFabc 26.2259
Model_1_goa_dr_2022.dat 5 2023 SSBFofl 22.9477
Model_1_goa_dr_2022.dat 5 2023 SSBLCI 44.8736
Model_1_goa_dr_2022.dat 5 2023 SSBUCI 44.9004
Model_1_goa_dr_2022.dat 5 2023 SSBMedian 44.8805
Model_1_goa_dr_2022.dat 5 2023 SSBMean 44.883
Model_1_goa_dr_2022.dat 5 2024 SSBF100 65.5649
Model_1_goa_dr_2022.dat 5 2024 SSBFabc 26.2259
Model_1_goa_dr_2022.dat 5 2024 SSBFofl 22.9477
Model_1_goa_dr_2022.dat 5 2024 SSBLCI 45.1571
Model_1_goa_dr_2022.dat 5 2024 SSBUCI 45.2433
Model_1_goa_dr_2022.dat 5 2024 SSBMedian 45.1829
Model_1_goa_dr_2022.dat 5 2024 SSBMean 45.1897
Model_1_goa_dr_2022.dat 5 2025 SSBF100 65.5649
Model_1_goa_dr_2022.dat 5 2025 SSBFabc 26.2259
Model_1_goa_dr_2022.dat 5 2025 SSBFofl 22.9477
Model_1_goa_dr_2022.dat 5 2025 SSBLCI 44.9811
Model_1_goa_dr_2022.dat 5 2025 SSBUCI 45.2114
Model_1_goa_dr_2022.dat 5 2025 SSBMedian 45.051
Model_1_goa_dr_2022.dat 5 2025 SSBMean 45.0697
Model_1_goa_dr_2022.dat 5 2026 SSBF100 65.5649
Model_1_goa_dr_2022.dat 5 2026 SSBFabc 26.2259
Model_1_goa_dr_2022.dat 5 2026 SSBFofl 22.9477
Model_1_goa_dr_2022.dat 5 2026 SSBLCI 44.4543
Model_1_goa_dr_2022.dat 5 2026 SSBUCI 44.9903
Model_1_goa_dr_2022.dat 5 2026 SSBMedian 44.6251
Model_1_goa_dr_2022.dat 5 2026 SSBMean 44.6638
Model_1_goa_dr_2022.dat 5 2027 SSBF100 65.5649
Model_1_goa_dr_2022.dat 5 2027 SSBFabc 26.2259
Model_1_goa_dr_2022.dat 5 2027 SSBFofl 22.9477
Model_1_goa_dr_2022.dat 5 2027 SSBLCI 43.7089
Model_1_goa_dr_2022.dat 5 2027 SSBUCI 44.8457
Model_1_goa_dr_2022.dat 5 2027 SSBMedian 44.0871
Model_1_goa_dr_2022.dat 5 2027 SSBMean 44.1563
Model_1_goa_dr_2022.dat 5 2028 SSBF100 65.5649
Model_1_goa_dr_2022.dat 5 2028 SSBFabc 26.2259
Model_1_goa_dr_2022.dat 5 2028 SSBFofl 22.9477
Model_1_goa_dr_2022.dat 5 2028 SSBLCI 42.8859
Model_1_goa_dr_2022.dat 5 2028 SSBUCI 45.0536
Model_1_goa_dr_2022.dat 5 2028 SSBMedian 43.6048
Model_1_goa_dr_2022.dat 5 2028 SSBMean 43.7494
Model_1_goa_dr_2022.dat 5 2029 SSBF100 65.5649
Model_1_goa_dr_2022.dat 5 2029 SSBFabc 26.2259
Model_1_goa_dr_2022.dat 5 2029 SSBFofl 22.9477
Model_1_goa_dr_2022.dat 5 2029 SSBLCI 42.1346
Model_1_goa_dr_2022.dat 5 2029 SSBUCI 45.8871
Model_1_goa_dr_2022.dat 5 2029 SSBMedian 43.3789
Model_1_goa_dr_2022.dat 5 2029 SSBMean 43.6133
Model_1_goa_dr_2022.dat 5 2030 SSBF100 65.5649
Model_1_goa_dr_2022.dat 5 2030 SSBFabc 26.2259
Model_1_goa_dr_2022.dat 5 2030 SSBFofl 22.9477
Model_1_goa_dr_2022.dat 5 2030 SSBLCI 41.5551
Model_1_goa_dr_2022.dat 5 2030 SSBUCI 47.2264
Model_1_goa_dr_2022.dat 5 2030 SSBMedian 43.4627
Model_1_goa_dr_2022.dat 5 2030 SSBMean 43.8468
Model_1_goa_dr_2022.dat 5 2031 SSBF100 65.5649
Model_1_goa_dr_2022.dat 5 2031 SSBFabc 26.2259
Model_1_goa_dr_2022.dat 5 2031 SSBFofl 22.9477
Model_1_goa_dr_2022.dat 5 2031 SSBLCI 41.2454
Model_1_goa_dr_2022.dat 5 2031 SSBUCI 49.0036
Model_1_goa_dr_2022.dat 5 2031 SSBMedian 43.8911
Model_1_goa_dr_2022.dat 5 2031 SSBMean 44.4234
Model_1_goa_dr_2022.dat 5 2032 SSBF100 65.5649
Model_1_goa_dr_2022.dat 5 2032 SSBFabc 26.2259
Model_1_goa_dr_2022.dat 5 2032 SSBFofl 22.9477
Model_1_goa_dr_2022.dat 5 2032 SSBLCI 41.0971
Model_1_goa_dr_2022.dat 5 2032 SSBUCI 51.1503
Model_1_goa_dr_2022.dat 5 2032 SSBMedian 44.6672
Model_1_goa_dr_2022.dat 5 2032 SSBMean 45.2437
Model_1_goa_dr_2022.dat 5 2033 SSBF100 65.5649
Model_1_goa_dr_2022.dat 5 2033 SSBFabc 26.2259
Model_1_goa_dr_2022.dat 5 2033 SSBFofl 22.9477
Model_1_goa_dr_2022.dat 5 2033 SSBLCI 41.0955
Model_1_goa_dr_2022.dat 5 2033 SSBUCI 53.4648
Model_1_goa_dr_2022.dat 5 2033 SSBMedian 45.6107
Model_1_goa_dr_2022.dat 5 2033 SSBMean 46.2076
Model_1_goa_dr_2022.dat 5 2034 SSBF100 65.5649
Model_1_goa_dr_2022.dat 5 2034 SSBFabc 26.2259
Model_1_goa_dr_2022.dat 5 2034 SSBFofl 22.9477
Model_1_goa_dr_2022.dat 5 2034 SSBLCI 41.2862
Model_1_goa_dr_2022.dat 5 2034 SSBUCI 55.4468
Model_1_goa_dr_2022.dat 5 2034 SSBMedian 46.636
Model_1_goa_dr_2022.dat 5 2034 SSBMean 47.2353
Model_1_goa_dr_2022.dat 5 2035 SSBF100 65.5649
Model_1_goa_dr_2022.dat 5 2035 SSBFabc 26.2259
Model_1_goa_dr_2022.dat 5 2035 SSBFofl 22.9477
Model_1_goa_dr_2022.dat 5 2035 SSBLCI 41.5547
Model_1_goa_dr_2022.dat 5 2035 SSBUCI 57.1297
Model_1_goa_dr_2022.dat 5 2035 SSBMedian 47.7181
Model_1_goa_dr_2022.dat 5 2035 SSBMean 48.2794
Model_1_goa_dr_2022.dat 5 2022 F0 0 
Model_1_goa_dr_2022.dat 5 2022 Fabc 0.0913417
Model_1_goa_dr_2022.dat 5 2022 Fofl 0.112301
Model_1_goa_dr_2022.dat 5 2022  F_LCI 0.0291545
Model_1_goa_dr_2022.dat 5 2022  F_UCI 0.0291545
Model_1_goa_dr_2022.dat 5 2022  F_Median 0.0291545
Model_1_goa_dr_2022.dat 5 2022  F_Mean 0.0291545
Model_1_goa_dr_2022.dat 5 2023 F0 0 
Model_1_goa_dr_2022.dat 5 2023 Fabc 0.0913417
Model_1_goa_dr_2022.dat 5 2023 Fofl 0.112301
Model_1_goa_dr_2022.dat 5 2023  F_LCI 0
Model_1_goa_dr_2022.dat 5 2023  F_UCI 0
Model_1_goa_dr_2022.dat 5 2023  F_Median 0
Model_1_goa_dr_2022.dat 5 2023  F_Mean 0
Model_1_goa_dr_2022.dat 5 2024 F0 0 
Model_1_goa_dr_2022.dat 5 2024 Fabc 0.0913417
Model_1_goa_dr_2022.dat 5 2024 Fofl 0.112301
Model_1_goa_dr_2022.dat 5 2024  F_LCI 0
Model_1_goa_dr_2022.dat 5 2024  F_UCI 0
Model_1_goa_dr_2022.dat 5 2024  F_Median 0
Model_1_goa_dr_2022.dat 5 2024  F_Mean 0
Model_1_goa_dr_2022.dat 5 2025 F0 0 
Model_1_goa_dr_2022.dat 5 2025 Fabc 0.0913417
Model_1_goa_dr_2022.dat 5 2025 Fofl 0.112301
Model_1_goa_dr_2022.dat 5 2025  F_LCI 0
Model_1_goa_dr_2022.dat 5 2025  F_UCI 0
Model_1_goa_dr_2022.dat 5 2025  F_Median 0
Model_1_goa_dr_2022.dat 5 2025  F_Mean 0
Model_1_goa_dr_2022.dat 5 2026 F0 0 
Model_1_goa_dr_2022.dat 5 2026 Fabc 0.0913417
Model_1_goa_dr_2022.dat 5 2026 Fofl 0.112301
Model_1_goa_dr_2022.dat 5 2026  F_LCI 0
Model_1_goa_dr_2022.dat 5 2026  F_UCI 0
Model_1_goa_dr_2022.dat 5 2026  F_Median 0
Model_1_goa_dr_2022.dat 5 2026  F_Mean 0
Model_1_goa_dr_2022.dat 5 2027 F0 0 
Model_1_goa_dr_2022.dat 5 2027 Fabc 0.0913417
Model_1_goa_dr_2022.dat 5 2027 Fofl 0.112301
Model_1_goa_dr_2022.dat 5 2027  F_LCI 0
Model_1_goa_dr_2022.dat 5 2027  F_UCI 0
Model_1_goa_dr_2022.dat 5 2027  F_Median 0
Model_1_goa_dr_2022.dat 5 2027  F_Mean 0
Model_1_goa_dr_2022.dat 5 2028 F0 0 
Model_1_goa_dr_2022.dat 5 2028 Fabc 0.0913417
Model_1_goa_dr_2022.dat 5 2028 Fofl 0.112301
Model_1_goa_dr_2022.dat 5 2028  F_LCI 0
Model_1_goa_dr_2022.dat 5 2028  F_UCI 0
Model_1_goa_dr_2022.dat 5 2028  F_Median 0
Model_1_goa_dr_2022.dat 5 2028  F_Mean 0
Model_1_goa_dr_2022.dat 5 2029 F0 0 
Model_1_goa_dr_2022.dat 5 2029 Fabc 0.0913417
Model_1_goa_dr_2022.dat 5 2029 Fofl 0.112301
Model_1_goa_dr_2022.dat 5 2029  F_LCI 0
Model_1_goa_dr_2022.dat 5 2029  F_UCI 0
Model_1_goa_dr_2022.dat 5 2029  F_Median 0
Model_1_goa_dr_2022.dat 5 2029  F_Mean 0
Model_1_goa_dr_2022.dat 5 2030 F0 0 
Model_1_goa_dr_2022.dat 5 2030 Fabc 0.0913417
Model_1_goa_dr_2022.dat 5 2030 Fofl 0.112301
Model_1_goa_dr_2022.dat 5 2030  F_LCI 0
Model_1_goa_dr_2022.dat 5 2030  F_UCI 0
Model_1_goa_dr_2022.dat 5 2030  F_Median 0
Model_1_goa_dr_2022.dat 5 2030  F_Mean 0
Model_1_goa_dr_2022.dat 5 2031 F0 0 
Model_1_goa_dr_2022.dat 5 2031 Fabc 0.0913417
Model_1_goa_dr_2022.dat 5 2031 Fofl 0.112301
Model_1_goa_dr_2022.dat 5 2031  F_LCI 0
Model_1_goa_dr_2022.dat 5 2031  F_UCI 0
Model_1_goa_dr_2022.dat 5 2031  F_Median 0
Model_1_goa_dr_2022.dat 5 2031  F_Mean 0
Model_1_goa_dr_2022.dat 5 2032 F0 0 
Model_1_goa_dr_2022.dat 5 2032 Fabc 0.0913417
Model_1_goa_dr_2022.dat 5 2032 Fofl 0.112301
Model_1_goa_dr_2022.dat 5 2032  F_LCI 0
Model_1_goa_dr_2022.dat 5 2032  F_UCI 0
Model_1_goa_dr_2022.dat 5 2032  F_Median 0
Model_1_goa_dr_2022.dat 5 2032  F_Mean 0
Model_1_goa_dr_2022.dat 5 2033 F0 0 
Model_1_goa_dr_2022.dat 5 2033 Fabc 0.0913417
Model_1_goa_dr_2022.dat 5 2033 Fofl 0.112301
Model_1_goa_dr_2022.dat 5 2033  F_LCI 0
Model_1_goa_dr_2022.dat 5 2033  F_UCI 0
Model_1_goa_dr_2022.dat 5 2033  F_Median 0
Model_1_goa_dr_2022.dat 5 2033  F_Mean 0
Model_1_goa_dr_2022.dat 5 2034 F0 0 
Model_1_goa_dr_2022.dat 5 2034 Fabc 0.0913417
Model_1_goa_dr_2022.dat 5 2034 Fofl 0.112301
Model_1_goa_dr_2022.dat 5 2034  F_LCI 0
Model_1_goa_dr_2022.dat 5 2034  F_UCI 0
Model_1_goa_dr_2022.dat 5 2034  F_Median 0
Model_1_goa_dr_2022.dat 5 2034  F_Mean 0
Model_1_goa_dr_2022.dat 5 2035 F0 0 
Model_1_goa_dr_2022.dat 5 2035 Fabc 0.0913417
Model_1_goa_dr_2022.dat 5 2035 Fofl 0.112301
Model_1_goa_dr_2022.dat 5 2035  F_LCI 0
Model_1_goa_dr_2022.dat 5 2035  F_UCI 0
Model_1_goa_dr_2022.dat 5 2035  F_Median 0
Model_1_goa_dr_2022.dat 5 2035  F_Mean 0
Model_1_goa_dr_2022.dat 6 2022 Cabc 4.6223
Model_1_goa_dr_2022.dat 6 2022 Cofl 4.9419
Model_1_goa_dr_2022.dat 6 2022 CLCI 2.64385
Model_1_goa_dr_2022.dat 6 2022 CUCI 2.64385
Model_1_goa_dr_2022.dat 6 2022 CMedian 2.64385
Model_1_goa_dr_2022.dat 6 2022 CMean 2.64385
Model_1_goa_dr_2022.dat 6 2023 Cabc 4.6223
Model_1_goa_dr_2022.dat 6 2023 Cofl 4.9419
Model_1_goa_dr_2022.dat 6 2023 CLCI 9.63788
Model_1_goa_dr_2022.dat 6 2023 CUCI 9.63813
Model_1_goa_dr_2022.dat 6 2023 CMedian 9.63794
Model_1_goa_dr_2022.dat 6 2023 CMean 9.63797
Model_1_goa_dr_2022.dat 6 2024 Cabc 4.6223
Model_1_goa_dr_2022.dat 6 2024 Cofl 4.9419
Model_1_goa_dr_2022.dat 6 2024 CLCI 8.66709
Model_1_goa_dr_2022.dat 6 2024 CUCI 8.66841
Model_1_goa_dr_2022.dat 6 2024 CMedian 8.66746
Model_1_goa_dr_2022.dat 6 2024 CMean 8.66757
Model_1_goa_dr_2022.dat 6 2025 Cabc 4.6223
Model_1_goa_dr_2022.dat 6 2025 Cofl 4.9419
Model_1_goa_dr_2022.dat 6 2025 CLCI 7.74551
Model_1_goa_dr_2022.dat 6 2025 CUCI 7.75144
Model_1_goa_dr_2022.dat 6 2025 CMedian 7.7472
Model_1_goa_dr_2022.dat 6 2025 CMean 7.74767
Model_1_goa_dr_2022.dat 6 2026 Cabc 4.6223
Model_1_goa_dr_2022.dat 6 2026 Cofl 4.9419
Model_1_goa_dr_2022.dat 6 2026 CLCI 6.87665
Model_1_goa_dr_2022.dat 6 2026 CUCI 6.90008
Model_1_goa_dr_2022.dat 6 2026 CMedian 6.88347
Model_1_goa_dr_2022.dat 6 2026 CMean 6.8853
Model_1_goa_dr_2022.dat 6 2027 Cabc 4.6223
Model_1_goa_dr_2022.dat 6 2027 Cofl 4.9419
Model_1_goa_dr_2022.dat 6 2027 CLCI 6.08594
Model_1_goa_dr_2022.dat 6 2027 CUCI 6.17086
Model_1_goa_dr_2022.dat 6 2027 CMedian 6.11089
Model_1_goa_dr_2022.dat 6 2027 CMean 6.11746
Model_1_goa_dr_2022.dat 6 2028 Cabc 4.6223
Model_1_goa_dr_2022.dat 6 2028 Cofl 4.9419
Model_1_goa_dr_2022.dat 6 2028 CLCI 5.2632
Model_1_goa_dr_2022.dat 6 2028 CUCI 5.66415
Model_1_goa_dr_2022.dat 6 2028 CMedian 5.47434
Model_1_goa_dr_2022.dat 6 2028 CMean 5.46293
Model_1_goa_dr_2022.dat 6 2029 Cabc 4.6223
Model_1_goa_dr_2022.dat 6 2029 Cofl 4.9419
Model_1_goa_dr_2022.dat 6 2029 CLCI 4.29454
Model_1_goa_dr_2022.dat 6 2029 CUCI 5.49104
Model_1_goa_dr_2022.dat 6 2029 CMedian 4.68551
Model_1_goa_dr_2022.dat 6 2029 CMean 4.76278
Model_1_goa_dr_2022.dat 6 2030 Cabc 4.6223
Model_1_goa_dr_2022.dat 6 2030 Cofl 4.9419
Model_1_goa_dr_2022.dat 6 2030 CLCI 3.70144
Model_1_goa_dr_2022.dat 6 2030 CUCI 5.60189
Model_1_goa_dr_2022.dat 6 2030 CMedian 4.29338
Model_1_goa_dr_2022.dat 6 2030 CMean 4.4247
Model_1_goa_dr_2022.dat 6 2031 Cabc 4.6223
Model_1_goa_dr_2022.dat 6 2031 Cofl 4.9419
Model_1_goa_dr_2022.dat 6 2031 CLCI 3.3707
Model_1_goa_dr_2022.dat 6 2031 CUCI 5.7897
Model_1_goa_dr_2022.dat 6 2031 CMedian 4.14499
Model_1_goa_dr_2022.dat 6 2031 CMean 4.32535
Model_1_goa_dr_2022.dat 6 2032 Cabc 4.6223
Model_1_goa_dr_2022.dat 6 2032 Cofl 4.9419
Model_1_goa_dr_2022.dat 6 2032 CLCI 3.1727
Model_1_goa_dr_2022.dat 6 2032 CUCI 5.95647
Model_1_goa_dr_2022.dat 6 2032 CMedian 4.16907
Model_1_goa_dr_2022.dat 6 2032 CMean 4.33503
Model_1_goa_dr_2022.dat 6 2033 Cabc 4.6223
Model_1_goa_dr_2022.dat 6 2033 Cofl 4.9419
Model_1_goa_dr_2022.dat 6 2033 CLCI 3.03403
Model_1_goa_dr_2022.dat 6 2033 CUCI 6.1243
Model_1_goa_dr_2022.dat 6 2033 CMedian 4.21705
Model_1_goa_dr_2022.dat 6 2033 CMean 4.38327
Model_1_goa_dr_2022.dat 6 2034 Cabc 4.6223
Model_1_goa_dr_2022.dat 6 2034 Cofl 4.9419
Model_1_goa_dr_2022.dat 6 2034 CLCI 3.00938
Model_1_goa_dr_2022.dat 6 2034 CUCI 6.22871
Model_1_goa_dr_2022.dat 6 2034 CMedian 4.29292
Model_1_goa_dr_2022.dat 6 2034 CMean 4.44115
Model_1_goa_dr_2022.dat 6 2035 Cabc 4.6223
Model_1_goa_dr_2022.dat 6 2035 Cofl 4.9419
Model_1_goa_dr_2022.dat 6 2035 CLCI 3.00326
Model_1_goa_dr_2022.dat 6 2035 CUCI 6.33532
Model_1_goa_dr_2022.dat 6 2035 CMedian 4.38112
Model_1_goa_dr_2022.dat 6 2035 CMean 4.50364
Model_1_goa_dr_2022.dat 6 2022 SSBF100 65.5649
Model_1_goa_dr_2022.dat 6 2022 SSBFabc 26.2259
Model_1_goa_dr_2022.dat 6 2022 SSBFofl 22.9477
Model_1_goa_dr_2022.dat 6 2022 SSBLCI 45.051
Model_1_goa_dr_2022.dat 6 2022 SSBUCI 45.051
Model_1_goa_dr_2022.dat 6 2022 SSBMedian 45.051
Model_1_goa_dr_2022.dat 6 2022 SSBMean 45.051
Model_1_goa_dr_2022.dat 6 2023 SSBF100 65.5649
Model_1_goa_dr_2022.dat 6 2023 SSBFabc 26.2259
Model_1_goa_dr_2022.dat 6 2023 SSBFofl 22.9477
Model_1_goa_dr_2022.dat 6 2023 SSBLCI 44.0753
Model_1_goa_dr_2022.dat 6 2023 SSBUCI 44.1022
Model_1_goa_dr_2022.dat 6 2023 SSBMedian 44.0823
Model_1_goa_dr_2022.dat 6 2023 SSBMean 44.0848
Model_1_goa_dr_2022.dat 6 2024 SSBF100 65.5649
Model_1_goa_dr_2022.dat 6 2024 SSBFabc 26.2259
Model_1_goa_dr_2022.dat 6 2024 SSBFofl 22.9477
Model_1_goa_dr_2022.dat 6 2024 SSBLCI 39.9068
Model_1_goa_dr_2022.dat 6 2024 SSBUCI 39.993
Model_1_goa_dr_2022.dat 6 2024 SSBMedian 39.9326
Model_1_goa_dr_2022.dat 6 2024 SSBMean 39.9394
Model_1_goa_dr_2022.dat 6 2025 SSBF100 65.5649
Model_1_goa_dr_2022.dat 6 2025 SSBFabc 26.2259
Model_1_goa_dr_2022.dat 6 2025 SSBFofl 22.9477
Model_1_goa_dr_2022.dat 6 2025 SSBLCI 35.8316
Model_1_goa_dr_2022.dat 6 2025 SSBUCI 36.0618
Model_1_goa_dr_2022.dat 6 2025 SSBMedian 35.9015
Model_1_goa_dr_2022.dat 6 2025 SSBMean 35.9202
Model_1_goa_dr_2022.dat 6 2026 SSBF100 65.5649
Model_1_goa_dr_2022.dat 6 2026 SSBFabc 26.2259
Model_1_goa_dr_2022.dat 6 2026 SSBFofl 22.9477
Model_1_goa_dr_2022.dat 6 2026 SSBLCI 31.9957
Model_1_goa_dr_2022.dat 6 2026 SSBUCI 32.531
Model_1_goa_dr_2022.dat 6 2026 SSBMedian 32.1663
Model_1_goa_dr_2022.dat 6 2026 SSBMean 32.205
Model_1_goa_dr_2022.dat 6 2027 SSBF100 65.5649
Model_1_goa_dr_2022.dat 6 2027 SSBFabc 26.2259
Model_1_goa_dr_2022.dat 6 2027 SSBFofl 22.9477
Model_1_goa_dr_2022.dat 6 2027 SSBLCI 28.5254
Model_1_goa_dr_2022.dat 6 2027 SSBUCI 29.6571
Model_1_goa_dr_2022.dat 6 2027 SSBMedian 28.9021
Model_1_goa_dr_2022.dat 6 2027 SSBMean 28.971
Model_1_goa_dr_2022.dat 6 2028 SSBF100 65.5649
Model_1_goa_dr_2022.dat 6 2028 SSBFabc 26.2259
Model_1_goa_dr_2022.dat 6 2028 SSBFofl 22.9477
Model_1_goa_dr_2022.dat 6 2028 SSBLCI 25.5383
Model_1_goa_dr_2022.dat 6 2028 SSBUCI 27.6589
Model_1_goa_dr_2022.dat 6 2028 SSBMedian 26.2395
Model_1_goa_dr_2022.dat 6 2028 SSBMean 26.3826
Model_1_goa_dr_2022.dat 6 2029 SSBF100 65.5649
Model_1_goa_dr_2022.dat 6 2029 SSBFabc 26.2259
Model_1_goa_dr_2022.dat 6 2029 SSBFofl 22.9477
Model_1_goa_dr_2022.dat 6 2029 SSBLCI 23.1963
Model_1_goa_dr_2022.dat 6 2029 SSBUCI 26.695
Model_1_goa_dr_2022.dat 6 2029 SSBMedian 24.3255
Model_1_goa_dr_2022.dat 6 2029 SSBMean 24.5667
Model_1_goa_dr_2022.dat 6 2030 SSBF100 65.5649
Model_1_goa_dr_2022.dat 6 2030 SSBFabc 26.2259
Model_1_goa_dr_2022.dat 6 2030 SSBFofl 22.9477
Model_1_goa_dr_2022.dat 6 2030 SSBLCI 21.5839
Model_1_goa_dr_2022.dat 6 2030 SSBUCI 26.4478
Model_1_goa_dr_2022.dat 6 2030 SSBMedian 23.1976
Model_1_goa_dr_2022.dat 6 2030 SSBMean 23.5716
Model_1_goa_dr_2022.dat 6 2031 SSBF100 65.5649
Model_1_goa_dr_2022.dat 6 2031 SSBFabc 26.2259
Model_1_goa_dr_2022.dat 6 2031 SSBFofl 22.9477
Model_1_goa_dr_2022.dat 6 2031 SSBLCI 20.5887
Model_1_goa_dr_2022.dat 6 2031 SSBUCI 26.842
Model_1_goa_dr_2022.dat 6 2031 SSBMedian 22.7832
Model_1_goa_dr_2022.dat 6 2031 SSBMean 23.1576
Model_1_goa_dr_2022.dat 6 2032 SSBF100 65.5649
Model_1_goa_dr_2022.dat 6 2032 SSBFabc 26.2259
Model_1_goa_dr_2022.dat 6 2032 SSBFofl 22.9477
Model_1_goa_dr_2022.dat 6 2032 SSBLCI 19.9301
Model_1_goa_dr_2022.dat 6 2032 SSBUCI 27.4216
Model_1_goa_dr_2022.dat 6 2032 SSBMedian 22.6793
Model_1_goa_dr_2022.dat 6 2032 SSBMean 23.0802
Model_1_goa_dr_2022.dat 6 2033 SSBF100 65.5649
Model_1_goa_dr_2022.dat 6 2033 SSBFabc 26.2259
Model_1_goa_dr_2022.dat 6 2033 SSBFofl 22.9477
Model_1_goa_dr_2022.dat 6 2033 SSBLCI 19.5157
Model_1_goa_dr_2022.dat 6 2033 SSBUCI 28.0797
Model_1_goa_dr_2022.dat 6 2033 SSBMedian 22.7926
Model_1_goa_dr_2022.dat 6 2033 SSBMean 23.1682
Model_1_goa_dr_2022.dat 6 2034 SSBF100 65.5649
Model_1_goa_dr_2022.dat 6 2034 SSBFabc 26.2259
Model_1_goa_dr_2022.dat 6 2034 SSBFofl 22.9477
Model_1_goa_dr_2022.dat 6 2034 SSBLCI 19.4024
Model_1_goa_dr_2022.dat 6 2034 SSBUCI 28.391
Model_1_goa_dr_2022.dat 6 2034 SSBMedian 22.9379
Model_1_goa_dr_2022.dat 6 2034 SSBMean 23.3231
Model_1_goa_dr_2022.dat 6 2035 SSBF100 65.5649
Model_1_goa_dr_2022.dat 6 2035 SSBFabc 26.2259
Model_1_goa_dr_2022.dat 6 2035 SSBFofl 22.9477
Model_1_goa_dr_2022.dat 6 2035 SSBLCI 19.3645
Model_1_goa_dr_2022.dat 6 2035 SSBUCI 28.7866
Model_1_goa_dr_2022.dat 6 2035 SSBMedian 23.116
Model_1_goa_dr_2022.dat 6 2035 SSBMean 23.499
Model_1_goa_dr_2022.dat 6 2022 F0 0 
Model_1_goa_dr_2022.dat 6 2022 Fabc 0.0913417
Model_1_goa_dr_2022.dat 6 2022 Fofl 0.112301
Model_1_goa_dr_2022.dat 6 2022  F_LCI 0.0291545
Model_1_goa_dr_2022.dat 6 2022  F_UCI 0.0291545
Model_1_goa_dr_2022.dat 6 2022  F_Median 0.0291545
Model_1_goa_dr_2022.dat 6 2022  F_Mean 0.0291545
Model_1_goa_dr_2022.dat 6 2023 F0 0 
Model_1_goa_dr_2022.dat 6 2023 Fabc 0.0913417
Model_1_goa_dr_2022.dat 6 2023 Fofl 0.112301
Model_1_goa_dr_2022.dat 6 2023  F_LCI 0.112301
Model_1_goa_dr_2022.dat 6 2023  F_UCI 0.112301
Model_1_goa_dr_2022.dat 6 2023  F_Median 0.112301
Model_1_goa_dr_2022.dat 6 2023  F_Mean 0.112301
Model_1_goa_dr_2022.dat 6 2024 F0 0 
Model_1_goa_dr_2022.dat 6 2024 Fabc 0.0913417
Model_1_goa_dr_2022.dat 6 2024 Fofl 0.112301
Model_1_goa_dr_2022.dat 6 2024  F_LCI 0.112301
Model_1_goa_dr_2022.dat 6 2024  F_UCI 0.112301
Model_1_goa_dr_2022.dat 6 2024  F_Median 0.112301
Model_1_goa_dr_2022.dat 6 2024  F_Mean 0.112301
Model_1_goa_dr_2022.dat 6 2025 F0 0 
Model_1_goa_dr_2022.dat 6 2025 Fabc 0.0913417
Model_1_goa_dr_2022.dat 6 2025 Fofl 0.112301
Model_1_goa_dr_2022.dat 6 2025  F_LCI 0.112301
Model_1_goa_dr_2022.dat 6 2025  F_UCI 0.112301
Model_1_goa_dr_2022.dat 6 2025  F_Median 0.112301
Model_1_goa_dr_2022.dat 6 2025  F_Mean 0.112301
Model_1_goa_dr_2022.dat 6 2026 F0 0 
Model_1_goa_dr_2022.dat 6 2026 Fabc 0.0913417
Model_1_goa_dr_2022.dat 6 2026 Fofl 0.112301
Model_1_goa_dr_2022.dat 6 2026  F_LCI 0.112301
Model_1_goa_dr_2022.dat 6 2026  F_UCI 0.112301
Model_1_goa_dr_2022.dat 6 2026  F_Median 0.112301
Model_1_goa_dr_2022.dat 6 2026  F_Mean 0.112301
Model_1_goa_dr_2022.dat 6 2027 F0 0 
Model_1_goa_dr_2022.dat 6 2027 Fabc 0.0913417
Model_1_goa_dr_2022.dat 6 2027 Fofl 0.112301
Model_1_goa_dr_2022.dat 6 2027  F_LCI 0.112301
Model_1_goa_dr_2022.dat 6 2027  F_UCI 0.112301
Model_1_goa_dr_2022.dat 6 2027  F_Median 0.112301
Model_1_goa_dr_2022.dat 6 2027  F_Mean 0.112301
Model_1_goa_dr_2022.dat 6 2028 F0 0 
Model_1_goa_dr_2022.dat 6 2028 Fabc 0.0913417
Model_1_goa_dr_2022.dat 6 2028 Fofl 0.112301
Model_1_goa_dr_2022.dat 6 2028  F_LCI 0.109201
Model_1_goa_dr_2022.dat 6 2028  F_UCI 0.112301
Model_1_goa_dr_2022.dat 6 2028  F_Median 0.112301
Model_1_goa_dr_2022.dat 6 2028  F_Mean 0.111466
Model_1_goa_dr_2022.dat 6 2029 F0 0 
Model_1_goa_dr_2022.dat 6 2029 Fabc 0.0913417
Model_1_goa_dr_2022.dat 6 2029 Fofl 0.112301
Model_1_goa_dr_2022.dat 6 2029  F_LCI 0.0986451
Model_1_goa_dr_2022.dat 6 2029  F_UCI 0.112301
Model_1_goa_dr_2022.dat 6 2029  F_Median 0.103735
Model_1_goa_dr_2022.dat 6 2029  F_Mean 0.10441
Model_1_goa_dr_2022.dat 6 2030 F0 0 
Model_1_goa_dr_2022.dat 6 2030 Fabc 0.0913417
Model_1_goa_dr_2022.dat 6 2030 Fofl 0.112301
Model_1_goa_dr_2022.dat 6 2030  F_LCI 0.0913775
Model_1_goa_dr_2022.dat 6 2030  F_UCI 0.112301
Model_1_goa_dr_2022.dat 6 2030  F_Median 0.0986508
Model_1_goa_dr_2022.dat 6 2030  F_Mean 0.0998695
Model_1_goa_dr_2022.dat 6 2031 F0 0 
Model_1_goa_dr_2022.dat 6 2031 Fabc 0.0913417
Model_1_goa_dr_2022.dat 6 2031 Fofl 0.112301
Model_1_goa_dr_2022.dat 6 2031  F_LCI 0.0868914
Model_1_goa_dr_2022.dat 6 2031  F_UCI 0.112301
Model_1_goa_dr_2022.dat 6 2031  F_Median 0.096783
Model_1_goa_dr_2022.dat 6 2031  F_Mean 0.0978187
Model_1_goa_dr_2022.dat 6 2032 F0 0 
Model_1_goa_dr_2022.dat 6 2032 Fabc 0.0913417
Model_1_goa_dr_2022.dat 6 2032 Fofl 0.112301
Model_1_goa_dr_2022.dat 6 2032  F_LCI 0.0839227
Model_1_goa_dr_2022.dat 6 2032  F_UCI 0.112301
Model_1_goa_dr_2022.dat 6 2032  F_Median 0.0963147
Model_1_goa_dr_2022.dat 6 2032  F_Mean 0.0972276
Model_1_goa_dr_2022.dat 6 2033 F0 0 
Model_1_goa_dr_2022.dat 6 2033 Fabc 0.0913417
Model_1_goa_dr_2022.dat 6 2033 Fofl 0.112301
Model_1_goa_dr_2022.dat 6 2033  F_LCI 0.082055
Model_1_goa_dr_2022.dat 6 2033  F_UCI 0.112301
Model_1_goa_dr_2022.dat 6 2033  F_Median 0.0968254
Model_1_goa_dr_2022.dat 6 2033  F_Mean 0.0973625
Model_1_goa_dr_2022.dat 6 2034 F0 0 
Model_1_goa_dr_2022.dat 6 2034 Fabc 0.0913417
Model_1_goa_dr_2022.dat 6 2034 Fofl 0.112301
Model_1_goa_dr_2022.dat 6 2034  F_LCI 0.0815442
Model_1_goa_dr_2022.dat 6 2034  F_UCI 0.112301
Model_1_goa_dr_2022.dat 6 2034  F_Median 0.0974804
Model_1_goa_dr_2022.dat 6 2034  F_Mean 0.0978001
Model_1_goa_dr_2022.dat 6 2035 F0 0 
Model_1_goa_dr_2022.dat 6 2035 Fabc 0.0913417
Model_1_goa_dr_2022.dat 6 2035 Fofl 0.112301
Model_1_goa_dr_2022.dat 6 2035  F_LCI 0.0813737
Model_1_goa_dr_2022.dat 6 2035  F_UCI 0.112301
Model_1_goa_dr_2022.dat 6 2035  F_Median 0.0982834
Model_1_goa_dr_2022.dat 6 2035  F_Mean 0.0983673
Model_1_goa_dr_2022.dat 7 2022 Cabc 4.6223
Model_1_goa_dr_2022.dat 7 2022 Cofl 4.9419
Model_1_goa_dr_2022.dat 7 2022 CLCI 2.64385
Model_1_goa_dr_2022.dat 7 2022 CUCI 2.64385
Model_1_goa_dr_2022.dat 7 2022 CMedian 2.64385
Model_1_goa_dr_2022.dat 7 2022 CMean 2.64385
Model_1_goa_dr_2022.dat 7 2023 Cabc 4.6223
Model_1_goa_dr_2022.dat 7 2023 Cofl 4.9419
Model_1_goa_dr_2022.dat 7 2023 CLCI 7.91649
Model_1_goa_dr_2022.dat 7 2023 CUCI 7.91669
Model_1_goa_dr_2022.dat 7 2023 CMedian 7.91654
Model_1_goa_dr_2022.dat 7 2023 CMean 7.91656
Model_1_goa_dr_2022.dat 7 2024 Cabc 4.6223
Model_1_goa_dr_2022.dat 7 2024 Cofl 4.9419
Model_1_goa_dr_2022.dat 7 2024 CLCI 7.2612
Model_1_goa_dr_2022.dat 7 2024 CUCI 7.26227
Model_1_goa_dr_2022.dat 7 2024 CMedian 7.26151
Model_1_goa_dr_2022.dat 7 2024 CMean 7.26159
Model_1_goa_dr_2022.dat 7 2025 Cabc 4.6223
Model_1_goa_dr_2022.dat 7 2025 Cofl 4.9419
Model_1_goa_dr_2022.dat 7 2025 CLCI 8.05319
Model_1_goa_dr_2022.dat 7 2025 CUCI 8.05912
Model_1_goa_dr_2022.dat 7 2025 CMedian 8.05488
Model_1_goa_dr_2022.dat 7 2025 CMean 8.05535
Model_1_goa_dr_2022.dat 7 2026 Cabc 4.6223
Model_1_goa_dr_2022.dat 7 2026 Cofl 4.9419
Model_1_goa_dr_2022.dat 7 2026 CLCI 7.1412
Model_1_goa_dr_2022.dat 7 2026 CUCI 7.16462
Model_1_goa_dr_2022.dat 7 2026 CMedian 7.14802
Model_1_goa_dr_2022.dat 7 2026 CMean 7.14984
Model_1_goa_dr_2022.dat 7 2027 Cabc 4.6223
Model_1_goa_dr_2022.dat 7 2027 Cofl 4.9419
Model_1_goa_dr_2022.dat 7 2027 CLCI 6.31158
Model_1_goa_dr_2022.dat 7 2027 CUCI 6.3965
Model_1_goa_dr_2022.dat 7 2027 CMedian 6.33653
Model_1_goa_dr_2022.dat 7 2027 CMean 6.3431
Model_1_goa_dr_2022.dat 7 2028 Cabc 4.6223
Model_1_goa_dr_2022.dat 7 2028 Cofl 4.9419
Model_1_goa_dr_2022.dat 7 2028 CLCI 5.59277
Model_1_goa_dr_2022.dat 7 2028 CUCI 5.85559
Model_1_goa_dr_2022.dat 7 2028 CMedian 5.67167
Model_1_goa_dr_2022.dat 7 2028 CMean 5.69255
Model_1_goa_dr_2022.dat 7 2029 Cabc 4.6223
Model_1_goa_dr_2022.dat 7 2029 Cofl 4.9419
Model_1_goa_dr_2022.dat 7 2029 CLCI 4.55728
Model_1_goa_dr_2022.dat 7 2029 CUCI 5.6552
Model_1_goa_dr_2022.dat 7 2029 CMedian 4.98556
Model_1_goa_dr_2022.dat 7 2029 CMean 5.03787
Model_1_goa_dr_2022.dat 7 2030 Cabc 4.6223
Model_1_goa_dr_2022.dat 7 2030 Cofl 4.9419
Model_1_goa_dr_2022.dat 7 2030 CLCI 3.88879
Model_1_goa_dr_2022.dat 7 2030 CUCI 5.73833
Model_1_goa_dr_2022.dat 7 2030 CMedian 4.51193
Model_1_goa_dr_2022.dat 7 2030 CMean 4.63279
Model_1_goa_dr_2022.dat 7 2031 Cabc 4.6223
Model_1_goa_dr_2022.dat 7 2031 Cofl 4.9419
Model_1_goa_dr_2022.dat 7 2031 CLCI 3.5101
Model_1_goa_dr_2022.dat 7 2031 CUCI 5.9045
Model_1_goa_dr_2022.dat 7 2031 CMedian 4.30867
Model_1_goa_dr_2022.dat 7 2031 CMean 4.48158
Model_1_goa_dr_2022.dat 7 2032 Cabc 4.6223
Model_1_goa_dr_2022.dat 7 2032 Cofl 4.9419
Model_1_goa_dr_2022.dat 7 2032 CLCI 3.27728
Model_1_goa_dr_2022.dat 7 2032 CUCI 6.04854
Model_1_goa_dr_2022.dat 7 2032 CMedian 4.29232
Model_1_goa_dr_2022.dat 7 2032 CMean 4.45325
Model_1_goa_dr_2022.dat 7 2033 Cabc 4.6223
Model_1_goa_dr_2022.dat 7 2033 Cofl 4.9419
Model_1_goa_dr_2022.dat 7 2033 CLCI 3.11665
Model_1_goa_dr_2022.dat 7 2033 CUCI 6.1859
Model_1_goa_dr_2022.dat 7 2033 CMedian 4.31056
Model_1_goa_dr_2022.dat 7 2033 CMean 4.47285
Model_1_goa_dr_2022.dat 7 2034 Cabc 4.6223
Model_1_goa_dr_2022.dat 7 2034 Cofl 4.9419
Model_1_goa_dr_2022.dat 7 2034 CLCI 3.07159
Model_1_goa_dr_2022.dat 7 2034 CUCI 6.27699
Model_1_goa_dr_2022.dat 7 2034 CMedian 4.36324
Model_1_goa_dr_2022.dat 7 2034 CMean 4.50881
Model_1_goa_dr_2022.dat 7 2035 Cabc 4.6223
Model_1_goa_dr_2022.dat 7 2035 Cofl 4.9419
Model_1_goa_dr_2022.dat 7 2035 CLCI 3.0531
Model_1_goa_dr_2022.dat 7 2035 CUCI 6.36933
Model_1_goa_dr_2022.dat 7 2035 CMedian 4.44093
Model_1_goa_dr_2022.dat 7 2035 CMean 4.5546
Model_1_goa_dr_2022.dat 7 2022 SSBF100 65.5649
Model_1_goa_dr_2022.dat 7 2022 SSBFabc 26.2259
Model_1_goa_dr_2022.dat 7 2022 SSBFofl 22.9477
Model_1_goa_dr_2022.dat 7 2022 SSBLCI 45.051
Model_1_goa_dr_2022.dat 7 2022 SSBUCI 45.051
Model_1_goa_dr_2022.dat 7 2022 SSBMedian 45.051
Model_1_goa_dr_2022.dat 7 2022 SSBMean 45.051
Model_1_goa_dr_2022.dat 7 2023 SSBF100 65.5649
Model_1_goa_dr_2022.dat 7 2023 SSBFabc 26.2259
Model_1_goa_dr_2022.dat 7 2023 SSBFofl 22.9477
Model_1_goa_dr_2022.dat 7 2023 SSBLCI 44.2232
Model_1_goa_dr_2022.dat 7 2023 SSBUCI 44.25
Model_1_goa_dr_2022.dat 7 2023 SSBMedian 44.2301
Model_1_goa_dr_2022.dat 7 2023 SSBMean 44.2326
Model_1_goa_dr_2022.dat 7 2024 SSBF100 65.5649
Model_1_goa_dr_2022.dat 7 2024 SSBFabc 26.2259
Model_1_goa_dr_2022.dat 7 2024 SSBFofl 22.9477
Model_1_goa_dr_2022.dat 7 2024 SSBLCI 40.8365
Model_1_goa_dr_2022.dat 7 2024 SSBUCI 40.9228
Model_1_goa_dr_2022.dat 7 2024 SSBMedian 40.8623
Model_1_goa_dr_2022.dat 7 2024 SSBMean 40.8691
Model_1_goa_dr_2022.dat 7 2025 SSBF100 65.5649
Model_1_goa_dr_2022.dat 7 2025 SSBFabc 26.2259
Model_1_goa_dr_2022.dat 7 2025 SSBFofl 22.9477
Model_1_goa_dr_2022.dat 7 2025 SSBLCI 37.2533
Model_1_goa_dr_2022.dat 7 2025 SSBUCI 37.4835
Model_1_goa_dr_2022.dat 7 2025 SSBMedian 37.3232
Model_1_goa_dr_2022.dat 7 2025 SSBMean 37.3418
Model_1_goa_dr_2022.dat 7 2026 SSBF100 65.5649
Model_1_goa_dr_2022.dat 7 2026 SSBFabc 26.2259
Model_1_goa_dr_2022.dat 7 2026 SSBFofl 22.9477
Model_1_goa_dr_2022.dat 7 2026 SSBLCI 33.2262
Model_1_goa_dr_2022.dat 7 2026 SSBUCI 33.7615
Model_1_goa_dr_2022.dat 7 2026 SSBMedian 33.3968
Model_1_goa_dr_2022.dat 7 2026 SSBMean 33.4355
Model_1_goa_dr_2022.dat 7 2027 SSBF100 65.5649
Model_1_goa_dr_2022.dat 7 2027 SSBFabc 26.2259
Model_1_goa_dr_2022.dat 7 2027 SSBFofl 22.9477
Model_1_goa_dr_2022.dat 7 2027 SSBLCI 29.5806
Model_1_goa_dr_2022.dat 7 2027 SSBUCI 30.7124
Model_1_goa_dr_2022.dat 7 2027 SSBMedian 29.9574
Model_1_goa_dr_2022.dat 7 2027 SSBMean 30.0263
Model_1_goa_dr_2022.dat 7 2028 SSBF100 65.5649
Model_1_goa_dr_2022.dat 7 2028 SSBFabc 26.2259
Model_1_goa_dr_2022.dat 7 2028 SSBFofl 22.9477
Model_1_goa_dr_2022.dat 7 2028 SSBLCI 26.4246
Model_1_goa_dr_2022.dat 7 2028 SSBUCI 28.5579
Model_1_goa_dr_2022.dat 7 2028 SSBMedian 27.1383
Model_1_goa_dr_2022.dat 7 2028 SSBMean 27.2781
Model_1_goa_dr_2022.dat 7 2029 SSBF100 65.5649
Model_1_goa_dr_2022.dat 7 2029 SSBFabc 26.2259
Model_1_goa_dr_2022.dat 7 2029 SSBFofl 22.9477
Model_1_goa_dr_2022.dat 7 2029 SSBLCI 23.8826
Model_1_goa_dr_2022.dat 7 2029 SSBUCI 27.4568
Model_1_goa_dr_2022.dat 7 2029 SSBMedian 25.0754
Model_1_goa_dr_2022.dat 7 2029 SSBMean 25.3008
Model_1_goa_dr_2022.dat 7 2030 SSBF100 65.5649
Model_1_goa_dr_2022.dat 7 2030 SSBFabc 26.2259
Model_1_goa_dr_2022.dat 7 2030 SSBFofl 22.9477
Model_1_goa_dr_2022.dat 7 2030 SSBLCI 22.1147
Model_1_goa_dr_2022.dat 7 2030 SSBUCI 27.0911
Model_1_goa_dr_2022.dat 7 2030 SSBMedian 23.7659
Model_1_goa_dr_2022.dat 7 2030 SSBMean 24.1397
Model_1_goa_dr_2022.dat 7 2031 SSBF100 65.5649
Model_1_goa_dr_2022.dat 7 2031 SSBFabc 26.2259
Model_1_goa_dr_2022.dat 7 2031 SSBFofl 22.9477
Model_1_goa_dr_2022.dat 7 2031 SSBLCI 21.002
Model_1_goa_dr_2022.dat 7 2031 SSBUCI 27.3698
Model_1_goa_dr_2022.dat 7 2031 SSBMedian 23.2137
Model_1_goa_dr_2022.dat 7 2031 SSBMean 23.597
Model_1_goa_dr_2022.dat 7 2032 SSBF100 65.5649
Model_1_goa_dr_2022.dat 7 2032 SSBFabc 26.2259
Model_1_goa_dr_2022.dat 7 2032 SSBFofl 22.9477
Model_1_goa_dr_2022.dat 7 2032 SSBLCI 20.2569
Model_1_goa_dr_2022.dat 7 2032 SSBUCI 27.8288
Model_1_goa_dr_2022.dat 7 2032 SSBMedian 23.0051
Model_1_goa_dr_2022.dat 7 2032 SSBMean 23.4194
Model_1_goa_dr_2022.dat 7 2033 SSBF100 65.5649
Model_1_goa_dr_2022.dat 7 2033 SSBFabc 26.2259
Model_1_goa_dr_2022.dat 7 2033 SSBFofl 22.9477
Model_1_goa_dr_2022.dat 7 2033 SSBLCI 19.7689
Model_1_goa_dr_2022.dat 7 2033 SSBUCI 28.3971
Model_1_goa_dr_2022.dat 7 2033 SSBMedian 23.0433
Model_1_goa_dr_2022.dat 7 2033 SSBMean 23.4292
Model_1_goa_dr_2022.dat 7 2034 SSBF100 65.5649
Model_1_goa_dr_2022.dat 7 2034 SSBFabc 26.2259
Model_1_goa_dr_2022.dat 7 2034 SSBFofl 22.9477
Model_1_goa_dr_2022.dat 7 2034 SSBLCI 19.6003
Model_1_goa_dr_2022.dat 7 2034 SSBUCI 28.6803
Model_1_goa_dr_2022.dat 7 2034 SSBMedian 23.123
Model_1_goa_dr_2022.dat 7 2034 SSBMean 23.523
Model_1_goa_dr_2022.dat 7 2035 SSBF100 65.5649
Model_1_goa_dr_2022.dat 7 2035 SSBFabc 26.2259
Model_1_goa_dr_2022.dat 7 2035 SSBFofl 22.9477
Model_1_goa_dr_2022.dat 7 2035 SSBLCI 19.5169
Model_1_goa_dr_2022.dat 7 2035 SSBUCI 28.9664
Model_1_goa_dr_2022.dat 7 2035 SSBMedian 23.2557
Model_1_goa_dr_2022.dat 7 2035 SSBMean 23.6516
Model_1_goa_dr_2022.dat 7 2022 F0 0 
Model_1_goa_dr_2022.dat 7 2022 Fabc 0.0913417
Model_1_goa_dr_2022.dat 7 2022 Fofl 0.112301
Model_1_goa_dr_2022.dat 7 2022  F_LCI 0.0291545
Model_1_goa_dr_2022.dat 7 2022  F_UCI 0.0291545
Model_1_goa_dr_2022.dat 7 2022  F_Median 0.0291545
Model_1_goa_dr_2022.dat 7 2022  F_Mean 0.0291545
Model_1_goa_dr_2022.dat 7 2023 F0 0 
Model_1_goa_dr_2022.dat 7 2023 Fabc 0.0913417
Model_1_goa_dr_2022.dat 7 2023 Fofl 0.112301
Model_1_goa_dr_2022.dat 7 2023  F_LCI 0.0913417
Model_1_goa_dr_2022.dat 7 2023  F_UCI 0.0913417
Model_1_goa_dr_2022.dat 7 2023  F_Median 0.0913417
Model_1_goa_dr_2022.dat 7 2023  F_Mean 0.0913417
Model_1_goa_dr_2022.dat 7 2024 F0 0 
Model_1_goa_dr_2022.dat 7 2024 Fabc 0.0913417
Model_1_goa_dr_2022.dat 7 2024 Fofl 0.112301
Model_1_goa_dr_2022.dat 7 2024  F_LCI 0.0913417
Model_1_goa_dr_2022.dat 7 2024  F_UCI 0.0913417
Model_1_goa_dr_2022.dat 7 2024  F_Median 0.0913417
Model_1_goa_dr_2022.dat 7 2024  F_Mean 0.0913417
Model_1_goa_dr_2022.dat 7 2025 F0 0 
Model_1_goa_dr_2022.dat 7 2025 Fabc 0.0913417
Model_1_goa_dr_2022.dat 7 2025 Fofl 0.112301
Model_1_goa_dr_2022.dat 7 2025  F_LCI 0.112301
Model_1_goa_dr_2022.dat 7 2025  F_UCI 0.112301
Model_1_goa_dr_2022.dat 7 2025  F_Median 0.112301
Model_1_goa_dr_2022.dat 7 2025  F_Mean 0.112301
Model_1_goa_dr_2022.dat 7 2026 F0 0 
Model_1_goa_dr_2022.dat 7 2026 Fabc 0.0913417
Model_1_goa_dr_2022.dat 7 2026 Fofl 0.112301
Model_1_goa_dr_2022.dat 7 2026  F_LCI 0.112301
Model_1_goa_dr_2022.dat 7 2026  F_UCI 0.112301
Model_1_goa_dr_2022.dat 7 2026  F_Median 0.112301
Model_1_goa_dr_2022.dat 7 2026  F_Mean 0.112301
Model_1_goa_dr_2022.dat 7 2027 F0 0 
Model_1_goa_dr_2022.dat 7 2027 Fabc 0.0913417
Model_1_goa_dr_2022.dat 7 2027 Fofl 0.112301
Model_1_goa_dr_2022.dat 7 2027  F_LCI 0.112301
Model_1_goa_dr_2022.dat 7 2027  F_UCI 0.112301
Model_1_goa_dr_2022.dat 7 2027  F_Median 0.112301
Model_1_goa_dr_2022.dat 7 2027  F_Mean 0.112301
Model_1_goa_dr_2022.dat 7 2028 F0 0 
Model_1_goa_dr_2022.dat 7 2028 Fabc 0.0913417
Model_1_goa_dr_2022.dat 7 2028 Fofl 0.112301
Model_1_goa_dr_2022.dat 7 2028  F_LCI 0.112301
Model_1_goa_dr_2022.dat 7 2028  F_UCI 0.112301
Model_1_goa_dr_2022.dat 7 2028  F_Median 0.112301
Model_1_goa_dr_2022.dat 7 2028  F_Mean 0.1123
Model_1_goa_dr_2022.dat 7 2029 F0 0 
Model_1_goa_dr_2022.dat 7 2029 Fabc 0.0913417
Model_1_goa_dr_2022.dat 7 2029 Fofl 0.112301
Model_1_goa_dr_2022.dat 7 2029  F_LCI 0.101739
Model_1_goa_dr_2022.dat 7 2029  F_UCI 0.112301
Model_1_goa_dr_2022.dat 7 2029  F_Median 0.107115
Model_1_goa_dr_2022.dat 7 2029  F_Mean 0.107292
Model_1_goa_dr_2022.dat 7 2030 F0 0 
Model_1_goa_dr_2022.dat 7 2030 Fabc 0.0913417
Model_1_goa_dr_2022.dat 7 2030 Fofl 0.112301
Model_1_goa_dr_2022.dat 7 2030  F_LCI 0.09377
Model_1_goa_dr_2022.dat 7 2030  F_UCI 0.112301
Model_1_goa_dr_2022.dat 7 2030  F_Median 0.101212
Model_1_goa_dr_2022.dat 7 2030  F_Mean 0.102191
Model_1_goa_dr_2022.dat 7 2031 F0 0 
Model_1_goa_dr_2022.dat 7 2031 Fabc 0.0913417
Model_1_goa_dr_2022.dat 7 2031 Fofl 0.112301
Model_1_goa_dr_2022.dat 7 2031  F_LCI 0.0887543
Model_1_goa_dr_2022.dat 7 2031  F_UCI 0.112301
Model_1_goa_dr_2022.dat 7 2031  F_Median 0.0987237
Model_1_goa_dr_2022.dat 7 2031  F_Mean 0.0995786
Model_1_goa_dr_2022.dat 7 2032 F0 0 
Model_1_goa_dr_2022.dat 7 2032 Fabc 0.0913417
Model_1_goa_dr_2022.dat 7 2032 Fofl 0.112301
Model_1_goa_dr_2022.dat 7 2032  F_LCI 0.0853957
Model_1_goa_dr_2022.dat 7 2032  F_UCI 0.112301
Model_1_goa_dr_2022.dat 7 2032  F_Median 0.0977833
Model_1_goa_dr_2022.dat 7 2032  F_Mean 0.0985509
Model_1_goa_dr_2022.dat 7 2033 F0 0 
Model_1_goa_dr_2022.dat 7 2033 Fabc 0.0913417
Model_1_goa_dr_2022.dat 7 2033 Fofl 0.112301
Model_1_goa_dr_2022.dat 7 2033  F_LCI 0.0831961
Model_1_goa_dr_2022.dat 7 2033  F_UCI 0.112301
Model_1_goa_dr_2022.dat 7 2033  F_Median 0.0979554
Model_1_goa_dr_2022.dat 7 2033  F_Mean 0.0983528
Model_1_goa_dr_2022.dat 7 2034 F0 0 
Model_1_goa_dr_2022.dat 7 2034 Fabc 0.0913417
Model_1_goa_dr_2022.dat 7 2034 Fofl 0.112301
Model_1_goa_dr_2022.dat 7 2034  F_LCI 0.0824365
Model_1_goa_dr_2022.dat 7 2034  F_UCI 0.112301
Model_1_goa_dr_2022.dat 7 2034  F_Median 0.0983149
Model_1_goa_dr_2022.dat 7 2034  F_Mean 0.0985356
Model_1_goa_dr_2022.dat 7 2035 F0 0 
Model_1_goa_dr_2022.dat 7 2035 Fabc 0.0913417
Model_1_goa_dr_2022.dat 7 2035 Fofl 0.112301
Model_1_goa_dr_2022.dat 7 2035  F_LCI 0.0820605
Model_1_goa_dr_2022.dat 7 2035  F_UCI 0.112301
Model_1_goa_dr_2022.dat 7 2035  F_Median 0.0989129
Model_1_goa_dr_2022.dat 7 2035  F_Mean 0.0989096
