Alternative 1 Catch
     Model_1_goa_dr_2020.dat 
Equil_Fabc 4.36227 
Year 
2020 2.1975 
2021 2.99749 
2022 7.06889 
2023 6.48863 
2024 5.87786 
2025 5.31157 
2026 4.83962 
2027 4.51739 
2028 4.28649 
2029 4.14649 
2030 4.08998 
2031 4.07592 
2032 4.08351 
2033 4.10602 

Alternative 1 ABCs
     Model_1_goa_dr_2020.dat 

Year 
2020  NA 
2021  NA 
2022 7.06889 
2023 6.48863 
2024 5.87786 
2025 5.31157 
2026 4.83962 
2027 4.51739 
2028 4.28649 
2029 4.14649 
2030 4.08998 
2031 4.07592 
2032 4.08351 
2033 4.10602 

Alternative 1 TACs
     Model_1_goa_dr_2020.dat 

Year 
2020  NA 
2021  NA 
2022 7.06889 
2023 6.48863 
2024 5.87786 
2025 5.31157 
2026 4.83962 
2027 4.51739 
2028 4.28649 
2029 4.14649 
2030 4.08998 
2031 4.07592 
2032 4.08351 
2033 4.10602 

Alternative 1 Sp_Biomass
     Model_1_goa_dr_2020.dat 
Equil_Fabc 24.3421 
Year 
2020 37.5942 
2021 38.5419 
2022 38.1781 
2023 35.5812 
2024 32.7538 
2025 30.0644 
2026 27.7808 
2027 26.0693 
2028 24.965 
2029 24.375 
2030 24.1288 
2031 24.0768 
2032 24.1265 
2033 24.23 

Alternative 1 Fishing Mortality
     Model_1_goa_dr_2020.dat 
Equil_Fabc 0.0929257 
Year 
2020 0.0290868 
2021 0.0382227 
2022 0.0929257 
2023 0.0929257 
2024 0.0929257 
2025 0.0929257 
2026 0.0929257 
2027 0.0929168 
2028 0.0912672 
2029 0.0891332 
2030 0.0878263 
2031 0.0871973 
2032 0.0869653 
2033 0.0869439 

Alternative 1 Biomass
     Model_1_goa_dr_2020.dat 

Year 
2020 99.2454 
2021 97.7665 
2022 95.6821 
2023 89.9733 
2024 85.3701 
2025 81.9183 
2026 79.538 
2027 78.1018 
2028 77.3148 
2029 77.0712 
2030 77.0461 
2031 77.2069 
2032 77.3599 
2033 77.5414 

Alternative 1 Implied SPR rate 
     Model_1_goa_dr_2020.dat 
Equil_Fabc 0.4 
Year 
2020 0.686622 
2021 0.62387 
2022 0.4 
2023 0.4 
2024 0.4 
2025 0.4 
2026 0.4 
2027 0.400024 
2028 0.404558 
2029 0.410686 
2030 0.41462 
2031 0.416615 
2032 0.41742 
2033 0.417559 

  Model_1_goa_dr_2020.dat 
EquilAvgAgeF0  12.2212 
EquilAvgAgeFabc  7.64257 
AvgAgeYr2033 8.0285 
Alternative 2 Catch
     Model_1_goa_dr_2020.dat 
Equil_Fabc 4.36227 
Year 
2020 2.1975 
2021 2.99749 
2022 7.06889 
2023 6.48863 
2024 5.87786 
2025 5.31157 
2026 4.83962 
2027 4.51739 
2028 4.28649 
2029 4.14649 
2030 4.08998 
2031 4.07592 
2032 4.08351 
2033 4.10602 

Alternative 2 ABCs
     Model_1_goa_dr_2020.dat 

Year 
2020  NA 
2021  NA 
2022 7.06889 
2023 6.48863 
2024 5.87786 
2025 5.31157 
2026 4.83962 
2027 4.51739 
2028 4.28649 
2029 4.14649 
2030 4.08998 
2031 4.07592 
2032 4.08351 
2033 4.10602 

Alternative 2 TACs
     Model_1_goa_dr_2020.dat 

Year 
2020  NA 
2021  NA 
2022 7.06889 
2023 6.48863 
2024 5.87786 
2025 5.31157 
2026 4.83962 
2027 4.51739 
2028 4.28649 
2029 4.14649 
2030 4.08998 
2031 4.07592 
2032 4.08351 
2033 4.10602 

Alternative 2 Sp_Biomass
     Model_1_goa_dr_2020.dat 
Equil_Fabc 24.3421 
Year 
2020 37.5942 
2021 38.5419 
2022 38.1781 
2023 35.5812 
2024 32.7538 
2025 30.0644 
2026 27.7808 
2027 26.0693 
2028 24.965 
2029 24.375 
2030 24.1288 
2031 24.0768 
2032 24.1265 
2033 24.23 

Alternative 2 Fishing Mortality
     Model_1_goa_dr_2020.dat 
Equil_Fabc 0.0929257 
Year 
2020 0.0290868 
2021 0.0382227 
2022 0.0929257 
2023 0.0929257 
2024 0.0929257 
2025 0.0929257 
2026 0.0929257 
2027 0.0929168 
2028 0.0912672 
2029 0.0891332 
2030 0.0878263 
2031 0.0871973 
2032 0.0869653 
2033 0.0869439 

Alternative 2 Biomass
     Model_1_goa_dr_2020.dat 

Year 
2020 99.2454 
2021 97.7665 
2022 95.6821 
2023 89.9733 
2024 85.3701 
2025 81.9183 
2026 79.538 
2027 78.1018 
2028 77.3148 
2029 77.0712 
2030 77.0461 
2031 77.2069 
2032 77.3599 
2033 77.5414 

Alternative 2 Implied SPR rate 
     Model_1_goa_dr_2020.dat 
Equil_Fabc 0.4 
Year 
2020 0.686622 
2021 0.62387 
2022 0.4 
2023 0.4 
2024 0.4 
2025 0.4 
2026 0.4 
2027 0.400024 
2028 0.404558 
2029 0.410686 
2030 0.41462 
2031 0.416615 
2032 0.41742 
2033 0.417559 

  Model_1_goa_dr_2020.dat 
EquilAvgAgeF0  12.2212 
EquilAvgAgeFabc  7.64257 
AvgAgeYr2033 8.0285 
Alternative 3 Catch
     Model_1_goa_dr_2020.dat 
Equil_Fabc 4.36227 
Year 
2020 2.1975 
2021 2.99749 
2022 3.61227 
2023 3.46515 
2024 3.27818 
2025 3.08885 
2026 2.92461 
2027 2.81755 
2028 2.77881 
2029 2.78408 
2030 2.80685 
2031 2.83338 
2032 2.86022 
2033 2.88897 

Alternative 3 ABCs
     Model_1_goa_dr_2020.dat 

Year 
2020  NA 
2021  NA 
2022 3.61227 
2023 3.46515 
2024 3.27818 
2025 3.08885 
2026 2.92461 
2027 2.81755 
2028 2.77881 
2029 2.78408 
2030 2.80685 
2031 2.83338 
2032 2.86022 
2033 2.88897 

Alternative 3 TACs
     Model_1_goa_dr_2020.dat 

Year 
2020  NA 
2021  NA 
2022 3.61227 
2023 3.46515 
2024 3.27818 
2025 3.08885 
2026 2.92461 
2027 2.81755 
2028 2.77881 
2029 2.78408 
2030 2.80685 
2031 2.83338 
2032 2.86022 
2033 2.88897 

Alternative 3 Sp_Biomass
     Model_1_goa_dr_2020.dat 
Equil_Fabc 24.3421 
Year 
2020 37.5942 
2021 38.5419 
2022 38.4615 
2023 37.4426 
2024 35.9727 
2025 34.3879 
2026 32.9644 
2027 31.9018 
2028 31.2855 
2029 31.0569 
2030 31.0902 
2031 31.2764 
2032 31.5424 
2033 31.8475 

Alternative 3 Fishing Mortality
     Model_1_goa_dr_2020.dat 
Equil_Fabc 0.0929257 
Year 
2020 0.0290868 
2021 0.0382227 
2022 0.0464629 
2023 0.0464629 
2024 0.0464629 
2025 0.0464629 
2026 0.0464629 
2027 0.0464629 
2028 0.0464629 
2029 0.0464629 
2030 0.0464629 
2031 0.0464601 
2032 0.0464459 
2033 0.0464266 

Alternative 3 Biomass
     Model_1_goa_dr_2020.dat 

Year 
2020 99.2454 
2021 97.7665 
2022 95.6821 
2023 93.4193 
2024 91.6735 
2025 90.5098 
2026 89.9109 
2027 89.8391 
2028 90.1205 
2029 90.6938 
2030 91.2971 
2031 91.9777 
2032 92.5874 
2033 93.1864 

Alternative 3 Implied SPR rate 
     Model_1_goa_dr_2020.dat 
Equil_Fabc 0.4 
Year 
2020 0.686622 
2021 0.62387 
2022 0.576018 
2023 0.576018 
2024 0.576018 
2025 0.576018 
2026 0.576018 
2027 0.576018 
2028 0.576018 
2029 0.576018 
2030 0.576018 
2031 0.576033 
2032 0.57611 
2033 0.576217 

  Model_1_goa_dr_2020.dat 
EquilAvgAgeF0  12.2212 
EquilAvgAgeFabc  7.64257 
AvgAgeYr2033 9.20722 
Alternative 4 Catch
     Model_1_goa_dr_2020.dat 
Equil_Fabc 4.36227 
Year 
2020 2.1975 
2021 2.99749 
2022 3.14757 
2023 3.0369 
2024 2.88948 
2025 2.73768 
2026 2.60545 
2027 2.52099 
2028 2.49463 
2029 2.50579 
2030 2.5317 
2031 2.56062 
2032 2.58987 
2033 2.6206 

Alternative 4 ABCs
     Model_1_goa_dr_2020.dat 

Year 
2020  NA 
2021  NA 
2022 3.14757 
2023 3.0369 
2024 2.88948 
2025 2.73768 
2026 2.60545 
2027 2.52099 
2028 2.49463 
2029 2.50579 
2030 2.5317 
2031 2.56062 
2032 2.58987 
2033 2.6206 

Alternative 4 TACs
     Model_1_goa_dr_2020.dat 

Year 
2020  NA 
2021  NA 
2022 3.14757 
2023 3.0369 
2024 2.88948 
2025 2.73768 
2026 2.60545 
2027 2.52099 
2028 2.49463 
2029 2.50579 
2030 2.5317 
2031 2.56062 
2032 2.58987 
2033 2.6206 

Alternative 4 Sp_Biomass
     Model_1_goa_dr_2020.dat 
Equil_Fabc 24.3421 
Year 
2020 37.5942 
2021 38.5419 
2022 38.4988 
2023 37.694 
2024 36.4186 
2025 35.002 
2026 33.7189 
2027 32.7713 
2028 32.2504 
2029 32.1045 
2030 32.2131 
2031 32.4699 
2032 32.8027 
2033 33.1707 

Alternative 4 Fishing Mortality
     Model_1_goa_dr_2020.dat 
Equil_Fabc 0.0929257 
Year 
2020 0.0290868 
2021 0.0382227 
2022 0.0403697 
2023 0.0403697 
2024 0.0403697 
2025 0.0403697 
2026 0.0403697 
2027 0.0403697 
2028 0.0403697 
2029 0.0403697 
2030 0.0403697 
2031 0.0403697 
2032 0.0403697 
2033 0.0403697 

Alternative 4 Biomass
     Model_1_goa_dr_2020.dat 

Year 
2020 99.2454 
2021 97.7665 
2022 95.6821 
2023 93.8827 
2024 92.5427 
2025 91.7243 
2026 91.4135 
2027 91.58 
2028 92.0626 
2029 92.8129 
2030 93.5771 
2031 94.407 
2032 95.156 
2033 95.8847 

Alternative 4 Implied SPR rate 
     Model_1_goa_dr_2020.dat 
Equil_Fabc 0.4 
Year 
2020 0.686622 
2021 0.62387 
2022 0.610686 
2023 0.610686 
2024 0.610686 
2025 0.610686 
2026 0.610686 
2027 0.610686 
2028 0.610686 
2029 0.610686 
2030 0.610686 
2031 0.610686 
2032 0.610686 
2033 0.610686 

  Model_1_goa_dr_2020.dat 
EquilAvgAgeF0  12.2212 
EquilAvgAgeFabc  7.64257 
AvgAgeYr2033 9.39531 
Alternative 5 Catch
     Model_1_goa_dr_2020.dat 
Equil_Fabc 4.36227 
Year 
2020 2.1975 
2021 2.99749 
2022  NA 
2023  NA 
2024  NA 
2025  NA 
2026  NA 
2027  NA 
2028  NA 
2029  NA 
2030  NA 
2031  NA 
2032  NA 
2033  NA 

Alternative 5 ABCs
     Model_1_goa_dr_2020.dat 

Year 
2020  NA 
2021  NA 
2022  NA 
2023  NA 
2024  NA 
2025  NA 
2026  NA 
2027  NA 
2028  NA 
2029  NA 
2030  NA 
2031  NA 
2032  NA 
2033  NA 

Alternative 5 TACs
     Model_1_goa_dr_2020.dat 

Year 
2020  NA 
2021  NA 
2022  NA 
2023  NA 
2024  NA 
2025  NA 
2026  NA 
2027  NA 
2028  NA 
2029  NA 
2030  NA 
2031  NA 
2032  NA 
2033  NA 

Alternative 5 Sp_Biomass
     Model_1_goa_dr_2020.dat 
Equil_Fabc 24.3421 
Year 
2020 37.5942 
2021 38.5419 
2022 38.747 
2023 39.4042 
2024 39.5217 
2025 39.3743 
2026 39.2152 
2027 39.2494 
2028 39.5973 
2029 40.2471 
2030 41.1095 
2031 42.0959 
2032 43.1384 
2033 44.1948 

Alternative 5 Fishing Mortality
     Model_1_goa_dr_2020.dat 
Equil_Fabc 0.0929257 
Year 
2020 0.0290868 
2021 0.0382227 
2022  NA 
2023  NA 
2024  NA 
2025  NA 
2026  NA 
2027  NA 
2028  NA 
2029  NA 
2030  NA 
2031  NA 
2032  NA 
2033  NA 

Alternative 5 Biomass
     Model_1_goa_dr_2020.dat 

Year 
2020 99.2454 
2021 97.7665 
2022 95.6821 
2023 97.022 
2024 98.5662 
2025 100.334 
2026 102.309 
2027 104.487 
2028 106.772 
2029 109.19 
2030 111.531 
2031 113.875 
2032 116.081 
2033 118.214 

Alternative 5 Implied SPR rate 
     Model_1_goa_dr_2020.dat 
Equil_Fabc 0.4 
Year 
2020 0.686622 
2021 0.62387 
2022 1 
2023 1 
2024 1 
2025 1 
2026 1 
2027 1 
2028 1 
2029 1 
2030 1 
2031 1 
2032 1 
2033 1 

  Model_1_goa_dr_2020.dat 
EquilAvgAgeF0  12.2212 
EquilAvgAgeFabc  7.64257 
AvgAgeYr2033 10.7863 
Alternative 6 Catch
     Model_1_goa_dr_2020.dat 
Equil_Fabc 4.36227 
Year 
2020 2.1975 
2021 8.6638 
2022 8.03849 
2023 7.24434 
2024 6.44715 
2025 5.73086 
2026 5.07917 
2027 4.42622 
2028 4.12889 
2029 4.05147 
2030 4.07172 
2031 4.12384 
2032 4.1846 
2033 4.25144 

Alternative 6 ABCs
     Model_1_goa_dr_2020.dat 

Year 
2020 8.32034 
2021 8.66381 
2022 8.03849 
2023 7.24434 
2024 6.44715 
2025 5.73086 
2026 5.07917 
2027 4.42622 
2028 4.12889 
2029 4.05147 
2030 4.07172 
2031 4.12384 
2032 4.1846 
2033 4.25144 

Alternative 6 TACs
     Model_1_goa_dr_2020.dat 

Year 
2020  NA 
2021 8.66381 
2022 8.03849 
2023 7.24434 
2024 6.44715 
2025 5.73086 
2026 5.07917 
2027 4.42622 
2028 4.12889 
2029 4.05147 
2030 4.07172 
2031 4.12384 
2032 4.1846 
2033 4.25144 

Alternative 6 Sp_Biomass
     Model_1_goa_dr_2020.dat 
Equil_Fabc 24.3421 
Year 
2020 37.5942 
2021 38.0893 
2022 35.5075 
2023 32.5004 
2024 29.4077 
2025 26.5799 
2026 24.2648 
2027 22.6438 
2028 21.7717 
2029 21.4287 
2030 21.3881 
2031 21.4946 
2032 21.6617 
2033 21.8493 

Alternative 6 Fishing Mortality
     Model_1_goa_dr_2020.dat 
Equil_Fabc 0.0929257 
Year 
2020 0.0290868 
2021 0.114372 
2022 0.114372 
2023 0.114372 
2024 0.114372 
2025 0.114372 
2026 0.112685 
2027 0.105404 
2028 0.100937 
2029 0.0989124 
2030 0.0983571 
2031 0.0985283 
2032 0.0990174 
2033 0.0996423 

Alternative 6 Biomass
     Model_1_goa_dr_2020.dat 

Year 
2020 99.2454 
2021 97.7665 
2022 90.0147 
2023 83.5593 
2024 78.4844 
2025 74.7905 
2026 72.3482 
2027 71.0468 
2028 70.723 
2029 70.9902 
2030 71.3905 
2031 71.8774 
2032 72.2706 
2033 72.6234 

Alternative 6 Implied SPR rate 
     Model_1_goa_dr_2020.dat 
Equil_Fabc 0.4 
Year 
2020 0.686622 
2021 0.35 
2022 0.35 
2023 0.35 
2024 0.35 
2025 0.35 
2026 0.353519 
2027 0.369648 
2028 0.38049 
2029 0.385861 
2030 0.387624 
2031 0.387463 
2032 0.386397 
2033 0.384932 

  Model_1_goa_dr_2020.dat 
EquilAvgAgeF0  12.2212 
EquilAvgAgeFabc  7.64257 
AvgAgeYr2033 7.60549 
Alternative 7 Catch
     Model_1_goa_dr_2020.dat 
Equil_Fabc 4.36227 
Year 
2020 2.1975 
2021 7.10792 
2022 6.72628 
2023 7.53285 
2024 6.69598 
2025 5.94326 
2026 5.32673 
2027 4.67593 
2028 4.31627 
2029 4.1925 
2030 4.17786 
2031 4.20408 
2032 4.24563 
2033 4.29772 

Alternative 7 ABCs
     Model_1_goa_dr_2020.dat 

Year 
2020 8.32034 
2021 8.66381 
2022 8.19638 
2023 7.53285 
2024 6.69598 
2025 5.94326 
2026 5.32673 
2027 4.67593 
2028 4.31627 
2029 4.1925 
2030 4.17786 
2031 4.20408 
2032 4.24563 
2033 4.29772 

Alternative 7 TACs
     Model_1_goa_dr_2020.dat 

Year 
2020  NA 
2021 8.66381 
2022 8.19638 
2023 7.53285 
2024 6.69598 
2025 5.94326 
2026 5.32673 
2027 4.67593 
2028 4.31627 
2029 4.1925 
2030 4.17786 
2031 4.20408 
2032 4.24563 
2033 4.29772 

Alternative 7 Sp_Biomass
     Model_1_goa_dr_2020.dat 
Equil_Fabc 24.3421 
Year 
2020 37.5942 
2021 38.2162 
2022 36.3283 
2023 33.789 
2024 30.5341 
2025 27.5509 
2026 25.0878 
2027 23.3067 
2028 22.285 
2029 21.8261 
2030 21.6954 
2031 21.7315 
2032 21.8438 
2033 21.9889 

Alternative 7 Fishing Mortality
     Model_1_goa_dr_2020.dat 
Equil_Fabc 0.0929257 
Year 
2020 0.0290868 
2021 0.0929257 
2022 0.0929257 
2023 0.114372 
2024 0.114372 
2025 0.114372 
2026 0.114288 
2027 0.108237 
2028 0.10318 
2029 0.100617 
2030 0.0996239 
2031 0.0994683 
2032 0.0997208 
2033 0.100165 

Alternative 7 Biomass
     Model_1_goa_dr_2020.dat 

Year 
2020 99.2454 
2021 97.7665 
2022 91.5705 
2023 86.363 
2024 80.8818 
2025 76.8295 
2026 74.0751 
2027 72.4376 
2028 71.7895 
2029 71.8085 
2030 72.0181 
2031 72.3587 
2032 72.6395 
2033 72.9055 

Alternative 7 Implied SPR rate 
     Model_1_goa_dr_2020.dat 
Equil_Fabc 0.4 
Year 
2020 0.686622 
2021 0.4 
2022 0.4 
2023 0.35 
2024 0.35 
2025 0.35 
2026 0.350172 
2027 0.363237 
2028 0.375085 
2029 0.381602 
2030 0.384393 
2031 0.385044 
2032 0.384585 
2033 0.383588 

  Model_1_goa_dr_2020.dat 
EquilAvgAgeF0  12.2212 
EquilAvgAgeFabc  7.64257 
AvgAgeYr2033 7.63844 
