
SB0 SB40 SB35 MeanRec HarMeanRec Bnow
60.8552 24.3421 21.2993 0.00797635 0.00485885 38.2018 
CV Recruit
0.801007 
Alternative 1 Alternative  Stock: Model_1_goa_dr_2020.dat
Catch Model_1_goa_dr_2020.dat
Year C0 Cabc Cofl LowCI_Catch Median_Catch Mean_Catch UpperCI_Catch Stdev_Catch 
2020  0 4.36227 4.66772 2.1975 2.1975 2.1975 2.1975 1.19904e-14 
2021  0 4.36227 4.66772 2.99749 2.99749 2.99749 2.99749 1.10535e-11 
2022  0 4.36227 4.66772 7.06851 7.06879 7.06889 7.06959 0.00037944 
2023  0 4.36227 4.66772 6.48691 6.48821 6.48863 6.4918 0.00171133 
2024  0 4.36227 4.66772 5.87083 5.87613 5.87786 5.89063 0.006932 
2025  0 4.36227 4.66772 5.28555 5.30548 5.31157 5.35894 0.025423 
2026  0 4.36227 4.66772 4.75537 4.82061 4.83962 4.9886 0.0809328 
2027  0 4.36227 4.66772 4.30272 4.46853 4.51739 4.87945 0.202164 
2028  0 4.36227 4.66772 3.69116 4.25746 4.28649 5.01917 0.432955 
2029  0 4.36227 4.66772 3.28416 4.06422 4.14649 5.22488 0.640856 
2030  0 4.36227 4.66772 3.00652 4.0048 4.08998 5.38568 0.775531 
2031  0 4.36227 4.66772 2.83127 4.01631 4.07592 5.50721 0.853404 
2032  0 4.36227 4.66772 2.73576 4.03137 4.08351 5.59267 0.898076 
2033  0 4.36227 4.66772 2.71177 4.08151 4.10602 5.65443 0.927834 

Spawning_Biomass Model_1_goa_dr_2020.dat
Year SSB100 SSBabc SSBofl LowCI_SSB Median_SSB Mean_SSB UpperCI_SSB Stdev_SSB 
2020 60.8552 24.3421 21.2993 37.5942 37.5942 37.5942 37.5942 1.27898e-13 
2021 60.8552 24.3421 21.2993 38.5323 38.539 38.5419 38.5616 0.0101767 
2022 60.8552 24.3421 21.2993 38.1444 38.1697 38.1781 38.2385 0.0329488 
2023 60.8552 24.3421 21.2993 35.4886 35.5595 35.5812 35.7371 0.0871655 
2024 60.8552 24.3421 21.2993 32.535 32.7046 32.7538 33.1075 0.202745 
2025 60.8552 24.3421 21.2993 29.5984 29.9575 30.0644 30.833 0.424677 
2026 60.8552 24.3421 21.2993 26.8886 27.5917 27.7808 29.203 0.799103 
2027 60.8552 24.3421 21.2993 24.5615 25.7658 26.0693 28.4863 1.33594 
2028 60.8552 24.3421 21.2993 22.6956 24.5005 24.965 28.4641 1.96289 
2029 60.8552 24.3421 21.2993 21.3705 23.8103 24.375 28.9799 2.54248 
2030 60.8552 24.3421 21.2993 20.4351 23.4765 24.1288 29.6777 2.99623 
2031 60.8552 24.3421 21.2993 19.9032 23.4622 24.0768 30.4173 3.31566 
2032 60.8552 24.3421 21.2993 19.6163 23.4514 24.1265 30.7432 3.53418 
2033 60.8552 24.3421 21.2993 19.412 23.577 24.23 30.9155 3.69571 

Fishing_mortalityModel_1_goa_dr_2020.dat
Year F0 Fabc Fofl LowCI_F Median_F Mean_F UpperCI_F Stdev_F 
2020  0 0.0929257 0.114372 0.0290868 0.0290868 0.0290868 0.0290868 5.44703e-16 
2021  0 0.0929257 0.114372 0.038222 0.0382228 0.0382227 0.038223 3.7342e-07 
2022  0 0.0929257 0.114372 0.0929257 0.0929257 0.0929257 0.0929257 1.23512e-15 
2023  0 0.0929257 0.114372 0.0929257 0.0929257 0.0929257 0.0929257 1.23512e-15 
2024  0 0.0929257 0.114372 0.0929257 0.0929257 0.0929257 0.0929257 1.23512e-15 
2025  0 0.0929257 0.114372 0.0929257 0.0929257 0.0929257 0.0929257 1.23512e-15 
2026  0 0.0929257 0.114372 0.0929257 0.0929257 0.0929257 0.0929257 1.23512e-15 
2027  0 0.0929257 0.114372 0.0929257 0.0929257 0.0929168 0.0929257 8.9037e-05 
2028  0 0.0929257 0.114372 0.0863095 0.0929257 0.0912672 0.0929257 0.0023747 
2029  0 0.0929257 0.114372 0.0809848 0.0907889 0.0891332 0.0929257 0.00430799 
2030  0 0.0929257 0.114372 0.077226 0.0894473 0.0878263 0.0929257 0.00554893 
2031  0 0.0929257 0.114372 0.0750884 0.08939 0.0871973 0.0929257 0.00633557 
2032  0 0.0929257 0.114372 0.0739355 0.0893467 0.0869653 0.0929257 0.00681945 
2033  0 0.0929257 0.114372 0.0731147 0.0898515 0.0869439 0.0929257 0.00707235 

Total_BiomassModel_1_goa_dr_2020.dat
Year B100 Babc Bofl LowCI_Biom Median_Biom Mean_Biom UpperCI_Biom Stdev_Biom 
2020 303.542 77.5857 71.2713 99.2454 99.2454 99.2454 99.2454 1.52056e-12 
2021 303.542 77.5857 71.2713 96.4815 97.3811 97.7665 100.408 1.36543 
2022 303.542 77.5857 71.2713 92.8257 94.9874 95.6821 100.38 2.6401 
2023 303.542 77.5857 71.2713 85.2704 88.9469 89.9733 97.5511 4.07358 
2024 303.542 77.5857 71.2713 78.8829 84.1564 85.3701 95.3442 5.51484 
2025 303.542 77.5857 71.2713 73.3039 80.755 81.9183 94.4314 6.95244 
2026 303.542 77.5857 71.2713 68.8851 78.0094 79.538 95.0366 8.2957 
2027 303.542 77.5857 71.2713 65.3528 76.5241 78.1018 95.9281 9.54605 
2028 303.542 77.5857 71.2713 63.0839 75.5647 77.3148 96.3046 10.59 
2029 303.542 77.5857 71.2713 61.718 75.348 77.0712 98.038 11.4448 
2030 303.542 77.5857 71.2713 60.7663 75.4539 77.0461 98.7956 12.0941 
2031 303.542 77.5857 71.2713 60.6082 75.6289 77.2069 99.4807 12.4967 
2032 303.542 77.5857 71.2713 60.1888 75.7285 77.3599 98.6352 12.7857 
2033 303.542 77.5857 71.2713 59.8652 76.0411 77.5414 99.549 12.9815 
Alternative 2 Alternative  Stock: Model_1_goa_dr_2020.dat
Catch Model_1_goa_dr_2020.dat
Year C0 Cabc Cofl LowCI_Catch Median_Catch Mean_Catch UpperCI_Catch Stdev_Catch 
2020  0 4.36227 4.66772 2.1975 2.1975 2.1975 2.1975 1.19904e-14 
2021  0 4.36227 4.66772 2.99749 2.99749 2.99749 2.99749 1.10535e-11 
2022  0 4.36227 4.66772 7.06851 7.06879 7.06889 7.06959 0.00037944 
2023  0 4.36227 4.66772 6.48691 6.48821 6.48863 6.4918 0.00171133 
2024  0 4.36227 4.66772 5.87083 5.87613 5.87786 5.89063 0.006932 
2025  0 4.36227 4.66772 5.28555 5.30548 5.31157 5.35894 0.025423 
2026  0 4.36227 4.66772 4.75537 4.82061 4.83962 4.9886 0.0809328 
2027  0 4.36227 4.66772 4.30272 4.46853 4.51739 4.87945 0.202164 
2028  0 4.36227 4.66772 3.69116 4.25746 4.28649 5.01917 0.432955 
2029  0 4.36227 4.66772 3.28416 4.06422 4.14649 5.22488 0.640856 
2030  0 4.36227 4.66772 3.00652 4.0048 4.08998 5.38568 0.775531 
2031  0 4.36227 4.66772 2.83127 4.01631 4.07592 5.50721 0.853404 
2032  0 4.36227 4.66772 2.73576 4.03137 4.08351 5.59267 0.898076 
2033  0 4.36227 4.66772 2.71177 4.08151 4.10602 5.65443 0.927834 

Spawning_Biomass Model_1_goa_dr_2020.dat
Year SSB100 SSBabc SSBofl LowCI_SSB Median_SSB Mean_SSB UpperCI_SSB Stdev_SSB 
2020 60.8552 24.3421 21.2993 37.5942 37.5942 37.5942 37.5942 1.27898e-13 
2021 60.8552 24.3421 21.2993 38.5323 38.539 38.5419 38.5616 0.0101767 
2022 60.8552 24.3421 21.2993 38.1444 38.1697 38.1781 38.2385 0.0329488 
2023 60.8552 24.3421 21.2993 35.4886 35.5595 35.5812 35.7371 0.0871655 
2024 60.8552 24.3421 21.2993 32.535 32.7046 32.7538 33.1075 0.202745 
2025 60.8552 24.3421 21.2993 29.5984 29.9575 30.0644 30.833 0.424677 
2026 60.8552 24.3421 21.2993 26.8886 27.5917 27.7808 29.203 0.799103 
2027 60.8552 24.3421 21.2993 24.5615 25.7658 26.0693 28.4863 1.33594 
2028 60.8552 24.3421 21.2993 22.6956 24.5005 24.965 28.4641 1.96289 
2029 60.8552 24.3421 21.2993 21.3705 23.8103 24.375 28.9799 2.54248 
2030 60.8552 24.3421 21.2993 20.4351 23.4765 24.1288 29.6777 2.99623 
2031 60.8552 24.3421 21.2993 19.9032 23.4622 24.0768 30.4173 3.31566 
2032 60.8552 24.3421 21.2993 19.6163 23.4514 24.1265 30.7432 3.53418 
2033 60.8552 24.3421 21.2993 19.412 23.577 24.23 30.9155 3.69571 

Fishing_mortalityModel_1_goa_dr_2020.dat
Year F0 Fabc Fofl LowCI_F Median_F Mean_F UpperCI_F Stdev_F 
2020  0 0.0929257 0.114372 0.0290868 0.0290868 0.0290868 0.0290868 5.44703e-16 
2021  0 0.0929257 0.114372 0.038222 0.0382228 0.0382227 0.038223 3.7342e-07 
2022  0 0.0929257 0.114372 0.0929257 0.0929257 0.0929257 0.0929257 1.23512e-15 
2023  0 0.0929257 0.114372 0.0929257 0.0929257 0.0929257 0.0929257 1.23512e-15 
2024  0 0.0929257 0.114372 0.0929257 0.0929257 0.0929257 0.0929257 1.23512e-15 
2025  0 0.0929257 0.114372 0.0929257 0.0929257 0.0929257 0.0929257 1.23512e-15 
2026  0 0.0929257 0.114372 0.0929257 0.0929257 0.0929257 0.0929257 1.23512e-15 
2027  0 0.0929257 0.114372 0.0929257 0.0929257 0.0929168 0.0929257 8.9037e-05 
2028  0 0.0929257 0.114372 0.0863095 0.0929257 0.0912672 0.0929257 0.0023747 
2029  0 0.0929257 0.114372 0.0809848 0.0907889 0.0891332 0.0929257 0.00430799 
2030  0 0.0929257 0.114372 0.077226 0.0894473 0.0878263 0.0929257 0.00554893 
2031  0 0.0929257 0.114372 0.0750884 0.08939 0.0871973 0.0929257 0.00633557 
2032  0 0.0929257 0.114372 0.0739355 0.0893467 0.0869653 0.0929257 0.00681945 
2033  0 0.0929257 0.114372 0.0731147 0.0898515 0.0869439 0.0929257 0.00707235 

Total_BiomassModel_1_goa_dr_2020.dat
Year B100 Babc Bofl LowCI_Biom Median_Biom Mean_Biom UpperCI_Biom Stdev_Biom 
2020 303.542 77.5857 71.2713 99.2454 99.2454 99.2454 99.2454 1.52056e-12 
2021 303.542 77.5857 71.2713 96.4815 97.3811 97.7665 100.408 1.36543 
2022 303.542 77.5857 71.2713 92.8257 94.9874 95.6821 100.38 2.6401 
2023 303.542 77.5857 71.2713 85.2704 88.9469 89.9733 97.5511 4.07358 
2024 303.542 77.5857 71.2713 78.8829 84.1564 85.3701 95.3442 5.51484 
2025 303.542 77.5857 71.2713 73.3039 80.755 81.9183 94.4314 6.95244 
2026 303.542 77.5857 71.2713 68.8851 78.0094 79.538 95.0366 8.2957 
2027 303.542 77.5857 71.2713 65.3528 76.5241 78.1018 95.9281 9.54605 
2028 303.542 77.5857 71.2713 63.0839 75.5647 77.3148 96.3046 10.59 
2029 303.542 77.5857 71.2713 61.718 75.348 77.0712 98.038 11.4448 
2030 303.542 77.5857 71.2713 60.7663 75.4539 77.0461 98.7956 12.0941 
2031 303.542 77.5857 71.2713 60.6082 75.6289 77.2069 99.4807 12.4967 
2032 303.542 77.5857 71.2713 60.1888 75.7285 77.3599 98.6352 12.7857 
2033 303.542 77.5857 71.2713 59.8652 76.0411 77.5414 99.549 12.9815 
Alternative 3 Alternative  Stock: Model_1_goa_dr_2020.dat
Catch Model_1_goa_dr_2020.dat
Year C0 Cabc Cofl LowCI_Catch Median_Catch Mean_Catch UpperCI_Catch Stdev_Catch 
2020  0 4.36227 4.66772 2.1975 2.1975 2.1975 2.1975 1.19904e-14 
2021  0 4.36227 4.66772 2.99749 2.99749 2.99749 2.99749 1.10535e-11 
2022  0 4.36227 4.66772 3.61208 3.61222 3.61227 3.61262 0.000189754 
2023  0 4.36227 4.66772 3.46429 3.46494 3.46515 3.46674 0.000855925 
2024  0 4.36227 4.66772 3.27466 3.27731 3.27818 3.28457 0.00346888 
2025  0 4.36227 4.66772 3.07581 3.08579 3.08885 3.11258 0.0127451 
2026  0 4.36227 4.66772 2.88218 2.91501 2.92461 2.99978 0.0407877 
2027  0 4.36227 4.66772 2.70794 2.79228 2.81755 3.00301 0.102863 
2028  0 4.36227 4.66772 2.56949 2.7327 2.77881 3.12544 0.189737 
2029  0 4.36227 4.66772 2.47203 2.71734 2.78408 3.27839 0.272412 
2030  0 4.36227 4.66772 2.39989 2.73777 2.80685 3.40087 0.336141 
2031  0 4.36227 4.66772 2.34225 2.7649 2.83338 3.51585 0.381218 
2032  0 4.36227 4.66772 2.30437 2.80075 2.86022 3.61627 0.414702 
2033  0 4.36227 4.66772 2.28748 2.81946 2.88897 3.68951 0.442587 

Spawning_Biomass Model_1_goa_dr_2020.dat
Year SSB100 SSBabc SSBofl LowCI_SSB Median_SSB Mean_SSB UpperCI_SSB Stdev_SSB 
2020 60.8552 24.3421 21.2993 37.5942 37.5942 37.5942 37.5942 1.27898e-13 
2021 60.8552 24.3421 21.2993 38.5323 38.539 38.5419 38.5616 0.0101767 
2022 60.8552 24.3421 21.2993 38.4277 38.453 38.4615 38.5218 0.0329494 
2023 60.8552 24.3421 21.2993 37.3499 37.4208 37.4426 37.5985 0.0871765 
2024 60.8552 24.3421 21.2993 35.7538 35.9235 35.9727 36.3266 0.202838 
2025 60.8552 24.3421 21.2993 33.9213 34.281 34.3879 35.1569 0.425311 
2026 60.8552 24.3421 21.2993 32.0682 32.7744 32.9644 34.3927 0.802693 
2027 60.8552 24.3421 21.2993 30.3763 31.5877 31.9018 34.3535 1.35202 
2028 60.8552 24.3421 21.2993 28.944 30.8097 31.2855 34.8587 2.02121 
2029 60.8552 24.3421 21.2993 27.8361 30.5006 31.0569 35.9051 2.70827 
2030 60.8552 24.3421 21.2993 26.8879 30.4325 31.0902 37.0516 3.32357 
2031 60.8552 24.3421 21.2993 26.3171 30.5852 31.2764 38.4122 3.8282 
2032 60.8552 24.3421 21.2993 25.9565 30.8312 31.5424 39.2466 4.22966 
2033 60.8552 24.3421 21.2993 25.7603 31.1589 31.8475 40.1123 4.55565 

Fishing_mortalityModel_1_goa_dr_2020.dat
Year F0 Fabc Fofl LowCI_F Median_F Mean_F UpperCI_F Stdev_F 
2020  0 0.0929257 0.114372 0.0290868 0.0290868 0.0290868 0.0290868 5.44703e-16 
2021  0 0.0929257 0.114372 0.038222 0.0382228 0.0382227 0.038223 3.7342e-07 
2022  0 0.0929257 0.114372 0.0464629 0.0464629 0.0464629 0.0464629 6.17562e-16 
2023  0 0.0929257 0.114372 0.0464629 0.0464629 0.0464629 0.0464629 6.17562e-16 
2024  0 0.0929257 0.114372 0.0464629 0.0464629 0.0464629 0.0464629 6.17562e-16 
2025  0 0.0929257 0.114372 0.0464629 0.0464629 0.0464629 0.0464629 6.17562e-16 
2026  0 0.0929257 0.114372 0.0464629 0.0464629 0.0464629 0.0464629 6.17562e-16 
2027  0 0.0929257 0.114372 0.0464629 0.0464629 0.0464629 0.0464629 6.17562e-16 
2028  0 0.0929257 0.114372 0.0464629 0.0464629 0.0464629 0.0464629 6.17562e-16 
2029  0 0.0929257 0.114372 0.0464629 0.0464629 0.0464629 0.0464629 6.17562e-16 
2030  0 0.0929257 0.114372 0.0464629 0.0464629 0.0464629 0.0464629 6.17562e-16 
2031  0 0.0929257 0.114372 0.0464629 0.0464629 0.0464601 0.0464629 4.27525e-05 
2032  0 0.0929257 0.114372 0.0464629 0.0464629 0.0464459 0.0464629 0.000166513 
2033  0 0.0929257 0.114372 0.0464629 0.0464629 0.0464266 0.0464629 0.000288873 

Total_BiomassModel_1_goa_dr_2020.dat
Year B100 Babc Bofl LowCI_Biom Median_Biom Mean_Biom UpperCI_Biom Stdev_Biom 
2020 303.542 77.5857 71.2713 99.2454 99.2454 99.2454 99.2454 1.52056e-12 
2021 303.542 77.5857 71.2713 96.4815 97.3811 97.7665 100.408 1.36543 
2022 303.542 77.5857 71.2713 92.8257 94.9874 95.6821 100.38 2.6401 
2023 303.542 77.5857 71.2713 88.7161 92.3929 93.4193 100.997 4.07382 
2024 303.542 77.5857 71.2713 85.185 90.4588 91.6735 101.648 5.51601 
2025 303.542 77.5857 71.2713 81.8905 89.3455 90.5098 103.029 6.95692 
2026 303.542 77.5857 71.2713 79.2348 88.3785 89.9109 105.415 8.31092 
2027 303.542 77.5857 71.2713 77.0249 88.2378 89.8391 107.73 9.59224 
2028 303.542 77.5857 71.2713 75.7827 88.4416 90.1205 109.374 10.7077 
2029 303.542 77.5857 71.2713 75.0352 89.0393 90.6938 112.254 11.7404 
2030 303.542 77.5857 71.2713 74.0682 89.7898 91.2971 113.982 12.6433 
2031 303.542 77.5857 71.2713 74.0589 90.5796 91.9777 115.23 13.3204 
2032 303.542 77.5857 71.2713 73.8185 91.3075 92.5874 116.047 13.8738 
2033 303.542 77.5857 71.2713 73.6733 91.76 93.1864 116.879 14.3077 
Alternative 4 Alternative  Stock: Model_1_goa_dr_2020.dat
Catch Model_1_goa_dr_2020.dat
Year C0 Cabc Cofl LowCI_Catch Median_Catch Mean_Catch UpperCI_Catch Stdev_Catch 
2020  0 4.36227 4.66772 2.1975 2.1975 2.1975 2.1975 1.19904e-14 
2021  0 4.36227 4.66772 2.99749 2.99749 2.99749 2.99749 1.10535e-11 
2022  0 4.36227 4.66772 3.14741 3.14753 3.14757 3.14788 0.000164874 
2023  0 4.36227 4.66772 3.03615 3.03671 3.0369 3.03828 0.000743709 
2024  0 4.36227 4.66772 2.88642 2.88873 2.88948 2.89503 0.0030143 
2025  0 4.36227 4.66772 2.72634 2.73502 2.73768 2.75831 0.0110775 
2026  0 4.36227 4.66772 2.56855 2.5971 2.60545 2.67084 0.0354756 
2027  0 4.36227 4.66772 2.42552 2.49901 2.52099 2.68267 0.0896107 
2028  0 4.36227 4.66772 2.31186 2.45445 2.49463 2.79687 0.165724 
2029  0 4.36227 4.66772 2.23251 2.44741 2.50579 2.94027 0.238673 
2030  0 4.36227 4.66772 2.17448 2.46957 2.5317 3.05181 0.295457 
2031  0 4.36227 4.66772 2.12809 2.50163 2.56062 3.15671 0.335928 
2032  0 4.36227 4.66772 2.0977 2.5379 2.58987 3.27179 0.365451 
2033  0 4.36227 4.66772 2.08382 2.558 2.6206 3.32456 0.389629 

Spawning_Biomass Model_1_goa_dr_2020.dat
Year SSB100 SSBabc SSBofl LowCI_SSB Median_SSB Mean_SSB UpperCI_SSB Stdev_SSB 
2020 60.8552 24.3421 21.2993 37.5942 37.5942 37.5942 37.5942 1.27898e-13 
2021 60.8552 24.3421 21.2993 38.5323 38.539 38.5419 38.5616 0.0101767 
2022 60.8552 24.3421 21.2993 38.465 38.4904 38.4988 38.5591 0.0329494 
2023 60.8552 24.3421 21.2993 37.6013 37.6722 37.694 37.8499 0.0871779 
2024 60.8552 24.3421 21.2993 36.1997 36.3694 36.4186 36.7726 0.202851 
2025 60.8552 24.3421 21.2993 34.5353 34.8951 35.002 35.771 0.425394 
2026 60.8552 24.3421 21.2993 32.8222 33.5288 33.7189 35.148 0.803165 
2027 60.8552 24.3421 21.2993 31.2436 32.4558 32.7713 35.2268 1.35414 
2028 60.8552 24.3421 21.2993 29.9016 31.7689 32.2504 35.8326 2.02824 
2029 60.8552 24.3421 21.2993 28.869 31.5444 32.1045 36.9795 2.72524 
2030 60.8552 24.3421 21.2993 27.9746 31.5417 32.2131 38.2129 3.35524 
2031 60.8552 24.3421 21.2993 27.4418 31.7545 32.4699 39.701 3.87746 
2032 60.8552 24.3421 21.2993 27.1519 32.0699 32.8027 40.6204 4.29743 
2033 60.8552 24.3421 21.2993 26.9728 32.4412 33.1707 41.6156 4.64172 

Fishing_mortalityModel_1_goa_dr_2020.dat
Year F0 Fabc Fofl LowCI_F Median_F Mean_F UpperCI_F Stdev_F 
2020  0 0.0929257 0.114372 0.0290868 0.0290868 0.0290868 0.0290868 5.44703e-16 
2021  0 0.0929257 0.114372 0.038222 0.0382228 0.0382227 0.038223 3.7342e-07 
2022  0 0.0929257 0.114372 0.0403697 0.0403697 0.0403697 0.0403697 4.64906e-16 
2023  0 0.0929257 0.114372 0.0403697 0.0403697 0.0403697 0.0403697 4.64906e-16 
2024  0 0.0929257 0.114372 0.0403697 0.0403697 0.0403697 0.0403697 4.64906e-16 
2025  0 0.0929257 0.114372 0.0403697 0.0403697 0.0403697 0.0403697 4.64906e-16 
2026  0 0.0929257 0.114372 0.0403697 0.0403697 0.0403697 0.0403697 4.64906e-16 
2027  0 0.0929257 0.114372 0.0403697 0.0403697 0.0403697 0.0403697 4.64906e-16 
2028  0 0.0929257 0.114372 0.0403697 0.0403697 0.0403697 0.0403697 4.64906e-16 
2029  0 0.0929257 0.114372 0.0403697 0.0403697 0.0403697 0.0403697 4.64906e-16 
2030  0 0.0929257 0.114372 0.0403697 0.0403697 0.0403697 0.0403697 4.64906e-16 
2031  0 0.0929257 0.114372 0.0403697 0.0403697 0.0403697 0.0403697 4.64906e-16 
2032  0 0.0929257 0.114372 0.0403697 0.0403697 0.0403697 0.0403697 4.64906e-16 
2033  0 0.0929257 0.114372 0.0403697 0.0403697 0.0403697 0.0403697 4.64906e-16 

Total_BiomassModel_1_goa_dr_2020.dat
Year B100 Babc Bofl LowCI_Biom Median_Biom Mean_Biom UpperCI_Biom Stdev_Biom 
2020 303.542 77.5857 71.2713 99.2454 99.2454 99.2454 99.2454 1.52056e-12 
2021 303.542 77.5857 71.2713 96.4815 97.3811 97.7665 100.408 1.36543 
2022 303.542 77.5857 71.2713 92.8257 94.9874 95.6821 100.38 2.6401 
2023 303.542 77.5857 71.2713 89.1794 92.8563 93.8827 101.461 4.07385 
2024 303.542 77.5857 71.2713 86.054 91.3278 92.5427 102.518 5.51617 
2025 303.542 77.5857 71.2713 83.1044 90.5599 91.7243 104.244 6.95751 
2026 303.542 77.5857 71.2713 80.7343 89.8806 91.4135 106.918 8.31292 
2027 303.542 77.5857 71.2713 78.7601 89.9755 91.58 109.479 9.59835 
2028 303.542 77.5857 71.2713 77.7014 90.3603 92.0626 111.351 10.7234 
2029 303.542 77.5857 71.2713 77.1075 91.1715 92.8129 114.478 11.7729 
2030 303.542 77.5857 71.2713 76.3044 92.0597 93.5771 116.282 12.6982 
2031 303.542 77.5857 71.2713 76.3629 92.9455 94.407 117.737 13.4008 
2032 303.542 77.5857 71.2713 76.2545 93.8241 95.156 118.842 13.9807 
2033 303.542 77.5857 71.2713 76.1694 94.4407 95.8847 119.89 14.4419 
Alternative 5 Alternative  Stock: Model_1_goa_dr_2020.dat
Catch Model_1_goa_dr_2020.dat
Year C0 Cabc Cofl LowCI_Catch Median_Catch Mean_Catch UpperCI_Catch Stdev_Catch 
2020  0 4.36227 4.66772 2.1975 2.1975 2.1975 2.1975 1.19904e-14 
2021  0 4.36227 4.66772 2.99749 2.99749 2.99749 2.99749 1.10535e-11 
2022  0 4.36227 4.66772 0 0 0 0 0 
2023  0 4.36227 4.66772 0 0 0 0 0 
2024  0 4.36227 4.66772 0 0 0 0 0 
2025  0 4.36227 4.66772 0 0 0 0 0 
2026  0 4.36227 4.66772 0 0 0 0 0 
2027  0 4.36227 4.66772 0 0 0 0 0 
2028  0 4.36227 4.66772 0 0 0 0 0 
2029  0 4.36227 4.66772 0 0 0 0 0 
2030  0 4.36227 4.66772 0 0 0 0 0 
2031  0 4.36227 4.66772 0 0 0 0 0 
2032  0 4.36227 4.66772 0 0 0 0 0 
2033  0 4.36227 4.66772 0 0 0 0 0 

Spawning_Biomass Model_1_goa_dr_2020.dat
Year SSB100 SSBabc SSBofl LowCI_SSB Median_SSB Mean_SSB UpperCI_SSB Stdev_SSB 
2020 60.8552 24.3421 21.2993 37.5942 37.5942 37.5942 37.5942 1.27898e-13 
2021 60.8552 24.3421 21.2993 38.5323 38.539 38.5419 38.5616 0.0101767 
2022 60.8552 24.3421 21.2993 38.7132 38.7385 38.747 38.8073 0.0329499 
2023 60.8552 24.3421 21.2993 39.3115 39.3824 39.4042 39.5601 0.0871875 
2024 60.8552 24.3421 21.2993 39.3027 39.4726 39.5217 39.8759 0.202932 
2025 60.8552 24.3421 21.2993 38.9071 39.2674 39.3743 40.1436 0.425946 
2026 60.8552 24.3421 21.2993 38.315 39.0243 39.2152 40.6497 0.806305 
2027 60.8552 24.3421 21.2993 37.7061 38.9283 39.2494 41.7298 1.36832 
2028 60.8552 24.3421 21.2993 37.2041 39.0939 39.5973 43.2625 2.07576 
2029 60.8552 24.3421 21.2993 36.8832 39.6538 40.2471 45.3123 2.84182 
2030 60.8552 24.3421 21.2993 36.6234 40.4192 41.1095 47.377 3.57696 
2031 60.8552 24.3421 21.2993 36.6021 41.2675 42.0959 49.9893 4.22911 
2032 60.8552 24.3421 21.2993 36.8595 42.3351 43.1384 51.8231 4.78953 
2033 60.8552 24.3421 21.2993 37.2069 43.3465 44.1948 53.6504 5.274 

Fishing_mortalityModel_1_goa_dr_2020.dat
Year F0 Fabc Fofl LowCI_F Median_F Mean_F UpperCI_F Stdev_F 
2020  0 0.0929257 0.114372 0.0290868 0.0290868 0.0290868 0.0290868 5.44703e-16 
2021  0 0.0929257 0.114372 0.038222 0.0382228 0.0382227 0.038223 3.7342e-07 
2022  0 0.0929257 0.114372 0 0 0 0 0 
2023  0 0.0929257 0.114372 0 0 0 0 0 
2024  0 0.0929257 0.114372 0 0 0 0 0 
2025  0 0.0929257 0.114372 0 0 0 0 0 
2026  0 0.0929257 0.114372 0 0 0 0 0 
2027  0 0.0929257 0.114372 0 0 0 0 0 
2028  0 0.0929257 0.114372 0 0 0 0 0 
2029  0 0.0929257 0.114372 0 0 0 0 0 
2030  0 0.0929257 0.114372 0 0 0 0 0 
2031  0 0.0929257 0.114372 0 0 0 0 0 
2032  0 0.0929257 0.114372 0 0 0 0 0 
2033  0 0.0929257 0.114372 0 0 0 0 0 

Total_BiomassModel_1_goa_dr_2020.dat
Year B100 Babc Bofl LowCI_Biom Median_Biom Mean_Biom UpperCI_Biom Stdev_Biom 
2020 303.542 77.5857 71.2713 99.2454 99.2454 99.2454 99.2454 1.52056e-12 
2021 303.542 77.5857 71.2713 96.4815 97.3811 97.7665 100.408 1.36543 
2022 303.542 77.5857 71.2713 92.8257 94.9874 95.6821 100.38 2.6401 
2023 303.542 77.5857 71.2713 92.3186 95.9956 97.022 104.6 4.07405 
2024 303.542 77.5857 71.2713 92.0762 97.3503 98.5662 108.542 5.51719 
2025 303.542 77.5857 71.2713 91.7101 99.1691 100.334 112.86 6.96142 
2026 303.542 77.5857 71.2713 91.6095 100.773 102.309 117.818 8.32622 
2027 303.542 77.5857 71.2713 91.6289 102.861 104.487 122.441 9.63915 
2028 303.542 77.5857 71.2713 92.3154 105.125 106.772 126.296 10.8294 
2029 303.542 77.5857 71.2713 93.1942 107.673 109.19 131.376 11.996 
2030 303.542 77.5857 71.2713 93.8116 109.916 111.531 135.129 13.0845 
2031 303.542 77.5857 71.2713 95.1447 112.33 113.875 138.76 13.9801 
2032 303.542 77.5857 71.2713 96.2427 114.287 116.081 141.158 14.7678 
2033 303.542 77.5857 71.2713 97.2792 116.667 118.214 143.624 15.443 
Alternative 6 Alternative  Stock: Model_1_goa_dr_2020.dat
Catch Model_1_goa_dr_2020.dat
Year C0 Cabc Cofl LowCI_Catch Median_Catch Mean_Catch UpperCI_Catch Stdev_Catch 
2020  0 4.36227 4.66772 2.1975 2.1975 2.1975 2.1975 1.19904e-14 
2021  0 4.36227 4.66772 8.66372 8.66378 8.6638 8.66397 8.60924e-05 
2022  0 4.36227 4.66772 8.03803 8.03837 8.03849 8.03934 0.000464085 
2023  0 4.36227 4.66772 7.24223 7.24382 7.24434 7.24824 0.00210342 
2024  0 4.36227 4.66772 6.4385 6.44502 6.44715 6.46285 0.00852611 
2025  0 4.36227 4.66772 5.69887 5.72337 5.73086 5.78911 0.0312493 
2026  0 4.36227 4.66772 4.85113 5.07002 5.07917 5.33277 0.159086 
2027  0 4.36227 4.66772 3.94737 4.31759 4.42622 5.20298 0.41022 
2028  0 4.36227 4.66772 3.37732 3.96558 4.12889 5.38211 0.648726 
2029  0 4.36227 4.66772 3.05175 3.82936 4.05147 5.66163 0.844706 
2030  0 4.36227 4.66772 2.83765 3.85425 4.07172 5.82987 0.975635 
2031  0 4.36227 4.66772 2.71962 3.95394 4.12384 6.01954 1.04882 
2032  0 4.36227 4.66772 2.66098 4.01907 4.1846 6.07734 1.0858 
2033  0 4.36227 4.66772 2.67933 4.09322 4.25144 6.12494 1.112 

Spawning_Biomass Model_1_goa_dr_2020.dat
Year SSB100 SSBabc SSBofl LowCI_SSB Median_SSB Mean_SSB UpperCI_SSB Stdev_SSB 
2020 60.8552 24.3421 21.2993 37.5942 37.5942 37.5942 37.5942 1.27898e-13 
2021 60.8552 24.3421 21.2993 38.0797 38.0864 38.0893 38.109 0.0101744 
2022 60.8552 24.3421 21.2993 35.4738 35.4991 35.5075 35.5678 0.0329351 
2023 60.8552 24.3421 21.2993 32.4078 32.4787 32.5004 32.6563 0.0871467 
2024 60.8552 24.3421 21.2993 29.189 29.3586 29.4077 29.7614 0.202687 
2025 60.8552 24.3421 21.2993 26.1142 26.4731 26.5799 27.3483 0.424364 
2026 60.8552 24.3421 21.2993 23.3857 24.0747 24.2648 25.6777 0.792519 
2027 60.8552 24.3421 21.2993 21.2233 22.3329 22.6438 24.9743 1.28817 
2028 60.8552 24.3421 21.2993 19.6934 21.3393 21.7717 24.9963 1.82561 
2029 60.8552 24.3421 21.2993 18.6698 20.9289 21.4287 25.5598 2.31721 
2030 60.8552 24.3421 21.2993 17.9998 20.8866 21.3881 26.2962 2.69285 
2031 60.8552 24.3421 21.2993 17.6644 21.0206 21.4946 26.8756 2.94387 
2032 60.8552 24.3421 21.2993 17.5608 21.2013 21.6617 27.2823 3.10755 
2033 60.8552 24.3421 21.2993 17.5144 21.3904 21.8493 27.6937 3.22985 

Fishing_mortalityModel_1_goa_dr_2020.dat
Year F0 Fabc Fofl LowCI_F Median_F Mean_F UpperCI_F Stdev_F 
2020  0 0.0929257 0.114372 0.0290868 0.0290868 0.0290868 0.0290868 5.44703e-16 
2021  0 0.0929257 0.114372 0.114372 0.114372 0.114372 0.114372 2.16139e-12 
2022  0 0.0929257 0.114372 0.114372 0.114372 0.114372 0.114372 1.8735e-15 
2023  0 0.0929257 0.114372 0.114372 0.114372 0.114372 0.114372 1.8735e-15 
2024  0 0.0929257 0.114372 0.114372 0.114372 0.114372 0.114372 1.8735e-15 
2025  0 0.0929257 0.114372 0.114372 0.114372 0.114372 0.114372 1.8735e-15 
2026  0 0.0929257 0.114372 0.109642 0.11305 0.112685 0.114372 0.0017197 
2027  0 0.0929257 0.114372 0.0989473 0.104435 0.105404 0.114372 0.00483126 
2028  0 0.0929257 0.114372 0.0913804 0.0995208 0.100937 0.114372 0.00703271 
2029  0 0.0929257 0.114372 0.0863182 0.0974911 0.0989124 0.114372 0.00876343 
2030  0 0.0929257 0.114372 0.0830041 0.0972818 0.0983571 0.114372 0.0100174 
2031  0 0.0929257 0.114372 0.0813453 0.0979449 0.0985283 0.114372 0.0107828 
2032  0 0.0929257 0.114372 0.0808333 0.0988386 0.0990174 0.114372 0.0111717 
2033  0 0.0929257 0.114372 0.0806035 0.0997736 0.0996423 0.114372 0.0113749 

Total_BiomassModel_1_goa_dr_2020.dat
Year B100 Babc Bofl LowCI_Biom Median_Biom Mean_Biom UpperCI_Biom Stdev_Biom 
2020 303.542 77.5857 71.2713 99.2454 99.2454 99.2454 99.2454 1.52056e-12 
2021 303.542 77.5857 71.2713 96.4815 97.3811 97.7665 100.408 1.36543 
2022 303.542 77.5857 71.2713 87.1584 89.3199 90.0147 94.7118 2.64 
2023 303.542 77.5857 71.2713 78.8565 82.5328 83.5593 91.1368 4.07336 
2024 303.542 77.5857 71.2713 71.998 77.2714 78.4844 88.4583 5.51418 
2025 303.542 77.5857 71.2713 66.1785 73.6277 74.7905 87.3007 6.95024 
2026 303.542 77.5857 71.2713 61.7062 70.8214 72.3482 87.8445 8.28858 
2027 303.542 77.5857 71.2713 58.4698 69.4578 71.0468 88.7735 9.4766 
2028 303.542 77.5857 71.2713 56.8304 68.9983 70.723 89.5549 10.3607 
2029 303.542 77.5857 71.2713 56.1383 69.5079 70.9902 90.9915 11.0743 
2030 303.542 77.5857 71.2713 55.3094 70.062 71.3905 92.5386 11.6184 
2031 303.542 77.5857 71.2713 55.7787 70.5963 71.8774 92.7142 11.9398 
2032 303.542 77.5857 71.2713 55.6119 70.7787 72.2706 92.5943 12.1691 
2033 303.542 77.5857 71.2713 55.8008 71.2809 72.6234 93.9144 12.3194 
Alternative 7 Alternative  Stock: Model_1_goa_dr_2020.dat
Catch Model_1_goa_dr_2020.dat
Year C0 Cabc Cofl LowCI_Catch Median_Catch Mean_Catch UpperCI_Catch Stdev_Catch 
2020  0 4.36227 4.66772 2.1975 2.1975 2.1975 2.1975 1.19904e-14 
2021  0 4.36227 4.66772 7.10786 7.1079 7.10792 7.10806 6.99492e-05 
2022  0 4.36227 4.66772 6.72591 6.72619 6.72628 6.72698 0.000377074 
2023  0 4.36227 4.66772 7.53073 7.53233 7.53285 7.53674 0.00210352 
2024  0 4.36227 4.66772 6.68732 6.69384 6.69598 6.71168 0.00852653 
2025  0 4.36227 4.66772 5.91128 5.93578 5.94326 6.00152 0.0312509 
2026  0 4.36227 4.66772 5.19887 5.30707 5.32673 5.51295 0.10378 
2027  0 4.36227 4.66772 4.1845 4.58473 4.67593 5.35941 0.394782 
2028  0 4.36227 4.66772 3.54547 4.16058 4.31627 5.51026 0.646886 
2029  0 4.36227 4.66772 3.17576 3.97864 4.1925 5.76924 0.845682 
2030  0 4.36227 4.66772 2.93094 3.96487 4.17786 5.92016 0.976245 
2031  0 4.36227 4.66772 2.79164 4.04087 4.20408 6.0951 1.04914 
2032  0 4.36227 4.66772 2.71596 4.08149 4.24563 6.12566 1.08606 
2033  0 4.36227 4.66772 2.72095 4.14231 4.29772 6.17047 1.11215 

Spawning_Biomass Model_1_goa_dr_2020.dat
Year SSB100 SSBabc SSBofl LowCI_SSB Median_SSB Mean_SSB UpperCI_SSB Stdev_SSB 
2020 60.8552 24.3421 21.2993 37.5942 37.5942 37.5942 37.5942 1.27898e-13 
2021 60.8552 24.3421 21.2993 38.2066 38.2133 38.2162 38.2359 0.0101744 
2022 60.8552 24.3421 21.2993 36.2945 36.3198 36.3283 36.3886 0.0329356 
2023 60.8552 24.3421 21.2993 33.6963 33.7672 33.789 33.9448 0.0871507 
2024 60.8552 24.3421 21.2993 30.3153 30.4849 30.5341 30.8877 0.202696 
2025 60.8552 24.3421 21.2993 27.0852 27.4441 27.5509 28.3194 0.424382 
2026 60.8552 24.3421 21.2993 24.1998 24.8987 25.0878 26.5067 0.797068 
2027 60.8552 24.3421 21.2993 21.8398 23.0016 23.3067 25.6773 1.31382 
2028 60.8552 24.3421 21.2993 20.1682 21.8531 22.285 25.5893 1.85741 
2029 60.8552 24.3421 21.2993 19.0377 21.3151 21.8261 26.0489 2.34831 
2030 60.8552 24.3421 21.2993 18.2886 21.1728 21.6954 26.7149 2.72101 
2031 60.8552 24.3421 21.2993 17.8862 21.2384 21.7315 27.2071 2.9685 
2032 60.8552 24.3421 21.2993 17.7346 21.3656 21.8438 27.5639 3.12859 
2033 60.8552 24.3421 21.2993 17.6519 21.5136 21.9889 27.9314 3.24747 

Fishing_mortalityModel_1_goa_dr_2020.dat
Year F0 Fabc Fofl LowCI_F Median_F Mean_F UpperCI_F Stdev_F 
2020  0 0.0929257 0.114372 0.0290868 0.0290868 0.0290868 0.0290868 5.44703e-16 
2021  0 0.0929257 0.114372 0.0929257 0.0929257 0.0929257 0.0929257 6.33945e-13 
2022  0 0.0929257 0.114372 0.0929257 0.0929257 0.0929257 0.0929257 1.23512e-15 
2023  0 0.0929257 0.114372 0.114372 0.114372 0.114372 0.114372 1.8735e-15 
2024  0 0.0929257 0.114372 0.114372 0.114372 0.114372 0.114372 1.8735e-15 
2025  0 0.0929257 0.114372 0.114372 0.114372 0.114372 0.114372 1.8735e-15 
2026  0 0.0929257 0.114372 0.113669 0.114372 0.114288 0.114372 0.000281585 
2027  0 0.0929257 0.114372 0.101996 0.107742 0.108237 0.114372 0.00425161 
2028  0 0.0929257 0.114372 0.0937291 0.102062 0.10318 0.114372 0.00666422 
2029  0 0.0929257 0.114372 0.0881374 0.0994014 0.100617 0.114372 0.00845989 
2030  0 0.0929257 0.114372 0.0844326 0.0986973 0.0996239 0.114372 0.00973484 
2031  0 0.0929257 0.114372 0.0824425 0.099022 0.0994683 0.114372 0.0105357 
2032  0 0.0929257 0.114372 0.0816925 0.099651 0.0997208 0.114372 0.0109726 
2033  0 0.0929257 0.114372 0.0812835 0.100383 0.100165 0.114372 0.0112136 

Total_BiomassModel_1_goa_dr_2020.dat
Year B100 Babc Bofl LowCI_Biom Median_Biom Mean_Biom UpperCI_Biom Stdev_Biom 
2020 303.542 77.5857 71.2713 99.2454 99.2454 99.2454 99.2454 1.52056e-12 
2021 303.542 77.5857 71.2713 96.4815 97.3811 97.7665 100.408 1.36543 
2022 303.542 77.5857 71.2713 88.7142 90.8758 91.5705 96.2677 2.64002 
2023 303.542 77.5857 71.2713 81.6601 85.3365 86.363 93.9407 4.0735 
2024 303.542 77.5857 71.2713 74.3952 79.6686 80.8818 90.8558 5.51433 
2025 303.542 77.5857 71.2713 68.2174 75.6666 76.8295 89.3399 6.95041 
2026 303.542 77.5857 71.2713 63.4329 72.5483 74.0751 89.5714 8.28875 
2027 303.542 77.5857 71.2713 59.7623 70.8673 72.4376 90.2311 9.52076 
2028 303.542 77.5857 71.2713 57.8545 70.0212 71.7895 90.6225 10.4133 
2029 303.542 77.5857 71.2713 56.9074 70.2819 71.8085 91.9655 11.1222 
2030 303.542 77.5857 71.2713 55.8932 70.6627 72.0181 93.1444 11.6586 
2031 303.542 77.5857 71.2713 56.2441 71.0377 72.3587 93.4087 11.9727 
2032 303.542 77.5857 71.2713 55.9698 71.1 72.6395 92.9116 12.1963 
2033 303.542 77.5857 71.2713 56.0718 71.5459 72.9055 94.1766 12.3417 
