Model_1_goa_dr_2020.dat 1 2020 Cabc 4.36227
Model_1_goa_dr_2020.dat 1 2020 Cofl 4.66772
Model_1_goa_dr_2020.dat 1 2020 CLCI 2.1975
Model_1_goa_dr_2020.dat 1 2020 CUCI 2.1975
Model_1_goa_dr_2020.dat 1 2020 CMedian 2.1975
Model_1_goa_dr_2020.dat 1 2020 CMean 2.1975
Model_1_goa_dr_2020.dat 1 2021 Cabc 4.36227
Model_1_goa_dr_2020.dat 1 2021 Cofl 4.66772
Model_1_goa_dr_2020.dat 1 2021 CLCI 2.99749
Model_1_goa_dr_2020.dat 1 2021 CUCI 2.99749
Model_1_goa_dr_2020.dat 1 2021 CMedian 2.99749
Model_1_goa_dr_2020.dat 1 2021 CMean 2.99749
Model_1_goa_dr_2020.dat 1 2022 Cabc 4.36227
Model_1_goa_dr_2020.dat 1 2022 Cofl 4.66772
Model_1_goa_dr_2020.dat 1 2022 CLCI 7.06851
Model_1_goa_dr_2020.dat 1 2022 CUCI 7.06959
Model_1_goa_dr_2020.dat 1 2022 CMedian 7.06879
Model_1_goa_dr_2020.dat 1 2022 CMean 7.06889
Model_1_goa_dr_2020.dat 1 2023 Cabc 4.36227
Model_1_goa_dr_2020.dat 1 2023 Cofl 4.66772
Model_1_goa_dr_2020.dat 1 2023 CLCI 6.48691
Model_1_goa_dr_2020.dat 1 2023 CUCI 6.4918
Model_1_goa_dr_2020.dat 1 2023 CMedian 6.48821
Model_1_goa_dr_2020.dat 1 2023 CMean 6.48863
Model_1_goa_dr_2020.dat 1 2024 Cabc 4.36227
Model_1_goa_dr_2020.dat 1 2024 Cofl 4.66772
Model_1_goa_dr_2020.dat 1 2024 CLCI 5.87083
Model_1_goa_dr_2020.dat 1 2024 CUCI 5.89063
Model_1_goa_dr_2020.dat 1 2024 CMedian 5.87613
Model_1_goa_dr_2020.dat 1 2024 CMean 5.87786
Model_1_goa_dr_2020.dat 1 2025 Cabc 4.36227
Model_1_goa_dr_2020.dat 1 2025 Cofl 4.66772
Model_1_goa_dr_2020.dat 1 2025 CLCI 5.28555
Model_1_goa_dr_2020.dat 1 2025 CUCI 5.35894
Model_1_goa_dr_2020.dat 1 2025 CMedian 5.30548
Model_1_goa_dr_2020.dat 1 2025 CMean 5.31157
Model_1_goa_dr_2020.dat 1 2026 Cabc 4.36227
Model_1_goa_dr_2020.dat 1 2026 Cofl 4.66772
Model_1_goa_dr_2020.dat 1 2026 CLCI 4.75537
Model_1_goa_dr_2020.dat 1 2026 CUCI 4.9886
Model_1_goa_dr_2020.dat 1 2026 CMedian 4.82061
Model_1_goa_dr_2020.dat 1 2026 CMean 4.83962
Model_1_goa_dr_2020.dat 1 2027 Cabc 4.36227
Model_1_goa_dr_2020.dat 1 2027 Cofl 4.66772
Model_1_goa_dr_2020.dat 1 2027 CLCI 4.30272
Model_1_goa_dr_2020.dat 1 2027 CUCI 4.87945
Model_1_goa_dr_2020.dat 1 2027 CMedian 4.46853
Model_1_goa_dr_2020.dat 1 2027 CMean 4.51739
Model_1_goa_dr_2020.dat 1 2028 Cabc 4.36227
Model_1_goa_dr_2020.dat 1 2028 Cofl 4.66772
Model_1_goa_dr_2020.dat 1 2028 CLCI 3.69116
Model_1_goa_dr_2020.dat 1 2028 CUCI 5.01917
Model_1_goa_dr_2020.dat 1 2028 CMedian 4.25746
Model_1_goa_dr_2020.dat 1 2028 CMean 4.28649
Model_1_goa_dr_2020.dat 1 2029 Cabc 4.36227
Model_1_goa_dr_2020.dat 1 2029 Cofl 4.66772
Model_1_goa_dr_2020.dat 1 2029 CLCI 3.28416
Model_1_goa_dr_2020.dat 1 2029 CUCI 5.22488
Model_1_goa_dr_2020.dat 1 2029 CMedian 4.06422
Model_1_goa_dr_2020.dat 1 2029 CMean 4.14649
Model_1_goa_dr_2020.dat 1 2030 Cabc 4.36227
Model_1_goa_dr_2020.dat 1 2030 Cofl 4.66772
Model_1_goa_dr_2020.dat 1 2030 CLCI 3.00652
Model_1_goa_dr_2020.dat 1 2030 CUCI 5.38568
Model_1_goa_dr_2020.dat 1 2030 CMedian 4.0048
Model_1_goa_dr_2020.dat 1 2030 CMean 4.08998
Model_1_goa_dr_2020.dat 1 2031 Cabc 4.36227
Model_1_goa_dr_2020.dat 1 2031 Cofl 4.66772
Model_1_goa_dr_2020.dat 1 2031 CLCI 2.83127
Model_1_goa_dr_2020.dat 1 2031 CUCI 5.50721
Model_1_goa_dr_2020.dat 1 2031 CMedian 4.01631
Model_1_goa_dr_2020.dat 1 2031 CMean 4.07592
Model_1_goa_dr_2020.dat 1 2032 Cabc 4.36227
Model_1_goa_dr_2020.dat 1 2032 Cofl 4.66772
Model_1_goa_dr_2020.dat 1 2032 CLCI 2.73576
Model_1_goa_dr_2020.dat 1 2032 CUCI 5.59267
Model_1_goa_dr_2020.dat 1 2032 CMedian 4.03137
Model_1_goa_dr_2020.dat 1 2032 CMean 4.08351
Model_1_goa_dr_2020.dat 1 2033 Cabc 4.36227
Model_1_goa_dr_2020.dat 1 2033 Cofl 4.66772
Model_1_goa_dr_2020.dat 1 2033 CLCI 2.71177
Model_1_goa_dr_2020.dat 1 2033 CUCI 5.65443
Model_1_goa_dr_2020.dat 1 2033 CMedian 4.08151
Model_1_goa_dr_2020.dat 1 2033 CMean 4.10602
Model_1_goa_dr_2020.dat 1 2020 SSBF100 60.8552
Model_1_goa_dr_2020.dat 1 2020 SSBFabc 24.3421
Model_1_goa_dr_2020.dat 1 2020 SSBFofl 21.2993
Model_1_goa_dr_2020.dat 1 2020 SSBLCI 37.5942
Model_1_goa_dr_2020.dat 1 2020 SSBUCI 37.5942
Model_1_goa_dr_2020.dat 1 2020 SSBMedian 37.5942
Model_1_goa_dr_2020.dat 1 2020 SSBMean 37.5942
Model_1_goa_dr_2020.dat 1 2021 SSBF100 60.8552
Model_1_goa_dr_2020.dat 1 2021 SSBFabc 24.3421
Model_1_goa_dr_2020.dat 1 2021 SSBFofl 21.2993
Model_1_goa_dr_2020.dat 1 2021 SSBLCI 38.5323
Model_1_goa_dr_2020.dat 1 2021 SSBUCI 38.5616
Model_1_goa_dr_2020.dat 1 2021 SSBMedian 38.539
Model_1_goa_dr_2020.dat 1 2021 SSBMean 38.5419
Model_1_goa_dr_2020.dat 1 2022 SSBF100 60.8552
Model_1_goa_dr_2020.dat 1 2022 SSBFabc 24.3421
Model_1_goa_dr_2020.dat 1 2022 SSBFofl 21.2993
Model_1_goa_dr_2020.dat 1 2022 SSBLCI 38.1444
Model_1_goa_dr_2020.dat 1 2022 SSBUCI 38.2385
Model_1_goa_dr_2020.dat 1 2022 SSBMedian 38.1697
Model_1_goa_dr_2020.dat 1 2022 SSBMean 38.1781
Model_1_goa_dr_2020.dat 1 2023 SSBF100 60.8552
Model_1_goa_dr_2020.dat 1 2023 SSBFabc 24.3421
Model_1_goa_dr_2020.dat 1 2023 SSBFofl 21.2993
Model_1_goa_dr_2020.dat 1 2023 SSBLCI 35.4886
Model_1_goa_dr_2020.dat 1 2023 SSBUCI 35.7371
Model_1_goa_dr_2020.dat 1 2023 SSBMedian 35.5595
Model_1_goa_dr_2020.dat 1 2023 SSBMean 35.5812
Model_1_goa_dr_2020.dat 1 2024 SSBF100 60.8552
Model_1_goa_dr_2020.dat 1 2024 SSBFabc 24.3421
Model_1_goa_dr_2020.dat 1 2024 SSBFofl 21.2993
Model_1_goa_dr_2020.dat 1 2024 SSBLCI 32.535
Model_1_goa_dr_2020.dat 1 2024 SSBUCI 33.1075
Model_1_goa_dr_2020.dat 1 2024 SSBMedian 32.7046
Model_1_goa_dr_2020.dat 1 2024 SSBMean 32.7538
Model_1_goa_dr_2020.dat 1 2025 SSBF100 60.8552
Model_1_goa_dr_2020.dat 1 2025 SSBFabc 24.3421
Model_1_goa_dr_2020.dat 1 2025 SSBFofl 21.2993
Model_1_goa_dr_2020.dat 1 2025 SSBLCI 29.5984
Model_1_goa_dr_2020.dat 1 2025 SSBUCI 30.833
Model_1_goa_dr_2020.dat 1 2025 SSBMedian 29.9575
Model_1_goa_dr_2020.dat 1 2025 SSBMean 30.0644
Model_1_goa_dr_2020.dat 1 2026 SSBF100 60.8552
Model_1_goa_dr_2020.dat 1 2026 SSBFabc 24.3421
Model_1_goa_dr_2020.dat 1 2026 SSBFofl 21.2993
Model_1_goa_dr_2020.dat 1 2026 SSBLCI 26.8886
Model_1_goa_dr_2020.dat 1 2026 SSBUCI 29.203
Model_1_goa_dr_2020.dat 1 2026 SSBMedian 27.5917
Model_1_goa_dr_2020.dat 1 2026 SSBMean 27.7808
Model_1_goa_dr_2020.dat 1 2027 SSBF100 60.8552
Model_1_goa_dr_2020.dat 1 2027 SSBFabc 24.3421
Model_1_goa_dr_2020.dat 1 2027 SSBFofl 21.2993
Model_1_goa_dr_2020.dat 1 2027 SSBLCI 24.5615
Model_1_goa_dr_2020.dat 1 2027 SSBUCI 28.4863
Model_1_goa_dr_2020.dat 1 2027 SSBMedian 25.7658
Model_1_goa_dr_2020.dat 1 2027 SSBMean 26.0693
Model_1_goa_dr_2020.dat 1 2028 SSBF100 60.8552
Model_1_goa_dr_2020.dat 1 2028 SSBFabc 24.3421
Model_1_goa_dr_2020.dat 1 2028 SSBFofl 21.2993
Model_1_goa_dr_2020.dat 1 2028 SSBLCI 22.6956
Model_1_goa_dr_2020.dat 1 2028 SSBUCI 28.4641
Model_1_goa_dr_2020.dat 1 2028 SSBMedian 24.5005
Model_1_goa_dr_2020.dat 1 2028 SSBMean 24.965
Model_1_goa_dr_2020.dat 1 2029 SSBF100 60.8552
Model_1_goa_dr_2020.dat 1 2029 SSBFabc 24.3421
Model_1_goa_dr_2020.dat 1 2029 SSBFofl 21.2993
Model_1_goa_dr_2020.dat 1 2029 SSBLCI 21.3705
Model_1_goa_dr_2020.dat 1 2029 SSBUCI 28.9799
Model_1_goa_dr_2020.dat 1 2029 SSBMedian 23.8103
Model_1_goa_dr_2020.dat 1 2029 SSBMean 24.375
Model_1_goa_dr_2020.dat 1 2030 SSBF100 60.8552
Model_1_goa_dr_2020.dat 1 2030 SSBFabc 24.3421
Model_1_goa_dr_2020.dat 1 2030 SSBFofl 21.2993
Model_1_goa_dr_2020.dat 1 2030 SSBLCI 20.4351
Model_1_goa_dr_2020.dat 1 2030 SSBUCI 29.6777
Model_1_goa_dr_2020.dat 1 2030 SSBMedian 23.4765
Model_1_goa_dr_2020.dat 1 2030 SSBMean 24.1288
Model_1_goa_dr_2020.dat 1 2031 SSBF100 60.8552
Model_1_goa_dr_2020.dat 1 2031 SSBFabc 24.3421
Model_1_goa_dr_2020.dat 1 2031 SSBFofl 21.2993
Model_1_goa_dr_2020.dat 1 2031 SSBLCI 19.9032
Model_1_goa_dr_2020.dat 1 2031 SSBUCI 30.4173
Model_1_goa_dr_2020.dat 1 2031 SSBMedian 23.4622
Model_1_goa_dr_2020.dat 1 2031 SSBMean 24.0768
Model_1_goa_dr_2020.dat 1 2032 SSBF100 60.8552
Model_1_goa_dr_2020.dat 1 2032 SSBFabc 24.3421
Model_1_goa_dr_2020.dat 1 2032 SSBFofl 21.2993
Model_1_goa_dr_2020.dat 1 2032 SSBLCI 19.6163
Model_1_goa_dr_2020.dat 1 2032 SSBUCI 30.7432
Model_1_goa_dr_2020.dat 1 2032 SSBMedian 23.4514
Model_1_goa_dr_2020.dat 1 2032 SSBMean 24.1265
Model_1_goa_dr_2020.dat 1 2033 SSBF100 60.8552
Model_1_goa_dr_2020.dat 1 2033 SSBFabc 24.3421
Model_1_goa_dr_2020.dat 1 2033 SSBFofl 21.2993
Model_1_goa_dr_2020.dat 1 2033 SSBLCI 19.412
Model_1_goa_dr_2020.dat 1 2033 SSBUCI 30.9155
Model_1_goa_dr_2020.dat 1 2033 SSBMedian 23.577
Model_1_goa_dr_2020.dat 1 2033 SSBMean 24.23
Model_1_goa_dr_2020.dat 1 2020 F0 0 
Model_1_goa_dr_2020.dat 1 2020 Fabc 0.0929257
Model_1_goa_dr_2020.dat 1 2020 Fofl 0.114372
Model_1_goa_dr_2020.dat 1 2020  F_LCI 0.0290868
Model_1_goa_dr_2020.dat 1 2020  F_UCI 0.0290868
Model_1_goa_dr_2020.dat 1 2020  F_Median 0.0290868
Model_1_goa_dr_2020.dat 1 2020  F_Mean 0.0290868
Model_1_goa_dr_2020.dat 1 2021 F0 0 
Model_1_goa_dr_2020.dat 1 2021 Fabc 0.0929257
Model_1_goa_dr_2020.dat 1 2021 Fofl 0.114372
Model_1_goa_dr_2020.dat 1 2021  F_LCI 0.038222
Model_1_goa_dr_2020.dat 1 2021  F_UCI 0.038223
Model_1_goa_dr_2020.dat 1 2021  F_Median 0.0382228
Model_1_goa_dr_2020.dat 1 2021  F_Mean 0.0382227
Model_1_goa_dr_2020.dat 1 2022 F0 0 
Model_1_goa_dr_2020.dat 1 2022 Fabc 0.0929257
Model_1_goa_dr_2020.dat 1 2022 Fofl 0.114372
Model_1_goa_dr_2020.dat 1 2022  F_LCI 0.0929257
Model_1_goa_dr_2020.dat 1 2022  F_UCI 0.0929257
Model_1_goa_dr_2020.dat 1 2022  F_Median 0.0929257
Model_1_goa_dr_2020.dat 1 2022  F_Mean 0.0929257
Model_1_goa_dr_2020.dat 1 2023 F0 0 
Model_1_goa_dr_2020.dat 1 2023 Fabc 0.0929257
Model_1_goa_dr_2020.dat 1 2023 Fofl 0.114372
Model_1_goa_dr_2020.dat 1 2023  F_LCI 0.0929257
Model_1_goa_dr_2020.dat 1 2023  F_UCI 0.0929257
Model_1_goa_dr_2020.dat 1 2023  F_Median 0.0929257
Model_1_goa_dr_2020.dat 1 2023  F_Mean 0.0929257
Model_1_goa_dr_2020.dat 1 2024 F0 0 
Model_1_goa_dr_2020.dat 1 2024 Fabc 0.0929257
Model_1_goa_dr_2020.dat 1 2024 Fofl 0.114372
Model_1_goa_dr_2020.dat 1 2024  F_LCI 0.0929257
Model_1_goa_dr_2020.dat 1 2024  F_UCI 0.0929257
Model_1_goa_dr_2020.dat 1 2024  F_Median 0.0929257
Model_1_goa_dr_2020.dat 1 2024  F_Mean 0.0929257
Model_1_goa_dr_2020.dat 1 2025 F0 0 
Model_1_goa_dr_2020.dat 1 2025 Fabc 0.0929257
Model_1_goa_dr_2020.dat 1 2025 Fofl 0.114372
Model_1_goa_dr_2020.dat 1 2025  F_LCI 0.0929257
Model_1_goa_dr_2020.dat 1 2025  F_UCI 0.0929257
Model_1_goa_dr_2020.dat 1 2025  F_Median 0.0929257
Model_1_goa_dr_2020.dat 1 2025  F_Mean 0.0929257
Model_1_goa_dr_2020.dat 1 2026 F0 0 
Model_1_goa_dr_2020.dat 1 2026 Fabc 0.0929257
Model_1_goa_dr_2020.dat 1 2026 Fofl 0.114372
Model_1_goa_dr_2020.dat 1 2026  F_LCI 0.0929257
Model_1_goa_dr_2020.dat 1 2026  F_UCI 0.0929257
Model_1_goa_dr_2020.dat 1 2026  F_Median 0.0929257
Model_1_goa_dr_2020.dat 1 2026  F_Mean 0.0929257
Model_1_goa_dr_2020.dat 1 2027 F0 0 
Model_1_goa_dr_2020.dat 1 2027 Fabc 0.0929257
Model_1_goa_dr_2020.dat 1 2027 Fofl 0.114372
Model_1_goa_dr_2020.dat 1 2027  F_LCI 0.0929257
Model_1_goa_dr_2020.dat 1 2027  F_UCI 0.0929257
Model_1_goa_dr_2020.dat 1 2027  F_Median 0.0929257
Model_1_goa_dr_2020.dat 1 2027  F_Mean 0.0929168
Model_1_goa_dr_2020.dat 1 2028 F0 0 
Model_1_goa_dr_2020.dat 1 2028 Fabc 0.0929257
Model_1_goa_dr_2020.dat 1 2028 Fofl 0.114372
Model_1_goa_dr_2020.dat 1 2028  F_LCI 0.0863095
Model_1_goa_dr_2020.dat 1 2028  F_UCI 0.0929257
Model_1_goa_dr_2020.dat 1 2028  F_Median 0.0929257
Model_1_goa_dr_2020.dat 1 2028  F_Mean 0.0912672
Model_1_goa_dr_2020.dat 1 2029 F0 0 
Model_1_goa_dr_2020.dat 1 2029 Fabc 0.0929257
Model_1_goa_dr_2020.dat 1 2029 Fofl 0.114372
Model_1_goa_dr_2020.dat 1 2029  F_LCI 0.0809848
Model_1_goa_dr_2020.dat 1 2029  F_UCI 0.0929257
Model_1_goa_dr_2020.dat 1 2029  F_Median 0.0907889
Model_1_goa_dr_2020.dat 1 2029  F_Mean 0.0891332
Model_1_goa_dr_2020.dat 1 2030 F0 0 
Model_1_goa_dr_2020.dat 1 2030 Fabc 0.0929257
Model_1_goa_dr_2020.dat 1 2030 Fofl 0.114372
Model_1_goa_dr_2020.dat 1 2030  F_LCI 0.077226
Model_1_goa_dr_2020.dat 1 2030  F_UCI 0.0929257
Model_1_goa_dr_2020.dat 1 2030  F_Median 0.0894473
Model_1_goa_dr_2020.dat 1 2030  F_Mean 0.0878263
Model_1_goa_dr_2020.dat 1 2031 F0 0 
Model_1_goa_dr_2020.dat 1 2031 Fabc 0.0929257
Model_1_goa_dr_2020.dat 1 2031 Fofl 0.114372
Model_1_goa_dr_2020.dat 1 2031  F_LCI 0.0750884
Model_1_goa_dr_2020.dat 1 2031  F_UCI 0.0929257
Model_1_goa_dr_2020.dat 1 2031  F_Median 0.08939
Model_1_goa_dr_2020.dat 1 2031  F_Mean 0.0871973
Model_1_goa_dr_2020.dat 1 2032 F0 0 
Model_1_goa_dr_2020.dat 1 2032 Fabc 0.0929257
Model_1_goa_dr_2020.dat 1 2032 Fofl 0.114372
Model_1_goa_dr_2020.dat 1 2032  F_LCI 0.0739355
Model_1_goa_dr_2020.dat 1 2032  F_UCI 0.0929257
Model_1_goa_dr_2020.dat 1 2032  F_Median 0.0893467
Model_1_goa_dr_2020.dat 1 2032  F_Mean 0.0869653
Model_1_goa_dr_2020.dat 1 2033 F0 0 
Model_1_goa_dr_2020.dat 1 2033 Fabc 0.0929257
Model_1_goa_dr_2020.dat 1 2033 Fofl 0.114372
Model_1_goa_dr_2020.dat 1 2033  F_LCI 0.0731147
Model_1_goa_dr_2020.dat 1 2033  F_UCI 0.0929257
Model_1_goa_dr_2020.dat 1 2033  F_Median 0.0898515
Model_1_goa_dr_2020.dat 1 2033  F_Mean 0.0869439
Model_1_goa_dr_2020.dat 2 2020 Cabc 4.36227
Model_1_goa_dr_2020.dat 2 2020 Cofl 4.66772
Model_1_goa_dr_2020.dat 2 2020 CLCI 2.1975
Model_1_goa_dr_2020.dat 2 2020 CUCI 2.1975
Model_1_goa_dr_2020.dat 2 2020 CMedian 2.1975
Model_1_goa_dr_2020.dat 2 2020 CMean 2.1975
Model_1_goa_dr_2020.dat 2 2021 Cabc 4.36227
Model_1_goa_dr_2020.dat 2 2021 Cofl 4.66772
Model_1_goa_dr_2020.dat 2 2021 CLCI 2.99749
Model_1_goa_dr_2020.dat 2 2021 CUCI 2.99749
Model_1_goa_dr_2020.dat 2 2021 CMedian 2.99749
Model_1_goa_dr_2020.dat 2 2021 CMean 2.99749
Model_1_goa_dr_2020.dat 2 2022 Cabc 4.36227
Model_1_goa_dr_2020.dat 2 2022 Cofl 4.66772
Model_1_goa_dr_2020.dat 2 2022 CLCI 7.06851
Model_1_goa_dr_2020.dat 2 2022 CUCI 7.06959
Model_1_goa_dr_2020.dat 2 2022 CMedian 7.06879
Model_1_goa_dr_2020.dat 2 2022 CMean 7.06889
Model_1_goa_dr_2020.dat 2 2023 Cabc 4.36227
Model_1_goa_dr_2020.dat 2 2023 Cofl 4.66772
Model_1_goa_dr_2020.dat 2 2023 CLCI 6.48691
Model_1_goa_dr_2020.dat 2 2023 CUCI 6.4918
Model_1_goa_dr_2020.dat 2 2023 CMedian 6.48821
Model_1_goa_dr_2020.dat 2 2023 CMean 6.48863
Model_1_goa_dr_2020.dat 2 2024 Cabc 4.36227
Model_1_goa_dr_2020.dat 2 2024 Cofl 4.66772
Model_1_goa_dr_2020.dat 2 2024 CLCI 5.87083
Model_1_goa_dr_2020.dat 2 2024 CUCI 5.89063
Model_1_goa_dr_2020.dat 2 2024 CMedian 5.87613
Model_1_goa_dr_2020.dat 2 2024 CMean 5.87786
Model_1_goa_dr_2020.dat 2 2025 Cabc 4.36227
Model_1_goa_dr_2020.dat 2 2025 Cofl 4.66772
Model_1_goa_dr_2020.dat 2 2025 CLCI 5.28555
Model_1_goa_dr_2020.dat 2 2025 CUCI 5.35894
Model_1_goa_dr_2020.dat 2 2025 CMedian 5.30548
Model_1_goa_dr_2020.dat 2 2025 CMean 5.31157
Model_1_goa_dr_2020.dat 2 2026 Cabc 4.36227
Model_1_goa_dr_2020.dat 2 2026 Cofl 4.66772
Model_1_goa_dr_2020.dat 2 2026 CLCI 4.75537
Model_1_goa_dr_2020.dat 2 2026 CUCI 4.9886
Model_1_goa_dr_2020.dat 2 2026 CMedian 4.82061
Model_1_goa_dr_2020.dat 2 2026 CMean 4.83962
Model_1_goa_dr_2020.dat 2 2027 Cabc 4.36227
Model_1_goa_dr_2020.dat 2 2027 Cofl 4.66772
Model_1_goa_dr_2020.dat 2 2027 CLCI 4.30272
Model_1_goa_dr_2020.dat 2 2027 CUCI 4.87945
Model_1_goa_dr_2020.dat 2 2027 CMedian 4.46853
Model_1_goa_dr_2020.dat 2 2027 CMean 4.51739
Model_1_goa_dr_2020.dat 2 2028 Cabc 4.36227
Model_1_goa_dr_2020.dat 2 2028 Cofl 4.66772
Model_1_goa_dr_2020.dat 2 2028 CLCI 3.69116
Model_1_goa_dr_2020.dat 2 2028 CUCI 5.01917
Model_1_goa_dr_2020.dat 2 2028 CMedian 4.25746
Model_1_goa_dr_2020.dat 2 2028 CMean 4.28649
Model_1_goa_dr_2020.dat 2 2029 Cabc 4.36227
Model_1_goa_dr_2020.dat 2 2029 Cofl 4.66772
Model_1_goa_dr_2020.dat 2 2029 CLCI 3.28416
Model_1_goa_dr_2020.dat 2 2029 CUCI 5.22488
Model_1_goa_dr_2020.dat 2 2029 CMedian 4.06422
Model_1_goa_dr_2020.dat 2 2029 CMean 4.14649
Model_1_goa_dr_2020.dat 2 2030 Cabc 4.36227
Model_1_goa_dr_2020.dat 2 2030 Cofl 4.66772
Model_1_goa_dr_2020.dat 2 2030 CLCI 3.00652
Model_1_goa_dr_2020.dat 2 2030 CUCI 5.38568
Model_1_goa_dr_2020.dat 2 2030 CMedian 4.0048
Model_1_goa_dr_2020.dat 2 2030 CMean 4.08998
Model_1_goa_dr_2020.dat 2 2031 Cabc 4.36227
Model_1_goa_dr_2020.dat 2 2031 Cofl 4.66772
Model_1_goa_dr_2020.dat 2 2031 CLCI 2.83127
Model_1_goa_dr_2020.dat 2 2031 CUCI 5.50721
Model_1_goa_dr_2020.dat 2 2031 CMedian 4.01631
Model_1_goa_dr_2020.dat 2 2031 CMean 4.07592
Model_1_goa_dr_2020.dat 2 2032 Cabc 4.36227
Model_1_goa_dr_2020.dat 2 2032 Cofl 4.66772
Model_1_goa_dr_2020.dat 2 2032 CLCI 2.73576
Model_1_goa_dr_2020.dat 2 2032 CUCI 5.59267
Model_1_goa_dr_2020.dat 2 2032 CMedian 4.03137
Model_1_goa_dr_2020.dat 2 2032 CMean 4.08351
Model_1_goa_dr_2020.dat 2 2033 Cabc 4.36227
Model_1_goa_dr_2020.dat 2 2033 Cofl 4.66772
Model_1_goa_dr_2020.dat 2 2033 CLCI 2.71177
Model_1_goa_dr_2020.dat 2 2033 CUCI 5.65443
Model_1_goa_dr_2020.dat 2 2033 CMedian 4.08151
Model_1_goa_dr_2020.dat 2 2033 CMean 4.10602
Model_1_goa_dr_2020.dat 2 2020 SSBF100 60.8552
Model_1_goa_dr_2020.dat 2 2020 SSBFabc 24.3421
Model_1_goa_dr_2020.dat 2 2020 SSBFofl 21.2993
Model_1_goa_dr_2020.dat 2 2020 SSBLCI 37.5942
Model_1_goa_dr_2020.dat 2 2020 SSBUCI 37.5942
Model_1_goa_dr_2020.dat 2 2020 SSBMedian 37.5942
Model_1_goa_dr_2020.dat 2 2020 SSBMean 37.5942
Model_1_goa_dr_2020.dat 2 2021 SSBF100 60.8552
Model_1_goa_dr_2020.dat 2 2021 SSBFabc 24.3421
Model_1_goa_dr_2020.dat 2 2021 SSBFofl 21.2993
Model_1_goa_dr_2020.dat 2 2021 SSBLCI 38.5323
Model_1_goa_dr_2020.dat 2 2021 SSBUCI 38.5616
Model_1_goa_dr_2020.dat 2 2021 SSBMedian 38.539
Model_1_goa_dr_2020.dat 2 2021 SSBMean 38.5419
Model_1_goa_dr_2020.dat 2 2022 SSBF100 60.8552
Model_1_goa_dr_2020.dat 2 2022 SSBFabc 24.3421
Model_1_goa_dr_2020.dat 2 2022 SSBFofl 21.2993
Model_1_goa_dr_2020.dat 2 2022 SSBLCI 38.1444
Model_1_goa_dr_2020.dat 2 2022 SSBUCI 38.2385
Model_1_goa_dr_2020.dat 2 2022 SSBMedian 38.1697
Model_1_goa_dr_2020.dat 2 2022 SSBMean 38.1781
Model_1_goa_dr_2020.dat 2 2023 SSBF100 60.8552
Model_1_goa_dr_2020.dat 2 2023 SSBFabc 24.3421
Model_1_goa_dr_2020.dat 2 2023 SSBFofl 21.2993
Model_1_goa_dr_2020.dat 2 2023 SSBLCI 35.4886
Model_1_goa_dr_2020.dat 2 2023 SSBUCI 35.7371
Model_1_goa_dr_2020.dat 2 2023 SSBMedian 35.5595
Model_1_goa_dr_2020.dat 2 2023 SSBMean 35.5812
Model_1_goa_dr_2020.dat 2 2024 SSBF100 60.8552
Model_1_goa_dr_2020.dat 2 2024 SSBFabc 24.3421
Model_1_goa_dr_2020.dat 2 2024 SSBFofl 21.2993
Model_1_goa_dr_2020.dat 2 2024 SSBLCI 32.535
Model_1_goa_dr_2020.dat 2 2024 SSBUCI 33.1075
Model_1_goa_dr_2020.dat 2 2024 SSBMedian 32.7046
Model_1_goa_dr_2020.dat 2 2024 SSBMean 32.7538
Model_1_goa_dr_2020.dat 2 2025 SSBF100 60.8552
Model_1_goa_dr_2020.dat 2 2025 SSBFabc 24.3421
Model_1_goa_dr_2020.dat 2 2025 SSBFofl 21.2993
Model_1_goa_dr_2020.dat 2 2025 SSBLCI 29.5984
Model_1_goa_dr_2020.dat 2 2025 SSBUCI 30.833
Model_1_goa_dr_2020.dat 2 2025 SSBMedian 29.9575
Model_1_goa_dr_2020.dat 2 2025 SSBMean 30.0644
Model_1_goa_dr_2020.dat 2 2026 SSBF100 60.8552
Model_1_goa_dr_2020.dat 2 2026 SSBFabc 24.3421
Model_1_goa_dr_2020.dat 2 2026 SSBFofl 21.2993
Model_1_goa_dr_2020.dat 2 2026 SSBLCI 26.8886
Model_1_goa_dr_2020.dat 2 2026 SSBUCI 29.203
Model_1_goa_dr_2020.dat 2 2026 SSBMedian 27.5917
Model_1_goa_dr_2020.dat 2 2026 SSBMean 27.7808
Model_1_goa_dr_2020.dat 2 2027 SSBF100 60.8552
Model_1_goa_dr_2020.dat 2 2027 SSBFabc 24.3421
Model_1_goa_dr_2020.dat 2 2027 SSBFofl 21.2993
Model_1_goa_dr_2020.dat 2 2027 SSBLCI 24.5615
Model_1_goa_dr_2020.dat 2 2027 SSBUCI 28.4863
Model_1_goa_dr_2020.dat 2 2027 SSBMedian 25.7658
Model_1_goa_dr_2020.dat 2 2027 SSBMean 26.0693
Model_1_goa_dr_2020.dat 2 2028 SSBF100 60.8552
Model_1_goa_dr_2020.dat 2 2028 SSBFabc 24.3421
Model_1_goa_dr_2020.dat 2 2028 SSBFofl 21.2993
Model_1_goa_dr_2020.dat 2 2028 SSBLCI 22.6956
Model_1_goa_dr_2020.dat 2 2028 SSBUCI 28.4641
Model_1_goa_dr_2020.dat 2 2028 SSBMedian 24.5005
Model_1_goa_dr_2020.dat 2 2028 SSBMean 24.965
Model_1_goa_dr_2020.dat 2 2029 SSBF100 60.8552
Model_1_goa_dr_2020.dat 2 2029 SSBFabc 24.3421
Model_1_goa_dr_2020.dat 2 2029 SSBFofl 21.2993
Model_1_goa_dr_2020.dat 2 2029 SSBLCI 21.3705
Model_1_goa_dr_2020.dat 2 2029 SSBUCI 28.9799
Model_1_goa_dr_2020.dat 2 2029 SSBMedian 23.8103
Model_1_goa_dr_2020.dat 2 2029 SSBMean 24.375
Model_1_goa_dr_2020.dat 2 2030 SSBF100 60.8552
Model_1_goa_dr_2020.dat 2 2030 SSBFabc 24.3421
Model_1_goa_dr_2020.dat 2 2030 SSBFofl 21.2993
Model_1_goa_dr_2020.dat 2 2030 SSBLCI 20.4351
Model_1_goa_dr_2020.dat 2 2030 SSBUCI 29.6777
Model_1_goa_dr_2020.dat 2 2030 SSBMedian 23.4765
Model_1_goa_dr_2020.dat 2 2030 SSBMean 24.1288
Model_1_goa_dr_2020.dat 2 2031 SSBF100 60.8552
Model_1_goa_dr_2020.dat 2 2031 SSBFabc 24.3421
Model_1_goa_dr_2020.dat 2 2031 SSBFofl 21.2993
Model_1_goa_dr_2020.dat 2 2031 SSBLCI 19.9032
Model_1_goa_dr_2020.dat 2 2031 SSBUCI 30.4173
Model_1_goa_dr_2020.dat 2 2031 SSBMedian 23.4622
Model_1_goa_dr_2020.dat 2 2031 SSBMean 24.0768
Model_1_goa_dr_2020.dat 2 2032 SSBF100 60.8552
Model_1_goa_dr_2020.dat 2 2032 SSBFabc 24.3421
Model_1_goa_dr_2020.dat 2 2032 SSBFofl 21.2993
Model_1_goa_dr_2020.dat 2 2032 SSBLCI 19.6163
Model_1_goa_dr_2020.dat 2 2032 SSBUCI 30.7432
Model_1_goa_dr_2020.dat 2 2032 SSBMedian 23.4514
Model_1_goa_dr_2020.dat 2 2032 SSBMean 24.1265
Model_1_goa_dr_2020.dat 2 2033 SSBF100 60.8552
Model_1_goa_dr_2020.dat 2 2033 SSBFabc 24.3421
Model_1_goa_dr_2020.dat 2 2033 SSBFofl 21.2993
Model_1_goa_dr_2020.dat 2 2033 SSBLCI 19.412
Model_1_goa_dr_2020.dat 2 2033 SSBUCI 30.9155
Model_1_goa_dr_2020.dat 2 2033 SSBMedian 23.577
Model_1_goa_dr_2020.dat 2 2033 SSBMean 24.23
Model_1_goa_dr_2020.dat 2 2020 F0 0 
Model_1_goa_dr_2020.dat 2 2020 Fabc 0.0929257
Model_1_goa_dr_2020.dat 2 2020 Fofl 0.114372
Model_1_goa_dr_2020.dat 2 2020  F_LCI 0.0290868
Model_1_goa_dr_2020.dat 2 2020  F_UCI 0.0290868
Model_1_goa_dr_2020.dat 2 2020  F_Median 0.0290868
Model_1_goa_dr_2020.dat 2 2020  F_Mean 0.0290868
Model_1_goa_dr_2020.dat 2 2021 F0 0 
Model_1_goa_dr_2020.dat 2 2021 Fabc 0.0929257
Model_1_goa_dr_2020.dat 2 2021 Fofl 0.114372
Model_1_goa_dr_2020.dat 2 2021  F_LCI 0.038222
Model_1_goa_dr_2020.dat 2 2021  F_UCI 0.038223
Model_1_goa_dr_2020.dat 2 2021  F_Median 0.0382228
Model_1_goa_dr_2020.dat 2 2021  F_Mean 0.0382227
Model_1_goa_dr_2020.dat 2 2022 F0 0 
Model_1_goa_dr_2020.dat 2 2022 Fabc 0.0929257
Model_1_goa_dr_2020.dat 2 2022 Fofl 0.114372
Model_1_goa_dr_2020.dat 2 2022  F_LCI 0.0929257
Model_1_goa_dr_2020.dat 2 2022  F_UCI 0.0929257
Model_1_goa_dr_2020.dat 2 2022  F_Median 0.0929257
Model_1_goa_dr_2020.dat 2 2022  F_Mean 0.0929257
Model_1_goa_dr_2020.dat 2 2023 F0 0 
Model_1_goa_dr_2020.dat 2 2023 Fabc 0.0929257
Model_1_goa_dr_2020.dat 2 2023 Fofl 0.114372
Model_1_goa_dr_2020.dat 2 2023  F_LCI 0.0929257
Model_1_goa_dr_2020.dat 2 2023  F_UCI 0.0929257
Model_1_goa_dr_2020.dat 2 2023  F_Median 0.0929257
Model_1_goa_dr_2020.dat 2 2023  F_Mean 0.0929257
Model_1_goa_dr_2020.dat 2 2024 F0 0 
Model_1_goa_dr_2020.dat 2 2024 Fabc 0.0929257
Model_1_goa_dr_2020.dat 2 2024 Fofl 0.114372
Model_1_goa_dr_2020.dat 2 2024  F_LCI 0.0929257
Model_1_goa_dr_2020.dat 2 2024  F_UCI 0.0929257
Model_1_goa_dr_2020.dat 2 2024  F_Median 0.0929257
Model_1_goa_dr_2020.dat 2 2024  F_Mean 0.0929257
Model_1_goa_dr_2020.dat 2 2025 F0 0 
Model_1_goa_dr_2020.dat 2 2025 Fabc 0.0929257
Model_1_goa_dr_2020.dat 2 2025 Fofl 0.114372
Model_1_goa_dr_2020.dat 2 2025  F_LCI 0.0929257
Model_1_goa_dr_2020.dat 2 2025  F_UCI 0.0929257
Model_1_goa_dr_2020.dat 2 2025  F_Median 0.0929257
Model_1_goa_dr_2020.dat 2 2025  F_Mean 0.0929257
Model_1_goa_dr_2020.dat 2 2026 F0 0 
Model_1_goa_dr_2020.dat 2 2026 Fabc 0.0929257
Model_1_goa_dr_2020.dat 2 2026 Fofl 0.114372
Model_1_goa_dr_2020.dat 2 2026  F_LCI 0.0929257
Model_1_goa_dr_2020.dat 2 2026  F_UCI 0.0929257
Model_1_goa_dr_2020.dat 2 2026  F_Median 0.0929257
Model_1_goa_dr_2020.dat 2 2026  F_Mean 0.0929257
Model_1_goa_dr_2020.dat 2 2027 F0 0 
Model_1_goa_dr_2020.dat 2 2027 Fabc 0.0929257
Model_1_goa_dr_2020.dat 2 2027 Fofl 0.114372
Model_1_goa_dr_2020.dat 2 2027  F_LCI 0.0929257
Model_1_goa_dr_2020.dat 2 2027  F_UCI 0.0929257
Model_1_goa_dr_2020.dat 2 2027  F_Median 0.0929257
Model_1_goa_dr_2020.dat 2 2027  F_Mean 0.0929168
Model_1_goa_dr_2020.dat 2 2028 F0 0 
Model_1_goa_dr_2020.dat 2 2028 Fabc 0.0929257
Model_1_goa_dr_2020.dat 2 2028 Fofl 0.114372
Model_1_goa_dr_2020.dat 2 2028  F_LCI 0.0863095
Model_1_goa_dr_2020.dat 2 2028  F_UCI 0.0929257
Model_1_goa_dr_2020.dat 2 2028  F_Median 0.0929257
Model_1_goa_dr_2020.dat 2 2028  F_Mean 0.0912672
Model_1_goa_dr_2020.dat 2 2029 F0 0 
Model_1_goa_dr_2020.dat 2 2029 Fabc 0.0929257
Model_1_goa_dr_2020.dat 2 2029 Fofl 0.114372
Model_1_goa_dr_2020.dat 2 2029  F_LCI 0.0809848
Model_1_goa_dr_2020.dat 2 2029  F_UCI 0.0929257
Model_1_goa_dr_2020.dat 2 2029  F_Median 0.0907889
Model_1_goa_dr_2020.dat 2 2029  F_Mean 0.0891332
Model_1_goa_dr_2020.dat 2 2030 F0 0 
Model_1_goa_dr_2020.dat 2 2030 Fabc 0.0929257
Model_1_goa_dr_2020.dat 2 2030 Fofl 0.114372
Model_1_goa_dr_2020.dat 2 2030  F_LCI 0.077226
Model_1_goa_dr_2020.dat 2 2030  F_UCI 0.0929257
Model_1_goa_dr_2020.dat 2 2030  F_Median 0.0894473
Model_1_goa_dr_2020.dat 2 2030  F_Mean 0.0878263
Model_1_goa_dr_2020.dat 2 2031 F0 0 
Model_1_goa_dr_2020.dat 2 2031 Fabc 0.0929257
Model_1_goa_dr_2020.dat 2 2031 Fofl 0.114372
Model_1_goa_dr_2020.dat 2 2031  F_LCI 0.0750884
Model_1_goa_dr_2020.dat 2 2031  F_UCI 0.0929257
Model_1_goa_dr_2020.dat 2 2031  F_Median 0.08939
Model_1_goa_dr_2020.dat 2 2031  F_Mean 0.0871973
Model_1_goa_dr_2020.dat 2 2032 F0 0 
Model_1_goa_dr_2020.dat 2 2032 Fabc 0.0929257
Model_1_goa_dr_2020.dat 2 2032 Fofl 0.114372
Model_1_goa_dr_2020.dat 2 2032  F_LCI 0.0739355
Model_1_goa_dr_2020.dat 2 2032  F_UCI 0.0929257
Model_1_goa_dr_2020.dat 2 2032  F_Median 0.0893467
Model_1_goa_dr_2020.dat 2 2032  F_Mean 0.0869653
Model_1_goa_dr_2020.dat 2 2033 F0 0 
Model_1_goa_dr_2020.dat 2 2033 Fabc 0.0929257
Model_1_goa_dr_2020.dat 2 2033 Fofl 0.114372
Model_1_goa_dr_2020.dat 2 2033  F_LCI 0.0731147
Model_1_goa_dr_2020.dat 2 2033  F_UCI 0.0929257
Model_1_goa_dr_2020.dat 2 2033  F_Median 0.0898515
Model_1_goa_dr_2020.dat 2 2033  F_Mean 0.0869439
Model_1_goa_dr_2020.dat 3 2020 Cabc 4.36227
Model_1_goa_dr_2020.dat 3 2020 Cofl 4.66772
Model_1_goa_dr_2020.dat 3 2020 CLCI 2.1975
Model_1_goa_dr_2020.dat 3 2020 CUCI 2.1975
Model_1_goa_dr_2020.dat 3 2020 CMedian 2.1975
Model_1_goa_dr_2020.dat 3 2020 CMean 2.1975
Model_1_goa_dr_2020.dat 3 2021 Cabc 4.36227
Model_1_goa_dr_2020.dat 3 2021 Cofl 4.66772
Model_1_goa_dr_2020.dat 3 2021 CLCI 2.99749
Model_1_goa_dr_2020.dat 3 2021 CUCI 2.99749
Model_1_goa_dr_2020.dat 3 2021 CMedian 2.99749
Model_1_goa_dr_2020.dat 3 2021 CMean 2.99749
Model_1_goa_dr_2020.dat 3 2022 Cabc 4.36227
Model_1_goa_dr_2020.dat 3 2022 Cofl 4.66772
Model_1_goa_dr_2020.dat 3 2022 CLCI 3.61208
Model_1_goa_dr_2020.dat 3 2022 CUCI 3.61262
Model_1_goa_dr_2020.dat 3 2022 CMedian 3.61222
Model_1_goa_dr_2020.dat 3 2022 CMean 3.61227
Model_1_goa_dr_2020.dat 3 2023 Cabc 4.36227
Model_1_goa_dr_2020.dat 3 2023 Cofl 4.66772
Model_1_goa_dr_2020.dat 3 2023 CLCI 3.46429
Model_1_goa_dr_2020.dat 3 2023 CUCI 3.46674
Model_1_goa_dr_2020.dat 3 2023 CMedian 3.46494
Model_1_goa_dr_2020.dat 3 2023 CMean 3.46515
Model_1_goa_dr_2020.dat 3 2024 Cabc 4.36227
Model_1_goa_dr_2020.dat 3 2024 Cofl 4.66772
Model_1_goa_dr_2020.dat 3 2024 CLCI 3.27466
Model_1_goa_dr_2020.dat 3 2024 CUCI 3.28457
Model_1_goa_dr_2020.dat 3 2024 CMedian 3.27731
Model_1_goa_dr_2020.dat 3 2024 CMean 3.27818
Model_1_goa_dr_2020.dat 3 2025 Cabc 4.36227
Model_1_goa_dr_2020.dat 3 2025 Cofl 4.66772
Model_1_goa_dr_2020.dat 3 2025 CLCI 3.07581
Model_1_goa_dr_2020.dat 3 2025 CUCI 3.11258
Model_1_goa_dr_2020.dat 3 2025 CMedian 3.08579
Model_1_goa_dr_2020.dat 3 2025 CMean 3.08885
Model_1_goa_dr_2020.dat 3 2026 Cabc 4.36227
Model_1_goa_dr_2020.dat 3 2026 Cofl 4.66772
Model_1_goa_dr_2020.dat 3 2026 CLCI 2.88218
Model_1_goa_dr_2020.dat 3 2026 CUCI 2.99978
Model_1_goa_dr_2020.dat 3 2026 CMedian 2.91501
Model_1_goa_dr_2020.dat 3 2026 CMean 2.92461
Model_1_goa_dr_2020.dat 3 2027 Cabc 4.36227
Model_1_goa_dr_2020.dat 3 2027 Cofl 4.66772
Model_1_goa_dr_2020.dat 3 2027 CLCI 2.70794
Model_1_goa_dr_2020.dat 3 2027 CUCI 3.00301
Model_1_goa_dr_2020.dat 3 2027 CMedian 2.79228
Model_1_goa_dr_2020.dat 3 2027 CMean 2.81755
Model_1_goa_dr_2020.dat 3 2028 Cabc 4.36227
Model_1_goa_dr_2020.dat 3 2028 Cofl 4.66772
Model_1_goa_dr_2020.dat 3 2028 CLCI 2.56949
Model_1_goa_dr_2020.dat 3 2028 CUCI 3.12544
Model_1_goa_dr_2020.dat 3 2028 CMedian 2.7327
Model_1_goa_dr_2020.dat 3 2028 CMean 2.77881
Model_1_goa_dr_2020.dat 3 2029 Cabc 4.36227
Model_1_goa_dr_2020.dat 3 2029 Cofl 4.66772
Model_1_goa_dr_2020.dat 3 2029 CLCI 2.47203
Model_1_goa_dr_2020.dat 3 2029 CUCI 3.27839
Model_1_goa_dr_2020.dat 3 2029 CMedian 2.71734
Model_1_goa_dr_2020.dat 3 2029 CMean 2.78408
Model_1_goa_dr_2020.dat 3 2030 Cabc 4.36227
Model_1_goa_dr_2020.dat 3 2030 Cofl 4.66772
Model_1_goa_dr_2020.dat 3 2030 CLCI 2.39989
Model_1_goa_dr_2020.dat 3 2030 CUCI 3.40087
Model_1_goa_dr_2020.dat 3 2030 CMedian 2.73777
Model_1_goa_dr_2020.dat 3 2030 CMean 2.80685
Model_1_goa_dr_2020.dat 3 2031 Cabc 4.36227
Model_1_goa_dr_2020.dat 3 2031 Cofl 4.66772
Model_1_goa_dr_2020.dat 3 2031 CLCI 2.34225
Model_1_goa_dr_2020.dat 3 2031 CUCI 3.51585
Model_1_goa_dr_2020.dat 3 2031 CMedian 2.7649
Model_1_goa_dr_2020.dat 3 2031 CMean 2.83338
Model_1_goa_dr_2020.dat 3 2032 Cabc 4.36227
Model_1_goa_dr_2020.dat 3 2032 Cofl 4.66772
Model_1_goa_dr_2020.dat 3 2032 CLCI 2.30437
Model_1_goa_dr_2020.dat 3 2032 CUCI 3.61627
Model_1_goa_dr_2020.dat 3 2032 CMedian 2.80075
Model_1_goa_dr_2020.dat 3 2032 CMean 2.86022
Model_1_goa_dr_2020.dat 3 2033 Cabc 4.36227
Model_1_goa_dr_2020.dat 3 2033 Cofl 4.66772
Model_1_goa_dr_2020.dat 3 2033 CLCI 2.28748
Model_1_goa_dr_2020.dat 3 2033 CUCI 3.68951
Model_1_goa_dr_2020.dat 3 2033 CMedian 2.81946
Model_1_goa_dr_2020.dat 3 2033 CMean 2.88897
Model_1_goa_dr_2020.dat 3 2020 SSBF100 60.8552
Model_1_goa_dr_2020.dat 3 2020 SSBFabc 24.3421
Model_1_goa_dr_2020.dat 3 2020 SSBFofl 21.2993
Model_1_goa_dr_2020.dat 3 2020 SSBLCI 37.5942
Model_1_goa_dr_2020.dat 3 2020 SSBUCI 37.5942
Model_1_goa_dr_2020.dat 3 2020 SSBMedian 37.5942
Model_1_goa_dr_2020.dat 3 2020 SSBMean 37.5942
Model_1_goa_dr_2020.dat 3 2021 SSBF100 60.8552
Model_1_goa_dr_2020.dat 3 2021 SSBFabc 24.3421
Model_1_goa_dr_2020.dat 3 2021 SSBFofl 21.2993
Model_1_goa_dr_2020.dat 3 2021 SSBLCI 38.5323
Model_1_goa_dr_2020.dat 3 2021 SSBUCI 38.5616
Model_1_goa_dr_2020.dat 3 2021 SSBMedian 38.539
Model_1_goa_dr_2020.dat 3 2021 SSBMean 38.5419
Model_1_goa_dr_2020.dat 3 2022 SSBF100 60.8552
Model_1_goa_dr_2020.dat 3 2022 SSBFabc 24.3421
Model_1_goa_dr_2020.dat 3 2022 SSBFofl 21.2993
Model_1_goa_dr_2020.dat 3 2022 SSBLCI 38.4277
Model_1_goa_dr_2020.dat 3 2022 SSBUCI 38.5218
Model_1_goa_dr_2020.dat 3 2022 SSBMedian 38.453
Model_1_goa_dr_2020.dat 3 2022 SSBMean 38.4615
Model_1_goa_dr_2020.dat 3 2023 SSBF100 60.8552
Model_1_goa_dr_2020.dat 3 2023 SSBFabc 24.3421
Model_1_goa_dr_2020.dat 3 2023 SSBFofl 21.2993
Model_1_goa_dr_2020.dat 3 2023 SSBLCI 37.3499
Model_1_goa_dr_2020.dat 3 2023 SSBUCI 37.5985
Model_1_goa_dr_2020.dat 3 2023 SSBMedian 37.4208
Model_1_goa_dr_2020.dat 3 2023 SSBMean 37.4426
Model_1_goa_dr_2020.dat 3 2024 SSBF100 60.8552
Model_1_goa_dr_2020.dat 3 2024 SSBFabc 24.3421
Model_1_goa_dr_2020.dat 3 2024 SSBFofl 21.2993
Model_1_goa_dr_2020.dat 3 2024 SSBLCI 35.7538
Model_1_goa_dr_2020.dat 3 2024 SSBUCI 36.3266
Model_1_goa_dr_2020.dat 3 2024 SSBMedian 35.9235
Model_1_goa_dr_2020.dat 3 2024 SSBMean 35.9727
Model_1_goa_dr_2020.dat 3 2025 SSBF100 60.8552
Model_1_goa_dr_2020.dat 3 2025 SSBFabc 24.3421
Model_1_goa_dr_2020.dat 3 2025 SSBFofl 21.2993
Model_1_goa_dr_2020.dat 3 2025 SSBLCI 33.9213
Model_1_goa_dr_2020.dat 3 2025 SSBUCI 35.1569
Model_1_goa_dr_2020.dat 3 2025 SSBMedian 34.281
Model_1_goa_dr_2020.dat 3 2025 SSBMean 34.3879
Model_1_goa_dr_2020.dat 3 2026 SSBF100 60.8552
Model_1_goa_dr_2020.dat 3 2026 SSBFabc 24.3421
Model_1_goa_dr_2020.dat 3 2026 SSBFofl 21.2993
Model_1_goa_dr_2020.dat 3 2026 SSBLCI 32.0682
Model_1_goa_dr_2020.dat 3 2026 SSBUCI 34.3927
Model_1_goa_dr_2020.dat 3 2026 SSBMedian 32.7744
Model_1_goa_dr_2020.dat 3 2026 SSBMean 32.9644
Model_1_goa_dr_2020.dat 3 2027 SSBF100 60.8552
Model_1_goa_dr_2020.dat 3 2027 SSBFabc 24.3421
Model_1_goa_dr_2020.dat 3 2027 SSBFofl 21.2993
Model_1_goa_dr_2020.dat 3 2027 SSBLCI 30.3763
Model_1_goa_dr_2020.dat 3 2027 SSBUCI 34.3535
Model_1_goa_dr_2020.dat 3 2027 SSBMedian 31.5877
Model_1_goa_dr_2020.dat 3 2027 SSBMean 31.9018
Model_1_goa_dr_2020.dat 3 2028 SSBF100 60.8552
Model_1_goa_dr_2020.dat 3 2028 SSBFabc 24.3421
Model_1_goa_dr_2020.dat 3 2028 SSBFofl 21.2993
Model_1_goa_dr_2020.dat 3 2028 SSBLCI 28.944
Model_1_goa_dr_2020.dat 3 2028 SSBUCI 34.8587
Model_1_goa_dr_2020.dat 3 2028 SSBMedian 30.8097
Model_1_goa_dr_2020.dat 3 2028 SSBMean 31.2855
Model_1_goa_dr_2020.dat 3 2029 SSBF100 60.8552
Model_1_goa_dr_2020.dat 3 2029 SSBFabc 24.3421
Model_1_goa_dr_2020.dat 3 2029 SSBFofl 21.2993
Model_1_goa_dr_2020.dat 3 2029 SSBLCI 27.8361
Model_1_goa_dr_2020.dat 3 2029 SSBUCI 35.9051
Model_1_goa_dr_2020.dat 3 2029 SSBMedian 30.5006
Model_1_goa_dr_2020.dat 3 2029 SSBMean 31.0569
Model_1_goa_dr_2020.dat 3 2030 SSBF100 60.8552
Model_1_goa_dr_2020.dat 3 2030 SSBFabc 24.3421
Model_1_goa_dr_2020.dat 3 2030 SSBFofl 21.2993
Model_1_goa_dr_2020.dat 3 2030 SSBLCI 26.8879
Model_1_goa_dr_2020.dat 3 2030 SSBUCI 37.0516
Model_1_goa_dr_2020.dat 3 2030 SSBMedian 30.4325
Model_1_goa_dr_2020.dat 3 2030 SSBMean 31.0902
Model_1_goa_dr_2020.dat 3 2031 SSBF100 60.8552
Model_1_goa_dr_2020.dat 3 2031 SSBFabc 24.3421
Model_1_goa_dr_2020.dat 3 2031 SSBFofl 21.2993
Model_1_goa_dr_2020.dat 3 2031 SSBLCI 26.3171
Model_1_goa_dr_2020.dat 3 2031 SSBUCI 38.4122
Model_1_goa_dr_2020.dat 3 2031 SSBMedian 30.5852
Model_1_goa_dr_2020.dat 3 2031 SSBMean 31.2764
Model_1_goa_dr_2020.dat 3 2032 SSBF100 60.8552
Model_1_goa_dr_2020.dat 3 2032 SSBFabc 24.3421
Model_1_goa_dr_2020.dat 3 2032 SSBFofl 21.2993
Model_1_goa_dr_2020.dat 3 2032 SSBLCI 25.9565
Model_1_goa_dr_2020.dat 3 2032 SSBUCI 39.2466
Model_1_goa_dr_2020.dat 3 2032 SSBMedian 30.8312
Model_1_goa_dr_2020.dat 3 2032 SSBMean 31.5424
Model_1_goa_dr_2020.dat 3 2033 SSBF100 60.8552
Model_1_goa_dr_2020.dat 3 2033 SSBFabc 24.3421
Model_1_goa_dr_2020.dat 3 2033 SSBFofl 21.2993
Model_1_goa_dr_2020.dat 3 2033 SSBLCI 25.7603
Model_1_goa_dr_2020.dat 3 2033 SSBUCI 40.1123
Model_1_goa_dr_2020.dat 3 2033 SSBMedian 31.1589
Model_1_goa_dr_2020.dat 3 2033 SSBMean 31.8475
Model_1_goa_dr_2020.dat 3 2020 F0 0 
Model_1_goa_dr_2020.dat 3 2020 Fabc 0.0929257
Model_1_goa_dr_2020.dat 3 2020 Fofl 0.114372
Model_1_goa_dr_2020.dat 3 2020  F_LCI 0.0290868
Model_1_goa_dr_2020.dat 3 2020  F_UCI 0.0290868
Model_1_goa_dr_2020.dat 3 2020  F_Median 0.0290868
Model_1_goa_dr_2020.dat 3 2020  F_Mean 0.0290868
Model_1_goa_dr_2020.dat 3 2021 F0 0 
Model_1_goa_dr_2020.dat 3 2021 Fabc 0.0929257
Model_1_goa_dr_2020.dat 3 2021 Fofl 0.114372
Model_1_goa_dr_2020.dat 3 2021  F_LCI 0.038222
Model_1_goa_dr_2020.dat 3 2021  F_UCI 0.038223
Model_1_goa_dr_2020.dat 3 2021  F_Median 0.0382228
Model_1_goa_dr_2020.dat 3 2021  F_Mean 0.0382227
Model_1_goa_dr_2020.dat 3 2022 F0 0 
Model_1_goa_dr_2020.dat 3 2022 Fabc 0.0929257
Model_1_goa_dr_2020.dat 3 2022 Fofl 0.114372
Model_1_goa_dr_2020.dat 3 2022  F_LCI 0.0464629
Model_1_goa_dr_2020.dat 3 2022  F_UCI 0.0464629
Model_1_goa_dr_2020.dat 3 2022  F_Median 0.0464629
Model_1_goa_dr_2020.dat 3 2022  F_Mean 0.0464629
Model_1_goa_dr_2020.dat 3 2023 F0 0 
Model_1_goa_dr_2020.dat 3 2023 Fabc 0.0929257
Model_1_goa_dr_2020.dat 3 2023 Fofl 0.114372
Model_1_goa_dr_2020.dat 3 2023  F_LCI 0.0464629
Model_1_goa_dr_2020.dat 3 2023  F_UCI 0.0464629
Model_1_goa_dr_2020.dat 3 2023  F_Median 0.0464629
Model_1_goa_dr_2020.dat 3 2023  F_Mean 0.0464629
Model_1_goa_dr_2020.dat 3 2024 F0 0 
Model_1_goa_dr_2020.dat 3 2024 Fabc 0.0929257
Model_1_goa_dr_2020.dat 3 2024 Fofl 0.114372
Model_1_goa_dr_2020.dat 3 2024  F_LCI 0.0464629
Model_1_goa_dr_2020.dat 3 2024  F_UCI 0.0464629
Model_1_goa_dr_2020.dat 3 2024  F_Median 0.0464629
Model_1_goa_dr_2020.dat 3 2024  F_Mean 0.0464629
Model_1_goa_dr_2020.dat 3 2025 F0 0 
Model_1_goa_dr_2020.dat 3 2025 Fabc 0.0929257
Model_1_goa_dr_2020.dat 3 2025 Fofl 0.114372
Model_1_goa_dr_2020.dat 3 2025  F_LCI 0.0464629
Model_1_goa_dr_2020.dat 3 2025  F_UCI 0.0464629
Model_1_goa_dr_2020.dat 3 2025  F_Median 0.0464629
Model_1_goa_dr_2020.dat 3 2025  F_Mean 0.0464629
Model_1_goa_dr_2020.dat 3 2026 F0 0 
Model_1_goa_dr_2020.dat 3 2026 Fabc 0.0929257
Model_1_goa_dr_2020.dat 3 2026 Fofl 0.114372
Model_1_goa_dr_2020.dat 3 2026  F_LCI 0.0464629
Model_1_goa_dr_2020.dat 3 2026  F_UCI 0.0464629
Model_1_goa_dr_2020.dat 3 2026  F_Median 0.0464629
Model_1_goa_dr_2020.dat 3 2026  F_Mean 0.0464629
Model_1_goa_dr_2020.dat 3 2027 F0 0 
Model_1_goa_dr_2020.dat 3 2027 Fabc 0.0929257
Model_1_goa_dr_2020.dat 3 2027 Fofl 0.114372
Model_1_goa_dr_2020.dat 3 2027  F_LCI 0.0464629
Model_1_goa_dr_2020.dat 3 2027  F_UCI 0.0464629
Model_1_goa_dr_2020.dat 3 2027  F_Median 0.0464629
Model_1_goa_dr_2020.dat 3 2027  F_Mean 0.0464629
Model_1_goa_dr_2020.dat 3 2028 F0 0 
Model_1_goa_dr_2020.dat 3 2028 Fabc 0.0929257
Model_1_goa_dr_2020.dat 3 2028 Fofl 0.114372
Model_1_goa_dr_2020.dat 3 2028  F_LCI 0.0464629
Model_1_goa_dr_2020.dat 3 2028  F_UCI 0.0464629
Model_1_goa_dr_2020.dat 3 2028  F_Median 0.0464629
Model_1_goa_dr_2020.dat 3 2028  F_Mean 0.0464629
Model_1_goa_dr_2020.dat 3 2029 F0 0 
Model_1_goa_dr_2020.dat 3 2029 Fabc 0.0929257
Model_1_goa_dr_2020.dat 3 2029 Fofl 0.114372
Model_1_goa_dr_2020.dat 3 2029  F_LCI 0.0464629
Model_1_goa_dr_2020.dat 3 2029  F_UCI 0.0464629
Model_1_goa_dr_2020.dat 3 2029  F_Median 0.0464629
Model_1_goa_dr_2020.dat 3 2029  F_Mean 0.0464629
Model_1_goa_dr_2020.dat 3 2030 F0 0 
Model_1_goa_dr_2020.dat 3 2030 Fabc 0.0929257
Model_1_goa_dr_2020.dat 3 2030 Fofl 0.114372
Model_1_goa_dr_2020.dat 3 2030  F_LCI 0.0464629
Model_1_goa_dr_2020.dat 3 2030  F_UCI 0.0464629
Model_1_goa_dr_2020.dat 3 2030  F_Median 0.0464629
Model_1_goa_dr_2020.dat 3 2030  F_Mean 0.0464629
Model_1_goa_dr_2020.dat 3 2031 F0 0 
Model_1_goa_dr_2020.dat 3 2031 Fabc 0.0929257
Model_1_goa_dr_2020.dat 3 2031 Fofl 0.114372
Model_1_goa_dr_2020.dat 3 2031  F_LCI 0.0464629
Model_1_goa_dr_2020.dat 3 2031  F_UCI 0.0464629
Model_1_goa_dr_2020.dat 3 2031  F_Median 0.0464629
Model_1_goa_dr_2020.dat 3 2031  F_Mean 0.0464601
Model_1_goa_dr_2020.dat 3 2032 F0 0 
Model_1_goa_dr_2020.dat 3 2032 Fabc 0.0929257
Model_1_goa_dr_2020.dat 3 2032 Fofl 0.114372
Model_1_goa_dr_2020.dat 3 2032  F_LCI 0.0464629
Model_1_goa_dr_2020.dat 3 2032  F_UCI 0.0464629
Model_1_goa_dr_2020.dat 3 2032  F_Median 0.0464629
Model_1_goa_dr_2020.dat 3 2032  F_Mean 0.0464459
Model_1_goa_dr_2020.dat 3 2033 F0 0 
Model_1_goa_dr_2020.dat 3 2033 Fabc 0.0929257
Model_1_goa_dr_2020.dat 3 2033 Fofl 0.114372
Model_1_goa_dr_2020.dat 3 2033  F_LCI 0.0464629
Model_1_goa_dr_2020.dat 3 2033  F_UCI 0.0464629
Model_1_goa_dr_2020.dat 3 2033  F_Median 0.0464629
Model_1_goa_dr_2020.dat 3 2033  F_Mean 0.0464266
Model_1_goa_dr_2020.dat 4 2020 Cabc 4.36227
Model_1_goa_dr_2020.dat 4 2020 Cofl 4.66772
Model_1_goa_dr_2020.dat 4 2020 CLCI 2.1975
Model_1_goa_dr_2020.dat 4 2020 CUCI 2.1975
Model_1_goa_dr_2020.dat 4 2020 CMedian 2.1975
Model_1_goa_dr_2020.dat 4 2020 CMean 2.1975
Model_1_goa_dr_2020.dat 4 2021 Cabc 4.36227
Model_1_goa_dr_2020.dat 4 2021 Cofl 4.66772
Model_1_goa_dr_2020.dat 4 2021 CLCI 2.99749
Model_1_goa_dr_2020.dat 4 2021 CUCI 2.99749
Model_1_goa_dr_2020.dat 4 2021 CMedian 2.99749
Model_1_goa_dr_2020.dat 4 2021 CMean 2.99749
Model_1_goa_dr_2020.dat 4 2022 Cabc 4.36227
Model_1_goa_dr_2020.dat 4 2022 Cofl 4.66772
Model_1_goa_dr_2020.dat 4 2022 CLCI 3.14741
Model_1_goa_dr_2020.dat 4 2022 CUCI 3.14788
Model_1_goa_dr_2020.dat 4 2022 CMedian 3.14753
Model_1_goa_dr_2020.dat 4 2022 CMean 3.14757
Model_1_goa_dr_2020.dat 4 2023 Cabc 4.36227
Model_1_goa_dr_2020.dat 4 2023 Cofl 4.66772
Model_1_goa_dr_2020.dat 4 2023 CLCI 3.03615
Model_1_goa_dr_2020.dat 4 2023 CUCI 3.03828
Model_1_goa_dr_2020.dat 4 2023 CMedian 3.03671
Model_1_goa_dr_2020.dat 4 2023 CMean 3.0369
Model_1_goa_dr_2020.dat 4 2024 Cabc 4.36227
Model_1_goa_dr_2020.dat 4 2024 Cofl 4.66772
Model_1_goa_dr_2020.dat 4 2024 CLCI 2.88642
Model_1_goa_dr_2020.dat 4 2024 CUCI 2.89503
Model_1_goa_dr_2020.dat 4 2024 CMedian 2.88873
Model_1_goa_dr_2020.dat 4 2024 CMean 2.88948
Model_1_goa_dr_2020.dat 4 2025 Cabc 4.36227
Model_1_goa_dr_2020.dat 4 2025 Cofl 4.66772
Model_1_goa_dr_2020.dat 4 2025 CLCI 2.72634
Model_1_goa_dr_2020.dat 4 2025 CUCI 2.75831
Model_1_goa_dr_2020.dat 4 2025 CMedian 2.73502
Model_1_goa_dr_2020.dat 4 2025 CMean 2.73768
Model_1_goa_dr_2020.dat 4 2026 Cabc 4.36227
Model_1_goa_dr_2020.dat 4 2026 Cofl 4.66772
Model_1_goa_dr_2020.dat 4 2026 CLCI 2.56855
Model_1_goa_dr_2020.dat 4 2026 CUCI 2.67084
Model_1_goa_dr_2020.dat 4 2026 CMedian 2.5971
Model_1_goa_dr_2020.dat 4 2026 CMean 2.60545
Model_1_goa_dr_2020.dat 4 2027 Cabc 4.36227
Model_1_goa_dr_2020.dat 4 2027 Cofl 4.66772
Model_1_goa_dr_2020.dat 4 2027 CLCI 2.42552
Model_1_goa_dr_2020.dat 4 2027 CUCI 2.68267
Model_1_goa_dr_2020.dat 4 2027 CMedian 2.49901
Model_1_goa_dr_2020.dat 4 2027 CMean 2.52099
Model_1_goa_dr_2020.dat 4 2028 Cabc 4.36227
Model_1_goa_dr_2020.dat 4 2028 Cofl 4.66772
Model_1_goa_dr_2020.dat 4 2028 CLCI 2.31186
Model_1_goa_dr_2020.dat 4 2028 CUCI 2.79687
Model_1_goa_dr_2020.dat 4 2028 CMedian 2.45445
Model_1_goa_dr_2020.dat 4 2028 CMean 2.49463
Model_1_goa_dr_2020.dat 4 2029 Cabc 4.36227
Model_1_goa_dr_2020.dat 4 2029 Cofl 4.66772
Model_1_goa_dr_2020.dat 4 2029 CLCI 2.23251
Model_1_goa_dr_2020.dat 4 2029 CUCI 2.94027
Model_1_goa_dr_2020.dat 4 2029 CMedian 2.44741
Model_1_goa_dr_2020.dat 4 2029 CMean 2.50579
Model_1_goa_dr_2020.dat 4 2030 Cabc 4.36227
Model_1_goa_dr_2020.dat 4 2030 Cofl 4.66772
Model_1_goa_dr_2020.dat 4 2030 CLCI 2.17448
Model_1_goa_dr_2020.dat 4 2030 CUCI 3.05181
Model_1_goa_dr_2020.dat 4 2030 CMedian 2.46957
Model_1_goa_dr_2020.dat 4 2030 CMean 2.5317
Model_1_goa_dr_2020.dat 4 2031 Cabc 4.36227
Model_1_goa_dr_2020.dat 4 2031 Cofl 4.66772
Model_1_goa_dr_2020.dat 4 2031 CLCI 2.12809
Model_1_goa_dr_2020.dat 4 2031 CUCI 3.15671
Model_1_goa_dr_2020.dat 4 2031 CMedian 2.50163
Model_1_goa_dr_2020.dat 4 2031 CMean 2.56062
Model_1_goa_dr_2020.dat 4 2032 Cabc 4.36227
Model_1_goa_dr_2020.dat 4 2032 Cofl 4.66772
Model_1_goa_dr_2020.dat 4 2032 CLCI 2.0977
Model_1_goa_dr_2020.dat 4 2032 CUCI 3.27179
Model_1_goa_dr_2020.dat 4 2032 CMedian 2.5379
Model_1_goa_dr_2020.dat 4 2032 CMean 2.58987
Model_1_goa_dr_2020.dat 4 2033 Cabc 4.36227
Model_1_goa_dr_2020.dat 4 2033 Cofl 4.66772
Model_1_goa_dr_2020.dat 4 2033 CLCI 2.08382
Model_1_goa_dr_2020.dat 4 2033 CUCI 3.32456
Model_1_goa_dr_2020.dat 4 2033 CMedian 2.558
Model_1_goa_dr_2020.dat 4 2033 CMean 2.6206
Model_1_goa_dr_2020.dat 4 2020 SSBF100 60.8552
Model_1_goa_dr_2020.dat 4 2020 SSBFabc 24.3421
Model_1_goa_dr_2020.dat 4 2020 SSBFofl 21.2993
Model_1_goa_dr_2020.dat 4 2020 SSBLCI 37.5942
Model_1_goa_dr_2020.dat 4 2020 SSBUCI 37.5942
Model_1_goa_dr_2020.dat 4 2020 SSBMedian 37.5942
Model_1_goa_dr_2020.dat 4 2020 SSBMean 37.5942
Model_1_goa_dr_2020.dat 4 2021 SSBF100 60.8552
Model_1_goa_dr_2020.dat 4 2021 SSBFabc 24.3421
Model_1_goa_dr_2020.dat 4 2021 SSBFofl 21.2993
Model_1_goa_dr_2020.dat 4 2021 SSBLCI 38.5323
Model_1_goa_dr_2020.dat 4 2021 SSBUCI 38.5616
Model_1_goa_dr_2020.dat 4 2021 SSBMedian 38.539
Model_1_goa_dr_2020.dat 4 2021 SSBMean 38.5419
Model_1_goa_dr_2020.dat 4 2022 SSBF100 60.8552
Model_1_goa_dr_2020.dat 4 2022 SSBFabc 24.3421
Model_1_goa_dr_2020.dat 4 2022 SSBFofl 21.2993
Model_1_goa_dr_2020.dat 4 2022 SSBLCI 38.465
Model_1_goa_dr_2020.dat 4 2022 SSBUCI 38.5591
Model_1_goa_dr_2020.dat 4 2022 SSBMedian 38.4904
Model_1_goa_dr_2020.dat 4 2022 SSBMean 38.4988
Model_1_goa_dr_2020.dat 4 2023 SSBF100 60.8552
Model_1_goa_dr_2020.dat 4 2023 SSBFabc 24.3421
Model_1_goa_dr_2020.dat 4 2023 SSBFofl 21.2993
Model_1_goa_dr_2020.dat 4 2023 SSBLCI 37.6013
Model_1_goa_dr_2020.dat 4 2023 SSBUCI 37.8499
Model_1_goa_dr_2020.dat 4 2023 SSBMedian 37.6722
Model_1_goa_dr_2020.dat 4 2023 SSBMean 37.694
Model_1_goa_dr_2020.dat 4 2024 SSBF100 60.8552
Model_1_goa_dr_2020.dat 4 2024 SSBFabc 24.3421
Model_1_goa_dr_2020.dat 4 2024 SSBFofl 21.2993
Model_1_goa_dr_2020.dat 4 2024 SSBLCI 36.1997
Model_1_goa_dr_2020.dat 4 2024 SSBUCI 36.7726
Model_1_goa_dr_2020.dat 4 2024 SSBMedian 36.3694
Model_1_goa_dr_2020.dat 4 2024 SSBMean 36.4186
Model_1_goa_dr_2020.dat 4 2025 SSBF100 60.8552
Model_1_goa_dr_2020.dat 4 2025 SSBFabc 24.3421
Model_1_goa_dr_2020.dat 4 2025 SSBFofl 21.2993
Model_1_goa_dr_2020.dat 4 2025 SSBLCI 34.5353
Model_1_goa_dr_2020.dat 4 2025 SSBUCI 35.771
Model_1_goa_dr_2020.dat 4 2025 SSBMedian 34.8951
Model_1_goa_dr_2020.dat 4 2025 SSBMean 35.002
Model_1_goa_dr_2020.dat 4 2026 SSBF100 60.8552
Model_1_goa_dr_2020.dat 4 2026 SSBFabc 24.3421
Model_1_goa_dr_2020.dat 4 2026 SSBFofl 21.2993
Model_1_goa_dr_2020.dat 4 2026 SSBLCI 32.8222
Model_1_goa_dr_2020.dat 4 2026 SSBUCI 35.148
Model_1_goa_dr_2020.dat 4 2026 SSBMedian 33.5288
Model_1_goa_dr_2020.dat 4 2026 SSBMean 33.7189
Model_1_goa_dr_2020.dat 4 2027 SSBF100 60.8552
Model_1_goa_dr_2020.dat 4 2027 SSBFabc 24.3421
Model_1_goa_dr_2020.dat 4 2027 SSBFofl 21.2993
Model_1_goa_dr_2020.dat 4 2027 SSBLCI 31.2436
Model_1_goa_dr_2020.dat 4 2027 SSBUCI 35.2268
Model_1_goa_dr_2020.dat 4 2027 SSBMedian 32.4558
Model_1_goa_dr_2020.dat 4 2027 SSBMean 32.7713
Model_1_goa_dr_2020.dat 4 2028 SSBF100 60.8552
Model_1_goa_dr_2020.dat 4 2028 SSBFabc 24.3421
Model_1_goa_dr_2020.dat 4 2028 SSBFofl 21.2993
Model_1_goa_dr_2020.dat 4 2028 SSBLCI 29.9016
Model_1_goa_dr_2020.dat 4 2028 SSBUCI 35.8326
Model_1_goa_dr_2020.dat 4 2028 SSBMedian 31.7689
Model_1_goa_dr_2020.dat 4 2028 SSBMean 32.2504
Model_1_goa_dr_2020.dat 4 2029 SSBF100 60.8552
Model_1_goa_dr_2020.dat 4 2029 SSBFabc 24.3421
Model_1_goa_dr_2020.dat 4 2029 SSBFofl 21.2993
Model_1_goa_dr_2020.dat 4 2029 SSBLCI 28.869
Model_1_goa_dr_2020.dat 4 2029 SSBUCI 36.9795
Model_1_goa_dr_2020.dat 4 2029 SSBMedian 31.5444
Model_1_goa_dr_2020.dat 4 2029 SSBMean 32.1045
Model_1_goa_dr_2020.dat 4 2030 SSBF100 60.8552
Model_1_goa_dr_2020.dat 4 2030 SSBFabc 24.3421
Model_1_goa_dr_2020.dat 4 2030 SSBFofl 21.2993
Model_1_goa_dr_2020.dat 4 2030 SSBLCI 27.9746
Model_1_goa_dr_2020.dat 4 2030 SSBUCI 38.2129
Model_1_goa_dr_2020.dat 4 2030 SSBMedian 31.5417
Model_1_goa_dr_2020.dat 4 2030 SSBMean 32.2131
Model_1_goa_dr_2020.dat 4 2031 SSBF100 60.8552
Model_1_goa_dr_2020.dat 4 2031 SSBFabc 24.3421
Model_1_goa_dr_2020.dat 4 2031 SSBFofl 21.2993
Model_1_goa_dr_2020.dat 4 2031 SSBLCI 27.4418
Model_1_goa_dr_2020.dat 4 2031 SSBUCI 39.701
Model_1_goa_dr_2020.dat 4 2031 SSBMedian 31.7545
Model_1_goa_dr_2020.dat 4 2031 SSBMean 32.4699
Model_1_goa_dr_2020.dat 4 2032 SSBF100 60.8552
Model_1_goa_dr_2020.dat 4 2032 SSBFabc 24.3421
Model_1_goa_dr_2020.dat 4 2032 SSBFofl 21.2993
Model_1_goa_dr_2020.dat 4 2032 SSBLCI 27.1519
Model_1_goa_dr_2020.dat 4 2032 SSBUCI 40.6204
Model_1_goa_dr_2020.dat 4 2032 SSBMedian 32.0699
Model_1_goa_dr_2020.dat 4 2032 SSBMean 32.8027
Model_1_goa_dr_2020.dat 4 2033 SSBF100 60.8552
Model_1_goa_dr_2020.dat 4 2033 SSBFabc 24.3421
Model_1_goa_dr_2020.dat 4 2033 SSBFofl 21.2993
Model_1_goa_dr_2020.dat 4 2033 SSBLCI 26.9728
Model_1_goa_dr_2020.dat 4 2033 SSBUCI 41.6156
Model_1_goa_dr_2020.dat 4 2033 SSBMedian 32.4412
Model_1_goa_dr_2020.dat 4 2033 SSBMean 33.1707
Model_1_goa_dr_2020.dat 4 2020 F0 0 
Model_1_goa_dr_2020.dat 4 2020 Fabc 0.0929257
Model_1_goa_dr_2020.dat 4 2020 Fofl 0.114372
Model_1_goa_dr_2020.dat 4 2020  F_LCI 0.0290868
Model_1_goa_dr_2020.dat 4 2020  F_UCI 0.0290868
Model_1_goa_dr_2020.dat 4 2020  F_Median 0.0290868
Model_1_goa_dr_2020.dat 4 2020  F_Mean 0.0290868
Model_1_goa_dr_2020.dat 4 2021 F0 0 
Model_1_goa_dr_2020.dat 4 2021 Fabc 0.0929257
Model_1_goa_dr_2020.dat 4 2021 Fofl 0.114372
Model_1_goa_dr_2020.dat 4 2021  F_LCI 0.038222
Model_1_goa_dr_2020.dat 4 2021  F_UCI 0.038223
Model_1_goa_dr_2020.dat 4 2021  F_Median 0.0382228
Model_1_goa_dr_2020.dat 4 2021  F_Mean 0.0382227
Model_1_goa_dr_2020.dat 4 2022 F0 0 
Model_1_goa_dr_2020.dat 4 2022 Fabc 0.0929257
Model_1_goa_dr_2020.dat 4 2022 Fofl 0.114372
Model_1_goa_dr_2020.dat 4 2022  F_LCI 0.0403697
Model_1_goa_dr_2020.dat 4 2022  F_UCI 0.0403697
Model_1_goa_dr_2020.dat 4 2022  F_Median 0.0403697
Model_1_goa_dr_2020.dat 4 2022  F_Mean 0.0403697
Model_1_goa_dr_2020.dat 4 2023 F0 0 
Model_1_goa_dr_2020.dat 4 2023 Fabc 0.0929257
Model_1_goa_dr_2020.dat 4 2023 Fofl 0.114372
Model_1_goa_dr_2020.dat 4 2023  F_LCI 0.0403697
Model_1_goa_dr_2020.dat 4 2023  F_UCI 0.0403697
Model_1_goa_dr_2020.dat 4 2023  F_Median 0.0403697
Model_1_goa_dr_2020.dat 4 2023  F_Mean 0.0403697
Model_1_goa_dr_2020.dat 4 2024 F0 0 
Model_1_goa_dr_2020.dat 4 2024 Fabc 0.0929257
Model_1_goa_dr_2020.dat 4 2024 Fofl 0.114372
Model_1_goa_dr_2020.dat 4 2024  F_LCI 0.0403697
Model_1_goa_dr_2020.dat 4 2024  F_UCI 0.0403697
Model_1_goa_dr_2020.dat 4 2024  F_Median 0.0403697
Model_1_goa_dr_2020.dat 4 2024  F_Mean 0.0403697
Model_1_goa_dr_2020.dat 4 2025 F0 0 
Model_1_goa_dr_2020.dat 4 2025 Fabc 0.0929257
Model_1_goa_dr_2020.dat 4 2025 Fofl 0.114372
Model_1_goa_dr_2020.dat 4 2025  F_LCI 0.0403697
Model_1_goa_dr_2020.dat 4 2025  F_UCI 0.0403697
Model_1_goa_dr_2020.dat 4 2025  F_Median 0.0403697
Model_1_goa_dr_2020.dat 4 2025  F_Mean 0.0403697
Model_1_goa_dr_2020.dat 4 2026 F0 0 
Model_1_goa_dr_2020.dat 4 2026 Fabc 0.0929257
Model_1_goa_dr_2020.dat 4 2026 Fofl 0.114372
Model_1_goa_dr_2020.dat 4 2026  F_LCI 0.0403697
Model_1_goa_dr_2020.dat 4 2026  F_UCI 0.0403697
Model_1_goa_dr_2020.dat 4 2026  F_Median 0.0403697
Model_1_goa_dr_2020.dat 4 2026  F_Mean 0.0403697
Model_1_goa_dr_2020.dat 4 2027 F0 0 
Model_1_goa_dr_2020.dat 4 2027 Fabc 0.0929257
Model_1_goa_dr_2020.dat 4 2027 Fofl 0.114372
Model_1_goa_dr_2020.dat 4 2027  F_LCI 0.0403697
Model_1_goa_dr_2020.dat 4 2027  F_UCI 0.0403697
Model_1_goa_dr_2020.dat 4 2027  F_Median 0.0403697
Model_1_goa_dr_2020.dat 4 2027  F_Mean 0.0403697
Model_1_goa_dr_2020.dat 4 2028 F0 0 
Model_1_goa_dr_2020.dat 4 2028 Fabc 0.0929257
Model_1_goa_dr_2020.dat 4 2028 Fofl 0.114372
Model_1_goa_dr_2020.dat 4 2028  F_LCI 0.0403697
Model_1_goa_dr_2020.dat 4 2028  F_UCI 0.0403697
Model_1_goa_dr_2020.dat 4 2028  F_Median 0.0403697
Model_1_goa_dr_2020.dat 4 2028  F_Mean 0.0403697
Model_1_goa_dr_2020.dat 4 2029 F0 0 
Model_1_goa_dr_2020.dat 4 2029 Fabc 0.0929257
Model_1_goa_dr_2020.dat 4 2029 Fofl 0.114372
Model_1_goa_dr_2020.dat 4 2029  F_LCI 0.0403697
Model_1_goa_dr_2020.dat 4 2029  F_UCI 0.0403697
Model_1_goa_dr_2020.dat 4 2029  F_Median 0.0403697
Model_1_goa_dr_2020.dat 4 2029  F_Mean 0.0403697
Model_1_goa_dr_2020.dat 4 2030 F0 0 
Model_1_goa_dr_2020.dat 4 2030 Fabc 0.0929257
Model_1_goa_dr_2020.dat 4 2030 Fofl 0.114372
Model_1_goa_dr_2020.dat 4 2030  F_LCI 0.0403697
Model_1_goa_dr_2020.dat 4 2030  F_UCI 0.0403697
Model_1_goa_dr_2020.dat 4 2030  F_Median 0.0403697
Model_1_goa_dr_2020.dat 4 2030  F_Mean 0.0403697
Model_1_goa_dr_2020.dat 4 2031 F0 0 
Model_1_goa_dr_2020.dat 4 2031 Fabc 0.0929257
Model_1_goa_dr_2020.dat 4 2031 Fofl 0.114372
Model_1_goa_dr_2020.dat 4 2031  F_LCI 0.0403697
Model_1_goa_dr_2020.dat 4 2031  F_UCI 0.0403697
Model_1_goa_dr_2020.dat 4 2031  F_Median 0.0403697
Model_1_goa_dr_2020.dat 4 2031  F_Mean 0.0403697
Model_1_goa_dr_2020.dat 4 2032 F0 0 
Model_1_goa_dr_2020.dat 4 2032 Fabc 0.0929257
Model_1_goa_dr_2020.dat 4 2032 Fofl 0.114372
Model_1_goa_dr_2020.dat 4 2032  F_LCI 0.0403697
Model_1_goa_dr_2020.dat 4 2032  F_UCI 0.0403697
Model_1_goa_dr_2020.dat 4 2032  F_Median 0.0403697
Model_1_goa_dr_2020.dat 4 2032  F_Mean 0.0403697
Model_1_goa_dr_2020.dat 4 2033 F0 0 
Model_1_goa_dr_2020.dat 4 2033 Fabc 0.0929257
Model_1_goa_dr_2020.dat 4 2033 Fofl 0.114372
Model_1_goa_dr_2020.dat 4 2033  F_LCI 0.0403697
Model_1_goa_dr_2020.dat 4 2033  F_UCI 0.0403697
Model_1_goa_dr_2020.dat 4 2033  F_Median 0.0403697
Model_1_goa_dr_2020.dat 4 2033  F_Mean 0.0403697
Model_1_goa_dr_2020.dat 5 2020 Cabc 4.36227
Model_1_goa_dr_2020.dat 5 2020 Cofl 4.66772
Model_1_goa_dr_2020.dat 5 2020 CLCI 2.1975
Model_1_goa_dr_2020.dat 5 2020 CUCI 2.1975
Model_1_goa_dr_2020.dat 5 2020 CMedian 2.1975
Model_1_goa_dr_2020.dat 5 2020 CMean 2.1975
Model_1_goa_dr_2020.dat 5 2021 Cabc 4.36227
Model_1_goa_dr_2020.dat 5 2021 Cofl 4.66772
Model_1_goa_dr_2020.dat 5 2021 CLCI 2.99749
Model_1_goa_dr_2020.dat 5 2021 CUCI 2.99749
Model_1_goa_dr_2020.dat 5 2021 CMedian 2.99749
Model_1_goa_dr_2020.dat 5 2021 CMean 2.99749
Model_1_goa_dr_2020.dat 5 2022 Cabc 4.36227
Model_1_goa_dr_2020.dat 5 2022 Cofl 4.66772
Model_1_goa_dr_2020.dat 5 2022 CLCI 0
Model_1_goa_dr_2020.dat 5 2022 CUCI 0
Model_1_goa_dr_2020.dat 5 2022 CMedian 0
Model_1_goa_dr_2020.dat 5 2022 CMean 0
Model_1_goa_dr_2020.dat 5 2023 Cabc 4.36227
Model_1_goa_dr_2020.dat 5 2023 Cofl 4.66772
Model_1_goa_dr_2020.dat 5 2023 CLCI 0
Model_1_goa_dr_2020.dat 5 2023 CUCI 0
Model_1_goa_dr_2020.dat 5 2023 CMedian 0
Model_1_goa_dr_2020.dat 5 2023 CMean 0
Model_1_goa_dr_2020.dat 5 2024 Cabc 4.36227
Model_1_goa_dr_2020.dat 5 2024 Cofl 4.66772
Model_1_goa_dr_2020.dat 5 2024 CLCI 0
Model_1_goa_dr_2020.dat 5 2024 CUCI 0
Model_1_goa_dr_2020.dat 5 2024 CMedian 0
Model_1_goa_dr_2020.dat 5 2024 CMean 0
Model_1_goa_dr_2020.dat 5 2025 Cabc 4.36227
Model_1_goa_dr_2020.dat 5 2025 Cofl 4.66772
Model_1_goa_dr_2020.dat 5 2025 CLCI 0
Model_1_goa_dr_2020.dat 5 2025 CUCI 0
Model_1_goa_dr_2020.dat 5 2025 CMedian 0
Model_1_goa_dr_2020.dat 5 2025 CMean 0
Model_1_goa_dr_2020.dat 5 2026 Cabc 4.36227
Model_1_goa_dr_2020.dat 5 2026 Cofl 4.66772
Model_1_goa_dr_2020.dat 5 2026 CLCI 0
Model_1_goa_dr_2020.dat 5 2026 CUCI 0
Model_1_goa_dr_2020.dat 5 2026 CMedian 0
Model_1_goa_dr_2020.dat 5 2026 CMean 0
Model_1_goa_dr_2020.dat 5 2027 Cabc 4.36227
Model_1_goa_dr_2020.dat 5 2027 Cofl 4.66772
Model_1_goa_dr_2020.dat 5 2027 CLCI 0
Model_1_goa_dr_2020.dat 5 2027 CUCI 0
Model_1_goa_dr_2020.dat 5 2027 CMedian 0
Model_1_goa_dr_2020.dat 5 2027 CMean 0
Model_1_goa_dr_2020.dat 5 2028 Cabc 4.36227
Model_1_goa_dr_2020.dat 5 2028 Cofl 4.66772
Model_1_goa_dr_2020.dat 5 2028 CLCI 0
Model_1_goa_dr_2020.dat 5 2028 CUCI 0
Model_1_goa_dr_2020.dat 5 2028 CMedian 0
Model_1_goa_dr_2020.dat 5 2028 CMean 0
Model_1_goa_dr_2020.dat 5 2029 Cabc 4.36227
Model_1_goa_dr_2020.dat 5 2029 Cofl 4.66772
Model_1_goa_dr_2020.dat 5 2029 CLCI 0
Model_1_goa_dr_2020.dat 5 2029 CUCI 0
Model_1_goa_dr_2020.dat 5 2029 CMedian 0
Model_1_goa_dr_2020.dat 5 2029 CMean 0
Model_1_goa_dr_2020.dat 5 2030 Cabc 4.36227
Model_1_goa_dr_2020.dat 5 2030 Cofl 4.66772
Model_1_goa_dr_2020.dat 5 2030 CLCI 0
Model_1_goa_dr_2020.dat 5 2030 CUCI 0
Model_1_goa_dr_2020.dat 5 2030 CMedian 0
Model_1_goa_dr_2020.dat 5 2030 CMean 0
Model_1_goa_dr_2020.dat 5 2031 Cabc 4.36227
Model_1_goa_dr_2020.dat 5 2031 Cofl 4.66772
Model_1_goa_dr_2020.dat 5 2031 CLCI 0
Model_1_goa_dr_2020.dat 5 2031 CUCI 0
Model_1_goa_dr_2020.dat 5 2031 CMedian 0
Model_1_goa_dr_2020.dat 5 2031 CMean 0
Model_1_goa_dr_2020.dat 5 2032 Cabc 4.36227
Model_1_goa_dr_2020.dat 5 2032 Cofl 4.66772
Model_1_goa_dr_2020.dat 5 2032 CLCI 0
Model_1_goa_dr_2020.dat 5 2032 CUCI 0
Model_1_goa_dr_2020.dat 5 2032 CMedian 0
Model_1_goa_dr_2020.dat 5 2032 CMean 0
Model_1_goa_dr_2020.dat 5 2033 Cabc 4.36227
Model_1_goa_dr_2020.dat 5 2033 Cofl 4.66772
Model_1_goa_dr_2020.dat 5 2033 CLCI 0
Model_1_goa_dr_2020.dat 5 2033 CUCI 0
Model_1_goa_dr_2020.dat 5 2033 CMedian 0
Model_1_goa_dr_2020.dat 5 2033 CMean 0
Model_1_goa_dr_2020.dat 5 2020 SSBF100 60.8552
Model_1_goa_dr_2020.dat 5 2020 SSBFabc 24.3421
Model_1_goa_dr_2020.dat 5 2020 SSBFofl 21.2993
Model_1_goa_dr_2020.dat 5 2020 SSBLCI 37.5942
Model_1_goa_dr_2020.dat 5 2020 SSBUCI 37.5942
Model_1_goa_dr_2020.dat 5 2020 SSBMedian 37.5942
Model_1_goa_dr_2020.dat 5 2020 SSBMean 37.5942
Model_1_goa_dr_2020.dat 5 2021 SSBF100 60.8552
Model_1_goa_dr_2020.dat 5 2021 SSBFabc 24.3421
Model_1_goa_dr_2020.dat 5 2021 SSBFofl 21.2993
Model_1_goa_dr_2020.dat 5 2021 SSBLCI 38.5323
Model_1_goa_dr_2020.dat 5 2021 SSBUCI 38.5616
Model_1_goa_dr_2020.dat 5 2021 SSBMedian 38.539
Model_1_goa_dr_2020.dat 5 2021 SSBMean 38.5419
Model_1_goa_dr_2020.dat 5 2022 SSBF100 60.8552
Model_1_goa_dr_2020.dat 5 2022 SSBFabc 24.3421
Model_1_goa_dr_2020.dat 5 2022 SSBFofl 21.2993
Model_1_goa_dr_2020.dat 5 2022 SSBLCI 38.7132
Model_1_goa_dr_2020.dat 5 2022 SSBUCI 38.8073
Model_1_goa_dr_2020.dat 5 2022 SSBMedian 38.7385
Model_1_goa_dr_2020.dat 5 2022 SSBMean 38.747
Model_1_goa_dr_2020.dat 5 2023 SSBF100 60.8552
Model_1_goa_dr_2020.dat 5 2023 SSBFabc 24.3421
Model_1_goa_dr_2020.dat 5 2023 SSBFofl 21.2993
Model_1_goa_dr_2020.dat 5 2023 SSBLCI 39.3115
Model_1_goa_dr_2020.dat 5 2023 SSBUCI 39.5601
Model_1_goa_dr_2020.dat 5 2023 SSBMedian 39.3824
Model_1_goa_dr_2020.dat 5 2023 SSBMean 39.4042
Model_1_goa_dr_2020.dat 5 2024 SSBF100 60.8552
Model_1_goa_dr_2020.dat 5 2024 SSBFabc 24.3421
Model_1_goa_dr_2020.dat 5 2024 SSBFofl 21.2993
Model_1_goa_dr_2020.dat 5 2024 SSBLCI 39.3027
Model_1_goa_dr_2020.dat 5 2024 SSBUCI 39.8759
Model_1_goa_dr_2020.dat 5 2024 SSBMedian 39.4726
Model_1_goa_dr_2020.dat 5 2024 SSBMean 39.5217
Model_1_goa_dr_2020.dat 5 2025 SSBF100 60.8552
Model_1_goa_dr_2020.dat 5 2025 SSBFabc 24.3421
Model_1_goa_dr_2020.dat 5 2025 SSBFofl 21.2993
Model_1_goa_dr_2020.dat 5 2025 SSBLCI 38.9071
Model_1_goa_dr_2020.dat 5 2025 SSBUCI 40.1436
Model_1_goa_dr_2020.dat 5 2025 SSBMedian 39.2674
Model_1_goa_dr_2020.dat 5 2025 SSBMean 39.3743
Model_1_goa_dr_2020.dat 5 2026 SSBF100 60.8552
Model_1_goa_dr_2020.dat 5 2026 SSBFabc 24.3421
Model_1_goa_dr_2020.dat 5 2026 SSBFofl 21.2993
Model_1_goa_dr_2020.dat 5 2026 SSBLCI 38.315
Model_1_goa_dr_2020.dat 5 2026 SSBUCI 40.6497
Model_1_goa_dr_2020.dat 5 2026 SSBMedian 39.0243
Model_1_goa_dr_2020.dat 5 2026 SSBMean 39.2152
Model_1_goa_dr_2020.dat 5 2027 SSBF100 60.8552
Model_1_goa_dr_2020.dat 5 2027 SSBFabc 24.3421
Model_1_goa_dr_2020.dat 5 2027 SSBFofl 21.2993
Model_1_goa_dr_2020.dat 5 2027 SSBLCI 37.7061
Model_1_goa_dr_2020.dat 5 2027 SSBUCI 41.7298
Model_1_goa_dr_2020.dat 5 2027 SSBMedian 38.9283
Model_1_goa_dr_2020.dat 5 2027 SSBMean 39.2494
Model_1_goa_dr_2020.dat 5 2028 SSBF100 60.8552
Model_1_goa_dr_2020.dat 5 2028 SSBFabc 24.3421
Model_1_goa_dr_2020.dat 5 2028 SSBFofl 21.2993
Model_1_goa_dr_2020.dat 5 2028 SSBLCI 37.2041
Model_1_goa_dr_2020.dat 5 2028 SSBUCI 43.2625
Model_1_goa_dr_2020.dat 5 2028 SSBMedian 39.0939
Model_1_goa_dr_2020.dat 5 2028 SSBMean 39.5973
Model_1_goa_dr_2020.dat 5 2029 SSBF100 60.8552
Model_1_goa_dr_2020.dat 5 2029 SSBFabc 24.3421
Model_1_goa_dr_2020.dat 5 2029 SSBFofl 21.2993
Model_1_goa_dr_2020.dat 5 2029 SSBLCI 36.8832
Model_1_goa_dr_2020.dat 5 2029 SSBUCI 45.3123
Model_1_goa_dr_2020.dat 5 2029 SSBMedian 39.6538
Model_1_goa_dr_2020.dat 5 2029 SSBMean 40.2471
Model_1_goa_dr_2020.dat 5 2030 SSBF100 60.8552
Model_1_goa_dr_2020.dat 5 2030 SSBFabc 24.3421
Model_1_goa_dr_2020.dat 5 2030 SSBFofl 21.2993
Model_1_goa_dr_2020.dat 5 2030 SSBLCI 36.6234
Model_1_goa_dr_2020.dat 5 2030 SSBUCI 47.377
Model_1_goa_dr_2020.dat 5 2030 SSBMedian 40.4192
Model_1_goa_dr_2020.dat 5 2030 SSBMean 41.1095
Model_1_goa_dr_2020.dat 5 2031 SSBF100 60.8552
Model_1_goa_dr_2020.dat 5 2031 SSBFabc 24.3421
Model_1_goa_dr_2020.dat 5 2031 SSBFofl 21.2993
Model_1_goa_dr_2020.dat 5 2031 SSBLCI 36.6021
Model_1_goa_dr_2020.dat 5 2031 SSBUCI 49.9893
Model_1_goa_dr_2020.dat 5 2031 SSBMedian 41.2675
Model_1_goa_dr_2020.dat 5 2031 SSBMean 42.0959
Model_1_goa_dr_2020.dat 5 2032 SSBF100 60.8552
Model_1_goa_dr_2020.dat 5 2032 SSBFabc 24.3421
Model_1_goa_dr_2020.dat 5 2032 SSBFofl 21.2993
Model_1_goa_dr_2020.dat 5 2032 SSBLCI 36.8595
Model_1_goa_dr_2020.dat 5 2032 SSBUCI 51.8231
Model_1_goa_dr_2020.dat 5 2032 SSBMedian 42.3351
Model_1_goa_dr_2020.dat 5 2032 SSBMean 43.1384
Model_1_goa_dr_2020.dat 5 2033 SSBF100 60.8552
Model_1_goa_dr_2020.dat 5 2033 SSBFabc 24.3421
Model_1_goa_dr_2020.dat 5 2033 SSBFofl 21.2993
Model_1_goa_dr_2020.dat 5 2033 SSBLCI 37.2069
Model_1_goa_dr_2020.dat 5 2033 SSBUCI 53.6504
Model_1_goa_dr_2020.dat 5 2033 SSBMedian 43.3465
Model_1_goa_dr_2020.dat 5 2033 SSBMean 44.1948
Model_1_goa_dr_2020.dat 5 2020 F0 0 
Model_1_goa_dr_2020.dat 5 2020 Fabc 0.0929257
Model_1_goa_dr_2020.dat 5 2020 Fofl 0.114372
Model_1_goa_dr_2020.dat 5 2020  F_LCI 0.0290868
Model_1_goa_dr_2020.dat 5 2020  F_UCI 0.0290868
Model_1_goa_dr_2020.dat 5 2020  F_Median 0.0290868
Model_1_goa_dr_2020.dat 5 2020  F_Mean 0.0290868
Model_1_goa_dr_2020.dat 5 2021 F0 0 
Model_1_goa_dr_2020.dat 5 2021 Fabc 0.0929257
Model_1_goa_dr_2020.dat 5 2021 Fofl 0.114372
Model_1_goa_dr_2020.dat 5 2021  F_LCI 0.038222
Model_1_goa_dr_2020.dat 5 2021  F_UCI 0.038223
Model_1_goa_dr_2020.dat 5 2021  F_Median 0.0382228
Model_1_goa_dr_2020.dat 5 2021  F_Mean 0.0382227
Model_1_goa_dr_2020.dat 5 2022 F0 0 
Model_1_goa_dr_2020.dat 5 2022 Fabc 0.0929257
Model_1_goa_dr_2020.dat 5 2022 Fofl 0.114372
Model_1_goa_dr_2020.dat 5 2022  F_LCI 0
Model_1_goa_dr_2020.dat 5 2022  F_UCI 0
Model_1_goa_dr_2020.dat 5 2022  F_Median 0
Model_1_goa_dr_2020.dat 5 2022  F_Mean 0
Model_1_goa_dr_2020.dat 5 2023 F0 0 
Model_1_goa_dr_2020.dat 5 2023 Fabc 0.0929257
Model_1_goa_dr_2020.dat 5 2023 Fofl 0.114372
Model_1_goa_dr_2020.dat 5 2023  F_LCI 0
Model_1_goa_dr_2020.dat 5 2023  F_UCI 0
Model_1_goa_dr_2020.dat 5 2023  F_Median 0
Model_1_goa_dr_2020.dat 5 2023  F_Mean 0
Model_1_goa_dr_2020.dat 5 2024 F0 0 
Model_1_goa_dr_2020.dat 5 2024 Fabc 0.0929257
Model_1_goa_dr_2020.dat 5 2024 Fofl 0.114372
Model_1_goa_dr_2020.dat 5 2024  F_LCI 0
Model_1_goa_dr_2020.dat 5 2024  F_UCI 0
Model_1_goa_dr_2020.dat 5 2024  F_Median 0
Model_1_goa_dr_2020.dat 5 2024  F_Mean 0
Model_1_goa_dr_2020.dat 5 2025 F0 0 
Model_1_goa_dr_2020.dat 5 2025 Fabc 0.0929257
Model_1_goa_dr_2020.dat 5 2025 Fofl 0.114372
Model_1_goa_dr_2020.dat 5 2025  F_LCI 0
Model_1_goa_dr_2020.dat 5 2025  F_UCI 0
Model_1_goa_dr_2020.dat 5 2025  F_Median 0
Model_1_goa_dr_2020.dat 5 2025  F_Mean 0
Model_1_goa_dr_2020.dat 5 2026 F0 0 
Model_1_goa_dr_2020.dat 5 2026 Fabc 0.0929257
Model_1_goa_dr_2020.dat 5 2026 Fofl 0.114372
Model_1_goa_dr_2020.dat 5 2026  F_LCI 0
Model_1_goa_dr_2020.dat 5 2026  F_UCI 0
Model_1_goa_dr_2020.dat 5 2026  F_Median 0
Model_1_goa_dr_2020.dat 5 2026  F_Mean 0
Model_1_goa_dr_2020.dat 5 2027 F0 0 
Model_1_goa_dr_2020.dat 5 2027 Fabc 0.0929257
Model_1_goa_dr_2020.dat 5 2027 Fofl 0.114372
Model_1_goa_dr_2020.dat 5 2027  F_LCI 0
Model_1_goa_dr_2020.dat 5 2027  F_UCI 0
Model_1_goa_dr_2020.dat 5 2027  F_Median 0
Model_1_goa_dr_2020.dat 5 2027  F_Mean 0
Model_1_goa_dr_2020.dat 5 2028 F0 0 
Model_1_goa_dr_2020.dat 5 2028 Fabc 0.0929257
Model_1_goa_dr_2020.dat 5 2028 Fofl 0.114372
Model_1_goa_dr_2020.dat 5 2028  F_LCI 0
Model_1_goa_dr_2020.dat 5 2028  F_UCI 0
Model_1_goa_dr_2020.dat 5 2028  F_Median 0
Model_1_goa_dr_2020.dat 5 2028  F_Mean 0
Model_1_goa_dr_2020.dat 5 2029 F0 0 
Model_1_goa_dr_2020.dat 5 2029 Fabc 0.0929257
Model_1_goa_dr_2020.dat 5 2029 Fofl 0.114372
Model_1_goa_dr_2020.dat 5 2029  F_LCI 0
Model_1_goa_dr_2020.dat 5 2029  F_UCI 0
Model_1_goa_dr_2020.dat 5 2029  F_Median 0
Model_1_goa_dr_2020.dat 5 2029  F_Mean 0
Model_1_goa_dr_2020.dat 5 2030 F0 0 
Model_1_goa_dr_2020.dat 5 2030 Fabc 0.0929257
Model_1_goa_dr_2020.dat 5 2030 Fofl 0.114372
Model_1_goa_dr_2020.dat 5 2030  F_LCI 0
Model_1_goa_dr_2020.dat 5 2030  F_UCI 0
Model_1_goa_dr_2020.dat 5 2030  F_Median 0
Model_1_goa_dr_2020.dat 5 2030  F_Mean 0
Model_1_goa_dr_2020.dat 5 2031 F0 0 
Model_1_goa_dr_2020.dat 5 2031 Fabc 0.0929257
Model_1_goa_dr_2020.dat 5 2031 Fofl 0.114372
Model_1_goa_dr_2020.dat 5 2031  F_LCI 0
Model_1_goa_dr_2020.dat 5 2031  F_UCI 0
Model_1_goa_dr_2020.dat 5 2031  F_Median 0
Model_1_goa_dr_2020.dat 5 2031  F_Mean 0
Model_1_goa_dr_2020.dat 5 2032 F0 0 
Model_1_goa_dr_2020.dat 5 2032 Fabc 0.0929257
Model_1_goa_dr_2020.dat 5 2032 Fofl 0.114372
Model_1_goa_dr_2020.dat 5 2032  F_LCI 0
Model_1_goa_dr_2020.dat 5 2032  F_UCI 0
Model_1_goa_dr_2020.dat 5 2032  F_Median 0
Model_1_goa_dr_2020.dat 5 2032  F_Mean 0
Model_1_goa_dr_2020.dat 5 2033 F0 0 
Model_1_goa_dr_2020.dat 5 2033 Fabc 0.0929257
Model_1_goa_dr_2020.dat 5 2033 Fofl 0.114372
Model_1_goa_dr_2020.dat 5 2033  F_LCI 0
Model_1_goa_dr_2020.dat 5 2033  F_UCI 0
Model_1_goa_dr_2020.dat 5 2033  F_Median 0
Model_1_goa_dr_2020.dat 5 2033  F_Mean 0
Model_1_goa_dr_2020.dat 6 2020 Cabc 4.36227
Model_1_goa_dr_2020.dat 6 2020 Cofl 4.66772
Model_1_goa_dr_2020.dat 6 2020 CLCI 2.1975
Model_1_goa_dr_2020.dat 6 2020 CUCI 2.1975
Model_1_goa_dr_2020.dat 6 2020 CMedian 2.1975
Model_1_goa_dr_2020.dat 6 2020 CMean 2.1975
Model_1_goa_dr_2020.dat 6 2021 Cabc 4.36227
Model_1_goa_dr_2020.dat 6 2021 Cofl 4.66772
Model_1_goa_dr_2020.dat 6 2021 CLCI 8.66372
Model_1_goa_dr_2020.dat 6 2021 CUCI 8.66397
Model_1_goa_dr_2020.dat 6 2021 CMedian 8.66378
Model_1_goa_dr_2020.dat 6 2021 CMean 8.6638
Model_1_goa_dr_2020.dat 6 2022 Cabc 4.36227
Model_1_goa_dr_2020.dat 6 2022 Cofl 4.66772
Model_1_goa_dr_2020.dat 6 2022 CLCI 8.03803
Model_1_goa_dr_2020.dat 6 2022 CUCI 8.03934
Model_1_goa_dr_2020.dat 6 2022 CMedian 8.03837
Model_1_goa_dr_2020.dat 6 2022 CMean 8.03849
Model_1_goa_dr_2020.dat 6 2023 Cabc 4.36227
Model_1_goa_dr_2020.dat 6 2023 Cofl 4.66772
Model_1_goa_dr_2020.dat 6 2023 CLCI 7.24223
Model_1_goa_dr_2020.dat 6 2023 CUCI 7.24824
Model_1_goa_dr_2020.dat 6 2023 CMedian 7.24382
Model_1_goa_dr_2020.dat 6 2023 CMean 7.24434
Model_1_goa_dr_2020.dat 6 2024 Cabc 4.36227
Model_1_goa_dr_2020.dat 6 2024 Cofl 4.66772
Model_1_goa_dr_2020.dat 6 2024 CLCI 6.4385
Model_1_goa_dr_2020.dat 6 2024 CUCI 6.46285
Model_1_goa_dr_2020.dat 6 2024 CMedian 6.44502
Model_1_goa_dr_2020.dat 6 2024 CMean 6.44715
Model_1_goa_dr_2020.dat 6 2025 Cabc 4.36227
Model_1_goa_dr_2020.dat 6 2025 Cofl 4.66772
Model_1_goa_dr_2020.dat 6 2025 CLCI 5.69887
Model_1_goa_dr_2020.dat 6 2025 CUCI 5.78911
Model_1_goa_dr_2020.dat 6 2025 CMedian 5.72337
Model_1_goa_dr_2020.dat 6 2025 CMean 5.73086
Model_1_goa_dr_2020.dat 6 2026 Cabc 4.36227
Model_1_goa_dr_2020.dat 6 2026 Cofl 4.66772
Model_1_goa_dr_2020.dat 6 2026 CLCI 4.85113
Model_1_goa_dr_2020.dat 6 2026 CUCI 5.33277
Model_1_goa_dr_2020.dat 6 2026 CMedian 5.07002
Model_1_goa_dr_2020.dat 6 2026 CMean 5.07917
Model_1_goa_dr_2020.dat 6 2027 Cabc 4.36227
Model_1_goa_dr_2020.dat 6 2027 Cofl 4.66772
Model_1_goa_dr_2020.dat 6 2027 CLCI 3.94737
Model_1_goa_dr_2020.dat 6 2027 CUCI 5.20298
Model_1_goa_dr_2020.dat 6 2027 CMedian 4.31759
Model_1_goa_dr_2020.dat 6 2027 CMean 4.42622
Model_1_goa_dr_2020.dat 6 2028 Cabc 4.36227
Model_1_goa_dr_2020.dat 6 2028 Cofl 4.66772
Model_1_goa_dr_2020.dat 6 2028 CLCI 3.37732
Model_1_goa_dr_2020.dat 6 2028 CUCI 5.38211
Model_1_goa_dr_2020.dat 6 2028 CMedian 3.96558
Model_1_goa_dr_2020.dat 6 2028 CMean 4.12889
Model_1_goa_dr_2020.dat 6 2029 Cabc 4.36227
Model_1_goa_dr_2020.dat 6 2029 Cofl 4.66772
Model_1_goa_dr_2020.dat 6 2029 CLCI 3.05175
Model_1_goa_dr_2020.dat 6 2029 CUCI 5.66163
Model_1_goa_dr_2020.dat 6 2029 CMedian 3.82936
Model_1_goa_dr_2020.dat 6 2029 CMean 4.05147
Model_1_goa_dr_2020.dat 6 2030 Cabc 4.36227
Model_1_goa_dr_2020.dat 6 2030 Cofl 4.66772
Model_1_goa_dr_2020.dat 6 2030 CLCI 2.83765
Model_1_goa_dr_2020.dat 6 2030 CUCI 5.82987
Model_1_goa_dr_2020.dat 6 2030 CMedian 3.85425
Model_1_goa_dr_2020.dat 6 2030 CMean 4.07172
Model_1_goa_dr_2020.dat 6 2031 Cabc 4.36227
Model_1_goa_dr_2020.dat 6 2031 Cofl 4.66772
Model_1_goa_dr_2020.dat 6 2031 CLCI 2.71962
Model_1_goa_dr_2020.dat 6 2031 CUCI 6.01954
Model_1_goa_dr_2020.dat 6 2031 CMedian 3.95394
Model_1_goa_dr_2020.dat 6 2031 CMean 4.12384
Model_1_goa_dr_2020.dat 6 2032 Cabc 4.36227
Model_1_goa_dr_2020.dat 6 2032 Cofl 4.66772
Model_1_goa_dr_2020.dat 6 2032 CLCI 2.66098
Model_1_goa_dr_2020.dat 6 2032 CUCI 6.07734
Model_1_goa_dr_2020.dat 6 2032 CMedian 4.01907
Model_1_goa_dr_2020.dat 6 2032 CMean 4.1846
Model_1_goa_dr_2020.dat 6 2033 Cabc 4.36227
Model_1_goa_dr_2020.dat 6 2033 Cofl 4.66772
Model_1_goa_dr_2020.dat 6 2033 CLCI 2.67933
Model_1_goa_dr_2020.dat 6 2033 CUCI 6.12494
Model_1_goa_dr_2020.dat 6 2033 CMedian 4.09322
Model_1_goa_dr_2020.dat 6 2033 CMean 4.25144
Model_1_goa_dr_2020.dat 6 2020 SSBF100 60.8552
Model_1_goa_dr_2020.dat 6 2020 SSBFabc 24.3421
Model_1_goa_dr_2020.dat 6 2020 SSBFofl 21.2993
Model_1_goa_dr_2020.dat 6 2020 SSBLCI 37.5942
Model_1_goa_dr_2020.dat 6 2020 SSBUCI 37.5942
Model_1_goa_dr_2020.dat 6 2020 SSBMedian 37.5942
Model_1_goa_dr_2020.dat 6 2020 SSBMean 37.5942
Model_1_goa_dr_2020.dat 6 2021 SSBF100 60.8552
Model_1_goa_dr_2020.dat 6 2021 SSBFabc 24.3421
Model_1_goa_dr_2020.dat 6 2021 SSBFofl 21.2993
Model_1_goa_dr_2020.dat 6 2021 SSBLCI 38.0797
Model_1_goa_dr_2020.dat 6 2021 SSBUCI 38.109
Model_1_goa_dr_2020.dat 6 2021 SSBMedian 38.0864
Model_1_goa_dr_2020.dat 6 2021 SSBMean 38.0893
Model_1_goa_dr_2020.dat 6 2022 SSBF100 60.8552
Model_1_goa_dr_2020.dat 6 2022 SSBFabc 24.3421
Model_1_goa_dr_2020.dat 6 2022 SSBFofl 21.2993
Model_1_goa_dr_2020.dat 6 2022 SSBLCI 35.4738
Model_1_goa_dr_2020.dat 6 2022 SSBUCI 35.5678
Model_1_goa_dr_2020.dat 6 2022 SSBMedian 35.4991
Model_1_goa_dr_2020.dat 6 2022 SSBMean 35.5075
Model_1_goa_dr_2020.dat 6 2023 SSBF100 60.8552
Model_1_goa_dr_2020.dat 6 2023 SSBFabc 24.3421
Model_1_goa_dr_2020.dat 6 2023 SSBFofl 21.2993
Model_1_goa_dr_2020.dat 6 2023 SSBLCI 32.4078
Model_1_goa_dr_2020.dat 6 2023 SSBUCI 32.6563
Model_1_goa_dr_2020.dat 6 2023 SSBMedian 32.4787
Model_1_goa_dr_2020.dat 6 2023 SSBMean 32.5004
Model_1_goa_dr_2020.dat 6 2024 SSBF100 60.8552
Model_1_goa_dr_2020.dat 6 2024 SSBFabc 24.3421
Model_1_goa_dr_2020.dat 6 2024 SSBFofl 21.2993
Model_1_goa_dr_2020.dat 6 2024 SSBLCI 29.189
Model_1_goa_dr_2020.dat 6 2024 SSBUCI 29.7614
Model_1_goa_dr_2020.dat 6 2024 SSBMedian 29.3586
Model_1_goa_dr_2020.dat 6 2024 SSBMean 29.4077
Model_1_goa_dr_2020.dat 6 2025 SSBF100 60.8552
Model_1_goa_dr_2020.dat 6 2025 SSBFabc 24.3421
Model_1_goa_dr_2020.dat 6 2025 SSBFofl 21.2993
Model_1_goa_dr_2020.dat 6 2025 SSBLCI 26.1142
Model_1_goa_dr_2020.dat 6 2025 SSBUCI 27.3483
Model_1_goa_dr_2020.dat 6 2025 SSBMedian 26.4731
Model_1_goa_dr_2020.dat 6 2025 SSBMean 26.5799
Model_1_goa_dr_2020.dat 6 2026 SSBF100 60.8552
Model_1_goa_dr_2020.dat 6 2026 SSBFabc 24.3421
Model_1_goa_dr_2020.dat 6 2026 SSBFofl 21.2993
Model_1_goa_dr_2020.dat 6 2026 SSBLCI 23.3857
Model_1_goa_dr_2020.dat 6 2026 SSBUCI 25.6777
Model_1_goa_dr_2020.dat 6 2026 SSBMedian 24.0747
Model_1_goa_dr_2020.dat 6 2026 SSBMean 24.2648
Model_1_goa_dr_2020.dat 6 2027 SSBF100 60.8552
Model_1_goa_dr_2020.dat 6 2027 SSBFabc 24.3421
Model_1_goa_dr_2020.dat 6 2027 SSBFofl 21.2993
Model_1_goa_dr_2020.dat 6 2027 SSBLCI 21.2233
Model_1_goa_dr_2020.dat 6 2027 SSBUCI 24.9743
Model_1_goa_dr_2020.dat 6 2027 SSBMedian 22.3329
Model_1_goa_dr_2020.dat 6 2027 SSBMean 22.6438
Model_1_goa_dr_2020.dat 6 2028 SSBF100 60.8552
Model_1_goa_dr_2020.dat 6 2028 SSBFabc 24.3421
Model_1_goa_dr_2020.dat 6 2028 SSBFofl 21.2993
Model_1_goa_dr_2020.dat 6 2028 SSBLCI 19.6934
Model_1_goa_dr_2020.dat 6 2028 SSBUCI 24.9963
Model_1_goa_dr_2020.dat 6 2028 SSBMedian 21.3393
Model_1_goa_dr_2020.dat 6 2028 SSBMean 21.7717
Model_1_goa_dr_2020.dat 6 2029 SSBF100 60.8552
Model_1_goa_dr_2020.dat 6 2029 SSBFabc 24.3421
Model_1_goa_dr_2020.dat 6 2029 SSBFofl 21.2993
Model_1_goa_dr_2020.dat 6 2029 SSBLCI 18.6698
Model_1_goa_dr_2020.dat 6 2029 SSBUCI 25.5598
Model_1_goa_dr_2020.dat 6 2029 SSBMedian 20.9289
Model_1_goa_dr_2020.dat 6 2029 SSBMean 21.4287
Model_1_goa_dr_2020.dat 6 2030 SSBF100 60.8552
Model_1_goa_dr_2020.dat 6 2030 SSBFabc 24.3421
Model_1_goa_dr_2020.dat 6 2030 SSBFofl 21.2993
Model_1_goa_dr_2020.dat 6 2030 SSBLCI 17.9998
Model_1_goa_dr_2020.dat 6 2030 SSBUCI 26.2962
Model_1_goa_dr_2020.dat 6 2030 SSBMedian 20.8866
Model_1_goa_dr_2020.dat 6 2030 SSBMean 21.3881
Model_1_goa_dr_2020.dat 6 2031 SSBF100 60.8552
Model_1_goa_dr_2020.dat 6 2031 SSBFabc 24.3421
Model_1_goa_dr_2020.dat 6 2031 SSBFofl 21.2993
Model_1_goa_dr_2020.dat 6 2031 SSBLCI 17.6644
Model_1_goa_dr_2020.dat 6 2031 SSBUCI 26.8756
Model_1_goa_dr_2020.dat 6 2031 SSBMedian 21.0206
Model_1_goa_dr_2020.dat 6 2031 SSBMean 21.4946
Model_1_goa_dr_2020.dat 6 2032 SSBF100 60.8552
Model_1_goa_dr_2020.dat 6 2032 SSBFabc 24.3421
Model_1_goa_dr_2020.dat 6 2032 SSBFofl 21.2993
Model_1_goa_dr_2020.dat 6 2032 SSBLCI 17.5608
Model_1_goa_dr_2020.dat 6 2032 SSBUCI 27.2823
Model_1_goa_dr_2020.dat 6 2032 SSBMedian 21.2013
Model_1_goa_dr_2020.dat 6 2032 SSBMean 21.6617
Model_1_goa_dr_2020.dat 6 2033 SSBF100 60.8552
Model_1_goa_dr_2020.dat 6 2033 SSBFabc 24.3421
Model_1_goa_dr_2020.dat 6 2033 SSBFofl 21.2993
Model_1_goa_dr_2020.dat 6 2033 SSBLCI 17.5144
Model_1_goa_dr_2020.dat 6 2033 SSBUCI 27.6937
Model_1_goa_dr_2020.dat 6 2033 SSBMedian 21.3904
Model_1_goa_dr_2020.dat 6 2033 SSBMean 21.8493
Model_1_goa_dr_2020.dat 6 2020 F0 0 
Model_1_goa_dr_2020.dat 6 2020 Fabc 0.0929257
Model_1_goa_dr_2020.dat 6 2020 Fofl 0.114372
Model_1_goa_dr_2020.dat 6 2020  F_LCI 0.0290868
Model_1_goa_dr_2020.dat 6 2020  F_UCI 0.0290868
Model_1_goa_dr_2020.dat 6 2020  F_Median 0.0290868
Model_1_goa_dr_2020.dat 6 2020  F_Mean 0.0290868
Model_1_goa_dr_2020.dat 6 2021 F0 0 
Model_1_goa_dr_2020.dat 6 2021 Fabc 0.0929257
Model_1_goa_dr_2020.dat 6 2021 Fofl 0.114372
Model_1_goa_dr_2020.dat 6 2021  F_LCI 0.114372
Model_1_goa_dr_2020.dat 6 2021  F_UCI 0.114372
Model_1_goa_dr_2020.dat 6 2021  F_Median 0.114372
Model_1_goa_dr_2020.dat 6 2021  F_Mean 0.114372
Model_1_goa_dr_2020.dat 6 2022 F0 0 
Model_1_goa_dr_2020.dat 6 2022 Fabc 0.0929257
Model_1_goa_dr_2020.dat 6 2022 Fofl 0.114372
Model_1_goa_dr_2020.dat 6 2022  F_LCI 0.114372
Model_1_goa_dr_2020.dat 6 2022  F_UCI 0.114372
Model_1_goa_dr_2020.dat 6 2022  F_Median 0.114372
Model_1_goa_dr_2020.dat 6 2022  F_Mean 0.114372
Model_1_goa_dr_2020.dat 6 2023 F0 0 
Model_1_goa_dr_2020.dat 6 2023 Fabc 0.0929257
Model_1_goa_dr_2020.dat 6 2023 Fofl 0.114372
Model_1_goa_dr_2020.dat 6 2023  F_LCI 0.114372
Model_1_goa_dr_2020.dat 6 2023  F_UCI 0.114372
Model_1_goa_dr_2020.dat 6 2023  F_Median 0.114372
Model_1_goa_dr_2020.dat 6 2023  F_Mean 0.114372
Model_1_goa_dr_2020.dat 6 2024 F0 0 
Model_1_goa_dr_2020.dat 6 2024 Fabc 0.0929257
Model_1_goa_dr_2020.dat 6 2024 Fofl 0.114372
Model_1_goa_dr_2020.dat 6 2024  F_LCI 0.114372
Model_1_goa_dr_2020.dat 6 2024  F_UCI 0.114372
Model_1_goa_dr_2020.dat 6 2024  F_Median 0.114372
Model_1_goa_dr_2020.dat 6 2024  F_Mean 0.114372
Model_1_goa_dr_2020.dat 6 2025 F0 0 
Model_1_goa_dr_2020.dat 6 2025 Fabc 0.0929257
Model_1_goa_dr_2020.dat 6 2025 Fofl 0.114372
Model_1_goa_dr_2020.dat 6 2025  F_LCI 0.114372
Model_1_goa_dr_2020.dat 6 2025  F_UCI 0.114372
Model_1_goa_dr_2020.dat 6 2025  F_Median 0.114372
Model_1_goa_dr_2020.dat 6 2025  F_Mean 0.114372
Model_1_goa_dr_2020.dat 6 2026 F0 0 
Model_1_goa_dr_2020.dat 6 2026 Fabc 0.0929257
Model_1_goa_dr_2020.dat 6 2026 Fofl 0.114372
Model_1_goa_dr_2020.dat 6 2026  F_LCI 0.109642
Model_1_goa_dr_2020.dat 6 2026  F_UCI 0.114372
Model_1_goa_dr_2020.dat 6 2026  F_Median 0.11305
Model_1_goa_dr_2020.dat 6 2026  F_Mean 0.112685
Model_1_goa_dr_2020.dat 6 2027 F0 0 
Model_1_goa_dr_2020.dat 6 2027 Fabc 0.0929257
Model_1_goa_dr_2020.dat 6 2027 Fofl 0.114372
Model_1_goa_dr_2020.dat 6 2027  F_LCI 0.0989473
Model_1_goa_dr_2020.dat 6 2027  F_UCI 0.114372
Model_1_goa_dr_2020.dat 6 2027  F_Median 0.104435
Model_1_goa_dr_2020.dat 6 2027  F_Mean 0.105404
Model_1_goa_dr_2020.dat 6 2028 F0 0 
Model_1_goa_dr_2020.dat 6 2028 Fabc 0.0929257
Model_1_goa_dr_2020.dat 6 2028 Fofl 0.114372
Model_1_goa_dr_2020.dat 6 2028  F_LCI 0.0913804
Model_1_goa_dr_2020.dat 6 2028  F_UCI 0.114372
Model_1_goa_dr_2020.dat 6 2028  F_Median 0.0995208
Model_1_goa_dr_2020.dat 6 2028  F_Mean 0.100937
Model_1_goa_dr_2020.dat 6 2029 F0 0 
Model_1_goa_dr_2020.dat 6 2029 Fabc 0.0929257
Model_1_goa_dr_2020.dat 6 2029 Fofl 0.114372
Model_1_goa_dr_2020.dat 6 2029  F_LCI 0.0863182
Model_1_goa_dr_2020.dat 6 2029  F_UCI 0.114372
Model_1_goa_dr_2020.dat 6 2029  F_Median 0.0974911
Model_1_goa_dr_2020.dat 6 2029  F_Mean 0.0989124
Model_1_goa_dr_2020.dat 6 2030 F0 0 
Model_1_goa_dr_2020.dat 6 2030 Fabc 0.0929257
Model_1_goa_dr_2020.dat 6 2030 Fofl 0.114372
Model_1_goa_dr_2020.dat 6 2030  F_LCI 0.0830041
Model_1_goa_dr_2020.dat 6 2030  F_UCI 0.114372
Model_1_goa_dr_2020.dat 6 2030  F_Median 0.0972818
Model_1_goa_dr_2020.dat 6 2030  F_Mean 0.0983571
Model_1_goa_dr_2020.dat 6 2031 F0 0 
Model_1_goa_dr_2020.dat 6 2031 Fabc 0.0929257
Model_1_goa_dr_2020.dat 6 2031 Fofl 0.114372
Model_1_goa_dr_2020.dat 6 2031  F_LCI 0.0813453
Model_1_goa_dr_2020.dat 6 2031  F_UCI 0.114372
Model_1_goa_dr_2020.dat 6 2031  F_Median 0.0979449
Model_1_goa_dr_2020.dat 6 2031  F_Mean 0.0985283
Model_1_goa_dr_2020.dat 6 2032 F0 0 
Model_1_goa_dr_2020.dat 6 2032 Fabc 0.0929257
Model_1_goa_dr_2020.dat 6 2032 Fofl 0.114372
Model_1_goa_dr_2020.dat 6 2032  F_LCI 0.0808333
Model_1_goa_dr_2020.dat 6 2032  F_UCI 0.114372
Model_1_goa_dr_2020.dat 6 2032  F_Median 0.0988386
Model_1_goa_dr_2020.dat 6 2032  F_Mean 0.0990174
Model_1_goa_dr_2020.dat 6 2033 F0 0 
Model_1_goa_dr_2020.dat 6 2033 Fabc 0.0929257
Model_1_goa_dr_2020.dat 6 2033 Fofl 0.114372
Model_1_goa_dr_2020.dat 6 2033  F_LCI 0.0806035
Model_1_goa_dr_2020.dat 6 2033  F_UCI 0.114372
Model_1_goa_dr_2020.dat 6 2033  F_Median 0.0997736
Model_1_goa_dr_2020.dat 6 2033  F_Mean 0.0996423
Model_1_goa_dr_2020.dat 7 2020 Cabc 4.36227
Model_1_goa_dr_2020.dat 7 2020 Cofl 4.66772
Model_1_goa_dr_2020.dat 7 2020 CLCI 2.1975
Model_1_goa_dr_2020.dat 7 2020 CUCI 2.1975
Model_1_goa_dr_2020.dat 7 2020 CMedian 2.1975
Model_1_goa_dr_2020.dat 7 2020 CMean 2.1975
Model_1_goa_dr_2020.dat 7 2021 Cabc 4.36227
Model_1_goa_dr_2020.dat 7 2021 Cofl 4.66772
Model_1_goa_dr_2020.dat 7 2021 CLCI 7.10786
Model_1_goa_dr_2020.dat 7 2021 CUCI 7.10806
Model_1_goa_dr_2020.dat 7 2021 CMedian 7.1079
Model_1_goa_dr_2020.dat 7 2021 CMean 7.10792
Model_1_goa_dr_2020.dat 7 2022 Cabc 4.36227
Model_1_goa_dr_2020.dat 7 2022 Cofl 4.66772
Model_1_goa_dr_2020.dat 7 2022 CLCI 6.72591
Model_1_goa_dr_2020.dat 7 2022 CUCI 6.72698
Model_1_goa_dr_2020.dat 7 2022 CMedian 6.72619
Model_1_goa_dr_2020.dat 7 2022 CMean 6.72628
Model_1_goa_dr_2020.dat 7 2023 Cabc 4.36227
Model_1_goa_dr_2020.dat 7 2023 Cofl 4.66772
Model_1_goa_dr_2020.dat 7 2023 CLCI 7.53073
Model_1_goa_dr_2020.dat 7 2023 CUCI 7.53674
Model_1_goa_dr_2020.dat 7 2023 CMedian 7.53233
Model_1_goa_dr_2020.dat 7 2023 CMean 7.53285
Model_1_goa_dr_2020.dat 7 2024 Cabc 4.36227
Model_1_goa_dr_2020.dat 7 2024 Cofl 4.66772
Model_1_goa_dr_2020.dat 7 2024 CLCI 6.68732
Model_1_goa_dr_2020.dat 7 2024 CUCI 6.71168
Model_1_goa_dr_2020.dat 7 2024 CMedian 6.69384
Model_1_goa_dr_2020.dat 7 2024 CMean 6.69598
Model_1_goa_dr_2020.dat 7 2025 Cabc 4.36227
Model_1_goa_dr_2020.dat 7 2025 Cofl 4.66772
Model_1_goa_dr_2020.dat 7 2025 CLCI 5.91128
Model_1_goa_dr_2020.dat 7 2025 CUCI 6.00152
Model_1_goa_dr_2020.dat 7 2025 CMedian 5.93578
Model_1_goa_dr_2020.dat 7 2025 CMean 5.94326
Model_1_goa_dr_2020.dat 7 2026 Cabc 4.36227
Model_1_goa_dr_2020.dat 7 2026 Cofl 4.66772
Model_1_goa_dr_2020.dat 7 2026 CLCI 5.19887
Model_1_goa_dr_2020.dat 7 2026 CUCI 5.51295
Model_1_goa_dr_2020.dat 7 2026 CMedian 5.30707
Model_1_goa_dr_2020.dat 7 2026 CMean 5.32673
Model_1_goa_dr_2020.dat 7 2027 Cabc 4.36227
Model_1_goa_dr_2020.dat 7 2027 Cofl 4.66772
Model_1_goa_dr_2020.dat 7 2027 CLCI 4.1845
Model_1_goa_dr_2020.dat 7 2027 CUCI 5.35941
Model_1_goa_dr_2020.dat 7 2027 CMedian 4.58473
Model_1_goa_dr_2020.dat 7 2027 CMean 4.67593
Model_1_goa_dr_2020.dat 7 2028 Cabc 4.36227
Model_1_goa_dr_2020.dat 7 2028 Cofl 4.66772
Model_1_goa_dr_2020.dat 7 2028 CLCI 3.54547
Model_1_goa_dr_2020.dat 7 2028 CUCI 5.51026
Model_1_goa_dr_2020.dat 7 2028 CMedian 4.16058
Model_1_goa_dr_2020.dat 7 2028 CMean 4.31627
Model_1_goa_dr_2020.dat 7 2029 Cabc 4.36227
Model_1_goa_dr_2020.dat 7 2029 Cofl 4.66772
Model_1_goa_dr_2020.dat 7 2029 CLCI 3.17576
Model_1_goa_dr_2020.dat 7 2029 CUCI 5.76924
Model_1_goa_dr_2020.dat 7 2029 CMedian 3.97864
Model_1_goa_dr_2020.dat 7 2029 CMean 4.1925
Model_1_goa_dr_2020.dat 7 2030 Cabc 4.36227
Model_1_goa_dr_2020.dat 7 2030 Cofl 4.66772
Model_1_goa_dr_2020.dat 7 2030 CLCI 2.93094
Model_1_goa_dr_2020.dat 7 2030 CUCI 5.92016
Model_1_goa_dr_2020.dat 7 2030 CMedian 3.96487
Model_1_goa_dr_2020.dat 7 2030 CMean 4.17786
Model_1_goa_dr_2020.dat 7 2031 Cabc 4.36227
Model_1_goa_dr_2020.dat 7 2031 Cofl 4.66772
Model_1_goa_dr_2020.dat 7 2031 CLCI 2.79164
Model_1_goa_dr_2020.dat 7 2031 CUCI 6.0951
Model_1_goa_dr_2020.dat 7 2031 CMedian 4.04087
Model_1_goa_dr_2020.dat 7 2031 CMean 4.20408
Model_1_goa_dr_2020.dat 7 2032 Cabc 4.36227
Model_1_goa_dr_2020.dat 7 2032 Cofl 4.66772
Model_1_goa_dr_2020.dat 7 2032 CLCI 2.71596
Model_1_goa_dr_2020.dat 7 2032 CUCI 6.12566
Model_1_goa_dr_2020.dat 7 2032 CMedian 4.08149
Model_1_goa_dr_2020.dat 7 2032 CMean 4.24563
Model_1_goa_dr_2020.dat 7 2033 Cabc 4.36227
Model_1_goa_dr_2020.dat 7 2033 Cofl 4.66772
Model_1_goa_dr_2020.dat 7 2033 CLCI 2.72095
Model_1_goa_dr_2020.dat 7 2033 CUCI 6.17047
Model_1_goa_dr_2020.dat 7 2033 CMedian 4.14231
Model_1_goa_dr_2020.dat 7 2033 CMean 4.29772
Model_1_goa_dr_2020.dat 7 2020 SSBF100 60.8552
Model_1_goa_dr_2020.dat 7 2020 SSBFabc 24.3421
Model_1_goa_dr_2020.dat 7 2020 SSBFofl 21.2993
Model_1_goa_dr_2020.dat 7 2020 SSBLCI 37.5942
Model_1_goa_dr_2020.dat 7 2020 SSBUCI 37.5942
Model_1_goa_dr_2020.dat 7 2020 SSBMedian 37.5942
Model_1_goa_dr_2020.dat 7 2020 SSBMean 37.5942
Model_1_goa_dr_2020.dat 7 2021 SSBF100 60.8552
Model_1_goa_dr_2020.dat 7 2021 SSBFabc 24.3421
Model_1_goa_dr_2020.dat 7 2021 SSBFofl 21.2993
Model_1_goa_dr_2020.dat 7 2021 SSBLCI 38.2066
Model_1_goa_dr_2020.dat 7 2021 SSBUCI 38.2359
Model_1_goa_dr_2020.dat 7 2021 SSBMedian 38.2133
Model_1_goa_dr_2020.dat 7 2021 SSBMean 38.2162
Model_1_goa_dr_2020.dat 7 2022 SSBF100 60.8552
Model_1_goa_dr_2020.dat 7 2022 SSBFabc 24.3421
Model_1_goa_dr_2020.dat 7 2022 SSBFofl 21.2993
Model_1_goa_dr_2020.dat 7 2022 SSBLCI 36.2945
Model_1_goa_dr_2020.dat 7 2022 SSBUCI 36.3886
Model_1_goa_dr_2020.dat 7 2022 SSBMedian 36.3198
Model_1_goa_dr_2020.dat 7 2022 SSBMean 36.3283
Model_1_goa_dr_2020.dat 7 2023 SSBF100 60.8552
Model_1_goa_dr_2020.dat 7 2023 SSBFabc 24.3421
Model_1_goa_dr_2020.dat 7 2023 SSBFofl 21.2993
Model_1_goa_dr_2020.dat 7 2023 SSBLCI 33.6963
Model_1_goa_dr_2020.dat 7 2023 SSBUCI 33.9448
Model_1_goa_dr_2020.dat 7 2023 SSBMedian 33.7672
Model_1_goa_dr_2020.dat 7 2023 SSBMean 33.789
Model_1_goa_dr_2020.dat 7 2024 SSBF100 60.8552
Model_1_goa_dr_2020.dat 7 2024 SSBFabc 24.3421
Model_1_goa_dr_2020.dat 7 2024 SSBFofl 21.2993
Model_1_goa_dr_2020.dat 7 2024 SSBLCI 30.3153
Model_1_goa_dr_2020.dat 7 2024 SSBUCI 30.8877
Model_1_goa_dr_2020.dat 7 2024 SSBMedian 30.4849
Model_1_goa_dr_2020.dat 7 2024 SSBMean 30.5341
Model_1_goa_dr_2020.dat 7 2025 SSBF100 60.8552
Model_1_goa_dr_2020.dat 7 2025 SSBFabc 24.3421
Model_1_goa_dr_2020.dat 7 2025 SSBFofl 21.2993
Model_1_goa_dr_2020.dat 7 2025 SSBLCI 27.0852
Model_1_goa_dr_2020.dat 7 2025 SSBUCI 28.3194
Model_1_goa_dr_2020.dat 7 2025 SSBMedian 27.4441
Model_1_goa_dr_2020.dat 7 2025 SSBMean 27.5509
Model_1_goa_dr_2020.dat 7 2026 SSBF100 60.8552
Model_1_goa_dr_2020.dat 7 2026 SSBFabc 24.3421
Model_1_goa_dr_2020.dat 7 2026 SSBFofl 21.2993
Model_1_goa_dr_2020.dat 7 2026 SSBLCI 24.1998
Model_1_goa_dr_2020.dat 7 2026 SSBUCI 26.5067
Model_1_goa_dr_2020.dat 7 2026 SSBMedian 24.8987
Model_1_goa_dr_2020.dat 7 2026 SSBMean 25.0878
Model_1_goa_dr_2020.dat 7 2027 SSBF100 60.8552
Model_1_goa_dr_2020.dat 7 2027 SSBFabc 24.3421
Model_1_goa_dr_2020.dat 7 2027 SSBFofl 21.2993
Model_1_goa_dr_2020.dat 7 2027 SSBLCI 21.8398
Model_1_goa_dr_2020.dat 7 2027 SSBUCI 25.6773
Model_1_goa_dr_2020.dat 7 2027 SSBMedian 23.0016
Model_1_goa_dr_2020.dat 7 2027 SSBMean 23.3067
Model_1_goa_dr_2020.dat 7 2028 SSBF100 60.8552
Model_1_goa_dr_2020.dat 7 2028 SSBFabc 24.3421
Model_1_goa_dr_2020.dat 7 2028 SSBFofl 21.2993
Model_1_goa_dr_2020.dat 7 2028 SSBLCI 20.1682
Model_1_goa_dr_2020.dat 7 2028 SSBUCI 25.5893
Model_1_goa_dr_2020.dat 7 2028 SSBMedian 21.8531
Model_1_goa_dr_2020.dat 7 2028 SSBMean 22.285
Model_1_goa_dr_2020.dat 7 2029 SSBF100 60.8552
Model_1_goa_dr_2020.dat 7 2029 SSBFabc 24.3421
Model_1_goa_dr_2020.dat 7 2029 SSBFofl 21.2993
Model_1_goa_dr_2020.dat 7 2029 SSBLCI 19.0377
Model_1_goa_dr_2020.dat 7 2029 SSBUCI 26.0489
Model_1_goa_dr_2020.dat 7 2029 SSBMedian 21.3151
Model_1_goa_dr_2020.dat 7 2029 SSBMean 21.8261
Model_1_goa_dr_2020.dat 7 2030 SSBF100 60.8552
Model_1_goa_dr_2020.dat 7 2030 SSBFabc 24.3421
Model_1_goa_dr_2020.dat 7 2030 SSBFofl 21.2993
Model_1_goa_dr_2020.dat 7 2030 SSBLCI 18.2886
Model_1_goa_dr_2020.dat 7 2030 SSBUCI 26.7149
Model_1_goa_dr_2020.dat 7 2030 SSBMedian 21.1728
Model_1_goa_dr_2020.dat 7 2030 SSBMean 21.6954
Model_1_goa_dr_2020.dat 7 2031 SSBF100 60.8552
Model_1_goa_dr_2020.dat 7 2031 SSBFabc 24.3421
Model_1_goa_dr_2020.dat 7 2031 SSBFofl 21.2993
Model_1_goa_dr_2020.dat 7 2031 SSBLCI 17.8862
Model_1_goa_dr_2020.dat 7 2031 SSBUCI 27.2071
Model_1_goa_dr_2020.dat 7 2031 SSBMedian 21.2384
Model_1_goa_dr_2020.dat 7 2031 SSBMean 21.7315
Model_1_goa_dr_2020.dat 7 2032 SSBF100 60.8552
Model_1_goa_dr_2020.dat 7 2032 SSBFabc 24.3421
Model_1_goa_dr_2020.dat 7 2032 SSBFofl 21.2993
Model_1_goa_dr_2020.dat 7 2032 SSBLCI 17.7346
Model_1_goa_dr_2020.dat 7 2032 SSBUCI 27.5639
Model_1_goa_dr_2020.dat 7 2032 SSBMedian 21.3656
Model_1_goa_dr_2020.dat 7 2032 SSBMean 21.8438
Model_1_goa_dr_2020.dat 7 2033 SSBF100 60.8552
Model_1_goa_dr_2020.dat 7 2033 SSBFabc 24.3421
Model_1_goa_dr_2020.dat 7 2033 SSBFofl 21.2993
Model_1_goa_dr_2020.dat 7 2033 SSBLCI 17.6519
Model_1_goa_dr_2020.dat 7 2033 SSBUCI 27.9314
Model_1_goa_dr_2020.dat 7 2033 SSBMedian 21.5136
Model_1_goa_dr_2020.dat 7 2033 SSBMean 21.9889
Model_1_goa_dr_2020.dat 7 2020 F0 0 
Model_1_goa_dr_2020.dat 7 2020 Fabc 0.0929257
Model_1_goa_dr_2020.dat 7 2020 Fofl 0.114372
Model_1_goa_dr_2020.dat 7 2020  F_LCI 0.0290868
Model_1_goa_dr_2020.dat 7 2020  F_UCI 0.0290868
Model_1_goa_dr_2020.dat 7 2020  F_Median 0.0290868
Model_1_goa_dr_2020.dat 7 2020  F_Mean 0.0290868
Model_1_goa_dr_2020.dat 7 2021 F0 0 
Model_1_goa_dr_2020.dat 7 2021 Fabc 0.0929257
Model_1_goa_dr_2020.dat 7 2021 Fofl 0.114372
Model_1_goa_dr_2020.dat 7 2021  F_LCI 0.0929257
Model_1_goa_dr_2020.dat 7 2021  F_UCI 0.0929257
Model_1_goa_dr_2020.dat 7 2021  F_Median 0.0929257
Model_1_goa_dr_2020.dat 7 2021  F_Mean 0.0929257
Model_1_goa_dr_2020.dat 7 2022 F0 0 
Model_1_goa_dr_2020.dat 7 2022 Fabc 0.0929257
Model_1_goa_dr_2020.dat 7 2022 Fofl 0.114372
Model_1_goa_dr_2020.dat 7 2022  F_LCI 0.0929257
Model_1_goa_dr_2020.dat 7 2022  F_UCI 0.0929257
Model_1_goa_dr_2020.dat 7 2022  F_Median 0.0929257
Model_1_goa_dr_2020.dat 7 2022  F_Mean 0.0929257
Model_1_goa_dr_2020.dat 7 2023 F0 0 
Model_1_goa_dr_2020.dat 7 2023 Fabc 0.0929257
Model_1_goa_dr_2020.dat 7 2023 Fofl 0.114372
Model_1_goa_dr_2020.dat 7 2023  F_LCI 0.114372
Model_1_goa_dr_2020.dat 7 2023  F_UCI 0.114372
Model_1_goa_dr_2020.dat 7 2023  F_Median 0.114372
Model_1_goa_dr_2020.dat 7 2023  F_Mean 0.114372
Model_1_goa_dr_2020.dat 7 2024 F0 0 
Model_1_goa_dr_2020.dat 7 2024 Fabc 0.0929257
Model_1_goa_dr_2020.dat 7 2024 Fofl 0.114372
Model_1_goa_dr_2020.dat 7 2024  F_LCI 0.114372
Model_1_goa_dr_2020.dat 7 2024  F_UCI 0.114372
Model_1_goa_dr_2020.dat 7 2024  F_Median 0.114372
Model_1_goa_dr_2020.dat 7 2024  F_Mean 0.114372
Model_1_goa_dr_2020.dat 7 2025 F0 0 
Model_1_goa_dr_2020.dat 7 2025 Fabc 0.0929257
Model_1_goa_dr_2020.dat 7 2025 Fofl 0.114372
Model_1_goa_dr_2020.dat 7 2025  F_LCI 0.114372
Model_1_goa_dr_2020.dat 7 2025  F_UCI 0.114372
Model_1_goa_dr_2020.dat 7 2025  F_Median 0.114372
Model_1_goa_dr_2020.dat 7 2025  F_Mean 0.114372
Model_1_goa_dr_2020.dat 7 2026 F0 0 
Model_1_goa_dr_2020.dat 7 2026 Fabc 0.0929257
Model_1_goa_dr_2020.dat 7 2026 Fofl 0.114372
Model_1_goa_dr_2020.dat 7 2026  F_LCI 0.113669
Model_1_goa_dr_2020.dat 7 2026  F_UCI 0.114372
Model_1_goa_dr_2020.dat 7 2026  F_Median 0.114372
Model_1_goa_dr_2020.dat 7 2026  F_Mean 0.114288
Model_1_goa_dr_2020.dat 7 2027 F0 0 
Model_1_goa_dr_2020.dat 7 2027 Fabc 0.0929257
Model_1_goa_dr_2020.dat 7 2027 Fofl 0.114372
Model_1_goa_dr_2020.dat 7 2027  F_LCI 0.101996
Model_1_goa_dr_2020.dat 7 2027  F_UCI 0.114372
Model_1_goa_dr_2020.dat 7 2027  F_Median 0.107742
Model_1_goa_dr_2020.dat 7 2027  F_Mean 0.108237
Model_1_goa_dr_2020.dat 7 2028 F0 0 
Model_1_goa_dr_2020.dat 7 2028 Fabc 0.0929257
Model_1_goa_dr_2020.dat 7 2028 Fofl 0.114372
Model_1_goa_dr_2020.dat 7 2028  F_LCI 0.0937291
Model_1_goa_dr_2020.dat 7 2028  F_UCI 0.114372
Model_1_goa_dr_2020.dat 7 2028  F_Median 0.102062
Model_1_goa_dr_2020.dat 7 2028  F_Mean 0.10318
Model_1_goa_dr_2020.dat 7 2029 F0 0 
Model_1_goa_dr_2020.dat 7 2029 Fabc 0.0929257
Model_1_goa_dr_2020.dat 7 2029 Fofl 0.114372
Model_1_goa_dr_2020.dat 7 2029  F_LCI 0.0881374
Model_1_goa_dr_2020.dat 7 2029  F_UCI 0.114372
Model_1_goa_dr_2020.dat 7 2029  F_Median 0.0994014
Model_1_goa_dr_2020.dat 7 2029  F_Mean 0.100617
Model_1_goa_dr_2020.dat 7 2030 F0 0 
Model_1_goa_dr_2020.dat 7 2030 Fabc 0.0929257
Model_1_goa_dr_2020.dat 7 2030 Fofl 0.114372
Model_1_goa_dr_2020.dat 7 2030  F_LCI 0.0844326
Model_1_goa_dr_2020.dat 7 2030  F_UCI 0.114372
Model_1_goa_dr_2020.dat 7 2030  F_Median 0.0986973
Model_1_goa_dr_2020.dat 7 2030  F_Mean 0.0996239
Model_1_goa_dr_2020.dat 7 2031 F0 0 
Model_1_goa_dr_2020.dat 7 2031 Fabc 0.0929257
Model_1_goa_dr_2020.dat 7 2031 Fofl 0.114372
Model_1_goa_dr_2020.dat 7 2031  F_LCI 0.0824425
Model_1_goa_dr_2020.dat 7 2031  F_UCI 0.114372
Model_1_goa_dr_2020.dat 7 2031  F_Median 0.099022
Model_1_goa_dr_2020.dat 7 2031  F_Mean 0.0994683
Model_1_goa_dr_2020.dat 7 2032 F0 0 
Model_1_goa_dr_2020.dat 7 2032 Fabc 0.0929257
Model_1_goa_dr_2020.dat 7 2032 Fofl 0.114372
Model_1_goa_dr_2020.dat 7 2032  F_LCI 0.0816925
Model_1_goa_dr_2020.dat 7 2032  F_UCI 0.114372
Model_1_goa_dr_2020.dat 7 2032  F_Median 0.099651
Model_1_goa_dr_2020.dat 7 2032  F_Mean 0.0997208
Model_1_goa_dr_2020.dat 7 2033 F0 0 
Model_1_goa_dr_2020.dat 7 2033 Fabc 0.0929257
Model_1_goa_dr_2020.dat 7 2033 Fofl 0.114372
Model_1_goa_dr_2020.dat 7 2033  F_LCI 0.0812835
Model_1_goa_dr_2020.dat 7 2033  F_UCI 0.114372
Model_1_goa_dr_2020.dat 7 2033  F_Median 0.100383
Model_1_goa_dr_2020.dat 7 2033  F_Mean 0.100165
