Alternative 1 Catch
     Model_1_goa_dr_2022.dat 
Equil_Fabc 4.61738 
Year 
2020 2.55641 
2021 7.90817 
2022 7.25366 
2023 6.60971 
2024 5.98503 
2025 5.41317 
2026 4.94484 
2027 4.62076 
2028 4.36013 
2029 4.23732 
2030 4.20624 
2031 4.21599 
2032 4.24387 
2033 4.28085 

Alternative 1 ABCs
     Model_1_goa_dr_2022.dat 

Year 
2020  NA 
2021 7.90817 
2022 7.25366 
2023 6.60971 
2024 5.98503 
2025 5.41317 
2026 4.94484 
2027 4.62076 
2028 4.36013 
2029 4.23732 
2030 4.20624 
2031 4.21599 
2032 4.24387 
2033 4.28085 

Alternative 1 TACs
     Model_1_goa_dr_2022.dat 

Year 
2020  NA 
2021 7.90817 
2022 7.25366 
2023 6.60971 
2024 5.98503 
2025 5.41317 
2026 4.94484 
2027 4.62076 
2028 4.36013 
2029 4.23732 
2030 4.20624 
2031 4.21599 
2032 4.24387 
2033 4.28085 

Alternative 1 Sp_Biomass
     Model_1_goa_dr_2022.dat 
Equil_Fabc 26.1983 
Year 
2020 44.9747 
2021 44.1883 
2022 40.8269 
2023 37.4284 
2024 34.1807 
2025 31.2778 
2026 28.9018 
2027 27.1703 
2028 26.0953 
2029 25.5736 
2030 25.4058 
2031 25.4289 
2032 25.5425 
2033 25.6955 

Alternative 1 Fishing Mortality
     Model_1_goa_dr_2022.dat 
Equil_Fabc 0.091336 
Year 
2020 0.0282297 
2021 0.091336 
2022 0.091336 
2023 0.091336 
2024 0.091336 
2025 0.091336 
2026 0.091336 
2027 0.0910998 
2028 0.0886381 
2029 0.0866908 
2030 0.0857125 
2031 0.0853532 
2032 0.0853553 
2033 0.0855113 

Alternative 1 Biomass
     Model_1_goa_dr_2022.dat 

Year 
2020 109.619 
2021 107.047 
2022 99.5208 
2023 93.4294 
2024 88.6848 
2025 85.1838 
2026 82.8295 
2027 81.4477 
2028 80.7545 
2029 80.6418 
2030 80.7698 
2031 81.0542 
2032 81.3155 
2033 81.5904 

Alternative 1 Implied SPR rate 
     Model_1_goa_dr_2022.dat 
Equil_Fabc 0.4 
Year 
2020 0.690255 
2021 0.4 
2022 0.4 
2023 0.4 
2024 0.4 
2025 0.4 
2026 0.4 
2027 0.400649 
2028 0.407632 
2029 0.413423 
2030 0.416474 
2031 0.417671 
2032 0.417755 
2033 0.417336 

  Model_1_goa_dr_2022.dat 
EquilAvgAgeF0  12.9802 
EquilAvgAgeFabc  7.76884 
AvgAgeYr2033 8.19726 
Alternative 2 Catch
     Model_1_goa_dr_2022.dat 
Equil_Fabc 4.61738 
Year 
2020 2.55641 
2021 7.90817 
2022 7.25366 
2023 6.60971 
2024 5.98503 
2025 5.41317 
2026 4.94484 
2027 4.62076 
2028 4.36013 
2029 4.23732 
2030 4.20624 
2031 4.21599 
2032 4.24387 
2033 4.28085 

Alternative 2 ABCs
     Model_1_goa_dr_2022.dat 

Year 
2020  NA 
2021 7.90817 
2022 7.25366 
2023 6.60971 
2024 5.98503 
2025 5.41317 
2026 4.94484 
2027 4.62076 
2028 4.36013 
2029 4.23732 
2030 4.20624 
2031 4.21599 
2032 4.24387 
2033 4.28085 

Alternative 2 TACs
     Model_1_goa_dr_2022.dat 

Year 
2020  NA 
2021 7.90817 
2022 7.25366 
2023 6.60971 
2024 5.98503 
2025 5.41317 
2026 4.94484 
2027 4.62076 
2028 4.36013 
2029 4.23732 
2030 4.20624 
2031 4.21599 
2032 4.24387 
2033 4.28085 

Alternative 2 Sp_Biomass
     Model_1_goa_dr_2022.dat 
Equil_Fabc 26.1983 
Year 
2020 44.9747 
2021 44.1883 
2022 40.8269 
2023 37.4284 
2024 34.1807 
2025 31.2778 
2026 28.9018 
2027 27.1703 
2028 26.0953 
2029 25.5736 
2030 25.4058 
2031 25.4289 
2032 25.5425 
2033 25.6955 

Alternative 2 Fishing Mortality
     Model_1_goa_dr_2022.dat 
Equil_Fabc 0.091336 
Year 
2020 0.0282297 
2021 0.091336 
2022 0.091336 
2023 0.091336 
2024 0.091336 
2025 0.091336 
2026 0.091336 
2027 0.0910998 
2028 0.0886381 
2029 0.0866908 
2030 0.0857125 
2031 0.0853532 
2032 0.0853553 
2033 0.0855113 

Alternative 2 Biomass
     Model_1_goa_dr_2022.dat 

Year 
2020 109.619 
2021 107.047 
2022 99.5208 
2023 93.4294 
2024 88.6848 
2025 85.1838 
2026 82.8295 
2027 81.4477 
2028 80.7545 
2029 80.6418 
2030 80.7698 
2031 81.0542 
2032 81.3155 
2033 81.5904 

Alternative 2 Implied SPR rate 
     Model_1_goa_dr_2022.dat 
Equil_Fabc 0.4 
Year 
2020 0.690255 
2021 0.4 
2022 0.4 
2023 0.4 
2024 0.4 
2025 0.4 
2026 0.4 
2027 0.400649 
2028 0.407632 
2029 0.413423 
2030 0.416474 
2031 0.417671 
2032 0.417755 
2033 0.417336 

  Model_1_goa_dr_2022.dat 
EquilAvgAgeF0  12.9802 
EquilAvgAgeFabc  7.76884 
AvgAgeYr2033 8.19726 
Alternative 3 Catch
     Model_1_goa_dr_2022.dat 
Equil_Fabc 4.61738 
Year 
2020 2.55641 
2021 4.04013 
2022 3.86908 
2023 3.67736 
2024 3.46983 
2025 3.26476 
2026 3.09048 
2027 2.97737 
2028 2.93439 
2029 2.93732 
2030 2.95997 
2031 2.98791 
2032 3.01627 
2033 3.04556 

Alternative 3 ABCs
     Model_1_goa_dr_2022.dat 

Year 
2020  NA 
2021 4.04013 
2022 3.86908 
2023 3.67736 
2024 3.46983 
2025 3.26476 
2026 3.09048 
2027 2.97737 
2028 2.93439 
2029 2.93732 
2030 2.95997 
2031 2.98791 
2032 3.01627 
2033 3.04556 

Alternative 3 TACs
     Model_1_goa_dr_2022.dat 

Year 
2020  NA 
2021 4.04013 
2022 3.86908 
2023 3.67736 
2024 3.46983 
2025 3.26476 
2026 3.09048 
2027 2.97737 
2028 2.93439 
2029 2.93732 
2030 2.95997 
2031 2.98791 
2032 3.01627 
2033 3.04556 

Alternative 3 Sp_Biomass
     Model_1_goa_dr_2022.dat 
Equil_Fabc 26.1983 
Year 
2020 44.9747 
2021 44.5119 
2022 42.929 
2023 41.0429 
2024 39.0337 
2025 37.1061 
2026 35.4667 
2027 34.2718 
2028 33.5797 
2029 33.3145 
2030 33.3389 
2031 33.5316 
2032 33.8079 
2033 34.1222 

Alternative 3 Fishing Mortality
     Model_1_goa_dr_2022.dat 
Equil_Fabc 0.091336 
Year 
2020 0.0282297 
2021 0.045668 
2022 0.045668 
2023 0.045668 
2024 0.045668 
2025 0.045668 
2026 0.045668 
2027 0.045668 
2028 0.045668 
2029 0.045668 
2030 0.045668 
2031 0.0456679 
2032 0.0456647 
2033 0.045658 

Alternative 3 Biomass
     Model_1_goa_dr_2022.dat 

Year 
2020 109.619 
2021 107.047 
2022 103.37 
2023 100.474 
2024 98.3101 
2025 96.8301 
2026 96.0099 
2027 95.7712 
2028 95.9428 
2029 96.4319 
2030 97.0073 
2031 97.6689 
2032 98.2766 
2033 98.8855 

Alternative 3 Implied SPR rate 
     Model_1_goa_dr_2022.dat 
Equil_Fabc 0.4 
Year 
2020 0.690255 
2021 0.576703 
2022 0.576703 
2023 0.576703 
2024 0.576703 
2025 0.576703 
2026 0.576703 
2027 0.576703 
2028 0.576703 
2029 0.576703 
2030 0.576703 
2031 0.576704 
2032 0.576721 
2033 0.576759 

  Model_1_goa_dr_2022.dat 
EquilAvgAgeF0  12.9802 
EquilAvgAgeFabc  7.76884 
AvgAgeYr2033 9.54713 
Alternative 4 Catch
     Model_1_goa_dr_2022.dat 
Equil_Fabc 4.61738 
Year 
2020 2.55641 
2021 2.70634 
2022 2.62954 
2023 2.53491 
2024 2.42535 
2025 2.31287 
2026 2.2166 
2027 2.15743 
2028 2.14259 
2029 2.15704 
2030 2.18388 
2031 2.21367 
2032 2.24328 
2033 2.27305 

Alternative 4 ABCs
     Model_1_goa_dr_2022.dat 

Year 
2020  NA 
2021 2.70634 
2022 2.62954 
2023 2.53491 
2024 2.42535 
2025 2.31287 
2026 2.2166 
2027 2.15743 
2028 2.14259 
2029 2.15704 
2030 2.18388 
2031 2.21367 
2032 2.24328 
2033 2.27305 

Alternative 4 TACs
     Model_1_goa_dr_2022.dat 

Year 
2020  NA 
2021 2.70634 
2022 2.62954 
2023 2.53491 
2024 2.42535 
2025 2.31287 
2026 2.2166 
2027 2.15743 
2028 2.14259 
2029 2.15704 
2030 2.18388 
2031 2.21367 
2032 2.24328 
2033 2.27305 

Alternative 4 Sp_Biomass
     Model_1_goa_dr_2022.dat 
Equil_Fabc 26.1983 
Year 
2020 44.9747 
2021 44.6209 
2022 43.6578 
2023 42.3334 
2024 40.8172 
2025 39.3099 
2026 38.0199 
2027 37.1106 
2028 36.6561 
2029 36.5987 
2030 36.8143 
2031 37.189 
2032 37.6401 
2033 38.1215 

Alternative 4 Fishing Mortality
     Model_1_goa_dr_2022.dat 
Equil_Fabc 0.091336 
Year 
2020 0.0282297 
2021 0.0303705 
2022 0.0303705 
2023 0.0303705 
2024 0.0303705 
2025 0.0303705 
2026 0.0303705 
2027 0.0303705 
2028 0.0303705 
2029 0.0303705 
2030 0.0303705 
2031 0.0303705 
2032 0.0303705 
2033 0.0303705 

Alternative 4 Biomass
     Model_1_goa_dr_2022.dat 

Year 
2020 109.619 
2021 107.047 
2022 104.698 
2023 102.975 
2024 101.828 
2025 101.209 
2026 101.106 
2027 101.461 
2028 102.136 
2029 103.071 
2030 104.056 
2031 105.102 
2032 106.074 
2033 107.027 

Alternative 4 Implied SPR rate 
     Model_1_goa_dr_2022.dat 
Equil_Fabc 0.4 
Year 
2020 0.690255 
2021 0.674095 
2022 0.674095 
2023 0.674095 
2024 0.674095 
2025 0.674095 
2026 0.674095 
2027 0.674095 
2028 0.674095 
2029 0.674095 
2030 0.674095 
2031 0.674095 
2032 0.674095 
2033 0.674095 

  Model_1_goa_dr_2022.dat 
EquilAvgAgeF0  12.9802 
EquilAvgAgeFabc  7.76884 
AvgAgeYr2033 10.1231 
Alternative 5 Catch
     Model_1_goa_dr_2022.dat 
Equil_Fabc 4.61738 
Year 
2020 2.55641 
2021  NA 
2022  NA 
2023  NA 
2024  NA 
2025  NA 
2026  NA 
2027  NA 
2028  NA 
2029  NA 
2030  NA 
2031  NA 
2032  NA 
2033  NA 

Alternative 5 ABCs
     Model_1_goa_dr_2022.dat 

Year 
2020  NA 
2021  NA 
2022  NA 
2023  NA 
2024  NA 
2025  NA 
2026  NA 
2027  NA 
2028  NA 
2029  NA 
2030  NA 
2031  NA 
2032  NA 
2033  NA 

Alternative 5 TACs
     Model_1_goa_dr_2022.dat 

Year 
2020  NA 
2021  NA 
2022  NA 
2023  NA 
2024  NA 
2025  NA 
2026  NA 
2027  NA 
2028  NA 
2029  NA 
2030  NA 
2031  NA 
2032  NA 
2033  NA 

Alternative 5 Sp_Biomass
     Model_1_goa_dr_2022.dat 
Equil_Fabc 26.1983 
Year 
2020 44.9747 
2021 44.838 
2022 45.143 
2023 45.022 
2024 44.6159 
2025 44.1086 
2026 43.7021 
2027 43.5661 
2028 43.7993 
2029 44.3752 
2030 45.1946 
2031 46.1573 
2032 47.1838 
2033 48.2266 

Alternative 5 Fishing Mortality
     Model_1_goa_dr_2022.dat 
Equil_Fabc 0.091336 
Year 
2020 0.0282297 
2021  NA 
2022  NA 
2023  NA 
2024  NA 
2025  NA 
2026  NA 
2027  NA 
2028  NA 
2029  NA 
2030  NA 
2031  NA 
2032  NA 
2033  NA 

Alternative 5 Biomass
     Model_1_goa_dr_2022.dat 

Year 
2020 109.619 
2021 107.047 
2022 107.392 
2023 108.164 
2024 109.288 
2025 110.702 
2026 112.397 
2027 114.338 
2028 116.442 
2029 118.705 
2030 120.953 
2031 123.218 
2032 125.37 
2033 127.467 

Alternative 5 Implied SPR rate 
     Model_1_goa_dr_2022.dat 
Equil_Fabc 0.4 
Year 
2020 0.690255 
2021 1 
2022 1 
2023 1 
2024 1 
2025 1 
2026 1 
2027 1 
2028 1 
2029 1 
2030 1 
2031 1 
2032 1 
2033 1 

  Model_1_goa_dr_2022.dat 
EquilAvgAgeF0  12.9802 
EquilAvgAgeFabc  7.76884 
AvgAgeYr2033 11.4126 
Alternative 6 Catch
     Model_1_goa_dr_2022.dat 
Equil_Fabc 4.61738 
Year 
2020 2.55641 
2021 9.62769 
2022 8.65805 
2023 7.73899 
2024 6.87754 
2025 6.11063 
2026 5.45697 
2027 4.75772 
2028 4.42004 
2029 4.32077 
2030 4.33037 
2031 4.37849 
2032 4.43626 
2033 4.49865 

Alternative 6 ABCs
     Model_1_goa_dr_2022.dat 

Year 
2020 9.77804 
2021 9.62769 
2022 8.65805 
2023 7.73899 
2024 6.87754 
2025 6.11063 
2026 5.45697 
2027 4.75772 
2028 4.42004 
2029 4.32077 
2030 4.33037 
2031 4.37849 
2032 4.43626 
2033 4.49865 

Alternative 6 TACs
     Model_1_goa_dr_2022.dat 

Year 
2020  NA 
2021 9.62769 
2022 8.65805 
2023 7.73899 
2024 6.87754 
2025 6.11063 
2026 5.45697 
2027 4.75772 
2028 4.42004 
2029 4.32077 
2030 4.33037 
2031 4.37849 
2032 4.43626 
2033 4.49865 

Alternative 6 Sp_Biomass
     Model_1_goa_dr_2022.dat 
Equil_Fabc 26.1983 
Year 
2020 44.9747 
2021 44.0405 
2022 39.8982 
2023 35.8824 
2024 32.1709 
2025 28.9403 
2026 26.3547 
2027 24.5409 
2028 23.5468 
2029 23.1331 
2030 23.0556 
2031 23.1434 
2032 23.298 
2033 23.4736 

Alternative 6 Fishing Mortality
     Model_1_goa_dr_2022.dat 
Equil_Fabc 0.091336 
Year 
2020 0.0282297 
2021 0.112293 
2022 0.112293 
2023 0.112293 
2024 0.112293 
2025 0.112293 
2026 0.111459 
2027 0.104403 
2028 0.0998635 
2029 0.0978126 
2030 0.0972211 
2031 0.0973556 
2032 0.0977929 
2033 0.0983597 

Alternative 6 Biomass
     Model_1_goa_dr_2022.dat 

Year 
2020 109.619 
2021 107.047 
2022 97.8102 
2023 90.3979 
2024 84.6732 
2025 80.4824 
2026 77.674 
2027 76.0516 
2028 75.504 
2029 75.6078 
2030 75.9182 
2031 76.3327 
2032 76.6761 
2033 76.9957 

Alternative 6 Implied SPR rate 
     Model_1_goa_dr_2022.dat 
Equil_Fabc 0.4 
Year 
2020 0.690255 
2021 0.35 
2022 0.35 
2023 0.35 
2024 0.35 
2025 0.35 
2026 0.351771 
2027 0.367563 
2028 0.378638 
2029 0.384069 
2030 0.385868 
2031 0.385738 
2032 0.384748 
2033 0.383383 

  Model_1_goa_dr_2022.dat 
EquilAvgAgeF0  12.9802 
EquilAvgAgeFabc  7.76884 
AvgAgeYr2033 7.80267 
Alternative 7 Catch
     Model_1_goa_dr_2022.dat 
Equil_Fabc 4.61738 
Year 
2020 2.55641 
2021 7.90817 
2022 7.25366 
2023 8.04631 
2024 7.14177 
2025 6.336 
2026 5.6863 
2027 5.03251 
2028 4.6279 
2029 4.47683 
2030 4.44847 
2031 4.46798 
2032 4.50385 
2033 4.54956 

Alternative 7 ABCs
     Model_1_goa_dr_2022.dat 

Year 
2020 9.77804 
2021 9.62769 
2022 8.83052 
2023 8.04631 
2024 7.14177 
2025 6.336 
2026 5.6863 
2027 5.03251 
2028 4.6279 
2029 4.47683 
2030 4.44847 
2031 4.46798 
2032 4.50385 
2033 4.54956 

Alternative 7 TACs
     Model_1_goa_dr_2022.dat 

Year 
2020  NA 
2021 9.62769 
2022 8.83052 
2023 8.04631 
2024 7.14177 
2025 6.336 
2026 5.6863 
2027 5.03251 
2028 4.6279 
2029 4.47683 
2030 4.44847 
2031 4.46798 
2032 4.50385 
2033 4.54956 

Alternative 7 Sp_Biomass
     Model_1_goa_dr_2022.dat 
Equil_Fabc 26.1983 
Year 
2020 44.9747 
2021 44.1883 
2022 40.8269 
2023 37.3025 
2024 33.4 
2025 29.9945 
2026 27.2493 
2027 25.2742 
2028 24.1143 
2029 23.572 
2030 23.3945 
2031 23.4041 
2032 23.4976 
2033 23.626 

Alternative 7 Fishing Mortality
     Model_1_goa_dr_2022.dat 
Equil_Fabc 0.091336 
Year 
2020 0.0282297 
2021 0.091336 
2022 0.091336 
2023 0.112293 
2024 0.112293 
2025 0.112293 
2026 0.112292 
2027 0.107286 
2028 0.102185 
2029 0.0995725 
2030 0.0985445 
2031 0.0983459 
2032 0.0985283 
2033 0.0989021 

Alternative 7 Biomass
     Model_1_goa_dr_2022.dat 

Year 
2020 109.619 
2021 107.047 
2022 99.5208 
2023 93.4294 
2024 87.2621 
2025 82.6835 
2026 79.5388 
2027 77.5891 
2028 76.6833 
2029 76.5114 
2030 76.6104 
2031 76.8622 
2032 77.0801 
2033 77.3034 

Alternative 7 Implied SPR rate 
     Model_1_goa_dr_2022.dat 
Equil_Fabc 0.4 
Year 
2020 0.690255 
2021 0.4 
2022 0.4 
2023 0.35 
2024 0.35 
2025 0.35 
2026 0.350003 
2027 0.360974 
2028 0.37299 
2029 0.379629 
2030 0.38247 
2031 0.383177 
2032 0.382843 
2033 0.381979 

  Model_1_goa_dr_2022.dat 
EquilAvgAgeF0  12.9802 
EquilAvgAgeFabc  7.76884 
AvgAgeYr2033 7.84149 
