Model_1_goa_dr_2022.dat 1 2020 Cabc 4.61738
Model_1_goa_dr_2022.dat 1 2020 Cofl 4.93664
Model_1_goa_dr_2022.dat 1 2020 CLCI 2.55641
Model_1_goa_dr_2022.dat 1 2020 CUCI 2.55641
Model_1_goa_dr_2022.dat 1 2020 CMedian 2.55641
Model_1_goa_dr_2022.dat 1 2020 CMean 2.55641
Model_1_goa_dr_2022.dat 1 2021 Cabc 4.61738
Model_1_goa_dr_2022.dat 1 2021 Cofl 4.93664
Model_1_goa_dr_2022.dat 1 2021 CLCI 7.9081
Model_1_goa_dr_2022.dat 1 2021 CUCI 7.9083
Model_1_goa_dr_2022.dat 1 2021 CMedian 7.90815
Model_1_goa_dr_2022.dat 1 2021 CMean 7.90817
Model_1_goa_dr_2022.dat 1 2022 Cabc 4.61738
Model_1_goa_dr_2022.dat 1 2022 Cofl 4.93664
Model_1_goa_dr_2022.dat 1 2022 CLCI 7.25327
Model_1_goa_dr_2022.dat 1 2022 CUCI 7.25434
Model_1_goa_dr_2022.dat 1 2022 CMedian 7.25357
Model_1_goa_dr_2022.dat 1 2022 CMean 7.25366
Model_1_goa_dr_2022.dat 1 2023 Cabc 4.61738
Model_1_goa_dr_2022.dat 1 2023 Cofl 4.93664
Model_1_goa_dr_2022.dat 1 2023 CLCI 6.60796
Model_1_goa_dr_2022.dat 1 2023 CUCI 6.61277
Model_1_goa_dr_2022.dat 1 2023 CMedian 6.60933
Model_1_goa_dr_2022.dat 1 2023 CMean 6.60971
Model_1_goa_dr_2022.dat 1 2024 Cabc 4.61738
Model_1_goa_dr_2022.dat 1 2024 Cofl 4.93664
Model_1_goa_dr_2022.dat 1 2024 CLCI 5.97801
Model_1_goa_dr_2022.dat 1 2024 CUCI 5.99705
Model_1_goa_dr_2022.dat 1 2024 CMedian 5.98355
Model_1_goa_dr_2022.dat 1 2024 CMean 5.98503
Model_1_goa_dr_2022.dat 1 2025 Cabc 4.61738
Model_1_goa_dr_2022.dat 1 2025 Cofl 4.93664
Model_1_goa_dr_2022.dat 1 2025 CLCI 5.38753
Model_1_goa_dr_2022.dat 1 2025 CUCI 5.45661
Model_1_goa_dr_2022.dat 1 2025 CMedian 5.40783
Model_1_goa_dr_2022.dat 1 2025 CMean 5.41317
Model_1_goa_dr_2022.dat 1 2026 Cabc 4.61738
Model_1_goa_dr_2022.dat 1 2026 Cofl 4.93664
Model_1_goa_dr_2022.dat 1 2026 CLCI 4.86346
Model_1_goa_dr_2022.dat 1 2026 CUCI 5.07775
Model_1_goa_dr_2022.dat 1 2026 CMedian 4.92777
Model_1_goa_dr_2022.dat 1 2026 CMean 4.94484
Model_1_goa_dr_2022.dat 1 2027 Cabc 4.61738
Model_1_goa_dr_2022.dat 1 2027 Cofl 4.93664
Model_1_goa_dr_2022.dat 1 2027 CLCI 4.34753
Model_1_goa_dr_2022.dat 1 2027 CUCI 4.96036
Model_1_goa_dr_2022.dat 1 2027 CMedian 4.59378
Model_1_goa_dr_2022.dat 1 2027 CMean 4.62076
Model_1_goa_dr_2022.dat 1 2028 Cabc 4.61738
Model_1_goa_dr_2022.dat 1 2028 Cofl 4.93664
Model_1_goa_dr_2022.dat 1 2028 CLCI 3.75492
Model_1_goa_dr_2022.dat 1 2028 CUCI 5.0675
Model_1_goa_dr_2022.dat 1 2028 CMedian 4.33699
Model_1_goa_dr_2022.dat 1 2028 CMean 4.36013
Model_1_goa_dr_2022.dat 1 2029 Cabc 4.61738
Model_1_goa_dr_2022.dat 1 2029 Cofl 4.93664
Model_1_goa_dr_2022.dat 1 2029 CLCI 3.40644
Model_1_goa_dr_2022.dat 1 2029 CUCI 5.23921
Model_1_goa_dr_2022.dat 1 2029 CMedian 4.1483
Model_1_goa_dr_2022.dat 1 2029 CMean 4.23732
Model_1_goa_dr_2022.dat 1 2030 Cabc 4.61738
Model_1_goa_dr_2022.dat 1 2030 Cofl 4.93664
Model_1_goa_dr_2022.dat 1 2030 CLCI 3.18435
Model_1_goa_dr_2022.dat 1 2030 CUCI 5.39571
Model_1_goa_dr_2022.dat 1 2030 CMedian 4.1195
Model_1_goa_dr_2022.dat 1 2030 CMean 4.20624
Model_1_goa_dr_2022.dat 1 2031 Cabc 4.61738
Model_1_goa_dr_2022.dat 1 2031 Cofl 4.93664
Model_1_goa_dr_2022.dat 1 2031 CLCI 3.02893
Model_1_goa_dr_2022.dat 1 2031 CUCI 5.54105
Model_1_goa_dr_2022.dat 1 2031 CMedian 4.13391
Model_1_goa_dr_2022.dat 1 2031 CMean 4.21599
Model_1_goa_dr_2022.dat 1 2032 Cabc 4.61738
Model_1_goa_dr_2022.dat 1 2032 Cofl 4.93664
Model_1_goa_dr_2022.dat 1 2032 CLCI 2.97559
Model_1_goa_dr_2022.dat 1 2032 CUCI 5.6312
Model_1_goa_dr_2022.dat 1 2032 CMedian 4.19789
Model_1_goa_dr_2022.dat 1 2032 CMean 4.24387
Model_1_goa_dr_2022.dat 1 2033 Cabc 4.61738
Model_1_goa_dr_2022.dat 1 2033 Cofl 4.93664
Model_1_goa_dr_2022.dat 1 2033 CLCI 2.93815
Model_1_goa_dr_2022.dat 1 2033 CUCI 5.72861
Model_1_goa_dr_2022.dat 1 2033 CMedian 4.2363
Model_1_goa_dr_2022.dat 1 2033 CMean 4.28085
Model_1_goa_dr_2022.dat 1 2020 SSBF100 65.4957
Model_1_goa_dr_2022.dat 1 2020 SSBFabc 26.1983
Model_1_goa_dr_2022.dat 1 2020 SSBFofl 22.9235
Model_1_goa_dr_2022.dat 1 2020 SSBLCI 44.9747
Model_1_goa_dr_2022.dat 1 2020 SSBUCI 44.9747
Model_1_goa_dr_2022.dat 1 2020 SSBMedian 44.9747
Model_1_goa_dr_2022.dat 1 2020 SSBMean 44.9747
Model_1_goa_dr_2022.dat 1 2021 SSBF100 65.4957
Model_1_goa_dr_2022.dat 1 2021 SSBFabc 26.1983
Model_1_goa_dr_2022.dat 1 2021 SSBFofl 22.9235
Model_1_goa_dr_2022.dat 1 2021 SSBLCI 44.1789
Model_1_goa_dr_2022.dat 1 2021 SSBUCI 44.2057
Model_1_goa_dr_2022.dat 1 2021 SSBMedian 44.1858
Model_1_goa_dr_2022.dat 1 2021 SSBMean 44.1883
Model_1_goa_dr_2022.dat 1 2022 SSBF100 65.4957
Model_1_goa_dr_2022.dat 1 2022 SSBFabc 26.1983
Model_1_goa_dr_2022.dat 1 2022 SSBFofl 22.9235
Model_1_goa_dr_2022.dat 1 2022 SSBLCI 40.7944
Model_1_goa_dr_2022.dat 1 2022 SSBUCI 40.8805
Model_1_goa_dr_2022.dat 1 2022 SSBMedian 40.8201
Model_1_goa_dr_2022.dat 1 2022 SSBMean 40.8269
Model_1_goa_dr_2022.dat 1 2023 SSBF100 65.4957
Model_1_goa_dr_2022.dat 1 2023 SSBFabc 26.1983
Model_1_goa_dr_2022.dat 1 2023 SSBFofl 22.9235
Model_1_goa_dr_2022.dat 1 2023 SSBLCI 37.34
Model_1_goa_dr_2022.dat 1 2023 SSBUCI 37.5699
Model_1_goa_dr_2022.dat 1 2023 SSBMedian 37.4098
Model_1_goa_dr_2022.dat 1 2023 SSBMean 37.4284
Model_1_goa_dr_2022.dat 1 2024 SSBF100 65.4957
Model_1_goa_dr_2022.dat 1 2024 SSBFabc 26.1983
Model_1_goa_dr_2022.dat 1 2024 SSBFofl 22.9235
Model_1_goa_dr_2022.dat 1 2024 SSBLCI 33.9717
Model_1_goa_dr_2022.dat 1 2024 SSBUCI 34.5063
Model_1_goa_dr_2022.dat 1 2024 SSBMedian 34.1421
Model_1_goa_dr_2022.dat 1 2024 SSBMean 34.1807
Model_1_goa_dr_2022.dat 1 2025 SSBF100 65.4957
Model_1_goa_dr_2022.dat 1 2025 SSBFabc 26.1983
Model_1_goa_dr_2022.dat 1 2025 SSBFofl 22.9235
Model_1_goa_dr_2022.dat 1 2025 SSBLCI 30.8324
Model_1_goa_dr_2022.dat 1 2025 SSBUCI 31.9634
Model_1_goa_dr_2022.dat 1 2025 SSBMedian 31.2089
Model_1_goa_dr_2022.dat 1 2025 SSBMean 31.2778
Model_1_goa_dr_2022.dat 1 2026 SSBF100 65.4957
Model_1_goa_dr_2022.dat 1 2026 SSBFabc 26.1983
Model_1_goa_dr_2022.dat 1 2026 SSBFofl 22.9235
Model_1_goa_dr_2022.dat 1 2026 SSBLCI 28.0478
Model_1_goa_dr_2022.dat 1 2026 SSBUCI 30.1839
Model_1_goa_dr_2022.dat 1 2026 SSBMedian 28.7614
Model_1_goa_dr_2022.dat 1 2026 SSBMean 28.9018
Model_1_goa_dr_2022.dat 1 2027 SSBF100 65.4957
Model_1_goa_dr_2022.dat 1 2027 SSBFabc 26.1983
Model_1_goa_dr_2022.dat 1 2027 SSBFofl 22.9235
Model_1_goa_dr_2022.dat 1 2027 SSBLCI 25.7311
Model_1_goa_dr_2022.dat 1 2027 SSBUCI 29.3578
Model_1_goa_dr_2022.dat 1 2027 SSBMedian 26.9438
Model_1_goa_dr_2022.dat 1 2027 SSBMean 27.1703
Model_1_goa_dr_2022.dat 1 2028 SSBF100 65.4957
Model_1_goa_dr_2022.dat 1 2028 SSBFabc 26.1983
Model_1_goa_dr_2022.dat 1 2028 SSBFofl 22.9235
Model_1_goa_dr_2022.dat 1 2028 SSBLCI 23.9703
Model_1_goa_dr_2022.dat 1 2028 SSBUCI 29.2079
Model_1_goa_dr_2022.dat 1 2028 SSBMedian 25.7107
Model_1_goa_dr_2022.dat 1 2028 SSBMean 26.0953
Model_1_goa_dr_2022.dat 1 2029 SSBF100 65.4957
Model_1_goa_dr_2022.dat 1 2029 SSBFabc 26.1983
Model_1_goa_dr_2022.dat 1 2029 SSBFofl 22.9235
Model_1_goa_dr_2022.dat 1 2029 SSBLCI 22.8292
Model_1_goa_dr_2022.dat 1 2029 SSBUCI 29.6915
Model_1_goa_dr_2022.dat 1 2029 SSBMedian 25.1267
Model_1_goa_dr_2022.dat 1 2029 SSBMean 25.5736
Model_1_goa_dr_2022.dat 1 2030 SSBF100 65.4957
Model_1_goa_dr_2022.dat 1 2030 SSBFabc 26.1983
Model_1_goa_dr_2022.dat 1 2030 SSBFofl 22.9235
Model_1_goa_dr_2022.dat 1 2030 SSBLCI 22.0401
Model_1_goa_dr_2022.dat 1 2030 SSBUCI 30.3455
Model_1_goa_dr_2022.dat 1 2030 SSBMedian 24.89
Model_1_goa_dr_2022.dat 1 2030 SSBMean 25.4058
Model_1_goa_dr_2022.dat 1 2031 SSBF100 65.4957
Model_1_goa_dr_2022.dat 1 2031 SSBFabc 26.1983
Model_1_goa_dr_2022.dat 1 2031 SSBFofl 22.9235
Model_1_goa_dr_2022.dat 1 2031 SSBLCI 21.4963
Model_1_goa_dr_2022.dat 1 2031 SSBUCI 31.0255
Model_1_goa_dr_2022.dat 1 2031 SSBMedian 24.8995
Model_1_goa_dr_2022.dat 1 2031 SSBMean 25.4289
Model_1_goa_dr_2022.dat 1 2032 SSBF100 65.4957
Model_1_goa_dr_2022.dat 1 2032 SSBFabc 26.1983
Model_1_goa_dr_2022.dat 1 2032 SSBFofl 22.9235
Model_1_goa_dr_2022.dat 1 2032 SSBLCI 21.2836
Model_1_goa_dr_2022.dat 1 2032 SSBUCI 31.5448
Model_1_goa_dr_2022.dat 1 2032 SSBMedian 25.0015
Model_1_goa_dr_2022.dat 1 2032 SSBMean 25.5425
Model_1_goa_dr_2022.dat 1 2033 SSBF100 65.4957
Model_1_goa_dr_2022.dat 1 2033 SSBFabc 26.1983
Model_1_goa_dr_2022.dat 1 2033 SSBFofl 22.9235
Model_1_goa_dr_2022.dat 1 2033 SSBLCI 21.1867
Model_1_goa_dr_2022.dat 1 2033 SSBUCI 31.9286
Model_1_goa_dr_2022.dat 1 2033 SSBMedian 25.1171
Model_1_goa_dr_2022.dat 1 2033 SSBMean 25.6955
Model_1_goa_dr_2022.dat 1 2020 F0 0 
Model_1_goa_dr_2022.dat 1 2020 Fabc 0.091336
Model_1_goa_dr_2022.dat 1 2020 Fofl 0.112293
Model_1_goa_dr_2022.dat 1 2020  F_LCI 0.0282297
Model_1_goa_dr_2022.dat 1 2020  F_UCI 0.0282297
Model_1_goa_dr_2022.dat 1 2020  F_Median 0.0282297
Model_1_goa_dr_2022.dat 1 2020  F_Mean 0.0282297
Model_1_goa_dr_2022.dat 1 2021 F0 0 
Model_1_goa_dr_2022.dat 1 2021 Fabc 0.091336
Model_1_goa_dr_2022.dat 1 2021 Fofl 0.112293
Model_1_goa_dr_2022.dat 1 2021  F_LCI 0.091336
Model_1_goa_dr_2022.dat 1 2021  F_UCI 0.091336
Model_1_goa_dr_2022.dat 1 2021  F_Median 0.091336
Model_1_goa_dr_2022.dat 1 2021  F_Mean 0.091336
Model_1_goa_dr_2022.dat 1 2022 F0 0 
Model_1_goa_dr_2022.dat 1 2022 Fabc 0.091336
Model_1_goa_dr_2022.dat 1 2022 Fofl 0.112293
Model_1_goa_dr_2022.dat 1 2022  F_LCI 0.091336
Model_1_goa_dr_2022.dat 1 2022  F_UCI 0.091336
Model_1_goa_dr_2022.dat 1 2022  F_Median 0.091336
Model_1_goa_dr_2022.dat 1 2022  F_Mean 0.091336
Model_1_goa_dr_2022.dat 1 2023 F0 0 
Model_1_goa_dr_2022.dat 1 2023 Fabc 0.091336
Model_1_goa_dr_2022.dat 1 2023 Fofl 0.112293
Model_1_goa_dr_2022.dat 1 2023  F_LCI 0.091336
Model_1_goa_dr_2022.dat 1 2023  F_UCI 0.091336
Model_1_goa_dr_2022.dat 1 2023  F_Median 0.091336
Model_1_goa_dr_2022.dat 1 2023  F_Mean 0.091336
Model_1_goa_dr_2022.dat 1 2024 F0 0 
Model_1_goa_dr_2022.dat 1 2024 Fabc 0.091336
Model_1_goa_dr_2022.dat 1 2024 Fofl 0.112293
Model_1_goa_dr_2022.dat 1 2024  F_LCI 0.091336
Model_1_goa_dr_2022.dat 1 2024  F_UCI 0.091336
Model_1_goa_dr_2022.dat 1 2024  F_Median 0.091336
Model_1_goa_dr_2022.dat 1 2024  F_Mean 0.091336
Model_1_goa_dr_2022.dat 1 2025 F0 0 
Model_1_goa_dr_2022.dat 1 2025 Fabc 0.091336
Model_1_goa_dr_2022.dat 1 2025 Fofl 0.112293
Model_1_goa_dr_2022.dat 1 2025  F_LCI 0.091336
Model_1_goa_dr_2022.dat 1 2025  F_UCI 0.091336
Model_1_goa_dr_2022.dat 1 2025  F_Median 0.091336
Model_1_goa_dr_2022.dat 1 2025  F_Mean 0.091336
Model_1_goa_dr_2022.dat 1 2026 F0 0 
Model_1_goa_dr_2022.dat 1 2026 Fabc 0.091336
Model_1_goa_dr_2022.dat 1 2026 Fofl 0.112293
Model_1_goa_dr_2022.dat 1 2026  F_LCI 0.091336
Model_1_goa_dr_2022.dat 1 2026  F_UCI 0.091336
Model_1_goa_dr_2022.dat 1 2026  F_Median 0.091336
Model_1_goa_dr_2022.dat 1 2026  F_Mean 0.091336
Model_1_goa_dr_2022.dat 1 2027 F0 0 
Model_1_goa_dr_2022.dat 1 2027 Fabc 0.091336
Model_1_goa_dr_2022.dat 1 2027 Fofl 0.112293
Model_1_goa_dr_2022.dat 1 2027  F_LCI 0.0896216
Model_1_goa_dr_2022.dat 1 2027  F_UCI 0.091336
Model_1_goa_dr_2022.dat 1 2027  F_Median 0.091336
Model_1_goa_dr_2022.dat 1 2027  F_Mean 0.0910998
Model_1_goa_dr_2022.dat 1 2028 F0 0 
Model_1_goa_dr_2022.dat 1 2028 Fabc 0.091336
Model_1_goa_dr_2022.dat 1 2028 Fofl 0.112293
Model_1_goa_dr_2022.dat 1 2028  F_LCI 0.0831598
Model_1_goa_dr_2022.dat 1 2028  F_UCI 0.091336
Model_1_goa_dr_2022.dat 1 2028  F_Median 0.0895467
Model_1_goa_dr_2022.dat 1 2028  F_Mean 0.0886381
Model_1_goa_dr_2022.dat 1 2029 F0 0 
Model_1_goa_dr_2022.dat 1 2029 Fabc 0.091336
Model_1_goa_dr_2022.dat 1 2029 Fofl 0.112293
Model_1_goa_dr_2022.dat 1 2029  F_LCI 0.0789721
Model_1_goa_dr_2022.dat 1 2029  F_UCI 0.091336
Model_1_goa_dr_2022.dat 1 2029  F_Median 0.0874033
Model_1_goa_dr_2022.dat 1 2029  F_Mean 0.0866908
Model_1_goa_dr_2022.dat 1 2030 F0 0 
Model_1_goa_dr_2022.dat 1 2030 Fabc 0.091336
Model_1_goa_dr_2022.dat 1 2030 Fofl 0.112293
Model_1_goa_dr_2022.dat 1 2030  F_LCI 0.0760763
Model_1_goa_dr_2022.dat 1 2030  F_UCI 0.091336
Model_1_goa_dr_2022.dat 1 2030  F_Median 0.0865346
Model_1_goa_dr_2022.dat 1 2030  F_Mean 0.0857125
Model_1_goa_dr_2022.dat 1 2031 F0 0 
Model_1_goa_dr_2022.dat 1 2031 Fabc 0.091336
Model_1_goa_dr_2022.dat 1 2031 Fofl 0.112293
Model_1_goa_dr_2022.dat 1 2031  F_LCI 0.0740805
Model_1_goa_dr_2022.dat 1 2031  F_UCI 0.091336
Model_1_goa_dr_2022.dat 1 2031  F_Median 0.0865697
Model_1_goa_dr_2022.dat 1 2031  F_Mean 0.0853532
Model_1_goa_dr_2022.dat 1 2032 F0 0 
Model_1_goa_dr_2022.dat 1 2032 Fabc 0.091336
Model_1_goa_dr_2022.dat 1 2032 Fofl 0.112293
Model_1_goa_dr_2022.dat 1 2032  F_LCI 0.0732999
Model_1_goa_dr_2022.dat 1 2032  F_UCI 0.091336
Model_1_goa_dr_2022.dat 1 2032  F_Median 0.0869439
Model_1_goa_dr_2022.dat 1 2032  F_Mean 0.0853553
Model_1_goa_dr_2022.dat 1 2033 F0 0 
Model_1_goa_dr_2022.dat 1 2033 Fabc 0.091336
Model_1_goa_dr_2022.dat 1 2033 Fofl 0.112293
Model_1_goa_dr_2022.dat 1 2033  F_LCI 0.0729442
Model_1_goa_dr_2022.dat 1 2033  F_UCI 0.091336
Model_1_goa_dr_2022.dat 1 2033  F_Median 0.0873682
Model_1_goa_dr_2022.dat 1 2033  F_Mean 0.0855113
Model_1_goa_dr_2022.dat 2 2020 Cabc 4.61738
Model_1_goa_dr_2022.dat 2 2020 Cofl 4.93664
Model_1_goa_dr_2022.dat 2 2020 CLCI 2.55641
Model_1_goa_dr_2022.dat 2 2020 CUCI 2.55641
Model_1_goa_dr_2022.dat 2 2020 CMedian 2.55641
Model_1_goa_dr_2022.dat 2 2020 CMean 2.55641
Model_1_goa_dr_2022.dat 2 2021 Cabc 4.61738
Model_1_goa_dr_2022.dat 2 2021 Cofl 4.93664
Model_1_goa_dr_2022.dat 2 2021 CLCI 7.9081
Model_1_goa_dr_2022.dat 2 2021 CUCI 7.9083
Model_1_goa_dr_2022.dat 2 2021 CMedian 7.90815
Model_1_goa_dr_2022.dat 2 2021 CMean 7.90817
Model_1_goa_dr_2022.dat 2 2022 Cabc 4.61738
Model_1_goa_dr_2022.dat 2 2022 Cofl 4.93664
Model_1_goa_dr_2022.dat 2 2022 CLCI 7.25327
Model_1_goa_dr_2022.dat 2 2022 CUCI 7.25434
Model_1_goa_dr_2022.dat 2 2022 CMedian 7.25357
Model_1_goa_dr_2022.dat 2 2022 CMean 7.25366
Model_1_goa_dr_2022.dat 2 2023 Cabc 4.61738
Model_1_goa_dr_2022.dat 2 2023 Cofl 4.93664
Model_1_goa_dr_2022.dat 2 2023 CLCI 6.60796
Model_1_goa_dr_2022.dat 2 2023 CUCI 6.61277
Model_1_goa_dr_2022.dat 2 2023 CMedian 6.60933
Model_1_goa_dr_2022.dat 2 2023 CMean 6.60971
Model_1_goa_dr_2022.dat 2 2024 Cabc 4.61738
Model_1_goa_dr_2022.dat 2 2024 Cofl 4.93664
Model_1_goa_dr_2022.dat 2 2024 CLCI 5.97801
Model_1_goa_dr_2022.dat 2 2024 CUCI 5.99705
Model_1_goa_dr_2022.dat 2 2024 CMedian 5.98355
Model_1_goa_dr_2022.dat 2 2024 CMean 5.98503
Model_1_goa_dr_2022.dat 2 2025 Cabc 4.61738
Model_1_goa_dr_2022.dat 2 2025 Cofl 4.93664
Model_1_goa_dr_2022.dat 2 2025 CLCI 5.38753
Model_1_goa_dr_2022.dat 2 2025 CUCI 5.45661
Model_1_goa_dr_2022.dat 2 2025 CMedian 5.40783
Model_1_goa_dr_2022.dat 2 2025 CMean 5.41317
Model_1_goa_dr_2022.dat 2 2026 Cabc 4.61738
Model_1_goa_dr_2022.dat 2 2026 Cofl 4.93664
Model_1_goa_dr_2022.dat 2 2026 CLCI 4.86346
Model_1_goa_dr_2022.dat 2 2026 CUCI 5.07775
Model_1_goa_dr_2022.dat 2 2026 CMedian 4.92777
Model_1_goa_dr_2022.dat 2 2026 CMean 4.94484
Model_1_goa_dr_2022.dat 2 2027 Cabc 4.61738
Model_1_goa_dr_2022.dat 2 2027 Cofl 4.93664
Model_1_goa_dr_2022.dat 2 2027 CLCI 4.34753
Model_1_goa_dr_2022.dat 2 2027 CUCI 4.96036
Model_1_goa_dr_2022.dat 2 2027 CMedian 4.59378
Model_1_goa_dr_2022.dat 2 2027 CMean 4.62076
Model_1_goa_dr_2022.dat 2 2028 Cabc 4.61738
Model_1_goa_dr_2022.dat 2 2028 Cofl 4.93664
Model_1_goa_dr_2022.dat 2 2028 CLCI 3.75492
Model_1_goa_dr_2022.dat 2 2028 CUCI 5.0675
Model_1_goa_dr_2022.dat 2 2028 CMedian 4.33699
Model_1_goa_dr_2022.dat 2 2028 CMean 4.36013
Model_1_goa_dr_2022.dat 2 2029 Cabc 4.61738
Model_1_goa_dr_2022.dat 2 2029 Cofl 4.93664
Model_1_goa_dr_2022.dat 2 2029 CLCI 3.40644
Model_1_goa_dr_2022.dat 2 2029 CUCI 5.23921
Model_1_goa_dr_2022.dat 2 2029 CMedian 4.1483
Model_1_goa_dr_2022.dat 2 2029 CMean 4.23732
Model_1_goa_dr_2022.dat 2 2030 Cabc 4.61738
Model_1_goa_dr_2022.dat 2 2030 Cofl 4.93664
Model_1_goa_dr_2022.dat 2 2030 CLCI 3.18435
Model_1_goa_dr_2022.dat 2 2030 CUCI 5.39571
Model_1_goa_dr_2022.dat 2 2030 CMedian 4.1195
Model_1_goa_dr_2022.dat 2 2030 CMean 4.20624
Model_1_goa_dr_2022.dat 2 2031 Cabc 4.61738
Model_1_goa_dr_2022.dat 2 2031 Cofl 4.93664
Model_1_goa_dr_2022.dat 2 2031 CLCI 3.02893
Model_1_goa_dr_2022.dat 2 2031 CUCI 5.54105
Model_1_goa_dr_2022.dat 2 2031 CMedian 4.13391
Model_1_goa_dr_2022.dat 2 2031 CMean 4.21599
Model_1_goa_dr_2022.dat 2 2032 Cabc 4.61738
Model_1_goa_dr_2022.dat 2 2032 Cofl 4.93664
Model_1_goa_dr_2022.dat 2 2032 CLCI 2.97559
Model_1_goa_dr_2022.dat 2 2032 CUCI 5.6312
Model_1_goa_dr_2022.dat 2 2032 CMedian 4.19789
Model_1_goa_dr_2022.dat 2 2032 CMean 4.24387
Model_1_goa_dr_2022.dat 2 2033 Cabc 4.61738
Model_1_goa_dr_2022.dat 2 2033 Cofl 4.93664
Model_1_goa_dr_2022.dat 2 2033 CLCI 2.93815
Model_1_goa_dr_2022.dat 2 2033 CUCI 5.72861
Model_1_goa_dr_2022.dat 2 2033 CMedian 4.2363
Model_1_goa_dr_2022.dat 2 2033 CMean 4.28085
Model_1_goa_dr_2022.dat 2 2020 SSBF100 65.4957
Model_1_goa_dr_2022.dat 2 2020 SSBFabc 26.1983
Model_1_goa_dr_2022.dat 2 2020 SSBFofl 22.9235
Model_1_goa_dr_2022.dat 2 2020 SSBLCI 44.9747
Model_1_goa_dr_2022.dat 2 2020 SSBUCI 44.9747
Model_1_goa_dr_2022.dat 2 2020 SSBMedian 44.9747
Model_1_goa_dr_2022.dat 2 2020 SSBMean 44.9747
Model_1_goa_dr_2022.dat 2 2021 SSBF100 65.4957
Model_1_goa_dr_2022.dat 2 2021 SSBFabc 26.1983
Model_1_goa_dr_2022.dat 2 2021 SSBFofl 22.9235
Model_1_goa_dr_2022.dat 2 2021 SSBLCI 44.1789
Model_1_goa_dr_2022.dat 2 2021 SSBUCI 44.2057
Model_1_goa_dr_2022.dat 2 2021 SSBMedian 44.1858
Model_1_goa_dr_2022.dat 2 2021 SSBMean 44.1883
Model_1_goa_dr_2022.dat 2 2022 SSBF100 65.4957
Model_1_goa_dr_2022.dat 2 2022 SSBFabc 26.1983
Model_1_goa_dr_2022.dat 2 2022 SSBFofl 22.9235
Model_1_goa_dr_2022.dat 2 2022 SSBLCI 40.7944
Model_1_goa_dr_2022.dat 2 2022 SSBUCI 40.8805
Model_1_goa_dr_2022.dat 2 2022 SSBMedian 40.8201
Model_1_goa_dr_2022.dat 2 2022 SSBMean 40.8269
Model_1_goa_dr_2022.dat 2 2023 SSBF100 65.4957
Model_1_goa_dr_2022.dat 2 2023 SSBFabc 26.1983
Model_1_goa_dr_2022.dat 2 2023 SSBFofl 22.9235
Model_1_goa_dr_2022.dat 2 2023 SSBLCI 37.34
Model_1_goa_dr_2022.dat 2 2023 SSBUCI 37.5699
Model_1_goa_dr_2022.dat 2 2023 SSBMedian 37.4098
Model_1_goa_dr_2022.dat 2 2023 SSBMean 37.4284
Model_1_goa_dr_2022.dat 2 2024 SSBF100 65.4957
Model_1_goa_dr_2022.dat 2 2024 SSBFabc 26.1983
Model_1_goa_dr_2022.dat 2 2024 SSBFofl 22.9235
Model_1_goa_dr_2022.dat 2 2024 SSBLCI 33.9717
Model_1_goa_dr_2022.dat 2 2024 SSBUCI 34.5063
Model_1_goa_dr_2022.dat 2 2024 SSBMedian 34.1421
Model_1_goa_dr_2022.dat 2 2024 SSBMean 34.1807
Model_1_goa_dr_2022.dat 2 2025 SSBF100 65.4957
Model_1_goa_dr_2022.dat 2 2025 SSBFabc 26.1983
Model_1_goa_dr_2022.dat 2 2025 SSBFofl 22.9235
Model_1_goa_dr_2022.dat 2 2025 SSBLCI 30.8324
Model_1_goa_dr_2022.dat 2 2025 SSBUCI 31.9634
Model_1_goa_dr_2022.dat 2 2025 SSBMedian 31.2089
Model_1_goa_dr_2022.dat 2 2025 SSBMean 31.2778
Model_1_goa_dr_2022.dat 2 2026 SSBF100 65.4957
Model_1_goa_dr_2022.dat 2 2026 SSBFabc 26.1983
Model_1_goa_dr_2022.dat 2 2026 SSBFofl 22.9235
Model_1_goa_dr_2022.dat 2 2026 SSBLCI 28.0478
Model_1_goa_dr_2022.dat 2 2026 SSBUCI 30.1839
Model_1_goa_dr_2022.dat 2 2026 SSBMedian 28.7614
Model_1_goa_dr_2022.dat 2 2026 SSBMean 28.9018
Model_1_goa_dr_2022.dat 2 2027 SSBF100 65.4957
Model_1_goa_dr_2022.dat 2 2027 SSBFabc 26.1983
Model_1_goa_dr_2022.dat 2 2027 SSBFofl 22.9235
Model_1_goa_dr_2022.dat 2 2027 SSBLCI 25.7311
Model_1_goa_dr_2022.dat 2 2027 SSBUCI 29.3578
Model_1_goa_dr_2022.dat 2 2027 SSBMedian 26.9438
Model_1_goa_dr_2022.dat 2 2027 SSBMean 27.1703
Model_1_goa_dr_2022.dat 2 2028 SSBF100 65.4957
Model_1_goa_dr_2022.dat 2 2028 SSBFabc 26.1983
Model_1_goa_dr_2022.dat 2 2028 SSBFofl 22.9235
Model_1_goa_dr_2022.dat 2 2028 SSBLCI 23.9703
Model_1_goa_dr_2022.dat 2 2028 SSBUCI 29.2079
Model_1_goa_dr_2022.dat 2 2028 SSBMedian 25.7107
Model_1_goa_dr_2022.dat 2 2028 SSBMean 26.0953
Model_1_goa_dr_2022.dat 2 2029 SSBF100 65.4957
Model_1_goa_dr_2022.dat 2 2029 SSBFabc 26.1983
Model_1_goa_dr_2022.dat 2 2029 SSBFofl 22.9235
Model_1_goa_dr_2022.dat 2 2029 SSBLCI 22.8292
Model_1_goa_dr_2022.dat 2 2029 SSBUCI 29.6915
Model_1_goa_dr_2022.dat 2 2029 SSBMedian 25.1267
Model_1_goa_dr_2022.dat 2 2029 SSBMean 25.5736
Model_1_goa_dr_2022.dat 2 2030 SSBF100 65.4957
Model_1_goa_dr_2022.dat 2 2030 SSBFabc 26.1983
Model_1_goa_dr_2022.dat 2 2030 SSBFofl 22.9235
Model_1_goa_dr_2022.dat 2 2030 SSBLCI 22.0401
Model_1_goa_dr_2022.dat 2 2030 SSBUCI 30.3455
Model_1_goa_dr_2022.dat 2 2030 SSBMedian 24.89
Model_1_goa_dr_2022.dat 2 2030 SSBMean 25.4058
Model_1_goa_dr_2022.dat 2 2031 SSBF100 65.4957
Model_1_goa_dr_2022.dat 2 2031 SSBFabc 26.1983
Model_1_goa_dr_2022.dat 2 2031 SSBFofl 22.9235
Model_1_goa_dr_2022.dat 2 2031 SSBLCI 21.4963
Model_1_goa_dr_2022.dat 2 2031 SSBUCI 31.0255
Model_1_goa_dr_2022.dat 2 2031 SSBMedian 24.8995
Model_1_goa_dr_2022.dat 2 2031 SSBMean 25.4289
Model_1_goa_dr_2022.dat 2 2032 SSBF100 65.4957
Model_1_goa_dr_2022.dat 2 2032 SSBFabc 26.1983
Model_1_goa_dr_2022.dat 2 2032 SSBFofl 22.9235
Model_1_goa_dr_2022.dat 2 2032 SSBLCI 21.2836
Model_1_goa_dr_2022.dat 2 2032 SSBUCI 31.5448
Model_1_goa_dr_2022.dat 2 2032 SSBMedian 25.0015
Model_1_goa_dr_2022.dat 2 2032 SSBMean 25.5425
Model_1_goa_dr_2022.dat 2 2033 SSBF100 65.4957
Model_1_goa_dr_2022.dat 2 2033 SSBFabc 26.1983
Model_1_goa_dr_2022.dat 2 2033 SSBFofl 22.9235
Model_1_goa_dr_2022.dat 2 2033 SSBLCI 21.1867
Model_1_goa_dr_2022.dat 2 2033 SSBUCI 31.9286
Model_1_goa_dr_2022.dat 2 2033 SSBMedian 25.1171
Model_1_goa_dr_2022.dat 2 2033 SSBMean 25.6955
Model_1_goa_dr_2022.dat 2 2020 F0 0 
Model_1_goa_dr_2022.dat 2 2020 Fabc 0.091336
Model_1_goa_dr_2022.dat 2 2020 Fofl 0.112293
Model_1_goa_dr_2022.dat 2 2020  F_LCI 0.0282297
Model_1_goa_dr_2022.dat 2 2020  F_UCI 0.0282297
Model_1_goa_dr_2022.dat 2 2020  F_Median 0.0282297
Model_1_goa_dr_2022.dat 2 2020  F_Mean 0.0282297
Model_1_goa_dr_2022.dat 2 2021 F0 0 
Model_1_goa_dr_2022.dat 2 2021 Fabc 0.091336
Model_1_goa_dr_2022.dat 2 2021 Fofl 0.112293
Model_1_goa_dr_2022.dat 2 2021  F_LCI 0.091336
Model_1_goa_dr_2022.dat 2 2021  F_UCI 0.091336
Model_1_goa_dr_2022.dat 2 2021  F_Median 0.091336
Model_1_goa_dr_2022.dat 2 2021  F_Mean 0.091336
Model_1_goa_dr_2022.dat 2 2022 F0 0 
Model_1_goa_dr_2022.dat 2 2022 Fabc 0.091336
Model_1_goa_dr_2022.dat 2 2022 Fofl 0.112293
Model_1_goa_dr_2022.dat 2 2022  F_LCI 0.091336
Model_1_goa_dr_2022.dat 2 2022  F_UCI 0.091336
Model_1_goa_dr_2022.dat 2 2022  F_Median 0.091336
Model_1_goa_dr_2022.dat 2 2022  F_Mean 0.091336
Model_1_goa_dr_2022.dat 2 2023 F0 0 
Model_1_goa_dr_2022.dat 2 2023 Fabc 0.091336
Model_1_goa_dr_2022.dat 2 2023 Fofl 0.112293
Model_1_goa_dr_2022.dat 2 2023  F_LCI 0.091336
Model_1_goa_dr_2022.dat 2 2023  F_UCI 0.091336
Model_1_goa_dr_2022.dat 2 2023  F_Median 0.091336
Model_1_goa_dr_2022.dat 2 2023  F_Mean 0.091336
Model_1_goa_dr_2022.dat 2 2024 F0 0 
Model_1_goa_dr_2022.dat 2 2024 Fabc 0.091336
Model_1_goa_dr_2022.dat 2 2024 Fofl 0.112293
Model_1_goa_dr_2022.dat 2 2024  F_LCI 0.091336
Model_1_goa_dr_2022.dat 2 2024  F_UCI 0.091336
Model_1_goa_dr_2022.dat 2 2024  F_Median 0.091336
Model_1_goa_dr_2022.dat 2 2024  F_Mean 0.091336
Model_1_goa_dr_2022.dat 2 2025 F0 0 
Model_1_goa_dr_2022.dat 2 2025 Fabc 0.091336
Model_1_goa_dr_2022.dat 2 2025 Fofl 0.112293
Model_1_goa_dr_2022.dat 2 2025  F_LCI 0.091336
Model_1_goa_dr_2022.dat 2 2025  F_UCI 0.091336
Model_1_goa_dr_2022.dat 2 2025  F_Median 0.091336
Model_1_goa_dr_2022.dat 2 2025  F_Mean 0.091336
Model_1_goa_dr_2022.dat 2 2026 F0 0 
Model_1_goa_dr_2022.dat 2 2026 Fabc 0.091336
Model_1_goa_dr_2022.dat 2 2026 Fofl 0.112293
Model_1_goa_dr_2022.dat 2 2026  F_LCI 0.091336
Model_1_goa_dr_2022.dat 2 2026  F_UCI 0.091336
Model_1_goa_dr_2022.dat 2 2026  F_Median 0.091336
Model_1_goa_dr_2022.dat 2 2026  F_Mean 0.091336
Model_1_goa_dr_2022.dat 2 2027 F0 0 
Model_1_goa_dr_2022.dat 2 2027 Fabc 0.091336
Model_1_goa_dr_2022.dat 2 2027 Fofl 0.112293
Model_1_goa_dr_2022.dat 2 2027  F_LCI 0.0896216
Model_1_goa_dr_2022.dat 2 2027  F_UCI 0.091336
Model_1_goa_dr_2022.dat 2 2027  F_Median 0.091336
Model_1_goa_dr_2022.dat 2 2027  F_Mean 0.0910998
Model_1_goa_dr_2022.dat 2 2028 F0 0 
Model_1_goa_dr_2022.dat 2 2028 Fabc 0.091336
Model_1_goa_dr_2022.dat 2 2028 Fofl 0.112293
Model_1_goa_dr_2022.dat 2 2028  F_LCI 0.0831598
Model_1_goa_dr_2022.dat 2 2028  F_UCI 0.091336
Model_1_goa_dr_2022.dat 2 2028  F_Median 0.0895467
Model_1_goa_dr_2022.dat 2 2028  F_Mean 0.0886381
Model_1_goa_dr_2022.dat 2 2029 F0 0 
Model_1_goa_dr_2022.dat 2 2029 Fabc 0.091336
Model_1_goa_dr_2022.dat 2 2029 Fofl 0.112293
Model_1_goa_dr_2022.dat 2 2029  F_LCI 0.0789721
Model_1_goa_dr_2022.dat 2 2029  F_UCI 0.091336
Model_1_goa_dr_2022.dat 2 2029  F_Median 0.0874033
Model_1_goa_dr_2022.dat 2 2029  F_Mean 0.0866908
Model_1_goa_dr_2022.dat 2 2030 F0 0 
Model_1_goa_dr_2022.dat 2 2030 Fabc 0.091336
Model_1_goa_dr_2022.dat 2 2030 Fofl 0.112293
Model_1_goa_dr_2022.dat 2 2030  F_LCI 0.0760763
Model_1_goa_dr_2022.dat 2 2030  F_UCI 0.091336
Model_1_goa_dr_2022.dat 2 2030  F_Median 0.0865346
Model_1_goa_dr_2022.dat 2 2030  F_Mean 0.0857125
Model_1_goa_dr_2022.dat 2 2031 F0 0 
Model_1_goa_dr_2022.dat 2 2031 Fabc 0.091336
Model_1_goa_dr_2022.dat 2 2031 Fofl 0.112293
Model_1_goa_dr_2022.dat 2 2031  F_LCI 0.0740805
Model_1_goa_dr_2022.dat 2 2031  F_UCI 0.091336
Model_1_goa_dr_2022.dat 2 2031  F_Median 0.0865697
Model_1_goa_dr_2022.dat 2 2031  F_Mean 0.0853532
Model_1_goa_dr_2022.dat 2 2032 F0 0 
Model_1_goa_dr_2022.dat 2 2032 Fabc 0.091336
Model_1_goa_dr_2022.dat 2 2032 Fofl 0.112293
Model_1_goa_dr_2022.dat 2 2032  F_LCI 0.0732999
Model_1_goa_dr_2022.dat 2 2032  F_UCI 0.091336
Model_1_goa_dr_2022.dat 2 2032  F_Median 0.0869439
Model_1_goa_dr_2022.dat 2 2032  F_Mean 0.0853553
Model_1_goa_dr_2022.dat 2 2033 F0 0 
Model_1_goa_dr_2022.dat 2 2033 Fabc 0.091336
Model_1_goa_dr_2022.dat 2 2033 Fofl 0.112293
Model_1_goa_dr_2022.dat 2 2033  F_LCI 0.0729442
Model_1_goa_dr_2022.dat 2 2033  F_UCI 0.091336
Model_1_goa_dr_2022.dat 2 2033  F_Median 0.0873682
Model_1_goa_dr_2022.dat 2 2033  F_Mean 0.0855113
Model_1_goa_dr_2022.dat 3 2020 Cabc 4.61738
Model_1_goa_dr_2022.dat 3 2020 Cofl 4.93664
Model_1_goa_dr_2022.dat 3 2020 CLCI 2.55641
Model_1_goa_dr_2022.dat 3 2020 CUCI 2.55641
Model_1_goa_dr_2022.dat 3 2020 CMedian 2.55641
Model_1_goa_dr_2022.dat 3 2020 CMean 2.55641
Model_1_goa_dr_2022.dat 3 2021 Cabc 4.61738
Model_1_goa_dr_2022.dat 3 2021 Cofl 4.93664
Model_1_goa_dr_2022.dat 3 2021 CLCI 4.04009
Model_1_goa_dr_2022.dat 3 2021 CUCI 4.04019
Model_1_goa_dr_2022.dat 3 2021 CMedian 4.04012
Model_1_goa_dr_2022.dat 3 2021 CMean 4.04013
Model_1_goa_dr_2022.dat 3 2022 Cabc 4.61738
Model_1_goa_dr_2022.dat 3 2022 Cofl 4.93664
Model_1_goa_dr_2022.dat 3 2022 CLCI 3.86889
Model_1_goa_dr_2022.dat 3 2022 CUCI 3.86942
Model_1_goa_dr_2022.dat 3 2022 CMedian 3.86904
Model_1_goa_dr_2022.dat 3 2022 CMean 3.86908
Model_1_goa_dr_2022.dat 3 2023 Cabc 4.61738
Model_1_goa_dr_2022.dat 3 2023 Cofl 4.93664
Model_1_goa_dr_2022.dat 3 2023 CLCI 3.67648
Model_1_goa_dr_2022.dat 3 2023 CUCI 3.67889
Model_1_goa_dr_2022.dat 3 2023 CMedian 3.67717
Model_1_goa_dr_2022.dat 3 2023 CMean 3.67736
Model_1_goa_dr_2022.dat 3 2024 Cabc 4.61738
Model_1_goa_dr_2022.dat 3 2024 Cofl 4.93664
Model_1_goa_dr_2022.dat 3 2024 CLCI 3.46632
Model_1_goa_dr_2022.dat 3 2024 CUCI 3.47585
Model_1_goa_dr_2022.dat 3 2024 CMedian 3.46909
Model_1_goa_dr_2022.dat 3 2024 CMean 3.46983
Model_1_goa_dr_2022.dat 3 2025 Cabc 4.61738
Model_1_goa_dr_2022.dat 3 2025 Cofl 4.93664
Model_1_goa_dr_2022.dat 3 2025 CLCI 3.25191
Model_1_goa_dr_2022.dat 3 2025 CUCI 3.28654
Model_1_goa_dr_2022.dat 3 2025 CMedian 3.26209
Model_1_goa_dr_2022.dat 3 2025 CMean 3.26476
Model_1_goa_dr_2022.dat 3 2026 Cabc 4.61738
Model_1_goa_dr_2022.dat 3 2026 Cofl 4.93664
Model_1_goa_dr_2022.dat 3 2026 CLCI 3.04951
Model_1_goa_dr_2022.dat 3 2026 CUCI 3.1575
Model_1_goa_dr_2022.dat 3 2026 CMedian 3.08181
Model_1_goa_dr_2022.dat 3 2026 CMean 3.09048
Model_1_goa_dr_2022.dat 3 2027 Cabc 4.61738
Model_1_goa_dr_2022.dat 3 2027 Cofl 4.93664
Model_1_goa_dr_2022.dat 3 2027 CLCI 2.87233
Model_1_goa_dr_2022.dat 3 2027 CUCI 3.14592
Model_1_goa_dr_2022.dat 3 2027 CMedian 2.958
Model_1_goa_dr_2022.dat 3 2027 CMean 2.97737
Model_1_goa_dr_2022.dat 3 2028 Cabc 4.61738
Model_1_goa_dr_2022.dat 3 2028 Cofl 4.93664
Model_1_goa_dr_2022.dat 3 2028 CLCI 2.73534
Model_1_goa_dr_2022.dat 3 2028 CUCI 3.23953
Model_1_goa_dr_2022.dat 3 2028 CMedian 2.90169
Model_1_goa_dr_2022.dat 3 2028 CMean 2.93439
Model_1_goa_dr_2022.dat 3 2029 Cabc 4.61738
Model_1_goa_dr_2022.dat 3 2029 Cofl 4.93664
Model_1_goa_dr_2022.dat 3 2029 CLCI 2.64634
Model_1_goa_dr_2022.dat 3 2029 CUCI 3.36271
Model_1_goa_dr_2022.dat 3 2029 CMedian 2.888
Model_1_goa_dr_2022.dat 3 2029 CMean 2.93732
Model_1_goa_dr_2022.dat 3 2030 Cabc 4.61738
Model_1_goa_dr_2022.dat 3 2030 Cofl 4.93664
Model_1_goa_dr_2022.dat 3 2030 CLCI 2.58386
Model_1_goa_dr_2022.dat 3 2030 CUCI 3.49936
Model_1_goa_dr_2022.dat 3 2030 CMedian 2.90151
Model_1_goa_dr_2022.dat 3 2030 CMean 2.95997
Model_1_goa_dr_2022.dat 3 2031 Cabc 4.61738
Model_1_goa_dr_2022.dat 3 2031 Cofl 4.93664
Model_1_goa_dr_2022.dat 3 2031 CLCI 2.53387
Model_1_goa_dr_2022.dat 3 2031 CUCI 3.61043
Model_1_goa_dr_2022.dat 3 2031 CMedian 2.93203
Model_1_goa_dr_2022.dat 3 2031 CMean 2.98791
Model_1_goa_dr_2022.dat 3 2032 Cabc 4.61738
Model_1_goa_dr_2022.dat 3 2032 Cofl 4.93664
Model_1_goa_dr_2022.dat 3 2032 CLCI 2.4974
Model_1_goa_dr_2022.dat 3 2032 CUCI 3.69319
Model_1_goa_dr_2022.dat 3 2032 CMedian 2.96369
Model_1_goa_dr_2022.dat 3 2032 CMean 3.01627
Model_1_goa_dr_2022.dat 3 2033 Cabc 4.61738
Model_1_goa_dr_2022.dat 3 2033 Cofl 4.93664
Model_1_goa_dr_2022.dat 3 2033 CLCI 2.47866
Model_1_goa_dr_2022.dat 3 2033 CUCI 3.76391
Model_1_goa_dr_2022.dat 3 2033 CMedian 2.99506
Model_1_goa_dr_2022.dat 3 2033 CMean 3.04556
Model_1_goa_dr_2022.dat 3 2020 SSBF100 65.4957
Model_1_goa_dr_2022.dat 3 2020 SSBFabc 26.1983
Model_1_goa_dr_2022.dat 3 2020 SSBFofl 22.9235
Model_1_goa_dr_2022.dat 3 2020 SSBLCI 44.9747
Model_1_goa_dr_2022.dat 3 2020 SSBUCI 44.9747
Model_1_goa_dr_2022.dat 3 2020 SSBMedian 44.9747
Model_1_goa_dr_2022.dat 3 2020 SSBMean 44.9747
Model_1_goa_dr_2022.dat 3 2021 SSBF100 65.4957
Model_1_goa_dr_2022.dat 3 2021 SSBFabc 26.1983
Model_1_goa_dr_2022.dat 3 2021 SSBFofl 22.9235
Model_1_goa_dr_2022.dat 3 2021 SSBLCI 44.5025
Model_1_goa_dr_2022.dat 3 2021 SSBUCI 44.5293
Model_1_goa_dr_2022.dat 3 2021 SSBMedian 44.5094
Model_1_goa_dr_2022.dat 3 2021 SSBMean 44.5119
Model_1_goa_dr_2022.dat 3 2022 SSBF100 65.4957
Model_1_goa_dr_2022.dat 3 2022 SSBFabc 26.1983
Model_1_goa_dr_2022.dat 3 2022 SSBFofl 22.9235
Model_1_goa_dr_2022.dat 3 2022 SSBLCI 42.8964
Model_1_goa_dr_2022.dat 3 2022 SSBUCI 42.9825
Model_1_goa_dr_2022.dat 3 2022 SSBMedian 42.9222
Model_1_goa_dr_2022.dat 3 2022 SSBMean 42.929
Model_1_goa_dr_2022.dat 3 2023 SSBF100 65.4957
Model_1_goa_dr_2022.dat 3 2023 SSBFabc 26.1983
Model_1_goa_dr_2022.dat 3 2023 SSBFofl 22.9235
Model_1_goa_dr_2022.dat 3 2023 SSBLCI 40.9545
Model_1_goa_dr_2022.dat 3 2023 SSBUCI 41.1844
Model_1_goa_dr_2022.dat 3 2023 SSBMedian 41.0243
Model_1_goa_dr_2022.dat 3 2023 SSBMean 41.0429
Model_1_goa_dr_2022.dat 3 2024 SSBF100 65.4957
Model_1_goa_dr_2022.dat 3 2024 SSBFabc 26.1983
Model_1_goa_dr_2022.dat 3 2024 SSBFofl 22.9235
Model_1_goa_dr_2022.dat 3 2024 SSBLCI 38.8246
Model_1_goa_dr_2022.dat 3 2024 SSBUCI 39.3595
Model_1_goa_dr_2022.dat 3 2024 SSBMedian 38.995
Model_1_goa_dr_2022.dat 3 2024 SSBMean 39.0337
Model_1_goa_dr_2022.dat 3 2025 SSBF100 65.4957
Model_1_goa_dr_2022.dat 3 2025 SSBFabc 26.1983
Model_1_goa_dr_2022.dat 3 2025 SSBFofl 22.9235
Model_1_goa_dr_2022.dat 3 2025 SSBLCI 36.66
Model_1_goa_dr_2022.dat 3 2025 SSBUCI 37.793
Model_1_goa_dr_2022.dat 3 2025 SSBMedian 37.0371
Model_1_goa_dr_2022.dat 3 2025 SSBMean 37.1061
Model_1_goa_dr_2022.dat 3 2026 SSBF100 65.4957
Model_1_goa_dr_2022.dat 3 2026 SSBFabc 26.1983
Model_1_goa_dr_2022.dat 3 2026 SSBFofl 22.9235
Model_1_goa_dr_2022.dat 3 2026 SSBLCI 34.6086
Model_1_goa_dr_2022.dat 3 2026 SSBUCI 36.7588
Model_1_goa_dr_2022.dat 3 2026 SSBMedian 35.3241
Model_1_goa_dr_2022.dat 3 2026 SSBMean 35.4667
Model_1_goa_dr_2022.dat 3 2027 SSBF100 65.4957
Model_1_goa_dr_2022.dat 3 2027 SSBFabc 26.1983
Model_1_goa_dr_2022.dat 3 2027 SSBFofl 22.9235
Model_1_goa_dr_2022.dat 3 2027 SSBLCI 32.8079
Model_1_goa_dr_2022.dat 3 2027 SSBUCI 36.5076
Model_1_goa_dr_2022.dat 3 2027 SSBMedian 34.0426
Model_1_goa_dr_2022.dat 3 2027 SSBMean 34.2718
Model_1_goa_dr_2022.dat 3 2028 SSBF100 65.4957
Model_1_goa_dr_2022.dat 3 2028 SSBFabc 26.1983
Model_1_goa_dr_2022.dat 3 2028 SSBFofl 22.9235
Model_1_goa_dr_2022.dat 3 2028 SSBLCI 31.3477
Model_1_goa_dr_2022.dat 3 2028 SSBUCI 36.8337
Model_1_goa_dr_2022.dat 3 2028 SSBMedian 33.1985
Model_1_goa_dr_2022.dat 3 2028 SSBMean 33.5797
Model_1_goa_dr_2022.dat 3 2029 SSBF100 65.4957
Model_1_goa_dr_2022.dat 3 2029 SSBFabc 26.1983
Model_1_goa_dr_2022.dat 3 2029 SSBFofl 22.9235
Model_1_goa_dr_2022.dat 3 2029 SSBLCI 30.2672
Model_1_goa_dr_2022.dat 3 2029 SSBUCI 37.6281
Model_1_goa_dr_2022.dat 3 2029 SSBMedian 32.8652
Model_1_goa_dr_2022.dat 3 2029 SSBMean 33.3145
Model_1_goa_dr_2022.dat 3 2030 SSBF100 65.4957
Model_1_goa_dr_2022.dat 3 2030 SSBFabc 26.1983
Model_1_goa_dr_2022.dat 3 2030 SSBFofl 22.9235
Model_1_goa_dr_2022.dat 3 2030 SSBLCI 29.4241
Model_1_goa_dr_2022.dat 3 2030 SSBUCI 38.8741
Model_1_goa_dr_2022.dat 3 2030 SSBMedian 32.7957
Model_1_goa_dr_2022.dat 3 2030 SSBMean 33.3389
Model_1_goa_dr_2022.dat 3 2031 SSBF100 65.4957
Model_1_goa_dr_2022.dat 3 2031 SSBFabc 26.1983
Model_1_goa_dr_2022.dat 3 2031 SSBFofl 22.9235
Model_1_goa_dr_2022.dat 3 2031 SSBLCI 28.8306
Model_1_goa_dr_2022.dat 3 2031 SSBUCI 40.0419
Model_1_goa_dr_2022.dat 3 2031 SSBMedian 33.0256
Model_1_goa_dr_2022.dat 3 2031 SSBMean 33.5316
Model_1_goa_dr_2022.dat 3 2032 SSBF100 65.4957
Model_1_goa_dr_2022.dat 3 2032 SSBFabc 26.1983
Model_1_goa_dr_2022.dat 3 2032 SSBFofl 22.9235
Model_1_goa_dr_2022.dat 3 2032 SSBLCI 28.3911
Model_1_goa_dr_2022.dat 3 2032 SSBUCI 40.9807
Model_1_goa_dr_2022.dat 3 2032 SSBMedian 33.2912
Model_1_goa_dr_2022.dat 3 2032 SSBMean 33.8079
Model_1_goa_dr_2022.dat 3 2033 SSBF100 65.4957
Model_1_goa_dr_2022.dat 3 2033 SSBFabc 26.1983
Model_1_goa_dr_2022.dat 3 2033 SSBFofl 22.9235
Model_1_goa_dr_2022.dat 3 2033 SSBLCI 28.2916
Model_1_goa_dr_2022.dat 3 2033 SSBUCI 41.5947
Model_1_goa_dr_2022.dat 3 2033 SSBMedian 33.6818
Model_1_goa_dr_2022.dat 3 2033 SSBMean 34.1222
Model_1_goa_dr_2022.dat 3 2020 F0 0 
Model_1_goa_dr_2022.dat 3 2020 Fabc 0.091336
Model_1_goa_dr_2022.dat 3 2020 Fofl 0.112293
Model_1_goa_dr_2022.dat 3 2020  F_LCI 0.0282297
Model_1_goa_dr_2022.dat 3 2020  F_UCI 0.0282297
Model_1_goa_dr_2022.dat 3 2020  F_Median 0.0282297
Model_1_goa_dr_2022.dat 3 2020  F_Mean 0.0282297
Model_1_goa_dr_2022.dat 3 2021 F0 0 
Model_1_goa_dr_2022.dat 3 2021 Fabc 0.091336
Model_1_goa_dr_2022.dat 3 2021 Fofl 0.112293
Model_1_goa_dr_2022.dat 3 2021  F_LCI 0.045668
Model_1_goa_dr_2022.dat 3 2021  F_UCI 0.045668
Model_1_goa_dr_2022.dat 3 2021  F_Median 0.045668
Model_1_goa_dr_2022.dat 3 2021  F_Mean 0.045668
Model_1_goa_dr_2022.dat 3 2022 F0 0 
Model_1_goa_dr_2022.dat 3 2022 Fabc 0.091336
Model_1_goa_dr_2022.dat 3 2022 Fofl 0.112293
Model_1_goa_dr_2022.dat 3 2022  F_LCI 0.045668
Model_1_goa_dr_2022.dat 3 2022  F_UCI 0.045668
Model_1_goa_dr_2022.dat 3 2022  F_Median 0.045668
Model_1_goa_dr_2022.dat 3 2022  F_Mean 0.045668
Model_1_goa_dr_2022.dat 3 2023 F0 0 
Model_1_goa_dr_2022.dat 3 2023 Fabc 0.091336
Model_1_goa_dr_2022.dat 3 2023 Fofl 0.112293
Model_1_goa_dr_2022.dat 3 2023  F_LCI 0.045668
Model_1_goa_dr_2022.dat 3 2023  F_UCI 0.045668
Model_1_goa_dr_2022.dat 3 2023  F_Median 0.045668
Model_1_goa_dr_2022.dat 3 2023  F_Mean 0.045668
Model_1_goa_dr_2022.dat 3 2024 F0 0 
Model_1_goa_dr_2022.dat 3 2024 Fabc 0.091336
Model_1_goa_dr_2022.dat 3 2024 Fofl 0.112293
Model_1_goa_dr_2022.dat 3 2024  F_LCI 0.045668
Model_1_goa_dr_2022.dat 3 2024  F_UCI 0.045668
Model_1_goa_dr_2022.dat 3 2024  F_Median 0.045668
Model_1_goa_dr_2022.dat 3 2024  F_Mean 0.045668
Model_1_goa_dr_2022.dat 3 2025 F0 0 
Model_1_goa_dr_2022.dat 3 2025 Fabc 0.091336
Model_1_goa_dr_2022.dat 3 2025 Fofl 0.112293
Model_1_goa_dr_2022.dat 3 2025  F_LCI 0.045668
Model_1_goa_dr_2022.dat 3 2025  F_UCI 0.045668
Model_1_goa_dr_2022.dat 3 2025  F_Median 0.045668
Model_1_goa_dr_2022.dat 3 2025  F_Mean 0.045668
Model_1_goa_dr_2022.dat 3 2026 F0 0 
Model_1_goa_dr_2022.dat 3 2026 Fabc 0.091336
Model_1_goa_dr_2022.dat 3 2026 Fofl 0.112293
Model_1_goa_dr_2022.dat 3 2026  F_LCI 0.045668
Model_1_goa_dr_2022.dat 3 2026  F_UCI 0.045668
Model_1_goa_dr_2022.dat 3 2026  F_Median 0.045668
Model_1_goa_dr_2022.dat 3 2026  F_Mean 0.045668
Model_1_goa_dr_2022.dat 3 2027 F0 0 
Model_1_goa_dr_2022.dat 3 2027 Fabc 0.091336
Model_1_goa_dr_2022.dat 3 2027 Fofl 0.112293
Model_1_goa_dr_2022.dat 3 2027  F_LCI 0.045668
Model_1_goa_dr_2022.dat 3 2027  F_UCI 0.045668
Model_1_goa_dr_2022.dat 3 2027  F_Median 0.045668
Model_1_goa_dr_2022.dat 3 2027  F_Mean 0.045668
Model_1_goa_dr_2022.dat 3 2028 F0 0 
Model_1_goa_dr_2022.dat 3 2028 Fabc 0.091336
Model_1_goa_dr_2022.dat 3 2028 Fofl 0.112293
Model_1_goa_dr_2022.dat 3 2028  F_LCI 0.045668
Model_1_goa_dr_2022.dat 3 2028  F_UCI 0.045668
Model_1_goa_dr_2022.dat 3 2028  F_Median 0.045668
Model_1_goa_dr_2022.dat 3 2028  F_Mean 0.045668
Model_1_goa_dr_2022.dat 3 2029 F0 0 
Model_1_goa_dr_2022.dat 3 2029 Fabc 0.091336
Model_1_goa_dr_2022.dat 3 2029 Fofl 0.112293
Model_1_goa_dr_2022.dat 3 2029  F_LCI 0.045668
Model_1_goa_dr_2022.dat 3 2029  F_UCI 0.045668
Model_1_goa_dr_2022.dat 3 2029  F_Median 0.045668
Model_1_goa_dr_2022.dat 3 2029  F_Mean 0.045668
Model_1_goa_dr_2022.dat 3 2030 F0 0 
Model_1_goa_dr_2022.dat 3 2030 Fabc 0.091336
Model_1_goa_dr_2022.dat 3 2030 Fofl 0.112293
Model_1_goa_dr_2022.dat 3 2030  F_LCI 0.045668
Model_1_goa_dr_2022.dat 3 2030  F_UCI 0.045668
Model_1_goa_dr_2022.dat 3 2030  F_Median 0.045668
Model_1_goa_dr_2022.dat 3 2030  F_Mean 0.045668
Model_1_goa_dr_2022.dat 3 2031 F0 0 
Model_1_goa_dr_2022.dat 3 2031 Fabc 0.091336
Model_1_goa_dr_2022.dat 3 2031 Fofl 0.112293
Model_1_goa_dr_2022.dat 3 2031  F_LCI 0.045668
Model_1_goa_dr_2022.dat 3 2031  F_UCI 0.045668
Model_1_goa_dr_2022.dat 3 2031  F_Median 0.045668
Model_1_goa_dr_2022.dat 3 2031  F_Mean 0.0456679
Model_1_goa_dr_2022.dat 3 2032 F0 0 
Model_1_goa_dr_2022.dat 3 2032 Fabc 0.091336
Model_1_goa_dr_2022.dat 3 2032 Fofl 0.112293
Model_1_goa_dr_2022.dat 3 2032  F_LCI 0.045668
Model_1_goa_dr_2022.dat 3 2032  F_UCI 0.045668
Model_1_goa_dr_2022.dat 3 2032  F_Median 0.045668
Model_1_goa_dr_2022.dat 3 2032  F_Mean 0.0456647
Model_1_goa_dr_2022.dat 3 2033 F0 0 
Model_1_goa_dr_2022.dat 3 2033 Fabc 0.091336
Model_1_goa_dr_2022.dat 3 2033 Fofl 0.112293
Model_1_goa_dr_2022.dat 3 2033  F_LCI 0.045668
Model_1_goa_dr_2022.dat 3 2033  F_UCI 0.045668
Model_1_goa_dr_2022.dat 3 2033  F_Median 0.045668
Model_1_goa_dr_2022.dat 3 2033  F_Mean 0.045658
Model_1_goa_dr_2022.dat 4 2020 Cabc 4.61738
Model_1_goa_dr_2022.dat 4 2020 Cofl 4.93664
Model_1_goa_dr_2022.dat 4 2020 CLCI 2.55641
Model_1_goa_dr_2022.dat 4 2020 CUCI 2.55641
Model_1_goa_dr_2022.dat 4 2020 CMedian 2.55641
Model_1_goa_dr_2022.dat 4 2020 CMean 2.55641
Model_1_goa_dr_2022.dat 4 2021 Cabc 4.61738
Model_1_goa_dr_2022.dat 4 2021 Cofl 4.93664
Model_1_goa_dr_2022.dat 4 2021 CLCI 2.70632
Model_1_goa_dr_2022.dat 4 2021 CUCI 2.70639
Model_1_goa_dr_2022.dat 4 2021 CMedian 2.70634
Model_1_goa_dr_2022.dat 4 2021 CMean 2.70634
Model_1_goa_dr_2022.dat 4 2022 Cabc 4.61738
Model_1_goa_dr_2022.dat 4 2022 Cofl 4.93664
Model_1_goa_dr_2022.dat 4 2022 CLCI 2.62941
Model_1_goa_dr_2022.dat 4 2022 CUCI 2.62977
Model_1_goa_dr_2022.dat 4 2022 CMedian 2.62951
Model_1_goa_dr_2022.dat 4 2022 CMean 2.62954
Model_1_goa_dr_2022.dat 4 2023 Cabc 4.61738
Model_1_goa_dr_2022.dat 4 2023 Cofl 4.93664
Model_1_goa_dr_2022.dat 4 2023 CLCI 2.53433
Model_1_goa_dr_2022.dat 4 2023 CUCI 2.53593
Model_1_goa_dr_2022.dat 4 2023 CMedian 2.53479
Model_1_goa_dr_2022.dat 4 2023 CMean 2.53491
Model_1_goa_dr_2022.dat 4 2024 Cabc 4.61738
Model_1_goa_dr_2022.dat 4 2024 Cofl 4.93664
Model_1_goa_dr_2022.dat 4 2024 CLCI 2.42301
Model_1_goa_dr_2022.dat 4 2024 CUCI 2.42935
Model_1_goa_dr_2022.dat 4 2024 CMedian 2.42486
Model_1_goa_dr_2022.dat 4 2024 CMean 2.42535
Model_1_goa_dr_2022.dat 4 2025 Cabc 4.61738
Model_1_goa_dr_2022.dat 4 2025 Cofl 4.93664
Model_1_goa_dr_2022.dat 4 2025 CLCI 2.30431
Model_1_goa_dr_2022.dat 4 2025 CUCI 2.32737
Model_1_goa_dr_2022.dat 4 2025 CMedian 2.31109
Model_1_goa_dr_2022.dat 4 2025 CMean 2.31287
Model_1_goa_dr_2022.dat 4 2026 Cabc 4.61738
Model_1_goa_dr_2022.dat 4 2026 Cofl 4.93664
Model_1_goa_dr_2022.dat 4 2026 CLCI 2.18929
Model_1_goa_dr_2022.dat 4 2026 CUCI 2.26129
Model_1_goa_dr_2022.dat 4 2026 CMedian 2.21082
Model_1_goa_dr_2022.dat 4 2026 CMean 2.2166
Model_1_goa_dr_2022.dat 4 2027 Cabc 4.61738
Model_1_goa_dr_2022.dat 4 2027 Cofl 4.93664
Model_1_goa_dr_2022.dat 4 2027 CLCI 2.08714
Model_1_goa_dr_2022.dat 4 2027 CUCI 2.27041
Model_1_goa_dr_2022.dat 4 2027 CMedian 2.14432
Model_1_goa_dr_2022.dat 4 2027 CMean 2.15743
Model_1_goa_dr_2022.dat 4 2028 Cabc 4.61738
Model_1_goa_dr_2022.dat 4 2028 Cofl 4.93664
Model_1_goa_dr_2022.dat 4 2028 CLCI 2.00855
Model_1_goa_dr_2022.dat 4 2028 CUCI 2.34852
Model_1_goa_dr_2022.dat 4 2028 CMedian 2.12052
Model_1_goa_dr_2022.dat 4 2028 CMean 2.14259
Model_1_goa_dr_2022.dat 4 2029 Cabc 4.61738
Model_1_goa_dr_2022.dat 4 2029 Cofl 4.93664
Model_1_goa_dr_2022.dat 4 2029 CLCI 1.95975
Model_1_goa_dr_2022.dat 4 2029 CUCI 2.44746
Model_1_goa_dr_2022.dat 4 2029 CMedian 2.1236
Model_1_goa_dr_2022.dat 4 2029 CMean 2.15704
Model_1_goa_dr_2022.dat 4 2030 Cabc 4.61738
Model_1_goa_dr_2022.dat 4 2030 Cofl 4.93664
Model_1_goa_dr_2022.dat 4 2030 CLCI 1.92676
Model_1_goa_dr_2022.dat 4 2030 CUCI 2.55416
Model_1_goa_dr_2022.dat 4 2030 CMedian 2.14538
Model_1_goa_dr_2022.dat 4 2030 CMean 2.18388
Model_1_goa_dr_2022.dat 4 2031 Cabc 4.61738
Model_1_goa_dr_2022.dat 4 2031 Cofl 4.93664
Model_1_goa_dr_2022.dat 4 2031 CLCI 1.90051
Model_1_goa_dr_2022.dat 4 2031 CUCI 2.64548
Model_1_goa_dr_2022.dat 4 2031 CMedian 2.17672
Model_1_goa_dr_2022.dat 4 2031 CMean 2.21367
Model_1_goa_dr_2022.dat 4 2032 Cabc 4.61738
Model_1_goa_dr_2022.dat 4 2032 Cofl 4.93664
Model_1_goa_dr_2022.dat 4 2032 CLCI 1.8826
Model_1_goa_dr_2022.dat 4 2032 CUCI 2.71647
Model_1_goa_dr_2022.dat 4 2032 CMedian 2.20656
Model_1_goa_dr_2022.dat 4 2032 CMean 2.24328
Model_1_goa_dr_2022.dat 4 2033 Cabc 4.61738
Model_1_goa_dr_2022.dat 4 2033 Cofl 4.93664
Model_1_goa_dr_2022.dat 4 2033 CLCI 1.87963
Model_1_goa_dr_2022.dat 4 2033 CUCI 2.77631
Model_1_goa_dr_2022.dat 4 2033 CMedian 2.23632
Model_1_goa_dr_2022.dat 4 2033 CMean 2.27305
Model_1_goa_dr_2022.dat 4 2020 SSBF100 65.4957
Model_1_goa_dr_2022.dat 4 2020 SSBFabc 26.1983
Model_1_goa_dr_2022.dat 4 2020 SSBFofl 22.9235
Model_1_goa_dr_2022.dat 4 2020 SSBLCI 44.9747
Model_1_goa_dr_2022.dat 4 2020 SSBUCI 44.9747
Model_1_goa_dr_2022.dat 4 2020 SSBMedian 44.9747
Model_1_goa_dr_2022.dat 4 2020 SSBMean 44.9747
Model_1_goa_dr_2022.dat 4 2021 SSBF100 65.4957
Model_1_goa_dr_2022.dat 4 2021 SSBFabc 26.1983
Model_1_goa_dr_2022.dat 4 2021 SSBFofl 22.9235
Model_1_goa_dr_2022.dat 4 2021 SSBLCI 44.6115
Model_1_goa_dr_2022.dat 4 2021 SSBUCI 44.6383
Model_1_goa_dr_2022.dat 4 2021 SSBMedian 44.6184
Model_1_goa_dr_2022.dat 4 2021 SSBMean 44.6209
Model_1_goa_dr_2022.dat 4 2022 SSBF100 65.4957
Model_1_goa_dr_2022.dat 4 2022 SSBFabc 26.1983
Model_1_goa_dr_2022.dat 4 2022 SSBFofl 22.9235
Model_1_goa_dr_2022.dat 4 2022 SSBLCI 43.6253
Model_1_goa_dr_2022.dat 4 2022 SSBUCI 43.7114
Model_1_goa_dr_2022.dat 4 2022 SSBMedian 43.651
Model_1_goa_dr_2022.dat 4 2022 SSBMean 43.6578
Model_1_goa_dr_2022.dat 4 2023 SSBF100 65.4957
Model_1_goa_dr_2022.dat 4 2023 SSBFabc 26.1983
Model_1_goa_dr_2022.dat 4 2023 SSBFofl 22.9235
Model_1_goa_dr_2022.dat 4 2023 SSBLCI 42.245
Model_1_goa_dr_2022.dat 4 2023 SSBUCI 42.4749
Model_1_goa_dr_2022.dat 4 2023 SSBMedian 42.3148
Model_1_goa_dr_2022.dat 4 2023 SSBMean 42.3334
Model_1_goa_dr_2022.dat 4 2024 SSBF100 65.4957
Model_1_goa_dr_2022.dat 4 2024 SSBFabc 26.1983
Model_1_goa_dr_2022.dat 4 2024 SSBFofl 22.9235
Model_1_goa_dr_2022.dat 4 2024 SSBLCI 40.608
Model_1_goa_dr_2022.dat 4 2024 SSBUCI 41.1431
Model_1_goa_dr_2022.dat 4 2024 SSBMedian 40.7785
Model_1_goa_dr_2022.dat 4 2024 SSBMean 40.8172
Model_1_goa_dr_2022.dat 4 2025 SSBF100 65.4957
Model_1_goa_dr_2022.dat 4 2025 SSBFabc 26.1983
Model_1_goa_dr_2022.dat 4 2025 SSBFofl 22.9235
Model_1_goa_dr_2022.dat 4 2025 SSBLCI 38.8637
Model_1_goa_dr_2022.dat 4 2025 SSBUCI 39.9974
Model_1_goa_dr_2022.dat 4 2025 SSBMedian 39.2409
Model_1_goa_dr_2022.dat 4 2025 SSBMean 39.3099
Model_1_goa_dr_2022.dat 4 2026 SSBF100 65.4957
Model_1_goa_dr_2022.dat 4 2026 SSBFabc 26.1983
Model_1_goa_dr_2022.dat 4 2026 SSBFofl 22.9235
Model_1_goa_dr_2022.dat 4 2026 SSBLCI 37.1604
Model_1_goa_dr_2022.dat 4 2026 SSBUCI 39.3152
Model_1_goa_dr_2022.dat 4 2026 SSBMedian 37.8766
Model_1_goa_dr_2022.dat 4 2026 SSBMean 38.0199
Model_1_goa_dr_2022.dat 4 2027 SSBF100 65.4957
Model_1_goa_dr_2022.dat 4 2027 SSBFabc 26.1983
Model_1_goa_dr_2022.dat 4 2027 SSBFofl 22.9235
Model_1_goa_dr_2022.dat 4 2027 SSBLCI 35.6428
Model_1_goa_dr_2022.dat 4 2027 SSBUCI 39.3599
Model_1_goa_dr_2022.dat 4 2027 SSBMedian 36.8798
Model_1_goa_dr_2022.dat 4 2027 SSBMean 37.1106
Model_1_goa_dr_2022.dat 4 2028 SSBF100 65.4957
Model_1_goa_dr_2022.dat 4 2028 SSBFabc 26.1983
Model_1_goa_dr_2022.dat 4 2028 SSBFofl 22.9235
Model_1_goa_dr_2022.dat 4 2028 SSBLCI 34.4046
Model_1_goa_dr_2022.dat 4 2028 SSBUCI 39.9563
Model_1_goa_dr_2022.dat 4 2028 SSBMedian 36.2712
Model_1_goa_dr_2022.dat 4 2028 SSBMean 36.6561
Model_1_goa_dr_2022.dat 4 2029 SSBF100 65.4957
Model_1_goa_dr_2022.dat 4 2029 SSBFabc 26.1983
Model_1_goa_dr_2022.dat 4 2029 SSBFofl 22.9235
Model_1_goa_dr_2022.dat 4 2029 SSBLCI 33.5101
Model_1_goa_dr_2022.dat 4 2029 SSBUCI 41.0052
Model_1_goa_dr_2022.dat 4 2029 SSBMedian 36.1257
Model_1_goa_dr_2022.dat 4 2029 SSBMean 36.5987
Model_1_goa_dr_2022.dat 4 2030 SSBF100 65.4957
Model_1_goa_dr_2022.dat 4 2030 SSBFabc 26.1983
Model_1_goa_dr_2022.dat 4 2030 SSBFofl 22.9235
Model_1_goa_dr_2022.dat 4 2030 SSBLCI 32.8122
Model_1_goa_dr_2022.dat 4 2030 SSBUCI 42.4659
Model_1_goa_dr_2022.dat 4 2030 SSBMedian 36.2618
Model_1_goa_dr_2022.dat 4 2030 SSBMean 36.8143
Model_1_goa_dr_2022.dat 4 2031 SSBF100 65.4957
Model_1_goa_dr_2022.dat 4 2031 SSBFabc 26.1983
Model_1_goa_dr_2022.dat 4 2031 SSBFofl 22.9235
Model_1_goa_dr_2022.dat 4 2031 SSBLCI 32.3418
Model_1_goa_dr_2022.dat 4 2031 SSBUCI 43.9163
Model_1_goa_dr_2022.dat 4 2031 SSBMedian 36.636
Model_1_goa_dr_2022.dat 4 2031 SSBMean 37.189
Model_1_goa_dr_2022.dat 4 2032 SSBF100 65.4957
Model_1_goa_dr_2022.dat 4 2032 SSBFabc 26.1983
Model_1_goa_dr_2022.dat 4 2032 SSBFofl 22.9235
Model_1_goa_dr_2022.dat 4 2032 SSBLCI 32.0548
Model_1_goa_dr_2022.dat 4 2032 SSBUCI 45.2129
Model_1_goa_dr_2022.dat 4 2032 SSBMedian 37.0587
Model_1_goa_dr_2022.dat 4 2032 SSBMean 37.6401
Model_1_goa_dr_2022.dat 4 2033 SSBF100 65.4957
Model_1_goa_dr_2022.dat 4 2033 SSBFabc 26.1983
Model_1_goa_dr_2022.dat 4 2033 SSBFofl 22.9235
Model_1_goa_dr_2022.dat 4 2033 SSBLCI 32.0098
Model_1_goa_dr_2022.dat 4 2033 SSBUCI 46.0194
Model_1_goa_dr_2022.dat 4 2033 SSBMedian 37.6052
Model_1_goa_dr_2022.dat 4 2033 SSBMean 38.1215
Model_1_goa_dr_2022.dat 4 2020 F0 0 
Model_1_goa_dr_2022.dat 4 2020 Fabc 0.091336
Model_1_goa_dr_2022.dat 4 2020 Fofl 0.112293
Model_1_goa_dr_2022.dat 4 2020  F_LCI 0.0282297
Model_1_goa_dr_2022.dat 4 2020  F_UCI 0.0282297
Model_1_goa_dr_2022.dat 4 2020  F_Median 0.0282297
Model_1_goa_dr_2022.dat 4 2020  F_Mean 0.0282297
Model_1_goa_dr_2022.dat 4 2021 F0 0 
Model_1_goa_dr_2022.dat 4 2021 Fabc 0.091336
Model_1_goa_dr_2022.dat 4 2021 Fofl 0.112293
Model_1_goa_dr_2022.dat 4 2021  F_LCI 0.0303705
Model_1_goa_dr_2022.dat 4 2021  F_UCI 0.0303705
Model_1_goa_dr_2022.dat 4 2021  F_Median 0.0303705
Model_1_goa_dr_2022.dat 4 2021  F_Mean 0.0303705
Model_1_goa_dr_2022.dat 4 2022 F0 0 
Model_1_goa_dr_2022.dat 4 2022 Fabc 0.091336
Model_1_goa_dr_2022.dat 4 2022 Fofl 0.112293
Model_1_goa_dr_2022.dat 4 2022  F_LCI 0.0303705
Model_1_goa_dr_2022.dat 4 2022  F_UCI 0.0303705
Model_1_goa_dr_2022.dat 4 2022  F_Median 0.0303705
Model_1_goa_dr_2022.dat 4 2022  F_Mean 0.0303705
Model_1_goa_dr_2022.dat 4 2023 F0 0 
Model_1_goa_dr_2022.dat 4 2023 Fabc 0.091336
Model_1_goa_dr_2022.dat 4 2023 Fofl 0.112293
Model_1_goa_dr_2022.dat 4 2023  F_LCI 0.0303705
Model_1_goa_dr_2022.dat 4 2023  F_UCI 0.0303705
Model_1_goa_dr_2022.dat 4 2023  F_Median 0.0303705
Model_1_goa_dr_2022.dat 4 2023  F_Mean 0.0303705
Model_1_goa_dr_2022.dat 4 2024 F0 0 
Model_1_goa_dr_2022.dat 4 2024 Fabc 0.091336
Model_1_goa_dr_2022.dat 4 2024 Fofl 0.112293
Model_1_goa_dr_2022.dat 4 2024  F_LCI 0.0303705
Model_1_goa_dr_2022.dat 4 2024  F_UCI 0.0303705
Model_1_goa_dr_2022.dat 4 2024  F_Median 0.0303705
Model_1_goa_dr_2022.dat 4 2024  F_Mean 0.0303705
Model_1_goa_dr_2022.dat 4 2025 F0 0 
Model_1_goa_dr_2022.dat 4 2025 Fabc 0.091336
Model_1_goa_dr_2022.dat 4 2025 Fofl 0.112293
Model_1_goa_dr_2022.dat 4 2025  F_LCI 0.0303705
Model_1_goa_dr_2022.dat 4 2025  F_UCI 0.0303705
Model_1_goa_dr_2022.dat 4 2025  F_Median 0.0303705
Model_1_goa_dr_2022.dat 4 2025  F_Mean 0.0303705
Model_1_goa_dr_2022.dat 4 2026 F0 0 
Model_1_goa_dr_2022.dat 4 2026 Fabc 0.091336
Model_1_goa_dr_2022.dat 4 2026 Fofl 0.112293
Model_1_goa_dr_2022.dat 4 2026  F_LCI 0.0303705
Model_1_goa_dr_2022.dat 4 2026  F_UCI 0.0303705
Model_1_goa_dr_2022.dat 4 2026  F_Median 0.0303705
Model_1_goa_dr_2022.dat 4 2026  F_Mean 0.0303705
Model_1_goa_dr_2022.dat 4 2027 F0 0 
Model_1_goa_dr_2022.dat 4 2027 Fabc 0.091336
Model_1_goa_dr_2022.dat 4 2027 Fofl 0.112293
Model_1_goa_dr_2022.dat 4 2027  F_LCI 0.0303705
Model_1_goa_dr_2022.dat 4 2027  F_UCI 0.0303705
Model_1_goa_dr_2022.dat 4 2027  F_Median 0.0303705
Model_1_goa_dr_2022.dat 4 2027  F_Mean 0.0303705
Model_1_goa_dr_2022.dat 4 2028 F0 0 
Model_1_goa_dr_2022.dat 4 2028 Fabc 0.091336
Model_1_goa_dr_2022.dat 4 2028 Fofl 0.112293
Model_1_goa_dr_2022.dat 4 2028  F_LCI 0.0303705
Model_1_goa_dr_2022.dat 4 2028  F_UCI 0.0303705
Model_1_goa_dr_2022.dat 4 2028  F_Median 0.0303705
Model_1_goa_dr_2022.dat 4 2028  F_Mean 0.0303705
Model_1_goa_dr_2022.dat 4 2029 F0 0 
Model_1_goa_dr_2022.dat 4 2029 Fabc 0.091336
Model_1_goa_dr_2022.dat 4 2029 Fofl 0.112293
Model_1_goa_dr_2022.dat 4 2029  F_LCI 0.0303705
Model_1_goa_dr_2022.dat 4 2029  F_UCI 0.0303705
Model_1_goa_dr_2022.dat 4 2029  F_Median 0.0303705
Model_1_goa_dr_2022.dat 4 2029  F_Mean 0.0303705
Model_1_goa_dr_2022.dat 4 2030 F0 0 
Model_1_goa_dr_2022.dat 4 2030 Fabc 0.091336
Model_1_goa_dr_2022.dat 4 2030 Fofl 0.112293
Model_1_goa_dr_2022.dat 4 2030  F_LCI 0.0303705
Model_1_goa_dr_2022.dat 4 2030  F_UCI 0.0303705
Model_1_goa_dr_2022.dat 4 2030  F_Median 0.0303705
Model_1_goa_dr_2022.dat 4 2030  F_Mean 0.0303705
Model_1_goa_dr_2022.dat 4 2031 F0 0 
Model_1_goa_dr_2022.dat 4 2031 Fabc 0.091336
Model_1_goa_dr_2022.dat 4 2031 Fofl 0.112293
Model_1_goa_dr_2022.dat 4 2031  F_LCI 0.0303705
Model_1_goa_dr_2022.dat 4 2031  F_UCI 0.0303705
Model_1_goa_dr_2022.dat 4 2031  F_Median 0.0303705
Model_1_goa_dr_2022.dat 4 2031  F_Mean 0.0303705
Model_1_goa_dr_2022.dat 4 2032 F0 0 
Model_1_goa_dr_2022.dat 4 2032 Fabc 0.091336
Model_1_goa_dr_2022.dat 4 2032 Fofl 0.112293
Model_1_goa_dr_2022.dat 4 2032  F_LCI 0.0303705
Model_1_goa_dr_2022.dat 4 2032  F_UCI 0.0303705
Model_1_goa_dr_2022.dat 4 2032  F_Median 0.0303705
Model_1_goa_dr_2022.dat 4 2032  F_Mean 0.0303705
Model_1_goa_dr_2022.dat 4 2033 F0 0 
Model_1_goa_dr_2022.dat 4 2033 Fabc 0.091336
Model_1_goa_dr_2022.dat 4 2033 Fofl 0.112293
Model_1_goa_dr_2022.dat 4 2033  F_LCI 0.0303705
Model_1_goa_dr_2022.dat 4 2033  F_UCI 0.0303705
Model_1_goa_dr_2022.dat 4 2033  F_Median 0.0303705
Model_1_goa_dr_2022.dat 4 2033  F_Mean 0.0303705
Model_1_goa_dr_2022.dat 5 2020 Cabc 4.61738
Model_1_goa_dr_2022.dat 5 2020 Cofl 4.93664
Model_1_goa_dr_2022.dat 5 2020 CLCI 2.55641
Model_1_goa_dr_2022.dat 5 2020 CUCI 2.55641
Model_1_goa_dr_2022.dat 5 2020 CMedian 2.55641
Model_1_goa_dr_2022.dat 5 2020 CMean 2.55641
Model_1_goa_dr_2022.dat 5 2021 Cabc 4.61738
Model_1_goa_dr_2022.dat 5 2021 Cofl 4.93664
Model_1_goa_dr_2022.dat 5 2021 CLCI 0
Model_1_goa_dr_2022.dat 5 2021 CUCI 0
Model_1_goa_dr_2022.dat 5 2021 CMedian 0
Model_1_goa_dr_2022.dat 5 2021 CMean 0
Model_1_goa_dr_2022.dat 5 2022 Cabc 4.61738
Model_1_goa_dr_2022.dat 5 2022 Cofl 4.93664
Model_1_goa_dr_2022.dat 5 2022 CLCI 0
Model_1_goa_dr_2022.dat 5 2022 CUCI 0
Model_1_goa_dr_2022.dat 5 2022 CMedian 0
Model_1_goa_dr_2022.dat 5 2022 CMean 0
Model_1_goa_dr_2022.dat 5 2023 Cabc 4.61738
Model_1_goa_dr_2022.dat 5 2023 Cofl 4.93664
Model_1_goa_dr_2022.dat 5 2023 CLCI 0
Model_1_goa_dr_2022.dat 5 2023 CUCI 0
Model_1_goa_dr_2022.dat 5 2023 CMedian 0
Model_1_goa_dr_2022.dat 5 2023 CMean 0
Model_1_goa_dr_2022.dat 5 2024 Cabc 4.61738
Model_1_goa_dr_2022.dat 5 2024 Cofl 4.93664
Model_1_goa_dr_2022.dat 5 2024 CLCI 0
Model_1_goa_dr_2022.dat 5 2024 CUCI 0
Model_1_goa_dr_2022.dat 5 2024 CMedian 0
Model_1_goa_dr_2022.dat 5 2024 CMean 0
Model_1_goa_dr_2022.dat 5 2025 Cabc 4.61738
Model_1_goa_dr_2022.dat 5 2025 Cofl 4.93664
Model_1_goa_dr_2022.dat 5 2025 CLCI 0
Model_1_goa_dr_2022.dat 5 2025 CUCI 0
Model_1_goa_dr_2022.dat 5 2025 CMedian 0
Model_1_goa_dr_2022.dat 5 2025 CMean 0
Model_1_goa_dr_2022.dat 5 2026 Cabc 4.61738
Model_1_goa_dr_2022.dat 5 2026 Cofl 4.93664
Model_1_goa_dr_2022.dat 5 2026 CLCI 0
Model_1_goa_dr_2022.dat 5 2026 CUCI 0
Model_1_goa_dr_2022.dat 5 2026 CMedian 0
Model_1_goa_dr_2022.dat 5 2026 CMean 0
Model_1_goa_dr_2022.dat 5 2027 Cabc 4.61738
Model_1_goa_dr_2022.dat 5 2027 Cofl 4.93664
Model_1_goa_dr_2022.dat 5 2027 CLCI 0
Model_1_goa_dr_2022.dat 5 2027 CUCI 0
Model_1_goa_dr_2022.dat 5 2027 CMedian 0
Model_1_goa_dr_2022.dat 5 2027 CMean 0
Model_1_goa_dr_2022.dat 5 2028 Cabc 4.61738
Model_1_goa_dr_2022.dat 5 2028 Cofl 4.93664
Model_1_goa_dr_2022.dat 5 2028 CLCI 0
Model_1_goa_dr_2022.dat 5 2028 CUCI 0
Model_1_goa_dr_2022.dat 5 2028 CMedian 0
Model_1_goa_dr_2022.dat 5 2028 CMean 0
Model_1_goa_dr_2022.dat 5 2029 Cabc 4.61738
Model_1_goa_dr_2022.dat 5 2029 Cofl 4.93664
Model_1_goa_dr_2022.dat 5 2029 CLCI 0
Model_1_goa_dr_2022.dat 5 2029 CUCI 0
Model_1_goa_dr_2022.dat 5 2029 CMedian 0
Model_1_goa_dr_2022.dat 5 2029 CMean 0
Model_1_goa_dr_2022.dat 5 2030 Cabc 4.61738
Model_1_goa_dr_2022.dat 5 2030 Cofl 4.93664
Model_1_goa_dr_2022.dat 5 2030 CLCI 0
Model_1_goa_dr_2022.dat 5 2030 CUCI 0
Model_1_goa_dr_2022.dat 5 2030 CMedian 0
Model_1_goa_dr_2022.dat 5 2030 CMean 0
Model_1_goa_dr_2022.dat 5 2031 Cabc 4.61738
Model_1_goa_dr_2022.dat 5 2031 Cofl 4.93664
Model_1_goa_dr_2022.dat 5 2031 CLCI 0
Model_1_goa_dr_2022.dat 5 2031 CUCI 0
Model_1_goa_dr_2022.dat 5 2031 CMedian 0
Model_1_goa_dr_2022.dat 5 2031 CMean 0
Model_1_goa_dr_2022.dat 5 2032 Cabc 4.61738
Model_1_goa_dr_2022.dat 5 2032 Cofl 4.93664
Model_1_goa_dr_2022.dat 5 2032 CLCI 0
Model_1_goa_dr_2022.dat 5 2032 CUCI 0
Model_1_goa_dr_2022.dat 5 2032 CMedian 0
Model_1_goa_dr_2022.dat 5 2032 CMean 0
Model_1_goa_dr_2022.dat 5 2033 Cabc 4.61738
Model_1_goa_dr_2022.dat 5 2033 Cofl 4.93664
Model_1_goa_dr_2022.dat 5 2033 CLCI 0
Model_1_goa_dr_2022.dat 5 2033 CUCI 0
Model_1_goa_dr_2022.dat 5 2033 CMedian 0
Model_1_goa_dr_2022.dat 5 2033 CMean 0
Model_1_goa_dr_2022.dat 5 2020 SSBF100 65.4957
Model_1_goa_dr_2022.dat 5 2020 SSBFabc 26.1983
Model_1_goa_dr_2022.dat 5 2020 SSBFofl 22.9235
Model_1_goa_dr_2022.dat 5 2020 SSBLCI 44.9747
Model_1_goa_dr_2022.dat 5 2020 SSBUCI 44.9747
Model_1_goa_dr_2022.dat 5 2020 SSBMedian 44.9747
Model_1_goa_dr_2022.dat 5 2020 SSBMean 44.9747
Model_1_goa_dr_2022.dat 5 2021 SSBF100 65.4957
Model_1_goa_dr_2022.dat 5 2021 SSBFabc 26.1983
Model_1_goa_dr_2022.dat 5 2021 SSBFofl 22.9235
Model_1_goa_dr_2022.dat 5 2021 SSBLCI 44.8286
Model_1_goa_dr_2022.dat 5 2021 SSBUCI 44.8554
Model_1_goa_dr_2022.dat 5 2021 SSBMedian 44.8355
Model_1_goa_dr_2022.dat 5 2021 SSBMean 44.838
Model_1_goa_dr_2022.dat 5 2022 SSBF100 65.4957
Model_1_goa_dr_2022.dat 5 2022 SSBFabc 26.1983
Model_1_goa_dr_2022.dat 5 2022 SSBFofl 22.9235
Model_1_goa_dr_2022.dat 5 2022 SSBLCI 45.1104
Model_1_goa_dr_2022.dat 5 2022 SSBUCI 45.1965
Model_1_goa_dr_2022.dat 5 2022 SSBMedian 45.1361
Model_1_goa_dr_2022.dat 5 2022 SSBMean 45.143
Model_1_goa_dr_2022.dat 5 2023 SSBF100 65.4957
Model_1_goa_dr_2022.dat 5 2023 SSBFabc 26.1983
Model_1_goa_dr_2022.dat 5 2023 SSBFofl 22.9235
Model_1_goa_dr_2022.dat 5 2023 SSBLCI 44.9336
Model_1_goa_dr_2022.dat 5 2023 SSBUCI 45.1636
Model_1_goa_dr_2022.dat 5 2023 SSBMedian 45.0034
Model_1_goa_dr_2022.dat 5 2023 SSBMean 45.022
Model_1_goa_dr_2022.dat 5 2024 SSBF100 65.4957
Model_1_goa_dr_2022.dat 5 2024 SSBFabc 26.1983
Model_1_goa_dr_2022.dat 5 2024 SSBFofl 22.9235
Model_1_goa_dr_2022.dat 5 2024 SSBLCI 44.4067
Model_1_goa_dr_2022.dat 5 2024 SSBUCI 44.942
Model_1_goa_dr_2022.dat 5 2024 SSBMedian 44.5773
Model_1_goa_dr_2022.dat 5 2024 SSBMean 44.6159
Model_1_goa_dr_2022.dat 5 2025 SSBF100 65.4957
Model_1_goa_dr_2022.dat 5 2025 SSBFabc 26.1983
Model_1_goa_dr_2022.dat 5 2025 SSBFofl 22.9235
Model_1_goa_dr_2022.dat 5 2025 SSBLCI 43.6619
Model_1_goa_dr_2022.dat 5 2025 SSBUCI 44.797
Model_1_goa_dr_2022.dat 5 2025 SSBMedian 44.0396
Model_1_goa_dr_2022.dat 5 2025 SSBMean 44.1086
Model_1_goa_dr_2022.dat 5 2026 SSBF100 65.4957
Model_1_goa_dr_2022.dat 5 2026 SSBFabc 26.1983
Model_1_goa_dr_2022.dat 5 2026 SSBFofl 22.9235
Model_1_goa_dr_2022.dat 5 2026 SSBLCI 42.8398
Model_1_goa_dr_2022.dat 5 2026 SSBUCI 45.0041
Model_1_goa_dr_2022.dat 5 2026 SSBMedian 43.5578
Model_1_goa_dr_2022.dat 5 2026 SSBMean 43.7021
Model_1_goa_dr_2022.dat 5 2027 SSBF100 65.4957
Model_1_goa_dr_2022.dat 5 2027 SSBFabc 26.1983
Model_1_goa_dr_2022.dat 5 2027 SSBFofl 22.9235
Model_1_goa_dr_2022.dat 5 2027 SSBLCI 42.0895
Model_1_goa_dr_2022.dat 5 2027 SSBUCI 45.8366
Model_1_goa_dr_2022.dat 5 2027 SSBMedian 43.332
Model_1_goa_dr_2022.dat 5 2027 SSBMean 43.5661
Model_1_goa_dr_2022.dat 5 2028 SSBF100 65.4957
Model_1_goa_dr_2022.dat 5 2028 SSBFabc 26.1983
Model_1_goa_dr_2022.dat 5 2028 SSBFofl 22.9235
Model_1_goa_dr_2022.dat 5 2028 SSBLCI 41.5109
Model_1_goa_dr_2022.dat 5 2028 SSBUCI 47.174
Model_1_goa_dr_2022.dat 5 2028 SSBMedian 43.416
Model_1_goa_dr_2022.dat 5 2028 SSBMean 43.7993
Model_1_goa_dr_2022.dat 5 2029 SSBF100 65.4957
Model_1_goa_dr_2022.dat 5 2029 SSBFabc 26.1983
Model_1_goa_dr_2022.dat 5 2029 SSBFofl 22.9235
Model_1_goa_dr_2022.dat 5 2029 SSBLCI 41.2018
Model_1_goa_dr_2022.dat 5 2029 SSBUCI 48.9489
Model_1_goa_dr_2022.dat 5 2029 SSBMedian 43.8436
Model_1_goa_dr_2022.dat 5 2029 SSBMean 44.3752
Model_1_goa_dr_2022.dat 5 2030 SSBF100 65.4957
Model_1_goa_dr_2022.dat 5 2030 SSBFabc 26.1983
Model_1_goa_dr_2022.dat 5 2030 SSBFofl 22.9235
Model_1_goa_dr_2022.dat 5 2030 SSBLCI 41.0538
Model_1_goa_dr_2022.dat 5 2030 SSBUCI 51.0915
Model_1_goa_dr_2022.dat 5 2030 SSBMedian 44.6188
Model_1_goa_dr_2022.dat 5 2030 SSBMean 45.1946
Model_1_goa_dr_2022.dat 5 2031 SSBF100 65.4957
Model_1_goa_dr_2022.dat 5 2031 SSBFabc 26.1983
Model_1_goa_dr_2022.dat 5 2031 SSBFofl 22.9235
Model_1_goa_dr_2022.dat 5 2031 SSBLCI 41.0528
Model_1_goa_dr_2022.dat 5 2031 SSBUCI 53.4033
Model_1_goa_dr_2022.dat 5 2031 SSBMedian 45.5613
Model_1_goa_dr_2022.dat 5 2031 SSBMean 46.1573
Model_1_goa_dr_2022.dat 5 2032 SSBF100 65.4957
Model_1_goa_dr_2022.dat 5 2032 SSBFabc 26.1983
Model_1_goa_dr_2022.dat 5 2032 SSBFofl 22.9235
Model_1_goa_dr_2022.dat 5 2032 SSBLCI 41.2432
Model_1_goa_dr_2022.dat 5 2032 SSBUCI 55.3831
Model_1_goa_dr_2022.dat 5 2032 SSBMedian 46.5855
Model_1_goa_dr_2022.dat 5 2032 SSBMean 47.1838
Model_1_goa_dr_2022.dat 5 2033 SSBF100 65.4957
Model_1_goa_dr_2022.dat 5 2033 SSBFabc 26.1983
Model_1_goa_dr_2022.dat 5 2033 SSBFofl 22.9235
Model_1_goa_dr_2022.dat 5 2033 SSBLCI 41.5116
Model_1_goa_dr_2022.dat 5 2033 SSBUCI 57.0622
Model_1_goa_dr_2022.dat 5 2033 SSBMedian 47.6662
Model_1_goa_dr_2022.dat 5 2033 SSBMean 48.2266
Model_1_goa_dr_2022.dat 5 2020 F0 0 
Model_1_goa_dr_2022.dat 5 2020 Fabc 0.091336
Model_1_goa_dr_2022.dat 5 2020 Fofl 0.112293
Model_1_goa_dr_2022.dat 5 2020  F_LCI 0.0282297
Model_1_goa_dr_2022.dat 5 2020  F_UCI 0.0282297
Model_1_goa_dr_2022.dat 5 2020  F_Median 0.0282297
Model_1_goa_dr_2022.dat 5 2020  F_Mean 0.0282297
Model_1_goa_dr_2022.dat 5 2021 F0 0 
Model_1_goa_dr_2022.dat 5 2021 Fabc 0.091336
Model_1_goa_dr_2022.dat 5 2021 Fofl 0.112293
Model_1_goa_dr_2022.dat 5 2021  F_LCI 0
Model_1_goa_dr_2022.dat 5 2021  F_UCI 0
Model_1_goa_dr_2022.dat 5 2021  F_Median 0
Model_1_goa_dr_2022.dat 5 2021  F_Mean 0
Model_1_goa_dr_2022.dat 5 2022 F0 0 
Model_1_goa_dr_2022.dat 5 2022 Fabc 0.091336
Model_1_goa_dr_2022.dat 5 2022 Fofl 0.112293
Model_1_goa_dr_2022.dat 5 2022  F_LCI 0
Model_1_goa_dr_2022.dat 5 2022  F_UCI 0
Model_1_goa_dr_2022.dat 5 2022  F_Median 0
Model_1_goa_dr_2022.dat 5 2022  F_Mean 0
Model_1_goa_dr_2022.dat 5 2023 F0 0 
Model_1_goa_dr_2022.dat 5 2023 Fabc 0.091336
Model_1_goa_dr_2022.dat 5 2023 Fofl 0.112293
Model_1_goa_dr_2022.dat 5 2023  F_LCI 0
Model_1_goa_dr_2022.dat 5 2023  F_UCI 0
Model_1_goa_dr_2022.dat 5 2023  F_Median 0
Model_1_goa_dr_2022.dat 5 2023  F_Mean 0
Model_1_goa_dr_2022.dat 5 2024 F0 0 
Model_1_goa_dr_2022.dat 5 2024 Fabc 0.091336
Model_1_goa_dr_2022.dat 5 2024 Fofl 0.112293
Model_1_goa_dr_2022.dat 5 2024  F_LCI 0
Model_1_goa_dr_2022.dat 5 2024  F_UCI 0
Model_1_goa_dr_2022.dat 5 2024  F_Median 0
Model_1_goa_dr_2022.dat 5 2024  F_Mean 0
Model_1_goa_dr_2022.dat 5 2025 F0 0 
Model_1_goa_dr_2022.dat 5 2025 Fabc 0.091336
Model_1_goa_dr_2022.dat 5 2025 Fofl 0.112293
Model_1_goa_dr_2022.dat 5 2025  F_LCI 0
Model_1_goa_dr_2022.dat 5 2025  F_UCI 0
Model_1_goa_dr_2022.dat 5 2025  F_Median 0
Model_1_goa_dr_2022.dat 5 2025  F_Mean 0
Model_1_goa_dr_2022.dat 5 2026 F0 0 
Model_1_goa_dr_2022.dat 5 2026 Fabc 0.091336
Model_1_goa_dr_2022.dat 5 2026 Fofl 0.112293
Model_1_goa_dr_2022.dat 5 2026  F_LCI 0
Model_1_goa_dr_2022.dat 5 2026  F_UCI 0
Model_1_goa_dr_2022.dat 5 2026  F_Median 0
Model_1_goa_dr_2022.dat 5 2026  F_Mean 0
Model_1_goa_dr_2022.dat 5 2027 F0 0 
Model_1_goa_dr_2022.dat 5 2027 Fabc 0.091336
Model_1_goa_dr_2022.dat 5 2027 Fofl 0.112293
Model_1_goa_dr_2022.dat 5 2027  F_LCI 0
Model_1_goa_dr_2022.dat 5 2027  F_UCI 0
Model_1_goa_dr_2022.dat 5 2027  F_Median 0
Model_1_goa_dr_2022.dat 5 2027  F_Mean 0
Model_1_goa_dr_2022.dat 5 2028 F0 0 
Model_1_goa_dr_2022.dat 5 2028 Fabc 0.091336
Model_1_goa_dr_2022.dat 5 2028 Fofl 0.112293
Model_1_goa_dr_2022.dat 5 2028  F_LCI 0
Model_1_goa_dr_2022.dat 5 2028  F_UCI 0
Model_1_goa_dr_2022.dat 5 2028  F_Median 0
Model_1_goa_dr_2022.dat 5 2028  F_Mean 0
Model_1_goa_dr_2022.dat 5 2029 F0 0 
Model_1_goa_dr_2022.dat 5 2029 Fabc 0.091336
Model_1_goa_dr_2022.dat 5 2029 Fofl 0.112293
Model_1_goa_dr_2022.dat 5 2029  F_LCI 0
Model_1_goa_dr_2022.dat 5 2029  F_UCI 0
Model_1_goa_dr_2022.dat 5 2029  F_Median 0
Model_1_goa_dr_2022.dat 5 2029  F_Mean 0
Model_1_goa_dr_2022.dat 5 2030 F0 0 
Model_1_goa_dr_2022.dat 5 2030 Fabc 0.091336
Model_1_goa_dr_2022.dat 5 2030 Fofl 0.112293
Model_1_goa_dr_2022.dat 5 2030  F_LCI 0
Model_1_goa_dr_2022.dat 5 2030  F_UCI 0
Model_1_goa_dr_2022.dat 5 2030  F_Median 0
Model_1_goa_dr_2022.dat 5 2030  F_Mean 0
Model_1_goa_dr_2022.dat 5 2031 F0 0 
Model_1_goa_dr_2022.dat 5 2031 Fabc 0.091336
Model_1_goa_dr_2022.dat 5 2031 Fofl 0.112293
Model_1_goa_dr_2022.dat 5 2031  F_LCI 0
Model_1_goa_dr_2022.dat 5 2031  F_UCI 0
Model_1_goa_dr_2022.dat 5 2031  F_Median 0
Model_1_goa_dr_2022.dat 5 2031  F_Mean 0
Model_1_goa_dr_2022.dat 5 2032 F0 0 
Model_1_goa_dr_2022.dat 5 2032 Fabc 0.091336
Model_1_goa_dr_2022.dat 5 2032 Fofl 0.112293
Model_1_goa_dr_2022.dat 5 2032  F_LCI 0
Model_1_goa_dr_2022.dat 5 2032  F_UCI 0
Model_1_goa_dr_2022.dat 5 2032  F_Median 0
Model_1_goa_dr_2022.dat 5 2032  F_Mean 0
Model_1_goa_dr_2022.dat 5 2033 F0 0 
Model_1_goa_dr_2022.dat 5 2033 Fabc 0.091336
Model_1_goa_dr_2022.dat 5 2033 Fofl 0.112293
Model_1_goa_dr_2022.dat 5 2033  F_LCI 0
Model_1_goa_dr_2022.dat 5 2033  F_UCI 0
Model_1_goa_dr_2022.dat 5 2033  F_Median 0
Model_1_goa_dr_2022.dat 5 2033  F_Mean 0
Model_1_goa_dr_2022.dat 6 2020 Cabc 4.61738
Model_1_goa_dr_2022.dat 6 2020 Cofl 4.93664
Model_1_goa_dr_2022.dat 6 2020 CLCI 2.55641
Model_1_goa_dr_2022.dat 6 2020 CUCI 2.55641
Model_1_goa_dr_2022.dat 6 2020 CMedian 2.55641
Model_1_goa_dr_2022.dat 6 2020 CMean 2.55641
Model_1_goa_dr_2022.dat 6 2021 Cabc 4.61738
Model_1_goa_dr_2022.dat 6 2021 Cofl 4.93664
Model_1_goa_dr_2022.dat 6 2021 CLCI 9.62761
Model_1_goa_dr_2022.dat 6 2021 CUCI 9.62785
Model_1_goa_dr_2022.dat 6 2021 CMedian 9.62767
Model_1_goa_dr_2022.dat 6 2021 CMean 9.62769
Model_1_goa_dr_2022.dat 6 2022 Cabc 4.61738
Model_1_goa_dr_2022.dat 6 2022 Cofl 4.93664
Model_1_goa_dr_2022.dat 6 2022 CLCI 8.65757
Model_1_goa_dr_2022.dat 6 2022 CUCI 8.65889
Model_1_goa_dr_2022.dat 6 2022 CMedian 8.65794
Model_1_goa_dr_2022.dat 6 2022 CMean 8.65805
Model_1_goa_dr_2022.dat 6 2023 Cabc 4.61738
Model_1_goa_dr_2022.dat 6 2023 Cofl 4.93664
Model_1_goa_dr_2022.dat 6 2023 CLCI 7.73684
Model_1_goa_dr_2022.dat 6 2023 CUCI 7.74276
Model_1_goa_dr_2022.dat 6 2023 CMedian 7.73853
Model_1_goa_dr_2022.dat 6 2023 CMean 7.73899
Model_1_goa_dr_2022.dat 6 2024 Cabc 4.61738
Model_1_goa_dr_2022.dat 6 2024 Cofl 4.93664
Model_1_goa_dr_2022.dat 6 2024 CLCI 6.86891
Model_1_goa_dr_2022.dat 6 2024 CUCI 6.8923
Model_1_goa_dr_2022.dat 6 2024 CMedian 6.87572
Model_1_goa_dr_2022.dat 6 2024 CMean 6.87754
Model_1_goa_dr_2022.dat 6 2025 Cabc 4.61738
Model_1_goa_dr_2022.dat 6 2025 Cofl 4.93664
Model_1_goa_dr_2022.dat 6 2025 CLCI 6.07914
Model_1_goa_dr_2022.dat 6 2025 CUCI 6.16396
Model_1_goa_dr_2022.dat 6 2025 CMedian 6.10406
Model_1_goa_dr_2022.dat 6 2025 CMean 6.11063
Model_1_goa_dr_2022.dat 6 2026 Cabc 4.61738
Model_1_goa_dr_2022.dat 6 2026 Cofl 4.93664
Model_1_goa_dr_2022.dat 6 2026 CLCI 5.25749
Model_1_goa_dr_2022.dat 6 2026 CUCI 5.65794
Model_1_goa_dr_2022.dat 6 2026 CMedian 5.46838
Model_1_goa_dr_2022.dat 6 2026 CMean 5.45697
Model_1_goa_dr_2022.dat 6 2027 Cabc 4.61738
Model_1_goa_dr_2022.dat 6 2027 Cofl 4.93664
Model_1_goa_dr_2022.dat 6 2027 CLCI 4.29003
Model_1_goa_dr_2022.dat 6 2027 CUCI 5.4851
Model_1_goa_dr_2022.dat 6 2027 CMedian 4.68059
Model_1_goa_dr_2022.dat 6 2027 CMean 4.75772
Model_1_goa_dr_2022.dat 6 2028 Cabc 4.61738
Model_1_goa_dr_2022.dat 6 2028 Cofl 4.93664
Model_1_goa_dr_2022.dat 6 2028 CLCI 3.69771
Model_1_goa_dr_2022.dat 6 2028 CUCI 5.59573
Model_1_goa_dr_2022.dat 6 2028 CMedian 4.28894
Model_1_goa_dr_2022.dat 6 2028 CMean 4.42004
Model_1_goa_dr_2022.dat 6 2029 Cabc 4.61738
Model_1_goa_dr_2022.dat 6 2029 Cofl 4.93664
Model_1_goa_dr_2022.dat 6 2029 CLCI 3.36742
Model_1_goa_dr_2022.dat 6 2029 CUCI 5.78319
Model_1_goa_dr_2022.dat 6 2029 CMedian 4.14074
Model_1_goa_dr_2022.dat 6 2029 CMean 4.32077
Model_1_goa_dr_2022.dat 6 2030 Cabc 4.61738
Model_1_goa_dr_2022.dat 6 2030 Cofl 4.93664
Model_1_goa_dr_2022.dat 6 2030 CLCI 3.16964
Model_1_goa_dr_2022.dat 6 2030 CUCI 5.94987
Model_1_goa_dr_2022.dat 6 2030 CMedian 4.16467
Model_1_goa_dr_2022.dat 6 2030 CMean 4.33037
Model_1_goa_dr_2022.dat 6 2031 Cabc 4.61738
Model_1_goa_dr_2022.dat 6 2031 Cofl 4.93664
Model_1_goa_dr_2022.dat 6 2031 CLCI 3.03113
Model_1_goa_dr_2022.dat 6 2031 CUCI 6.11704
Model_1_goa_dr_2022.dat 6 2031 CMedian 4.21255
Model_1_goa_dr_2022.dat 6 2031 CMean 4.37849
Model_1_goa_dr_2022.dat 6 2032 Cabc 4.61738
Model_1_goa_dr_2022.dat 6 2032 Cofl 4.93664
Model_1_goa_dr_2022.dat 6 2032 CLCI 3.00642
Model_1_goa_dr_2022.dat 6 2032 CUCI 6.22132
Model_1_goa_dr_2022.dat 6 2032 CMedian 4.28834
Model_1_goa_dr_2022.dat 6 2032 CMean 4.43626
Model_1_goa_dr_2022.dat 6 2033 Cabc 4.61738
Model_1_goa_dr_2022.dat 6 2033 Cofl 4.93664
Model_1_goa_dr_2022.dat 6 2033 CLCI 3.00039
Model_1_goa_dr_2022.dat 6 2033 CUCI 6.32795
Model_1_goa_dr_2022.dat 6 2033 CMedian 4.37621
Model_1_goa_dr_2022.dat 6 2033 CMean 4.49865
Model_1_goa_dr_2022.dat 6 2020 SSBF100 65.4957
Model_1_goa_dr_2022.dat 6 2020 SSBFabc 26.1983
Model_1_goa_dr_2022.dat 6 2020 SSBFofl 22.9235
Model_1_goa_dr_2022.dat 6 2020 SSBLCI 44.9747
Model_1_goa_dr_2022.dat 6 2020 SSBUCI 44.9747
Model_1_goa_dr_2022.dat 6 2020 SSBMedian 44.9747
Model_1_goa_dr_2022.dat 6 2020 SSBMean 44.9747
Model_1_goa_dr_2022.dat 6 2021 SSBF100 65.4957
Model_1_goa_dr_2022.dat 6 2021 SSBFabc 26.1983
Model_1_goa_dr_2022.dat 6 2021 SSBFofl 22.9235
Model_1_goa_dr_2022.dat 6 2021 SSBLCI 44.0312
Model_1_goa_dr_2022.dat 6 2021 SSBUCI 44.0579
Model_1_goa_dr_2022.dat 6 2021 SSBMedian 44.0381
Model_1_goa_dr_2022.dat 6 2021 SSBMean 44.0405
Model_1_goa_dr_2022.dat 6 2022 SSBF100 65.4957
Model_1_goa_dr_2022.dat 6 2022 SSBFabc 26.1983
Model_1_goa_dr_2022.dat 6 2022 SSBFofl 22.9235
Model_1_goa_dr_2022.dat 6 2022 SSBLCI 39.8656
Model_1_goa_dr_2022.dat 6 2022 SSBUCI 39.9517
Model_1_goa_dr_2022.dat 6 2022 SSBMedian 39.8914
Model_1_goa_dr_2022.dat 6 2022 SSBMean 39.8982
Model_1_goa_dr_2022.dat 6 2023 SSBF100 65.4957
Model_1_goa_dr_2022.dat 6 2023 SSBFabc 26.1983
Model_1_goa_dr_2022.dat 6 2023 SSBFofl 22.9235
Model_1_goa_dr_2022.dat 6 2023 SSBLCI 35.794
Model_1_goa_dr_2022.dat 6 2023 SSBUCI 36.0239
Model_1_goa_dr_2022.dat 6 2023 SSBMedian 35.8638
Model_1_goa_dr_2022.dat 6 2023 SSBMean 35.8824
Model_1_goa_dr_2022.dat 6 2024 SSBF100 65.4957
Model_1_goa_dr_2022.dat 6 2024 SSBFabc 26.1983
Model_1_goa_dr_2022.dat 6 2024 SSBFofl 22.9235
Model_1_goa_dr_2022.dat 6 2024 SSBLCI 31.9619
Model_1_goa_dr_2022.dat 6 2024 SSBUCI 32.4964
Model_1_goa_dr_2022.dat 6 2024 SSBMedian 32.1322
Model_1_goa_dr_2022.dat 6 2024 SSBMean 32.1709
Model_1_goa_dr_2022.dat 6 2025 SSBF100 65.4957
Model_1_goa_dr_2022.dat 6 2025 SSBFabc 26.1983
Model_1_goa_dr_2022.dat 6 2025 SSBFofl 22.9235
Model_1_goa_dr_2022.dat 6 2025 SSBLCI 28.4953
Model_1_goa_dr_2022.dat 6 2025 SSBUCI 29.6253
Model_1_goa_dr_2022.dat 6 2025 SSBMedian 28.8715
Model_1_goa_dr_2022.dat 6 2025 SSBMean 28.9403
Model_1_goa_dr_2022.dat 6 2026 SSBF100 65.4957
Model_1_goa_dr_2022.dat 6 2026 SSBFabc 26.1983
Model_1_goa_dr_2022.dat 6 2026 SSBFofl 22.9235
Model_1_goa_dr_2022.dat 6 2026 SSBLCI 25.5116
Model_1_goa_dr_2022.dat 6 2026 SSBUCI 27.629
Model_1_goa_dr_2022.dat 6 2026 SSBMedian 26.2119
Model_1_goa_dr_2022.dat 6 2026 SSBMean 26.3547
Model_1_goa_dr_2022.dat 6 2027 SSBF100 65.4957
Model_1_goa_dr_2022.dat 6 2027 SSBFabc 26.1983
Model_1_goa_dr_2022.dat 6 2027 SSBFofl 22.9235
Model_1_goa_dr_2022.dat 6 2027 SSBLCI 23.1724
Model_1_goa_dr_2022.dat 6 2027 SSBUCI 26.666
Model_1_goa_dr_2022.dat 6 2027 SSBMedian 24.3002
Model_1_goa_dr_2022.dat 6 2027 SSBMean 24.5409
Model_1_goa_dr_2022.dat 6 2028 SSBF100 65.4957
Model_1_goa_dr_2022.dat 6 2028 SSBFabc 26.1983
Model_1_goa_dr_2022.dat 6 2028 SSBFofl 22.9235
Model_1_goa_dr_2022.dat 6 2028 SSBLCI 21.562
Model_1_goa_dr_2022.dat 6 2028 SSBUCI 26.4189
Model_1_goa_dr_2022.dat 6 2028 SSBMedian 23.1735
Model_1_goa_dr_2022.dat 6 2028 SSBMean 23.5468
Model_1_goa_dr_2022.dat 6 2029 SSBF100 65.4957
Model_1_goa_dr_2022.dat 6 2029 SSBFabc 26.1983
Model_1_goa_dr_2022.dat 6 2029 SSBFofl 22.9235
Model_1_goa_dr_2022.dat 6 2029 SSBLCI 20.568
Model_1_goa_dr_2022.dat 6 2029 SSBUCI 26.8115
Model_1_goa_dr_2022.dat 6 2029 SSBMedian 22.7593
Model_1_goa_dr_2022.dat 6 2029 SSBMean 23.1331
Model_1_goa_dr_2022.dat 6 2030 SSBF100 65.4957
Model_1_goa_dr_2022.dat 6 2030 SSBFabc 26.1983
Model_1_goa_dr_2022.dat 6 2030 SSBFofl 22.9235
Model_1_goa_dr_2022.dat 6 2030 SSBLCI 19.9102
Model_1_goa_dr_2022.dat 6 2030 SSBUCI 27.3907
Model_1_goa_dr_2022.dat 6 2030 SSBMedian 22.6555
Model_1_goa_dr_2022.dat 6 2030 SSBMean 23.0556
Model_1_goa_dr_2022.dat 6 2031 SSBF100 65.4957
Model_1_goa_dr_2022.dat 6 2031 SSBFabc 26.1983
Model_1_goa_dr_2022.dat 6 2031 SSBFofl 22.9235
Model_1_goa_dr_2022.dat 6 2031 SSBLCI 19.4963
Model_1_goa_dr_2022.dat 6 2031 SSBUCI 28.0465
Model_1_goa_dr_2022.dat 6 2031 SSBMedian 22.7688
Model_1_goa_dr_2022.dat 6 2031 SSBMean 23.1434
Model_1_goa_dr_2022.dat 6 2032 SSBF100 65.4957
Model_1_goa_dr_2022.dat 6 2032 SSBFabc 26.1983
Model_1_goa_dr_2022.dat 6 2032 SSBFofl 22.9235
Model_1_goa_dr_2022.dat 6 2032 SSBLCI 19.3829
Model_1_goa_dr_2022.dat 6 2032 SSBUCI 28.3578
Model_1_goa_dr_2022.dat 6 2032 SSBMedian 22.9131
Model_1_goa_dr_2022.dat 6 2032 SSBMean 23.298
Model_1_goa_dr_2022.dat 6 2033 SSBF100 65.4957
Model_1_goa_dr_2022.dat 6 2033 SSBFabc 26.1983
Model_1_goa_dr_2022.dat 6 2033 SSBFofl 22.9235
Model_1_goa_dr_2022.dat 6 2033 SSBLCI 19.345
Model_1_goa_dr_2022.dat 6 2033 SSBUCI 28.7532
Model_1_goa_dr_2022.dat 6 2033 SSBMedian 23.0914
Model_1_goa_dr_2022.dat 6 2033 SSBMean 23.4736
Model_1_goa_dr_2022.dat 6 2020 F0 0 
Model_1_goa_dr_2022.dat 6 2020 Fabc 0.091336
Model_1_goa_dr_2022.dat 6 2020 Fofl 0.112293
Model_1_goa_dr_2022.dat 6 2020  F_LCI 0.0282297
Model_1_goa_dr_2022.dat 6 2020  F_UCI 0.0282297
Model_1_goa_dr_2022.dat 6 2020  F_Median 0.0282297
Model_1_goa_dr_2022.dat 6 2020  F_Mean 0.0282297
Model_1_goa_dr_2022.dat 6 2021 F0 0 
Model_1_goa_dr_2022.dat 6 2021 Fabc 0.091336
Model_1_goa_dr_2022.dat 6 2021 Fofl 0.112293
Model_1_goa_dr_2022.dat 6 2021  F_LCI 0.112293
Model_1_goa_dr_2022.dat 6 2021  F_UCI 0.112293
Model_1_goa_dr_2022.dat 6 2021  F_Median 0.112293
Model_1_goa_dr_2022.dat 6 2021  F_Mean 0.112293
Model_1_goa_dr_2022.dat 6 2022 F0 0 
Model_1_goa_dr_2022.dat 6 2022 Fabc 0.091336
Model_1_goa_dr_2022.dat 6 2022 Fofl 0.112293
Model_1_goa_dr_2022.dat 6 2022  F_LCI 0.112293
Model_1_goa_dr_2022.dat 6 2022  F_UCI 0.112293
Model_1_goa_dr_2022.dat 6 2022  F_Median 0.112293
Model_1_goa_dr_2022.dat 6 2022  F_Mean 0.112293
Model_1_goa_dr_2022.dat 6 2023 F0 0 
Model_1_goa_dr_2022.dat 6 2023 Fabc 0.091336
Model_1_goa_dr_2022.dat 6 2023 Fofl 0.112293
Model_1_goa_dr_2022.dat 6 2023  F_LCI 0.112293
Model_1_goa_dr_2022.dat 6 2023  F_UCI 0.112293
Model_1_goa_dr_2022.dat 6 2023  F_Median 0.112293
Model_1_goa_dr_2022.dat 6 2023  F_Mean 0.112293
Model_1_goa_dr_2022.dat 6 2024 F0 0 
Model_1_goa_dr_2022.dat 6 2024 Fabc 0.091336
Model_1_goa_dr_2022.dat 6 2024 Fofl 0.112293
Model_1_goa_dr_2022.dat 6 2024  F_LCI 0.112293
Model_1_goa_dr_2022.dat 6 2024  F_UCI 0.112293
Model_1_goa_dr_2022.dat 6 2024  F_Median 0.112293
Model_1_goa_dr_2022.dat 6 2024  F_Mean 0.112293
Model_1_goa_dr_2022.dat 6 2025 F0 0 
Model_1_goa_dr_2022.dat 6 2025 Fabc 0.091336
Model_1_goa_dr_2022.dat 6 2025 Fofl 0.112293
Model_1_goa_dr_2022.dat 6 2025  F_LCI 0.112293
Model_1_goa_dr_2022.dat 6 2025  F_UCI 0.112293
Model_1_goa_dr_2022.dat 6 2025  F_Median 0.112293
Model_1_goa_dr_2022.dat 6 2025  F_Mean 0.112293
Model_1_goa_dr_2022.dat 6 2026 F0 0 
Model_1_goa_dr_2022.dat 6 2026 Fabc 0.091336
Model_1_goa_dr_2022.dat 6 2026 Fofl 0.112293
Model_1_goa_dr_2022.dat 6 2026  F_LCI 0.109195
Model_1_goa_dr_2022.dat 6 2026  F_UCI 0.112293
Model_1_goa_dr_2022.dat 6 2026  F_Median 0.112293
Model_1_goa_dr_2022.dat 6 2026  F_Mean 0.111459
Model_1_goa_dr_2022.dat 6 2027 F0 0 
Model_1_goa_dr_2022.dat 6 2027 Fabc 0.091336
Model_1_goa_dr_2022.dat 6 2027 Fofl 0.112293
Model_1_goa_dr_2022.dat 6 2027  F_LCI 0.0986408
Model_1_goa_dr_2022.dat 6 2027  F_UCI 0.112293
Model_1_goa_dr_2022.dat 6 2027  F_Median 0.103729
Model_1_goa_dr_2022.dat 6 2027  F_Mean 0.104403
Model_1_goa_dr_2022.dat 6 2028 F0 0 
Model_1_goa_dr_2022.dat 6 2028 Fabc 0.091336
Model_1_goa_dr_2022.dat 6 2028 Fofl 0.112293
Model_1_goa_dr_2022.dat 6 2028  F_LCI 0.0913746
Model_1_goa_dr_2022.dat 6 2028  F_UCI 0.112293
Model_1_goa_dr_2022.dat 6 2028  F_Median 0.0986459
Model_1_goa_dr_2022.dat 6 2028  F_Mean 0.0998635
Model_1_goa_dr_2022.dat 6 2029 F0 0 
Model_1_goa_dr_2022.dat 6 2029 Fabc 0.091336
Model_1_goa_dr_2022.dat 6 2029 Fofl 0.112293
Model_1_goa_dr_2022.dat 6 2029  F_LCI 0.0868901
Model_1_goa_dr_2022.dat 6 2029  F_UCI 0.112293
Model_1_goa_dr_2022.dat 6 2029  F_Median 0.0967767
Model_1_goa_dr_2022.dat 6 2029  F_Mean 0.0978126
Model_1_goa_dr_2022.dat 6 2030 F0 0 
Model_1_goa_dr_2022.dat 6 2030 Fabc 0.091336
Model_1_goa_dr_2022.dat 6 2030 Fofl 0.112293
Model_1_goa_dr_2022.dat 6 2030  F_LCI 0.0839222
Model_1_goa_dr_2022.dat 6 2030  F_UCI 0.112293
Model_1_goa_dr_2022.dat 6 2030  F_Median 0.0963083
Model_1_goa_dr_2022.dat 6 2030  F_Mean 0.0972211
Model_1_goa_dr_2022.dat 6 2031 F0 0 
Model_1_goa_dr_2022.dat 6 2031 Fabc 0.091336
Model_1_goa_dr_2022.dat 6 2031 Fofl 0.112293
Model_1_goa_dr_2022.dat 6 2031  F_LCI 0.0820547
Model_1_goa_dr_2022.dat 6 2031  F_UCI 0.112293
Model_1_goa_dr_2022.dat 6 2031  F_Median 0.0968198
Model_1_goa_dr_2022.dat 6 2031  F_Mean 0.0973556
Model_1_goa_dr_2022.dat 6 2032 F0 0 
Model_1_goa_dr_2022.dat 6 2032 Fabc 0.091336
Model_1_goa_dr_2022.dat 6 2032 Fofl 0.112293
Model_1_goa_dr_2022.dat 6 2032  F_LCI 0.0815428
Model_1_goa_dr_2022.dat 6 2032  F_UCI 0.112293
Model_1_goa_dr_2022.dat 6 2032  F_Median 0.0974708
Model_1_goa_dr_2022.dat 6 2032  F_Mean 0.0977929
Model_1_goa_dr_2022.dat 6 2033 F0 0 
Model_1_goa_dr_2022.dat 6 2033 Fabc 0.091336
Model_1_goa_dr_2022.dat 6 2033 Fofl 0.112293
Model_1_goa_dr_2022.dat 6 2033  F_LCI 0.081372
Model_1_goa_dr_2022.dat 6 2033  F_UCI 0.112293
Model_1_goa_dr_2022.dat 6 2033  F_Median 0.098275
Model_1_goa_dr_2022.dat 6 2033  F_Mean 0.0983597
Model_1_goa_dr_2022.dat 7 2020 Cabc 4.61738
Model_1_goa_dr_2022.dat 7 2020 Cofl 4.93664
Model_1_goa_dr_2022.dat 7 2020 CLCI 2.55641
Model_1_goa_dr_2022.dat 7 2020 CUCI 2.55641
Model_1_goa_dr_2022.dat 7 2020 CMedian 2.55641
Model_1_goa_dr_2022.dat 7 2020 CMean 2.55641
Model_1_goa_dr_2022.dat 7 2021 Cabc 4.61738
Model_1_goa_dr_2022.dat 7 2021 Cofl 4.93664
Model_1_goa_dr_2022.dat 7 2021 CLCI 7.9081
Model_1_goa_dr_2022.dat 7 2021 CUCI 7.9083
Model_1_goa_dr_2022.dat 7 2021 CMedian 7.90815
Model_1_goa_dr_2022.dat 7 2021 CMean 7.90817
Model_1_goa_dr_2022.dat 7 2022 Cabc 4.61738
Model_1_goa_dr_2022.dat 7 2022 Cofl 4.93664
Model_1_goa_dr_2022.dat 7 2022 CLCI 7.25327
Model_1_goa_dr_2022.dat 7 2022 CUCI 7.25434
Model_1_goa_dr_2022.dat 7 2022 CMedian 7.25357
Model_1_goa_dr_2022.dat 7 2022 CMean 7.25366
Model_1_goa_dr_2022.dat 7 2023 Cabc 4.61738
Model_1_goa_dr_2022.dat 7 2023 Cofl 4.93664
Model_1_goa_dr_2022.dat 7 2023 CLCI 8.04416
Model_1_goa_dr_2022.dat 7 2023 CUCI 8.05007
Model_1_goa_dr_2022.dat 7 2023 CMedian 8.04584
Model_1_goa_dr_2022.dat 7 2023 CMean 8.04631
Model_1_goa_dr_2022.dat 7 2024 Cabc 4.61738
Model_1_goa_dr_2022.dat 7 2024 Cofl 4.93664
Model_1_goa_dr_2022.dat 7 2024 CLCI 7.13314
Model_1_goa_dr_2022.dat 7 2024 CUCI 7.15653
Model_1_goa_dr_2022.dat 7 2024 CMedian 7.13995
Model_1_goa_dr_2022.dat 7 2024 CMean 7.14177
Model_1_goa_dr_2022.dat 7 2025 Cabc 4.61738
Model_1_goa_dr_2022.dat 7 2025 Cofl 4.93664
Model_1_goa_dr_2022.dat 7 2025 CLCI 6.30451
Model_1_goa_dr_2022.dat 7 2025 CUCI 6.38934
Model_1_goa_dr_2022.dat 7 2025 CMedian 6.32944
Model_1_goa_dr_2022.dat 7 2025 CMean 6.336
Model_1_goa_dr_2022.dat 7 2026 Cabc 4.61738
Model_1_goa_dr_2022.dat 7 2026 Cofl 4.93664
Model_1_goa_dr_2022.dat 7 2026 CLCI 5.58662
Model_1_goa_dr_2022.dat 7 2026 CUCI 5.84916
Model_1_goa_dr_2022.dat 7 2026 CMedian 5.66545
Model_1_goa_dr_2022.dat 7 2026 CMean 5.6863
Model_1_goa_dr_2022.dat 7 2027 Cabc 4.61738
Model_1_goa_dr_2022.dat 7 2027 Cofl 4.93664
Model_1_goa_dr_2022.dat 7 2027 CLCI 4.55248
Model_1_goa_dr_2022.dat 7 2027 CUCI 5.64904
Model_1_goa_dr_2022.dat 7 2027 CMedian 4.9803
Model_1_goa_dr_2022.dat 7 2027 CMean 5.03251
Model_1_goa_dr_2022.dat 7 2028 Cabc 4.61738
Model_1_goa_dr_2022.dat 7 2028 Cofl 4.93664
Model_1_goa_dr_2022.dat 7 2028 CLCI 3.88486
Model_1_goa_dr_2022.dat 7 2028 CUCI 5.73201
Model_1_goa_dr_2022.dat 7 2028 CMedian 4.50725
Model_1_goa_dr_2022.dat 7 2028 CMean 4.6279
Model_1_goa_dr_2022.dat 7 2029 Cabc 4.61738
Model_1_goa_dr_2022.dat 7 2029 Cofl 4.93664
Model_1_goa_dr_2022.dat 7 2029 CLCI 3.50667
Model_1_goa_dr_2022.dat 7 2029 CUCI 5.89786
Model_1_goa_dr_2022.dat 7 2029 CMedian 4.30417
Model_1_goa_dr_2022.dat 7 2029 CMean 4.47683
Model_1_goa_dr_2022.dat 7 2030 Cabc 4.61738
Model_1_goa_dr_2022.dat 7 2030 Cofl 4.93664
Model_1_goa_dr_2022.dat 7 2030 CLCI 3.2741
Model_1_goa_dr_2022.dat 7 2030 CUCI 6.04161
Model_1_goa_dr_2022.dat 7 2030 CMedian 4.28779
Model_1_goa_dr_2022.dat 7 2030 CMean 4.44847
Model_1_goa_dr_2022.dat 7 2031 Cabc 4.61738
Model_1_goa_dr_2022.dat 7 2031 Cofl 4.93664
Model_1_goa_dr_2022.dat 7 2031 CLCI 3.11365
Model_1_goa_dr_2022.dat 7 2031 CUCI 6.17879
Model_1_goa_dr_2022.dat 7 2031 CMedian 4.306
Model_1_goa_dr_2022.dat 7 2031 CMean 4.46798
Model_1_goa_dr_2022.dat 7 2032 Cabc 4.61738
Model_1_goa_dr_2022.dat 7 2032 Cofl 4.93664
Model_1_goa_dr_2022.dat 7 2032 CLCI 3.06856
Model_1_goa_dr_2022.dat 7 2032 CUCI 6.2696
Model_1_goa_dr_2022.dat 7 2032 CMedian 4.35858
Model_1_goa_dr_2022.dat 7 2032 CMean 4.50385
Model_1_goa_dr_2022.dat 7 2033 Cabc 4.61738
Model_1_goa_dr_2022.dat 7 2033 Cofl 4.93664
Model_1_goa_dr_2022.dat 7 2033 CLCI 3.05018
Model_1_goa_dr_2022.dat 7 2033 CUCI 6.36192
Model_1_goa_dr_2022.dat 7 2033 CMedian 4.43585
Model_1_goa_dr_2022.dat 7 2033 CMean 4.54956
Model_1_goa_dr_2022.dat 7 2020 SSBF100 65.4957
Model_1_goa_dr_2022.dat 7 2020 SSBFabc 26.1983
Model_1_goa_dr_2022.dat 7 2020 SSBFofl 22.9235
Model_1_goa_dr_2022.dat 7 2020 SSBLCI 44.9747
Model_1_goa_dr_2022.dat 7 2020 SSBUCI 44.9747
Model_1_goa_dr_2022.dat 7 2020 SSBMedian 44.9747
Model_1_goa_dr_2022.dat 7 2020 SSBMean 44.9747
Model_1_goa_dr_2022.dat 7 2021 SSBF100 65.4957
Model_1_goa_dr_2022.dat 7 2021 SSBFabc 26.1983
Model_1_goa_dr_2022.dat 7 2021 SSBFofl 22.9235
Model_1_goa_dr_2022.dat 7 2021 SSBLCI 44.1789
Model_1_goa_dr_2022.dat 7 2021 SSBUCI 44.2057
Model_1_goa_dr_2022.dat 7 2021 SSBMedian 44.1858
Model_1_goa_dr_2022.dat 7 2021 SSBMean 44.1883
Model_1_goa_dr_2022.dat 7 2022 SSBF100 65.4957
Model_1_goa_dr_2022.dat 7 2022 SSBFabc 26.1983
Model_1_goa_dr_2022.dat 7 2022 SSBFofl 22.9235
Model_1_goa_dr_2022.dat 7 2022 SSBLCI 40.7944
Model_1_goa_dr_2022.dat 7 2022 SSBUCI 40.8805
Model_1_goa_dr_2022.dat 7 2022 SSBMedian 40.8201
Model_1_goa_dr_2022.dat 7 2022 SSBMean 40.8269
Model_1_goa_dr_2022.dat 7 2023 SSBF100 65.4957
Model_1_goa_dr_2022.dat 7 2023 SSBFabc 26.1983
Model_1_goa_dr_2022.dat 7 2023 SSBFofl 22.9235
Model_1_goa_dr_2022.dat 7 2023 SSBLCI 37.2141
Model_1_goa_dr_2022.dat 7 2023 SSBUCI 37.444
Model_1_goa_dr_2022.dat 7 2023 SSBMedian 37.2839
Model_1_goa_dr_2022.dat 7 2023 SSBMean 37.3025
Model_1_goa_dr_2022.dat 7 2024 SSBF100 65.4957
Model_1_goa_dr_2022.dat 7 2024 SSBFabc 26.1983
Model_1_goa_dr_2022.dat 7 2024 SSBFofl 22.9235
Model_1_goa_dr_2022.dat 7 2024 SSBLCI 33.191
Model_1_goa_dr_2022.dat 7 2024 SSBUCI 33.7256
Model_1_goa_dr_2022.dat 7 2024 SSBMedian 33.3614
Model_1_goa_dr_2022.dat 7 2024 SSBMean 33.4
Model_1_goa_dr_2022.dat 7 2025 SSBF100 65.4957
Model_1_goa_dr_2022.dat 7 2025 SSBFabc 26.1983
Model_1_goa_dr_2022.dat 7 2025 SSBFofl 22.9235
Model_1_goa_dr_2022.dat 7 2025 SSBLCI 29.5494
Model_1_goa_dr_2022.dat 7 2025 SSBUCI 30.6795
Model_1_goa_dr_2022.dat 7 2025 SSBMedian 29.9256
Model_1_goa_dr_2022.dat 7 2025 SSBMean 29.9945
Model_1_goa_dr_2022.dat 7 2026 SSBF100 65.4957
Model_1_goa_dr_2022.dat 7 2026 SSBFabc 26.1983
Model_1_goa_dr_2022.dat 7 2026 SSBFofl 22.9235
Model_1_goa_dr_2022.dat 7 2026 SSBLCI 26.397
Model_1_goa_dr_2022.dat 7 2026 SSBUCI 28.5269
Model_1_goa_dr_2022.dat 7 2026 SSBMedian 27.1097
Model_1_goa_dr_2022.dat 7 2026 SSBMean 27.2493
Model_1_goa_dr_2022.dat 7 2027 SSBF100 65.4957
Model_1_goa_dr_2022.dat 7 2027 SSBFabc 26.1983
Model_1_goa_dr_2022.dat 7 2027 SSBFofl 22.9235
Model_1_goa_dr_2022.dat 7 2027 SSBLCI 23.858
Model_1_goa_dr_2022.dat 7 2027 SSBUCI 27.4269
Model_1_goa_dr_2022.dat 7 2027 SSBMedian 25.0493
Model_1_goa_dr_2022.dat 7 2027 SSBMean 25.2742
Model_1_goa_dr_2022.dat 7 2028 SSBF100 65.4957
Model_1_goa_dr_2022.dat 7 2028 SSBFabc 26.1983
Model_1_goa_dr_2022.dat 7 2028 SSBFofl 22.9235
Model_1_goa_dr_2022.dat 7 2028 SSBLCI 22.0923
Model_1_goa_dr_2022.dat 7 2028 SSBUCI 27.0614
Model_1_goa_dr_2022.dat 7 2028 SSBMedian 23.7412
Model_1_goa_dr_2022.dat 7 2028 SSBMean 24.1143
Model_1_goa_dr_2022.dat 7 2029 SSBF100 65.4957
Model_1_goa_dr_2022.dat 7 2029 SSBFabc 26.1983
Model_1_goa_dr_2022.dat 7 2029 SSBFofl 22.9235
Model_1_goa_dr_2022.dat 7 2029 SSBLCI 20.9808
Model_1_goa_dr_2022.dat 7 2029 SSBUCI 27.3393
Model_1_goa_dr_2022.dat 7 2029 SSBMedian 23.1894
Model_1_goa_dr_2022.dat 7 2029 SSBMean 23.572
Model_1_goa_dr_2022.dat 7 2030 SSBF100 65.4957
Model_1_goa_dr_2022.dat 7 2030 SSBFabc 26.1983
Model_1_goa_dr_2022.dat 7 2030 SSBFofl 22.9235
Model_1_goa_dr_2022.dat 7 2030 SSBLCI 20.2367
Model_1_goa_dr_2022.dat 7 2030 SSBUCI 27.7967
Model_1_goa_dr_2022.dat 7 2030 SSBMedian 22.9809
Model_1_goa_dr_2022.dat 7 2030 SSBMean 23.3945
Model_1_goa_dr_2022.dat 7 2031 SSBF100 65.4957
Model_1_goa_dr_2022.dat 7 2031 SSBFabc 26.1983
Model_1_goa_dr_2022.dat 7 2031 SSBFofl 22.9235
Model_1_goa_dr_2022.dat 7 2031 SSBLCI 19.7492
Model_1_goa_dr_2022.dat 7 2031 SSBUCI 28.3643
Model_1_goa_dr_2022.dat 7 2031 SSBMedian 23.019
Model_1_goa_dr_2022.dat 7 2031 SSBMean 23.4041
Model_1_goa_dr_2022.dat 7 2032 SSBF100 65.4957
Model_1_goa_dr_2022.dat 7 2032 SSBFabc 26.1983
Model_1_goa_dr_2022.dat 7 2032 SSBFofl 22.9235
Model_1_goa_dr_2022.dat 7 2032 SSBLCI 19.5806
Model_1_goa_dr_2022.dat 7 2032 SSBUCI 28.6457
Model_1_goa_dr_2022.dat 7 2032 SSBMedian 23.0986
Model_1_goa_dr_2022.dat 7 2032 SSBMean 23.4976
Model_1_goa_dr_2022.dat 7 2033 SSBF100 65.4957
Model_1_goa_dr_2022.dat 7 2033 SSBFabc 26.1983
Model_1_goa_dr_2022.dat 7 2033 SSBFofl 22.9235
Model_1_goa_dr_2022.dat 7 2033 SSBLCI 19.4975
Model_1_goa_dr_2022.dat 7 2033 SSBUCI 28.9325
Model_1_goa_dr_2022.dat 7 2033 SSBMedian 23.2298
Model_1_goa_dr_2022.dat 7 2033 SSBMean 23.626
Model_1_goa_dr_2022.dat 7 2020 F0 0 
Model_1_goa_dr_2022.dat 7 2020 Fabc 0.091336
Model_1_goa_dr_2022.dat 7 2020 Fofl 0.112293
Model_1_goa_dr_2022.dat 7 2020  F_LCI 0.0282297
Model_1_goa_dr_2022.dat 7 2020  F_UCI 0.0282297
Model_1_goa_dr_2022.dat 7 2020  F_Median 0.0282297
Model_1_goa_dr_2022.dat 7 2020  F_Mean 0.0282297
Model_1_goa_dr_2022.dat 7 2021 F0 0 
Model_1_goa_dr_2022.dat 7 2021 Fabc 0.091336
Model_1_goa_dr_2022.dat 7 2021 Fofl 0.112293
Model_1_goa_dr_2022.dat 7 2021  F_LCI 0.091336
Model_1_goa_dr_2022.dat 7 2021  F_UCI 0.091336
Model_1_goa_dr_2022.dat 7 2021  F_Median 0.091336
Model_1_goa_dr_2022.dat 7 2021  F_Mean 0.091336
Model_1_goa_dr_2022.dat 7 2022 F0 0 
Model_1_goa_dr_2022.dat 7 2022 Fabc 0.091336
Model_1_goa_dr_2022.dat 7 2022 Fofl 0.112293
Model_1_goa_dr_2022.dat 7 2022  F_LCI 0.091336
Model_1_goa_dr_2022.dat 7 2022  F_UCI 0.091336
Model_1_goa_dr_2022.dat 7 2022  F_Median 0.091336
Model_1_goa_dr_2022.dat 7 2022  F_Mean 0.091336
Model_1_goa_dr_2022.dat 7 2023 F0 0 
Model_1_goa_dr_2022.dat 7 2023 Fabc 0.091336
Model_1_goa_dr_2022.dat 7 2023 Fofl 0.112293
Model_1_goa_dr_2022.dat 7 2023  F_LCI 0.112293
Model_1_goa_dr_2022.dat 7 2023  F_UCI 0.112293
Model_1_goa_dr_2022.dat 7 2023  F_Median 0.112293
Model_1_goa_dr_2022.dat 7 2023  F_Mean 0.112293
Model_1_goa_dr_2022.dat 7 2024 F0 0 
Model_1_goa_dr_2022.dat 7 2024 Fabc 0.091336
Model_1_goa_dr_2022.dat 7 2024 Fofl 0.112293
Model_1_goa_dr_2022.dat 7 2024  F_LCI 0.112293
Model_1_goa_dr_2022.dat 7 2024  F_UCI 0.112293
Model_1_goa_dr_2022.dat 7 2024  F_Median 0.112293
Model_1_goa_dr_2022.dat 7 2024  F_Mean 0.112293
Model_1_goa_dr_2022.dat 7 2025 F0 0 
Model_1_goa_dr_2022.dat 7 2025 Fabc 0.091336
Model_1_goa_dr_2022.dat 7 2025 Fofl 0.112293
Model_1_goa_dr_2022.dat 7 2025  F_LCI 0.112293
Model_1_goa_dr_2022.dat 7 2025  F_UCI 0.112293
Model_1_goa_dr_2022.dat 7 2025  F_Median 0.112293
Model_1_goa_dr_2022.dat 7 2025  F_Mean 0.112293
Model_1_goa_dr_2022.dat 7 2026 F0 0 
Model_1_goa_dr_2022.dat 7 2026 Fabc 0.091336
Model_1_goa_dr_2022.dat 7 2026 Fofl 0.112293
Model_1_goa_dr_2022.dat 7 2026  F_LCI 0.112293
Model_1_goa_dr_2022.dat 7 2026  F_UCI 0.112293
Model_1_goa_dr_2022.dat 7 2026  F_Median 0.112293
Model_1_goa_dr_2022.dat 7 2026  F_Mean 0.112292
Model_1_goa_dr_2022.dat 7 2027 F0 0 
Model_1_goa_dr_2022.dat 7 2027 Fabc 0.091336
Model_1_goa_dr_2022.dat 7 2027 Fofl 0.112293
Model_1_goa_dr_2022.dat 7 2027  F_LCI 0.101734
Model_1_goa_dr_2022.dat 7 2027  F_UCI 0.112293
Model_1_goa_dr_2022.dat 7 2027  F_Median 0.107109
Model_1_goa_dr_2022.dat 7 2027  F_Mean 0.107286
Model_1_goa_dr_2022.dat 7 2028 F0 0 
Model_1_goa_dr_2022.dat 7 2028 Fabc 0.091336
Model_1_goa_dr_2022.dat 7 2028 Fofl 0.112293
Model_1_goa_dr_2022.dat 7 2028  F_LCI 0.0937675
Model_1_goa_dr_2022.dat 7 2028  F_UCI 0.112293
Model_1_goa_dr_2022.dat 7 2028  F_Median 0.101207
Model_1_goa_dr_2022.dat 7 2028  F_Mean 0.102185
Model_1_goa_dr_2022.dat 7 2029 F0 0 
Model_1_goa_dr_2022.dat 7 2029 Fabc 0.091336
Model_1_goa_dr_2022.dat 7 2029 Fofl 0.112293
Model_1_goa_dr_2022.dat 7 2029  F_LCI 0.0887525
Model_1_goa_dr_2022.dat 7 2029  F_UCI 0.112293
Model_1_goa_dr_2022.dat 7 2029  F_Median 0.0987173
Model_1_goa_dr_2022.dat 7 2029  F_Mean 0.0995725
Model_1_goa_dr_2022.dat 7 2030 F0 0 
Model_1_goa_dr_2022.dat 7 2030 Fabc 0.091336
Model_1_goa_dr_2022.dat 7 2030 Fofl 0.112293
Model_1_goa_dr_2022.dat 7 2030  F_LCI 0.0853951
Model_1_goa_dr_2022.dat 7 2030  F_UCI 0.112293
Model_1_goa_dr_2022.dat 7 2030  F_Median 0.0977767
Model_1_goa_dr_2022.dat 7 2030  F_Mean 0.0985445
Model_1_goa_dr_2022.dat 7 2031 F0 0 
Model_1_goa_dr_2022.dat 7 2031 Fabc 0.091336
Model_1_goa_dr_2022.dat 7 2031 Fofl 0.112293
Model_1_goa_dr_2022.dat 7 2031  F_LCI 0.0831957
Model_1_goa_dr_2022.dat 7 2031  F_UCI 0.112293
Model_1_goa_dr_2022.dat 7 2031  F_Median 0.0979488
Model_1_goa_dr_2022.dat 7 2031  F_Mean 0.0983459
Model_1_goa_dr_2022.dat 7 2032 F0 0 
Model_1_goa_dr_2022.dat 7 2032 Fabc 0.091336
Model_1_goa_dr_2022.dat 7 2032 Fofl 0.112293
Model_1_goa_dr_2022.dat 7 2032  F_LCI 0.0824351
Model_1_goa_dr_2022.dat 7 2032  F_UCI 0.112293
Model_1_goa_dr_2022.dat 7 2032  F_Median 0.0983076
Model_1_goa_dr_2022.dat 7 2032  F_Mean 0.0985283
Model_1_goa_dr_2022.dat 7 2033 F0 0 
Model_1_goa_dr_2022.dat 7 2033 Fabc 0.091336
Model_1_goa_dr_2022.dat 7 2033 Fofl 0.112293
Model_1_goa_dr_2022.dat 7 2033  F_LCI 0.0820598
Model_1_goa_dr_2022.dat 7 2033  F_UCI 0.112293
Model_1_goa_dr_2022.dat 7 2033  F_Median 0.0988999
Model_1_goa_dr_2022.dat 7 2033  F_Mean 0.0989021
