
Initial statistics: 1 variables; iteration 0; function evaluation 0; phase 1
Function value   7.4743122e+01; maximum gradient component mag  -6.0715e+00
Var   Value    Gradient   |Var   Value    Gradient   |Var   Value    Gradient
  1 50.00000  -6.0715e+00 |

 - final statistics:
1 variables; iteration 6; function evaluation 9
Function value   3.2347e+01; maximum gradient component mag  -1.2819e-06
Exit code = 1;  converg criter   1.0000e-04
Var   Value    Gradient   |Var   Value    Gradient   |Var   Value    Gradient
  1 66.11096  -1.2819e-06 |

Initial statistics: 2 variables; iteration 0; function evaluation 0; phase 2
Function value   3.2347358e+01; maximum gradient component mag  -1.5981e+02
Var   Value    Gradient   |Var   Value    Gradient   |Var   Value    Gradient
  1 66.11096  -1.2819e-06 |  2  0.10000  -1.5981e+02 |

Intermediate statistics: 2 variables; iteration 10; function evaluation 12; phase 2
Function value   2.9568107e+01; maximum gradient component mag  -3.7859e-01
Var   Value    Gradient   |Var   Value    Gradient   |Var   Value    Gradient
  1 53.07672   1.9304e-03 |  2  0.13877  -3.7859e-01 |

 - final statistics:
2 variables; iteration 15; function evaluation 17
Function value   2.9568e+01; maximum gradient component mag  -3.5716e-06
Exit code = 1;  converg criter   1.0000e-04
Var   Value    Gradient   |Var   Value    Gradient   |Var   Value    Gradient
  1 53.00163  -2.7943e-08 |  2  0.13906  -3.5716e-06 |

Initial statistics: 3 variables; iteration 0; function evaluation 0; phase 3
Function value   2.9567979e+01; maximum gradient component mag   1.6105e+00
Var   Value    Gradient   |Var   Value    Gradient   |Var   Value    Gradient
  1 53.00163  -2.7943e-08 |  2  0.13906  -3.5716e-06 |  3  0.10000   1.6105e+00

Intermediate statistics: 3 variables; iteration 10; function evaluation 10; phase 3
Function value   2.9433850e+01; maximum gradient component mag   2.7873e+00
Var   Value    Gradient   |Var   Value    Gradient   |Var   Value    Gradient
  1 55.03442   6.6547e-03 |  2  0.12425   2.7873e+00 |  3 -0.08024  -1.9428e-01

 - final statistics:
3 variables; iteration 15; function evaluation 15
Function value   2.9433e+01; maximum gradient component mag  -4.3564e-05
Exit code = 1;  converg criter   1.0000e-04
Var   Value    Gradient   |Var   Value    Gradient   |Var   Value    Gradient
  1 55.00692  -1.5820e-07 |  2  0.12454  -4.3564e-05 |  3 -0.07302   1.1869e-06
Estimating row 1 out of 3 for hessian
Estimating row 2 out of 3 for hessian
Estimating row 3 out of 3 for hessian
