Alternative 1 Catch
     Model_1_goa_dr_2022.dat 
Equil_Fabc 4.6223 
Year 
2022 2.64385 
2023 7.91656 
2024 7.26159 
2025 6.61709 
2026 5.99177 
2027 5.41922 
2028 4.95028 
2029 4.62573 
2030 4.36475 
2031 4.24181 
2032 4.21075 
2033 4.22055 
2034 4.24851 
2035 4.28556 

Alternative 1 ABCs
     Model_1_goa_dr_2022.dat 

Year 
2022  NA 
2023 7.91656 
2024 7.26159 
2025 6.61709 
2026 5.99177 
2027 5.41922 
2028 4.95028 
2029 4.62573 
2030 4.36475 
2031 4.24181 
2032 4.21075 
2033 4.22055 
2034 4.24851 
2035 4.28556 

Alternative 1 TACs
     Model_1_goa_dr_2022.dat 

Year 
2022  NA 
2023 7.91656 
2024 7.26159 
2025 6.61709 
2026 5.99177 
2027 5.41922 
2028 4.95028 
2029 4.62573 
2030 4.36475 
2031 4.24181 
2032 4.21075 
2033 4.22055 
2034 4.24851 
2035 4.28556 

Alternative 1 Sp_Biomass
     Model_1_goa_dr_2022.dat 
Equil_Fabc 26.2259 
Year 
2022 45.051 
2023 44.2326 
2024 40.8691 
2025 37.4679 
2026 34.2171 
2027 31.3112 
2028 28.9326 
2029 27.1991 
2030 26.1229 
2031 25.6008 
2032 25.433 
2033 25.4563 
2034 25.5701 
2035 25.7235 

Alternative 1 Fishing Mortality
     Model_1_goa_dr_2022.dat 
Equil_Fabc 0.0913417 
Year 
2022 0.0291545 
2023 0.0913417 
2024 0.0913417 
2025 0.0913417 
2026 0.0913417 
2027 0.0913417 
2028 0.0913417 
2029 0.0911053 
2030 0.0886428 
2031 0.0866953 
2032 0.0857171 
2033 0.085358 
2034 0.0853603 
2035 0.0855164 

Alternative 1 Biomass
     Model_1_goa_dr_2022.dat 

Year 
2022 109.82 
2023 107.16 
2024 99.6261 
2025 93.5286 
2026 88.7792 
2027 85.2746 
2028 82.918 
2029 81.535 
2030 80.8415 
2031 80.7292 
2032 80.8579 
2033 81.143 
2034 81.4049 
2035 81.6804 

Alternative 1 Implied SPR rate 
     Model_1_goa_dr_2022.dat 
Equil_Fabc 0.4 
Year 
2022 0.683194 
2023 0.4 
2024 0.4 
2025 0.4 
2026 0.4 
2027 0.4 
2028 0.4 
2029 0.40065 
2030 0.407634 
2031 0.413425 
2032 0.416476 
2033 0.417673 
2034 0.417756 
2035 0.417337 

  Model_1_goa_dr_2022.dat 
EquilAvgAgeF0  12.9802 
EquilAvgAgeFabc  7.76878 
AvgAgeYr2035 8.19705 
Alternative 2 Catch
     Model_1_goa_dr_2022.dat 
Equil_Fabc 4.6223 
Year 
2022 2.64385 
2023 7.91656 
2024 7.26159 
2025 6.61709 
2026 5.99177 
2027 5.41922 
2028 4.95028 
2029 4.62573 
2030 4.36475 
2031 4.24181 
2032 4.21075 
2033 4.22055 
2034 4.24851 
2035 4.28556 

Alternative 2 ABCs
     Model_1_goa_dr_2022.dat 

Year 
2022  NA 
2023 7.91656 
2024 7.26159 
2025 6.61709 
2026 5.99177 
2027 5.41922 
2028 4.95028 
2029 4.62573 
2030 4.36475 
2031 4.24181 
2032 4.21075 
2033 4.22055 
2034 4.24851 
2035 4.28556 

Alternative 2 TACs
     Model_1_goa_dr_2022.dat 

Year 
2022  NA 
2023 7.91656 
2024 7.26159 
2025 6.61709 
2026 5.99177 
2027 5.41922 
2028 4.95028 
2029 4.62573 
2030 4.36475 
2031 4.24181 
2032 4.21075 
2033 4.22055 
2034 4.24851 
2035 4.28556 

Alternative 2 Sp_Biomass
     Model_1_goa_dr_2022.dat 
Equil_Fabc 26.2259 
Year 
2022 45.051 
2023 44.2326 
2024 40.8691 
2025 37.4679 
2026 34.2171 
2027 31.3112 
2028 28.9326 
2029 27.1991 
2030 26.1229 
2031 25.6008 
2032 25.433 
2033 25.4563 
2034 25.5701 
2035 25.7235 

Alternative 2 Fishing Mortality
     Model_1_goa_dr_2022.dat 
Equil_Fabc 0.0913417 
Year 
2022 0.0291545 
2023 0.0913417 
2024 0.0913417 
2025 0.0913417 
2026 0.0913417 
2027 0.0913417 
2028 0.0913417 
2029 0.0911053 
2030 0.0886428 
2031 0.0866953 
2032 0.0857171 
2033 0.085358 
2034 0.0853603 
2035 0.0855164 

Alternative 2 Biomass
     Model_1_goa_dr_2022.dat 

Year 
2022 109.82 
2023 107.16 
2024 99.6261 
2025 93.5286 
2026 88.7792 
2027 85.2746 
2028 82.918 
2029 81.535 
2030 80.8415 
2031 80.7292 
2032 80.8579 
2033 81.143 
2034 81.4049 
2035 81.6804 

Alternative 2 Implied SPR rate 
     Model_1_goa_dr_2022.dat 
Equil_Fabc 0.4 
Year 
2022 0.683194 
2023 0.4 
2024 0.4 
2025 0.4 
2026 0.4 
2027 0.4 
2028 0.4 
2029 0.40065 
2030 0.407634 
2031 0.413425 
2032 0.416476 
2033 0.417673 
2034 0.417756 
2035 0.417337 

  Model_1_goa_dr_2022.dat 
EquilAvgAgeF0  12.9802 
EquilAvgAgeFabc  7.76878 
AvgAgeYr2035 8.19705 
Alternative 3 Catch
     Model_1_goa_dr_2022.dat 
Equil_Fabc 4.6223 
Year 
2022 2.64385 
2023 4.04441 
2024 3.87332 
2025 3.68148 
2026 3.47376 
2027 3.26845 
2028 3.09393 
2029 2.98064 
2030 2.93759 
2031 2.94052 
2032 2.96321 
2033 2.99119 
2034 3.0196 
2035 3.04894 

Alternative 3 ABCs
     Model_1_goa_dr_2022.dat 

Year 
2022  NA 
2023 4.04441 
2024 3.87332 
2025 3.68148 
2026 3.47376 
2027 3.26845 
2028 3.09393 
2029 2.98064 
2030 2.93759 
2031 2.94052 
2032 2.96321 
2033 2.99119 
2034 3.0196 
2035 3.04894 

Alternative 3 TACs
     Model_1_goa_dr_2022.dat 

Year 
2022  NA 
2023 4.04441 
2024 3.87332 
2025 3.68148 
2026 3.47376 
2027 3.26845 
2028 3.09393 
2029 2.98064 
2030 2.93759 
2031 2.94052 
2032 2.96321 
2033 2.99119 
2034 3.0196 
2035 3.04894 

Alternative 3 Sp_Biomass
     Model_1_goa_dr_2022.dat 
Equil_Fabc 26.2259 
Year 
2022 45.051 
2023 44.5566 
2024 42.9734 
2025 41.0863 
2026 39.0754 
2027 37.1459 
2028 35.5048 
2029 34.3085 
2030 33.6156 
2031 33.3503 
2032 33.3748 
2033 33.5678 
2034 33.8445 
2035 34.1593 

Alternative 3 Fishing Mortality
     Model_1_goa_dr_2022.dat 
Equil_Fabc 0.0913417 
Year 
2022 0.0291545 
2023 0.0456709 
2024 0.0456709 
2025 0.0456709 
2026 0.0456709 
2027 0.0456709 
2028 0.0456709 
2029 0.0456709 
2030 0.0456709 
2031 0.0456709 
2032 0.0456709 
2033 0.0456707 
2034 0.0456676 
2035 0.0456608 

Alternative 3 Biomass
     Model_1_goa_dr_2022.dat 

Year 
2022 109.82 
2023 107.16 
2024 103.479 
2025 100.58 
2026 98.4152 
2027 96.9339 
2028 96.1131 
2029 95.8745 
2030 96.0466 
2031 96.5366 
2032 97.113 
2033 97.7757 
2034 98.3843 
2035 98.9941 

Alternative 3 Implied SPR rate 
     Model_1_goa_dr_2022.dat 
Equil_Fabc 0.4 
Year 
2022 0.683194 
2023 0.576699 
2024 0.576699 
2025 0.576699 
2026 0.576699 
2027 0.576699 
2028 0.576699 
2029 0.576699 
2030 0.576699 
2031 0.576699 
2032 0.576699 
2033 0.5767 
2034 0.576717 
2035 0.576755 

  Model_1_goa_dr_2022.dat 
EquilAvgAgeF0  12.9802 
EquilAvgAgeFabc  7.76878 
AvgAgeYr2035 9.54686 
Alternative 4 Catch
     Model_1_goa_dr_2022.dat 
Equil_Fabc 4.6223 
Year 
2022 2.64385 
2023 2.72786 
2024 2.65001 
2025 2.5542 
2026 2.44336 
2027 2.32961 
2028 2.23223 
2029 2.17231 
2030 2.1571 
2031 2.17147 
2032 2.19834 
2033 2.2282 
2034 2.25788 
2035 2.28773 

Alternative 4 ABCs
     Model_1_goa_dr_2022.dat 

Year 
2022  NA 
2023 2.72786 
2024 2.65001 
2025 2.5542 
2026 2.44336 
2027 2.32961 
2028 2.23223 
2029 2.17231 
2030 2.1571 
2031 2.17147 
2032 2.19834 
2033 2.2282 
2034 2.25788 
2035 2.28773 

Alternative 4 TACs
     Model_1_goa_dr_2022.dat 

Year 
2022  NA 
2023 2.72786 
2024 2.65001 
2025 2.5542 
2026 2.44336 
2027 2.32961 
2028 2.23223 
2029 2.17231 
2030 2.1571 
2031 2.17147 
2032 2.19834 
2033 2.2282 
2034 2.25788 
2035 2.28773 

Alternative 4 Sp_Biomass
     Model_1_goa_dr_2022.dat 
Equil_Fabc 26.2259 
Year 
2022 45.051 
2023 44.6642 
2024 43.6928 
2025 42.36 
2026 40.8355 
2027 39.3207 
2028 38.024 
2029 37.1093 
2030 36.6506 
2031 36.5898 
2032 36.8027 
2033 37.1749 
2034 37.6238 
2035 38.1031 

Alternative 4 Fishing Mortality
     Model_1_goa_dr_2022.dat 
Equil_Fabc 0.0913417 
Year 
2022 0.0291545 
2023 0.0305845 
2024 0.0305845 
2025 0.0305845 
2026 0.0305845 
2027 0.0305845 
2028 0.0305845 
2029 0.0305845 
2030 0.0305845 
2031 0.0305845 
2032 0.0305845 
2033 0.0305845 
2034 0.0305845 
2035 0.0305845 

Alternative 4 Biomass
     Model_1_goa_dr_2022.dat 

Year 
2022 109.82 
2023 107.16 
2024 104.79 
2025 103.049 
2026 101.887 
2027 101.255 
2028 101.142 
2029 101.488 
2030 102.156 
2031 103.086 
2032 104.066 
2033 105.107 
2034 106.074 
2035 107.022 

Alternative 4 Implied SPR rate 
     Model_1_goa_dr_2022.dat 
Equil_Fabc 0.4 
Year 
2022 0.683194 
2023 0.672528 
2024 0.672528 
2025 0.672528 
2026 0.672528 
2027 0.672528 
2028 0.672528 
2029 0.672528 
2030 0.672528 
2031 0.672528 
2032 0.672528 
2033 0.672528 
2034 0.672528 
2035 0.672528 

  Model_1_goa_dr_2022.dat 
EquilAvgAgeF0  12.9802 
EquilAvgAgeFabc  7.76878 
AvgAgeYr2035 10.1145 
Alternative 5 Catch
     Model_1_goa_dr_2022.dat 
Equil_Fabc 4.6223 
Year 
2022 2.64385 
2023  NA 
2024  NA 
2025  NA 
2026  NA 
2027  NA 
2028  NA 
2029  NA 
2030  NA 
2031  NA 
2032  NA 
2033  NA 
2034  NA 
2035  NA 

Alternative 5 ABCs
     Model_1_goa_dr_2022.dat 

Year 
2022  NA 
2023  NA 
2024  NA 
2025  NA 
2026  NA 
2027  NA 
2028  NA 
2029  NA 
2030  NA 
2031  NA 
2032  NA 
2033  NA 
2034  NA 
2035  NA 

Alternative 5 TACs
     Model_1_goa_dr_2022.dat 

Year 
2022  NA 
2023  NA 
2024  NA 
2025  NA 
2026  NA 
2027  NA 
2028  NA 
2029  NA 
2030  NA 
2031  NA 
2032  NA 
2033  NA 
2034  NA 
2035  NA 

Alternative 5 Sp_Biomass
     Model_1_goa_dr_2022.dat 
Equil_Fabc 26.2259 
Year 
2022 45.051 
2023 44.883 
2024 45.1897 
2025 45.0697 
2026 44.6638 
2027 44.1563 
2028 43.7494 
2029 43.6133 
2030 43.8468 
2031 44.4234 
2032 45.2437 
2033 46.2076 
2034 47.2353 
2035 48.2794 

Alternative 5 Fishing Mortality
     Model_1_goa_dr_2022.dat 
Equil_Fabc 0.0913417 
Year 
2022 0.0291545 
2023  NA 
2024  NA 
2025  NA 
2026  NA 
2027  NA 
2028  NA 
2029  NA 
2030  NA 
2031  NA 
2032  NA 
2033  NA 
2034  NA 
2035  NA 

Alternative 5 Biomass
     Model_1_goa_dr_2022.dat 

Year 
2022 109.82 
2023 107.16 
2024 107.506 
2025 108.28 
2026 109.405 
2027 110.821 
2028 112.518 
2029 114.462 
2030 116.569 
2031 118.834 
2032 121.085 
2033 123.353 
2034 125.508 
2035 127.607 

Alternative 5 Implied SPR rate 
     Model_1_goa_dr_2022.dat 
Equil_Fabc 0.4 
Year 
2022 0.683194 
2023 1 
2024 1 
2025 1 
2026 1 
2027 1 
2028 1 
2029 1 
2030 1 
2031 1 
2032 1 
2033 1 
2034 1 
2035 1 

  Model_1_goa_dr_2022.dat 
EquilAvgAgeF0  12.9802 
EquilAvgAgeFabc  7.76878 
AvgAgeYr2035 11.4123 
Alternative 6 Catch
     Model_1_goa_dr_2022.dat 
Equil_Fabc 4.6223 
Year 
2022 2.64385 
2023 9.63797 
2024 8.66757 
2025 7.74767 
2026 6.8853 
2027 6.11746 
2028 5.46293 
2029 4.76278 
2030 4.4247 
2031 4.32535 
2032 4.33503 
2033 4.38327 
2034 4.44115 
2035 4.50364 

Alternative 6 ABCs
     Model_1_goa_dr_2022.dat 

Year 
2022 9.79664 
2023 9.63797 
2024 8.66757 
2025 7.74767 
2026 6.8853 
2027 6.11746 
2028 5.46293 
2029 4.76278 
2030 4.4247 
2031 4.32535 
2032 4.33503 
2033 4.38327 
2034 4.44115 
2035 4.50364 

Alternative 6 TACs
     Model_1_goa_dr_2022.dat 

Year 
2022  NA 
2023 9.63797 
2024 8.66757 
2025 7.74767 
2026 6.8853 
2027 6.11746 
2028 5.46293 
2029 4.76278 
2030 4.4247 
2031 4.32535 
2032 4.33503 
2033 4.38327 
2034 4.44115 
2035 4.50364 

Alternative 6 Sp_Biomass
     Model_1_goa_dr_2022.dat 
Equil_Fabc 26.2259 
Year 
2022 45.051 
2023 44.0848 
2024 39.9394 
2025 35.9202 
2026 32.205 
2027 28.971 
2028 26.3826 
2029 24.5667 
2030 23.5716 
2031 23.1576 
2032 23.0802 
2033 23.1682 
2034 23.3231 
2035 23.499 

Alternative 6 Fishing Mortality
     Model_1_goa_dr_2022.dat 
Equil_Fabc 0.0913417 
Year 
2022 0.0291545 
2023 0.112301 
2024 0.112301 
2025 0.112301 
2026 0.112301 
2027 0.112301 
2028 0.111466 
2029 0.10441 
2030 0.0998695 
2031 0.0978187 
2032 0.0972276 
2033 0.0973625 
2034 0.0978001 
2035 0.0983673 

Alternative 6 Biomass
     Model_1_goa_dr_2022.dat 

Year 
2022 109.82 
2023 107.16 
2024 97.9136 
2025 90.4937 
2026 84.7631 
2027 80.5678 
2028 77.7566 
2029 76.1329 
2030 75.5851 
2031 75.6896 
2032 76.0008 
2033 76.4162 
2034 76.7603 
2035 77.0804 

Alternative 6 Implied SPR rate 
     Model_1_goa_dr_2022.dat 
Equil_Fabc 0.4 
Year 
2022 0.683194 
2023 0.35 
2024 0.35 
2025 0.35 
2026 0.35 
2027 0.35 
2028 0.351772 
2029 0.367565 
2030 0.378639 
2031 0.38407 
2032 0.385869 
2033 0.385737 
2034 0.384747 
2035 0.383381 

  Model_1_goa_dr_2022.dat 
EquilAvgAgeF0  12.9802 
EquilAvgAgeFabc  7.76878 
AvgAgeYr2035 7.80246 
Alternative 7 Catch
     Model_1_goa_dr_2022.dat 
Equil_Fabc 4.6223 
Year 
2022 2.64385 
2023 7.91656 
2024 7.26159 
2025 8.05535 
2026 7.14984 
2027 6.3431 
2028 5.69255 
2029 5.03787 
2030 4.63279 
2031 4.48158 
2032 4.45325 
2033 4.47285 
2034 4.50881 
2035 4.5546 

Alternative 7 ABCs
     Model_1_goa_dr_2022.dat 

Year 
2022 9.79664 
2023 9.63797 
2024 8.84024 
2025 8.05535 
2026 7.14984 
2027 6.3431 
2028 5.69255 
2029 5.03787 
2030 4.63279 
2031 4.48158 
2032 4.45325 
2033 4.47285 
2034 4.50881 
2035 4.5546 

Alternative 7 TACs
     Model_1_goa_dr_2022.dat 

Year 
2022  NA 
2023 9.63797 
2024 8.84024 
2025 8.05535 
2026 7.14984 
2027 6.3431 
2028 5.69255 
2029 5.03787 
2030 4.63279 
2031 4.48158 
2032 4.45325 
2033 4.47285 
2034 4.50881 
2035 4.5546 

Alternative 7 Sp_Biomass
     Model_1_goa_dr_2022.dat 
Equil_Fabc 26.2259 
Year 
2022 45.051 
2023 44.2326 
2024 40.8691 
2025 37.3418 
2026 33.4355 
2027 30.0263 
2028 27.2781 
2029 25.3008 
2030 24.1397 
2031 23.597 
2032 23.4194 
2033 23.4292 
2034 23.523 
2035 23.6516 

Alternative 7 Fishing Mortality
     Model_1_goa_dr_2022.dat 
Equil_Fabc 0.0913417 
Year 
2022 0.0291545 
2023 0.0913417 
2024 0.0913417 
2025 0.112301 
2026 0.112301 
2027 0.112301 
2028 0.1123 
2029 0.107292 
2030 0.102191 
2031 0.0995786 
2032 0.0985509 
2033 0.0983528 
2034 0.0985356 
2035 0.0989096 

Alternative 7 Biomass
     Model_1_goa_dr_2022.dat 

Year 
2022 109.82 
2023 107.16 
2024 99.6261 
2025 93.5286 
2026 87.3549 
2027 82.7714 
2028 79.6235 
2029 77.672 
2030 76.7657 
2031 76.5942 
2032 76.6939 
2033 76.9463 
2034 77.1648 
2035 77.3885 

Alternative 7 Implied SPR rate 
     Model_1_goa_dr_2022.dat 
Equil_Fabc 0.4 
Year 
2022 0.683194 
2023 0.4 
2024 0.4 
2025 0.35 
2026 0.35 
2027 0.35 
2028 0.350003 
2029 0.360976 
2030 0.372992 
2031 0.379631 
2032 0.382471 
2033 0.383177 
2034 0.382841 
2035 0.381977 

  Model_1_goa_dr_2022.dat 
EquilAvgAgeF0  12.9802 
EquilAvgAgeFabc  7.76878 
AvgAgeYr2035 7.84127 
