Alternative 1 Catch
     Model_1_goa_dr_2022.dat 
Equil_Fabc 4.6223 
Year 
2022 2.64385 
2023 4.78731 
2024 4.39123 
2025 7.10285 
2026 6.41807 
2027 5.79042 
2028 5.27181 
2029 4.91421 
2030 4.6983 
2031 4.53652 
2032 4.45183 
2033 4.41515 
2034 4.40412 
2035 4.40925 

Alternative 1 ABCs
     Model_1_goa_dr_2022.dat 

Year 
2022  NA 
2023  NA 
2024  NA 
2025 7.10285 
2026 6.41807 
2027 5.79042 
2028 5.27181 
2029 4.91421 
2030 4.6983 
2031 4.53652 
2032 4.45183 
2033 4.41515 
2034 4.40412 
2035 4.40925 

Alternative 1 TACs
     Model_1_goa_dr_2022.dat 

Year 
2022  NA 
2023  NA 
2024  NA 
2025 7.10285 
2026 6.41807 
2027 5.79042 
2028 5.27181 
2029 4.91421 
2030 4.6983 
2031 4.53652 
2032 4.45183 
2033 4.41515 
2034 4.40412 
2035 4.40925 

Alternative 1 Sp_Biomass
     Model_1_goa_dr_2022.dat 
Equil_Fabc 26.2259 
Year 
2022 45.051 
2023 44.4953 
2024 42.5814 
2025 40.2096 
2026 36.6393 
2027 33.4318 
2028 30.7766 
2029 28.7935 
2030 27.4853 
2031 26.7277 
2032 26.355 
2033 26.2079 
2034 26.1813 
2035 26.2199 

Alternative 1 Fishing Mortality
     Model_1_goa_dr_2022.dat 
Equil_Fabc 0.0913417 
Year 
2022 0.0291545 
2023 0.0542804 
2024 0.0523661 
2025 0.0913417 
2026 0.0913417 
2027 0.0913417 
2028 0.0913417 
2029 0.0913417 
2030 0.090814 
2031 0.0890278 
2032 0.0876866 
2033 0.0869458 
2034 0.0866003 
2035 0.0864654 

Alternative 1 Biomass
     Model_1_goa_dr_2022.dat 

Year 
2022 109.82 
2023 107.16 
2024 102.74 
2025 99.3586 
2026 93.8615 
2027 89.6859 
2028 86.7338 
2029 84.826 
2030 83.6628 
2031 83.0577 
2032 82.7553 
2033 82.6841 
2034 82.6546 
2035 82.6935 

Alternative 1 Implied SPR rate 
     Model_1_goa_dr_2022.dat 
Equil_Fabc 0.4 
Year 
2022 0.683194 
2023 0.532881 
2024 0.542064 
2025 0.4 
2026 0.4 
2027 0.4 
2028 0.4 
2029 0.4 
2030 0.401463 
2031 0.406569 
2032 0.410557 
2033 0.412845 
2034 0.413961 
2035 0.414419 

  Model_1_goa_dr_2022.dat 
EquilAvgAgeF0  12.9802 
EquilAvgAgeFabc  7.76878 
AvgAgeYr2035 8.30367 
Alternative 2 Catch
     Model_1_goa_dr_2022.dat 
Equil_Fabc 4.6223 
Year 
2022 2.64385 
2023 4.78731 
2024 4.39123 
2025 7.10285 
2026 6.41807 
2027 5.79042 
2028 5.27181 
2029 4.91421 
2030 4.6983 
2031 4.53652 
2032 4.45183 
2033 4.41515 
2034 4.40412 
2035 4.40925 

Alternative 2 ABCs
     Model_1_goa_dr_2022.dat 

Year 
2022  NA 
2023  NA 
2024  NA 
2025 7.10285 
2026 6.41807 
2027 5.79042 
2028 5.27181 
2029 4.91421 
2030 4.6983 
2031 4.53652 
2032 4.45183 
2033 4.41515 
2034 4.40412 
2035 4.40925 

Alternative 2 TACs
     Model_1_goa_dr_2022.dat 

Year 
2022  NA 
2023  NA 
2024  NA 
2025 7.10285 
2026 6.41807 
2027 5.79042 
2028 5.27181 
2029 4.91421 
2030 4.6983 
2031 4.53652 
2032 4.45183 
2033 4.41515 
2034 4.40412 
2035 4.40925 

Alternative 2 Sp_Biomass
     Model_1_goa_dr_2022.dat 
Equil_Fabc 26.2259 
Year 
2022 45.051 
2023 44.4953 
2024 42.5814 
2025 40.2096 
2026 36.6393 
2027 33.4318 
2028 30.7766 
2029 28.7935 
2030 27.4853 
2031 26.7277 
2032 26.355 
2033 26.2079 
2034 26.1813 
2035 26.2199 

Alternative 2 Fishing Mortality
     Model_1_goa_dr_2022.dat 
Equil_Fabc 0.0913417 
Year 
2022 0.0291545 
2023 0.0542804 
2024 0.0523661 
2025 0.0913417 
2026 0.0913417 
2027 0.0913417 
2028 0.0913417 
2029 0.0913417 
2030 0.090814 
2031 0.0890278 
2032 0.0876866 
2033 0.0869458 
2034 0.0866003 
2035 0.0864654 

Alternative 2 Biomass
     Model_1_goa_dr_2022.dat 

Year 
2022 109.82 
2023 107.16 
2024 102.74 
2025 99.3586 
2026 93.8615 
2027 89.6859 
2028 86.7338 
2029 84.826 
2030 83.6628 
2031 83.0577 
2032 82.7553 
2033 82.6841 
2034 82.6546 
2035 82.6935 

Alternative 2 Implied SPR rate 
     Model_1_goa_dr_2022.dat 
Equil_Fabc 0.4 
Year 
2022 0.683194 
2023 0.532881 
2024 0.542064 
2025 0.4 
2026 0.4 
2027 0.4 
2028 0.4 
2029 0.4 
2030 0.401463 
2031 0.406569 
2032 0.410557 
2033 0.412845 
2034 0.413961 
2035 0.414419 

  Model_1_goa_dr_2022.dat 
EquilAvgAgeF0  12.9802 
EquilAvgAgeFabc  7.76878 
AvgAgeYr2035 8.30367 
Alternative 3 Catch
     Model_1_goa_dr_2022.dat 
Equil_Fabc 4.6223 
Year 
2022 2.64385 
2023 4.78731 
2024 4.39123 
2025 3.62939 
2026 3.42597 
2027 3.22492 
2028 3.05448 
2029 2.94502 
2030 2.9055 
2031 2.91167 
2032 2.93732 
2033 2.96796 
2034 2.99871 
2035 3.03016 

Alternative 3 ABCs
     Model_1_goa_dr_2022.dat 

Year 
2022  NA 
2023  NA 
2024  NA 
2025 3.62939 
2026 3.42597 
2027 3.22492 
2028 3.05448 
2029 2.94502 
2030 2.9055 
2031 2.91167 
2032 2.93732 
2033 2.96796 
2034 2.99871 
2035 3.03016 

Alternative 3 TACs
     Model_1_goa_dr_2022.dat 

Year 
2022  NA 
2023  NA 
2024  NA 
2025 3.62939 
2026 3.42597 
2027 3.22492 
2028 3.05448 
2029 2.94502 
2030 2.9055 
2031 2.91167 
2032 2.93732 
2033 2.96796 
2034 2.99871 
2035 3.03016 

Alternative 3 Sp_Biomass
     Model_1_goa_dr_2022.dat 
Equil_Fabc 26.2259 
Year 
2022 45.051 
2023 44.4953 
2024 42.5814 
2025 40.5066 
2026 38.5399 
2027 36.6556 
2028 35.0588 
2029 33.9047 
2030 33.2514 
2031 33.0225 
2032 33.0805 
2033 33.3039 
2034 33.6083 
2035 33.9479 

Alternative 3 Fishing Mortality
     Model_1_goa_dr_2022.dat 
Equil_Fabc 0.0913417 
Year 
2022 0.0291545 
2023 0.0542804 
2024 0.0523661 
2025 0.0456709 
2026 0.0456709 
2027 0.0456709 
2028 0.0456709 
2029 0.0456709 
2030 0.0456709 
2031 0.0456709 
2032 0.0456709 
2033 0.0456703 
2034 0.0456654 
2035 0.0456569 

Alternative 3 Biomass
     Model_1_goa_dr_2022.dat 

Year 
2022 109.82 
2023 107.16 
2024 102.74 
2025 99.3586 
2026 97.3012 
2027 95.9224 
2028 95.1976 
2029 95.0482 
2030 95.3025 
2031 95.8676 
2032 96.5127 
2033 97.2375 
2034 97.9024 
2035 98.5632 

Alternative 3 Implied SPR rate 
     Model_1_goa_dr_2022.dat 
Equil_Fabc 0.4 
Year 
2022 0.683194 
2023 0.532881 
2024 0.542064 
2025 0.576699 
2026 0.576699 
2027 0.576699 
2028 0.576699 
2029 0.576699 
2030 0.576699 
2031 0.576699 
2032 0.576699 
2033 0.576703 
2034 0.57673 
2035 0.576777 

  Model_1_goa_dr_2022.dat 
EquilAvgAgeF0  12.9802 
EquilAvgAgeFabc  7.76878 
AvgAgeYr2035 9.51014 
Alternative 4 Catch
     Model_1_goa_dr_2022.dat 
Equil_Fabc 4.6223 
Year 
2022 2.64385 
2023 4.78731 
2024 4.39123 
2025 2.44809 
2026 2.34451 
2027 2.23821 
2028 2.14814 
2029 2.09522 
2030 2.0866 
2031 2.10712 
2032 2.1397 
2033 2.17484 
2034 2.20937 
2035 2.24368 

Alternative 4 ABCs
     Model_1_goa_dr_2022.dat 

Year 
2022  NA 
2023  NA 
2024  NA 
2025 2.44809 
2026 2.34451 
2027 2.23821 
2028 2.14814 
2029 2.09522 
2030 2.0866 
2031 2.10712 
2032 2.1397 
2033 2.17484 
2034 2.20937 
2035 2.24368 

Alternative 4 TACs
     Model_1_goa_dr_2022.dat 

Year 
2022  NA 
2023  NA 
2024  NA 
2025 2.44809 
2026 2.34451 
2027 2.23821 
2028 2.14814 
2029 2.09522 
2030 2.0866 
2031 2.10712 
2032 2.1397 
2033 2.17484 
2034 2.20937 
2035 2.24368 

Alternative 4 Sp_Biomass
     Model_1_goa_dr_2022.dat 
Equil_Fabc 26.2259 
Year 
2022 45.051 
2023 44.4953 
2024 42.5814 
2025 40.6052 
2026 39.1899 
2027 37.7909 
2028 36.6112 
2029 35.8109 
2030 35.4615 
2031 35.5036 
2032 35.8124 
2033 36.2735 
2034 36.8042 
2035 37.3588 

Alternative 4 Fishing Mortality
     Model_1_goa_dr_2022.dat 
Equil_Fabc 0.0913417 
Year 
2022 0.0291545 
2023 0.0542804 
2024 0.0523661 
2025 0.0305845 
2026 0.0305845 
2027 0.0305845 
2028 0.0305845 
2029 0.0305845 
2030 0.0305845 
2031 0.0305845 
2032 0.0305845 
2033 0.0305845 
2034 0.0305845 
2035 0.0305845 

Alternative 4 Biomass
     Model_1_goa_dr_2022.dat 

Year 
2022 109.82 
2023 107.16 
2024 102.74 
2025 99.3586 
2026 98.4714 
2027 98.1069 
2028 98.2488 
2029 98.8376 
2030 99.733 
2031 100.874 
2032 102.05 
2033 103.273 
2034 104.407 
2035 105.508 

Alternative 4 Implied SPR rate 
     Model_1_goa_dr_2022.dat 
Equil_Fabc 0.4 
Year 
2022 0.683194 
2023 0.532881 
2024 0.542064 
2025 0.672528 
2026 0.672528 
2027 0.672528 
2028 0.672528 
2029 0.672528 
2030 0.672528 
2031 0.672528 
2032 0.672528 
2033 0.672528 
2034 0.672528 
2035 0.672528 

  Model_1_goa_dr_2022.dat 
EquilAvgAgeF0  12.9802 
EquilAvgAgeFabc  7.76878 
AvgAgeYr2035 9.9938 
Alternative 5 Catch
     Model_1_goa_dr_2022.dat 
Equil_Fabc 4.6223 
Year 
2022 2.64385 
2023 4.78731 
2024 4.39123 
2025  NA 
2026  NA 
2027  NA 
2028  NA 
2029  NA 
2030  NA 
2031  NA 
2032  NA 
2033  NA 
2034  NA 
2035  NA 

Alternative 5 ABCs
     Model_1_goa_dr_2022.dat 

Year 
2022  NA 
2023  NA 
2024  NA 
2025  NA 
2026  NA 
2027  NA 
2028  NA 
2029  NA 
2030  NA 
2031  NA 
2032  NA 
2033  NA 
2034  NA 
2035  NA 

Alternative 5 TACs
     Model_1_goa_dr_2022.dat 

Year 
2022  NA 
2023  NA 
2024  NA 
2025  NA 
2026  NA 
2027  NA 
2028  NA 
2029  NA 
2030  NA 
2031  NA 
2032  NA 
2033  NA 
2034  NA 
2035  NA 

Alternative 5 Sp_Biomass
     Model_1_goa_dr_2022.dat 
Equil_Fabc 26.2259 
Year 
2022 45.051 
2023 44.4953 
2024 42.5814 
2025 40.8058 
2026 40.5425 
2027 40.2071 
2028 39.9895 
2029 40.0511 
2030 40.4833 
2031 41.2555 
2032 42.2663 
2033 43.4132 
2034 44.6159 
2035 45.8265 

Alternative 5 Fishing Mortality
     Model_1_goa_dr_2022.dat 
Equil_Fabc 0.0913417 
Year 
2022 0.0291545 
2023 0.0542804 
2024 0.0523661 
2025  NA 
2026  NA 
2027  NA 
2028  NA 
2029  NA 
2030  NA 
2031  NA 
2032  NA 
2033  NA 
2034  NA 
2035  NA 

Alternative 5 Biomass
     Model_1_goa_dr_2022.dat 

Year 
2022 109.82 
2023 107.16 
2024 102.74 
2025 99.3586 
2026 100.897 
2027 102.737 
2028 104.86 
2029 107.228 
2030 109.75 
2031 112.417 
2032 115.057 
2033 117.697 
2034 120.207 
2035 122.643 

Alternative 5 Implied SPR rate 
     Model_1_goa_dr_2022.dat 
Equil_Fabc 0.4 
Year 
2022 0.683194 
2023 0.532881 
2024 0.542064 
2025 1 
2026 1 
2027 1 
2028 1 
2029 1 
2030 1 
2031 1 
2032 1 
2033 1 
2034 1 
2035 1 

  Model_1_goa_dr_2022.dat 
EquilAvgAgeF0  12.9802 
EquilAvgAgeFabc  7.76878 
AvgAgeYr2035 11.0751 
Alternative 6 Catch
     Model_1_goa_dr_2022.dat 
Equil_Fabc 4.6223 
Year 
2022 2.64385 
2023 9.63796 
2024 8.66757 
2025 7.74767 
2026 6.8853 
2027 6.11746 
2028 5.46293 
2029 4.76278 
2030 4.4247 
2031 4.32535 
2032 4.33503 
2033 4.38327 
2034 4.44115 
2035 4.50364 

Alternative 6 ABCs
     Model_1_goa_dr_2022.dat 

Year 
2022 9.79664 
2023 9.63797 
2024 8.66757 
2025 7.74767 
2026 6.8853 
2027 6.11746 
2028 5.46293 
2029 4.76278 
2030 4.4247 
2031 4.32535 
2032 4.33503 
2033 4.38327 
2034 4.44115 
2035 4.50364 

Alternative 6 TACs
     Model_1_goa_dr_2022.dat 

Year 
2022  NA 
2023 9.63797 
2024 8.66757 
2025 7.74767 
2026 6.8853 
2027 6.11746 
2028 5.46293 
2029 4.76278 
2030 4.4247 
2031 4.32535 
2032 4.33503 
2033 4.38327 
2034 4.44115 
2035 4.50364 

Alternative 6 Sp_Biomass
     Model_1_goa_dr_2022.dat 
Equil_Fabc 26.2259 
Year 
2022 45.051 
2023 44.0848 
2024 39.9394 
2025 35.9202 
2026 32.205 
2027 28.971 
2028 26.3826 
2029 24.5667 
2030 23.5716 
2031 23.1576 
2032 23.0802 
2033 23.1682 
2034 23.3231 
2035 23.499 

Alternative 6 Fishing Mortality
     Model_1_goa_dr_2022.dat 
Equil_Fabc 0.0913417 
Year 
2022 0.0291545 
2023 0.112301 
2024 0.112301 
2025 0.112301 
2026 0.112301 
2027 0.112301 
2028 0.111466 
2029 0.10441 
2030 0.0998695 
2031 0.0978187 
2032 0.0972276 
2033 0.0973625 
2034 0.0978001 
2035 0.0983673 

Alternative 6 Biomass
     Model_1_goa_dr_2022.dat 

Year 
2022 109.82 
2023 107.16 
2024 97.9136 
2025 90.4938 
2026 84.7631 
2027 80.5679 
2028 77.7566 
2029 76.1329 
2030 75.5851 
2031 75.6896 
2032 76.0008 
2033 76.4162 
2034 76.7603 
2035 77.0804 

Alternative 6 Implied SPR rate 
     Model_1_goa_dr_2022.dat 
Equil_Fabc 0.4 
Year 
2022 0.683194 
2023 0.35 
2024 0.35 
2025 0.35 
2026 0.35 
2027 0.35 
2028 0.351772 
2029 0.367565 
2030 0.378639 
2031 0.38407 
2032 0.385869 
2033 0.385737 
2034 0.384747 
2035 0.383381 

  Model_1_goa_dr_2022.dat 
EquilAvgAgeF0  12.9802 
EquilAvgAgeFabc  7.76878 
AvgAgeYr2035 7.80246 
Alternative 7 Catch
     Model_1_goa_dr_2022.dat 
Equil_Fabc 4.6223 
Year 
2022 2.64385 
2023 7.91656 
2024 7.26159 
2025 8.05535 
2026 7.14984 
2027 6.3431 
2028 5.69255 
2029 5.03787 
2030 4.63279 
2031 4.48158 
2032 4.45325 
2033 4.47285 
2034 4.50881 
2035 4.5546 

Alternative 7 ABCs
     Model_1_goa_dr_2022.dat 

Year 
2022 9.79664 
2023 9.63797 
2024 8.84024 
2025 8.05535 
2026 7.14984 
2027 6.3431 
2028 5.69255 
2029 5.03787 
2030 4.63279 
2031 4.48158 
2032 4.45325 
2033 4.47285 
2034 4.50881 
2035 4.5546 

Alternative 7 TACs
     Model_1_goa_dr_2022.dat 

Year 
2022  NA 
2023 9.63797 
2024 8.84024 
2025 8.05535 
2026 7.14984 
2027 6.3431 
2028 5.69255 
2029 5.03787 
2030 4.63279 
2031 4.48158 
2032 4.45325 
2033 4.47285 
2034 4.50881 
2035 4.5546 

Alternative 7 Sp_Biomass
     Model_1_goa_dr_2022.dat 
Equil_Fabc 26.2259 
Year 
2022 45.051 
2023 44.2326 
2024 40.8691 
2025 37.3418 
2026 33.4355 
2027 30.0263 
2028 27.2781 
2029 25.3008 
2030 24.1397 
2031 23.597 
2032 23.4194 
2033 23.4292 
2034 23.523 
2035 23.6516 

Alternative 7 Fishing Mortality
     Model_1_goa_dr_2022.dat 
Equil_Fabc 0.0913417 
Year 
2022 0.0291545 
2023 0.0913417 
2024 0.0913417 
2025 0.112301 
2026 0.112301 
2027 0.112301 
2028 0.1123 
2029 0.107292 
2030 0.102191 
2031 0.0995786 
2032 0.0985509 
2033 0.0983528 
2034 0.0985356 
2035 0.0989096 

Alternative 7 Biomass
     Model_1_goa_dr_2022.dat 

Year 
2022 109.82 
2023 107.16 
2024 99.6261 
2025 93.5286 
2026 87.3549 
2027 82.7714 
2028 79.6235 
2029 77.672 
2030 76.7658 
2031 76.5942 
2032 76.6939 
2033 76.9463 
2034 77.1648 
2035 77.3885 

Alternative 7 Implied SPR rate 
     Model_1_goa_dr_2022.dat 
Equil_Fabc 0.4 
Year 
2022 0.683194 
2023 0.4 
2024 0.4 
2025 0.35 
2026 0.35 
2027 0.35 
2028 0.350003 
2029 0.360976 
2030 0.372992 
2031 0.379631 
2032 0.382471 
2033 0.383177 
2034 0.382841 
2035 0.381977 

  Model_1_goa_dr_2022.dat 
EquilAvgAgeF0  12.9802 
EquilAvgAgeFabc  7.76878 
AvgAgeYr2035 7.84127 
