
Initial statistics: 2 variables; iteration 0; function evaluation 0; phase 1
Function value   1.0480879e+03; maximum gradient component mag  -6.0897e+03
Var   Value    Gradient   |Var   Value    Gradient   |Var   Value    Gradient
  1 800.0000  -1.5562e+00 |  2 -0.53303  -6.0897e+03 |

Intermediate statistics: 2 variables; iteration 10; function evaluation 14; phase 1
Function value   4.1986256e+02; maximum gradient component mag   4.3163e+01
Var   Value    Gradient   |Var   Value    Gradient   |Var   Value    Gradient
  1 843.0166  -6.4665e-01 |  2  0.16372   4.3163e+01 |
2 variables; iteration 20; function evaluation 43; phase 1
Function value   1.8391946e+02; maximum gradient component mag  -9.8826e-03
Var   Value    Gradient   |Var   Value    Gradient   |Var   Value    Gradient
  1 2010.118   1.3142e-06 |  2  6.39095  -9.8826e-03 |

 - final statistics:
2 variables; iteration 21; function evaluation 44
Function value   1.8392e+02; maximum gradient component mag  -1.8012e-05
Exit code = 1;  converg criter   1.0000e-04
Var   Value    Gradient   |Var   Value    Gradient   |Var   Value    Gradient
  1 2010.120  -1.1190e-08 |  2  6.39095  -1.8012e-05 |

Initial statistics: 3 variables; iteration 0; function evaluation 0; phase 2
Function value   1.8391946e+02; maximum gradient component mag  -8.7305e+00
Var   Value    Gradient   |Var   Value    Gradient   |Var   Value    Gradient
  1 2010.120  -1.1190e-08 |  2 -0.39095   1.8012e-05 |  3  0.00000  -8.7305e+00

Intermediate statistics: 3 variables; iteration 10; function evaluation 14; phase 2
Function value   1.8330445e+02; maximum gradient component mag  -1.4241e+00
Var   Value    Gradient   |Var   Value    Gradient   |Var   Value    Gradient
  1 1944.795  -5.2840e-04 |  2 -0.34703  -1.4241e+00 |  3  0.12697   4.3968e-01

 - final statistics:
3 variables; iteration 14; function evaluation 18
Function value   1.8330e+02; maximum gradient component mag  -4.6611e-05
Exit code = 1;  converg criter   1.0000e-04
Var   Value    Gradient   |Var   Value    Gradient   |Var   Value    Gradient
  1 1947.764  -5.0234e-09 |  2 -0.34764  -4.6611e-05 |  3  0.12546   2.5427e-05
Estimating row 1 out of 3 for hessian
Estimating row 2 out of 3 for hessian
Estimating row 3 out of 3 for hessian
