Alternative 1 Catch
     Model_1_goa_dr_2022.dat 
Equil_Fabc 4.6223 
Year 
2022 2.58497 
2023 3.95497 
2024 7.59298 
2025 6.90976 
2026 6.24773 
2027 5.64159 
2028 5.14261 
2029 4.80249 
2030 4.57172 
2031 4.41938 
2032 4.35498 
2033 4.33599 
2034 4.34059 
2035 4.35845 

Alternative 1 ABCs
     Model_1_goa_dr_2022.dat 

Year 
2022  NA 
2023  NA 
2024 7.59298 
2025 6.90976 
2026 6.24773 
2027 5.64159 
2028 5.14261 
2029 4.80249 
2030 4.57172 
2031 4.41938 
2032 4.35498 
2033 4.33599 
2034 4.34059 
2035 4.35845 

Alternative 1 TACs
     Model_1_goa_dr_2022.dat 

Year 
2022  NA 
2023  NA 
2024 7.59298 
2025 6.90976 
2026 6.24773 
2027 5.64159 
2028 5.14261 
2029 4.80249 
2030 4.57172 
2031 4.41938 
2032 4.35498 
2033 4.33599 
2034 4.34059 
2035 4.35845 

Alternative 1 Sp_Biomass
     Model_1_goa_dr_2022.dat 
Equil_Fabc 26.2259 
Year 
2022 45.0557 
2023 44.5914 
2024 42.727 
2025 39.1227 
2026 35.6744 
2027 32.5837 
2028 30.0369 
2029 28.1522 
2030 26.9341 
2031 26.2678 
2032 25.9769 
2033 25.8984 
2034 25.9288 
2035 26.0142 

Alternative 1 Fishing Mortality
     Model_1_goa_dr_2022.dat 
Equil_Fabc 0.0913417 
Year 
2022 0.0284964 
2023 0.0446111 
2024 0.0913417 
2025 0.0913417 
2026 0.0913417 
2027 0.0913417 
2028 0.0913417 
2029 0.0913407 
2030 0.0901372 
2031 0.0881634 
2032 0.0869359 
2033 0.0863224 
2034 0.0861104 
2035 0.0860859 

Alternative 1 Biomass
     Model_1_goa_dr_2022.dat 

Year 
2022 109.82 
2023 107.219 
2024 103.625 
2025 97.0274 
2026 91.8245 
2027 87.9146 
2028 85.1994 
2029 83.5011 
2030 82.5216 
2031 82.1067 
2032 81.9764 
2033 82.0487 
2034 82.1378 
2035 82.2733 

Alternative 1 Implied SPR rate 
     Model_1_goa_dr_2022.dat 
Equil_Fabc 0.4 
Year 
2022 0.688211 
2023 0.582571 
2024 0.4 
2025 0.4 
2026 0.4 
2027 0.4 
2028 0.4 
2029 0.400003 
2030 0.403365 
2031 0.409086 
2032 0.412798 
2033 0.414729 
2034 0.415454 
2035 0.415582 

  Model_1_goa_dr_2022.dat 
EquilAvgAgeF0  12.9802 
EquilAvgAgeFabc  7.76878 
AvgAgeYr2035 8.26078 
Alternative 2 Catch
     Model_1_goa_dr_2022.dat 
Equil_Fabc 4.6223 
Year 
2022 2.58497 
2023 3.95497 
2024 7.59298 
2025 6.90976 
2026 6.24773 
2027 5.64159 
2028 5.14261 
2029 4.80249 
2030 4.57172 
2031 4.41938 
2032 4.35498 
2033 4.33599 
2034 4.34059 
2035 4.35845 

Alternative 2 ABCs
     Model_1_goa_dr_2022.dat 

Year 
2022  NA 
2023  NA 
2024 7.59298 
2025 6.90976 
2026 6.24773 
2027 5.64159 
2028 5.14261 
2029 4.80249 
2030 4.57172 
2031 4.41938 
2032 4.35498 
2033 4.33599 
2034 4.34059 
2035 4.35845 

Alternative 2 TACs
     Model_1_goa_dr_2022.dat 

Year 
2022  NA 
2023  NA 
2024 7.59298 
2025 6.90976 
2026 6.24773 
2027 5.64159 
2028 5.14261 
2029 4.80249 
2030 4.57172 
2031 4.41938 
2032 4.35498 
2033 4.33599 
2034 4.34059 
2035 4.35845 

Alternative 2 Sp_Biomass
     Model_1_goa_dr_2022.dat 
Equil_Fabc 26.2259 
Year 
2022 45.0557 
2023 44.5914 
2024 42.727 
2025 39.1227 
2026 35.6744 
2027 32.5837 
2028 30.0369 
2029 28.1522 
2030 26.9341 
2031 26.2678 
2032 25.9769 
2033 25.8984 
2034 25.9288 
2035 26.0142 

Alternative 2 Fishing Mortality
     Model_1_goa_dr_2022.dat 
Equil_Fabc 0.0913417 
Year 
2022 0.0284964 
2023 0.0446111 
2024 0.0913417 
2025 0.0913417 
2026 0.0913417 
2027 0.0913417 
2028 0.0913417 
2029 0.0913407 
2030 0.0901372 
2031 0.0881634 
2032 0.0869359 
2033 0.0863224 
2034 0.0861104 
2035 0.0860859 

Alternative 2 Biomass
     Model_1_goa_dr_2022.dat 

Year 
2022 109.82 
2023 107.219 
2024 103.625 
2025 97.0274 
2026 91.8245 
2027 87.9146 
2028 85.1994 
2029 83.5011 
2030 82.5216 
2031 82.1067 
2032 81.9764 
2033 82.0487 
2034 82.1378 
2035 82.2733 

Alternative 2 Implied SPR rate 
     Model_1_goa_dr_2022.dat 
Equil_Fabc 0.4 
Year 
2022 0.688211 
2023 0.582571 
2024 0.4 
2025 0.4 
2026 0.4 
2027 0.4 
2028 0.4 
2029 0.400003 
2030 0.403365 
2031 0.409086 
2032 0.412798 
2033 0.414729 
2034 0.415454 
2035 0.415582 

  Model_1_goa_dr_2022.dat 
EquilAvgAgeF0  12.9802 
EquilAvgAgeFabc  7.76878 
AvgAgeYr2035 8.26078 
Alternative 3 Catch
     Model_1_goa_dr_2022.dat 
Equil_Fabc 4.6223 
Year 
2022 2.58497 
2023 3.95497 
2024 3.8795 
2025 3.68717 
2026 3.47896 
2027 3.27317 
2028 3.0982 
2029 2.9845 
2030 2.94105 
2031 2.94364 
2032 2.966 
2033 2.9937 
2034 3.02185 
2035 3.05096 

Alternative 3 ABCs
     Model_1_goa_dr_2022.dat 

Year 
2022  NA 
2023  NA 
2024 3.8795 
2025 3.68717 
2026 3.47896 
2027 3.27317 
2028 3.0982 
2029 2.9845 
2030 2.94105 
2031 2.94364 
2032 2.966 
2033 2.9937 
2034 3.02185 
2035 3.05096 

Alternative 3 TACs
     Model_1_goa_dr_2022.dat 

Year 
2022  NA 
2023  NA 
2024 3.8795 
2025 3.68717 
2026 3.47896 
2027 3.27317 
2028 3.0982 
2029 2.9845 
2030 2.94105 
2031 2.94364 
2032 2.966 
2033 2.9937 
2034 3.02185 
2035 3.05096 

Alternative 3 Sp_Biomass
     Model_1_goa_dr_2022.dat 
Equil_Fabc 26.2259 
Year 
2022 45.0557 
2023 44.5914 
2024 43.0418 
2025 41.1498 
2026 39.1338 
2027 37.1992 
2028 35.5532 
2029 34.3522 
2030 33.655 
2031 33.3857 
2032 33.4066 
2033 33.5962 
2034 33.87 
2035 34.182 

Alternative 3 Fishing Mortality
     Model_1_goa_dr_2022.dat 
Equil_Fabc 0.0913417 
Year 
2022 0.0284964 
2023 0.0446111 
2024 0.0456709 
2025 0.0456709 
2026 0.0456709 
2027 0.0456709 
2028 0.0456709 
2029 0.0456709 
2030 0.0456709 
2031 0.0456709 
2032 0.0456709 
2033 0.0456708 
2034 0.0456678 
2035 0.0456612 

Alternative 3 Biomass
     Model_1_goa_dr_2022.dat 

Year 
2022 109.82 
2023 107.219 
2024 103.625 
2025 100.713 
2026 98.5361 
2027 97.0435 
2028 96.2122 
2029 95.9638 
2030 96.127 
2031 96.6088 
2032 97.1778 
2033 97.8337 
2034 98.4363 
2035 99.0406 

Alternative 3 Implied SPR rate 
     Model_1_goa_dr_2022.dat 
Equil_Fabc 0.4 
Year 
2022 0.688211 
2023 0.582571 
2024 0.576699 
2025 0.576699 
2026 0.576699 
2027 0.576699 
2028 0.576699 
2029 0.576699 
2030 0.576699 
2031 0.576699 
2032 0.576699 
2033 0.5767 
2034 0.576716 
2035 0.576753 

  Model_1_goa_dr_2022.dat 
EquilAvgAgeF0  12.9802 
EquilAvgAgeFabc  7.76878 
AvgAgeYr2035 9.55087 
Alternative 4 Catch
     Model_1_goa_dr_2022.dat 
Equil_Fabc 4.6223 
Year 
2022 2.58497 
2023 3.95497 
2024 2.61672 
2025 2.52298 
2026 2.41436 
2027 2.30284 
2028 2.20763 
2029 2.14977 
2030 2.13651 
2031 2.15268 
2032 2.18122 
2033 2.21263 
2034 2.24373 
2035 2.27489 

Alternative 4 ABCs
     Model_1_goa_dr_2022.dat 

Year 
2022  NA 
2023  NA 
2024 2.61672 
2025 2.52298 
2026 2.41436 
2027 2.30284 
2028 2.20763 
2029 2.14977 
2030 2.13651 
2031 2.15268 
2032 2.18122 
2033 2.21263 
2034 2.24373 
2035 2.27489 

Alternative 4 TACs
     Model_1_goa_dr_2022.dat 

Year 
2022  NA 
2023  NA 
2024 2.61672 
2025 2.52298 
2026 2.41436 
2027 2.30284 
2028 2.20763 
2029 2.14977 
2030 2.13651 
2031 2.15268 
2032 2.18122 
2033 2.21263 
2034 2.24373 
2035 2.27489 

Alternative 4 Sp_Biomass
     Model_1_goa_dr_2022.dat 
Equil_Fabc 26.2259 
Year 
2022 45.0557 
2023 44.5914 
2024 43.1462 
2025 41.843 
2026 40.3519 
2027 38.8721 
2028 37.6104 
2029 36.7296 
2030 36.3031 
2031 36.2726 
2032 36.5136 
2033 36.9119 
2034 37.3847 
2035 37.886 

Alternative 4 Fishing Mortality
     Model_1_goa_dr_2022.dat 
Equil_Fabc 0.0913417 
Year 
2022 0.0284964 
2023 0.0446111 
2024 0.0305845 
2025 0.0305845 
2026 0.0305845 
2027 0.0305845 
2028 0.0305845 
2029 0.0305845 
2030 0.0305845 
2031 0.0305845 
2032 0.0305845 
2033 0.0305845 
2034 0.0305845 
2035 0.0305845 

Alternative 4 Biomass
     Model_1_goa_dr_2022.dat 

Year 
2022 109.82 
2023 107.219 
2024 103.625 
2025 101.967 
2026 100.886 
2027 100.334 
2028 100.296 
2029 100.714 
2030 101.449 
2031 102.44 
2032 103.477 
2033 104.572 
2034 105.588 
2035 106.581 

Alternative 4 Implied SPR rate 
     Model_1_goa_dr_2022.dat 
Equil_Fabc 0.4 
Year 
2022 0.688211 
2023 0.582571 
2024 0.672528 
2025 0.672528 
2026 0.672528 
2027 0.672528 
2028 0.672528 
2029 0.672528 
2030 0.672528 
2031 0.672528 
2032 0.672528 
2033 0.672528 
2034 0.672528 
2035 0.672528 

  Model_1_goa_dr_2022.dat 
EquilAvgAgeF0  12.9802 
EquilAvgAgeFabc  7.76878 
AvgAgeYr2035 10.0792 
Alternative 5 Catch
     Model_1_goa_dr_2022.dat 
Equil_Fabc 4.6223 
Year 
2022 2.58497 
2023 3.95497 
2024  NA 
2025  NA 
2026  NA 
2027  NA 
2028  NA 
2029  NA 
2030  NA 
2031  NA 
2032  NA 
2033  NA 
2034  NA 
2035  NA 

Alternative 5 ABCs
     Model_1_goa_dr_2022.dat 

Year 
2022  NA 
2023  NA 
2024  NA 
2025  NA 
2026  NA 
2027  NA 
2028  NA 
2029  NA 
2030  NA 
2031  NA 
2032  NA 
2033  NA 
2034  NA 
2035  NA 

Alternative 5 TACs
     Model_1_goa_dr_2022.dat 

Year 
2022  NA 
2023  NA 
2024  NA 
2025  NA 
2026  NA 
2027  NA 
2028  NA 
2029  NA 
2030  NA 
2031  NA 
2032  NA 
2033  NA 
2034  NA 
2035  NA 

Alternative 5 Sp_Biomass
     Model_1_goa_dr_2022.dat 
Equil_Fabc 26.2259 
Year 
2022 45.0557 
2023 44.5914 
2024 43.3588 
2025 43.2853 
2026 42.9437 
2027 42.5117 
2028 42.1862 
2029 42.1341 
2030 42.4513 
2031 43.1099 
2032 44.0098 
2033 45.05 
2034 46.1505 
2035 47.2638 

Alternative 5 Fishing Mortality
     Model_1_goa_dr_2022.dat 
Equil_Fabc 0.0913417 
Year 
2022 0.0284964 
2023 0.0446111 
2024  NA 
2025  NA 
2026  NA 
2027  NA 
2028  NA 
2029  NA 
2030  NA 
2031  NA 
2032  NA 
2033  NA 
2034  NA 
2035  NA 

Alternative 5 Biomass
     Model_1_goa_dr_2022.dat 

Year 
2022 109.82 
2023 107.219 
2024 103.625 
2025 104.566 
2026 105.867 
2027 107.462 
2028 109.339 
2029 111.461 
2030 113.741 
2031 116.175 
2032 118.587 
2033 121.01 
2034 123.313 
2035 125.552 

Alternative 5 Implied SPR rate 
     Model_1_goa_dr_2022.dat 
Equil_Fabc 0.4 
Year 
2022 0.688211 
2023 0.582571 
2024 1 
2025 1 
2026 1 
2027 1 
2028 1 
2029 1 
2030 1 
2031 1 
2032 1 
2033 1 
2034 1 
2035 1 

  Model_1_goa_dr_2022.dat 
EquilAvgAgeF0  12.9802 
EquilAvgAgeFabc  7.76878 
AvgAgeYr2035 11.2731 
Alternative 6 Catch
     Model_1_goa_dr_2022.dat 
Equil_Fabc 4.6223 
Year 
2022 2.58497 
2023 9.64387 
2024 8.67271 
2025 7.75208 
2026 6.88906 
2027 6.12065 
2028 5.46687 
2029 4.76656 
2030 4.42753 
2031 4.32747 
2032 4.33662 
2033 4.38447 
2034 4.44205 
2035 4.50432 

Alternative 6 ABCs
     Model_1_goa_dr_2022.dat 

Year 
2022 9.79664 
2023 9.64387 
2024 8.67271 
2025 7.75208 
2026 6.88906 
2027 6.12065 
2028 5.46687 
2029 4.76656 
2030 4.42753 
2031 4.32747 
2032 4.33662 
2033 4.38447 
2034 4.44205 
2035 4.50432 

Alternative 6 TACs
     Model_1_goa_dr_2022.dat 

Year 
2022  NA 
2023 9.64387 
2024 8.67271 
2025 7.75208 
2026 6.88906 
2027 6.12065 
2028 5.46687 
2029 4.76656 
2030 4.42753 
2031 4.32747 
2032 4.33662 
2033 4.38447 
2034 4.44205 
2035 4.50432 

Alternative 6 Sp_Biomass
     Model_1_goa_dr_2022.dat 
Equil_Fabc 26.2259 
Year 
2022 45.0557 
2023 44.1117 
2024 39.9631 
2025 35.9407 
2026 32.2226 
2027 28.986 
2028 26.3952 
2029 24.5767 
2030 23.5793 
2031 23.1635 
2032 23.0847 
2033 23.1717 
2034 23.3258 
2035 23.5011 

Alternative 6 Fishing Mortality
     Model_1_goa_dr_2022.dat 
Equil_Fabc 0.0913417 
Year 
2022 0.0284964 
2023 0.112301 
2024 0.112301 
2025 0.112301 
2026 0.112301 
2027 0.112301 
2028 0.111493 
2029 0.104451 
2030 0.0999017 
2031 0.097843 
2032 0.0972457 
2033 0.0973759 
2034 0.0978101 
2035 0.0983746 

Alternative 6 Biomass
     Model_1_goa_dr_2022.dat 

Year 
2022 109.82 
2023 107.219 
2024 97.9641 
2025 90.5369 
2026 84.7998 
2027 80.599 
2028 77.7829 
2029 76.1538 
2030 75.6011 
2031 75.7018 
2032 76.0101 
2033 76.4233 
2034 76.7657 
2035 77.0845 

Alternative 6 Implied SPR rate 
     Model_1_goa_dr_2022.dat 
Equil_Fabc 0.4 
Year 
2022 0.688211 
2023 0.35 
2024 0.35 
2025 0.35 
2026 0.35 
2027 0.35 
2028 0.351713 
2029 0.36747 
2030 0.37856 
2031 0.384009 
2032 0.385822 
2033 0.385702 
2034 0.384721 
2035 0.383362 

  Model_1_goa_dr_2022.dat 
EquilAvgAgeF0  12.9802 
EquilAvgAgeFabc  7.76878 
AvgAgeYr2035 7.80301 
Alternative 7 Catch
     Model_1_goa_dr_2022.dat 
Equil_Fabc 4.6223 
Year 
2022 2.58497 
2023 7.92141 
2024 7.2659 
2025 8.05995 
2026 7.15376 
2027 6.34642 
2028 5.69538 
2029 5.04195 
2030 4.6359 
2031 4.48393 
2032 4.45502 
2033 4.47419 
2034 4.50982 
2035 4.55536 

Alternative 7 ABCs
     Model_1_goa_dr_2022.dat 

Year 
2022 9.79664 
2023 9.64387 
2024 8.84548 
2025 8.05995 
2026 7.15376 
2027 6.34642 
2028 5.69538 
2029 5.04195 
2030 4.6359 
2031 4.48393 
2032 4.45502 
2033 4.47419 
2034 4.50982 
2035 4.55536 

Alternative 7 TACs
     Model_1_goa_dr_2022.dat 

Year 
2022  NA 
2023 9.64387 
2024 8.84548 
2025 8.05995 
2026 7.15376 
2027 6.34642 
2028 5.69538 
2029 5.04195 
2030 4.6359 
2031 4.48393 
2032 4.45502 
2033 4.47419 
2034 4.50982 
2035 4.55536 

Alternative 7 Sp_Biomass
     Model_1_goa_dr_2022.dat 
Equil_Fabc 26.2259 
Year 
2022 45.0557 
2023 44.2596 
2024 40.8934 
2025 37.3632 
2026 33.4538 
2027 30.042 
2028 27.2913 
2029 25.3119 
2030 24.1483 
2031 23.6036 
2032 23.4245 
2033 23.4331 
2034 23.526 
2035 23.6539 

Alternative 7 Fishing Mortality
     Model_1_goa_dr_2022.dat 
Equil_Fabc 0.0913417 
Year 
2022 0.0284964 
2023 0.0913417 
2024 0.0913417 
2025 0.112301 
2026 0.112301 
2027 0.112301 
2028 0.1123 
2029 0.107333 
2030 0.102225 
2031 0.0996045 
2032 0.0985704 
2033 0.0983674 
2034 0.0985465 
2035 0.0989176 

Alternative 7 Biomass
     Model_1_goa_dr_2022.dat 

Year 
2022 109.82 
2023 107.219 
2024 99.6777 
2025 93.5736 
2026 87.3932 
2027 82.8038 
2028 79.6509 
2029 77.6951 
2030 76.7835 
2031 76.6078 
2032 76.7042 
2033 76.9543 
2034 77.1708 
2035 77.3931 

Alternative 7 Implied SPR rate 
     Model_1_goa_dr_2022.dat 
Equil_Fabc 0.4 
Year 
2022 0.688211 
2023 0.4 
2024 0.4 
2025 0.35 
2026 0.35 
2027 0.35 
2028 0.350002 
2029 0.360884 
2030 0.372911 
2031 0.379566 
2032 0.382421 
2033 0.383139 
2034 0.382813 
2035 0.381956 

  Model_1_goa_dr_2022.dat 
EquilAvgAgeF0  12.9802 
EquilAvgAgeFabc  7.76878 
AvgAgeYr2035 7.84187 
