Model_1_goa_dr_2022.dat 1 2022 Cabc 4.6223
Model_1_goa_dr_2022.dat 1 2022 Cofl 4.9419
Model_1_goa_dr_2022.dat 1 2022 CLCI 2.58497
Model_1_goa_dr_2022.dat 1 2022 CUCI 2.58497
Model_1_goa_dr_2022.dat 1 2022 CMedian 2.58497
Model_1_goa_dr_2022.dat 1 2022 CMean 2.58497
Model_1_goa_dr_2022.dat 1 2023 Cabc 4.6223
Model_1_goa_dr_2022.dat 1 2023 Cofl 4.9419
Model_1_goa_dr_2022.dat 1 2023 CLCI 3.95497
Model_1_goa_dr_2022.dat 1 2023 CUCI 3.95497
Model_1_goa_dr_2022.dat 1 2023 CMedian 3.95497
Model_1_goa_dr_2022.dat 1 2023 CMean 3.95497
Model_1_goa_dr_2022.dat 1 2024 Cabc 4.6223
Model_1_goa_dr_2022.dat 1 2024 Cofl 4.9419
Model_1_goa_dr_2022.dat 1 2024 CLCI 7.59258
Model_1_goa_dr_2022.dat 1 2024 CUCI 7.59366
Model_1_goa_dr_2022.dat 1 2024 CMedian 7.59289
Model_1_goa_dr_2022.dat 1 2024 CMean 7.59298
Model_1_goa_dr_2022.dat 1 2025 Cabc 4.6223
Model_1_goa_dr_2022.dat 1 2025 Cofl 4.9419
Model_1_goa_dr_2022.dat 1 2025 CLCI 6.90801
Model_1_goa_dr_2022.dat 1 2025 CUCI 6.91283
Model_1_goa_dr_2022.dat 1 2025 CMedian 6.90938
Model_1_goa_dr_2022.dat 1 2025 CMean 6.90976
Model_1_goa_dr_2022.dat 1 2026 Cabc 4.6223
Model_1_goa_dr_2022.dat 1 2026 Cofl 4.9419
Model_1_goa_dr_2022.dat 1 2026 CLCI 6.24069
Model_1_goa_dr_2022.dat 1 2026 CUCI 6.25976
Model_1_goa_dr_2022.dat 1 2026 CMedian 6.24625
Model_1_goa_dr_2022.dat 1 2026 CMean 6.24773
Model_1_goa_dr_2022.dat 1 2027 Cabc 4.6223
Model_1_goa_dr_2022.dat 1 2027 Cofl 4.9419
Model_1_goa_dr_2022.dat 1 2027 CLCI 5.61592
Model_1_goa_dr_2022.dat 1 2027 CUCI 5.68508
Model_1_goa_dr_2022.dat 1 2027 CMedian 5.63624
Model_1_goa_dr_2022.dat 1 2027 CMean 5.64159
Model_1_goa_dr_2022.dat 1 2028 Cabc 4.6223
Model_1_goa_dr_2022.dat 1 2028 Cofl 4.9419
Model_1_goa_dr_2022.dat 1 2028 CLCI 5.06114
Model_1_goa_dr_2022.dat 1 2028 CUCI 5.27568
Model_1_goa_dr_2022.dat 1 2028 CMedian 5.12552
Model_1_goa_dr_2022.dat 1 2028 CMean 5.14261
Model_1_goa_dr_2022.dat 1 2029 Cabc 4.6223
Model_1_goa_dr_2022.dat 1 2029 Cofl 4.9419
Model_1_goa_dr_2022.dat 1 2029 CLCI 4.5963
Model_1_goa_dr_2022.dat 1 2029 CUCI 5.13161
Model_1_goa_dr_2022.dat 1 2029 CMedian 4.76451
Model_1_goa_dr_2022.dat 1 2029 CMean 4.80249
Model_1_goa_dr_2022.dat 1 2030 Cabc 4.6223
Model_1_goa_dr_2022.dat 1 2030 Cofl 4.9419
Model_1_goa_dr_2022.dat 1 2030 CLCI 4.0106
Model_1_goa_dr_2022.dat 1 2030 CUCI 5.21573
Model_1_goa_dr_2022.dat 1 2030 CMedian 4.56313
Model_1_goa_dr_2022.dat 1 2030 CMean 4.57172
Model_1_goa_dr_2022.dat 1 2031 Cabc 4.6223
Model_1_goa_dr_2022.dat 1 2031 Cofl 4.9419
Model_1_goa_dr_2022.dat 1 2031 CLCI 3.60001
Model_1_goa_dr_2022.dat 1 2031 CUCI 5.36743
Model_1_goa_dr_2022.dat 1 2031 CMedian 4.37419
Model_1_goa_dr_2022.dat 1 2031 CMean 4.41938
Model_1_goa_dr_2022.dat 1 2032 Cabc 4.6223
Model_1_goa_dr_2022.dat 1 2032 Cofl 4.9419
Model_1_goa_dr_2022.dat 1 2032 CLCI 3.33598
Model_1_goa_dr_2022.dat 1 2032 CUCI 5.50718
Model_1_goa_dr_2022.dat 1 2032 CMedian 4.29991
Model_1_goa_dr_2022.dat 1 2032 CMean 4.35498
Model_1_goa_dr_2022.dat 1 2033 Cabc 4.6223
Model_1_goa_dr_2022.dat 1 2033 Cofl 4.9419
Model_1_goa_dr_2022.dat 1 2033 CLCI 3.14459
Model_1_goa_dr_2022.dat 1 2033 CUCI 5.63734
Model_1_goa_dr_2022.dat 1 2033 CMedian 4.27962
Model_1_goa_dr_2022.dat 1 2033 CMean 4.33599
Model_1_goa_dr_2022.dat 1 2034 Cabc 4.6223
Model_1_goa_dr_2022.dat 1 2034 Cofl 4.9419
Model_1_goa_dr_2022.dat 1 2034 CLCI 3.06836
Model_1_goa_dr_2022.dat 1 2034 CUCI 5.71477
Model_1_goa_dr_2022.dat 1 2034 CMedian 4.31598
Model_1_goa_dr_2022.dat 1 2034 CMean 4.34059
Model_1_goa_dr_2022.dat 1 2035 Cabc 4.6223
Model_1_goa_dr_2022.dat 1 2035 Cofl 4.9419
Model_1_goa_dr_2022.dat 1 2035 CLCI 3.01265
Model_1_goa_dr_2022.dat 1 2035 CUCI 5.80094
Model_1_goa_dr_2022.dat 1 2035 CMedian 4.32547
Model_1_goa_dr_2022.dat 1 2035 CMean 4.35845
Model_1_goa_dr_2022.dat 1 2022 SSBF100 65.5649
Model_1_goa_dr_2022.dat 1 2022 SSBFabc 26.2259
Model_1_goa_dr_2022.dat 1 2022 SSBFofl 22.9477
Model_1_goa_dr_2022.dat 1 2022 SSBLCI 45.0557
Model_1_goa_dr_2022.dat 1 2022 SSBUCI 45.0557
Model_1_goa_dr_2022.dat 1 2022 SSBMedian 45.0557
Model_1_goa_dr_2022.dat 1 2022 SSBMean 45.0557
Model_1_goa_dr_2022.dat 1 2023 SSBF100 65.5649
Model_1_goa_dr_2022.dat 1 2023 SSBFabc 26.2259
Model_1_goa_dr_2022.dat 1 2023 SSBFofl 22.9477
Model_1_goa_dr_2022.dat 1 2023 SSBLCI 44.582
Model_1_goa_dr_2022.dat 1 2023 SSBUCI 44.6088
Model_1_goa_dr_2022.dat 1 2023 SSBMedian 44.5889
Model_1_goa_dr_2022.dat 1 2023 SSBMean 44.5914
Model_1_goa_dr_2022.dat 1 2024 SSBF100 65.5649
Model_1_goa_dr_2022.dat 1 2024 SSBFabc 26.2259
Model_1_goa_dr_2022.dat 1 2024 SSBFofl 22.9477
Model_1_goa_dr_2022.dat 1 2024 SSBLCI 42.6944
Model_1_goa_dr_2022.dat 1 2024 SSBUCI 42.7807
Model_1_goa_dr_2022.dat 1 2024 SSBMedian 42.7202
Model_1_goa_dr_2022.dat 1 2024 SSBMean 42.727
Model_1_goa_dr_2022.dat 1 2025 SSBF100 65.5649
Model_1_goa_dr_2022.dat 1 2025 SSBFabc 26.2259
Model_1_goa_dr_2022.dat 1 2025 SSBFofl 22.9477
Model_1_goa_dr_2022.dat 1 2025 SSBLCI 39.0342
Model_1_goa_dr_2022.dat 1 2025 SSBUCI 39.2644
Model_1_goa_dr_2022.dat 1 2025 SSBMedian 39.1041
Model_1_goa_dr_2022.dat 1 2025 SSBMean 39.1227
Model_1_goa_dr_2022.dat 1 2026 SSBF100 65.5649
Model_1_goa_dr_2022.dat 1 2026 SSBFabc 26.2259
Model_1_goa_dr_2022.dat 1 2026 SSBFofl 22.9477
Model_1_goa_dr_2022.dat 1 2026 SSBLCI 35.465
Model_1_goa_dr_2022.dat 1 2026 SSBUCI 36.0005
Model_1_goa_dr_2022.dat 1 2026 SSBMedian 35.6356
Model_1_goa_dr_2022.dat 1 2026 SSBMean 35.6744
Model_1_goa_dr_2022.dat 1 2027 SSBF100 65.5649
Model_1_goa_dr_2022.dat 1 2027 SSBFabc 26.2259
Model_1_goa_dr_2022.dat 1 2027 SSBFofl 22.9477
Model_1_goa_dr_2022.dat 1 2027 SSBLCI 32.1377
Model_1_goa_dr_2022.dat 1 2027 SSBUCI 33.2704
Model_1_goa_dr_2022.dat 1 2027 SSBMedian 32.5147
Model_1_goa_dr_2022.dat 1 2027 SSBMean 32.5837
Model_1_goa_dr_2022.dat 1 2028 SSBF100 65.5649
Model_1_goa_dr_2022.dat 1 2028 SSBFabc 26.2259
Model_1_goa_dr_2022.dat 1 2028 SSBFofl 22.9477
Model_1_goa_dr_2022.dat 1 2028 SSBLCI 29.1818
Model_1_goa_dr_2022.dat 1 2028 SSBUCI 31.3213
Model_1_goa_dr_2022.dat 1 2028 SSBMedian 29.8962
Model_1_goa_dr_2022.dat 1 2028 SSBMean 30.0369
Model_1_goa_dr_2022.dat 1 2029 SSBF100 65.5649
Model_1_goa_dr_2022.dat 1 2029 SSBFabc 26.2259
Model_1_goa_dr_2022.dat 1 2029 SSBFofl 22.9477
Model_1_goa_dr_2022.dat 1 2029 SSBLCI 26.7051
Model_1_goa_dr_2022.dat 1 2029 SSBUCI 30.3445
Model_1_goa_dr_2022.dat 1 2029 SSBMedian 27.9263
Model_1_goa_dr_2022.dat 1 2029 SSBMean 28.1522
Model_1_goa_dr_2022.dat 1 2030 SSBF100 65.5649
Model_1_goa_dr_2022.dat 1 2030 SSBFabc 26.2259
Model_1_goa_dr_2022.dat 1 2030 SSBFofl 22.9477
Model_1_goa_dr_2022.dat 1 2030 SSBLCI 24.7719
Model_1_goa_dr_2022.dat 1 2030 SSBUCI 30.0622
Model_1_goa_dr_2022.dat 1 2030 SSBMedian 26.5525
Model_1_goa_dr_2022.dat 1 2030 SSBMean 26.9341
Model_1_goa_dr_2022.dat 1 2031 SSBF100 65.5649
Model_1_goa_dr_2022.dat 1 2031 SSBFabc 26.2259
Model_1_goa_dr_2022.dat 1 2031 SSBFofl 22.9477
Model_1_goa_dr_2022.dat 1 2031 SSBLCI 23.4672
Model_1_goa_dr_2022.dat 1 2031 SSBUCI 30.4308
Model_1_goa_dr_2022.dat 1 2031 SSBMedian 25.8135
Model_1_goa_dr_2022.dat 1 2031 SSBMean 26.2678
Model_1_goa_dr_2022.dat 1 2032 SSBF100 65.5649
Model_1_goa_dr_2022.dat 1 2032 SSBFabc 26.2259
Model_1_goa_dr_2022.dat 1 2032 SSBFofl 22.9477
Model_1_goa_dr_2022.dat 1 2032 SSBLCI 22.5559
Model_1_goa_dr_2022.dat 1 2032 SSBUCI 30.986
Model_1_goa_dr_2022.dat 1 2032 SSBMedian 25.4252
Model_1_goa_dr_2022.dat 1 2032 SSBMean 25.9769
Model_1_goa_dr_2022.dat 1 2033 SSBF100 65.5649
Model_1_goa_dr_2022.dat 1 2033 SSBFabc 26.2259
Model_1_goa_dr_2022.dat 1 2033 SSBFofl 22.9477
Model_1_goa_dr_2022.dat 1 2033 SSBLCI 21.913
Model_1_goa_dr_2022.dat 1 2033 SSBUCI 31.5796
Model_1_goa_dr_2022.dat 1 2033 SSBMedian 25.3309
Model_1_goa_dr_2022.dat 1 2033 SSBMean 25.8984
Model_1_goa_dr_2022.dat 1 2034 SSBF100 65.5649
Model_1_goa_dr_2022.dat 1 2034 SSBFabc 26.2259
Model_1_goa_dr_2022.dat 1 2034 SSBFofl 22.9477
Model_1_goa_dr_2022.dat 1 2034 SSBLCI 21.6247
Model_1_goa_dr_2022.dat 1 2034 SSBUCI 32.0259
Model_1_goa_dr_2022.dat 1 2034 SSBMedian 25.3679
Model_1_goa_dr_2022.dat 1 2034 SSBMean 25.9288
Model_1_goa_dr_2022.dat 1 2035 SSBF100 65.5649
Model_1_goa_dr_2022.dat 1 2035 SSBFabc 26.2259
Model_1_goa_dr_2022.dat 1 2035 SSBFofl 22.9477
Model_1_goa_dr_2022.dat 1 2035 SSBLCI 21.4565
Model_1_goa_dr_2022.dat 1 2035 SSBUCI 32.3449
Model_1_goa_dr_2022.dat 1 2035 SSBMedian 25.4357
Model_1_goa_dr_2022.dat 1 2035 SSBMean 26.0142
Model_1_goa_dr_2022.dat 1 2022 F0 0 
Model_1_goa_dr_2022.dat 1 2022 Fabc 0.0913417
Model_1_goa_dr_2022.dat 1 2022 Fofl 0.112301
Model_1_goa_dr_2022.dat 1 2022  F_LCI 0.0284964
Model_1_goa_dr_2022.dat 1 2022  F_UCI 0.0284964
Model_1_goa_dr_2022.dat 1 2022  F_Median 0.0284964
Model_1_goa_dr_2022.dat 1 2022  F_Mean 0.0284964
Model_1_goa_dr_2022.dat 1 2023 F0 0 
Model_1_goa_dr_2022.dat 1 2023 Fabc 0.0913417
Model_1_goa_dr_2022.dat 1 2023 Fofl 0.112301
Model_1_goa_dr_2022.dat 1 2023  F_LCI 0.0446103
Model_1_goa_dr_2022.dat 1 2023  F_UCI 0.0446115
Model_1_goa_dr_2022.dat 1 2023  F_Median 0.0446112
Model_1_goa_dr_2022.dat 1 2023  F_Mean 0.0446111
Model_1_goa_dr_2022.dat 1 2024 F0 0 
Model_1_goa_dr_2022.dat 1 2024 Fabc 0.0913417
Model_1_goa_dr_2022.dat 1 2024 Fofl 0.112301
Model_1_goa_dr_2022.dat 1 2024  F_LCI 0.0913417
Model_1_goa_dr_2022.dat 1 2024  F_UCI 0.0913417
Model_1_goa_dr_2022.dat 1 2024  F_Median 0.0913417
Model_1_goa_dr_2022.dat 1 2024  F_Mean 0.0913417
Model_1_goa_dr_2022.dat 1 2025 F0 0 
Model_1_goa_dr_2022.dat 1 2025 Fabc 0.0913417
Model_1_goa_dr_2022.dat 1 2025 Fofl 0.112301
Model_1_goa_dr_2022.dat 1 2025  F_LCI 0.0913417
Model_1_goa_dr_2022.dat 1 2025  F_UCI 0.0913417
Model_1_goa_dr_2022.dat 1 2025  F_Median 0.0913417
Model_1_goa_dr_2022.dat 1 2025  F_Mean 0.0913417
Model_1_goa_dr_2022.dat 1 2026 F0 0 
Model_1_goa_dr_2022.dat 1 2026 Fabc 0.0913417
Model_1_goa_dr_2022.dat 1 2026 Fofl 0.112301
Model_1_goa_dr_2022.dat 1 2026  F_LCI 0.0913417
Model_1_goa_dr_2022.dat 1 2026  F_UCI 0.0913417
Model_1_goa_dr_2022.dat 1 2026  F_Median 0.0913417
Model_1_goa_dr_2022.dat 1 2026  F_Mean 0.0913417
Model_1_goa_dr_2022.dat 1 2027 F0 0 
Model_1_goa_dr_2022.dat 1 2027 Fabc 0.0913417
Model_1_goa_dr_2022.dat 1 2027 Fofl 0.112301
Model_1_goa_dr_2022.dat 1 2027  F_LCI 0.0913417
Model_1_goa_dr_2022.dat 1 2027  F_UCI 0.0913417
Model_1_goa_dr_2022.dat 1 2027  F_Median 0.0913417
Model_1_goa_dr_2022.dat 1 2027  F_Mean 0.0913417
Model_1_goa_dr_2022.dat 1 2028 F0 0 
Model_1_goa_dr_2022.dat 1 2028 Fabc 0.0913417
Model_1_goa_dr_2022.dat 1 2028 Fofl 0.112301
Model_1_goa_dr_2022.dat 1 2028  F_LCI 0.0913417
Model_1_goa_dr_2022.dat 1 2028  F_UCI 0.0913417
Model_1_goa_dr_2022.dat 1 2028  F_Median 0.0913417
Model_1_goa_dr_2022.dat 1 2028  F_Mean 0.0913417
Model_1_goa_dr_2022.dat 1 2029 F0 0 
Model_1_goa_dr_2022.dat 1 2029 Fabc 0.0913417
Model_1_goa_dr_2022.dat 1 2029 Fofl 0.112301
Model_1_goa_dr_2022.dat 1 2029  F_LCI 0.0913417
Model_1_goa_dr_2022.dat 1 2029  F_UCI 0.0913417
Model_1_goa_dr_2022.dat 1 2029  F_Median 0.0913417
Model_1_goa_dr_2022.dat 1 2029  F_Mean 0.0913407
Model_1_goa_dr_2022.dat 1 2030 F0 0 
Model_1_goa_dr_2022.dat 1 2030 Fabc 0.0913417
Model_1_goa_dr_2022.dat 1 2030 Fofl 0.112301
Model_1_goa_dr_2022.dat 1 2030  F_LCI 0.0860109
Model_1_goa_dr_2022.dat 1 2030  F_UCI 0.0913417
Model_1_goa_dr_2022.dat 1 2030  F_Median 0.0913417
Model_1_goa_dr_2022.dat 1 2030  F_Mean 0.0901372
Model_1_goa_dr_2022.dat 1 2031 F0 0 
Model_1_goa_dr_2022.dat 1 2031 Fabc 0.0913417
Model_1_goa_dr_2022.dat 1 2031 Fofl 0.112301
Model_1_goa_dr_2022.dat 1 2031  F_LCI 0.0812278
Model_1_goa_dr_2022.dat 1 2031  F_UCI 0.0913417
Model_1_goa_dr_2022.dat 1 2031  F_Median 0.0898295
Model_1_goa_dr_2022.dat 1 2031  F_Mean 0.0881634
Model_1_goa_dr_2022.dat 1 2032 F0 0 
Model_1_goa_dr_2022.dat 1 2032 Fabc 0.0913417
Model_1_goa_dr_2022.dat 1 2032 Fofl 0.112301
Model_1_goa_dr_2022.dat 1 2032  F_LCI 0.0778867
Model_1_goa_dr_2022.dat 1 2032  F_UCI 0.0913417
Model_1_goa_dr_2022.dat 1 2032  F_Median 0.0884062
Model_1_goa_dr_2022.dat 1 2032  F_Mean 0.0869359
Model_1_goa_dr_2022.dat 1 2033 F0 0 
Model_1_goa_dr_2022.dat 1 2033 Fabc 0.0913417
Model_1_goa_dr_2022.dat 1 2033 Fofl 0.112301
Model_1_goa_dr_2022.dat 1 2033  F_LCI 0.0755297
Model_1_goa_dr_2022.dat 1 2033  F_UCI 0.0913417
Model_1_goa_dr_2022.dat 1 2033  F_Median 0.0880604
Model_1_goa_dr_2022.dat 1 2033  F_Mean 0.0863224
Model_1_goa_dr_2022.dat 1 2034 F0 0 
Model_1_goa_dr_2022.dat 1 2034 Fabc 0.0913417
Model_1_goa_dr_2022.dat 1 2034 Fofl 0.112301
Model_1_goa_dr_2022.dat 1 2034  F_LCI 0.0744728
Model_1_goa_dr_2022.dat 1 2034  F_UCI 0.0913417
Model_1_goa_dr_2022.dat 1 2034  F_Median 0.0881959
Model_1_goa_dr_2022.dat 1 2034  F_Mean 0.0861104
Model_1_goa_dr_2022.dat 1 2035 F0 0 
Model_1_goa_dr_2022.dat 1 2035 Fabc 0.0913417
Model_1_goa_dr_2022.dat 1 2035 Fofl 0.112301
Model_1_goa_dr_2022.dat 1 2035  F_LCI 0.0738561
Model_1_goa_dr_2022.dat 1 2035  F_UCI 0.0913417
Model_1_goa_dr_2022.dat 1 2035  F_Median 0.0884447
Model_1_goa_dr_2022.dat 1 2035  F_Mean 0.0860859
Model_1_goa_dr_2022.dat 2 2022 Cabc 4.6223
Model_1_goa_dr_2022.dat 2 2022 Cofl 4.9419
Model_1_goa_dr_2022.dat 2 2022 CLCI 2.58497
Model_1_goa_dr_2022.dat 2 2022 CUCI 2.58497
Model_1_goa_dr_2022.dat 2 2022 CMedian 2.58497
Model_1_goa_dr_2022.dat 2 2022 CMean 2.58497
Model_1_goa_dr_2022.dat 2 2023 Cabc 4.6223
Model_1_goa_dr_2022.dat 2 2023 Cofl 4.9419
Model_1_goa_dr_2022.dat 2 2023 CLCI 3.95497
Model_1_goa_dr_2022.dat 2 2023 CUCI 3.95497
Model_1_goa_dr_2022.dat 2 2023 CMedian 3.95497
Model_1_goa_dr_2022.dat 2 2023 CMean 3.95497
Model_1_goa_dr_2022.dat 2 2024 Cabc 4.6223
Model_1_goa_dr_2022.dat 2 2024 Cofl 4.9419
Model_1_goa_dr_2022.dat 2 2024 CLCI 7.59258
Model_1_goa_dr_2022.dat 2 2024 CUCI 7.59366
Model_1_goa_dr_2022.dat 2 2024 CMedian 7.59289
Model_1_goa_dr_2022.dat 2 2024 CMean 7.59298
Model_1_goa_dr_2022.dat 2 2025 Cabc 4.6223
Model_1_goa_dr_2022.dat 2 2025 Cofl 4.9419
Model_1_goa_dr_2022.dat 2 2025 CLCI 6.90801
Model_1_goa_dr_2022.dat 2 2025 CUCI 6.91283
Model_1_goa_dr_2022.dat 2 2025 CMedian 6.90938
Model_1_goa_dr_2022.dat 2 2025 CMean 6.90976
Model_1_goa_dr_2022.dat 2 2026 Cabc 4.6223
Model_1_goa_dr_2022.dat 2 2026 Cofl 4.9419
Model_1_goa_dr_2022.dat 2 2026 CLCI 6.24069
Model_1_goa_dr_2022.dat 2 2026 CUCI 6.25976
Model_1_goa_dr_2022.dat 2 2026 CMedian 6.24625
Model_1_goa_dr_2022.dat 2 2026 CMean 6.24773
Model_1_goa_dr_2022.dat 2 2027 Cabc 4.6223
Model_1_goa_dr_2022.dat 2 2027 Cofl 4.9419
Model_1_goa_dr_2022.dat 2 2027 CLCI 5.61592
Model_1_goa_dr_2022.dat 2 2027 CUCI 5.68508
Model_1_goa_dr_2022.dat 2 2027 CMedian 5.63624
Model_1_goa_dr_2022.dat 2 2027 CMean 5.64159
Model_1_goa_dr_2022.dat 2 2028 Cabc 4.6223
Model_1_goa_dr_2022.dat 2 2028 Cofl 4.9419
Model_1_goa_dr_2022.dat 2 2028 CLCI 5.06114
Model_1_goa_dr_2022.dat 2 2028 CUCI 5.27568
Model_1_goa_dr_2022.dat 2 2028 CMedian 5.12552
Model_1_goa_dr_2022.dat 2 2028 CMean 5.14261
Model_1_goa_dr_2022.dat 2 2029 Cabc 4.6223
Model_1_goa_dr_2022.dat 2 2029 Cofl 4.9419
Model_1_goa_dr_2022.dat 2 2029 CLCI 4.5963
Model_1_goa_dr_2022.dat 2 2029 CUCI 5.13161
Model_1_goa_dr_2022.dat 2 2029 CMedian 4.76451
Model_1_goa_dr_2022.dat 2 2029 CMean 4.80249
Model_1_goa_dr_2022.dat 2 2030 Cabc 4.6223
Model_1_goa_dr_2022.dat 2 2030 Cofl 4.9419
Model_1_goa_dr_2022.dat 2 2030 CLCI 4.0106
Model_1_goa_dr_2022.dat 2 2030 CUCI 5.21573
Model_1_goa_dr_2022.dat 2 2030 CMedian 4.56313
Model_1_goa_dr_2022.dat 2 2030 CMean 4.57172
Model_1_goa_dr_2022.dat 2 2031 Cabc 4.6223
Model_1_goa_dr_2022.dat 2 2031 Cofl 4.9419
Model_1_goa_dr_2022.dat 2 2031 CLCI 3.60001
Model_1_goa_dr_2022.dat 2 2031 CUCI 5.36743
Model_1_goa_dr_2022.dat 2 2031 CMedian 4.37419
Model_1_goa_dr_2022.dat 2 2031 CMean 4.41938
Model_1_goa_dr_2022.dat 2 2032 Cabc 4.6223
Model_1_goa_dr_2022.dat 2 2032 Cofl 4.9419
Model_1_goa_dr_2022.dat 2 2032 CLCI 3.33598
Model_1_goa_dr_2022.dat 2 2032 CUCI 5.50718
Model_1_goa_dr_2022.dat 2 2032 CMedian 4.29991
Model_1_goa_dr_2022.dat 2 2032 CMean 4.35498
Model_1_goa_dr_2022.dat 2 2033 Cabc 4.6223
Model_1_goa_dr_2022.dat 2 2033 Cofl 4.9419
Model_1_goa_dr_2022.dat 2 2033 CLCI 3.14459
Model_1_goa_dr_2022.dat 2 2033 CUCI 5.63734
Model_1_goa_dr_2022.dat 2 2033 CMedian 4.27962
Model_1_goa_dr_2022.dat 2 2033 CMean 4.33599
Model_1_goa_dr_2022.dat 2 2034 Cabc 4.6223
Model_1_goa_dr_2022.dat 2 2034 Cofl 4.9419
Model_1_goa_dr_2022.dat 2 2034 CLCI 3.06836
Model_1_goa_dr_2022.dat 2 2034 CUCI 5.71477
Model_1_goa_dr_2022.dat 2 2034 CMedian 4.31598
Model_1_goa_dr_2022.dat 2 2034 CMean 4.34059
Model_1_goa_dr_2022.dat 2 2035 Cabc 4.6223
Model_1_goa_dr_2022.dat 2 2035 Cofl 4.9419
Model_1_goa_dr_2022.dat 2 2035 CLCI 3.01265
Model_1_goa_dr_2022.dat 2 2035 CUCI 5.80094
Model_1_goa_dr_2022.dat 2 2035 CMedian 4.32547
Model_1_goa_dr_2022.dat 2 2035 CMean 4.35845
Model_1_goa_dr_2022.dat 2 2022 SSBF100 65.5649
Model_1_goa_dr_2022.dat 2 2022 SSBFabc 26.2259
Model_1_goa_dr_2022.dat 2 2022 SSBFofl 22.9477
Model_1_goa_dr_2022.dat 2 2022 SSBLCI 45.0557
Model_1_goa_dr_2022.dat 2 2022 SSBUCI 45.0557
Model_1_goa_dr_2022.dat 2 2022 SSBMedian 45.0557
Model_1_goa_dr_2022.dat 2 2022 SSBMean 45.0557
Model_1_goa_dr_2022.dat 2 2023 SSBF100 65.5649
Model_1_goa_dr_2022.dat 2 2023 SSBFabc 26.2259
Model_1_goa_dr_2022.dat 2 2023 SSBFofl 22.9477
Model_1_goa_dr_2022.dat 2 2023 SSBLCI 44.582
Model_1_goa_dr_2022.dat 2 2023 SSBUCI 44.6088
Model_1_goa_dr_2022.dat 2 2023 SSBMedian 44.5889
Model_1_goa_dr_2022.dat 2 2023 SSBMean 44.5914
Model_1_goa_dr_2022.dat 2 2024 SSBF100 65.5649
Model_1_goa_dr_2022.dat 2 2024 SSBFabc 26.2259
Model_1_goa_dr_2022.dat 2 2024 SSBFofl 22.9477
Model_1_goa_dr_2022.dat 2 2024 SSBLCI 42.6944
Model_1_goa_dr_2022.dat 2 2024 SSBUCI 42.7807
Model_1_goa_dr_2022.dat 2 2024 SSBMedian 42.7202
Model_1_goa_dr_2022.dat 2 2024 SSBMean 42.727
Model_1_goa_dr_2022.dat 2 2025 SSBF100 65.5649
Model_1_goa_dr_2022.dat 2 2025 SSBFabc 26.2259
Model_1_goa_dr_2022.dat 2 2025 SSBFofl 22.9477
Model_1_goa_dr_2022.dat 2 2025 SSBLCI 39.0342
Model_1_goa_dr_2022.dat 2 2025 SSBUCI 39.2644
Model_1_goa_dr_2022.dat 2 2025 SSBMedian 39.1041
Model_1_goa_dr_2022.dat 2 2025 SSBMean 39.1227
Model_1_goa_dr_2022.dat 2 2026 SSBF100 65.5649
Model_1_goa_dr_2022.dat 2 2026 SSBFabc 26.2259
Model_1_goa_dr_2022.dat 2 2026 SSBFofl 22.9477
Model_1_goa_dr_2022.dat 2 2026 SSBLCI 35.465
Model_1_goa_dr_2022.dat 2 2026 SSBUCI 36.0005
Model_1_goa_dr_2022.dat 2 2026 SSBMedian 35.6356
Model_1_goa_dr_2022.dat 2 2026 SSBMean 35.6744
Model_1_goa_dr_2022.dat 2 2027 SSBF100 65.5649
Model_1_goa_dr_2022.dat 2 2027 SSBFabc 26.2259
Model_1_goa_dr_2022.dat 2 2027 SSBFofl 22.9477
Model_1_goa_dr_2022.dat 2 2027 SSBLCI 32.1377
Model_1_goa_dr_2022.dat 2 2027 SSBUCI 33.2704
Model_1_goa_dr_2022.dat 2 2027 SSBMedian 32.5147
Model_1_goa_dr_2022.dat 2 2027 SSBMean 32.5837
Model_1_goa_dr_2022.dat 2 2028 SSBF100 65.5649
Model_1_goa_dr_2022.dat 2 2028 SSBFabc 26.2259
Model_1_goa_dr_2022.dat 2 2028 SSBFofl 22.9477
Model_1_goa_dr_2022.dat 2 2028 SSBLCI 29.1818
Model_1_goa_dr_2022.dat 2 2028 SSBUCI 31.3213
Model_1_goa_dr_2022.dat 2 2028 SSBMedian 29.8962
Model_1_goa_dr_2022.dat 2 2028 SSBMean 30.0369
Model_1_goa_dr_2022.dat 2 2029 SSBF100 65.5649
Model_1_goa_dr_2022.dat 2 2029 SSBFabc 26.2259
Model_1_goa_dr_2022.dat 2 2029 SSBFofl 22.9477
Model_1_goa_dr_2022.dat 2 2029 SSBLCI 26.7051
Model_1_goa_dr_2022.dat 2 2029 SSBUCI 30.3445
Model_1_goa_dr_2022.dat 2 2029 SSBMedian 27.9263
Model_1_goa_dr_2022.dat 2 2029 SSBMean 28.1522
Model_1_goa_dr_2022.dat 2 2030 SSBF100 65.5649
Model_1_goa_dr_2022.dat 2 2030 SSBFabc 26.2259
Model_1_goa_dr_2022.dat 2 2030 SSBFofl 22.9477
Model_1_goa_dr_2022.dat 2 2030 SSBLCI 24.7719
Model_1_goa_dr_2022.dat 2 2030 SSBUCI 30.0622
Model_1_goa_dr_2022.dat 2 2030 SSBMedian 26.5525
Model_1_goa_dr_2022.dat 2 2030 SSBMean 26.9341
Model_1_goa_dr_2022.dat 2 2031 SSBF100 65.5649
Model_1_goa_dr_2022.dat 2 2031 SSBFabc 26.2259
Model_1_goa_dr_2022.dat 2 2031 SSBFofl 22.9477
Model_1_goa_dr_2022.dat 2 2031 SSBLCI 23.4672
Model_1_goa_dr_2022.dat 2 2031 SSBUCI 30.4308
Model_1_goa_dr_2022.dat 2 2031 SSBMedian 25.8135
Model_1_goa_dr_2022.dat 2 2031 SSBMean 26.2678
Model_1_goa_dr_2022.dat 2 2032 SSBF100 65.5649
Model_1_goa_dr_2022.dat 2 2032 SSBFabc 26.2259
Model_1_goa_dr_2022.dat 2 2032 SSBFofl 22.9477
Model_1_goa_dr_2022.dat 2 2032 SSBLCI 22.5559
Model_1_goa_dr_2022.dat 2 2032 SSBUCI 30.986
Model_1_goa_dr_2022.dat 2 2032 SSBMedian 25.4252
Model_1_goa_dr_2022.dat 2 2032 SSBMean 25.9769
Model_1_goa_dr_2022.dat 2 2033 SSBF100 65.5649
Model_1_goa_dr_2022.dat 2 2033 SSBFabc 26.2259
Model_1_goa_dr_2022.dat 2 2033 SSBFofl 22.9477
Model_1_goa_dr_2022.dat 2 2033 SSBLCI 21.913
Model_1_goa_dr_2022.dat 2 2033 SSBUCI 31.5796
Model_1_goa_dr_2022.dat 2 2033 SSBMedian 25.3309
Model_1_goa_dr_2022.dat 2 2033 SSBMean 25.8984
Model_1_goa_dr_2022.dat 2 2034 SSBF100 65.5649
Model_1_goa_dr_2022.dat 2 2034 SSBFabc 26.2259
Model_1_goa_dr_2022.dat 2 2034 SSBFofl 22.9477
Model_1_goa_dr_2022.dat 2 2034 SSBLCI 21.6247
Model_1_goa_dr_2022.dat 2 2034 SSBUCI 32.0259
Model_1_goa_dr_2022.dat 2 2034 SSBMedian 25.3679
Model_1_goa_dr_2022.dat 2 2034 SSBMean 25.9288
Model_1_goa_dr_2022.dat 2 2035 SSBF100 65.5649
Model_1_goa_dr_2022.dat 2 2035 SSBFabc 26.2259
Model_1_goa_dr_2022.dat 2 2035 SSBFofl 22.9477
Model_1_goa_dr_2022.dat 2 2035 SSBLCI 21.4565
Model_1_goa_dr_2022.dat 2 2035 SSBUCI 32.3449
Model_1_goa_dr_2022.dat 2 2035 SSBMedian 25.4357
Model_1_goa_dr_2022.dat 2 2035 SSBMean 26.0142
Model_1_goa_dr_2022.dat 2 2022 F0 0 
Model_1_goa_dr_2022.dat 2 2022 Fabc 0.0913417
Model_1_goa_dr_2022.dat 2 2022 Fofl 0.112301
Model_1_goa_dr_2022.dat 2 2022  F_LCI 0.0284964
Model_1_goa_dr_2022.dat 2 2022  F_UCI 0.0284964
Model_1_goa_dr_2022.dat 2 2022  F_Median 0.0284964
Model_1_goa_dr_2022.dat 2 2022  F_Mean 0.0284964
Model_1_goa_dr_2022.dat 2 2023 F0 0 
Model_1_goa_dr_2022.dat 2 2023 Fabc 0.0913417
Model_1_goa_dr_2022.dat 2 2023 Fofl 0.112301
Model_1_goa_dr_2022.dat 2 2023  F_LCI 0.0446103
Model_1_goa_dr_2022.dat 2 2023  F_UCI 0.0446115
Model_1_goa_dr_2022.dat 2 2023  F_Median 0.0446112
Model_1_goa_dr_2022.dat 2 2023  F_Mean 0.0446111
Model_1_goa_dr_2022.dat 2 2024 F0 0 
Model_1_goa_dr_2022.dat 2 2024 Fabc 0.0913417
Model_1_goa_dr_2022.dat 2 2024 Fofl 0.112301
Model_1_goa_dr_2022.dat 2 2024  F_LCI 0.0913417
Model_1_goa_dr_2022.dat 2 2024  F_UCI 0.0913417
Model_1_goa_dr_2022.dat 2 2024  F_Median 0.0913417
Model_1_goa_dr_2022.dat 2 2024  F_Mean 0.0913417
Model_1_goa_dr_2022.dat 2 2025 F0 0 
Model_1_goa_dr_2022.dat 2 2025 Fabc 0.0913417
Model_1_goa_dr_2022.dat 2 2025 Fofl 0.112301
Model_1_goa_dr_2022.dat 2 2025  F_LCI 0.0913417
Model_1_goa_dr_2022.dat 2 2025  F_UCI 0.0913417
Model_1_goa_dr_2022.dat 2 2025  F_Median 0.0913417
Model_1_goa_dr_2022.dat 2 2025  F_Mean 0.0913417
Model_1_goa_dr_2022.dat 2 2026 F0 0 
Model_1_goa_dr_2022.dat 2 2026 Fabc 0.0913417
Model_1_goa_dr_2022.dat 2 2026 Fofl 0.112301
Model_1_goa_dr_2022.dat 2 2026  F_LCI 0.0913417
Model_1_goa_dr_2022.dat 2 2026  F_UCI 0.0913417
Model_1_goa_dr_2022.dat 2 2026  F_Median 0.0913417
Model_1_goa_dr_2022.dat 2 2026  F_Mean 0.0913417
Model_1_goa_dr_2022.dat 2 2027 F0 0 
Model_1_goa_dr_2022.dat 2 2027 Fabc 0.0913417
Model_1_goa_dr_2022.dat 2 2027 Fofl 0.112301
Model_1_goa_dr_2022.dat 2 2027  F_LCI 0.0913417
Model_1_goa_dr_2022.dat 2 2027  F_UCI 0.0913417
Model_1_goa_dr_2022.dat 2 2027  F_Median 0.0913417
Model_1_goa_dr_2022.dat 2 2027  F_Mean 0.0913417
Model_1_goa_dr_2022.dat 2 2028 F0 0 
Model_1_goa_dr_2022.dat 2 2028 Fabc 0.0913417
Model_1_goa_dr_2022.dat 2 2028 Fofl 0.112301
Model_1_goa_dr_2022.dat 2 2028  F_LCI 0.0913417
Model_1_goa_dr_2022.dat 2 2028  F_UCI 0.0913417
Model_1_goa_dr_2022.dat 2 2028  F_Median 0.0913417
Model_1_goa_dr_2022.dat 2 2028  F_Mean 0.0913417
Model_1_goa_dr_2022.dat 2 2029 F0 0 
Model_1_goa_dr_2022.dat 2 2029 Fabc 0.0913417
Model_1_goa_dr_2022.dat 2 2029 Fofl 0.112301
Model_1_goa_dr_2022.dat 2 2029  F_LCI 0.0913417
Model_1_goa_dr_2022.dat 2 2029  F_UCI 0.0913417
Model_1_goa_dr_2022.dat 2 2029  F_Median 0.0913417
Model_1_goa_dr_2022.dat 2 2029  F_Mean 0.0913407
Model_1_goa_dr_2022.dat 2 2030 F0 0 
Model_1_goa_dr_2022.dat 2 2030 Fabc 0.0913417
Model_1_goa_dr_2022.dat 2 2030 Fofl 0.112301
Model_1_goa_dr_2022.dat 2 2030  F_LCI 0.0860109
Model_1_goa_dr_2022.dat 2 2030  F_UCI 0.0913417
Model_1_goa_dr_2022.dat 2 2030  F_Median 0.0913417
Model_1_goa_dr_2022.dat 2 2030  F_Mean 0.0901372
Model_1_goa_dr_2022.dat 2 2031 F0 0 
Model_1_goa_dr_2022.dat 2 2031 Fabc 0.0913417
Model_1_goa_dr_2022.dat 2 2031 Fofl 0.112301
Model_1_goa_dr_2022.dat 2 2031  F_LCI 0.0812278
Model_1_goa_dr_2022.dat 2 2031  F_UCI 0.0913417
Model_1_goa_dr_2022.dat 2 2031  F_Median 0.0898295
Model_1_goa_dr_2022.dat 2 2031  F_Mean 0.0881634
Model_1_goa_dr_2022.dat 2 2032 F0 0 
Model_1_goa_dr_2022.dat 2 2032 Fabc 0.0913417
Model_1_goa_dr_2022.dat 2 2032 Fofl 0.112301
Model_1_goa_dr_2022.dat 2 2032  F_LCI 0.0778867
Model_1_goa_dr_2022.dat 2 2032  F_UCI 0.0913417
Model_1_goa_dr_2022.dat 2 2032  F_Median 0.0884062
Model_1_goa_dr_2022.dat 2 2032  F_Mean 0.0869359
Model_1_goa_dr_2022.dat 2 2033 F0 0 
Model_1_goa_dr_2022.dat 2 2033 Fabc 0.0913417
Model_1_goa_dr_2022.dat 2 2033 Fofl 0.112301
Model_1_goa_dr_2022.dat 2 2033  F_LCI 0.0755297
Model_1_goa_dr_2022.dat 2 2033  F_UCI 0.0913417
Model_1_goa_dr_2022.dat 2 2033  F_Median 0.0880604
Model_1_goa_dr_2022.dat 2 2033  F_Mean 0.0863224
Model_1_goa_dr_2022.dat 2 2034 F0 0 
Model_1_goa_dr_2022.dat 2 2034 Fabc 0.0913417
Model_1_goa_dr_2022.dat 2 2034 Fofl 0.112301
Model_1_goa_dr_2022.dat 2 2034  F_LCI 0.0744728
Model_1_goa_dr_2022.dat 2 2034  F_UCI 0.0913417
Model_1_goa_dr_2022.dat 2 2034  F_Median 0.0881959
Model_1_goa_dr_2022.dat 2 2034  F_Mean 0.0861104
Model_1_goa_dr_2022.dat 2 2035 F0 0 
Model_1_goa_dr_2022.dat 2 2035 Fabc 0.0913417
Model_1_goa_dr_2022.dat 2 2035 Fofl 0.112301
Model_1_goa_dr_2022.dat 2 2035  F_LCI 0.0738561
Model_1_goa_dr_2022.dat 2 2035  F_UCI 0.0913417
Model_1_goa_dr_2022.dat 2 2035  F_Median 0.0884447
Model_1_goa_dr_2022.dat 2 2035  F_Mean 0.0860859
Model_1_goa_dr_2022.dat 3 2022 Cabc 4.6223
Model_1_goa_dr_2022.dat 3 2022 Cofl 4.9419
Model_1_goa_dr_2022.dat 3 2022 CLCI 2.58497
Model_1_goa_dr_2022.dat 3 2022 CUCI 2.58497
Model_1_goa_dr_2022.dat 3 2022 CMedian 2.58497
Model_1_goa_dr_2022.dat 3 2022 CMean 2.58497
Model_1_goa_dr_2022.dat 3 2023 Cabc 4.6223
Model_1_goa_dr_2022.dat 3 2023 Cofl 4.9419
Model_1_goa_dr_2022.dat 3 2023 CLCI 3.95497
Model_1_goa_dr_2022.dat 3 2023 CUCI 3.95497
Model_1_goa_dr_2022.dat 3 2023 CMedian 3.95497
Model_1_goa_dr_2022.dat 3 2023 CMean 3.95497
Model_1_goa_dr_2022.dat 3 2024 Cabc 4.6223
Model_1_goa_dr_2022.dat 3 2024 Cofl 4.9419
Model_1_goa_dr_2022.dat 3 2024 CLCI 3.87931
Model_1_goa_dr_2022.dat 3 2024 CUCI 3.87984
Model_1_goa_dr_2022.dat 3 2024 CMedian 3.87946
Model_1_goa_dr_2022.dat 3 2024 CMean 3.8795
Model_1_goa_dr_2022.dat 3 2025 Cabc 4.6223
Model_1_goa_dr_2022.dat 3 2025 Cofl 4.9419
Model_1_goa_dr_2022.dat 3 2025 CLCI 3.68629
Model_1_goa_dr_2022.dat 3 2025 CUCI 3.68871
Model_1_goa_dr_2022.dat 3 2025 CMedian 3.68698
Model_1_goa_dr_2022.dat 3 2025 CMean 3.68717
Model_1_goa_dr_2022.dat 3 2026 Cabc 4.6223
Model_1_goa_dr_2022.dat 3 2026 Cofl 4.9419
Model_1_goa_dr_2022.dat 3 2026 CLCI 3.47544
Model_1_goa_dr_2022.dat 3 2026 CUCI 3.48498
Model_1_goa_dr_2022.dat 3 2026 CMedian 3.47822
Model_1_goa_dr_2022.dat 3 2026 CMean 3.47896
Model_1_goa_dr_2022.dat 3 2027 Cabc 4.6223
Model_1_goa_dr_2022.dat 3 2027 Cofl 4.9419
Model_1_goa_dr_2022.dat 3 2027 CLCI 3.2603
Model_1_goa_dr_2022.dat 3 2027 CUCI 3.29498
Model_1_goa_dr_2022.dat 3 2027 CMedian 3.27049
Model_1_goa_dr_2022.dat 3 2027 CMean 3.27317
Model_1_goa_dr_2022.dat 3 2028 Cabc 4.6223
Model_1_goa_dr_2022.dat 3 2028 Cofl 4.9419
Model_1_goa_dr_2022.dat 3 2028 CLCI 3.05719
Model_1_goa_dr_2022.dat 3 2028 CUCI 3.16529
Model_1_goa_dr_2022.dat 3 2028 CMedian 3.08951
Model_1_goa_dr_2022.dat 3 2028 CMean 3.0982
Model_1_goa_dr_2022.dat 3 2029 Cabc 4.6223
Model_1_goa_dr_2022.dat 3 2029 Cofl 4.9419
Model_1_goa_dr_2022.dat 3 2029 CLCI 2.87934
Model_1_goa_dr_2022.dat 3 2029 CUCI 3.15326
Model_1_goa_dr_2022.dat 3 2029 CMedian 2.9651
Model_1_goa_dr_2022.dat 3 2029 CMean 2.9845
Model_1_goa_dr_2022.dat 3 2030 Cabc 4.6223
Model_1_goa_dr_2022.dat 3 2030 Cofl 4.9419
Model_1_goa_dr_2022.dat 3 2030 CLCI 2.74177
Model_1_goa_dr_2022.dat 3 2030 CUCI 3.24661
Model_1_goa_dr_2022.dat 3 2030 CMedian 2.9083
Model_1_goa_dr_2022.dat 3 2030 CMean 2.94105
Model_1_goa_dr_2022.dat 3 2031 Cabc 4.6223
Model_1_goa_dr_2022.dat 3 2031 Cofl 4.9419
Model_1_goa_dr_2022.dat 3 2031 CLCI 2.65227
Model_1_goa_dr_2022.dat 3 2031 CUCI 3.36967
Model_1_goa_dr_2022.dat 3 2031 CMedian 2.89422
Model_1_goa_dr_2022.dat 3 2031 CMean 2.94364
Model_1_goa_dr_2022.dat 3 2032 Cabc 4.6223
Model_1_goa_dr_2022.dat 3 2032 Cofl 4.9419
Model_1_goa_dr_2022.dat 3 2032 CLCI 2.58937
Model_1_goa_dr_2022.dat 3 2032 CUCI 3.50619
Model_1_goa_dr_2022.dat 3 2032 CMedian 2.90744
Model_1_goa_dr_2022.dat 3 2032 CMean 2.966
Model_1_goa_dr_2022.dat 3 2033 Cabc 4.6223
Model_1_goa_dr_2022.dat 3 2033 Cofl 4.9419
Model_1_goa_dr_2022.dat 3 2033 CLCI 2.539
Model_1_goa_dr_2022.dat 3 2033 CUCI 3.61715
Model_1_goa_dr_2022.dat 3 2033 CMedian 2.93773
Model_1_goa_dr_2022.dat 3 2033 CMean 2.9937
Model_1_goa_dr_2022.dat 3 2034 Cabc 4.6223
Model_1_goa_dr_2022.dat 3 2034 Cofl 4.9419
Model_1_goa_dr_2022.dat 3 2034 CLCI 2.50221
Model_1_goa_dr_2022.dat 3 2034 CUCI 3.69987
Model_1_goa_dr_2022.dat 3 2034 CMedian 2.96916
Model_1_goa_dr_2022.dat 3 2034 CMean 3.02185
Model_1_goa_dr_2022.dat 3 2035 Cabc 4.6223
Model_1_goa_dr_2022.dat 3 2035 Cofl 4.9419
Model_1_goa_dr_2022.dat 3 2035 CLCI 2.48326
Model_1_goa_dr_2022.dat 3 2035 CUCI 3.77038
Model_1_goa_dr_2022.dat 3 2035 CMedian 3.00032
Model_1_goa_dr_2022.dat 3 2035 CMean 3.05096
Model_1_goa_dr_2022.dat 3 2022 SSBF100 65.5649
Model_1_goa_dr_2022.dat 3 2022 SSBFabc 26.2259
Model_1_goa_dr_2022.dat 3 2022 SSBFofl 22.9477
Model_1_goa_dr_2022.dat 3 2022 SSBLCI 45.0557
Model_1_goa_dr_2022.dat 3 2022 SSBUCI 45.0557
Model_1_goa_dr_2022.dat 3 2022 SSBMedian 45.0557
Model_1_goa_dr_2022.dat 3 2022 SSBMean 45.0557
Model_1_goa_dr_2022.dat 3 2023 SSBF100 65.5649
Model_1_goa_dr_2022.dat 3 2023 SSBFabc 26.2259
Model_1_goa_dr_2022.dat 3 2023 SSBFofl 22.9477
Model_1_goa_dr_2022.dat 3 2023 SSBLCI 44.582
Model_1_goa_dr_2022.dat 3 2023 SSBUCI 44.6088
Model_1_goa_dr_2022.dat 3 2023 SSBMedian 44.5889
Model_1_goa_dr_2022.dat 3 2023 SSBMean 44.5914
Model_1_goa_dr_2022.dat 3 2024 SSBF100 65.5649
Model_1_goa_dr_2022.dat 3 2024 SSBFabc 26.2259
Model_1_goa_dr_2022.dat 3 2024 SSBFofl 22.9477
Model_1_goa_dr_2022.dat 3 2024 SSBLCI 43.0091
Model_1_goa_dr_2022.dat 3 2024 SSBUCI 43.0954
Model_1_goa_dr_2022.dat 3 2024 SSBMedian 43.0349
Model_1_goa_dr_2022.dat 3 2024 SSBMean 43.0418
Model_1_goa_dr_2022.dat 3 2025 SSBF100 65.5649
Model_1_goa_dr_2022.dat 3 2025 SSBFabc 26.2259
Model_1_goa_dr_2022.dat 3 2025 SSBFofl 22.9477
Model_1_goa_dr_2022.dat 3 2025 SSBLCI 41.0613
Model_1_goa_dr_2022.dat 3 2025 SSBUCI 41.2915
Model_1_goa_dr_2022.dat 3 2025 SSBMedian 41.1312
Model_1_goa_dr_2022.dat 3 2025 SSBMean 41.1498
Model_1_goa_dr_2022.dat 3 2026 SSBF100 65.5649
Model_1_goa_dr_2022.dat 3 2026 SSBFabc 26.2259
Model_1_goa_dr_2022.dat 3 2026 SSBFofl 22.9477
Model_1_goa_dr_2022.dat 3 2026 SSBLCI 38.9244
Model_1_goa_dr_2022.dat 3 2026 SSBUCI 39.4602
Model_1_goa_dr_2022.dat 3 2026 SSBMedian 39.0951
Model_1_goa_dr_2022.dat 3 2026 SSBMean 39.1338
Model_1_goa_dr_2022.dat 3 2027 SSBF100 65.5649
Model_1_goa_dr_2022.dat 3 2027 SSBFabc 26.2259
Model_1_goa_dr_2022.dat 3 2027 SSBFofl 22.9477
Model_1_goa_dr_2022.dat 3 2027 SSBLCI 36.7525
Model_1_goa_dr_2022.dat 3 2027 SSBUCI 37.8873
Model_1_goa_dr_2022.dat 3 2027 SSBMedian 37.1301
Model_1_goa_dr_2022.dat 3 2027 SSBMean 37.1992
Model_1_goa_dr_2022.dat 3 2028 SSBF100 65.5649
Model_1_goa_dr_2022.dat 3 2028 SSBFabc 26.2259
Model_1_goa_dr_2022.dat 3 2028 SSBFofl 22.9477
Model_1_goa_dr_2022.dat 3 2028 SSBLCI 34.6939
Model_1_goa_dr_2022.dat 3 2028 SSBUCI 36.8474
Model_1_goa_dr_2022.dat 3 2028 SSBMedian 35.4103
Model_1_goa_dr_2022.dat 3 2028 SSBMean 35.5532
Model_1_goa_dr_2022.dat 3 2029 SSBF100 65.5649
Model_1_goa_dr_2022.dat 3 2029 SSBFabc 26.2259
Model_1_goa_dr_2022.dat 3 2029 SSBFofl 22.9477
Model_1_goa_dr_2022.dat 3 2029 SSBLCI 32.8863
Model_1_goa_dr_2022.dat 3 2029 SSBUCI 36.5918
Model_1_goa_dr_2022.dat 3 2029 SSBMedian 34.1227
Model_1_goa_dr_2022.dat 3 2029 SSBMean 34.3522
Model_1_goa_dr_2022.dat 3 2030 SSBF100 65.5649
Model_1_goa_dr_2022.dat 3 2030 SSBFabc 26.2259
Model_1_goa_dr_2022.dat 3 2030 SSBFofl 22.9477
Model_1_goa_dr_2022.dat 3 2030 SSBLCI 31.4199
Model_1_goa_dr_2022.dat 3 2030 SSBUCI 36.9142
Model_1_goa_dr_2022.dat 3 2030 SSBMedian 33.2731
Model_1_goa_dr_2022.dat 3 2030 SSBMean 33.655
Model_1_goa_dr_2022.dat 3 2031 SSBF100 65.5649
Model_1_goa_dr_2022.dat 3 2031 SSBFabc 26.2259
Model_1_goa_dr_2022.dat 3 2031 SSBFofl 22.9477
Model_1_goa_dr_2022.dat 3 2031 SSBLCI 30.3342
Model_1_goa_dr_2022.dat 3 2031 SSBUCI 37.7056
Model_1_goa_dr_2022.dat 3 2031 SSBMedian 32.9353
Model_1_goa_dr_2022.dat 3 2031 SSBMean 33.3857
Model_1_goa_dr_2022.dat 3 2032 SSBF100 65.5649
Model_1_goa_dr_2022.dat 3 2032 SSBFabc 26.2259
Model_1_goa_dr_2022.dat 3 2032 SSBFofl 22.9477
Model_1_goa_dr_2022.dat 3 2032 SSBLCI 29.486
Model_1_goa_dr_2022.dat 3 2032 SSBUCI 38.9499
Model_1_goa_dr_2022.dat 3 2032 SSBMedian 32.8622
Model_1_goa_dr_2022.dat 3 2032 SSBMean 33.4066
Model_1_goa_dr_2022.dat 3 2033 SSBF100 65.5649
Model_1_goa_dr_2022.dat 3 2033 SSBFabc 26.2259
Model_1_goa_dr_2022.dat 3 2033 SSBFofl 22.9477
Model_1_goa_dr_2022.dat 3 2033 SSBLCI 28.8884
Model_1_goa_dr_2022.dat 3 2033 SSBUCI 40.116
Model_1_goa_dr_2022.dat 3 2033 SSBMedian 33.0896
Model_1_goa_dr_2022.dat 3 2033 SSBMean 33.5962
Model_1_goa_dr_2022.dat 3 2034 SSBF100 65.5649
Model_1_goa_dr_2022.dat 3 2034 SSBFabc 26.2259
Model_1_goa_dr_2022.dat 3 2034 SSBFofl 22.9477
Model_1_goa_dr_2022.dat 3 2034 SSBLCI 28.4454
Model_1_goa_dr_2022.dat 3 2034 SSBUCI 41.0531
Model_1_goa_dr_2022.dat 3 2034 SSBMedian 33.3525
Model_1_goa_dr_2022.dat 3 2034 SSBMean 33.87
Model_1_goa_dr_2022.dat 3 2035 SSBF100 65.5649
Model_1_goa_dr_2022.dat 3 2035 SSBFabc 26.2259
Model_1_goa_dr_2022.dat 3 2035 SSBFofl 22.9477
Model_1_goa_dr_2022.dat 3 2035 SSBLCI 28.3429
Model_1_goa_dr_2022.dat 3 2035 SSBUCI 41.6658
Model_1_goa_dr_2022.dat 3 2035 SSBMedian 33.7411
Model_1_goa_dr_2022.dat 3 2035 SSBMean 34.182
Model_1_goa_dr_2022.dat 3 2022 F0 0 
Model_1_goa_dr_2022.dat 3 2022 Fabc 0.0913417
Model_1_goa_dr_2022.dat 3 2022 Fofl 0.112301
Model_1_goa_dr_2022.dat 3 2022  F_LCI 0.0284964
Model_1_goa_dr_2022.dat 3 2022  F_UCI 0.0284964
Model_1_goa_dr_2022.dat 3 2022  F_Median 0.0284964
Model_1_goa_dr_2022.dat 3 2022  F_Mean 0.0284964
Model_1_goa_dr_2022.dat 3 2023 F0 0 
Model_1_goa_dr_2022.dat 3 2023 Fabc 0.0913417
Model_1_goa_dr_2022.dat 3 2023 Fofl 0.112301
Model_1_goa_dr_2022.dat 3 2023  F_LCI 0.0446103
Model_1_goa_dr_2022.dat 3 2023  F_UCI 0.0446115
Model_1_goa_dr_2022.dat 3 2023  F_Median 0.0446112
Model_1_goa_dr_2022.dat 3 2023  F_Mean 0.0446111
Model_1_goa_dr_2022.dat 3 2024 F0 0 
Model_1_goa_dr_2022.dat 3 2024 Fabc 0.0913417
Model_1_goa_dr_2022.dat 3 2024 Fofl 0.112301
Model_1_goa_dr_2022.dat 3 2024  F_LCI 0.0456709
Model_1_goa_dr_2022.dat 3 2024  F_UCI 0.0456709
Model_1_goa_dr_2022.dat 3 2024  F_Median 0.0456709
Model_1_goa_dr_2022.dat 3 2024  F_Mean 0.0456709
Model_1_goa_dr_2022.dat 3 2025 F0 0 
Model_1_goa_dr_2022.dat 3 2025 Fabc 0.0913417
Model_1_goa_dr_2022.dat 3 2025 Fofl 0.112301
Model_1_goa_dr_2022.dat 3 2025  F_LCI 0.0456709
Model_1_goa_dr_2022.dat 3 2025  F_UCI 0.0456709
Model_1_goa_dr_2022.dat 3 2025  F_Median 0.0456709
Model_1_goa_dr_2022.dat 3 2025  F_Mean 0.0456709
Model_1_goa_dr_2022.dat 3 2026 F0 0 
Model_1_goa_dr_2022.dat 3 2026 Fabc 0.0913417
Model_1_goa_dr_2022.dat 3 2026 Fofl 0.112301
Model_1_goa_dr_2022.dat 3 2026  F_LCI 0.0456709
Model_1_goa_dr_2022.dat 3 2026  F_UCI 0.0456709
Model_1_goa_dr_2022.dat 3 2026  F_Median 0.0456709
Model_1_goa_dr_2022.dat 3 2026  F_Mean 0.0456709
Model_1_goa_dr_2022.dat 3 2027 F0 0 
Model_1_goa_dr_2022.dat 3 2027 Fabc 0.0913417
Model_1_goa_dr_2022.dat 3 2027 Fofl 0.112301
Model_1_goa_dr_2022.dat 3 2027  F_LCI 0.0456709
Model_1_goa_dr_2022.dat 3 2027  F_UCI 0.0456709
Model_1_goa_dr_2022.dat 3 2027  F_Median 0.0456709
Model_1_goa_dr_2022.dat 3 2027  F_Mean 0.0456709
Model_1_goa_dr_2022.dat 3 2028 F0 0 
Model_1_goa_dr_2022.dat 3 2028 Fabc 0.0913417
Model_1_goa_dr_2022.dat 3 2028 Fofl 0.112301
Model_1_goa_dr_2022.dat 3 2028  F_LCI 0.0456709
Model_1_goa_dr_2022.dat 3 2028  F_UCI 0.0456709
Model_1_goa_dr_2022.dat 3 2028  F_Median 0.0456709
Model_1_goa_dr_2022.dat 3 2028  F_Mean 0.0456709
Model_1_goa_dr_2022.dat 3 2029 F0 0 
Model_1_goa_dr_2022.dat 3 2029 Fabc 0.0913417
Model_1_goa_dr_2022.dat 3 2029 Fofl 0.112301
Model_1_goa_dr_2022.dat 3 2029  F_LCI 0.0456709
Model_1_goa_dr_2022.dat 3 2029  F_UCI 0.0456709
Model_1_goa_dr_2022.dat 3 2029  F_Median 0.0456709
Model_1_goa_dr_2022.dat 3 2029  F_Mean 0.0456709
Model_1_goa_dr_2022.dat 3 2030 F0 0 
Model_1_goa_dr_2022.dat 3 2030 Fabc 0.0913417
Model_1_goa_dr_2022.dat 3 2030 Fofl 0.112301
Model_1_goa_dr_2022.dat 3 2030  F_LCI 0.0456709
Model_1_goa_dr_2022.dat 3 2030  F_UCI 0.0456709
Model_1_goa_dr_2022.dat 3 2030  F_Median 0.0456709
Model_1_goa_dr_2022.dat 3 2030  F_Mean 0.0456709
Model_1_goa_dr_2022.dat 3 2031 F0 0 
Model_1_goa_dr_2022.dat 3 2031 Fabc 0.0913417
Model_1_goa_dr_2022.dat 3 2031 Fofl 0.112301
Model_1_goa_dr_2022.dat 3 2031  F_LCI 0.0456709
Model_1_goa_dr_2022.dat 3 2031  F_UCI 0.0456709
Model_1_goa_dr_2022.dat 3 2031  F_Median 0.0456709
Model_1_goa_dr_2022.dat 3 2031  F_Mean 0.0456709
Model_1_goa_dr_2022.dat 3 2032 F0 0 
Model_1_goa_dr_2022.dat 3 2032 Fabc 0.0913417
Model_1_goa_dr_2022.dat 3 2032 Fofl 0.112301
Model_1_goa_dr_2022.dat 3 2032  F_LCI 0.0456709
Model_1_goa_dr_2022.dat 3 2032  F_UCI 0.0456709
Model_1_goa_dr_2022.dat 3 2032  F_Median 0.0456709
Model_1_goa_dr_2022.dat 3 2032  F_Mean 0.0456709
Model_1_goa_dr_2022.dat 3 2033 F0 0 
Model_1_goa_dr_2022.dat 3 2033 Fabc 0.0913417
Model_1_goa_dr_2022.dat 3 2033 Fofl 0.112301
Model_1_goa_dr_2022.dat 3 2033  F_LCI 0.0456709
Model_1_goa_dr_2022.dat 3 2033  F_UCI 0.0456709
Model_1_goa_dr_2022.dat 3 2033  F_Median 0.0456709
Model_1_goa_dr_2022.dat 3 2033  F_Mean 0.0456708
Model_1_goa_dr_2022.dat 3 2034 F0 0 
Model_1_goa_dr_2022.dat 3 2034 Fabc 0.0913417
Model_1_goa_dr_2022.dat 3 2034 Fofl 0.112301
Model_1_goa_dr_2022.dat 3 2034  F_LCI 0.0456709
Model_1_goa_dr_2022.dat 3 2034  F_UCI 0.0456709
Model_1_goa_dr_2022.dat 3 2034  F_Median 0.0456709
Model_1_goa_dr_2022.dat 3 2034  F_Mean 0.0456678
Model_1_goa_dr_2022.dat 3 2035 F0 0 
Model_1_goa_dr_2022.dat 3 2035 Fabc 0.0913417
Model_1_goa_dr_2022.dat 3 2035 Fofl 0.112301
Model_1_goa_dr_2022.dat 3 2035  F_LCI 0.0456709
Model_1_goa_dr_2022.dat 3 2035  F_UCI 0.0456709
Model_1_goa_dr_2022.dat 3 2035  F_Median 0.0456709
Model_1_goa_dr_2022.dat 3 2035  F_Mean 0.0456612
Model_1_goa_dr_2022.dat 4 2022 Cabc 4.6223
Model_1_goa_dr_2022.dat 4 2022 Cofl 4.9419
Model_1_goa_dr_2022.dat 4 2022 CLCI 2.58497
Model_1_goa_dr_2022.dat 4 2022 CUCI 2.58497
Model_1_goa_dr_2022.dat 4 2022 CMedian 2.58497
Model_1_goa_dr_2022.dat 4 2022 CMean 2.58497
Model_1_goa_dr_2022.dat 4 2023 Cabc 4.6223
Model_1_goa_dr_2022.dat 4 2023 Cofl 4.9419
Model_1_goa_dr_2022.dat 4 2023 CLCI 3.95497
Model_1_goa_dr_2022.dat 4 2023 CUCI 3.95497
Model_1_goa_dr_2022.dat 4 2023 CMedian 3.95497
Model_1_goa_dr_2022.dat 4 2023 CMean 3.95497
Model_1_goa_dr_2022.dat 4 2024 Cabc 4.6223
Model_1_goa_dr_2022.dat 4 2024 Cofl 4.9419
Model_1_goa_dr_2022.dat 4 2024 CLCI 2.61659
Model_1_goa_dr_2022.dat 4 2024 CUCI 2.61695
Model_1_goa_dr_2022.dat 4 2024 CMedian 2.61669
Model_1_goa_dr_2022.dat 4 2024 CMean 2.61672
Model_1_goa_dr_2022.dat 4 2025 Cabc 4.6223
Model_1_goa_dr_2022.dat 4 2025 Cofl 4.9419
Model_1_goa_dr_2022.dat 4 2025 CLCI 2.5224
Model_1_goa_dr_2022.dat 4 2025 CUCI 2.52401
Model_1_goa_dr_2022.dat 4 2025 CMedian 2.52286
Model_1_goa_dr_2022.dat 4 2025 CMean 2.52298
Model_1_goa_dr_2022.dat 4 2026 Cabc 4.6223
Model_1_goa_dr_2022.dat 4 2026 Cofl 4.9419
Model_1_goa_dr_2022.dat 4 2026 CLCI 2.412
Model_1_goa_dr_2022.dat 4 2026 CUCI 2.41839
Model_1_goa_dr_2022.dat 4 2026 CMedian 2.41386
Model_1_goa_dr_2022.dat 4 2026 CMean 2.41436
Model_1_goa_dr_2022.dat 4 2027 Cabc 4.6223
Model_1_goa_dr_2022.dat 4 2027 Cofl 4.9419
Model_1_goa_dr_2022.dat 4 2027 CLCI 2.29422
Model_1_goa_dr_2022.dat 4 2027 CUCI 2.31746
Model_1_goa_dr_2022.dat 4 2027 CMedian 2.30105
Model_1_goa_dr_2022.dat 4 2027 CMean 2.30284
Model_1_goa_dr_2022.dat 4 2028 Cabc 4.6223
Model_1_goa_dr_2022.dat 4 2028 Cofl 4.9419
Model_1_goa_dr_2022.dat 4 2028 CLCI 2.1801
Model_1_goa_dr_2022.dat 4 2028 CUCI 2.25269
Model_1_goa_dr_2022.dat 4 2028 CMedian 2.20181
Model_1_goa_dr_2022.dat 4 2028 CMean 2.20763
Model_1_goa_dr_2022.dat 4 2029 Cabc 4.6223
Model_1_goa_dr_2022.dat 4 2029 Cofl 4.9419
Model_1_goa_dr_2022.dat 4 2029 CLCI 2.07892
Model_1_goa_dr_2022.dat 4 2029 CUCI 2.26366
Model_1_goa_dr_2022.dat 4 2029 CMedian 2.13654
Model_1_goa_dr_2022.dat 4 2029 CMean 2.14977
Model_1_goa_dr_2022.dat 4 2030 Cabc 4.6223
Model_1_goa_dr_2022.dat 4 2030 Cofl 4.9419
Model_1_goa_dr_2022.dat 4 2030 CLCI 2.00139
Model_1_goa_dr_2022.dat 4 2030 CUCI 2.34411
Model_1_goa_dr_2022.dat 4 2030 CMedian 2.11424
Model_1_goa_dr_2022.dat 4 2030 CMean 2.13651
Model_1_goa_dr_2022.dat 4 2031 Cabc 4.6223
Model_1_goa_dr_2022.dat 4 2031 Cofl 4.9419
Model_1_goa_dr_2022.dat 4 2031 CLCI 1.9538
Model_1_goa_dr_2022.dat 4 2031 CUCI 2.44546
Model_1_goa_dr_2022.dat 4 2031 CMedian 2.11896
Model_1_goa_dr_2022.dat 4 2031 CMean 2.15268
Model_1_goa_dr_2022.dat 4 2032 Cabc 4.6223
Model_1_goa_dr_2022.dat 4 2032 Cofl 4.9419
Model_1_goa_dr_2022.dat 4 2032 CLCI 1.92205
Model_1_goa_dr_2022.dat 4 2032 CUCI 2.55453
Model_1_goa_dr_2022.dat 4 2032 CMedian 2.1424
Model_1_goa_dr_2022.dat 4 2032 CMean 2.18122
Model_1_goa_dr_2022.dat 4 2033 Cabc 4.6223
Model_1_goa_dr_2022.dat 4 2033 Cofl 4.9419
Model_1_goa_dr_2022.dat 4 2033 CLCI 1.89697
Model_1_goa_dr_2022.dat 4 2033 CUCI 2.64785
Model_1_goa_dr_2022.dat 4 2033 CMedian 2.17538
Model_1_goa_dr_2022.dat 4 2033 CMean 2.21263
Model_1_goa_dr_2022.dat 4 2034 Cabc 4.6223
Model_1_goa_dr_2022.dat 4 2034 Cofl 4.9419
Model_1_goa_dr_2022.dat 4 2034 CLCI 1.88023
Model_1_goa_dr_2022.dat 4 2034 CUCI 2.72066
Model_1_goa_dr_2022.dat 4 2034 CMedian 2.20676
Model_1_goa_dr_2022.dat 4 2034 CMean 2.24373
Model_1_goa_dr_2022.dat 4 2035 Cabc 4.6223
Model_1_goa_dr_2022.dat 4 2035 Cofl 4.9419
Model_1_goa_dr_2022.dat 4 2035 CLCI 1.87841
Model_1_goa_dr_2022.dat 4 2035 CUCI 2.78195
Model_1_goa_dr_2022.dat 4 2035 CMedian 2.23781
Model_1_goa_dr_2022.dat 4 2035 CMean 2.27489
Model_1_goa_dr_2022.dat 4 2022 SSBF100 65.5649
Model_1_goa_dr_2022.dat 4 2022 SSBFabc 26.2259
Model_1_goa_dr_2022.dat 4 2022 SSBFofl 22.9477
Model_1_goa_dr_2022.dat 4 2022 SSBLCI 45.0557
Model_1_goa_dr_2022.dat 4 2022 SSBUCI 45.0557
Model_1_goa_dr_2022.dat 4 2022 SSBMedian 45.0557
Model_1_goa_dr_2022.dat 4 2022 SSBMean 45.0557
Model_1_goa_dr_2022.dat 4 2023 SSBF100 65.5649
Model_1_goa_dr_2022.dat 4 2023 SSBFabc 26.2259
Model_1_goa_dr_2022.dat 4 2023 SSBFofl 22.9477
Model_1_goa_dr_2022.dat 4 2023 SSBLCI 44.582
Model_1_goa_dr_2022.dat 4 2023 SSBUCI 44.6088
Model_1_goa_dr_2022.dat 4 2023 SSBMedian 44.5889
Model_1_goa_dr_2022.dat 4 2023 SSBMean 44.5914
Model_1_goa_dr_2022.dat 4 2024 SSBF100 65.5649
Model_1_goa_dr_2022.dat 4 2024 SSBFabc 26.2259
Model_1_goa_dr_2022.dat 4 2024 SSBFofl 22.9477
Model_1_goa_dr_2022.dat 4 2024 SSBLCI 43.1136
Model_1_goa_dr_2022.dat 4 2024 SSBUCI 43.1999
Model_1_goa_dr_2022.dat 4 2024 SSBMedian 43.1394
Model_1_goa_dr_2022.dat 4 2024 SSBMean 43.1462
Model_1_goa_dr_2022.dat 4 2025 SSBF100 65.5649
Model_1_goa_dr_2022.dat 4 2025 SSBFabc 26.2259
Model_1_goa_dr_2022.dat 4 2025 SSBFofl 22.9477
Model_1_goa_dr_2022.dat 4 2025 SSBLCI 41.7544
Model_1_goa_dr_2022.dat 4 2025 SSBUCI 41.9847
Model_1_goa_dr_2022.dat 4 2025 SSBMedian 41.8243
Model_1_goa_dr_2022.dat 4 2025 SSBMean 41.843
Model_1_goa_dr_2022.dat 4 2026 SSBF100 65.5649
Model_1_goa_dr_2022.dat 4 2026 SSBFabc 26.2259
Model_1_goa_dr_2022.dat 4 2026 SSBFofl 22.9477
Model_1_goa_dr_2022.dat 4 2026 SSBLCI 40.1425
Model_1_goa_dr_2022.dat 4 2026 SSBUCI 40.6783
Model_1_goa_dr_2022.dat 4 2026 SSBMedian 40.3132
Model_1_goa_dr_2022.dat 4 2026 SSBMean 40.3519
Model_1_goa_dr_2022.dat 4 2027 SSBF100 65.5649
Model_1_goa_dr_2022.dat 4 2027 SSBFabc 26.2259
Model_1_goa_dr_2022.dat 4 2027 SSBFofl 22.9477
Model_1_goa_dr_2022.dat 4 2027 SSBLCI 38.4252
Model_1_goa_dr_2022.dat 4 2027 SSBUCI 39.5606
Model_1_goa_dr_2022.dat 4 2027 SSBMedian 38.8029
Model_1_goa_dr_2022.dat 4 2027 SSBMean 38.8721
Model_1_goa_dr_2022.dat 4 2028 SSBF100 65.5649
Model_1_goa_dr_2022.dat 4 2028 SSBFabc 26.2259
Model_1_goa_dr_2022.dat 4 2028 SSBFofl 22.9477
Model_1_goa_dr_2022.dat 4 2028 SSBLCI 36.7497
Model_1_goa_dr_2022.dat 4 2028 SSBUCI 38.9078
Model_1_goa_dr_2022.dat 4 2028 SSBMedian 37.4668
Model_1_goa_dr_2022.dat 4 2028 SSBMean 37.6104
Model_1_goa_dr_2022.dat 4 2029 SSBF100 65.5649
Model_1_goa_dr_2022.dat 4 2029 SSBFabc 26.2259
Model_1_goa_dr_2022.dat 4 2029 SSBFofl 22.9477
Model_1_goa_dr_2022.dat 4 2029 SSBLCI 35.2598
Model_1_goa_dr_2022.dat 4 2029 SSBUCI 38.9821
Model_1_goa_dr_2022.dat 4 2029 SSBMedian 36.4984
Model_1_goa_dr_2022.dat 4 2029 SSBMean 36.7296
Model_1_goa_dr_2022.dat 4 2030 SSBF100 65.5649
Model_1_goa_dr_2022.dat 4 2030 SSBFabc 26.2259
Model_1_goa_dr_2022.dat 4 2030 SSBFofl 22.9477
Model_1_goa_dr_2022.dat 4 2030 SSBLCI 34.0487
Model_1_goa_dr_2022.dat 4 2030 SSBUCI 39.6079
Model_1_goa_dr_2022.dat 4 2030 SSBMedian 35.9174
Model_1_goa_dr_2022.dat 4 2030 SSBMean 36.3031
Model_1_goa_dr_2022.dat 4 2031 SSBF100 65.5649
Model_1_goa_dr_2022.dat 4 2031 SSBFabc 26.2259
Model_1_goa_dr_2022.dat 4 2031 SSBFofl 22.9477
Model_1_goa_dr_2022.dat 4 2031 SSBLCI 33.1801
Model_1_goa_dr_2022.dat 4 2031 SSBUCI 40.6845
Model_1_goa_dr_2022.dat 4 2031 SSBMedian 35.7992
Model_1_goa_dr_2022.dat 4 2031 SSBMean 36.2726
Model_1_goa_dr_2022.dat 4 2032 SSBF100 65.5649
Model_1_goa_dr_2022.dat 4 2032 SSBFabc 26.2259
Model_1_goa_dr_2022.dat 4 2032 SSBFofl 22.9477
Model_1_goa_dr_2022.dat 4 2032 SSBLCI 32.5071
Model_1_goa_dr_2022.dat 4 2032 SSBUCI 42.1718
Model_1_goa_dr_2022.dat 4 2032 SSBMedian 35.9596
Model_1_goa_dr_2022.dat 4 2032 SSBMean 36.5136
Model_1_goa_dr_2022.dat 4 2033 SSBF100 65.5649
Model_1_goa_dr_2022.dat 4 2033 SSBFabc 26.2259
Model_1_goa_dr_2022.dat 4 2033 SSBFofl 22.9477
Model_1_goa_dr_2022.dat 4 2033 SSBLCI 32.059
Model_1_goa_dr_2022.dat 4 2033 SSBUCI 43.648
Model_1_goa_dr_2022.dat 4 2033 SSBMedian 36.3597
Model_1_goa_dr_2022.dat 4 2033 SSBMean 36.9119
Model_1_goa_dr_2022.dat 4 2034 SSBF100 65.5649
Model_1_goa_dr_2022.dat 4 2034 SSBFabc 26.2259
Model_1_goa_dr_2022.dat 4 2034 SSBFofl 22.9477
Model_1_goa_dr_2022.dat 4 2034 SSBLCI 31.7938
Model_1_goa_dr_2022.dat 4 2034 SSBUCI 44.965
Model_1_goa_dr_2022.dat 4 2034 SSBMedian 36.8031
Model_1_goa_dr_2022.dat 4 2034 SSBMean 37.3847
Model_1_goa_dr_2022.dat 4 2035 SSBF100 65.5649
Model_1_goa_dr_2022.dat 4 2035 SSBFabc 26.2259
Model_1_goa_dr_2022.dat 4 2035 SSBFofl 22.9477
Model_1_goa_dr_2022.dat 4 2035 SSBLCI 31.7697
Model_1_goa_dr_2022.dat 4 2035 SSBUCI 45.7883
Model_1_goa_dr_2022.dat 4 2035 SSBMedian 37.3674
Model_1_goa_dr_2022.dat 4 2035 SSBMean 37.886
Model_1_goa_dr_2022.dat 4 2022 F0 0 
Model_1_goa_dr_2022.dat 4 2022 Fabc 0.0913417
Model_1_goa_dr_2022.dat 4 2022 Fofl 0.112301
Model_1_goa_dr_2022.dat 4 2022  F_LCI 0.0284964
Model_1_goa_dr_2022.dat 4 2022  F_UCI 0.0284964
Model_1_goa_dr_2022.dat 4 2022  F_Median 0.0284964
Model_1_goa_dr_2022.dat 4 2022  F_Mean 0.0284964
Model_1_goa_dr_2022.dat 4 2023 F0 0 
Model_1_goa_dr_2022.dat 4 2023 Fabc 0.0913417
Model_1_goa_dr_2022.dat 4 2023 Fofl 0.112301
Model_1_goa_dr_2022.dat 4 2023  F_LCI 0.0446103
Model_1_goa_dr_2022.dat 4 2023  F_UCI 0.0446115
Model_1_goa_dr_2022.dat 4 2023  F_Median 0.0446112
Model_1_goa_dr_2022.dat 4 2023  F_Mean 0.0446111
Model_1_goa_dr_2022.dat 4 2024 F0 0 
Model_1_goa_dr_2022.dat 4 2024 Fabc 0.0913417
Model_1_goa_dr_2022.dat 4 2024 Fofl 0.112301
Model_1_goa_dr_2022.dat 4 2024  F_LCI 0.0305845
Model_1_goa_dr_2022.dat 4 2024  F_UCI 0.0305845
Model_1_goa_dr_2022.dat 4 2024  F_Median 0.0305845
Model_1_goa_dr_2022.dat 4 2024  F_Mean 0.0305845
Model_1_goa_dr_2022.dat 4 2025 F0 0 
Model_1_goa_dr_2022.dat 4 2025 Fabc 0.0913417
Model_1_goa_dr_2022.dat 4 2025 Fofl 0.112301
Model_1_goa_dr_2022.dat 4 2025  F_LCI 0.0305845
Model_1_goa_dr_2022.dat 4 2025  F_UCI 0.0305845
Model_1_goa_dr_2022.dat 4 2025  F_Median 0.0305845
Model_1_goa_dr_2022.dat 4 2025  F_Mean 0.0305845
Model_1_goa_dr_2022.dat 4 2026 F0 0 
Model_1_goa_dr_2022.dat 4 2026 Fabc 0.0913417
Model_1_goa_dr_2022.dat 4 2026 Fofl 0.112301
Model_1_goa_dr_2022.dat 4 2026  F_LCI 0.0305845
Model_1_goa_dr_2022.dat 4 2026  F_UCI 0.0305845
Model_1_goa_dr_2022.dat 4 2026  F_Median 0.0305845
Model_1_goa_dr_2022.dat 4 2026  F_Mean 0.0305845
Model_1_goa_dr_2022.dat 4 2027 F0 0 
Model_1_goa_dr_2022.dat 4 2027 Fabc 0.0913417
Model_1_goa_dr_2022.dat 4 2027 Fofl 0.112301
Model_1_goa_dr_2022.dat 4 2027  F_LCI 0.0305845
Model_1_goa_dr_2022.dat 4 2027  F_UCI 0.0305845
Model_1_goa_dr_2022.dat 4 2027  F_Median 0.0305845
Model_1_goa_dr_2022.dat 4 2027  F_Mean 0.0305845
Model_1_goa_dr_2022.dat 4 2028 F0 0 
Model_1_goa_dr_2022.dat 4 2028 Fabc 0.0913417
Model_1_goa_dr_2022.dat 4 2028 Fofl 0.112301
Model_1_goa_dr_2022.dat 4 2028  F_LCI 0.0305845
Model_1_goa_dr_2022.dat 4 2028  F_UCI 0.0305845
Model_1_goa_dr_2022.dat 4 2028  F_Median 0.0305845
Model_1_goa_dr_2022.dat 4 2028  F_Mean 0.0305845
Model_1_goa_dr_2022.dat 4 2029 F0 0 
Model_1_goa_dr_2022.dat 4 2029 Fabc 0.0913417
Model_1_goa_dr_2022.dat 4 2029 Fofl 0.112301
Model_1_goa_dr_2022.dat 4 2029  F_LCI 0.0305845
Model_1_goa_dr_2022.dat 4 2029  F_UCI 0.0305845
Model_1_goa_dr_2022.dat 4 2029  F_Median 0.0305845
Model_1_goa_dr_2022.dat 4 2029  F_Mean 0.0305845
Model_1_goa_dr_2022.dat 4 2030 F0 0 
Model_1_goa_dr_2022.dat 4 2030 Fabc 0.0913417
Model_1_goa_dr_2022.dat 4 2030 Fofl 0.112301
Model_1_goa_dr_2022.dat 4 2030  F_LCI 0.0305845
Model_1_goa_dr_2022.dat 4 2030  F_UCI 0.0305845
Model_1_goa_dr_2022.dat 4 2030  F_Median 0.0305845
Model_1_goa_dr_2022.dat 4 2030  F_Mean 0.0305845
Model_1_goa_dr_2022.dat 4 2031 F0 0 
Model_1_goa_dr_2022.dat 4 2031 Fabc 0.0913417
Model_1_goa_dr_2022.dat 4 2031 Fofl 0.112301
Model_1_goa_dr_2022.dat 4 2031  F_LCI 0.0305845
Model_1_goa_dr_2022.dat 4 2031  F_UCI 0.0305845
Model_1_goa_dr_2022.dat 4 2031  F_Median 0.0305845
Model_1_goa_dr_2022.dat 4 2031  F_Mean 0.0305845
Model_1_goa_dr_2022.dat 4 2032 F0 0 
Model_1_goa_dr_2022.dat 4 2032 Fabc 0.0913417
Model_1_goa_dr_2022.dat 4 2032 Fofl 0.112301
Model_1_goa_dr_2022.dat 4 2032  F_LCI 0.0305845
Model_1_goa_dr_2022.dat 4 2032  F_UCI 0.0305845
Model_1_goa_dr_2022.dat 4 2032  F_Median 0.0305845
Model_1_goa_dr_2022.dat 4 2032  F_Mean 0.0305845
Model_1_goa_dr_2022.dat 4 2033 F0 0 
Model_1_goa_dr_2022.dat 4 2033 Fabc 0.0913417
Model_1_goa_dr_2022.dat 4 2033 Fofl 0.112301
Model_1_goa_dr_2022.dat 4 2033  F_LCI 0.0305845
Model_1_goa_dr_2022.dat 4 2033  F_UCI 0.0305845
Model_1_goa_dr_2022.dat 4 2033  F_Median 0.0305845
Model_1_goa_dr_2022.dat 4 2033  F_Mean 0.0305845
Model_1_goa_dr_2022.dat 4 2034 F0 0 
Model_1_goa_dr_2022.dat 4 2034 Fabc 0.0913417
Model_1_goa_dr_2022.dat 4 2034 Fofl 0.112301
Model_1_goa_dr_2022.dat 4 2034  F_LCI 0.0305845
Model_1_goa_dr_2022.dat 4 2034  F_UCI 0.0305845
Model_1_goa_dr_2022.dat 4 2034  F_Median 0.0305845
Model_1_goa_dr_2022.dat 4 2034  F_Mean 0.0305845
Model_1_goa_dr_2022.dat 4 2035 F0 0 
Model_1_goa_dr_2022.dat 4 2035 Fabc 0.0913417
Model_1_goa_dr_2022.dat 4 2035 Fofl 0.112301
Model_1_goa_dr_2022.dat 4 2035  F_LCI 0.0305845
Model_1_goa_dr_2022.dat 4 2035  F_UCI 0.0305845
Model_1_goa_dr_2022.dat 4 2035  F_Median 0.0305845
Model_1_goa_dr_2022.dat 4 2035  F_Mean 0.0305845
Model_1_goa_dr_2022.dat 5 2022 Cabc 4.6223
Model_1_goa_dr_2022.dat 5 2022 Cofl 4.9419
Model_1_goa_dr_2022.dat 5 2022 CLCI 2.58497
Model_1_goa_dr_2022.dat 5 2022 CUCI 2.58497
Model_1_goa_dr_2022.dat 5 2022 CMedian 2.58497
Model_1_goa_dr_2022.dat 5 2022 CMean 2.58497
Model_1_goa_dr_2022.dat 5 2023 Cabc 4.6223
Model_1_goa_dr_2022.dat 5 2023 Cofl 4.9419
Model_1_goa_dr_2022.dat 5 2023 CLCI 3.95497
Model_1_goa_dr_2022.dat 5 2023 CUCI 3.95497
Model_1_goa_dr_2022.dat 5 2023 CMedian 3.95497
Model_1_goa_dr_2022.dat 5 2023 CMean 3.95497
Model_1_goa_dr_2022.dat 5 2024 Cabc 4.6223
Model_1_goa_dr_2022.dat 5 2024 Cofl 4.9419
Model_1_goa_dr_2022.dat 5 2024 CLCI 0
Model_1_goa_dr_2022.dat 5 2024 CUCI 0
Model_1_goa_dr_2022.dat 5 2024 CMedian 0
Model_1_goa_dr_2022.dat 5 2024 CMean 0
Model_1_goa_dr_2022.dat 5 2025 Cabc 4.6223
Model_1_goa_dr_2022.dat 5 2025 Cofl 4.9419
Model_1_goa_dr_2022.dat 5 2025 CLCI 0
Model_1_goa_dr_2022.dat 5 2025 CUCI 0
Model_1_goa_dr_2022.dat 5 2025 CMedian 0
Model_1_goa_dr_2022.dat 5 2025 CMean 0
Model_1_goa_dr_2022.dat 5 2026 Cabc 4.6223
Model_1_goa_dr_2022.dat 5 2026 Cofl 4.9419
Model_1_goa_dr_2022.dat 5 2026 CLCI 0
Model_1_goa_dr_2022.dat 5 2026 CUCI 0
Model_1_goa_dr_2022.dat 5 2026 CMedian 0
Model_1_goa_dr_2022.dat 5 2026 CMean 0
Model_1_goa_dr_2022.dat 5 2027 Cabc 4.6223
Model_1_goa_dr_2022.dat 5 2027 Cofl 4.9419
Model_1_goa_dr_2022.dat 5 2027 CLCI 0
Model_1_goa_dr_2022.dat 5 2027 CUCI 0
Model_1_goa_dr_2022.dat 5 2027 CMedian 0
Model_1_goa_dr_2022.dat 5 2027 CMean 0
Model_1_goa_dr_2022.dat 5 2028 Cabc 4.6223
Model_1_goa_dr_2022.dat 5 2028 Cofl 4.9419
Model_1_goa_dr_2022.dat 5 2028 CLCI 0
Model_1_goa_dr_2022.dat 5 2028 CUCI 0
Model_1_goa_dr_2022.dat 5 2028 CMedian 0
Model_1_goa_dr_2022.dat 5 2028 CMean 0
Model_1_goa_dr_2022.dat 5 2029 Cabc 4.6223
Model_1_goa_dr_2022.dat 5 2029 Cofl 4.9419
Model_1_goa_dr_2022.dat 5 2029 CLCI 0
Model_1_goa_dr_2022.dat 5 2029 CUCI 0
Model_1_goa_dr_2022.dat 5 2029 CMedian 0
Model_1_goa_dr_2022.dat 5 2029 CMean 0
Model_1_goa_dr_2022.dat 5 2030 Cabc 4.6223
Model_1_goa_dr_2022.dat 5 2030 Cofl 4.9419
Model_1_goa_dr_2022.dat 5 2030 CLCI 0
Model_1_goa_dr_2022.dat 5 2030 CUCI 0
Model_1_goa_dr_2022.dat 5 2030 CMedian 0
Model_1_goa_dr_2022.dat 5 2030 CMean 0
Model_1_goa_dr_2022.dat 5 2031 Cabc 4.6223
Model_1_goa_dr_2022.dat 5 2031 Cofl 4.9419
Model_1_goa_dr_2022.dat 5 2031 CLCI 0
Model_1_goa_dr_2022.dat 5 2031 CUCI 0
Model_1_goa_dr_2022.dat 5 2031 CMedian 0
Model_1_goa_dr_2022.dat 5 2031 CMean 0
Model_1_goa_dr_2022.dat 5 2032 Cabc 4.6223
Model_1_goa_dr_2022.dat 5 2032 Cofl 4.9419
Model_1_goa_dr_2022.dat 5 2032 CLCI 0
Model_1_goa_dr_2022.dat 5 2032 CUCI 0
Model_1_goa_dr_2022.dat 5 2032 CMedian 0
Model_1_goa_dr_2022.dat 5 2032 CMean 0
Model_1_goa_dr_2022.dat 5 2033 Cabc 4.6223
Model_1_goa_dr_2022.dat 5 2033 Cofl 4.9419
Model_1_goa_dr_2022.dat 5 2033 CLCI 0
Model_1_goa_dr_2022.dat 5 2033 CUCI 0
Model_1_goa_dr_2022.dat 5 2033 CMedian 0
Model_1_goa_dr_2022.dat 5 2033 CMean 0
Model_1_goa_dr_2022.dat 5 2034 Cabc 4.6223
Model_1_goa_dr_2022.dat 5 2034 Cofl 4.9419
Model_1_goa_dr_2022.dat 5 2034 CLCI 0
Model_1_goa_dr_2022.dat 5 2034 CUCI 0
Model_1_goa_dr_2022.dat 5 2034 CMedian 0
Model_1_goa_dr_2022.dat 5 2034 CMean 0
Model_1_goa_dr_2022.dat 5 2035 Cabc 4.6223
Model_1_goa_dr_2022.dat 5 2035 Cofl 4.9419
Model_1_goa_dr_2022.dat 5 2035 CLCI 0
Model_1_goa_dr_2022.dat 5 2035 CUCI 0
Model_1_goa_dr_2022.dat 5 2035 CMedian 0
Model_1_goa_dr_2022.dat 5 2035 CMean 0
Model_1_goa_dr_2022.dat 5 2022 SSBF100 65.5649
Model_1_goa_dr_2022.dat 5 2022 SSBFabc 26.2259
Model_1_goa_dr_2022.dat 5 2022 SSBFofl 22.9477
Model_1_goa_dr_2022.dat 5 2022 SSBLCI 45.0557
Model_1_goa_dr_2022.dat 5 2022 SSBUCI 45.0557
Model_1_goa_dr_2022.dat 5 2022 SSBMedian 45.0557
Model_1_goa_dr_2022.dat 5 2022 SSBMean 45.0557
Model_1_goa_dr_2022.dat 5 2023 SSBF100 65.5649
Model_1_goa_dr_2022.dat 5 2023 SSBFabc 26.2259
Model_1_goa_dr_2022.dat 5 2023 SSBFofl 22.9477
Model_1_goa_dr_2022.dat 5 2023 SSBLCI 44.582
Model_1_goa_dr_2022.dat 5 2023 SSBUCI 44.6088
Model_1_goa_dr_2022.dat 5 2023 SSBMedian 44.5889
Model_1_goa_dr_2022.dat 5 2023 SSBMean 44.5914
Model_1_goa_dr_2022.dat 5 2024 SSBF100 65.5649
Model_1_goa_dr_2022.dat 5 2024 SSBFabc 26.2259
Model_1_goa_dr_2022.dat 5 2024 SSBFofl 22.9477
Model_1_goa_dr_2022.dat 5 2024 SSBLCI 43.3262
Model_1_goa_dr_2022.dat 5 2024 SSBUCI 43.4125
Model_1_goa_dr_2022.dat 5 2024 SSBMedian 43.352
Model_1_goa_dr_2022.dat 5 2024 SSBMean 43.3588
Model_1_goa_dr_2022.dat 5 2025 SSBF100 65.5649
Model_1_goa_dr_2022.dat 5 2025 SSBFabc 26.2259
Model_1_goa_dr_2022.dat 5 2025 SSBFofl 22.9477
Model_1_goa_dr_2022.dat 5 2025 SSBLCI 43.1967
Model_1_goa_dr_2022.dat 5 2025 SSBUCI 43.427
Model_1_goa_dr_2022.dat 5 2025 SSBMedian 43.2667
Model_1_goa_dr_2022.dat 5 2025 SSBMean 43.2853
Model_1_goa_dr_2022.dat 5 2026 SSBF100 65.5649
Model_1_goa_dr_2022.dat 5 2026 SSBFabc 26.2259
Model_1_goa_dr_2022.dat 5 2026 SSBFofl 22.9477
Model_1_goa_dr_2022.dat 5 2026 SSBLCI 42.7342
Model_1_goa_dr_2022.dat 5 2026 SSBUCI 43.2703
Model_1_goa_dr_2022.dat 5 2026 SSBMedian 42.905
Model_1_goa_dr_2022.dat 5 2026 SSBMean 42.9437
Model_1_goa_dr_2022.dat 5 2027 SSBF100 65.5649
Model_1_goa_dr_2022.dat 5 2027 SSBFabc 26.2259
Model_1_goa_dr_2022.dat 5 2027 SSBFofl 22.9477
Model_1_goa_dr_2022.dat 5 2027 SSBLCI 42.0643
Model_1_goa_dr_2022.dat 5 2027 SSBUCI 43.2011
Model_1_goa_dr_2022.dat 5 2027 SSBMedian 42.4424
Model_1_goa_dr_2022.dat 5 2027 SSBMean 42.5117
Model_1_goa_dr_2022.dat 5 2028 SSBF100 65.5649
Model_1_goa_dr_2022.dat 5 2028 SSBFabc 26.2259
Model_1_goa_dr_2022.dat 5 2028 SSBFofl 22.9477
Model_1_goa_dr_2022.dat 5 2028 SSBLCI 41.3227
Model_1_goa_dr_2022.dat 5 2028 SSBUCI 43.4903
Model_1_goa_dr_2022.dat 5 2028 SSBMedian 42.0416
Model_1_goa_dr_2022.dat 5 2028 SSBMean 42.1862
Model_1_goa_dr_2022.dat 5 2029 SSBF100 65.5649
Model_1_goa_dr_2022.dat 5 2029 SSBFabc 26.2259
Model_1_goa_dr_2022.dat 5 2029 SSBFofl 22.9477
Model_1_goa_dr_2022.dat 5 2029 SSBLCI 40.6554
Model_1_goa_dr_2022.dat 5 2029 SSBUCI 44.4079
Model_1_goa_dr_2022.dat 5 2029 SSBMedian 41.8996
Model_1_goa_dr_2022.dat 5 2029 SSBMean 42.1341
Model_1_goa_dr_2022.dat 5 2030 SSBF100 65.5649
Model_1_goa_dr_2022.dat 5 2030 SSBFabc 26.2259
Model_1_goa_dr_2022.dat 5 2030 SSBFofl 22.9477
Model_1_goa_dr_2022.dat 5 2030 SSBLCI 40.1596
Model_1_goa_dr_2022.dat 5 2030 SSBUCI 45.8309
Model_1_goa_dr_2022.dat 5 2030 SSBMedian 42.0672
Model_1_goa_dr_2022.dat 5 2030 SSBMean 42.4513
Model_1_goa_dr_2022.dat 5 2031 SSBF100 65.5649
Model_1_goa_dr_2022.dat 5 2031 SSBFabc 26.2259
Model_1_goa_dr_2022.dat 5 2031 SSBFofl 22.9477
Model_1_goa_dr_2022.dat 5 2031 SSBLCI 39.932
Model_1_goa_dr_2022.dat 5 2031 SSBUCI 47.6901
Model_1_goa_dr_2022.dat 5 2031 SSBMedian 42.5777
Model_1_goa_dr_2022.dat 5 2031 SSBMean 43.1099
Model_1_goa_dr_2022.dat 5 2032 SSBF100 65.5649
Model_1_goa_dr_2022.dat 5 2032 SSBFabc 26.2259
Model_1_goa_dr_2022.dat 5 2032 SSBFofl 22.9477
Model_1_goa_dr_2022.dat 5 2032 SSBLCI 39.8632
Model_1_goa_dr_2022.dat 5 2032 SSBUCI 49.9164
Model_1_goa_dr_2022.dat 5 2032 SSBMedian 43.4332
Model_1_goa_dr_2022.dat 5 2032 SSBMean 44.0098
Model_1_goa_dr_2022.dat 5 2033 SSBF100 65.5649
Model_1_goa_dr_2022.dat 5 2033 SSBFabc 26.2259
Model_1_goa_dr_2022.dat 5 2033 SSBFofl 22.9477
Model_1_goa_dr_2022.dat 5 2033 SSBLCI 39.938
Model_1_goa_dr_2022.dat 5 2033 SSBUCI 52.3071
Model_1_goa_dr_2022.dat 5 2033 SSBMedian 44.4532
Model_1_goa_dr_2022.dat 5 2033 SSBMean 45.05
Model_1_goa_dr_2022.dat 5 2034 SSBF100 65.5649
Model_1_goa_dr_2022.dat 5 2034 SSBFabc 26.2259
Model_1_goa_dr_2022.dat 5 2034 SSBFofl 22.9477
Model_1_goa_dr_2022.dat 5 2034 SSBLCI 40.2014
Model_1_goa_dr_2022.dat 5 2034 SSBUCI 54.362
Model_1_goa_dr_2022.dat 5 2034 SSBMedian 45.5512
Model_1_goa_dr_2022.dat 5 2034 SSBMean 46.1505
Model_1_goa_dr_2022.dat 5 2035 SSBF100 65.5649
Model_1_goa_dr_2022.dat 5 2035 SSBFabc 26.2259
Model_1_goa_dr_2022.dat 5 2035 SSBFofl 22.9477
Model_1_goa_dr_2022.dat 5 2035 SSBLCI 40.5392
Model_1_goa_dr_2022.dat 5 2035 SSBUCI 56.1141
Model_1_goa_dr_2022.dat 5 2035 SSBMedian 46.7025
Model_1_goa_dr_2022.dat 5 2035 SSBMean 47.2638
Model_1_goa_dr_2022.dat 5 2022 F0 0 
Model_1_goa_dr_2022.dat 5 2022 Fabc 0.0913417
Model_1_goa_dr_2022.dat 5 2022 Fofl 0.112301
Model_1_goa_dr_2022.dat 5 2022  F_LCI 0.0284964
Model_1_goa_dr_2022.dat 5 2022  F_UCI 0.0284964
Model_1_goa_dr_2022.dat 5 2022  F_Median 0.0284964
Model_1_goa_dr_2022.dat 5 2022  F_Mean 0.0284964
Model_1_goa_dr_2022.dat 5 2023 F0 0 
Model_1_goa_dr_2022.dat 5 2023 Fabc 0.0913417
Model_1_goa_dr_2022.dat 5 2023 Fofl 0.112301
Model_1_goa_dr_2022.dat 5 2023  F_LCI 0.0446103
Model_1_goa_dr_2022.dat 5 2023  F_UCI 0.0446115
Model_1_goa_dr_2022.dat 5 2023  F_Median 0.0446112
Model_1_goa_dr_2022.dat 5 2023  F_Mean 0.0446111
Model_1_goa_dr_2022.dat 5 2024 F0 0 
Model_1_goa_dr_2022.dat 5 2024 Fabc 0.0913417
Model_1_goa_dr_2022.dat 5 2024 Fofl 0.112301
Model_1_goa_dr_2022.dat 5 2024  F_LCI 0
Model_1_goa_dr_2022.dat 5 2024  F_UCI 0
Model_1_goa_dr_2022.dat 5 2024  F_Median 0
Model_1_goa_dr_2022.dat 5 2024  F_Mean 0
Model_1_goa_dr_2022.dat 5 2025 F0 0 
Model_1_goa_dr_2022.dat 5 2025 Fabc 0.0913417
Model_1_goa_dr_2022.dat 5 2025 Fofl 0.112301
Model_1_goa_dr_2022.dat 5 2025  F_LCI 0
Model_1_goa_dr_2022.dat 5 2025  F_UCI 0
Model_1_goa_dr_2022.dat 5 2025  F_Median 0
Model_1_goa_dr_2022.dat 5 2025  F_Mean 0
Model_1_goa_dr_2022.dat 5 2026 F0 0 
Model_1_goa_dr_2022.dat 5 2026 Fabc 0.0913417
Model_1_goa_dr_2022.dat 5 2026 Fofl 0.112301
Model_1_goa_dr_2022.dat 5 2026  F_LCI 0
Model_1_goa_dr_2022.dat 5 2026  F_UCI 0
Model_1_goa_dr_2022.dat 5 2026  F_Median 0
Model_1_goa_dr_2022.dat 5 2026  F_Mean 0
Model_1_goa_dr_2022.dat 5 2027 F0 0 
Model_1_goa_dr_2022.dat 5 2027 Fabc 0.0913417
Model_1_goa_dr_2022.dat 5 2027 Fofl 0.112301
Model_1_goa_dr_2022.dat 5 2027  F_LCI 0
Model_1_goa_dr_2022.dat 5 2027  F_UCI 0
Model_1_goa_dr_2022.dat 5 2027  F_Median 0
Model_1_goa_dr_2022.dat 5 2027  F_Mean 0
Model_1_goa_dr_2022.dat 5 2028 F0 0 
Model_1_goa_dr_2022.dat 5 2028 Fabc 0.0913417
Model_1_goa_dr_2022.dat 5 2028 Fofl 0.112301
Model_1_goa_dr_2022.dat 5 2028  F_LCI 0
Model_1_goa_dr_2022.dat 5 2028  F_UCI 0
Model_1_goa_dr_2022.dat 5 2028  F_Median 0
Model_1_goa_dr_2022.dat 5 2028  F_Mean 0
Model_1_goa_dr_2022.dat 5 2029 F0 0 
Model_1_goa_dr_2022.dat 5 2029 Fabc 0.0913417
Model_1_goa_dr_2022.dat 5 2029 Fofl 0.112301
Model_1_goa_dr_2022.dat 5 2029  F_LCI 0
Model_1_goa_dr_2022.dat 5 2029  F_UCI 0
Model_1_goa_dr_2022.dat 5 2029  F_Median 0
Model_1_goa_dr_2022.dat 5 2029  F_Mean 0
Model_1_goa_dr_2022.dat 5 2030 F0 0 
Model_1_goa_dr_2022.dat 5 2030 Fabc 0.0913417
Model_1_goa_dr_2022.dat 5 2030 Fofl 0.112301
Model_1_goa_dr_2022.dat 5 2030  F_LCI 0
Model_1_goa_dr_2022.dat 5 2030  F_UCI 0
Model_1_goa_dr_2022.dat 5 2030  F_Median 0
Model_1_goa_dr_2022.dat 5 2030  F_Mean 0
Model_1_goa_dr_2022.dat 5 2031 F0 0 
Model_1_goa_dr_2022.dat 5 2031 Fabc 0.0913417
Model_1_goa_dr_2022.dat 5 2031 Fofl 0.112301
Model_1_goa_dr_2022.dat 5 2031  F_LCI 0
Model_1_goa_dr_2022.dat 5 2031  F_UCI 0
Model_1_goa_dr_2022.dat 5 2031  F_Median 0
Model_1_goa_dr_2022.dat 5 2031  F_Mean 0
Model_1_goa_dr_2022.dat 5 2032 F0 0 
Model_1_goa_dr_2022.dat 5 2032 Fabc 0.0913417
Model_1_goa_dr_2022.dat 5 2032 Fofl 0.112301
Model_1_goa_dr_2022.dat 5 2032  F_LCI 0
Model_1_goa_dr_2022.dat 5 2032  F_UCI 0
Model_1_goa_dr_2022.dat 5 2032  F_Median 0
Model_1_goa_dr_2022.dat 5 2032  F_Mean 0
Model_1_goa_dr_2022.dat 5 2033 F0 0 
Model_1_goa_dr_2022.dat 5 2033 Fabc 0.0913417
Model_1_goa_dr_2022.dat 5 2033 Fofl 0.112301
Model_1_goa_dr_2022.dat 5 2033  F_LCI 0
Model_1_goa_dr_2022.dat 5 2033  F_UCI 0
Model_1_goa_dr_2022.dat 5 2033  F_Median 0
Model_1_goa_dr_2022.dat 5 2033  F_Mean 0
Model_1_goa_dr_2022.dat 5 2034 F0 0 
Model_1_goa_dr_2022.dat 5 2034 Fabc 0.0913417
Model_1_goa_dr_2022.dat 5 2034 Fofl 0.112301
Model_1_goa_dr_2022.dat 5 2034  F_LCI 0
Model_1_goa_dr_2022.dat 5 2034  F_UCI 0
Model_1_goa_dr_2022.dat 5 2034  F_Median 0
Model_1_goa_dr_2022.dat 5 2034  F_Mean 0
Model_1_goa_dr_2022.dat 5 2035 F0 0 
Model_1_goa_dr_2022.dat 5 2035 Fabc 0.0913417
Model_1_goa_dr_2022.dat 5 2035 Fofl 0.112301
Model_1_goa_dr_2022.dat 5 2035  F_LCI 0
Model_1_goa_dr_2022.dat 5 2035  F_UCI 0
Model_1_goa_dr_2022.dat 5 2035  F_Median 0
Model_1_goa_dr_2022.dat 5 2035  F_Mean 0
Model_1_goa_dr_2022.dat 6 2022 Cabc 4.6223
Model_1_goa_dr_2022.dat 6 2022 Cofl 4.9419
Model_1_goa_dr_2022.dat 6 2022 CLCI 2.58497
Model_1_goa_dr_2022.dat 6 2022 CUCI 2.58497
Model_1_goa_dr_2022.dat 6 2022 CMedian 2.58497
Model_1_goa_dr_2022.dat 6 2022 CMean 2.58497
Model_1_goa_dr_2022.dat 6 2023 Cabc 4.6223
Model_1_goa_dr_2022.dat 6 2023 Cofl 4.9419
Model_1_goa_dr_2022.dat 6 2023 CLCI 9.64378
Model_1_goa_dr_2022.dat 6 2023 CUCI 9.64403
Model_1_goa_dr_2022.dat 6 2023 CMedian 9.64385
Model_1_goa_dr_2022.dat 6 2023 CMean 9.64387
Model_1_goa_dr_2022.dat 6 2024 Cabc 4.6223
Model_1_goa_dr_2022.dat 6 2024 Cofl 4.9419
Model_1_goa_dr_2022.dat 6 2024 CLCI 8.67223
Model_1_goa_dr_2022.dat 6 2024 CUCI 8.67354
Model_1_goa_dr_2022.dat 6 2024 CMedian 8.6726
Model_1_goa_dr_2022.dat 6 2024 CMean 8.67271
Model_1_goa_dr_2022.dat 6 2025 Cabc 4.6223
Model_1_goa_dr_2022.dat 6 2025 Cofl 4.9419
Model_1_goa_dr_2022.dat 6 2025 CLCI 7.74993
Model_1_goa_dr_2022.dat 6 2025 CUCI 7.75585
Model_1_goa_dr_2022.dat 6 2025 CMedian 7.75162
Model_1_goa_dr_2022.dat 6 2025 CMean 7.75208
Model_1_goa_dr_2022.dat 6 2026 Cabc 4.6223
Model_1_goa_dr_2022.dat 6 2026 Cofl 4.9419
Model_1_goa_dr_2022.dat 6 2026 CLCI 6.88042
Model_1_goa_dr_2022.dat 6 2026 CUCI 6.90384
Model_1_goa_dr_2022.dat 6 2026 CMedian 6.88724
Model_1_goa_dr_2022.dat 6 2026 CMean 6.88906
Model_1_goa_dr_2022.dat 6 2027 Cabc 4.6223
Model_1_goa_dr_2022.dat 6 2027 Cofl 4.9419
Model_1_goa_dr_2022.dat 6 2027 CLCI 6.08913
Model_1_goa_dr_2022.dat 6 2027 CUCI 6.17405
Model_1_goa_dr_2022.dat 6 2027 CMedian 6.11408
Model_1_goa_dr_2022.dat 6 2027 CMean 6.12065
Model_1_goa_dr_2022.dat 6 2028 Cabc 4.6223
Model_1_goa_dr_2022.dat 6 2028 Cofl 4.9419
Model_1_goa_dr_2022.dat 6 2028 CLCI 5.2684
Model_1_goa_dr_2022.dat 6 2028 CUCI 5.66685
Model_1_goa_dr_2022.dat 6 2028 CMedian 5.47883
Model_1_goa_dr_2022.dat 6 2028 CMean 5.46687
Model_1_goa_dr_2022.dat 6 2029 Cabc 4.6223
Model_1_goa_dr_2022.dat 6 2029 Cofl 4.9419
Model_1_goa_dr_2022.dat 6 2029 CLCI 4.2981
Model_1_goa_dr_2022.dat 6 2029 CUCI 5.49332
Model_1_goa_dr_2022.dat 6 2029 CMedian 4.68967
Model_1_goa_dr_2022.dat 6 2029 CMean 4.76656
Model_1_goa_dr_2022.dat 6 2030 Cabc 4.6223
Model_1_goa_dr_2022.dat 6 2030 Cofl 4.9419
Model_1_goa_dr_2022.dat 6 2030 CLCI 3.70398
Model_1_goa_dr_2022.dat 6 2030 CUCI 5.60381
Model_1_goa_dr_2022.dat 6 2030 CMedian 4.29643
Model_1_goa_dr_2022.dat 6 2030 CMean 4.42753
Model_1_goa_dr_2022.dat 6 2031 Cabc 4.6223
Model_1_goa_dr_2022.dat 6 2031 Cofl 4.9419
Model_1_goa_dr_2022.dat 6 2031 CLCI 3.37258
Model_1_goa_dr_2022.dat 6 2031 CUCI 5.79131
Model_1_goa_dr_2022.dat 6 2031 CMedian 4.1472
Model_1_goa_dr_2022.dat 6 2031 CMean 4.32747
Model_1_goa_dr_2022.dat 6 2032 Cabc 4.6223
Model_1_goa_dr_2022.dat 6 2032 Cofl 4.9419
Model_1_goa_dr_2022.dat 6 2032 CLCI 3.17413
Model_1_goa_dr_2022.dat 6 2032 CUCI 5.95754
Model_1_goa_dr_2022.dat 6 2032 CMedian 4.17079
Model_1_goa_dr_2022.dat 6 2032 CMean 4.33662
Model_1_goa_dr_2022.dat 6 2033 Cabc 4.6223
Model_1_goa_dr_2022.dat 6 2033 Cofl 4.9419
Model_1_goa_dr_2022.dat 6 2033 CLCI 3.03508
Model_1_goa_dr_2022.dat 6 2033 CUCI 6.12543
Model_1_goa_dr_2022.dat 6 2033 CMedian 4.21835
Model_1_goa_dr_2022.dat 6 2033 CMean 4.38447
Model_1_goa_dr_2022.dat 6 2034 Cabc 4.6223
Model_1_goa_dr_2022.dat 6 2034 Cofl 4.9419
Model_1_goa_dr_2022.dat 6 2034 CLCI 3.01018
Model_1_goa_dr_2022.dat 6 2034 CUCI 6.22929
Model_1_goa_dr_2022.dat 6 2034 CMedian 4.2938
Model_1_goa_dr_2022.dat 6 2034 CMean 4.44205
Model_1_goa_dr_2022.dat 6 2035 Cabc 4.6223
Model_1_goa_dr_2022.dat 6 2035 Cofl 4.9419
Model_1_goa_dr_2022.dat 6 2035 CLCI 3.00396
Model_1_goa_dr_2022.dat 6 2035 CUCI 6.3358
Model_1_goa_dr_2022.dat 6 2035 CMedian 4.38183
Model_1_goa_dr_2022.dat 6 2035 CMean 4.50432
Model_1_goa_dr_2022.dat 6 2022 SSBF100 65.5649
Model_1_goa_dr_2022.dat 6 2022 SSBFabc 26.2259
Model_1_goa_dr_2022.dat 6 2022 SSBFofl 22.9477
Model_1_goa_dr_2022.dat 6 2022 SSBLCI 45.0557
Model_1_goa_dr_2022.dat 6 2022 SSBUCI 45.0557
Model_1_goa_dr_2022.dat 6 2022 SSBMedian 45.0557
Model_1_goa_dr_2022.dat 6 2022 SSBMean 45.0557
Model_1_goa_dr_2022.dat 6 2023 SSBF100 65.5649
Model_1_goa_dr_2022.dat 6 2023 SSBFabc 26.2259
Model_1_goa_dr_2022.dat 6 2023 SSBFofl 22.9477
Model_1_goa_dr_2022.dat 6 2023 SSBLCI 44.1023
Model_1_goa_dr_2022.dat 6 2023 SSBUCI 44.1291
Model_1_goa_dr_2022.dat 6 2023 SSBMedian 44.1092
Model_1_goa_dr_2022.dat 6 2023 SSBMean 44.1117
Model_1_goa_dr_2022.dat 6 2024 SSBF100 65.5649
Model_1_goa_dr_2022.dat 6 2024 SSBFabc 26.2259
Model_1_goa_dr_2022.dat 6 2024 SSBFofl 22.9477
Model_1_goa_dr_2022.dat 6 2024 SSBLCI 39.9304
Model_1_goa_dr_2022.dat 6 2024 SSBUCI 40.0167
Model_1_goa_dr_2022.dat 6 2024 SSBMedian 39.9562
Model_1_goa_dr_2022.dat 6 2024 SSBMean 39.9631
Model_1_goa_dr_2022.dat 6 2025 SSBF100 65.5649
Model_1_goa_dr_2022.dat 6 2025 SSBFabc 26.2259
Model_1_goa_dr_2022.dat 6 2025 SSBFofl 22.9477
Model_1_goa_dr_2022.dat 6 2025 SSBLCI 35.8521
Model_1_goa_dr_2022.dat 6 2025 SSBUCI 36.0824
Model_1_goa_dr_2022.dat 6 2025 SSBMedian 35.922
Model_1_goa_dr_2022.dat 6 2025 SSBMean 35.9407
Model_1_goa_dr_2022.dat 6 2026 SSBF100 65.5649
Model_1_goa_dr_2022.dat 6 2026 SSBFabc 26.2259
Model_1_goa_dr_2022.dat 6 2026 SSBFofl 22.9477
Model_1_goa_dr_2022.dat 6 2026 SSBLCI 32.0133
Model_1_goa_dr_2022.dat 6 2026 SSBUCI 32.5486
Model_1_goa_dr_2022.dat 6 2026 SSBMedian 32.1839
Model_1_goa_dr_2022.dat 6 2026 SSBMean 32.2226
Model_1_goa_dr_2022.dat 6 2027 SSBF100 65.5649
Model_1_goa_dr_2022.dat 6 2027 SSBFabc 26.2259
Model_1_goa_dr_2022.dat 6 2027 SSBFofl 22.9477
Model_1_goa_dr_2022.dat 6 2027 SSBLCI 28.5403
Model_1_goa_dr_2022.dat 6 2027 SSBUCI 29.6721
Model_1_goa_dr_2022.dat 6 2027 SSBMedian 28.9171
Model_1_goa_dr_2022.dat 6 2027 SSBMean 28.986
Model_1_goa_dr_2022.dat 6 2028 SSBF100 65.5649
Model_1_goa_dr_2022.dat 6 2028 SSBFabc 26.2259
Model_1_goa_dr_2022.dat 6 2028 SSBFofl 22.9477
Model_1_goa_dr_2022.dat 6 2028 SSBLCI 25.5508
Model_1_goa_dr_2022.dat 6 2028 SSBUCI 27.6716
Model_1_goa_dr_2022.dat 6 2028 SSBMedian 26.2522
Model_1_goa_dr_2022.dat 6 2028 SSBMean 26.3952
Model_1_goa_dr_2022.dat 6 2029 SSBF100 65.5649
Model_1_goa_dr_2022.dat 6 2029 SSBFabc 26.2259
Model_1_goa_dr_2022.dat 6 2029 SSBFofl 22.9477
Model_1_goa_dr_2022.dat 6 2029 SSBLCI 23.2057
Model_1_goa_dr_2022.dat 6 2029 SSBUCI 26.7057
Model_1_goa_dr_2022.dat 6 2029 SSBMedian 24.3361
Model_1_goa_dr_2022.dat 6 2029 SSBMean 24.5767
Model_1_goa_dr_2022.dat 6 2030 SSBF100 65.5649
Model_1_goa_dr_2022.dat 6 2030 SSBFabc 26.2259
Model_1_goa_dr_2022.dat 6 2030 SSBFofl 22.9477
Model_1_goa_dr_2022.dat 6 2030 SSBLCI 21.5912
Model_1_goa_dr_2022.dat 6 2030 SSBUCI 26.4569
Model_1_goa_dr_2022.dat 6 2030 SSBMedian 23.2052
Model_1_goa_dr_2022.dat 6 2030 SSBMean 23.5793
Model_1_goa_dr_2022.dat 6 2031 SSBF100 65.5649
Model_1_goa_dr_2022.dat 6 2031 SSBFabc 26.2259
Model_1_goa_dr_2022.dat 6 2031 SSBFofl 22.9477
Model_1_goa_dr_2022.dat 6 2031 SSBLCI 20.5943
Model_1_goa_dr_2022.dat 6 2031 SSBUCI 26.8481
Model_1_goa_dr_2022.dat 6 2031 SSBMedian 22.7887
Model_1_goa_dr_2022.dat 6 2031 SSBMean 23.1635
Model_1_goa_dr_2022.dat 6 2032 SSBF100 65.5649
Model_1_goa_dr_2022.dat 6 2032 SSBFabc 26.2259
Model_1_goa_dr_2022.dat 6 2032 SSBFofl 22.9477
Model_1_goa_dr_2022.dat 6 2032 SSBLCI 19.9344
Model_1_goa_dr_2022.dat 6 2032 SSBUCI 27.4267
Model_1_goa_dr_2022.dat 6 2032 SSBMedian 22.6839
Model_1_goa_dr_2022.dat 6 2032 SSBMean 23.0847
Model_1_goa_dr_2022.dat 6 2033 SSBF100 65.5649
Model_1_goa_dr_2022.dat 6 2033 SSBFabc 26.2259
Model_1_goa_dr_2022.dat 6 2033 SSBFofl 22.9477
Model_1_goa_dr_2022.dat 6 2033 SSBLCI 19.5191
Model_1_goa_dr_2022.dat 6 2033 SSBUCI 28.0835
Model_1_goa_dr_2022.dat 6 2033 SSBMedian 22.7957
Model_1_goa_dr_2022.dat 6 2033 SSBMean 23.1717
Model_1_goa_dr_2022.dat 6 2034 SSBF100 65.5649
Model_1_goa_dr_2022.dat 6 2034 SSBFabc 26.2259
Model_1_goa_dr_2022.dat 6 2034 SSBFofl 22.9477
Model_1_goa_dr_2022.dat 6 2034 SSBLCI 19.4049
Model_1_goa_dr_2022.dat 6 2034 SSBUCI 28.3954
Model_1_goa_dr_2022.dat 6 2034 SSBMedian 22.9404
Model_1_goa_dr_2022.dat 6 2034 SSBMean 23.3258
Model_1_goa_dr_2022.dat 6 2035 SSBF100 65.5649
Model_1_goa_dr_2022.dat 6 2035 SSBFabc 26.2259
Model_1_goa_dr_2022.dat 6 2035 SSBFofl 22.9477
Model_1_goa_dr_2022.dat 6 2035 SSBLCI 19.3665
Model_1_goa_dr_2022.dat 6 2035 SSBUCI 28.7885
Model_1_goa_dr_2022.dat 6 2035 SSBMedian 23.118
Model_1_goa_dr_2022.dat 6 2035 SSBMean 23.5011
Model_1_goa_dr_2022.dat 6 2022 F0 0 
Model_1_goa_dr_2022.dat 6 2022 Fabc 0.0913417
Model_1_goa_dr_2022.dat 6 2022 Fofl 0.112301
Model_1_goa_dr_2022.dat 6 2022  F_LCI 0.0284964
Model_1_goa_dr_2022.dat 6 2022  F_UCI 0.0284964
Model_1_goa_dr_2022.dat 6 2022  F_Median 0.0284964
Model_1_goa_dr_2022.dat 6 2022  F_Mean 0.0284964
Model_1_goa_dr_2022.dat 6 2023 F0 0 
Model_1_goa_dr_2022.dat 6 2023 Fabc 0.0913417
Model_1_goa_dr_2022.dat 6 2023 Fofl 0.112301
Model_1_goa_dr_2022.dat 6 2023  F_LCI 0.112301
Model_1_goa_dr_2022.dat 6 2023  F_UCI 0.112301
Model_1_goa_dr_2022.dat 6 2023  F_Median 0.112301
Model_1_goa_dr_2022.dat 6 2023  F_Mean 0.112301
Model_1_goa_dr_2022.dat 6 2024 F0 0 
Model_1_goa_dr_2022.dat 6 2024 Fabc 0.0913417
Model_1_goa_dr_2022.dat 6 2024 Fofl 0.112301
Model_1_goa_dr_2022.dat 6 2024  F_LCI 0.112301
Model_1_goa_dr_2022.dat 6 2024  F_UCI 0.112301
Model_1_goa_dr_2022.dat 6 2024  F_Median 0.112301
Model_1_goa_dr_2022.dat 6 2024  F_Mean 0.112301
Model_1_goa_dr_2022.dat 6 2025 F0 0 
Model_1_goa_dr_2022.dat 6 2025 Fabc 0.0913417
Model_1_goa_dr_2022.dat 6 2025 Fofl 0.112301
Model_1_goa_dr_2022.dat 6 2025  F_LCI 0.112301
Model_1_goa_dr_2022.dat 6 2025  F_UCI 0.112301
Model_1_goa_dr_2022.dat 6 2025  F_Median 0.112301
Model_1_goa_dr_2022.dat 6 2025  F_Mean 0.112301
Model_1_goa_dr_2022.dat 6 2026 F0 0 
Model_1_goa_dr_2022.dat 6 2026 Fabc 0.0913417
Model_1_goa_dr_2022.dat 6 2026 Fofl 0.112301
Model_1_goa_dr_2022.dat 6 2026  F_LCI 0.112301
Model_1_goa_dr_2022.dat 6 2026  F_UCI 0.112301
Model_1_goa_dr_2022.dat 6 2026  F_Median 0.112301
Model_1_goa_dr_2022.dat 6 2026  F_Mean 0.112301
Model_1_goa_dr_2022.dat 6 2027 F0 0 
Model_1_goa_dr_2022.dat 6 2027 Fabc 0.0913417
Model_1_goa_dr_2022.dat 6 2027 Fofl 0.112301
Model_1_goa_dr_2022.dat 6 2027  F_LCI 0.112301
Model_1_goa_dr_2022.dat 6 2027  F_UCI 0.112301
Model_1_goa_dr_2022.dat 6 2027  F_Median 0.112301
Model_1_goa_dr_2022.dat 6 2027  F_Mean 0.112301
Model_1_goa_dr_2022.dat 6 2028 F0 0 
Model_1_goa_dr_2022.dat 6 2028 Fabc 0.0913417
Model_1_goa_dr_2022.dat 6 2028 Fofl 0.112301
Model_1_goa_dr_2022.dat 6 2028  F_LCI 0.109258
Model_1_goa_dr_2022.dat 6 2028  F_UCI 0.112301
Model_1_goa_dr_2022.dat 6 2028  F_Median 0.112301
Model_1_goa_dr_2022.dat 6 2028  F_Mean 0.111493
Model_1_goa_dr_2022.dat 6 2029 F0 0 
Model_1_goa_dr_2022.dat 6 2029 Fabc 0.0913417
Model_1_goa_dr_2022.dat 6 2029 Fofl 0.112301
Model_1_goa_dr_2022.dat 6 2029  F_LCI 0.0986877
Model_1_goa_dr_2022.dat 6 2029  F_UCI 0.112301
Model_1_goa_dr_2022.dat 6 2029  F_Median 0.103783
Model_1_goa_dr_2022.dat 6 2029  F_Mean 0.104451
Model_1_goa_dr_2022.dat 6 2030 F0 0 
Model_1_goa_dr_2022.dat 6 2030 Fabc 0.0913417
Model_1_goa_dr_2022.dat 6 2030 Fofl 0.112301
Model_1_goa_dr_2022.dat 6 2030  F_LCI 0.0914102
Model_1_goa_dr_2022.dat 6 2030  F_UCI 0.112301
Model_1_goa_dr_2022.dat 6 2030  F_Median 0.0986853
Model_1_goa_dr_2022.dat 6 2030  F_Mean 0.0999017
Model_1_goa_dr_2022.dat 6 2031 F0 0 
Model_1_goa_dr_2022.dat 6 2031 Fabc 0.0913417
Model_1_goa_dr_2022.dat 6 2031 Fofl 0.112301
Model_1_goa_dr_2022.dat 6 2031  F_LCI 0.0869166
Model_1_goa_dr_2022.dat 6 2031  F_UCI 0.112301
Model_1_goa_dr_2022.dat 6 2031  F_Median 0.0968078
Model_1_goa_dr_2022.dat 6 2031  F_Mean 0.097843
Model_1_goa_dr_2022.dat 6 2032 F0 0 
Model_1_goa_dr_2022.dat 6 2032 Fabc 0.0913417
Model_1_goa_dr_2022.dat 6 2032 Fofl 0.112301
Model_1_goa_dr_2022.dat 6 2032  F_LCI 0.0839422
Model_1_goa_dr_2022.dat 6 2032  F_UCI 0.112301
Model_1_goa_dr_2022.dat 6 2032  F_Median 0.0963354
Model_1_goa_dr_2022.dat 6 2032  F_Mean 0.0972457
Model_1_goa_dr_2022.dat 6 2033 F0 0 
Model_1_goa_dr_2022.dat 6 2033 Fabc 0.0913417
Model_1_goa_dr_2022.dat 6 2033 Fofl 0.112301
Model_1_goa_dr_2022.dat 6 2033  F_LCI 0.0820703
Model_1_goa_dr_2022.dat 6 2033  F_UCI 0.112301
Model_1_goa_dr_2022.dat 6 2033  F_Median 0.0968397
Model_1_goa_dr_2022.dat 6 2033  F_Mean 0.0973759
Model_1_goa_dr_2022.dat 6 2034 F0 0 
Model_1_goa_dr_2022.dat 6 2034 Fabc 0.0913417
Model_1_goa_dr_2022.dat 6 2034 Fofl 0.112301
Model_1_goa_dr_2022.dat 6 2034  F_LCI 0.0815555
Model_1_goa_dr_2022.dat 6 2034  F_UCI 0.112301
Model_1_goa_dr_2022.dat 6 2034  F_Median 0.0974918
Model_1_goa_dr_2022.dat 6 2034  F_Mean 0.0978101
Model_1_goa_dr_2022.dat 6 2035 F0 0 
Model_1_goa_dr_2022.dat 6 2035 Fabc 0.0913417
Model_1_goa_dr_2022.dat 6 2035 Fofl 0.112301
Model_1_goa_dr_2022.dat 6 2035  F_LCI 0.0813825
Model_1_goa_dr_2022.dat 6 2035  F_UCI 0.112301
Model_1_goa_dr_2022.dat 6 2035  F_Median 0.098292
Model_1_goa_dr_2022.dat 6 2035  F_Mean 0.0983746
Model_1_goa_dr_2022.dat 7 2022 Cabc 4.6223
Model_1_goa_dr_2022.dat 7 2022 Cofl 4.9419
Model_1_goa_dr_2022.dat 7 2022 CLCI 2.58497
Model_1_goa_dr_2022.dat 7 2022 CUCI 2.58497
Model_1_goa_dr_2022.dat 7 2022 CMedian 2.58497
Model_1_goa_dr_2022.dat 7 2022 CMean 2.58497
Model_1_goa_dr_2022.dat 7 2023 Cabc 4.6223
Model_1_goa_dr_2022.dat 7 2023 Cofl 4.9419
Model_1_goa_dr_2022.dat 7 2023 CLCI 7.92134
Model_1_goa_dr_2022.dat 7 2023 CUCI 7.92155
Model_1_goa_dr_2022.dat 7 2023 CMedian 7.9214
Model_1_goa_dr_2022.dat 7 2023 CMean 7.92141
Model_1_goa_dr_2022.dat 7 2024 Cabc 4.6223
Model_1_goa_dr_2022.dat 7 2024 Cofl 4.9419
Model_1_goa_dr_2022.dat 7 2024 CLCI 7.26551
Model_1_goa_dr_2022.dat 7 2024 CUCI 7.26658
Model_1_goa_dr_2022.dat 7 2024 CMedian 7.26581
Model_1_goa_dr_2022.dat 7 2024 CMean 7.2659
Model_1_goa_dr_2022.dat 7 2025 Cabc 4.6223
Model_1_goa_dr_2022.dat 7 2025 Cofl 4.9419
Model_1_goa_dr_2022.dat 7 2025 CLCI 8.05779
Model_1_goa_dr_2022.dat 7 2025 CUCI 8.06371
Model_1_goa_dr_2022.dat 7 2025 CMedian 8.05948
Model_1_goa_dr_2022.dat 7 2025 CMean 8.05995
Model_1_goa_dr_2022.dat 7 2026 Cabc 4.6223
Model_1_goa_dr_2022.dat 7 2026 Cofl 4.9419
Model_1_goa_dr_2022.dat 7 2026 CLCI 7.14512
Model_1_goa_dr_2022.dat 7 2026 CUCI 7.16854
Model_1_goa_dr_2022.dat 7 2026 CMedian 7.15194
Model_1_goa_dr_2022.dat 7 2026 CMean 7.15376
Model_1_goa_dr_2022.dat 7 2027 Cabc 4.6223
Model_1_goa_dr_2022.dat 7 2027 Cofl 4.9419
Model_1_goa_dr_2022.dat 7 2027 CLCI 6.3149
Model_1_goa_dr_2022.dat 7 2027 CUCI 6.39983
Model_1_goa_dr_2022.dat 7 2027 CMedian 6.33985
Model_1_goa_dr_2022.dat 7 2027 CMean 6.34642
Model_1_goa_dr_2022.dat 7 2028 Cabc 4.6223
Model_1_goa_dr_2022.dat 7 2028 Cofl 4.9419
Model_1_goa_dr_2022.dat 7 2028 CLCI 5.59558
Model_1_goa_dr_2022.dat 7 2028 CUCI 5.8584
Model_1_goa_dr_2022.dat 7 2028 CMedian 5.67448
Model_1_goa_dr_2022.dat 7 2028 CMean 5.69538
Model_1_goa_dr_2022.dat 7 2029 Cabc 4.6223
Model_1_goa_dr_2022.dat 7 2029 Cofl 4.9419
Model_1_goa_dr_2022.dat 7 2029 CLCI 4.56155
Model_1_goa_dr_2022.dat 7 2029 CUCI 5.65757
Model_1_goa_dr_2022.dat 7 2029 CMedian 4.99002
Model_1_goa_dr_2022.dat 7 2029 CMean 5.04195
Model_1_goa_dr_2022.dat 7 2030 Cabc 4.6223
Model_1_goa_dr_2022.dat 7 2030 Cofl 4.9419
Model_1_goa_dr_2022.dat 7 2030 CLCI 3.89182
Model_1_goa_dr_2022.dat 7 2030 CUCI 5.74033
Model_1_goa_dr_2022.dat 7 2030 CMedian 4.51516
Model_1_goa_dr_2022.dat 7 2030 CMean 4.6359
Model_1_goa_dr_2022.dat 7 2031 Cabc 4.6223
Model_1_goa_dr_2022.dat 7 2031 Cofl 4.9419
Model_1_goa_dr_2022.dat 7 2031 CLCI 3.51233
Model_1_goa_dr_2022.dat 7 2031 CUCI 5.90617
Model_1_goa_dr_2022.dat 7 2031 CMedian 4.31106
Model_1_goa_dr_2022.dat 7 2031 CMean 4.48393
Model_1_goa_dr_2022.dat 7 2032 Cabc 4.6223
Model_1_goa_dr_2022.dat 7 2032 Cofl 4.9419
Model_1_goa_dr_2022.dat 7 2032 CLCI 3.27896
Model_1_goa_dr_2022.dat 7 2032 CUCI 6.04995
Model_1_goa_dr_2022.dat 7 2032 CMedian 4.29411
Model_1_goa_dr_2022.dat 7 2032 CMean 4.45502
Model_1_goa_dr_2022.dat 7 2033 Cabc 4.6223
Model_1_goa_dr_2022.dat 7 2033 Cofl 4.9419
Model_1_goa_dr_2022.dat 7 2033 CLCI 3.11788
Model_1_goa_dr_2022.dat 7 2033 CUCI 6.1869
Model_1_goa_dr_2022.dat 7 2033 CMedian 4.31197
Model_1_goa_dr_2022.dat 7 2033 CMean 4.47419
Model_1_goa_dr_2022.dat 7 2034 Cabc 4.6223
Model_1_goa_dr_2022.dat 7 2034 Cofl 4.9419
Model_1_goa_dr_2022.dat 7 2034 CLCI 3.07253
Model_1_goa_dr_2022.dat 7 2034 CUCI 6.2776
Model_1_goa_dr_2022.dat 7 2034 CMedian 4.36427
Model_1_goa_dr_2022.dat 7 2034 CMean 4.50982
Model_1_goa_dr_2022.dat 7 2035 Cabc 4.6223
Model_1_goa_dr_2022.dat 7 2035 Cofl 4.9419
Model_1_goa_dr_2022.dat 7 2035 CLCI 3.05381
Model_1_goa_dr_2022.dat 7 2035 CUCI 6.36982
Model_1_goa_dr_2022.dat 7 2035 CMedian 4.44175
Model_1_goa_dr_2022.dat 7 2035 CMean 4.55536
Model_1_goa_dr_2022.dat 7 2022 SSBF100 65.5649
Model_1_goa_dr_2022.dat 7 2022 SSBFabc 26.2259
Model_1_goa_dr_2022.dat 7 2022 SSBFofl 22.9477
Model_1_goa_dr_2022.dat 7 2022 SSBLCI 45.0557
Model_1_goa_dr_2022.dat 7 2022 SSBUCI 45.0557
Model_1_goa_dr_2022.dat 7 2022 SSBMedian 45.0557
Model_1_goa_dr_2022.dat 7 2022 SSBMean 45.0557
Model_1_goa_dr_2022.dat 7 2023 SSBF100 65.5649
Model_1_goa_dr_2022.dat 7 2023 SSBFabc 26.2259
Model_1_goa_dr_2022.dat 7 2023 SSBFofl 22.9477
Model_1_goa_dr_2022.dat 7 2023 SSBLCI 44.2502
Model_1_goa_dr_2022.dat 7 2023 SSBUCI 44.277
Model_1_goa_dr_2022.dat 7 2023 SSBMedian 44.2571
Model_1_goa_dr_2022.dat 7 2023 SSBMean 44.2596
Model_1_goa_dr_2022.dat 7 2024 SSBF100 65.5649
Model_1_goa_dr_2022.dat 7 2024 SSBFabc 26.2259
Model_1_goa_dr_2022.dat 7 2024 SSBFofl 22.9477
Model_1_goa_dr_2022.dat 7 2024 SSBLCI 40.8608
Model_1_goa_dr_2022.dat 7 2024 SSBUCI 40.947
Model_1_goa_dr_2022.dat 7 2024 SSBMedian 40.8865
Model_1_goa_dr_2022.dat 7 2024 SSBMean 40.8934
Model_1_goa_dr_2022.dat 7 2025 SSBF100 65.5649
Model_1_goa_dr_2022.dat 7 2025 SSBFabc 26.2259
Model_1_goa_dr_2022.dat 7 2025 SSBFofl 22.9477
Model_1_goa_dr_2022.dat 7 2025 SSBLCI 37.2747
Model_1_goa_dr_2022.dat 7 2025 SSBUCI 37.5049
Model_1_goa_dr_2022.dat 7 2025 SSBMedian 37.3445
Model_1_goa_dr_2022.dat 7 2025 SSBMean 37.3632
Model_1_goa_dr_2022.dat 7 2026 SSBF100 65.5649
Model_1_goa_dr_2022.dat 7 2026 SSBFabc 26.2259
Model_1_goa_dr_2022.dat 7 2026 SSBFofl 22.9477
Model_1_goa_dr_2022.dat 7 2026 SSBLCI 33.2446
Model_1_goa_dr_2022.dat 7 2026 SSBUCI 33.7799
Model_1_goa_dr_2022.dat 7 2026 SSBMedian 33.4151
Model_1_goa_dr_2022.dat 7 2026 SSBMean 33.4538
Model_1_goa_dr_2022.dat 7 2027 SSBF100 65.5649
Model_1_goa_dr_2022.dat 7 2027 SSBFabc 26.2259
Model_1_goa_dr_2022.dat 7 2027 SSBFofl 22.9477
Model_1_goa_dr_2022.dat 7 2027 SSBLCI 29.5963
Model_1_goa_dr_2022.dat 7 2027 SSBUCI 30.728
Model_1_goa_dr_2022.dat 7 2027 SSBMedian 29.973
Model_1_goa_dr_2022.dat 7 2027 SSBMean 30.042
Model_1_goa_dr_2022.dat 7 2028 SSBF100 65.5649
Model_1_goa_dr_2022.dat 7 2028 SSBFabc 26.2259
Model_1_goa_dr_2022.dat 7 2028 SSBFofl 22.9477
Model_1_goa_dr_2022.dat 7 2028 SSBLCI 26.4378
Model_1_goa_dr_2022.dat 7 2028 SSBUCI 28.5711
Model_1_goa_dr_2022.dat 7 2028 SSBMedian 27.1516
Model_1_goa_dr_2022.dat 7 2028 SSBMean 27.2913
Model_1_goa_dr_2022.dat 7 2029 SSBF100 65.5649
Model_1_goa_dr_2022.dat 7 2029 SSBFabc 26.2259
Model_1_goa_dr_2022.dat 7 2029 SSBFofl 22.9477
Model_1_goa_dr_2022.dat 7 2029 SSBLCI 23.8936
Model_1_goa_dr_2022.dat 7 2029 SSBUCI 27.468
Model_1_goa_dr_2022.dat 7 2029 SSBMedian 25.0864
Model_1_goa_dr_2022.dat 7 2029 SSBMean 25.3119
Model_1_goa_dr_2022.dat 7 2030 SSBF100 65.5649
Model_1_goa_dr_2022.dat 7 2030 SSBFabc 26.2259
Model_1_goa_dr_2022.dat 7 2030 SSBFofl 22.9477
Model_1_goa_dr_2022.dat 7 2030 SSBLCI 22.1232
Model_1_goa_dr_2022.dat 7 2030 SSBUCI 27.1005
Model_1_goa_dr_2022.dat 7 2030 SSBMedian 23.7742
Model_1_goa_dr_2022.dat 7 2030 SSBMean 24.1483
Model_1_goa_dr_2022.dat 7 2031 SSBF100 65.5649
Model_1_goa_dr_2022.dat 7 2031 SSBFabc 26.2259
Model_1_goa_dr_2022.dat 7 2031 SSBFofl 22.9477
Model_1_goa_dr_2022.dat 7 2031 SSBLCI 21.0085
Model_1_goa_dr_2022.dat 7 2031 SSBUCI 27.3777
Model_1_goa_dr_2022.dat 7 2031 SSBMedian 23.2201
Model_1_goa_dr_2022.dat 7 2031 SSBMean 23.6036
Model_1_goa_dr_2022.dat 7 2032 SSBF100 65.5649
Model_1_goa_dr_2022.dat 7 2032 SSBFabc 26.2259
Model_1_goa_dr_2022.dat 7 2032 SSBFofl 22.9477
Model_1_goa_dr_2022.dat 7 2032 SSBLCI 20.2619
Model_1_goa_dr_2022.dat 7 2032 SSBUCI 27.8355
Model_1_goa_dr_2022.dat 7 2032 SSBMedian 23.0098
Model_1_goa_dr_2022.dat 7 2032 SSBMean 23.4245
Model_1_goa_dr_2022.dat 7 2033 SSBF100 65.5649
Model_1_goa_dr_2022.dat 7 2033 SSBFabc 26.2259
Model_1_goa_dr_2022.dat 7 2033 SSBFofl 22.9477
Model_1_goa_dr_2022.dat 7 2033 SSBLCI 19.7728
Model_1_goa_dr_2022.dat 7 2033 SSBUCI 28.402
Model_1_goa_dr_2022.dat 7 2033 SSBMedian 23.0469
Model_1_goa_dr_2022.dat 7 2033 SSBMean 23.4331
Model_1_goa_dr_2022.dat 7 2034 SSBF100 65.5649
Model_1_goa_dr_2022.dat 7 2034 SSBFabc 26.2259
Model_1_goa_dr_2022.dat 7 2034 SSBFofl 22.9477
Model_1_goa_dr_2022.dat 7 2034 SSBLCI 19.6032
Model_1_goa_dr_2022.dat 7 2034 SSBUCI 28.685
Model_1_goa_dr_2022.dat 7 2034 SSBMedian 23.1256
Model_1_goa_dr_2022.dat 7 2034 SSBMean 23.526
Model_1_goa_dr_2022.dat 7 2035 SSBF100 65.5649
Model_1_goa_dr_2022.dat 7 2035 SSBFabc 26.2259
Model_1_goa_dr_2022.dat 7 2035 SSBFofl 22.9477
Model_1_goa_dr_2022.dat 7 2035 SSBLCI 19.5192
Model_1_goa_dr_2022.dat 7 2035 SSBUCI 28.9703
Model_1_goa_dr_2022.dat 7 2035 SSBMedian 23.2576
Model_1_goa_dr_2022.dat 7 2035 SSBMean 23.6539
Model_1_goa_dr_2022.dat 7 2022 F0 0 
Model_1_goa_dr_2022.dat 7 2022 Fabc 0.0913417
Model_1_goa_dr_2022.dat 7 2022 Fofl 0.112301
Model_1_goa_dr_2022.dat 7 2022  F_LCI 0.0284964
Model_1_goa_dr_2022.dat 7 2022  F_UCI 0.0284964
Model_1_goa_dr_2022.dat 7 2022  F_Median 0.0284964
Model_1_goa_dr_2022.dat 7 2022  F_Mean 0.0284964
Model_1_goa_dr_2022.dat 7 2023 F0 0 
Model_1_goa_dr_2022.dat 7 2023 Fabc 0.0913417
Model_1_goa_dr_2022.dat 7 2023 Fofl 0.112301
Model_1_goa_dr_2022.dat 7 2023  F_LCI 0.0913417
Model_1_goa_dr_2022.dat 7 2023  F_UCI 0.0913417
Model_1_goa_dr_2022.dat 7 2023  F_Median 0.0913417
Model_1_goa_dr_2022.dat 7 2023  F_Mean 0.0913417
Model_1_goa_dr_2022.dat 7 2024 F0 0 
Model_1_goa_dr_2022.dat 7 2024 Fabc 0.0913417
Model_1_goa_dr_2022.dat 7 2024 Fofl 0.112301
Model_1_goa_dr_2022.dat 7 2024  F_LCI 0.0913417
Model_1_goa_dr_2022.dat 7 2024  F_UCI 0.0913417
Model_1_goa_dr_2022.dat 7 2024  F_Median 0.0913417
Model_1_goa_dr_2022.dat 7 2024  F_Mean 0.0913417
Model_1_goa_dr_2022.dat 7 2025 F0 0 
Model_1_goa_dr_2022.dat 7 2025 Fabc 0.0913417
Model_1_goa_dr_2022.dat 7 2025 Fofl 0.112301
Model_1_goa_dr_2022.dat 7 2025  F_LCI 0.112301
Model_1_goa_dr_2022.dat 7 2025  F_UCI 0.112301
Model_1_goa_dr_2022.dat 7 2025  F_Median 0.112301
Model_1_goa_dr_2022.dat 7 2025  F_Mean 0.112301
Model_1_goa_dr_2022.dat 7 2026 F0 0 
Model_1_goa_dr_2022.dat 7 2026 Fabc 0.0913417
Model_1_goa_dr_2022.dat 7 2026 Fofl 0.112301
Model_1_goa_dr_2022.dat 7 2026  F_LCI 0.112301
Model_1_goa_dr_2022.dat 7 2026  F_UCI 0.112301
Model_1_goa_dr_2022.dat 7 2026  F_Median 0.112301
Model_1_goa_dr_2022.dat 7 2026  F_Mean 0.112301
Model_1_goa_dr_2022.dat 7 2027 F0 0 
Model_1_goa_dr_2022.dat 7 2027 Fabc 0.0913417
Model_1_goa_dr_2022.dat 7 2027 Fofl 0.112301
Model_1_goa_dr_2022.dat 7 2027  F_LCI 0.112301
Model_1_goa_dr_2022.dat 7 2027  F_UCI 0.112301
Model_1_goa_dr_2022.dat 7 2027  F_Median 0.112301
Model_1_goa_dr_2022.dat 7 2027  F_Mean 0.112301
Model_1_goa_dr_2022.dat 7 2028 F0 0 
Model_1_goa_dr_2022.dat 7 2028 Fabc 0.0913417
Model_1_goa_dr_2022.dat 7 2028 Fofl 0.112301
Model_1_goa_dr_2022.dat 7 2028  F_LCI 0.112301
Model_1_goa_dr_2022.dat 7 2028  F_UCI 0.112301
Model_1_goa_dr_2022.dat 7 2028  F_Median 0.112301
Model_1_goa_dr_2022.dat 7 2028  F_Mean 0.1123
Model_1_goa_dr_2022.dat 7 2029 F0 0 
Model_1_goa_dr_2022.dat 7 2029 Fabc 0.0913417
Model_1_goa_dr_2022.dat 7 2029 Fofl 0.112301
Model_1_goa_dr_2022.dat 7 2029  F_LCI 0.101788
Model_1_goa_dr_2022.dat 7 2029  F_UCI 0.112301
Model_1_goa_dr_2022.dat 7 2029  F_Median 0.107165
Model_1_goa_dr_2022.dat 7 2029  F_Mean 0.107333
Model_1_goa_dr_2022.dat 7 2030 F0 0 
Model_1_goa_dr_2022.dat 7 2030 Fabc 0.0913417
Model_1_goa_dr_2022.dat 7 2030 Fofl 0.112301
Model_1_goa_dr_2022.dat 7 2030  F_LCI 0.093808
Model_1_goa_dr_2022.dat 7 2030  F_UCI 0.112301
Model_1_goa_dr_2022.dat 7 2030  F_Median 0.10125
Model_1_goa_dr_2022.dat 7 2030  F_Mean 0.102225
Model_1_goa_dr_2022.dat 7 2031 F0 0 
Model_1_goa_dr_2022.dat 7 2031 Fabc 0.0913417
Model_1_goa_dr_2022.dat 7 2031 Fofl 0.112301
Model_1_goa_dr_2022.dat 7 2031  F_LCI 0.0887836
Model_1_goa_dr_2022.dat 7 2031  F_UCI 0.112301
Model_1_goa_dr_2022.dat 7 2031  F_Median 0.0987526
Model_1_goa_dr_2022.dat 7 2031  F_Mean 0.0996045
Model_1_goa_dr_2022.dat 7 2032 F0 0 
Model_1_goa_dr_2022.dat 7 2032 Fabc 0.0913417
Model_1_goa_dr_2022.dat 7 2032 Fofl 0.112301
Model_1_goa_dr_2022.dat 7 2032  F_LCI 0.0854184
Model_1_goa_dr_2022.dat 7 2032  F_UCI 0.112301
Model_1_goa_dr_2022.dat 7 2032  F_Median 0.0978045
Model_1_goa_dr_2022.dat 7 2032  F_Mean 0.0985704
Model_1_goa_dr_2022.dat 7 2033 F0 0 
Model_1_goa_dr_2022.dat 7 2033 Fabc 0.0913417
Model_1_goa_dr_2022.dat 7 2033 Fofl 0.112301
Model_1_goa_dr_2022.dat 7 2033  F_LCI 0.0832139
Model_1_goa_dr_2022.dat 7 2033  F_UCI 0.112301
Model_1_goa_dr_2022.dat 7 2033  F_Median 0.0979719
Model_1_goa_dr_2022.dat 7 2033  F_Mean 0.0983674
Model_1_goa_dr_2022.dat 7 2034 F0 0 
Model_1_goa_dr_2022.dat 7 2034 Fabc 0.0913417
Model_1_goa_dr_2022.dat 7 2034 Fofl 0.112301
Model_1_goa_dr_2022.dat 7 2034  F_LCI 0.0824496
Model_1_goa_dr_2022.dat 7 2034  F_UCI 0.112301
Model_1_goa_dr_2022.dat 7 2034  F_Median 0.0983264
Model_1_goa_dr_2022.dat 7 2034  F_Mean 0.0985465
Model_1_goa_dr_2022.dat 7 2035 F0 0 
Model_1_goa_dr_2022.dat 7 2035 Fabc 0.0913417
Model_1_goa_dr_2022.dat 7 2035 Fofl 0.112301
Model_1_goa_dr_2022.dat 7 2035  F_LCI 0.0820709
Model_1_goa_dr_2022.dat 7 2035  F_UCI 0.112301
Model_1_goa_dr_2022.dat 7 2035  F_Median 0.0989215
Model_1_goa_dr_2022.dat 7 2035  F_Mean 0.0989176
