
SB0 SB40 SB35 MeanRec HarMeanRec Bnow
65.5649 26.2259 22.9477 0.00849367 0.00573036 45.7903 
CV Recruit
0.694423 
Alternative 1 Alternative  Stock: Model_1_goa_dr_2022.dat
Catch Model_1_goa_dr_2022.dat
Year C0 Cabc Cofl LowCI_Catch Median_Catch Mean_Catch UpperCI_Catch Stdev_Catch 
2022  0 4.6223 4.9419 2.58497 2.58497 2.58497 2.58497 5.9952e-14 
2023  0 4.6223 4.9419 3.95497 3.95497 3.95497 3.95497 2.5702e-11 
2024  0 4.6223 4.9419 7.59258 7.59289 7.59298 7.59366 0.00038382 
2025  0 4.6223 4.9419 6.90801 6.90938 6.90976 6.91283 0.00169022 
2026  0 4.6223 4.9419 6.24069 6.24625 6.24773 6.25976 0.00671049 
2027  0 4.6223 4.9419 5.61592 5.63624 5.64159 5.68508 0.0241478 
2028  0 4.6223 4.9419 5.06114 5.12552 5.14261 5.27568 0.0754583 
2029  0 4.6223 4.9419 4.5963 4.76451 4.80249 5.13161 0.184967 
2030  0 4.6223 4.9419 4.0106 4.56313 4.57172 5.21573 0.388021 
2031  0 4.6223 4.9419 3.60001 4.37419 4.41938 5.36743 0.583641 
2032  0 4.6223 4.9419 3.33598 4.29991 4.35498 5.50718 0.709777 
2033  0 4.6223 4.9419 3.14459 4.27962 4.33599 5.63734 0.783992 
2034  0 4.6223 4.9419 3.06836 4.31598 4.34059 5.71477 0.82863 
2035  0 4.6223 4.9419 3.01265 4.32547 4.35845 5.80094 0.858135 

Spawning_Biomass Model_1_goa_dr_2022.dat
Year SSB100 SSBabc SSBofl LowCI_SSB Median_SSB Mean_SSB UpperCI_SSB Stdev_SSB 
2022 65.5649 26.2259 22.9477 45.0557 45.0557 45.0557 45.0557 9.09495e-13 
2023 65.5649 26.2259 22.9477 44.582 44.5889 44.5914 44.6088 0.00970232 
2024 65.5649 26.2259 22.9477 42.6944 42.7202 42.727 42.7807 0.0306935 
2025 65.5649 26.2259 22.9477 39.0342 39.1041 39.1227 39.2644 0.0805834 
2026 65.5649 26.2259 22.9477 35.465 35.6356 35.6744 36.0005 0.186763 
2027 65.5649 26.2259 22.9477 32.1377 32.5147 32.5837 33.2704 0.390478 
2028 65.5649 26.2259 22.9477 29.1818 29.8962 30.0369 31.3213 0.733947 
2029 65.5649 26.2259 22.9477 26.7051 27.9263 28.1522 30.3445 1.22546 
2030 65.5649 26.2259 22.9477 24.7719 26.5525 26.9341 30.0622 1.79842 
2031 65.5649 26.2259 22.9477 23.4672 25.8135 26.2678 30.4308 2.32896 
2032 65.5649 26.2259 22.9477 22.5559 25.4252 25.9769 30.986 2.74503 
2033 65.5649 26.2259 22.9477 21.913 25.3309 25.8984 31.5796 3.04414 
2034 65.5649 26.2259 22.9477 21.6247 25.3679 25.9288 32.0259 3.25583 
2035 65.5649 26.2259 22.9477 21.4565 25.4357 26.0142 32.3449 3.41267 

Fishing_mortalityModel_1_goa_dr_2022.dat
Year F0 Fabc Fofl LowCI_F Median_F Mean_F UpperCI_F Stdev_F 
2022  0 0.0913417 0.112301 0.0284964 0.0284964 0.0284964 0.0284964 4.92661e-16 
2023  0 0.0913417 0.112301 0.0446103 0.0446112 0.0446111 0.0446115 4.11258e-07 
2024  0 0.0913417 0.112301 0.0913417 0.0913417 0.0913417 0.0913417 6.80012e-16 
2025  0 0.0913417 0.112301 0.0913417 0.0913417 0.0913417 0.0913417 6.80012e-16 
2026  0 0.0913417 0.112301 0.0913417 0.0913417 0.0913417 0.0913417 6.80012e-16 
2027  0 0.0913417 0.112301 0.0913417 0.0913417 0.0913417 0.0913417 6.80012e-16 
2028  0 0.0913417 0.112301 0.0913417 0.0913417 0.0913417 0.0913417 6.80012e-16 
2029  0 0.0913417 0.112301 0.0913417 0.0913417 0.0913407 0.0913417 2.37523e-05 
2030  0 0.0913417 0.112301 0.0860109 0.0913417 0.0901372 0.0913417 0.00187921 
2031  0 0.0913417 0.112301 0.0812278 0.0898295 0.0881634 0.0913417 0.00369464 
2032  0 0.0913417 0.112301 0.0778867 0.0884062 0.0869359 0.0913417 0.00484365 
2033  0 0.0913417 0.112301 0.0755297 0.0880604 0.0863224 0.0913417 0.00553422 
2034  0 0.0913417 0.112301 0.0744728 0.0881959 0.0861104 0.0913417 0.00596106 
2035  0 0.0913417 0.112301 0.0738561 0.0884447 0.0860859 0.0913417 0.00617049 

Total_BiomassModel_1_goa_dr_2022.dat
Year B100 Babc Bofl LowCI_Biom Median_Biom Mean_Biom UpperCI_Biom Stdev_Biom 
2022 325.115 82.6508 75.8535 109.82 109.82 109.82 109.82 1.81899e-12 
2023 325.115 82.6508 75.8535 105.956 106.884 107.219 109.555 1.30167 
2024 325.115 82.6508 75.8535 100.883 103.091 103.625 107.667 2.42791 
2025 325.115 82.6508 75.8535 92.5684 96.216 97.0274 103.864 3.70341 
2026 325.115 82.6508 75.8535 85.7621 90.9453 91.8245 100.604 4.99242 
2027 325.115 82.6508 75.8535 79.8019 86.8305 87.9146 99.1388 6.27436 
2028 325.115 82.6508 75.8535 75.3083 83.9289 85.1994 98.5329 7.50787 
2029 325.115 82.6508 75.8535 71.5726 82.4005 83.5011 99.3645 8.67281 
2030 325.115 82.6508 75.8535 69.127 81.2824 82.5216 100.485 9.6337 
2031 325.115 82.6508 75.8535 67.8853 80.7866 82.1067 100.717 10.4115 
2032 325.115 82.6508 75.8535 66.8688 80.5943 81.9764 101.455 11.02 
2033 325.115 82.6508 75.8535 66.7046 80.6973 82.0487 101.496 11.3789 
2034 325.115 82.6508 75.8535 66.6196 80.6583 82.1378 101.585 11.6317 
2035 325.115 82.6508 75.8535 66.1738 80.7025 82.2733 101.417 11.801 
Alternative 2 Alternative  Stock: Model_1_goa_dr_2022.dat
Catch Model_1_goa_dr_2022.dat
Year C0 Cabc Cofl LowCI_Catch Median_Catch Mean_Catch UpperCI_Catch Stdev_Catch 
2022  0 4.6223 4.9419 2.58497 2.58497 2.58497 2.58497 5.9952e-14 
2023  0 4.6223 4.9419 3.95497 3.95497 3.95497 3.95497 2.5702e-11 
2024  0 4.6223 4.9419 7.59258 7.59289 7.59298 7.59366 0.00038382 
2025  0 4.6223 4.9419 6.90801 6.90938 6.90976 6.91283 0.00169022 
2026  0 4.6223 4.9419 6.24069 6.24625 6.24773 6.25976 0.00671049 
2027  0 4.6223 4.9419 5.61592 5.63624 5.64159 5.68508 0.0241478 
2028  0 4.6223 4.9419 5.06114 5.12552 5.14261 5.27568 0.0754583 
2029  0 4.6223 4.9419 4.5963 4.76451 4.80249 5.13161 0.184967 
2030  0 4.6223 4.9419 4.0106 4.56313 4.57172 5.21573 0.388021 
2031  0 4.6223 4.9419 3.60001 4.37419 4.41938 5.36743 0.583641 
2032  0 4.6223 4.9419 3.33598 4.29991 4.35498 5.50718 0.709777 
2033  0 4.6223 4.9419 3.14459 4.27962 4.33599 5.63734 0.783992 
2034  0 4.6223 4.9419 3.06836 4.31598 4.34059 5.71477 0.82863 
2035  0 4.6223 4.9419 3.01265 4.32547 4.35845 5.80094 0.858135 

Spawning_Biomass Model_1_goa_dr_2022.dat
Year SSB100 SSBabc SSBofl LowCI_SSB Median_SSB Mean_SSB UpperCI_SSB Stdev_SSB 
2022 65.5649 26.2259 22.9477 45.0557 45.0557 45.0557 45.0557 9.09495e-13 
2023 65.5649 26.2259 22.9477 44.582 44.5889 44.5914 44.6088 0.00970232 
2024 65.5649 26.2259 22.9477 42.6944 42.7202 42.727 42.7807 0.0306935 
2025 65.5649 26.2259 22.9477 39.0342 39.1041 39.1227 39.2644 0.0805834 
2026 65.5649 26.2259 22.9477 35.465 35.6356 35.6744 36.0005 0.186763 
2027 65.5649 26.2259 22.9477 32.1377 32.5147 32.5837 33.2704 0.390478 
2028 65.5649 26.2259 22.9477 29.1818 29.8962 30.0369 31.3213 0.733947 
2029 65.5649 26.2259 22.9477 26.7051 27.9263 28.1522 30.3445 1.22546 
2030 65.5649 26.2259 22.9477 24.7719 26.5525 26.9341 30.0622 1.79842 
2031 65.5649 26.2259 22.9477 23.4672 25.8135 26.2678 30.4308 2.32896 
2032 65.5649 26.2259 22.9477 22.5559 25.4252 25.9769 30.986 2.74503 
2033 65.5649 26.2259 22.9477 21.913 25.3309 25.8984 31.5796 3.04414 
2034 65.5649 26.2259 22.9477 21.6247 25.3679 25.9288 32.0259 3.25583 
2035 65.5649 26.2259 22.9477 21.4565 25.4357 26.0142 32.3449 3.41267 

Fishing_mortalityModel_1_goa_dr_2022.dat
Year F0 Fabc Fofl LowCI_F Median_F Mean_F UpperCI_F Stdev_F 
2022  0 0.0913417 0.112301 0.0284964 0.0284964 0.0284964 0.0284964 4.92661e-16 
2023  0 0.0913417 0.112301 0.0446103 0.0446112 0.0446111 0.0446115 4.11258e-07 
2024  0 0.0913417 0.112301 0.0913417 0.0913417 0.0913417 0.0913417 6.80012e-16 
2025  0 0.0913417 0.112301 0.0913417 0.0913417 0.0913417 0.0913417 6.80012e-16 
2026  0 0.0913417 0.112301 0.0913417 0.0913417 0.0913417 0.0913417 6.80012e-16 
2027  0 0.0913417 0.112301 0.0913417 0.0913417 0.0913417 0.0913417 6.80012e-16 
2028  0 0.0913417 0.112301 0.0913417 0.0913417 0.0913417 0.0913417 6.80012e-16 
2029  0 0.0913417 0.112301 0.0913417 0.0913417 0.0913407 0.0913417 2.37523e-05 
2030  0 0.0913417 0.112301 0.0860109 0.0913417 0.0901372 0.0913417 0.00187921 
2031  0 0.0913417 0.112301 0.0812278 0.0898295 0.0881634 0.0913417 0.00369464 
2032  0 0.0913417 0.112301 0.0778867 0.0884062 0.0869359 0.0913417 0.00484365 
2033  0 0.0913417 0.112301 0.0755297 0.0880604 0.0863224 0.0913417 0.00553422 
2034  0 0.0913417 0.112301 0.0744728 0.0881959 0.0861104 0.0913417 0.00596106 
2035  0 0.0913417 0.112301 0.0738561 0.0884447 0.0860859 0.0913417 0.00617049 

Total_BiomassModel_1_goa_dr_2022.dat
Year B100 Babc Bofl LowCI_Biom Median_Biom Mean_Biom UpperCI_Biom Stdev_Biom 
2022 325.115 82.6508 75.8535 109.82 109.82 109.82 109.82 1.81899e-12 
2023 325.115 82.6508 75.8535 105.956 106.884 107.219 109.555 1.30167 
2024 325.115 82.6508 75.8535 100.883 103.091 103.625 107.667 2.42791 
2025 325.115 82.6508 75.8535 92.5684 96.216 97.0274 103.864 3.70341 
2026 325.115 82.6508 75.8535 85.7621 90.9453 91.8245 100.604 4.99242 
2027 325.115 82.6508 75.8535 79.8019 86.8305 87.9146 99.1388 6.27436 
2028 325.115 82.6508 75.8535 75.3083 83.9289 85.1994 98.5329 7.50787 
2029 325.115 82.6508 75.8535 71.5726 82.4005 83.5011 99.3645 8.67281 
2030 325.115 82.6508 75.8535 69.127 81.2824 82.5216 100.485 9.6337 
2031 325.115 82.6508 75.8535 67.8853 80.7866 82.1067 100.717 10.4115 
2032 325.115 82.6508 75.8535 66.8688 80.5943 81.9764 101.455 11.02 
2033 325.115 82.6508 75.8535 66.7046 80.6973 82.0487 101.496 11.3789 
2034 325.115 82.6508 75.8535 66.6196 80.6583 82.1378 101.585 11.6317 
2035 325.115 82.6508 75.8535 66.1738 80.7025 82.2733 101.417 11.801 
Alternative 3 Alternative  Stock: Model_1_goa_dr_2022.dat
Catch Model_1_goa_dr_2022.dat
Year C0 Cabc Cofl LowCI_Catch Median_Catch Mean_Catch UpperCI_Catch Stdev_Catch 
2022  0 4.6223 4.9419 2.58497 2.58497 2.58497 2.58497 5.9952e-14 
2023  0 4.6223 4.9419 3.95497 3.95497 3.95497 3.95497 2.5702e-11 
2024  0 4.6223 4.9419 3.87931 3.87946 3.8795 3.87984 0.000191951 
2025  0 4.6223 4.9419 3.68629 3.68698 3.68717 3.68871 0.000845399 
2026  0 4.6223 4.9419 3.47544 3.47822 3.47896 3.48498 0.00335822 
2027  0 4.6223 4.9419 3.2603 3.27049 3.27317 3.29498 0.0121071 
2028  0 4.6223 4.9419 3.05719 3.08951 3.0982 3.16529 0.0380359 
2029  0 4.6223 4.9419 2.87934 2.9651 2.9845 3.15326 0.0943481 
2030  0 4.6223 4.9419 2.74177 2.9083 2.94105 3.24661 0.171898 
2031  0 4.6223 4.9419 2.65227 2.89422 2.94364 3.36967 0.244917 
2032  0 4.6223 4.9419 2.58937 2.90744 2.966 3.50619 0.301568 
2033  0 4.6223 4.9419 2.539 2.93773 2.9937 3.61715 0.342785 
2034  0 4.6223 4.9419 2.50221 2.96916 3.02185 3.69987 0.374397 
2035  0 4.6223 4.9419 2.48326 3.00032 3.05096 3.77038 0.400997 

Spawning_Biomass Model_1_goa_dr_2022.dat
Year SSB100 SSBabc SSBofl LowCI_SSB Median_SSB Mean_SSB UpperCI_SSB Stdev_SSB 
2022 65.5649 26.2259 22.9477 45.0557 45.0557 45.0557 45.0557 9.09495e-13 
2023 65.5649 26.2259 22.9477 44.582 44.5889 44.5914 44.6088 0.00970232 
2024 65.5649 26.2259 22.9477 43.0091 43.0349 43.0418 43.0954 0.0306941 
2025 65.5649 26.2259 22.9477 41.0613 41.1312 41.1498 41.2915 0.0805946 
2026 65.5649 26.2259 22.9477 38.9244 39.0951 39.1338 39.4602 0.186856 
2027 65.5649 26.2259 22.9477 36.7525 37.1301 37.1992 37.8873 0.391097 
2028 65.5649 26.2259 22.9477 34.6939 35.4103 35.5532 36.8474 0.737398 
2029 65.5649 26.2259 22.9477 32.8863 34.1227 34.3522 36.5918 1.24063 
2030 65.5649 26.2259 22.9477 31.4199 33.2731 33.655 36.9142 1.85216 
2031 65.5649 26.2259 22.9477 30.3342 32.9353 33.3857 37.7056 2.47978 
2032 65.5649 26.2259 22.9477 29.486 32.8622 33.4066 38.9499 3.04561 
2033 65.5649 26.2259 22.9477 28.8884 33.0896 33.5962 40.116 3.51729 
2034 65.5649 26.2259 22.9477 28.4454 33.3525 33.87 41.0531 3.90037 
2035 65.5649 26.2259 22.9477 28.3429 33.7411 34.182 41.6658 4.21366 

Fishing_mortalityModel_1_goa_dr_2022.dat
Year F0 Fabc Fofl LowCI_F Median_F Mean_F UpperCI_F Stdev_F 
2022  0 0.0913417 0.112301 0.0284964 0.0284964 0.0284964 0.0284964 4.92661e-16 
2023  0 0.0913417 0.112301 0.0446103 0.0446112 0.0446111 0.0446115 4.11258e-07 
2024  0 0.0913417 0.112301 0.0456709 0.0456709 0.0456709 0.0456709 3.40006e-16 
2025  0 0.0913417 0.112301 0.0456709 0.0456709 0.0456709 0.0456709 3.40006e-16 
2026  0 0.0913417 0.112301 0.0456709 0.0456709 0.0456709 0.0456709 3.40006e-16 
2027  0 0.0913417 0.112301 0.0456709 0.0456709 0.0456709 0.0456709 3.40006e-16 
2028  0 0.0913417 0.112301 0.0456709 0.0456709 0.0456709 0.0456709 3.40006e-16 
2029  0 0.0913417 0.112301 0.0456709 0.0456709 0.0456709 0.0456709 3.40006e-16 
2030  0 0.0913417 0.112301 0.0456709 0.0456709 0.0456709 0.0456709 3.40006e-16 
2031  0 0.0913417 0.112301 0.0456709 0.0456709 0.0456709 0.0456709 3.40006e-16 
2032  0 0.0913417 0.112301 0.0456709 0.0456709 0.0456709 0.0456709 3.40006e-16 
2033  0 0.0913417 0.112301 0.0456709 0.0456709 0.0456708 0.0456709 2.1164e-06 
2034  0 0.0913417 0.112301 0.0456709 0.0456709 0.0456678 0.0456709 5.47368e-05 
2035  0 0.0913417 0.112301 0.0456709 0.0456709 0.0456612 0.0456709 0.000122696 

Total_BiomassModel_1_goa_dr_2022.dat
Year B100 Babc Bofl LowCI_Biom Median_Biom Mean_Biom UpperCI_Biom Stdev_Biom 
2022 325.115 82.6508 75.8535 109.82 109.82 109.82 109.82 1.81899e-12 
2023 325.115 82.6508 75.8535 105.956 106.884 107.219 109.555 1.30167 
2024 325.115 82.6508 75.8535 100.883 103.091 103.625 107.667 2.42791 
2025 325.115 82.6508 75.8535 96.2542 99.9019 100.713 107.551 3.70364 
2026 325.115 82.6508 75.8535 92.4723 97.6571 98.5361 107.316 4.99358 
2027 325.115 82.6508 75.8535 88.9266 95.956 97.0435 108.267 6.27874 
2028 325.115 82.6508 75.8535 86.3119 94.9323 96.2122 109.606 7.52249 
2029 325.115 82.6508 75.8535 84.0063 94.8588 95.9638 112.008 8.71651 
2030 325.115 82.6508 75.8535 82.5573 94.8221 96.127 114.182 9.74279 
2031 325.115 82.6508 75.8535 81.9182 95.2372 96.6088 115.584 10.6784 
2032 325.115 82.6508 75.8535 81.4436 95.7329 97.1778 117.217 11.5207 
2033 325.115 82.6508 75.8535 81.4679 96.4912 97.8337 118.495 12.1386 
2034 325.115 82.6508 75.8535 81.3603 97.0804 98.4363 119.372 12.643 
2035 325.115 82.6508 75.8535 81.2599 97.6512 99.0406 119.772 13.0392 
Alternative 4 Alternative  Stock: Model_1_goa_dr_2022.dat
Catch Model_1_goa_dr_2022.dat
Year C0 Cabc Cofl LowCI_Catch Median_Catch Mean_Catch UpperCI_Catch Stdev_Catch 
2022  0 4.6223 4.9419 2.58497 2.58497 2.58497 2.58497 5.9952e-14 
2023  0 4.6223 4.9419 3.95497 3.95497 3.95497 3.95497 2.5702e-11 
2024  0 4.6223 4.9419 2.61659 2.61669 2.61672 2.61695 0.000128553 
2025  0 4.6223 4.9419 2.5224 2.52286 2.52298 2.52401 0.000566204 
2026  0 4.6223 4.9419 2.412 2.41386 2.41436 2.41839 0.00224957 
2027  0 4.6223 4.9419 2.29422 2.30105 2.30284 2.31746 0.00811519 
2028  0 4.6223 4.9419 2.1801 2.20181 2.20763 2.25269 0.0255399 
2029  0 4.6223 4.9419 2.07892 2.13654 2.14977 2.26366 0.06361 
2030  0 4.6223 4.9419 2.00139 2.11424 2.13651 2.34411 0.116661 
2031  0 4.6223 4.9419 1.9538 2.11896 2.15268 2.44546 0.167517 
2032  0 4.6223 4.9419 1.92205 2.1424 2.18122 2.55453 0.207926 
2033  0 4.6223 4.9419 1.89697 2.17538 2.21263 2.64785 0.23817 
2034  0 4.6223 4.9419 1.88023 2.20676 2.24373 2.72066 0.261747 
2035  0 4.6223 4.9419 1.87841 2.23781 2.27489 2.78195 0.281607 

Spawning_Biomass Model_1_goa_dr_2022.dat
Year SSB100 SSBabc SSBofl LowCI_SSB Median_SSB Mean_SSB UpperCI_SSB Stdev_SSB 
2022 65.5649 26.2259 22.9477 45.0557 45.0557 45.0557 45.0557 9.09495e-13 
2023 65.5649 26.2259 22.9477 44.582 44.5889 44.5914 44.6088 0.00970232 
2024 65.5649 26.2259 22.9477 43.1136 43.1394 43.1462 43.1999 0.0306943 
2025 65.5649 26.2259 22.9477 41.7544 41.8243 41.843 41.9847 0.0805983 
2026 65.5649 26.2259 22.9477 40.1425 40.3132 40.3519 40.6783 0.186886 
2027 65.5649 26.2259 22.9477 38.4252 38.8029 38.8721 39.5606 0.391302 
2028 65.5649 26.2259 22.9477 36.7497 37.4668 37.6104 38.9078 0.738542 
2029 65.5649 26.2259 22.9477 35.2598 36.4984 36.7296 38.9821 1.2457 
2030 65.5649 26.2259 22.9477 34.0487 35.9174 36.3031 39.6079 1.86877 
2031 65.5649 26.2259 22.9477 33.1801 35.7992 36.2726 40.6845 2.51956 
2032 65.5649 26.2259 22.9477 32.5071 35.9596 36.5136 42.1718 3.11952 
2033 65.5649 26.2259 22.9477 32.059 36.3597 36.9119 43.648 3.63207 
2034 65.5649 26.2259 22.9477 31.7938 36.8031 37.3847 44.965 4.05823 
2035 65.5649 26.2259 22.9477 31.7697 37.3674 37.886 45.7883 4.41401 

Fishing_mortalityModel_1_goa_dr_2022.dat
Year F0 Fabc Fofl LowCI_F Median_F Mean_F UpperCI_F Stdev_F 
2022  0 0.0913417 0.112301 0.0284964 0.0284964 0.0284964 0.0284964 4.92661e-16 
2023  0 0.0913417 0.112301 0.0446103 0.0446112 0.0446111 0.0446115 4.11258e-07 
2024  0 0.0913417 0.112301 0.0305845 0.0305845 0.0305845 0.0305845 1.94289e-16 
2025  0 0.0913417 0.112301 0.0305845 0.0305845 0.0305845 0.0305845 1.94289e-16 
2026  0 0.0913417 0.112301 0.0305845 0.0305845 0.0305845 0.0305845 1.94289e-16 
2027  0 0.0913417 0.112301 0.0305845 0.0305845 0.0305845 0.0305845 1.94289e-16 
2028  0 0.0913417 0.112301 0.0305845 0.0305845 0.0305845 0.0305845 1.94289e-16 
2029  0 0.0913417 0.112301 0.0305845 0.0305845 0.0305845 0.0305845 1.94289e-16 
2030  0 0.0913417 0.112301 0.0305845 0.0305845 0.0305845 0.0305845 1.94289e-16 
2031  0 0.0913417 0.112301 0.0305845 0.0305845 0.0305845 0.0305845 1.94289e-16 
2032  0 0.0913417 0.112301 0.0305845 0.0305845 0.0305845 0.0305845 1.94289e-16 
2033  0 0.0913417 0.112301 0.0305845 0.0305845 0.0305845 0.0305845 1.94289e-16 
2034  0 0.0913417 0.112301 0.0305845 0.0305845 0.0305845 0.0305845 1.94289e-16 
2035  0 0.0913417 0.112301 0.0305845 0.0305845 0.0305845 0.0305845 1.94289e-16 

Total_BiomassModel_1_goa_dr_2022.dat
Year B100 Babc Bofl LowCI_Biom Median_Biom Mean_Biom UpperCI_Biom Stdev_Biom 
2022 325.115 82.6508 75.8535 109.82 109.82 109.82 109.82 1.81899e-12 
2023 325.115 82.6508 75.8535 105.956 106.884 107.219 109.555 1.30167 
2024 325.115 82.6508 75.8535 100.883 103.091 103.625 107.667 2.42791 
2025 325.115 82.6508 75.8535 97.5079 101.156 101.967 108.804 3.70372 
2026 325.115 82.6508 75.8535 94.8222 100.008 100.886 109.667 4.99396 
2027 325.115 82.6508 75.8535 92.2156 99.2468 100.334 111.557 6.28019 
2028 325.115 82.6508 75.8535 90.3924 99.013 100.296 113.709 7.52734 
2029 325.115 82.6508 75.8535 88.7464 99.6098 100.714 116.845 8.73109 
2030 325.115 82.6508 75.8535 87.8199 100.114 101.449 119.529 9.77973 
2031 325.115 82.6508 75.8535 87.6713 101.015 102.44 121.565 10.7542 
2032 325.115 82.6508 75.8535 87.6906 102.05 103.477 124.024 11.6488 
2033 325.115 82.6508 75.8535 87.9025 103.145 104.572 125.778 12.3272 
2034 325.115 82.6508 75.8535 88.1646 104.282 105.588 126.917 12.895 
2035 325.115 82.6508 75.8535 88.4052 105.223 106.581 127.857 13.3549 
Alternative 5 Alternative  Stock: Model_1_goa_dr_2022.dat
Catch Model_1_goa_dr_2022.dat
Year C0 Cabc Cofl LowCI_Catch Median_Catch Mean_Catch UpperCI_Catch Stdev_Catch 
2022  0 4.6223 4.9419 2.58497 2.58497 2.58497 2.58497 5.9952e-14 
2023  0 4.6223 4.9419 3.95497 3.95497 3.95497 3.95497 2.5702e-11 
2024  0 4.6223 4.9419 0 0 0 0 0 
2025  0 4.6223 4.9419 0 0 0 0 0 
2026  0 4.6223 4.9419 0 0 0 0 0 
2027  0 4.6223 4.9419 0 0 0 0 0 
2028  0 4.6223 4.9419 0 0 0 0 0 
2029  0 4.6223 4.9419 0 0 0 0 0 
2030  0 4.6223 4.9419 0 0 0 0 0 
2031  0 4.6223 4.9419 0 0 0 0 0 
2032  0 4.6223 4.9419 0 0 0 0 0 
2033  0 4.6223 4.9419 0 0 0 0 0 
2034  0 4.6223 4.9419 0 0 0 0 0 
2035  0 4.6223 4.9419 0 0 0 0 0 

Spawning_Biomass Model_1_goa_dr_2022.dat
Year SSB100 SSBabc SSBofl LowCI_SSB Median_SSB Mean_SSB UpperCI_SSB Stdev_SSB 
2022 65.5649 26.2259 22.9477 45.0557 45.0557 45.0557 45.0557 9.09495e-13 
2023 65.5649 26.2259 22.9477 44.582 44.5889 44.5914 44.6088 0.00970232 
2024 65.5649 26.2259 22.9477 43.3262 43.352 43.3588 43.4125 0.0306947 
2025 65.5649 26.2259 22.9477 43.1967 43.2667 43.2853 43.427 0.0806058 
2026 65.5649 26.2259 22.9477 42.7342 42.905 42.9437 43.2703 0.186948 
2027 65.5649 26.2259 22.9477 42.0643 42.4424 42.5117 43.2011 0.391717 
2028 65.5649 26.2259 22.9477 41.3227 42.0416 42.1862 43.4903 0.74087 
2029 65.5649 26.2259 22.9477 40.6554 41.8996 42.1341 44.4079 1.25607 
2030 65.5649 26.2259 22.9477 40.1596 42.0672 42.4513 45.8309 1.90313 
2031 65.5649 26.2259 22.9477 39.932 42.5777 43.1099 47.6901 2.6032 
2032 65.5649 26.2259 22.9477 39.8632 43.4332 44.0098 49.9164 3.27782 
2033 65.5649 26.2259 22.9477 39.938 44.4532 45.05 52.3071 3.88271 
2034 65.5649 26.2259 22.9477 40.2014 45.5512 46.1505 54.362 4.40966 
2035 65.5649 26.2259 22.9477 40.5392 46.7025 47.2638 56.1141 4.86815 

Fishing_mortalityModel_1_goa_dr_2022.dat
Year F0 Fabc Fofl LowCI_F Median_F Mean_F UpperCI_F Stdev_F 
2022  0 0.0913417 0.112301 0.0284964 0.0284964 0.0284964 0.0284964 4.92661e-16 
2023  0 0.0913417 0.112301 0.0446103 0.0446112 0.0446111 0.0446115 4.11258e-07 
2024  0 0.0913417 0.112301 0 0 0 0 0 
2025  0 0.0913417 0.112301 0 0 0 0 0 
2026  0 0.0913417 0.112301 0 0 0 0 0 
2027  0 0.0913417 0.112301 0 0 0 0 0 
2028  0 0.0913417 0.112301 0 0 0 0 0 
2029  0 0.0913417 0.112301 0 0 0 0 0 
2030  0 0.0913417 0.112301 0 0 0 0 0 
2031  0 0.0913417 0.112301 0 0 0 0 0 
2032  0 0.0913417 0.112301 0 0 0 0 0 
2033  0 0.0913417 0.112301 0 0 0 0 0 
2034  0 0.0913417 0.112301 0 0 0 0 0 
2035  0 0.0913417 0.112301 0 0 0 0 0 

Total_BiomassModel_1_goa_dr_2022.dat
Year B100 Babc Bofl LowCI_Biom Median_Biom Mean_Biom UpperCI_Biom Stdev_Biom 
2022 325.115 82.6508 75.8535 109.82 109.82 109.82 109.82 1.81899e-12 
2023 325.115 82.6508 75.8535 105.956 106.884 107.219 109.555 1.30167 
2024 325.115 82.6508 75.8535 100.883 103.091 103.625 107.667 2.42791 
2025 325.115 82.6508 75.8535 100.106 103.754 104.566 111.403 3.70387 
2026 325.115 82.6508 75.8535 99.8018 104.988 105.867 114.648 4.99474 
2027 325.115 82.6508 75.8535 99.3412 106.376 107.462 118.685 6.28312 
2028 325.115 82.6508 75.8535 99.4292 108.05 109.339 122.793 7.53719 
2029 325.115 82.6508 75.8535 99.4741 110.345 111.461 127.75 8.7609 
2030 325.115 82.6508 75.8535 99.9911 112.344 113.741 131.874 9.85609 
2031 325.115 82.6508 75.8535 101.25 114.753 116.175 135.662 10.9138 
2032 325.115 82.6508 75.8535 102.365 117.145 118.587 139.653 11.9246 
2033 325.115 82.6508 75.8535 103.816 119.505 121.01 142.679 12.7424 
2034 325.115 82.6508 75.8535 105.101 121.981 123.313 145.384 13.4624 
2035 325.115 82.6508 75.8535 106.264 124.194 125.552 148.128 14.0808 
Alternative 6 Alternative  Stock: Model_1_goa_dr_2022.dat
Catch Model_1_goa_dr_2022.dat
Year C0 Cabc Cofl LowCI_Catch Median_Catch Mean_Catch UpperCI_Catch Stdev_Catch 
2022  0 4.6223 4.9419 2.58497 2.58497 2.58497 2.58497 5.9952e-14 
2023  0 4.6223 4.9419 9.64378 9.64385 9.64387 9.64403 8.98445e-05 
2024  0 4.6223 4.9419 8.67223 8.6726 8.67271 8.67354 0.000468308 
2025  0 4.6223 4.9419 7.74993 7.75162 7.75208 7.75585 0.00207463 
2026  0 4.6223 4.9419 6.88042 6.88724 6.88906 6.90384 0.00824404 
2027  0 4.6223 4.9419 6.08913 6.11408 6.12065 6.17405 0.029648 
2028  0 4.6223 4.9419 5.2684 5.47883 5.46687 5.66685 0.129305 
2029  0 4.6223 4.9419 4.2981 4.68967 4.76656 5.49332 0.382384 
2030  0 4.6223 4.9419 3.70398 4.29643 4.42753 5.60381 0.601685 
2031  0 4.6223 4.9419 3.37258 4.1472 4.32747 5.79131 0.781486 
2032  0 4.6223 4.9419 3.17413 4.17079 4.33662 5.95754 0.901116 
2033  0 4.6223 4.9419 3.03508 4.21835 4.38447 6.12543 0.969922 
2034  0 4.6223 4.9419 3.01018 4.2938 4.44205 6.22929 1.00816 
2035  0 4.6223 4.9419 3.00396 4.38183 4.50432 6.3358 1.03503 

Spawning_Biomass Model_1_goa_dr_2022.dat
Year SSB100 SSBabc SSBofl LowCI_SSB Median_SSB Mean_SSB UpperCI_SSB Stdev_SSB 
2022 65.5649 26.2259 22.9477 45.0557 45.0557 45.0557 45.0557 9.09495e-13 
2023 65.5649 26.2259 22.9477 44.1023 44.1092 44.1117 44.1291 0.00969932 
2024 65.5649 26.2259 22.9477 39.9304 39.9562 39.9631 40.0167 0.0306765 
2025 65.5649 26.2259 22.9477 35.8521 35.922 35.9407 36.0824 0.080562 
2026 65.5649 26.2259 22.9477 32.0133 32.1839 32.2226 32.5486 0.186703 
2027 65.5649 26.2259 22.9477 28.5403 28.9171 28.986 29.6721 0.390172 
2028 65.5649 26.2259 22.9477 25.5508 26.2522 26.3952 27.6716 0.729347 
2029 65.5649 26.2259 22.9477 23.2057 24.3361 24.5767 26.7057 1.18881 
2030 65.5649 26.2259 22.9477 21.5912 23.2052 23.5793 26.4569 1.67473 
2031 65.5649 26.2259 22.9477 20.5943 22.7887 23.1635 26.8481 2.11604 
2032 65.5649 26.2259 22.9477 19.9344 22.6839 23.0847 27.4267 2.4545 
2033 65.5649 26.2259 22.9477 19.5191 22.7957 23.1717 28.0835 2.68721 
2034 65.5649 26.2259 22.9477 19.4049 22.9404 23.3258 28.3954 2.84596 
2035 65.5649 26.2259 22.9477 19.3665 23.118 23.5011 28.7885 2.96347 

Fishing_mortalityModel_1_goa_dr_2022.dat
Year F0 Fabc Fofl LowCI_F Median_F Mean_F UpperCI_F Stdev_F 
2022  0 0.0913417 0.112301 0.0284964 0.0284964 0.0284964 0.0284964 4.92661e-16 
2023  0 0.0913417 0.112301 0.112301 0.112301 0.112301 0.112301 2.15444e-12 
2024  0 0.0913417 0.112301 0.112301 0.112301 0.112301 0.112301 1.52656e-16 
2025  0 0.0913417 0.112301 0.112301 0.112301 0.112301 0.112301 1.52656e-16 
2026  0 0.0913417 0.112301 0.112301 0.112301 0.112301 0.112301 1.52656e-16 
2027  0 0.0913417 0.112301 0.112301 0.112301 0.112301 0.112301 1.52656e-16 
2028  0 0.0913417 0.112301 0.109258 0.112301 0.111493 0.112301 0.00107423 
2029  0 0.0913417 0.112301 0.0986877 0.103783 0.104451 0.112301 0.00418073 
2030  0 0.0913417 0.112301 0.0914102 0.0986853 0.0999017 0.112301 0.00616232 
2031  0 0.0913417 0.112301 0.0869166 0.0968078 0.097843 0.112301 0.00776193 
2032  0 0.0913417 0.112301 0.0839422 0.0963354 0.0972457 0.112301 0.00888219 
2033  0 0.0913417 0.112301 0.0820703 0.0968397 0.0973759 0.112301 0.00955055 
2034  0 0.0913417 0.112301 0.0815555 0.0974918 0.0978101 0.112301 0.00988276 
2035  0 0.0913417 0.112301 0.0813825 0.098292 0.0983746 0.112301 0.0100482 

Total_BiomassModel_1_goa_dr_2022.dat
Year B100 Babc Bofl LowCI_Biom Median_Biom Mean_Biom UpperCI_Biom Stdev_Biom 
2022 325.115 82.6508 75.8535 109.82 109.82 109.82 109.82 1.81899e-12 
2023 325.115 82.6508 75.8535 105.956 106.884 107.219 109.555 1.30167 
2024 325.115 82.6508 75.8535 95.2226 97.4301 97.9641 102.006 2.4278 
2025 325.115 82.6508 75.8535 86.0783 89.7257 90.5369 97.373 3.70318 
2026 325.115 82.6508 75.8535 78.7382 83.9204 84.7998 93.5786 4.99177 
2027 325.115 82.6508 75.8535 72.4883 79.5175 80.599 91.8236 6.27224 
2028 325.115 82.6508 75.8535 67.896 76.5228 77.7829 91.0884 7.50107 
2029 325.115 82.6508 75.8535 64.3505 75.027 76.1538 91.9275 8.62293 
2030 325.115 82.6508 75.8535 62.4961 74.4354 75.6011 93.1699 9.42907 
2031 325.115 82.6508 75.8535 61.8788 74.5137 75.7018 93.8531 10.0626 
2032 325.115 82.6508 75.8535 61.5242 74.722 76.0101 94.6832 10.565 
2033 325.115 82.6508 75.8535 61.5512 75.0518 76.4233 95.5312 10.8433 
2034 325.115 82.6508 75.8535 61.7943 75.5193 76.7657 95.2652 11.037 
2035 325.115 82.6508 75.8535 61.654 75.6375 77.0845 95.847 11.1618 
Alternative 7 Alternative  Stock: Model_1_goa_dr_2022.dat
Catch Model_1_goa_dr_2022.dat
Year C0 Cabc Cofl LowCI_Catch Median_Catch Mean_Catch UpperCI_Catch Stdev_Catch 
2022  0 4.6223 4.9419 2.58497 2.58497 2.58497 2.58497 5.9952e-14 
2023  0 4.6223 4.9419 7.92134 7.9214 7.92141 7.92155 7.30768e-05 
2024  0 4.6223 4.9419 7.26551 7.26581 7.2659 7.26658 0.000380918 
2025  0 4.6223 4.9419 8.05779 8.05948 8.05995 8.06371 0.00207475 
2026  0 4.6223 4.9419 7.14512 7.15194 7.15376 7.16854 0.00824448 
2027  0 4.6223 4.9419 6.3149 6.33985 6.34642 6.39983 0.0296496 
2028  0 4.6223 4.9419 5.59558 5.67448 5.69538 5.8584 0.092503 
2029  0 4.6223 4.9419 4.56155 4.99002 5.04195 5.65757 0.362039 
2030  0 4.6223 4.9419 3.89182 4.51516 4.6359 5.74033 0.599091 
2031  0 4.6223 4.9419 3.51233 4.31106 4.48393 5.90617 0.781458 
2032  0 4.6223 4.9419 3.27896 4.29411 4.45502 6.04995 0.901604 
2033  0 4.6223 4.9419 3.11788 4.31197 4.47419 6.1869 0.970091 
2034  0 4.6223 4.9419 3.07253 4.36427 4.50982 6.2776 1.00777 
2035  0 4.6223 4.9419 3.05381 4.44175 4.55536 6.36982 1.03449 

Spawning_Biomass Model_1_goa_dr_2022.dat
Year SSB100 SSBabc SSBofl LowCI_SSB Median_SSB Mean_SSB UpperCI_SSB Stdev_SSB 
2022 65.5649 26.2259 22.9477 45.0557 45.0557 45.0557 45.0557 9.09495e-13 
2023 65.5649 26.2259 22.9477 44.2502 44.2571 44.2596 44.277 0.00969934 
2024 65.5649 26.2259 22.9477 40.8608 40.8865 40.8934 40.947 0.0306771 
2025 65.5649 26.2259 22.9477 37.2747 37.3445 37.3632 37.5049 0.080566 
2026 65.5649 26.2259 22.9477 33.2446 33.4151 33.4538 33.7799 0.186712 
2027 65.5649 26.2259 22.9477 29.5963 29.973 30.042 30.728 0.39019 
2028 65.5649 26.2259 22.9477 26.4378 27.1516 27.2913 28.5711 0.732365 
2029 65.5649 26.2259 22.9477 23.8936 25.0864 25.3119 27.468 1.20681 
2030 65.5649 26.2259 22.9477 22.1232 23.7742 24.1483 27.1005 1.70124 
2031 65.5649 26.2259 22.9477 21.0085 23.2201 23.6036 27.3777 2.14256 
2032 65.5649 26.2259 22.9477 20.2619 23.0098 23.4245 27.8355 2.47881 
2033 65.5649 26.2259 22.9477 19.7728 23.0469 23.4331 28.402 2.70859 
2034 65.5649 26.2259 22.9477 19.6032 23.1256 23.526 28.685 2.86445 
2035 65.5649 26.2259 22.9477 19.5192 23.2576 23.6539 28.9703 2.97938 

Fishing_mortalityModel_1_goa_dr_2022.dat
Year F0 Fabc Fofl LowCI_F Median_F Mean_F UpperCI_F Stdev_F 
2022  0 0.0913417 0.112301 0.0284964 0.0284964 0.0284964 0.0284964 4.92661e-16 
2023  0 0.0913417 0.112301 0.0913417 0.0913417 0.0913417 0.0913417 6.33907e-13 
2024  0 0.0913417 0.112301 0.0913417 0.0913417 0.0913417 0.0913417 6.80012e-16 
2025  0 0.0913417 0.112301 0.112301 0.112301 0.112301 0.112301 1.52656e-16 
2026  0 0.0913417 0.112301 0.112301 0.112301 0.112301 0.112301 1.52656e-16 
2027  0 0.0913417 0.112301 0.112301 0.112301 0.112301 0.112301 1.52656e-16 
2028  0 0.0913417 0.112301 0.112301 0.112301 0.1123 0.112301 2.34149e-05 
2029  0 0.0913417 0.112301 0.101788 0.107165 0.107333 0.112301 0.00358419 
2030  0 0.0913417 0.112301 0.093808 0.10125 0.102225 0.112301 0.00583381 
2031  0 0.0913417 0.112301 0.0887836 0.0987526 0.0996045 0.112301 0.00747368 
2032  0 0.0913417 0.112301 0.0854184 0.0978045 0.0985704 0.112301 0.00862883 
2033  0 0.0913417 0.112301 0.0832139 0.0979719 0.0983674 0.112301 0.00933292 
2034  0 0.0913417 0.112301 0.0824496 0.0983264 0.0985465 0.112301 0.00969672 
2035  0 0.0913417 0.112301 0.0820709 0.0989215 0.0989176 0.112301 0.0098925 

Total_BiomassModel_1_goa_dr_2022.dat
Year B100 Babc Bofl LowCI_Biom Median_Biom Mean_Biom UpperCI_Biom Stdev_Biom 
2022 325.115 82.6508 75.8535 109.82 109.82 109.82 109.82 1.81899e-12 
2023 325.115 82.6508 75.8535 105.956 106.884 107.219 109.555 1.30167 
2024 325.115 82.6508 75.8535 96.9361 99.1436 99.6777 103.719 2.42783 
2025 325.115 82.6508 75.8535 89.1148 92.7623 93.5736 100.41 3.70332 
2026 325.115 82.6508 75.8535 81.3315 86.5139 87.3932 96.1721 4.99192 
2027 325.115 82.6508 75.8535 74.693 81.7221 82.8038 94.0283 6.2724 
2028 325.115 82.6508 75.8535 69.7639 78.3904 79.6509 92.9571 7.50124 
2029 325.115 82.6508 75.8535 65.7842 76.5812 77.6951 93.5061 8.65294 
2030 325.115 82.6508 75.8535 63.6165 75.6171 76.7835 94.4045 9.47305 
2031 325.115 82.6508 75.8535 62.7615 75.4146 76.6078 94.8099 10.1028 
2032 325.115 82.6508 75.8535 62.1848 75.3971 76.7042 95.5249 10.5991 
2033 325.115 82.6508 75.8535 62.0469 75.6536 76.9543 96.0753 10.8718 
2034 325.115 82.6508 75.8535 62.185 75.8909 77.1708 95.6286 11.0609 
2035 325.115 82.6508 75.8535 61.956 75.9118 77.3931 96.2933 11.1821 
